config:eval_tsp="2022-12-06 14:44:25"
config:arch=arch5
config:num_train_worker=3
config:num_sample_worker=1
config:sample_type=khop2
config:root_path=/nvme/graph-learning-copy/samgraph/
config:dataset=papers100M-undir
config:pipeline=False
config:cache_policy=clique_part
config:cache_percentage=0.03
config:num_epoch=4
config:batch_size=8000
config:num_hidden=256
config:max_sampling_jobs=1
config:max_copying_jobs=1
config:barriered_epoch=1
config:presample_epoch=2
config:omp_thread_num=13
config:unsupervised=False
config:amp=True
config:rolling=0
config:fanout=[25, 10]
config:lr=0.003
config:dropout=0.5
config:single_gpu=False
config:max_num_step=100000
config:validate_configs=False
config:report_acc=0
config:dataset_path=/nvme/graph-learning-copy/samgraph/papers100M-undir
config:torch_thread_num=13
config:train_workers=['cuda:0', 'cuda:1', 'cuda:2']
config:sample_workers=['cuda:3']
config:num_fanout=2
config:num_layer=2
config:_run_mode=RunMode.FGNN
config:_log_level=warn
config:_profile_level=3
config:_empty_feat=0
config:_arch=5
config:_sample_type=5
config:_cache_policy=14
test_result:init:input_scale_factor=1.1
0 :  {link #0 : 1}, {link #1 : 2},
1 :  {link #0 : 2}, {link #1 : 0},
2 :  {link #0 : 0}, {link #1 : 1},
0 :  {link #0 : 1}, {link #1 : 2},
1 :  {link #0 : 2}, {link #1 : 0},
2 :  {link #0 : 0}, {link #1 : 1},
0 :  {link #0 : 1}, {link #1 : 2},
1 :  {link #0 : 2}, {link #1 : 0},
2 :  {link #0 : 0}, {link #1 : 1},
coll_cache:optimal_rep_storage=0
coll_cache:optimal_part_storage=0.09
coll_cache:optimal_cpu_storage=0.91
coll_cache:optimal_local_storage=0.03
coll_cache:optimal_remote_storage=0.06
coll_cache:optimal_local_rate=0.313008
coll_cache:optimal_remote_rate=0.626016
coll_cache:optimal_cpu_rate=0.0609756
z=2272.23,2272.23,2272.23,
test_result:init:feat_nbytes=56862697472
test_result:init:cache_nbytes=1711566336
0 :  {link #0 : 1}, {link #1 : 2},
1 :  {link #0 : 2}, {link #1 : 0},
2 :  {link #0 : 0}, {link #1 : 1},
test_result:init:feat_nbytes=56862697472
test_result:init:cache_nbytes=1711566336
0 :  {link #0 : 1}, {link #1 : 2},
1 :  {link #0 : 2}, {link #1 : 0},
2 :  {link #0 : 0}, {link #1 : 1},
test_result:init:feat_nbytes=56862697472
test_result:init:cache_nbytes=1711566336
0 :  {link #0 : 1}, {link #1 : 2},
1 :  {link #0 : 2}, {link #1 : 0},
2 :  {link #0 : 0}, {link #1 : 1},
coll_cache:optimal_rep_storage=0
coll_cache:optimal_part_storage=0.09
coll_cache:optimal_cpu_storage=0.91
coll_cache:optimal_local_storage=0.03
coll_cache:optimal_remote_storage=0.06
coll_cache:optimal_local_rate=0.313008
coll_cache:optimal_remote_rate=0.626016
coll_cache:optimal_cpu_rate=0.0609756
z=2272.23,2272.23,2272.23,
test_result:init:cache_nbytes=0
test_result:init:cache_nbytes=0
test_result:init:cache_nbytes=0
[Train  Worker 1/3] Started with PID 996395(Tesla V100-SXM2-16GB)
[Train  Worker 1] run train for 4 epochs with 153 steps
[Train  Worker 1] Avg Epoch Time 0.9679 | Train Total Time(Profiler) 0.4305 | Copy Time 0.5326
[Train  Worker 2/3] Started with PID 996397(Tesla V100-SXM2-16GB)
[Train  Worker 2] run train for 4 epochs with 153 steps
[Train  Worker 2] Avg Epoch Time 0.9679 | Train Total Time(Profiler) 0.4305 | Copy Time 0.5325
[Train  Worker 0/3] Started with PID 996394(Tesla V100-SXM2-16GB)
[Train  Worker 0] run train for 4 epochs with 153 steps
Epoch 00000 | Epoch Time 2.1118 | Total Train Time(Profiler) 1.5574 | Copy Time 0.5489
Epoch 00001 | Epoch Time 0.9800 | Total Train Time(Profiler) 0.4366 | Copy Time 0.5379
Epoch 00002 | Epoch Time 0.9622 | Total Train Time(Profiler) 0.4342 | Copy Time 0.5226
Epoch 00003 | Epoch Time 0.9617 | Total Train Time(Profiler) 0.4350 | Copy Time 0.5215
[Train  Worker 0] Avg Epoch Time 0.9680 | Train Total Time(Profiler) 0.4353 | Copy Time 0.5273
    [Step(average) Profiler Level 1 E3 S152]
        L1  sample           0.005597 | send           0.001402
        L1  recv             0.000000 | copy           0.000000 | convert time 0.000000 | train  0.000000
        L1  feature nbytes 0.00 Bytes | label nbytes 0.00 Bytes
        L1  id nbytes      0.00 Bytes | graph nbytes 0.00 Bytes
        L1  miss nbytes    0.00 Bytes | remote nbytes 0.00 Bytes
        L1  num nodes         1100938 | num samples     1712978
    [Step(average) Profiler Level 2 E3 S152]
        L2  shuffle     0.000268 | core sample  0.002065 | id remap        0.003166
        L2  graph copy  0.000000 | id copy      0.000000 | cache feat copy 0.000000
        L2  last layer sample time 0.000319 | size 72445.978214
    [Step(average) Profiler Level 3 E3 S152]
        L3  khop sample coo  0.001741 | khop sort coo      0.000000 | khop count edge     0.000038 | khop compact edge 0.000246
        L3  walk sample coo  0.000000 | walk topk total    0.000000 | walk topk step1     0.000000 | walk topk step2   0.000000
        L3  walk topk step3  0.000000 | walk topk step4    0.000000 | walk topk step5     0.000000
        L3  walk topk step6  0.000000 | walk topk step7    0.000000
        L3  remap unique     0.000000 | remap populate     0.002634 | remap mapnode       0.000000 | remap mapedge     0.000532
        L3  cache get_index  0.000000 | cache copy_index   0.000000 | cache extract_miss  0.000000
        L3  cache copy_miss  0.000000 | cache combine_miss 0.000000 | cache combine cache 0.000000 | cache combine remote 0.000000
        L3  label extract  0.000000
    [Init Profiler Level 1]
        L1  init     5.1249 | sampler init    20.0280 | trainer init 0.0000
    [Init Profiler Level 2]
        L2  load ds         8.0500 | init queue          11.4471
        L2  presample       3.9760 | build interal ds     1.6773
        L2  build cache     0.0000
    [Init Profiler Level 3]
        L3  load dataset: mmap     5.1211 | copy         2.9289
        L3  dist queue: alloc      0.0017 | pin         11.4454 | push     0.0000
        L3  presample: init        0.2987
        L3  presample: sample      1.7048 | copy         0.1069
        L3  presample: count       1.1917 | sort         0.2905
        L3  presample: reset       0.0012 | get rank     0.0292
        L3  internal: cuda ctx     1.4268 | cuda stream     0.2460
[Sample Worker 0/1] Started with PID 996393(Tesla V100-SXM2-16GB)
[Sample Worker 0] run sample for 4 epochs with 153 steps
[Sample Worker 0] Avg Sample Total Time 1.0725 | Sampler Total Time(Profiler) 1.0709
test_result:sample_time=0.8563
test_result:get_cache_miss_index_time=0.0000
test_result:enqueue_samples_time=0.2146
test_result:epoch_time:sample_total=1.0725
[CUDA] cuda0: usage: 5.56 GB
[SAM] cuda0 data alloc        : 0.00 Bytes
[SAM] cuda0 workspace         : 1.17 GB
[SAM] cuda0 workspace reserve : 600.76 MB
[SAM] cuda0 total             : 1.17 GB
    [Step(average) Profiler Level 1 E3 S152]
        L1  sample           0.000000 | send           0.000000
        L1  recv             0.001667 | copy           0.010408 | convert time 0.000404 | train  0.008068
        L1  feature nbytes  537.57 MB | label nbytes   62.50 KB
        L1  id nbytes      0.00 Bytes | graph nbytes 0.00 Bytes
        L1  miss nbytes    0.00 Bytes | remote nbytes 0.00 Bytes
        L1  num nodes               0 | num samples           0
    [Step(average) Profiler Level 2 E3 S152]
        L2  shuffle     0.000000 | core sample  0.000000 | id remap        0.000000
        L2  graph copy  0.000003 | id copy      0.000000 | cache feat copy 0.008738
        L2  last layer sample time 0.000000 | size 0.000000
    [Step(average) Profiler Level 3 E3 S152]
        L3  khop sample coo  0.000000 | khop sort coo      0.000000 | khop count edge     0.000000 | khop compact edge 0.000000
        L3  walk sample coo  0.000000 | walk topk total    0.000000 | walk topk step1     0.000000 | walk topk step2   0.000000
        L3  walk topk step3  0.000000 | walk topk step4    0.000000 | walk topk step5     0.000000
        L3  walk topk step6  0.000000 | walk topk step7    0.000000
        L3  remap unique     0.000000 | remap populate     0.000000 | remap mapnode       0.000000 | remap mapedge     0.000000
        L3  cache get_index  0.000000 | cache copy_index   0.000000 | cache extract_miss  0.000000
        L3  cache copy_miss  0.000000 | cache combine_miss 0.000000 | cache combine cache 0.008549 | cache combine remote 0.000000
        L3  label extract  0.000181
    [Init Profiler Level 1]
        L1  init     5.1249 | sampler init     0.0000 | trainer init 38.8802
    [Init Profiler Level 2]
        L2  load ds         5.1211 | init queue          11.4423
        L2  presample       0.0000 | build interal ds     1.3809
        L2  build cache    26.0539
    [Init Profiler Level 3]
        L3  load dataset: mmap     5.1211 | copy         0.0000
        L3  dist queue: alloc      0.0017 | pin         11.4407 | push     0.0000
        L3  presample: init        0.0000
        L3  presample: sample      0.0000 | copy         0.0000
        L3  presample: count       0.0000 | sort         0.0000
        L3  presample: reset       0.0000 | get rank     0.0000
        L3  internal: cuda ctx     1.3808 | cuda stream     0.0001
|===========================================================================|
|                  PyTorch CUDA memory summary, device ID 0                 |
|---------------------------------------------------------------------------|
|            CUDA OOMs: 0            |        cudaMalloc retries: 0         |
|===========================================================================|
|        Metric         | Cur Usage  | Peak Usage | Tot Alloc  | Tot Freed  |
|---------------------------------------------------------------------------|
| Allocated memory      |   22839 KB |  402614 KB |  284858 MB |  284835 MB |
|       from large pool |   18167 KB |  399233 KB |  282745 MB |  282727 MB |
|       from small pool |    4672 KB |    7133 KB |    2112 MB |    2107 MB |
|---------------------------------------------------------------------------|
| Active memory         |   22839 KB |  402614 KB |  284858 MB |  284835 MB |
|       from large pool |   18167 KB |  399233 KB |  282745 MB |  282727 MB |
|       from small pool |    4672 KB |    7133 KB |    2112 MB |    2107 MB |
|---------------------------------------------------------------------------|
| GPU reserved memory   |  577536 KB |  577536 KB |  577536 KB |       0 B  |
|       from large pool |  569344 KB |  569344 KB |  569344 KB |       0 B  |
|       from small pool |    8192 KB |    8192 KB |    8192 KB |       0 B  |
|---------------------------------------------------------------------------|
| Non-releasable memory |   24264 KB |  368974 KB |  340954 MB |  340931 MB |
|       from large pool |   22793 KB |  367151 KB |  338540 MB |  338518 MB |
|       from small pool |    1471 KB |    3838 KB |    2414 MB |    2412 MB |
|---------------------------------------------------------------------------|
| Allocations           |      38    |      51    |   22680    |   22642    |
|       from large pool |       3    |      14    |    8976    |    8973    |
|       from small pool |      35    |      39    |   13704    |   13669    |
|---------------------------------------------------------------------------|
| Active allocs         |      39    |      51    |   22680    |   22641    |
|       from large pool |       3    |      14    |    8976    |    8973    |
|       from small pool |      36    |      39    |   13704    |   13668    |
|---------------------------------------------------------------------------|
| GPU reserved segments |      13    |      13    |      13    |       0    |
|       from large pool |       9    |       9    |       9    |       0    |
|       from small pool |       4    |       4    |       4    |       0    |
|---------------------------------------------------------------------------|
| Non-releasable allocs |      13    |      25    |   10387    |   10374    |
|       from large pool |       4    |      12    |    5091    |    5087    |
|       from small pool |       9    |      16    |    5296    |    5287    |
|---------------------------------------------------------------------------|
| Oversize allocations  |       0    |       0    |       0    |       0    |
|---------------------------------------------------------------------------|
| Oversize GPU segments |       0    |       0    |       0    |       0    |
|===========================================================================|

test_result:epoch_time:copy_time=0.5273
test_result:convert_time=0.0224
test_result:train_time=0.4129
test_result:epoch_time:train_total=0.4353
test_result:cache_percentage=0.0300
test_result:cache_hit_rate=1.0000
test_result:run_time=9.3303
