[2022-12-05 18:25:01.588269: W /samgraph/samgraph/common/cpu/mmap_cpu_device.cc:92] mmap allocating space 12.03 GB
[2022-12-05 18:25:01.588372: W /samgraph/samgraph/common/cpu/mmap_cpu_device.cc:97] mmap allocating space 12.03 GB done
[2022-12-05 18:25:06.709276: W /samgraph/samgraph/common/cpu/mmap_cpu_device.cc:92] mmap allocating space 52.96 GB
[2022-12-05 18:25:06.709383: W /samgraph/samgraph/common/cpu/mmap_cpu_device.cc:97] mmap allocating space 52.96 GB done
[2022-12-05 18:25:06.714146: W /samgraph/samgraph/common/cpu/mmap_cpu_device.cc:92] mmap allocating space 10.46 GB
[2022-12-05 18:25:06.714196: W /samgraph/samgraph/common/cpu/mmap_cpu_device.cc:97] mmap allocating space 10.46 GB done
/usr/lib/python3/dist-packages/requests/__init__.py:89: RequestsDependencyWarning: urllib3 (1.26.12) or chardet (3.0.4) doesn't match a supported version!
  warnings.warn("urllib3 ({}) or chardet ({}) doesn't match a supported "
[2022-12-05 18:25:06.868455: W /samgraph/samgraph/common/dist/dist_engine.cc:662] Trainer[0] initializing...
[2022-12-05 18:25:06.914154: W /samgraph/samgraph/common/dist/dist_engine.cc:662] Trainer[2] initializing...
[2022-12-05 18:25:06.918332: W /samgraph/samgraph/common/dist/dist_engine.cc:662] Trainer[1] initializing...
[2022-12-05 18:25:08.382703: W /samgraph/samgraph/common/dist/dist_engine.cc:666] Trainer[1] pin memory queue...
[2022-12-05 18:25:08.398630: W /samgraph/samgraph/common/dist/dist_engine.cc:666] Trainer[0] pin memory queue...
[2022-12-05 18:25:08.426601: W /samgraph/samgraph/common/dist/dist_engine.cc:666] Trainer[2] pin memory queue...
[2022-12-05 18:25:11.917692: E /samgraph/samgraph/common/dist/dist_engine.cc:85] Running on V100
[2022-12-05 18:25:11.918279: W /samgraph/samgraph/common/dist/dist_engine.cc:701] Trainer[2] register host memory...
[2022-12-05 18:25:11.918895: E /samgraph/samgraph/common/dist/dist_engine.cc:85] Running on V100
[2022-12-05 18:25:11.919407: W /samgraph/samgraph/common/dist/dist_engine.cc:701] Trainer[1] register host memory...
[2022-12-05 18:25:11.920199: E /samgraph/samgraph/common/dist/dist_engine.cc:85] Running on V100
[2022-12-05 18:25:11.920311: W /samgraph/samgraph/common/dist/dist_engine.cc:701] Trainer[0] register host memory...
[2022-12-05 18:25:12.155193: E /samgraph/samgraph/common/dist/dist_engine.cc:85] Running on V100
[2022-12-05 18:25:12.159199: W /samgraph/samgraph/common/cuda/cuda_device.cc:49] GPU[3] alloc cuda memory 423.66 MB
[2022-12-05 18:25:12.274800: W /samgraph/samgraph/common/cuda/cuda_device.cc:49] GPU[3] alloc cuda memory 12.03 GB
[2022-12-05 18:25:15.253714: W /samgraph/samgraph/common/cuda/cuda_device.cc:49] GPU[3] alloc cuda memory 128.00 MB
[2022-12-05 18:25:15.257471: E /samgraph/samgraph/common/dist/pre_sampler.cc:41] Dist Presampler making shuffler...
[2022-12-05 18:25:15.260778: E /samgraph/samgraph/common/dist/pre_sampler.cc:44] Dist Presampler making shuffler...Done
[2022-12-05 18:25:15.260824: W /samgraph/samgraph/common/cpu/cpu_device.cc:39] WORKER[0] alloc host memory 847.32 MB
[2022-12-05 18:25:15.557742: E /samgraph/samgraph/common/dist/pre_sampler.cc:85] Dist Presampler doing presample epoch 0
[2022-12-05 18:25:17.329673: E /samgraph/samgraph/common/dist/pre_sampler.cc:129] presample spend 0.853405 on sample, 0.0545249 on copy, 0.862102 on count
[2022-12-05 18:25:17.329825: E /samgraph/samgraph/common/dist/pre_sampler.cc:85] Dist Presampler doing presample epoch 1
[2022-12-05 18:25:18.868973: E /samgraph/samgraph/common/dist/pre_sampler.cc:129] presample spend 1.69918 on sample, 0.106902 on copy, 1.50144 on count
[2022-12-05 18:25:18.869103: E /samgraph/samgraph/common/dist/pre_sampler.cc:136] max_num_inputs = 1116153, min_num_inputs = 1086349
[2022-12-05 18:25:19.179912: E /samgraph/samgraph/common/dist/pre_sampler.cc:148] presample spend 0.31069 on sort freq.
[2022-12-05 18:25:19.527970: E /samgraph/samgraph/common/dist/dist_engine.cc:524] pre sample done, delete it
[[2022-12-05 18:25:19[2022-12-05 18:25:19.2022-12-05 18:25:19.560102.560107: 560116: W: W W /samgraph/samgraph/common/dist/dist_engine.cc /samgraph/samgraph/common/dist/dist_engine.cc:/samgraph/samgraph/common/dist/dist_engine.cc:711:711] 711] Trainer[2] building cache...Trainer[1] building cache...] 

Trainer[0] building cache...
[2022-12-05 18:25:19.561594: E /samgraph/3rdparty/collcachelib/coll_cache_lib/coll_cache/asymm_link_desc.cc:196] build symm link desc with 3X Tesla V100-SXM2-16GB out of 4
[2022-12-05 18:25:19.561724: E /samgraph/3rdparty/collcachelib/coll_cache_lib/coll_cache/asymm_link_desc.cc:197] remote time is 8.68421
[2022-12-05 18:25:19.561803: E /samgraph/3rdparty/collcachelib/coll_cache_lib/coll_cache/asymm_link_desc.cc:198] cpu time is 30
[2022-12-05 18:25:19.562063: E /samgraph/3rdparty/collcachelib/coll_cache_lib/coll_cache/asymm_link_desc.cc:196[] 2022-12-05 18:25:19build symm link desc with 3X Tesla V100-SXM2-16GB out of 4.
562103: E /samgraph/3rdparty/collcachelib/coll_cache_lib/coll_cache/asymm_link_desc.cc[:2022-12-05 18:25:19196.] 562173build symm link desc with 3X Tesla V100-SXM2-16GB out of 4: 
E /samgraph/3rdparty/collcachelib/coll_cache_lib/coll_cache/asymm_link_desc.cc:197] [remote time is 8.684212022-12-05 18:25:19
.562235: E[ 2022-12-05 18:25:19/samgraph/3rdparty/collcachelib/coll_cache_lib/coll_cache/asymm_link_desc.cc.:562266197: ] Eremote time is 8.68421 
/samgraph/3rdparty/collcachelib/coll_cache_lib/coll_cache/asymm_link_desc.cc:198] [cpu time is 302022-12-05 18:25:19
.562335: E /samgraph/3rdparty/collcachelib/coll_cache_lib/coll_cache/asymm_link_desc.cc:198] cpu time is 30
[2022-12-05 18:25:37.117868: E /samgraph/3rdparty/collcachelib/coll_cache_lib/facade.cc:115] solver created. now build & solve
[2022-12-05 18:25:37.165650: E /samgraph/3rdparty/collcachelib/coll_cache_lib/facade.cc:120] solver built. now solve
block 0 storage is 00000001
	access is	0	0	0	
block 1 storage is 00000010
	access is	1	1	1	
block 2 storage is 00000100
	access is	2	2	2	
block 3 storage is 00000000
	access is	3	3	3	
[2022-12-05 18:25:37.624493: E /samgraph/3rdparty/collcachelib/coll_cache_lib/facade.cc:124] solver solved
[2022-12-05 18:25:37.624565: E /samgraph/3rdparty/collcachelib/coll_cache_lib/facade.cc:187] 0 solved master
[2022-12-05 18:25:37.624614: E /samgraph/3rdparty/collcachelib/coll_cache_lib/facade.cc:194] 0 solved
[2022-12-05 18:25:37.624642: E /samgraph/3rdparty/collcachelib/coll_cache_lib/facade.cc:197] worker 0 thread 0 initing device 0
[2022-12-05 18:25:37.625823: E /samgraph/3rdparty/collcachelib/coll_cache_lib/cache_context.cu:1762] Building Coll Cache with ... num gpu device is 3
[2022-12-05 18:25:37.644818: E /samgraph/3rdparty/collcachelib/coll_cache_lib/facade.cc:194] 2 solved
[2022-12-05 18:25:37.644872: E /samgraph/3rdparty/collcachelib/coll_cache_lib/facade.cc:197] worker 2 thread 2 initing device 2
[2022-12-05 18:25:37.644998: E /samgraph/3rdparty/collcachelib/coll_cache_lib/facade.cc:194] 1 solved
[2022-12-05 18:25:37.645047: E /samgraph/3rdparty/collcachelib/coll_cache_lib/facade.cc:197] worker 1 thread 1 initing device 1
[2022-12-05 18:25:37.646188: E /samgraph/3rdparty/collcachelib/coll_cache_lib/cache_context.cu:1762] Building Coll Cache with ... num gpu device is 3
[2022-12-05 18:25:37.648466: E /samgraph/3rdparty/collcachelib/coll_cache_lib/cache_context.cu:1762] Building Coll Cache with ... num gpu device is 3
[2022-12-05 18:25:37.727310: W /samgraph/3rdparty/collcachelib/coll_cache_lib/cpu/cpu_device.cc:39] WORKER[0] alloc host memory 50.84 MB
[[2022-12-05 18:25:38[2022-12-05 18:25:38.2022-12-05 18:25:38.335893.335894: 335897: E: E E /samgraph/3rdparty/collcachelib/coll_cache_lib/cache_context.cu /samgraph/3rdparty/collcachelib/coll_cache_lib/cache_context.cu:/samgraph/3rdparty/collcachelib/coll_cache_lib/cache_context.cu:1871:1871] 1871Device 0 init p2p of link 1] ] 
Device 2 init p2p of link 0Device 1 init p2p of link 2

[2022-12-05 18:25:38.344661: E /samgraph/3rdparty/collcachelib/coll_cache_lib/cache_context.cu:1871] Device 0 init p2p of link 2
[2022-12-05 18:25:38.344857: E /samgraph/3rdparty/collcachelib/coll_cache_lib/cache_context.cu:1871] Device 2 init p2p of link 1
[2022-12-05 18:25:38.345529: E /samgraph/3rdparty/collcachelib/coll_cache_lib/cache_context.cu:1871] Device 1 init p2p of link 0
[2022-12-05 18:25:38.353661: E /samgraph/3rdparty/collcachelib/coll_cache_lib/cache_context.cu:1900] Asymm Coll cache (policy: clique_part) | local 13327194 / 111059956 nodes ( 12.00 %~12.00 %) | remote 26654388 / 111059956 nodes ( 24.00 %) | cpu 71078374 / 111059956 nodes ( 64.00 %) | 6.36 GB | 0.727797 secs 
[2022-12-05 18:25:38.354247: E /samgraph/3rdparty/collcachelib/coll_cache_lib/cache_context.cu:1900] Asymm Coll cache (policy: clique_part) | local 13327194 / 111059956 nodes ( 12.00 %~12.00 %) | remote 26654388 / 111059956 nodes ( 24.00 %) | cpu 71078374 / 111059956 nodes ( 64.00 %) | 6.36 GB | 0.708015 secs 
[2022-12-05 18:25:38.354825: E /samgraph/3rdparty/collcachelib/coll_cache_lib/cache_context.cu:1900] Asymm Coll cache (policy: clique_part) | local 13327194 / 111059956 nodes ( 12.00 %~12.00 %) | remote 26654388 / 111059956 nodes ( 24.00 %) | cpu 71078374 / 111059956 nodes ( 64.00 %) | 6.36 GB | 0.706312 secs 
[2022-12-05 18:25:38.355935: E /samgraph/3rdparty/collcachelib/coll_cache_lib/coll_cache/asymm_link_desc.cc:196] build symm link desc with 3X Tesla V100-SXM2-16GB out of 4[
2022-12-05 18:25:38.355957: E[ 2022-12-05 18:25:38/samgraph/3rdparty/collcachelib/coll_cache_lib/coll_cache/asymm_link_desc.cc.[:3559822022-12-05 18:25:38196: .] E355978build symm link desc with 3X Tesla V100-SXM2-16GB out of 4 : 
/samgraph/3rdparty/collcachelib/coll_cache_lib/coll_cache/asymm_link_desc.ccE: 197/samgraph/3rdparty/collcachelib/coll_cache_lib/coll_cache/asymm_link_desc.cc[] :2022-12-05 18:25:38remote time is 8.68421196.
] 356029build symm link desc with 3X Tesla V100-SXM2-16GB out of 4: [
E2022-12-05 18:25:38 ./samgraph/3rdparty/collcachelib/coll_cache_lib/coll_cache/asymm_link_desc.cc356054[:: 2022-12-05 18:25:38197E.]  356068remote time is 8.68421/samgraph/3rdparty/collcachelib/coll_cache_lib/coll_cache/asymm_link_desc.cc: 
:E198 ] [/samgraph/3rdparty/collcachelib/coll_cache_lib/coll_cache/asymm_link_desc.cccpu time is 302022-12-05 18:25:38:
.197356104] : remote time is 8.68421E
 /samgraph/3rdparty/collcachelib/coll_cache_lib/coll_cache/asymm_link_desc.cc:198[] 2022-12-05 18:25:38cpu time is 30.
356139: E /samgraph/3rdparty/collcachelib/coll_cache_lib/coll_cache/asymm_link_desc.cc:198] cpu time is 30
[2022-12-05 18:25:38.634427: E /samgraph/3rdparty/collcachelib/coll_cache_lib/facade.cc:115] solver created. now build & solve
[2022-12-05 18:25:38.656797: E /samgraph/3rdparty/collcachelib/coll_cache_lib/facade.cc:120] solver built. now solve
block 0 storage is 00000001
	access is	0	0	0	
block 1 storage is 00000010
	access is	1	1	1	
block 2 storage is 00000100
	access is	2	2	2	
block 3 storage is 00000000
	access is	3	3	3	
[2022-12-05 18:25:39.107787: E /samgraph/3rdparty/collcachelib/coll_cache_lib/facade.cc:124] solver solved
[2022-12-05 18:25:39.107833: E /samgraph/3rdparty/collcachelib/coll_cache_lib/facade.cc:187] 0 solved master
[2022-12-05 18:25:39.107861: E /samgraph/3rdparty/collcachelib/coll_cache_lib/facade.cc:194] 0 solved
[2022-12-05 18:25:39.107889: E /samgraph/3rdparty/collcachelib/coll_cache_lib/facade.cc:197] worker 0 thread 0 initing device 0
[[2022-12-05 18:25:39.150547: 2022-12-05 18:25:39E. 150539/samgraph/3rdparty/collcachelib/coll_cache_lib/facade.cc: :E194 ] /samgraph/3rdparty/collcachelib/coll_cache_lib/facade.cc2 solved:
194] [2022-12-05 18:25:39.1 solved150665
: E /samgraph/3rdparty/collcachelib/coll_cache_lib/facade.cc:197] worker 2 thread 2 initing device 2
[2022-12-05 18:25:39.150694: E /samgraph/3rdparty/collcachelib/coll_cache_lib/facade.cc:197] worker 1 thread 1 initing device 1
[2022-12-05 18:25:40.773512: W /samgraph/samgraph/common/cuda/cuda_device.cc:49] GPU[0] alloc cuda memory 580.33 MB
[2022-12-05 18:25:41.886681: W /samgraph/samgraph/common/cuda/cuda_device.cc:49] GPU[0] alloc cuda memory 580.33 MB
/usr/local/lib/python3.8/dist-packages/torch/nn/parallel/scatter_gather.py:9: UserWarning: is_namedtuple is deprecated, please use the python checks instead
  warnings.warn("is_namedtuple is deprecated, please use the python checks instead")
/usr/local/lib/python3.8/dist-packages/torch/nn/parallel/scatter_gather.py:9: UserWarning: is_namedtuple is deprecated, please use the python checks instead
  warnings.warn("is_namedtuple is deprecated, please use the python checks instead")
/usr/local/lib/python3.8/dist-packages/torch/nn/parallel/scatter_gather.py:9: UserWarning: is_namedtuple is deprecated, please use the python checks instead
  warnings.warn("is_namedtuple is deprecated, please use the python checks instead")
