[2022-12-06 14:40:01.854850: W /samgraph/samgraph/common/cpu/mmap_cpu_device.cc:92] mmap allocating space 12.03 GB
[2022-12-06 14:40:01.854954: W /samgraph/samgraph/common/cpu/mmap_cpu_device.cc:97] mmap allocating space 12.03 GB done
[2022-12-06 14:40:06.761091: W /samgraph/samgraph/common/cpu/mmap_cpu_device.cc:92] mmap allocating space 52.96 GB
[2022-12-06 14:40:06.761198: W /samgraph/samgraph/common/cpu/mmap_cpu_device.cc:97] mmap allocating space 52.96 GB done
[2022-12-06 14:40:06.765344: W /samgraph/samgraph/common/cpu/mmap_cpu_device.cc:92] mmap allocating space 34.37 GB
[2022-12-06 14:40:06.765399: W /samgraph/samgraph/common/cpu/mmap_cpu_device.cc:97] mmap allocating space 34.37 GB done
/usr/lib/python3/dist-packages/requests/__init__.py:89: RequestsDependencyWarning: urllib3 (1.26.12) or chardet (3.0.4) doesn't match a supported version!
  warnings.warn("urllib3 ({}) or chardet ({}) doesn't match a supported "
[2022-12-06 14:40:06.910740: W /samgraph/samgraph/common/dist/dist_engine.cc:662] Trainer[0] initializing...
[2022-12-06 14:40:06.916168: W /samgraph/samgraph/common/dist/dist_engine.cc:662] Trainer[1] initializing...
[2022-12-06 14:40:06.980478: W /samgraph/samgraph/common/dist/dist_engine.cc:662] Trainer[2] initializing...
[2022-12-06 14:40:08.374524: W /samgraph/samgraph/common/dist/dist_engine.cc:666] Trainer[0] pin memory queue...
[2022-12-06 14:40:08.393307: W /samgraph/samgraph/common/dist/dist_engine.cc:666] Trainer[2] pin memory queue...
[2022-12-06 14:40:08.402313: W /samgraph/samgraph/common/dist/dist_engine.cc:666] Trainer[1] pin memory queue...
[2022-12-06 14:40:19.794327: E /samgraph/samgraph/common/dist/dist_engine.cc:85] Running on V100
[[2022-12-06 14:40:192022-12-06 14:40:19..794731794775: : EW  /samgraph/samgraph/common/dist/dist_engine.cc/samgraph/samgraph/common/dist/dist_engine.cc::85701] ] Running on V100Trainer[2] register host memory...

[2022-12-06 14:40:19.795133: W /samgraph/samgraph/common/dist/dist_engine.cc:701] Trainer[0] register host memory...
[2022-12-06 14:40:19.806264: E /samgraph/samgraph/common/dist/dist_engine.cc:85] Running on V100
[2022-12-06 14:40:19.806344: W /samgraph/samgraph/common/dist/dist_engine.cc:701] Trainer[1] register host memory...
[2022-12-06 14:40:20. 32802: E /samgraph/samgraph/common/dist/dist_engine.cc:85] Running on V100
[2022-12-06 14:40:20. 36631: W /samgraph/samgraph/common/cuda/cuda_device.cc:49] GPU[3] alloc cuda memory 423.66 MB
[2022-12-06 14:40:20.145217: W /samgraph/samgraph/common/cuda/cuda_device.cc:49] GPU[3] alloc cuda memory 12.03 GB
[2022-12-06 14:40:22.940816: W /samgraph/samgraph/common/cuda/cuda_device.cc:49] GPU[3] alloc cuda memory 128.00 MB
[2022-12-06 14:40:22.944531: E /samgraph/samgraph/common/dist/pre_sampler.cc:41] Dist Presampler making shuffler...
[2022-12-06 14:40:22.947844: E /samgraph/samgraph/common/dist/pre_sampler.cc:44] Dist Presampler making shuffler...Done
[2022-12-06 14:40:22.947891: W /samgraph/samgraph/common/cpu/cpu_device.cc:39] WORKER[0] alloc host memory 847.32 MB
[2022-12-06 14:40:23.246630: E /samgraph/samgraph/common/dist/pre_sampler.cc:85] Dist Presampler doing presample epoch 0
[2022-12-06 14:40:24.609379: E /samgraph/samgraph/common/dist/pre_sampler.cc:129] presample spend 0.855349 on sample, 0.0544957 on copy, 0.451147 on count
[2022-12-06 14:40:24.609477: E /samgraph/samgraph/common/dist/pre_sampler.cc:85] Dist Presampler doing presample epoch 1
[2022-12-06 14:40:26.  3307: E /samgraph/samgraph/common/dist/pre_sampler.cc:129] presample spend 1.70508 on sample, 0.106896 on copy, 0.941171 on count
[2022-12-06 14:40:26.  3422: E /samgraph/samgraph/common/dist/pre_sampler.cc:136] max_num_inputs = 1118073, min_num_inputs = 1088390
[2022-12-06 14:40:26.276906: E /samgraph/samgraph/common/dist/pre_sampler.cc:148] presample spend 0.273404 on sort freq.
[2022-12-06 14:40:26.617551: E /samgraph/samgraph/common/dist/dist_engine.cc:524] pre sample done, delete it
[[2022-12-06 14:40:26[2022-12-06 14:40:26..2022-12-06 14:40:26642900642903.: 642915: W: W W /samgraph/samgraph/common/dist/dist_engine.cc /samgraph/samgraph/common/dist/dist_engine.cc:/samgraph/samgraph/common/dist/dist_engine.cc:711:711] 711] Trainer[2] building cache...] Trainer[0] building cache...
Trainer[1] building cache...

[2022-12-06 14:40:26.644437: E /samgraph/3rdparty/collcachelib/coll_cache_lib/coll_cache/asymm_link_desc.cc:196] build symm link desc with 3X Tesla V100-SXM2-16GB out of 4
[2022-12-06 14:40:26.644487: E /samgraph/3rdparty/collcachelib/coll_cache_lib/coll_cache/asymm_link_desc.cc:197] remote time is 8.68421
[2022-12-06 14:40:26.644516: E /samgraph/3rdparty/collcachelib/coll_cache_lib/coll_cache/asymm_link_desc.cc:198] cpu time is 30
[2022-12-06 14:40:26.644576: E /samgraph/3rdparty/collcachelib/coll_cache_lib/coll_cache/asymm_link_desc.cc:196] build symm link desc with 3X Tesla V100-SXM2-16GB out of 4
[2022-12-06 14:40:26.644641: E /samgraph/3rdparty/collcachelib/coll_cache_lib/coll_cache/asymm_link_desc.cc:197] remote time is 8.68421
[2022-12-06 14:40:26.644684: E /samgraph/3rdparty/collcachelib/coll_cache_lib/coll_cache/asymm_link_desc.cc:198] cpu time is 30
[2022-12-06 14:40:26.644704: E /samgraph/3rdparty/collcachelib/coll_cache_lib/coll_cache/asymm_link_desc.cc:196] build symm link desc with 3X Tesla V100-SXM2-16GB out of 4
[2022-12-06 14:40:26.644815: E /samgraph/3rdparty/collcachelib/coll_cache_lib/coll_cache/asymm_link_desc.cc:197] remote time is 8.68421
[2022-12-06 14:40:26.644892: E /samgraph/3rdparty/collcachelib/coll_cache_lib/coll_cache/asymm_link_desc.cc:198] cpu time is 30
[2022-12-06 14:40:43.754950: E /samgraph/3rdparty/collcachelib/coll_cache_lib/facade.cc:115] solver created. now build & solve
[2022-12-06 14:40:43.800921: E /samgraph/3rdparty/collcachelib/coll_cache_lib/facade.cc:120] solver built. now solve
[2022-12-06 14:40:43.800975: E /samgraph/3rdparty/collcachelib/coll_cache_lib/coll_cache/optimal_solver_class.cc:895] num_cached_nodes = 1110599
[2022-12-06 14:40:44.367591: E /samgraph/3rdparty/collcachelib/coll_cache_lib/facade.cc:124] solver solved
[2022-12-06 14:40:44.367703: E /samgraph/3rdparty/collcachelib/coll_cache_lib/facade.cc:187] 0 solved master
[2022-12-06 14:40:44.367744: E /samgraph/3rdparty/collcachelib/coll_cache_lib/facade.cc:194] 0 solved
[2022-12-06 14:40:44.367772: E /samgraph/3rdparty/collcachelib/coll_cache_lib/facade.cc:197] worker 0 thread 0 initing device 0
[2022-12-06 14:40:44.387474: E /samgraph/3rdparty/collcachelib/coll_cache_lib/facade.cc:194] 1 solved
[2022-12-06 14:40:44.387529: E /samgraph/3rdparty/collcachelib/coll_cache_lib/facade.cc:197] worker 1 thread 1 initing device 1
[2022-12-06 14:40:44.387677: E /samgraph/3rdparty/collcachelib/coll_cache_lib/facade.cc:194] 2 solved
[2022-12-06 14:40:44.387737: E /samgraph/3rdparty/collcachelib/coll_cache_lib/facade.cc:197] worker 2 thread 2 initing device 2
[2022-12-06 14:40:44.550999: E /samgraph/3rdparty/collcachelib/coll_cache_lib/cache_context.cu:1740] Collaborative GPU cache (policy: rep_cache) | local 1110599 / 111059956 nodes ( 1.00 %~1.00 %) | remote 0 / 111059956 nodes ( 0.00 %) | cpu 109949357 / 111059956 nodes ( 99.00 %) | 542.28 MB | 0.162311 secs 
[2022-12-06 14:40:44.551588: E /samgraph/3rdparty/collcachelib/coll_cache_lib/cache_context.cu:1740] Collaborative GPU cache (policy: rep_cache) | local 1110599 / 111059956 nodes ( 1.00 %~1.00 %) | remote 0 / 111059956 nodes ( 0.00 %) | cpu 109949357 / 111059956 nodes ( 99.00 %) | 542.28 MB | 0.162651 secs 
[2022-12-06 14:40:44.552088: E /samgraph/3rdparty/collcachelib/coll_cache_lib/cache_context.cu:1740] Collaborative GPU cache (policy: rep_cache) | local 1110599 / 111059956 nodes ( 1.00 %~1.00 %) | remote 0 / 111059956 nodes ( 0.00 %) | cpu 109949357 / 111059956 nodes ( 99.00 %) | 542.28 MB | 0.182998 secs 
[2022-12-06 14:40:44.553229: E /samgraph/3rdparty/collcachelib/coll_cache_lib/coll_cache/asymm_link_desc.cc:196] build symm link desc with 3X Tesla V100-SXM2-16GB out of 4
[2022-12-06 14:40:44.553254: [E2022-12-06 14:40:44 ./samgraph/3rdparty/collcachelib/coll_cache_lib/coll_cache/asymm_link_desc.cc[553274:2022-12-06 14:40:44: 196.E] 553274 build symm link desc with 3X Tesla V100-SXM2-16GB out of 4: /samgraph/3rdparty/collcachelib/coll_cache_lib/coll_cache/asymm_link_desc.cc
E: 197/samgraph/3rdparty/collcachelib/coll_cache_lib/coll_cache/asymm_link_desc.cc] :[remote time is 8.684211962022-12-06 14:40:44
] .build symm link desc with 3X Tesla V100-SXM2-16GB out of 4553338[
: 2022-12-06 14:40:44E. 553358[/samgraph/3rdparty/collcachelib/coll_cache_lib/coll_cache/asymm_link_desc.cc: 2022-12-06 14:40:44:E.197 553373] /samgraph/3rdparty/collcachelib/coll_cache_lib/coll_cache/asymm_link_desc.cc: remote time is 8.68421:E
198 ] /samgraph/3rdparty/collcachelib/coll_cache_lib/coll_cache/asymm_link_desc.cc[cpu time is 30:2022-12-06 14:40:44
197.] 553414remote time is 8.68421: 
E /samgraph/3rdparty/collcachelib/coll_cache_lib/coll_cache/asymm_link_desc.cc:[1982022-12-06 14:40:44] .cpu time is 30553444
: E /samgraph/3rdparty/collcachelib/coll_cache_lib/coll_cache/asymm_link_desc.cc:198] cpu time is 30
[2022-12-06 14:40:44.816936: E /samgraph/3rdparty/collcachelib/coll_cache_lib/facade.cc:115] solver created. now build & solve
[2022-12-06 14:40:44.838143: E /samgraph/3rdparty/collcachelib/coll_cache_lib/facade.cc:120] solver built. now solve
[2022-12-06 14:40:44.838191: E /samgraph/3rdparty/collcachelib/coll_cache_lib/coll_cache/optimal_solver_class.cc:895] num_cached_nodes = 1110599
[2022-12-06 14:40:45.460989: E /samgraph/3rdparty/collcachelib/coll_cache_lib/facade.cc:124] solver solved
[2022-12-06 14:40:45.461081: E /samgraph/3rdparty/collcachelib/coll_cache_lib/facade.cc:187] 0 solved master
[2022-12-06 14:40:45.461111: E /samgraph/3rdparty/collcachelib/coll_cache_lib/facade.cc:194] 0 solved
[2022-12-06 14:40:45.461139: E /samgraph/3rdparty/collcachelib/coll_cache_lib/facade.cc:197] worker 0 thread 0 initing device 0
[2022-12-06 14:40:45.480855: E /samgraph/3rdparty/collcachelib/coll_cache_lib/facade.cc:194] 1 solved
[2022-12-06 14:40:45.480911: E /samgraph/3rdparty/collcachelib/coll_cache_lib/facade.cc:197] worker 1 thread 1 initing device 1
[2022-12-06 14:40:45.481058: E /samgraph/3rdparty/collcachelib/coll_cache_lib/facade.cc:194] 2 solved
[2022-12-06 14:40:45.481112: E /samgraph/3rdparty/collcachelib/coll_cache_lib/facade.cc:197] worker 2 thread 2 initing device 2
[2022-12-06 14:40:48. 98896: W /samgraph/samgraph/common/cuda/cuda_device.cc:49] GPU[0] alloc cuda memory 579.09 MB
[2022-12-06 14:40:49.296134: W /samgraph/samgraph/common/cuda/cuda_device.cc:49] GPU[0] alloc cuda memory 579.09 MB
/usr/local/lib/python3.8/dist-packages/torch/nn/parallel/scatter_gather.py:9: UserWarning: is_namedtuple is deprecated, please use the python checks instead
  warnings.warn("is_namedtuple is deprecated, please use the python checks instead")
/usr/local/lib/python3.8/dist-packages/torch/nn/parallel/scatter_gather.py:9: UserWarning: is_namedtuple is deprecated, please use the python checks instead
  warnings.warn("is_namedtuple is deprecated, please use the python checks instead")
/usr/local/lib/python3.8/dist-packages/torch/nn/parallel/scatter_gather.py:9: UserWarning: is_namedtuple is deprecated, please use the python checks instead
  warnings.warn("is_namedtuple is deprecated, please use the python checks instead")
