config:eval_tsp="2022-12-05 18:46:18"
config:arch=arch5
config:num_train_worker=3
config:num_sample_worker=1
config:sample_type=khop2
config:root_path=/nvme/graph-learning-copy/samgraph/
config:dataset=com-friendster
config:pipeline=False
config:cache_policy=clique_part
config:cache_percentage=0.08
config:num_epoch=4
config:batch_size=8000
config:num_hidden=256
config:max_sampling_jobs=1
config:max_copying_jobs=1
config:barriered_epoch=1
config:presample_epoch=2
config:omp_thread_num=13
config:unsupervised=False
config:amp=True
config:rolling=0
config:fanout=[25, 10]
config:lr=0.003
config:dropout=0.5
config:single_gpu=False
config:max_num_step=100000
config:validate_configs=False
config:report_acc=0
config:dataset_path=/nvme/graph-learning-copy/samgraph/com-friendster
config:torch_thread_num=13
config:train_workers=['cuda:0', 'cuda:1', 'cuda:2']
config:sample_workers=['cuda:3']
config:num_fanout=2
config:num_layer=2
config:_run_mode=RunMode.FGNN
config:_log_level=warn
config:_profile_level=3
config:_empty_feat=0
config:_arch=5
config:_sample_type=5
config:_cache_policy=14
test_result:init:input_scale_factor=1.1
0 :  {link #0 : 1}, {link #1 : 2},
1 :  {link #0 : 2}, {link #1 : 0},
2 :  {link #0 : 0}, {link #1 : 1},
0 :  {link #0 : 1}, {link #1 : 2},
1 :  {link #0 : 2}, {link #1 : 0},
2 :  {link #0 : 0}, {link #1 : 1},
0 :  {link #0 : 1}, {link #1 : 2},
1 :  {link #0 : 2}, {link #1 : 0},
2 :  {link #0 : 0}, {link #1 : 1},
coll_cache:optimal_rep_storage=0
coll_cache:optimal_part_storage=0.24
coll_cache:optimal_cpu_storage=0.76
coll_cache:optimal_local_storage=0.08
coll_cache:optimal_remote_storage=0.16
coll_cache:optimal_local_rate=0.276539
coll_cache:optimal_remote_rate=0.553079
coll_cache:optimal_cpu_rate=0.170382
z=4616.52,4616.52,4616.52,
test_result:init:feat_nbytes=67182966784
test_result:init:cache_nbytes=5381354496
0 :  {link #0 : 1}, {link #1 : 2},
1 :  {link #0 : 2}, {link #1 : 0},
2 :  {link #0 : 0}, {link #1 : 1},
test_result:init:feat_nbytes=67182966784
test_result:init:cache_nbytes=5381354496
0 :  {link #0 : 1}, {link #1 : 2},
1 :  {link #0 : 2}, {link #1 : 0},
2 :  {link #0 : 0}, {link #1 : 1},
test_result:init:feat_nbytes=67182966784
test_result:init:cache_nbytes=5381354496
0 :  {link #0 : 1}, {link #1 : 2},
1 :  {link #0 : 2}, {link #1 : 0},
2 :  {link #0 : 0}, {link #1 : 1},
coll_cache:optimal_rep_storage=0
coll_cache:optimal_part_storage=0.24
coll_cache:optimal_cpu_storage=0.76
coll_cache:optimal_local_storage=0.08
coll_cache:optimal_remote_storage=0.16
coll_cache:optimal_local_rate=0.276539
coll_cache:optimal_remote_rate=0.553079
coll_cache:optimal_cpu_rate=0.170382
z=4616.52,4616.52,4616.52,
test_result:init:cache_nbytes=0
test_result:init:cache_nbytes=0
test_result:init:cache_nbytes=0
[Train  Worker 1/3] Started with PID 148741(Tesla V100-SXM2-16GB)
[Train  Worker 1] run train for 4 epochs with 126 steps
[Train  Worker 1] Avg Epoch Time 1.3239 | Train Total Time(Profiler) 0.3836 | Copy Time 0.9361
[Train  Worker 2/3] Started with PID 148742(Tesla V100-SXM2-16GB)
[Train  Worker 2] run train for 4 epochs with 126 steps
[Train  Worker 2] Avg Epoch Time 1.3239 | Train Total Time(Profiler) 0.3827 | Copy Time 0.9372
[Train  Worker 0/3] Started with PID 148739(Tesla V100-SXM2-16GB)
[Train  Worker 0] run train for 4 epochs with 126 steps
Epoch 00000 | Epoch Time 2.4433 | Total Train Time(Profiler) 1.4844 | Copy Time 0.9538
Epoch 00001 | Epoch Time 1.3241 | Total Train Time(Profiler) 0.3917 | Copy Time 0.9281
Epoch 00002 | Epoch Time 1.3239 | Total Train Time(Profiler) 0.3925 | Copy Time 0.9272
Epoch 00003 | Epoch Time 1.3238 | Total Train Time(Profiler) 0.3924 | Copy Time 0.9269
[Train  Worker 0] Avg Epoch Time 1.3240 | Train Total Time(Profiler) 0.3922 | Copy Time 0.9274
    [Step(average) Profiler Level 1 E3 S125]
        L1  sample           0.005271 | send           0.001199
        L1  recv             0.000000 | copy           0.000000 | convert time 0.000000 | train  0.000000
        L1  feature nbytes 0.00 Bytes | label nbytes 0.00 Bytes
        L1  id nbytes      0.00 Bytes | graph nbytes 0.00 Bytes
        L1  miss nbytes    0.00 Bytes | remote nbytes 0.00 Bytes
        L1  num nodes         1188818 | num samples     1335262
    [Step(average) Profiler Level 2 E3 S125]
        L2  shuffle     0.000291 | core sample  0.001620 | id remap        0.003261
        L2  graph copy  0.000000 | id copy      0.000000 | cache feat copy 0.000000
        L2  last layer sample time 0.000284 | size 58917.835979
    [Step(average) Profiler Level 3 E3 S125]
        L3  khop sample coo  0.001340 | khop sort coo      0.000000 | khop count edge     0.000036 | khop compact edge 0.000205
        L3  walk sample coo  0.000000 | walk topk total    0.000000 | walk topk step1     0.000000 | walk topk step2   0.000000
        L3  walk topk step3  0.000000 | walk topk step4    0.000000 | walk topk step5     0.000000
        L3  walk topk step6  0.000000 | walk topk step7    0.000000
        L3  remap unique     0.000000 | remap populate     0.002796 | remap mapnode       0.000000 | remap mapedge     0.000465
        L3  cache get_index  0.000000 | cache copy_index   0.000000 | cache extract_miss  0.000000
        L3  cache copy_miss  0.000000 | cache combine_miss 0.000000 | cache combine cache 0.000000 | cache combine remote 0.000000
        L3  label extract  0.000000
    [Init Profiler Level 1]
        L1  init     5.5288 | sampler init    10.6593 | trainer init 0.0000
    [Init Profiler Level 2]
        L2  load ds         8.6762 | init queue           2.8160
        L2  presample       2.9939 | build interal ds     1.6988
        L2  build cache     0.0000
    [Init Profiler Level 3]
        L3  load dataset: mmap     5.5250 | copy         3.1512
        L3  dist queue: alloc      0.0017 | pin          2.8143 | push     0.0000
        L3  presample: init        0.1751
        L3  presample: sample      1.3187 | copy         0.0953
        L3  presample: count       0.9885 | sort         0.1868
        L3  presample: reset       0.0007 | get rank     0.0263
        L3  internal: cuda ctx     1.4574 | cuda stream     0.2371
[Sample Worker 0/1] Started with PID 148738(Tesla V100-SXM2-16GB)
[Sample Worker 0] run sample for 4 epochs with 126 steps
[Sample Worker 0] Avg Sample Total Time 0.8163 | Sampler Total Time(Profiler) 0.8152
test_result:sample_time=0.6641
test_result:get_cache_miss_index_time=0.0000
test_result:enqueue_samples_time=0.1510
test_result:epoch_time:sample_total=0.8163
[CUDA] cuda0: usage: 10.12 GB
[SAM] cuda0 data alloc        : 0.00 Bytes
[SAM] cuda0 workspace         : 2.51 GB
[SAM] cuda0 workspace reserve : 1.26 GB
[SAM] cuda0 total             : 2.51 GB
    [Step(average) Profiler Level 1 E3 S125]
        L1  sample           0.000000 | send           0.000000
        L1  recv             0.001336 | copy           0.022228 | convert time 0.000405 | train  0.008790
        L1  feature nbytes    1.13 GB | label nbytes   62.50 KB
        L1  id nbytes      0.00 Bytes | graph nbytes 0.00 Bytes
        L1  miss nbytes    0.00 Bytes | remote nbytes 0.00 Bytes
        L1  num nodes               0 | num samples           0
    [Step(average) Profiler Level 2 E3 S125]
        L2  shuffle     0.000000 | core sample  0.000000 | id remap        0.000000
        L2  graph copy  0.000003 | id copy      0.000000 | cache feat copy 0.020889
        L2  last layer sample time 0.000000 | size 0.000000
    [Step(average) Profiler Level 3 E3 S125]
        L3  khop sample coo  0.000000 | khop sort coo      0.000000 | khop count edge     0.000000 | khop compact edge 0.000000
        L3  walk sample coo  0.000000 | walk topk total    0.000000 | walk topk step1     0.000000 | walk topk step2   0.000000
        L3  walk topk step3  0.000000 | walk topk step4    0.000000 | walk topk step5     0.000000
        L3  walk topk step6  0.000000 | walk topk step7    0.000000
        L3  remap unique     0.000000 | remap populate     0.000000 | remap mapnode       0.000000 | remap mapedge     0.000000
        L3  cache get_index  0.000000 | cache copy_index   0.000000 | cache extract_miss  0.000000
        L3  cache copy_miss  0.000000 | cache combine_miss 0.000000 | cache combine cache 0.020708 | cache combine remote 0.000000
        L3  label extract  0.000172
    [Init Profiler Level 1]
        L1  init     5.5288 | sampler init     0.0000 | trainer init 32.8272
    [Init Profiler Level 2]
        L2  load ds         5.5250 | init queue           2.8073
        L2  presample       0.0000 | build interal ds     1.4187
        L2  build cache    28.5986
    [Init Profiler Level 3]
        L3  load dataset: mmap     5.5250 | copy         0.0000
        L3  dist queue: alloc      0.0017 | pin          2.8056 | push     0.0000
        L3  presample: init        0.0000
        L3  presample: sample      0.0000 | copy         0.0000
        L3  presample: count       0.0000 | sort         0.0000
        L3  presample: reset       0.0000 | get rank     0.0000
        L3  internal: cuda ctx     1.4187 | cuda stream     0.0001
|===========================================================================|
|                  PyTorch CUDA memory summary, device ID 0                 |
|---------------------------------------------------------------------------|
|            CUDA OOMs: 0            |        cudaMalloc retries: 0         |
|===========================================================================|
|        Metric         | Cur Usage  | Peak Usage | Tot Alloc  | Tot Freed  |
|---------------------------------------------------------------------------|
| Allocated memory      |   18094 KB |  738843 KB |  256894 MB |  256877 MB |
|       from large pool |   13229 KB |  737416 KB |  255395 MB |  255382 MB |
|       from small pool |    4865 KB |    6568 KB |    1498 MB |    1494 MB |
|---------------------------------------------------------------------------|
| Active memory         |   18095 KB |  738843 KB |  256894 MB |  256877 MB |
|       from large pool |   13229 KB |  737416 KB |  255395 MB |  255382 MB |
|       from small pool |    4866 KB |    6568 KB |    1498 MB |    1494 MB |
|---------------------------------------------------------------------------|
| GPU reserved memory   |  753664 KB |  753664 KB |  753664 KB |       0 B  |
|       from large pool |  745472 KB |  745472 KB |  745472 KB |       0 B  |
|       from small pool |    8192 KB |    8192 KB |    8192 KB |       0 B  |
|---------------------------------------------------------------------------|
| Non-releasable memory |   18769 KB |  654066 KB |  244414 MB |  244396 MB |
|       from large pool |   17491 KB |  652396 KB |  242527 MB |  242509 MB |
|       from small pool |    1278 KB |    3719 KB |    1887 MB |    1886 MB |
|---------------------------------------------------------------------------|
| Allocations           |      38    |      51    |   18684    |   18646    |
|       from large pool |       3    |      14    |    7392    |    7389    |
|       from small pool |      35    |      39    |   11292    |   11257    |
|---------------------------------------------------------------------------|
| Active allocs         |      39    |      51    |   18684    |   18645    |
|       from large pool |       3    |      14    |    7392    |    7389    |
|       from small pool |      36    |      39    |   11292    |   11256    |
|---------------------------------------------------------------------------|
| GPU reserved segments |      10    |      10    |      10    |       0    |
|       from large pool |       6    |       6    |       6    |       0    |
|       from small pool |       4    |       4    |       4    |       0    |
|---------------------------------------------------------------------------|
| Non-releasable allocs |      11    |      21    |    8335    |    8324    |
|       from large pool |       2    |       9    |    4303    |    4301    |
|       from small pool |       9    |      16    |    4032    |    4023    |
|---------------------------------------------------------------------------|
| Oversize allocations  |       0    |       0    |       0    |       0    |
|---------------------------------------------------------------------------|
| Oversize GPU segments |       0    |       0    |       0    |       0    |
|===========================================================================|

test_result:epoch_time:copy_time=0.9274
test_result:convert_time=0.0182
test_result:train_time=0.3740
test_result:epoch_time:train_total=0.3922
test_result:cache_percentage=0.0800
test_result:cache_hit_rate=1.0000
test_result:run_time=9.6862
