config:eval_tsp="2022-12-06 14:02:13"
config:arch=arch5
config:num_train_worker=3
config:num_sample_worker=1
config:sample_type=khop2
config:root_path=/nvme/graph-learning-copy/samgraph/
config:dataset=papers100M-undir
config:pipeline=False
config:cache_policy=clique_part
config:cache_percentage=0.1
config:num_epoch=4
config:batch_size=8000
config:num_hidden=256
config:max_sampling_jobs=1
config:max_copying_jobs=1
config:barriered_epoch=1
config:presample_epoch=2
config:omp_thread_num=13
config:unsupervised=False
config:amp=True
config:rolling=0
config:fanout=[25, 10]
config:lr=0.003
config:dropout=0.5
config:single_gpu=False
config:max_num_step=100000
config:validate_configs=False
config:report_acc=0
config:dataset_path=/nvme/graph-learning-copy/samgraph/papers100M-undir
config:torch_thread_num=13
config:train_workers=['cuda:0', 'cuda:1', 'cuda:2']
config:sample_workers=['cuda:3']
config:num_fanout=2
config:num_layer=2
config:_run_mode=RunMode.FGNN
config:_log_level=warn
config:_profile_level=3
config:_empty_feat=0
config:_arch=5
config:_sample_type=5
config:_cache_policy=14
test_result:init:input_scale_factor=1.1
0 :  {link #0 : 1}, {link #1 : 2},
1 :  {link #0 : 2}, {link #1 : 0},
2 :  {link #0 : 0}, {link #1 : 1},
0 :  {link #0 : 1}, {link #1 : 2},
1 :  {link #0 : 2}, {link #1 : 0},
2 :  {link #0 : 0}, {link #1 : 1},
0 :  {link #0 : 1}, {link #1 : 2},
1 :  {link #0 : 2}, {link #1 : 0},
2 :  {link #0 : 0}, {link #1 : 1},
coll_cache:optimal_rep_storage=0
coll_cache:optimal_part_storage=0.3
coll_cache:optimal_cpu_storage=0.7
coll_cache:optimal_local_storage=0.1
coll_cache:optimal_remote_storage=0.2
coll_cache:optimal_local_rate=0.333333
coll_cache:optimal_remote_rate=0.666667
coll_cache:optimal_cpu_rate=0
z=1835.67,1835.67,1835.67,
test_result:init:feat_nbytes=56862697472
test_result:init:cache_nbytes=5691955200
test_result:init:feat_nbytes=56862697472
test_result:init:cache_nbytes=5691955200
test_result:init:feat_nbytes=56862697472
test_result:init:cache_nbytes=5691955200
0 :  {link #0 : 1}, {link #1 : 2},
1 :  {link #0 : 2}, {link #1 : 0},
2 :  {link #0 : 0}, {link #1 : 1},
0 :  {link #0 : 1}, {link #1 : 2},
1 :  {link #0 : 2}, {link #1 : 0},
2 :  {link #0 : 0}, {link #1 : 1},
0 :  {link #0 : 1}, {link #1 : 2},
1 :  {link #0 : 2}, {link #1 : 0},
2 :  {link #0 : 0}, {link #1 : 1},
coll_cache:optimal_rep_storage=0
coll_cache:optimal_part_storage=0.3
coll_cache:optimal_cpu_storage=0.7
coll_cache:optimal_local_storage=0.1
coll_cache:optimal_remote_storage=0.2
coll_cache:optimal_local_rate=0.333333
coll_cache:optimal_remote_rate=0.666667
coll_cache:optimal_cpu_rate=0
z=1835.67,1835.67,1835.67,
test_result:init:cache_nbytes=0
test_result:init:cache_nbytes=0
test_result:init:cache_nbytes=0
[Train  Worker 2/3] Started with PID 988908(Tesla V100-SXM2-16GB)
[Train  Worker 2] run train for 4 epochs with 153 steps
[Train  Worker 2] Avg Epoch Time 0.8117 | Train Total Time(Profiler) 0.4211 | Copy Time 0.3858
[Train  Worker 0/3] Started with PID 988905(Tesla V100-SXM2-16GB)
[Train  Worker 0] run train for 4 epochs with 153 steps
Epoch 00000 | Epoch Time 1.9853 | Total Train Time(Profiler) 1.5777 | Copy Time 0.4022
Epoch 00001 | Epoch Time 0.8092 | Total Train Time(Profiler) 0.4191 | Copy Time 0.3860
Epoch 00002 | Epoch Time 0.8134 | Total Train Time(Profiler) 0.4223 | Copy Time 0.3861
Epoch 00003 | Epoch Time 0.8123 | Total Train Time(Profiler) 0.4191 | Copy Time 0.3876
[Train  Worker 0] Avg Epoch Time 0.8116 | Train Total Time(Profiler) 0.4202 | Copy Time 0.3866
[Train  Worker 1/3] Started with PID 988906(Tesla V100-SXM2-16GB)
[Train  Worker 1] run train for 4 epochs with 153 steps
[Train  Worker 1] Avg Epoch Time 0.8116 | Train Total Time(Profiler) 0.4201 | Copy Time 0.3866
    [Step(average) Profiler Level 1 E3 S152]
        L1  sample           0.005640 | send           0.001404
        L1  recv             0.000000 | copy           0.000000 | convert time 0.000000 | train  0.000000
        L1  feature nbytes 0.00 Bytes | label nbytes 0.00 Bytes
        L1  id nbytes      0.00 Bytes | graph nbytes 0.00 Bytes
        L1  miss nbytes    0.00 Bytes | remote nbytes 0.00 Bytes
        L1  num nodes         1100904 | num samples     1712861
    [Step(average) Profiler Level 2 E3 S152]
        L2  shuffle     0.000275 | core sample  0.002072 | id remap        0.003190
        L2  graph copy  0.000000 | id copy      0.000000 | cache feat copy 0.000000
        L2  last layer sample time 0.000325 | size 72444.010893
    [Step(average) Profiler Level 3 E3 S152]
        L3  khop sample coo  0.001744 | khop sort coo      0.000000 | khop count edge     0.000040 | khop compact edge 0.000249
        L3  walk sample coo  0.000000 | walk topk total    0.000000 | walk topk step1     0.000000 | walk topk step2   0.000000
        L3  walk topk step3  0.000000 | walk topk step4    0.000000 | walk topk step5     0.000000
        L3  walk topk step6  0.000000 | walk topk step7    0.000000
        L3  remap unique     0.000000 | remap populate     0.002652 | remap mapnode       0.000000 | remap mapedge     0.000538
        L3  cache get_index  0.000000 | cache copy_index   0.000000 | cache extract_miss  0.000000
        L3  cache copy_miss  0.000000 | cache combine_miss 0.000000 | cache combine cache 0.000000 | cache combine remote 0.000000
        L3  label extract  0.000000
    [Init Profiler Level 1]
        L1  init     5.0887 | sampler init    19.7095 | trainer init 0.0000
    [Init Profiler Level 2]
        L2  load ds         7.9979 | init queue          11.2518
        L2  presample       3.7200 | build interal ds     1.8260
        L2  build cache     0.0000
    [Init Profiler Level 3]
        L3  load dataset: mmap     5.0848 | copy         2.9131
        L3  dist queue: alloc      0.0017 | pin         11.2501 | push     0.0000
        L3  presample: init        0.3013
        L3  presample: sample      1.7234 | copy         0.1072
        L3  presample: count       0.9420 | sort         0.2872
        L3  presample: reset       0.0008 | get rank     0.0296
        L3  internal: cuda ctx     1.5899 | cuda stream     0.2316
[Sample Worker 0/1] Started with PID 988903(Tesla V100-SXM2-16GB)
[Sample Worker 0] run sample for 4 epochs with 153 steps
[Sample Worker 0] Avg Sample Total Time 1.0795 | Sampler Total Time(Profiler) 1.0778
test_result:sample_time=0.8630
test_result:get_cache_miss_index_time=0.0000
test_result:enqueue_samples_time=0.2148
test_result:epoch_time:sample_total=1.0795
[CUDA] cuda0: usage: 11.32 GB
[SAM] cuda0 data alloc        : 0.00 Bytes
[SAM] cuda0 workspace         : 1.23 GB
[SAM] cuda0 workspace reserve : 621.65 MB
[SAM] cuda0 total             : 1.23 GB
    [Step(average) Profiler Level 1 E3 S152]
        L1  sample           0.000000 | send           0.000000
        L1  recv             0.001567 | copy           0.007575 | convert time 0.000398 | train  0.007847
        L1  feature nbytes  537.55 MB | label nbytes   62.50 KB
        L1  id nbytes      0.00 Bytes | graph nbytes 0.00 Bytes
        L1  miss nbytes       8.42 MB | remote nbytes  352.77 MB
        L1  num nodes               0 | num samples           0
    [Step(average) Profiler Level 2 E3 S152]
        L2  shuffle     0.000000 | core sample  0.000000 | id remap        0.000000
        L2  graph copy  0.000003 | id copy      0.000000 | cache feat copy 0.006005
        L2  last layer sample time 0.000000 | size 0.000000
    [Step(average) Profiler Level 3 E3 S152]
        L3  khop sample coo  0.000000 | khop sort coo      0.000000 | khop count edge     0.000000 | khop compact edge 0.000000
        L3  walk sample coo  0.000000 | walk topk total    0.000000 | walk topk step1     0.000000 | walk topk step2   0.000000
        L3  walk topk step3  0.000000 | walk topk step4    0.000000 | walk topk step5     0.000000
        L3  walk topk step6  0.000000 | walk topk step7    0.000000
        L3  remap unique     0.000000 | remap populate     0.000000 | remap mapnode       0.000000 | remap mapedge     0.000000
        L3  cache get_index  0.000706 | cache copy_index   0.000000 | cache extract_miss  0.000000
        L3  cache copy_miss  0.000000 | cache combine_miss 0.001206 | cache combine cache 0.000601 | cache combine remote 0.004508
        L3  label extract  0.000178
    [Init Profiler Level 1]
        L1  init     5.0887 | sampler init     0.0000 | trainer init 44.4978
    [Init Profiler Level 2]
        L2  load ds         5.0848 | init queue          11.2668
        L2  presample       0.0000 | build interal ds     1.5638
        L2  build cache    31.6643
    [Init Profiler Level 3]
        L3  load dataset: mmap     5.0848 | copy         0.0000
        L3  dist queue: alloc      0.0017 | pin         11.2651 | push     0.0000
        L3  presample: init        0.0000
        L3  presample: sample      0.0000 | copy         0.0000
        L3  presample: count       0.0000 | sort         0.0000
        L3  presample: reset       0.0000 | get rank     0.0000
        L3  internal: cuda ctx     1.5637 | cuda stream     0.0000
|===========================================================================|
|                  PyTorch CUDA memory summary, device ID 0                 |
|---------------------------------------------------------------------------|
|            CUDA OOMs: 0            |        cudaMalloc retries: 0         |
|===========================================================================|
|        Metric         | Cur Usage  | Peak Usage | Tot Alloc  | Tot Freed  |
|---------------------------------------------------------------------------|
| Allocated memory      |   22849 KB |  402786 KB |  284788 MB |  284766 MB |
|       from large pool |   18177 KB |  399403 KB |  282676 MB |  282658 MB |
|       from small pool |    4672 KB |    7135 KB |    2112 MB |    2107 MB |
|---------------------------------------------------------------------------|
| Active memory         |   22849 KB |  402786 KB |  284788 MB |  284766 MB |
|       from large pool |   18177 KB |  399403 KB |  282676 MB |  282658 MB |
|       from small pool |    4672 KB |    7135 KB |    2112 MB |    2107 MB |
|---------------------------------------------------------------------------|
| GPU reserved memory   |  581632 KB |  581632 KB |  581632 KB |       0 B  |
|       from large pool |  571392 KB |  571392 KB |  571392 KB |       0 B  |
|       from small pool |   10240 KB |   10240 KB |   10240 KB |       0 B  |
|---------------------------------------------------------------------------|
| Non-releasable memory |   24254 KB |  370933 KB |  332382 MB |  332358 MB |
|       from large pool |   22783 KB |  369112 KB |  329968 MB |  329946 MB |
|       from small pool |    1471 KB |    3610 KB |    2413 MB |    2412 MB |
|---------------------------------------------------------------------------|
| Allocations           |      38    |      51    |   22680    |   22642    |
|       from large pool |       3    |      14    |    8976    |    8973    |
|       from small pool |      35    |      39    |   13704    |   13669    |
|---------------------------------------------------------------------------|
| Active allocs         |      39    |      51    |   22680    |   22641    |
|       from large pool |       3    |      14    |    8976    |    8973    |
|       from small pool |      36    |      39    |   13704    |   13668    |
|---------------------------------------------------------------------------|
| GPU reserved segments |      14    |      14    |      14    |       0    |
|       from large pool |       9    |       9    |       9    |       0    |
|       from small pool |       5    |       5    |       5    |       0    |
|---------------------------------------------------------------------------|
| Non-releasable allocs |      14    |      25    |   10568    |   10554    |
|       from large pool |       4    |      12    |    5198    |    5194    |
|       from small pool |      10    |      16    |    5370    |    5360    |
|---------------------------------------------------------------------------|
| Oversize allocations  |       0    |       0    |       0    |       0    |
|---------------------------------------------------------------------------|
| Oversize GPU segments |       0    |       0    |       0    |       0    |
|===========================================================================|

test_result:epoch_time:copy_time=0.3866
test_result:convert_time=0.0203
test_result:train_time=0.3999
test_result:epoch_time:train_total=0.4202
test_result:cache_percentage=0.1000
test_result:cache_hit_rate=1.0000
test_result:run_time=8.7477
