config:eval_tsp="2022-12-05 18:44:57"
config:arch=arch5
config:num_train_worker=3
config:num_sample_worker=1
config:sample_type=khop2
config:root_path=/nvme/graph-learning-copy/samgraph/
config:dataset=com-friendster
config:pipeline=False
config:cache_policy=coll_cache_asymm_link
config:cache_percentage=0.04
config:num_epoch=4
config:batch_size=8000
config:num_hidden=256
config:max_sampling_jobs=1
config:max_copying_jobs=1
config:barriered_epoch=1
config:presample_epoch=2
config:omp_thread_num=13
config:unsupervised=False
config:amp=True
config:rolling=0
config:fanout=[25, 10]
config:lr=0.003
config:dropout=0.5
config:single_gpu=False
config:max_num_step=100000
config:validate_configs=False
config:report_acc=0
config:dataset_path=/nvme/graph-learning-copy/samgraph/com-friendster
config:torch_thread_num=13
config:train_workers=['cuda:0', 'cuda:1', 'cuda:2']
config:sample_workers=['cuda:3']
config:num_fanout=2
config:num_layer=2
config:_run_mode=RunMode.FGNN
config:_log_level=warn
config:_profile_level=3
config:_empty_feat=0
config:_arch=5
config:_sample_type=5
config:_cache_policy=13
test_result:init:input_scale_factor=1.1
0 :  {link #0 : 1}, {link #1 : 2},
1 :  {link #0 : 2}, {link #1 : 0},
2 :  {link #0 : 0}, {link #1 : 1},
0 :  {link #0 : 1}, {link #1 : 2},
1 :  {link #0 : 2}, {link #1 : 0},
2 :  {link #0 : 0}, {link #1 : 1},
0 :  {link #0 : 1}, {link #1 : 2},
1 :  {link #0 : 2}, {link #1 : 0},
2 :  {link #0 : 0}, {link #1 : 1},
Set parameter WLSAccessID
Set parameter WLSSecret
Set parameter LicenseID
Set parameter TimeLimit to value 200
Set parameter MIPGap to value 0.05
Set parameter GomoryPasses to value 0
Set parameter Aggregate to value 0
Set parameter LogFile to value "cppsolver.log"
Set parameter Threads to value 26
Academic license - for non-commercial use only - registered to xiaoniu.sxn@sjtu.edu.cn
Gurobi Optimizer version 9.5.1 build v9.5.1rc2 (linux64)
Thread count: 40 physical cores, 80 logical processors, using up to 26 threads
Academic license - for non-commercial use only - registered to xiaoniu.sxn@sjtu.edu.cn
Optimize a model with 21351 rows, 10164 columns and 64023 nonzeros
Model fingerprint: 0x41e526f8
Variable types: 4 continuous, 10160 integer (10160 binary)
Coefficient statistics:
  Matrix range     [3e-04, 2e+02]
  Objective range  [1e+00, 1e+00]
  Bounds range     [1e+00, 1e+00]
  RHS range        [1e+00, 3e+02]
Found heuristic solution: objective 2.000000e+09
Presolve removed 12194 rows and 0 columns
Presolve time: 0.09s
Presolved: 9157 rows, 10164 columns, 37605 nonzeros
Found heuristic solution: objective 12768.005051
Variable types: 4 continuous, 10160 integer (10160 binary)

Root relaxation: objective 5.467461e+03, 8194 iterations, 0.21 seconds (0.19 work units)

    Nodes    |    Current Node    |     Objective Bounds      |     Work
 Expl Unexpl |  Obj  Depth IntInf | Incumbent    BestBd   Gap | It/Node Time

     0     0 5467.46067    0   16 12768.0051 5467.46067  57.2%     -    0s
H    0     0                    5468.2196356 5467.46067  0.01%     -    0s

Explored 1 nodes (10645 simplex iterations) in 0.56 seconds (0.43 work units)
Thread count was 26 (of 80 available processors)

Solution count 3: 5468.22 12768 2e+09 

Optimal solution found (tolerance 5.00e-02)
Best objective 5.468219635609e+03, best bound 5.467460672034e+03, gap 0.0139%
coll_cache:optimal_local_rate=0.200275,0.234508,0.183246,
coll_cache:optimal_remote_rate=0.417754,0.383522,0.434783,
coll_cache:optimal_cpu_rate=0.38197,0.38197,0.38197,
z=5468.22
test_result:init:feat_nbytes=67182966784
test_result:init:cache_nbytes=2694021120
test_result:init:feat_nbytes=67182966784
test_result:init:cache_nbytes=2692837376
test_result:init:feat_nbytes=67182966784
test_result:init:cache_nbytes=2693704704
0 :  {link #0 : 1}, {link #1 : 2},
1 :  {link #0 : 2}, {link #1 : 0},
2 :  {link #0 : 0}, {link #1 : 1},
0 :  {link #0 : 1}, {link #1 : 2},
1 :  {link #0 : 2}, {link #1 : 0},
2 :  {link #0 : 0}, {link #1 : 1},
0 :  {link #0 : 1}, {link #1 : 2},
1 :  {link #0 : 2}, {link #1 : 0},
2 :  {link #0 : 0}, {link #1 : 1},
Set parameter WLSAccessID
Set parameter WLSSecret
Set parameter LicenseID
Set parameter TimeLimit to value 200
Set parameter MIPGap to value 0.05
Set parameter GomoryPasses to value 0
Set parameter Aggregate to value 0
Set parameter LogFile to value "cppsolver.log"
Set parameter Threads to value 26
Academic license - for non-commercial use only - registered to xiaoniu.sxn@sjtu.edu.cn
Gurobi Optimizer version 9.5.1 build v9.5.1rc2 (linux64)
Thread count: 40 physical cores, 80 logical processors, using up to 26 threads
Academic license - for non-commercial use only - registered to xiaoniu.sxn@sjtu.edu.cn
Optimize a model with 21351 rows, 10164 columns and 64023 nonzeros
Model fingerprint: 0x8490ae7e
Variable types: 4 continuous, 10160 integer (10160 binary)
Coefficient statistics:
  Matrix range     [3e-04, 2e+02]
  Objective range  [1e+00, 1e+00]
  Bounds range     [1e+00, 1e+00]
  RHS range        [1e+00, 3e+02]
Found heuristic solution: objective 2.000000e+09
Presolve removed 12194 rows and 0 columns
Presolve time: 0.08s
Presolved: 9157 rows, 10164 columns, 37605 nonzeros
Found heuristic solution: objective 12442.631053
Variable types: 4 continuous, 10160 integer (10160 binary)

Root relaxation: objective 5.467461e+03, 8077 iterations, 0.17 seconds (0.15 work units)

    Nodes    |    Current Node    |     Objective Bounds      |     Work
 Expl Unexpl |  Obj  Depth IntInf | Incumbent    BestBd   Gap | It/Node Time

     0     0 5467.46067    0   16 12442.6311 5467.46067  56.1%     -    0s
H    0     0                    5468.2196356 5467.46067  0.01%     -    0s

Explored 1 nodes (10176 simplex iterations) in 0.61 seconds (0.46 work units)
Thread count was 26 (of 80 available processors)

Solution count 3: 5468.22 12442.6 2e+09 

Optimal solution found (tolerance 5.00e-02)
Best objective 5.468219635609e+03, best bound 5.467460672034e+03, gap 0.0139%
coll_cache:optimal_local_rate=0.215928,0.172709,0.229392,
coll_cache:optimal_remote_rate=0.402101,0.44532,0.388637,
coll_cache:optimal_cpu_rate=0.38197,0.38197,0.38197,
z=5468.22
test_result:init:cache_nbytes=0
test_result:init:cache_nbytes=0
test_result:init:cache_nbytes=0
[Train  Worker 2/3] Started with PID 148388(Tesla V100-SXM2-16GB)
[Train  Worker 2] run train for 4 epochs with 126 steps
[Train  Worker 2] Avg Epoch Time 2.1733 | Train Total Time(Profiler) 0.3917 | Copy Time 1.7779
[Train  Worker 0/3] Started with PID 148384(Tesla V100-SXM2-16GB)
[Train  Worker 0] run train for 4 epochs with 126 steps
Epoch 00000 | Epoch Time 3.3149 | Total Train Time(Profiler) 1.4887 | Copy Time 1.8216
Epoch 00001 | Epoch Time 2.1733 | Total Train Time(Profiler) 0.3864 | Copy Time 1.7831
Epoch 00002 | Epoch Time 2.1741 | Total Train Time(Profiler) 0.3852 | Copy Time 1.7847
Epoch 00003 | Epoch Time 2.1727 | Total Train Time(Profiler) 0.3888 | Copy Time 1.7801
[Train  Worker 0] Avg Epoch Time 2.1733 | Train Total Time(Profiler) 0.3868 | Copy Time 1.7826
[Train  Worker 1/3] Started with PID 148386(Tesla V100-SXM2-16GB)
[Train  Worker 1] run train for 4 epochs with 126 steps
[Train  Worker 1] Avg Epoch Time 2.1733 | Train Total Time(Profiler) 0.3835 | Copy Time 1.7861
    [Step(average) Profiler Level 1 E3 S125]
        L1  sample           0.005252 | send           0.001199
        L1  recv             0.000000 | copy           0.000000 | convert time 0.000000 | train  0.000000
        L1  feature nbytes 0.00 Bytes | label nbytes 0.00 Bytes
        L1  id nbytes      0.00 Bytes | graph nbytes 0.00 Bytes
        L1  miss nbytes    0.00 Bytes | remote nbytes 0.00 Bytes
        L1  num nodes         1188726 | num samples     1335170
    [Step(average) Profiler Level 2 E3 S125]
        L2  shuffle     0.000283 | core sample  0.001617 | id remap        0.003256
        L2  graph copy  0.000000 | id copy      0.000000 | cache feat copy 0.000000
        L2  last layer sample time 0.000281 | size 58917.952381
    [Step(average) Profiler Level 3 E3 S125]
        L3  khop sample coo  0.001340 | khop sort coo      0.000000 | khop count edge     0.000035 | khop compact edge 0.000204
        L3  walk sample coo  0.000000 | walk topk total    0.000000 | walk topk step1     0.000000 | walk topk step2   0.000000
        L3  walk topk step3  0.000000 | walk topk step4    0.000000 | walk topk step5     0.000000
        L3  walk topk step6  0.000000 | walk topk step7    0.000000
        L3  remap unique     0.000000 | remap populate     0.002792 | remap mapnode       0.000000 | remap mapedge     0.000464
        L3  cache get_index  0.000000 | cache copy_index   0.000000 | cache extract_miss  0.000000
        L3  cache copy_miss  0.000000 | cache combine_miss 0.000000 | cache combine cache 0.000000 | cache combine remote 0.000000
        L3  label extract  0.000000
    [Init Profiler Level 1]
        L1  init     5.7813 | sampler init    10.9347 | trainer init 0.0000
    [Init Profiler Level 2]
        L2  load ds         8.9710 | init queue           2.9891
        L2  presample       3.0326 | build interal ds     1.7206
        L2  build cache     0.0000
    [Init Profiler Level 3]
        L3  load dataset: mmap     5.7772 | copy         3.1937
        L3  dist queue: alloc      0.0017 | pin          2.9873 | push     0.0000
        L3  presample: init        0.1764
        L3  presample: sample      1.3153 | copy         0.0958
        L3  presample: count       1.0228 | sort         0.1973
        L3  presample: reset       0.0007 | get rank     0.0244
        L3  internal: cuda ctx     1.4853 | cuda stream     0.2310
[Sample Worker 0/1] Started with PID 148383(Tesla V100-SXM2-16GB)
[Sample Worker 0] run sample for 4 epochs with 126 steps
[Sample Worker 0] Avg Sample Total Time 0.8141 | Sampler Total Time(Profiler) 0.8128
test_result:sample_time=0.6618
test_result:get_cache_miss_index_time=0.0000
test_result:enqueue_samples_time=0.1510
test_result:epoch_time:sample_total=0.8141
[CUDA] cuda0: usage: 9.65 GB
[SAM] cuda0 data alloc        : 0.00 Bytes
[SAM] cuda0 workspace         : 2.55 GB
[SAM] cuda0 workspace reserve : 1.27 GB
[SAM] cuda0 total             : 2.55 GB
    [Step(average) Profiler Level 1 E3 S125]
        L1  sample           0.000000 | send           0.000000
        L1  recv             0.001347 | copy           0.042433 | convert time 0.000398 | train  0.008826
        L1  feature nbytes    1.13 GB | label nbytes   62.50 KB
        L1  id nbytes      0.00 Bytes | graph nbytes 0.00 Bytes
        L1  miss nbytes     470.20 MB | remote nbytes  460.51 MB
        L1  num nodes               0 | num samples           0
    [Step(average) Profiler Level 2 E3 S125]
        L2  shuffle     0.000000 | core sample  0.000000 | id remap        0.000000
        L2  graph copy  0.000003 | id copy      0.000000 | cache feat copy 0.041083
        L2  last layer sample time 0.000000 | size 0.000000
    [Step(average) Profiler Level 3 E3 S125]
        L3  khop sample coo  0.000000 | khop sort coo      0.000000 | khop count edge     0.000000 | khop compact edge 0.000000
        L3  walk sample coo  0.000000 | walk topk total    0.000000 | walk topk step1     0.000000 | walk topk step2   0.000000
        L3  walk topk step3  0.000000 | walk topk step4    0.000000 | walk topk step5     0.000000
        L3  walk topk step6  0.000000 | walk topk step7    0.000000
        L3  remap unique     0.000000 | remap populate     0.000000 | remap mapnode       0.000000 | remap mapedge     0.000000
        L3  cache get_index  0.000747 | cache copy_index   0.000000 | cache extract_miss  0.000000
        L3  cache copy_miss  0.000000 | cache combine_miss 0.040155 | cache combine cache 0.000755 | cache combine remote 0.006292
        L3  label extract  0.000170
    [Init Profiler Level 1]
        L1  init     5.7813 | sampler init     0.0000 | trainer init 52.5191
    [Init Profiler Level 2]
        L2  load ds         5.7772 | init queue           2.9604
        L2  presample       0.0000 | build interal ds     1.4320
        L2  build cache    48.1229
    [Init Profiler Level 3]
        L3  load dataset: mmap     5.7772 | copy         0.0000
        L3  dist queue: alloc      0.0017 | pin          2.9587 | push     0.0000
        L3  presample: init        0.0000
        L3  presample: sample      0.0000 | copy         0.0000
        L3  presample: count       0.0000 | sort         0.0000
        L3  presample: reset       0.0000 | get rank     0.0000
        L3  internal: cuda ctx     1.4319 | cuda stream     0.0001
|===========================================================================|
|                  PyTorch CUDA memory summary, device ID 0                 |
|---------------------------------------------------------------------------|
|            CUDA OOMs: 0            |        cudaMalloc retries: 0         |
|===========================================================================|
|        Metric         | Cur Usage  | Peak Usage | Tot Alloc  | Tot Freed  |
|---------------------------------------------------------------------------|
| Allocated memory      |   17981 KB |  734479 KB |  256793 MB |  256775 MB |
|       from large pool |   13125 KB |  733052 KB |  255294 MB |  255282 MB |
|       from small pool |    4856 KB |    6563 KB |    1498 MB |    1493 MB |
|---------------------------------------------------------------------------|
| Active memory         |   17982 KB |  734479 KB |  256793 MB |  256775 MB |
|       from large pool |   13125 KB |  733052 KB |  255294 MB |  255282 MB |
|       from small pool |    4857 KB |    6563 KB |    1498 MB |    1493 MB |
|---------------------------------------------------------------------------|
| GPU reserved memory   |  749568 KB |  749568 KB |  749568 KB |       0 B  |
|       from large pool |  741376 KB |  741376 KB |  741376 KB |       0 B  |
|       from small pool |    8192 KB |    8192 KB |    8192 KB |       0 B  |
|---------------------------------------------------------------------------|
| Non-releasable memory |   20930 KB |  649968 KB |  243387 MB |  243367 MB |
|       from large pool |   19643 KB |  648298 KB |  241421 MB |  241402 MB |
|       from small pool |    1287 KB |    3823 KB |    1966 MB |    1964 MB |
|---------------------------------------------------------------------------|
| Allocations           |      38    |      51    |   18684    |   18646    |
|       from large pool |       3    |      14    |    7392    |    7389    |
|       from small pool |      35    |      39    |   11292    |   11257    |
|---------------------------------------------------------------------------|
| Active allocs         |      39    |      51    |   18684    |   18645    |
|       from large pool |       3    |      14    |    7392    |    7389    |
|       from small pool |      36    |      39    |   11292    |   11256    |
|---------------------------------------------------------------------------|
| GPU reserved segments |      10    |      10    |      10    |       0    |
|       from large pool |       6    |       6    |       6    |       0    |
|       from small pool |       4    |       4    |       4    |       0    |
|---------------------------------------------------------------------------|
| Non-releasable allocs |      14    |      21    |    8177    |    8163    |
|       from large pool |       3    |       9    |    4321    |    4318    |
|       from small pool |      11    |      18    |    3856    |    3845    |
|---------------------------------------------------------------------------|
| Oversize allocations  |       0    |       0    |       0    |       0    |
|---------------------------------------------------------------------------|
| Oversize GPU segments |       0    |       0    |       0    |       0    |
|===========================================================================|

test_result:epoch_time:copy_time=1.7826
test_result:convert_time=0.0168
test_result:train_time=0.3700
test_result:epoch_time:train_total=0.3868
test_result:cache_percentage=0.0400
test_result:cache_hit_rate=1.0000
test_result:run_time=13.1006
