config:eval_tsp="2022-12-05 18:55:46"
config:arch=arch5
config:num_train_worker=3
config:num_sample_worker=1
config:sample_type=khop2
config:root_path=/nvme/graph-learning-copy/samgraph/
config:dataset=com-friendster
config:pipeline=False
config:cache_policy=coll_cache_asymm_link
config:cache_percentage=0.12
config:num_epoch=4
config:batch_size=8000
config:num_hidden=256
config:max_sampling_jobs=1
config:max_copying_jobs=1
config:barriered_epoch=1
config:presample_epoch=2
config:omp_thread_num=13
config:unsupervised=False
config:amp=True
config:rolling=0
config:fanout=[25, 10]
config:lr=0.003
config:dropout=0.5
config:single_gpu=False
config:max_num_step=100000
config:validate_configs=False
config:report_acc=0
config:dataset_path=/nvme/graph-learning-copy/samgraph/com-friendster
config:torch_thread_num=13
config:train_workers=['cuda:0', 'cuda:1', 'cuda:2']
config:sample_workers=['cuda:3']
config:num_fanout=2
config:num_layer=2
config:_run_mode=RunMode.FGNN
config:_log_level=warn
config:_profile_level=3
config:_empty_feat=0
config:_arch=5
config:_sample_type=5
config:_cache_policy=13
test_result:init:input_scale_factor=1.1
0 :  {link #0 : 1}, {link #1 : 2},
1 :  {link #0 : 2}, {link #1 : 0},
2 :  {link #0 : 0}, {link #1 : 1},
0 :  {link #0 : 1}, {link #1 : 2},
1 :  {link #0 : 2}, {link #1 : 0},
2 :  {link #0 : 0}, {link #1 : 1},
0 :  {link #0 : 1}, {link #1 : 2},
1 :  {link #0 : 2}, {link #1 : 0},
2 :  {link #0 : 0}, {link #1 : 1},
Set parameter WLSAccessID
Set parameter WLSSecret
Set parameter LicenseID
Set parameter TimeLimit to value 200
Set parameter MIPGap to value 0.05
Set parameter GomoryPasses to value 0
Set parameter Aggregate to value 0
Set parameter LogFile to value "cppsolver.log"
Set parameter Threads to value 26
Academic license - for non-commercial use only - registered to xiaoniu.sxn@sjtu.edu.cn
Gurobi Optimizer version 9.5.1 build v9.5.1rc2 (linux64)
Thread count: 40 physical cores, 80 logical processors, using up to 26 threads
Academic license - for non-commercial use only - registered to xiaoniu.sxn@sjtu.edu.cn
Optimize a model with 21351 rows, 10164 columns and 64023 nonzeros
Model fingerprint: 0x37c5bce5
Variable types: 4 continuous, 10160 integer (10160 binary)
Coefficient statistics:
  Matrix range     [3e-04, 2e+02]
  Objective range  [1e+00, 1e+00]
  Bounds range     [1e+00, 1e+00]
  RHS range        [1e+00, 3e+02]
Found heuristic solution: objective 2.000000e+09
Presolve removed 12194 rows and 0 columns
Presolve time: 0.09s
Presolved: 9157 rows, 10164 columns, 37605 nonzeros
Found heuristic solution: objective 10118.152617
Variable types: 4 continuous, 10160 integer (10160 binary)

Root relaxation: objective 1.300592e+03, 8400 iterations, 0.27 seconds (0.25 work units)

    Nodes    |    Current Node    |     Objective Bounds      |     Work
 Expl Unexpl |  Obj  Depth IntInf | Incumbent    BestBd   Gap | It/Node Time

     0     0 1300.59225    0   24 10118.1526 1300.59225  87.1%     -    0s
H    0     0                    1303.7074032 1300.59225  0.24%     -    1s

Explored 1 nodes (12619 simplex iterations) in 1.59 seconds (1.11 work units)
Thread count was 26 (of 80 available processors)

Solution count 3: 1303.71 10118.2 2e+09 

Optimal solution found (tolerance 5.00e-02)
Best objective 1.303707403217e+03, best bound 1.300592253058e+03, gap 0.2389%
coll_cache:optimal_local_rate=0.341974,0.340956,0.341484,
coll_cache:optimal_remote_rate=0.582185,0.583203,0.582675,
coll_cache:optimal_cpu_rate=0.0758411,0.0758411,0.0758411,
z=1303.71
test_result:init:feat_nbytes=67182966784
test_result:init:cache_nbytes=8067500032
test_result:init:feat_nbytes=67182966784
test_result:init:cache_nbytes=8068380672
test_result:init:feat_nbytes=67182966784
test_result:init:cache_nbytes=8066392064
0 :  {link #0 : 1}, {link #1 : 2},
1 :  {link #0 : 2}, {link #1 : 0},
2 :  {link #0 : 0}, {link #1 : 1},
0 :  {link #0 : 1}, {link #1 : 2},
1 :  {link #0 : 2}, {link #1 : 0},
2 :  {link #0 : 0}, {link #1 : 1},
0 :  {link #0 : 1}, {link #1 : 2},
1 :  {link #0 : 2}, {link #1 : 0},
2 :  {link #0 : 0}, {link #1 : 1},
Set parameter WLSAccessID
Set parameter WLSSecret
Set parameter LicenseID
Set parameter TimeLimit to value 200
Set parameter MIPGap to value 0.05
Set parameter GomoryPasses to value 0
Set parameter Aggregate to value 0
Set parameter LogFile to value "cppsolver.log"
Set parameter Threads to value 26
Academic license - for non-commercial use only - registered to xiaoniu.sxn@sjtu.edu.cn
Gurobi Optimizer version 9.5.1 build v9.5.1rc2 (linux64)
Thread count: 40 physical cores, 80 logical processors, using up to 26 threads
Academic license - for non-commercial use only - registered to xiaoniu.sxn@sjtu.edu.cn
Optimize a model with 21351 rows, 10164 columns and 64023 nonzeros
Model fingerprint: 0x5d747d86
Variable types: 4 continuous, 10160 integer (10160 binary)
Coefficient statistics:
  Matrix range     [3e-04, 2e+02]
  Objective range  [1e+00, 1e+00]
  Bounds range     [1e+00, 1e+00]
  RHS range        [1e+00, 3e+02]
Found heuristic solution: objective 2.000000e+09
Presolve removed 12194 rows and 0 columns
Presolve time: 0.09s
Presolved: 9157 rows, 10164 columns, 37605 nonzeros
Found heuristic solution: objective 10142.154544
Variable types: 4 continuous, 10160 integer (10160 binary)

Root relaxation: objective 1.300548e+03, 8226 iterations, 0.19 seconds (0.16 work units)

    Nodes    |    Current Node    |     Objective Bounds      |     Work
 Expl Unexpl |  Obj  Depth IntInf | Incumbent    BestBd   Gap | It/Node Time

     0     0 1300.54784    0   27 10142.1545 1300.54784  87.2%     -    0s
H    0     0                    1303.7074019 1300.54784  0.24%     -    1s

Explored 1 nodes (10461 simplex iterations) in 1.20 seconds (0.80 work units)
Thread count was 26 (of 80 available processors)

Solution count 3: 1303.71 10142.2 2e+09 

Optimal solution found (tolerance 5.00e-02)
Best objective 1.303707401921e+03, best bound 1.300547836679e+03, gap 0.2424%
coll_cache:optimal_local_rate=0.343488,0.343572,0.344244,
coll_cache:optimal_remote_rate=0.580671,0.580587,0.579915,
coll_cache:optimal_cpu_rate=0.0758411,0.0758411,0.0758411,
z=1303.71
test_result:init:cache_nbytes=0
test_result:init:cache_nbytes=0
test_result:init:cache_nbytes=0
[Train  Worker 2/3] Started with PID 151657(Tesla V100-SXM2-16GB)
[Train  Worker 2] run train for 4 epochs with 126 steps
[Train  Worker 2] Avg Epoch Time 0.9166 | Train Total Time(Profiler) 0.3927 | Copy Time 0.5201
[Train  Worker 1/3] Started with PID 151656(Tesla V100-SXM2-16GB)
[Train  Worker 1] run train for 4 epochs with 126 steps
[Train  Worker 1] Avg Epoch Time 0.9165 | Train Total Time(Profiler) 0.3876 | Copy Time 0.5246
[Train  Worker 0/3] Started with PID 151654(Tesla V100-SXM2-16GB)
[Train  Worker 0] run train for 4 epochs with 126 steps
Epoch 00000 | Epoch Time 2.0565 | Total Train Time(Profiler) 1.5081 | Copy Time 0.5436
Epoch 00001 | Epoch Time 0.9206 | Total Train Time(Profiler) 0.3963 | Copy Time 0.5206
Epoch 00002 | Epoch Time 0.9173 | Total Train Time(Profiler) 0.3915 | Copy Time 0.5220
Epoch 00003 | Epoch Time 0.9116 | Total Train Time(Profiler) 0.3862 | Copy Time 0.5217
[Train  Worker 0] Avg Epoch Time 0.9165 | Train Total Time(Profiler) 0.3914 | Copy Time 0.5214
    [Step(average) Profiler Level 1 E3 S125]
        L1  sample           0.005246 | send           0.001200
        L1  recv             0.000000 | copy           0.000000 | convert time 0.000000 | train  0.000000
        L1  feature nbytes 0.00 Bytes | label nbytes 0.00 Bytes
        L1  id nbytes      0.00 Bytes | graph nbytes 0.00 Bytes
        L1  miss nbytes    0.00 Bytes | remote nbytes 0.00 Bytes
        L1  num nodes         1188776 | num samples     1335216
    [Step(average) Profiler Level 2 E3 S125]
        L2  shuffle     0.000269 | core sample  0.001619 | id remap        0.003260
        L2  graph copy  0.000000 | id copy      0.000000 | cache feat copy 0.000000
        L2  last layer sample time 0.000282 | size 58918.132275
    [Step(average) Profiler Level 3 E3 S125]
        L3  khop sample coo  0.001339 | khop sort coo      0.000000 | khop count edge     0.000036 | khop compact edge 0.000205
        L3  walk sample coo  0.000000 | walk topk total    0.000000 | walk topk step1     0.000000 | walk topk step2   0.000000
        L3  walk topk step3  0.000000 | walk topk step4    0.000000 | walk topk step5     0.000000
        L3  walk topk step6  0.000000 | walk topk step7    0.000000
        L3  remap unique     0.000000 | remap populate     0.002794 | remap mapnode       0.000000 | remap mapedge     0.000465
        L3  cache get_index  0.000000 | cache copy_index   0.000000 | cache extract_miss  0.000000
        L3  cache copy_miss  0.000000 | cache combine_miss 0.000000 | cache combine cache 0.000000 | cache combine remote 0.000000
        L3  label extract  0.000000
    [Init Profiler Level 1]
        L1  init     5.5175 | sampler init    10.7105 | trainer init 0.0000
    [Init Profiler Level 2]
        L2  load ds         8.6709 | init queue           2.7863
        L2  presample       3.0549 | build interal ds     1.7131
        L2  build cache     0.0000
    [Init Profiler Level 3]
        L3  load dataset: mmap     5.5137 | copy         3.1572
        L3  dist queue: alloc      0.0017 | pin          2.7846 | push     0.0000
        L3  presample: init        0.1769
        L3  presample: sample      1.3240 | copy         0.0954
        L3  presample: count       1.0509 | sort         0.1849
        L3  presample: reset       0.0006 | get rank     0.0224
        L3  internal: cuda ctx     1.4746 | cuda stream     0.2347
[Sample Worker 0/1] Started with PID 151653(Tesla V100-SXM2-16GB)
[Sample Worker 0] run sample for 4 epochs with 126 steps
[Sample Worker 0] Avg Sample Total Time 0.8135 | Sampler Total Time(Profiler) 0.8122
test_result:sample_time=0.6611
test_result:get_cache_miss_index_time=0.0000
test_result:enqueue_samples_time=0.1512
test_result:epoch_time:sample_total=0.8135
[CUDA] cuda0: usage: 14.66 GB
[SAM] cuda0 data alloc        : 0.00 Bytes
[SAM] cuda0 workspace         : 2.56 GB
[SAM] cuda0 workspace reserve : 1.27 GB
[SAM] cuda0 total             : 2.56 GB
    [Step(average) Profiler Level 1 E3 S125]
        L1  sample           0.000000 | send           0.000000
        L1  recv             0.001339 | copy           0.012429 | convert time 0.000392 | train  0.008907
        L1  feature nbytes    1.13 GB | label nbytes   62.50 KB
        L1  id nbytes      0.00 Bytes | graph nbytes 0.00 Bytes
        L1  miss nbytes     117.24 MB | remote nbytes  658.11 MB
        L1  num nodes               0 | num samples           0
    [Step(average) Profiler Level 2 E3 S125]
        L2  shuffle     0.000000 | core sample  0.000000 | id remap        0.000000
        L2  graph copy  0.000003 | id copy      0.000000 | cache feat copy 0.011087
        L2  last layer sample time 0.000000 | size 0.000000
    [Step(average) Profiler Level 3 E3 S125]
        L3  khop sample coo  0.000000 | khop sort coo      0.000000 | khop count edge     0.000000 | khop compact edge 0.000000
        L3  walk sample coo  0.000000 | walk topk total    0.000000 | walk topk step1     0.000000 | walk topk step2   0.000000
        L3  walk topk step3  0.000000 | walk topk step4    0.000000 | walk topk step5     0.000000
        L3  walk topk step6  0.000000 | walk topk step7    0.000000
        L3  remap unique     0.000000 | remap populate     0.000000 | remap mapnode       0.000000 | remap mapedge     0.000000
        L3  cache get_index  0.000750 | cache copy_index   0.000000 | cache extract_miss  0.000000
        L3  cache copy_miss  0.000000 | cache combine_miss 0.010158 | cache combine cache 0.001292 | cache combine remote 0.008398
        L3  label extract  0.000166
    [Init Profiler Level 1]
        L1  init     5.5175 | sampler init     0.0000 | trainer init 55.5260
    [Init Profiler Level 2]
        L2  load ds         5.5137 | init queue           2.7567
        L2  presample       0.0000 | build interal ds     1.4351
        L2  build cache    51.3346
    [Init Profiler Level 3]
        L3  load dataset: mmap     5.5137 | copy         0.0000
        L3  dist queue: alloc      0.0017 | pin          2.7550 | push     0.0000
        L3  presample: init        0.0000
        L3  presample: sample      0.0000 | copy         0.0000
        L3  presample: count       0.0000 | sort         0.0000
        L3  presample: reset       0.0000 | get rank     0.0000
        L3  internal: cuda ctx     1.4350 | cuda stream     0.0001
|===========================================================================|
|                  PyTorch CUDA memory summary, device ID 0                 |
|---------------------------------------------------------------------------|
|            CUDA OOMs: 0            |        cudaMalloc retries: 0         |
|===========================================================================|
|        Metric         | Cur Usage  | Peak Usage | Tot Alloc  | Tot Freed  |
|---------------------------------------------------------------------------|
| Allocated memory      |   18087 KB |  735268 KB |  256736 MB |  256718 MB |
|       from large pool |   13222 KB |  733841 KB |  255238 MB |  255225 MB |
|       from small pool |    4865 KB |    6572 KB |    1498 MB |    1493 MB |
|---------------------------------------------------------------------------|
| Active memory         |   18088 KB |  735268 KB |  256736 MB |  256718 MB |
|       from large pool |   13222 KB |  733841 KB |  255238 MB |  255225 MB |
|       from small pool |    4866 KB |    6572 KB |    1498 MB |    1493 MB |
|---------------------------------------------------------------------------|
| GPU reserved memory   |  751616 KB |  751616 KB |  751616 KB |       0 B  |
|       from large pool |  743424 KB |  743424 KB |  743424 KB |       0 B  |
|       from small pool |    8192 KB |    8192 KB |    8192 KB |       0 B  |
|---------------------------------------------------------------------------|
| Non-releasable memory |   18776 KB |  651877 KB |  244239 MB |  244220 MB |
|       from large pool |   17498 KB |  650201 KB |  242275 MB |  242258 MB |
|       from small pool |    1278 KB |    3705 KB |    1963 MB |    1962 MB |
|---------------------------------------------------------------------------|
| Allocations           |      38    |      51    |   18684    |   18646    |
|       from large pool |       3    |      14    |    7392    |    7389    |
|       from small pool |      35    |      39    |   11292    |   11257    |
|---------------------------------------------------------------------------|
| Active allocs         |      39    |      51    |   18684    |   18645    |
|       from large pool |       3    |      14    |    7392    |    7389    |
|       from small pool |      36    |      39    |   11292    |   11256    |
|---------------------------------------------------------------------------|
| GPU reserved segments |      10    |      10    |      10    |       0    |
|       from large pool |       6    |       6    |       6    |       0    |
|       from small pool |       4    |       4    |       4    |       0    |
|---------------------------------------------------------------------------|
| Non-releasable allocs |      13    |      22    |    8225    |    8212    |
|       from large pool |       2    |       8    |    4343    |    4341    |
|       from small pool |      11    |      17    |    3882    |    3871    |
|---------------------------------------------------------------------------|
| Oversize allocations  |       0    |       0    |       0    |       0    |
|---------------------------------------------------------------------------|
| Oversize GPU segments |       0    |       0    |       0    |       0    |
|===========================================================================|

test_result:epoch_time:copy_time=0.5214
test_result:convert_time=0.0157
test_result:train_time=0.3757
test_result:epoch_time:train_total=0.3914
test_result:cache_percentage=0.1200
test_result:cache_hit_rate=1.0000
test_result:run_time=8.0744
