config:eval_tsp="2022-12-05 15:51:27"
config:arch=arch5
config:num_train_worker=3
config:num_sample_worker=1
config:sample_type=khop2
config:root_path=/nvme/graph-learning-copy/samgraph/
config:dataset=papers100M-undir
config:pipeline=False
config:cache_policy=rep
config:cache_percentage=0.04
config:num_epoch=4
config:batch_size=2000
config:num_hidden=256
config:max_sampling_jobs=1
config:max_copying_jobs=1
config:barriered_epoch=1
config:presample_epoch=2
config:omp_thread_num=13
config:unsupervised=True
config:amp=True
config:rolling=0
config:fanout=[25, 10]
config:lr=0.003
config:dropout=0.5
config:single_gpu=False
config:max_num_step=1000
config:validate_configs=False
config:report_acc=0
config:dataset_path=/nvme/graph-learning-copy/samgraph/papers100M-undir
config:torch_thread_num=13
config:train_workers=['cuda:0', 'cuda:1', 'cuda:2']
config:sample_workers=['cuda:3']
config:num_fanout=2
config:num_layer=2
config:_run_mode=RunMode.FGNN
config:_log_level=warn
config:_profile_level=3
config:_empty_feat=0
config:_arch=5
config:_sample_type=5
config:_cache_policy=12
test_result:init:input_scale_factor=1.1
0 :  {link #0 : 1}, {link #1 : 2},
1 :  {link #0 : 2}, {link #1 : 0},
2 :  {link #0 : 0}, {link #1 : 1},
0 :  {link #0 : 1}, {link #1 : 2},
1 :  {link #0 : 2}, {link #1 : 0},
2 :  {link #0 : 0}, {link #1 : 1},
0 :  {link #0 : 1}, {link #1 : 2},
1 :  {link #0 : 2}, {link #1 : 0},
2 :  {link #0 : 0}, {link #1 : 1},
coll_cache:optimal_rep_storage=0.04
coll_cache:optimal_part_storage=0
coll_cache:optimal_cpu_storage=0.96
coll_cache:optimal_local_storage=0.04
coll_cache:optimal_remote_storage=0
coll_cache:optimal_local_rate=0.306548
coll_cache:optimal_remote_rate=0
coll_cache:optimal_cpu_rate=0.693452
z=43958.9
test_result:init:feat_nbytes=56862697472
test_result:init:cache_nbytes=2274507776
test_result:init:feat_nbytes=56862697472
test_result:init:cache_nbytes=2274507776
test_result:init:feat_nbytes=56862697472
test_result:init:cache_nbytes=2274507776
[Train  Worker 2/3] Started with PID 118680(Tesla V100-SXM2-16GB)
[Train  Worker 2] run train for 4 epochs with 1002 steps
[Train  Worker 1/3] Started with PID 118677(Tesla V100-SXM2-16GB)
[Train  Worker 1] run train for 4 epochs with 1002 steps
[CUDA] cuda0: usage: 8.17 GB
[SAM] cuda0 data alloc        : 0.00 Bytes
[SAM] cuda0 workspace         : 1.29 GB
[SAM] cuda0 workspace reserve : 652.48 MB
[SAM] cuda0 total             : 1.29 GB
[Train  Worker 0/3] Started with PID 118675(Tesla V100-SXM2-16GB)
[Train  Worker 0] run train for 4 epochs with 1002 steps
Epoch 00000 | Epoch Time 15.8596 | Total Train Time(Profiler) 3.8160 | Copy Time 12.0108
[CUDA] cuda0: usage: 8.17 GB
[SAM] cuda0 data alloc        : 0.00 Bytes
[SAM] cuda0 workspace         : 1.29 GB
[SAM] cuda0 workspace reserve : 653.44 MB
[SAM] cuda0 total             : 1.29 GB
Epoch 00001 | Epoch Time 14.6530 | Total Train Time(Profiler) 2.6162 | Copy Time 12.0051
[CUDA] cuda0: usage: 8.17 GB
[SAM] cuda0 data alloc        : 0.00 Bytes
[SAM] cuda0 workspace         : 1.29 GB
[SAM] cuda0 workspace reserve : 652.86 MB
[SAM] cuda0 total             : 1.29 GB
Epoch 00002 | Epoch Time 14.6316 | Total Train Time(Profiler) 2.6138 | Copy Time 11.9875
[CUDA] cuda0: usage: 8.17 GB
[SAM] cuda0 data alloc        : 0.00 Bytes
[SAM] cuda0 workspace         : 1.29 GB
[SAM] cuda0 workspace reserve : 652.48 MB
[SAM] cuda0 total             : 1.29 GB
Epoch 00003 | Epoch Time 14.6299 | Total Train Time(Profiler) 2.6076 | Copy Time 11.9918
[Train  Worker 0] Avg Epoch Time 14.6382 | Train Total Time(Profiler) 2.6125 | Copy Time 11.9948
[Train  Worker 2] Avg Epoch Time 14.6386 | Train Total Time(Profiler) 2.5629 | Copy Time 12.0454
[Train  Worker 1] Avg Epoch Time 14.6387 | Train Total Time(Profiler) 2.5703 | Copy Time 12.0383
    [Step(average) Profiler Level 1 E3 S1001]
        L1  sample           0.004560 | send           0.001196
        L1  recv             0.000000 | copy           0.000000 | convert time 0.000000 | train  0.000000
        L1  feature nbytes 0.00 Bytes | label nbytes 0.00 Bytes
        L1  id nbytes      0.00 Bytes | graph nbytes 0.00 Bytes
        L1  miss nbytes    0.00 Bytes | remote nbytes 0.00 Bytes
        L1  num nodes         1156340 | num samples     1337775
    [Step(average) Profiler Level 2 E3 S1001]
        L2  shuffle     0.000080 | core sample  0.001357 | id remap        0.002936
        L2  graph copy  0.000000 | id copy      0.000000 | cache feat copy 0.000000
        L2  last layer sample time 0.000297 | size 57562.745842
    [Step(average) Profiler Level 3 E3 S1001]
        L3  khop sample coo  0.001059 | khop sort coo      0.000000 | khop count edge     0.000036 | khop compact edge 0.000212
        L3  walk sample coo  0.000000 | walk topk total    0.000000 | walk topk step1     0.000000 | walk topk step2   0.000000
        L3  walk topk step3  0.000000 | walk topk step4    0.000000 | walk topk step5     0.000000
        L3  walk topk step6  0.000000 | walk topk step7    0.000000
        L3  remap unique     0.000176 | remap populate     0.002495 | remap mapnode       0.000000 | remap mapedge     0.000454
        L3  cache get_index  0.000000 | cache copy_index   0.000000 | cache extract_miss  0.000000
        L3  cache copy_miss  0.000000 | cache combine_miss 0.000000 | cache combine cache 0.000000 | cache combine remote 0.000000
        L3  label extract  0.000000
    [Init Profiler Level 1]
        L1  init     6.1190 | sampler init    48.4869 | trainer init 0.0000
    [Init Profiler Level 2]
        L2  load ds         9.2364 | init queue          23.5322
        L2  presample      20.0899 | build interal ds     1.7450
        L2  build cache     0.0000
    [Init Profiler Level 3]
        L3  load dataset: mmap     6.1162 | copy         3.1202
        L3  dist queue: alloc      0.0007 | pin         23.5315 | push     0.0000
        L3  presample: init        0.3060
        L3  presample: sample      9.1706 | copy         0.7286
        L3  presample: count       9.2398 | sort         0.2787
        L3  presample: reset       0.0024 | get rank     0.0218
        L3  internal: cuda ctx     1.4997 | cuda stream     0.2386
[Sample Worker 0/1] Started with PID 118673(Tesla V100-SXM2-16GB)
[Sample Worker 0] run sample for 4 epochs with 1002 steps
[Sample Worker 0] Avg Sample Total Time 5.7791 | Sampler Total Time(Profiler) 5.7679
test_result:sample_time=4.5695
test_result:get_cache_miss_index_time=0.0000
test_result:enqueue_samples_time=1.1984
test_result:epoch_time:sample_total=5.7791
[CUDA] cuda0: usage: 8.17 GB
[SAM] cuda0 data alloc        : 0.00 Bytes
[SAM] cuda0 workspace         : 1.29 GB
[SAM] cuda0 workspace reserve : 652.48 MB
[SAM] cuda0 total             : 1.29 GB
    [Step(average) Profiler Level 1 E3 S1001]
        L1  sample           0.000000 | send           0.000000
        L1  recv             0.001344 | copy           0.036007 | convert time 0.000453 | train  0.007277
        L1  feature nbytes  564.62 MB | label nbytes   15.62 KB
        L1  id nbytes      0.00 Bytes | graph nbytes 0.00 Bytes
        L1  miss nbytes     393.39 MB | remote nbytes 0.00 Bytes
        L1  num nodes               0 | num samples           0
    [Step(average) Profiler Level 2 E3 S1001]
        L2  shuffle     0.000000 | core sample  0.000000 | id remap        0.000000
        L2  graph copy  0.000003 | id copy      0.000000 | cache feat copy 0.034659
        L2  last layer sample time 0.000000 | size 0.000000
    [Step(average) Profiler Level 3 E3 S1001]
        L3  khop sample coo  0.000000 | khop sort coo      0.000000 | khop count edge     0.000000 | khop compact edge 0.000000
        L3  walk sample coo  0.000000 | walk topk total    0.000000 | walk topk step1     0.000000 | walk topk step2   0.000000
        L3  walk topk step3  0.000000 | walk topk step4    0.000000 | walk topk step5     0.000000
        L3  walk topk step6  0.000000 | walk topk step7    0.000000
        L3  remap unique     0.000000 | remap populate     0.000000 | remap mapnode       0.000000 | remap mapedge     0.000000
        L3  cache get_index  0.000737 | cache copy_index   0.000000 | cache extract_miss  0.000000
        L3  cache copy_miss  0.000000 | cache combine_miss 0.033893 | cache combine cache 0.000555 | cache combine remote 0.000000
        L3  label extract  0.000018
    [Step(max) Profiler Level 1 E3 S1001]
        L1  sample           0.000000 | send           0.000000
        L1  recv             0.000000 | copy           0.000000 | convert time 0.000000 | train  0.000000
        L1  feature nbytes 0.00 Bytes | label nbytes 0.00 Bytes
        L1  id nbytes      0.00 Bytes | graph nbytes   10.41 MB
        L1  miss nbytes    0.00 Bytes | remote nbytes 0.00 Bytes
        L1  num nodes               0 | num samples           0
    [Step(max) Profiler Level 2 E3 S1001]
        L2  shuffle     0.000000 | core sample  0.000000 | id remap        0.000000
        L2  graph copy  0.000000 | id copy      0.000000 | cache feat copy 0.000000
        L2  last layer sample time 0.000000 | size 0.000000
    [Step(max) Profiler Level 3 E3 S1001]
        L3  khop sample coo  0.000000 | khop sort coo      0.000000 | khop count edge     0.000000 | khop compact edge 0.000000
        L3  walk sample coo  0.000000 | walk topk total    0.000000 | walk topk step1     0.000000 | walk topk step2   0.000000
        L3  walk topk step3  0.000000 | walk topk step4    0.000000 | walk topk step5     0.000000
        L3  walk topk step6  0.000000 | walk topk step7    0.000000
        L3  remap unique     0.000000 | remap populate     0.000000 | remap mapnode       0.000000 | remap mapedge     0.000000
        L3  cache get_index  0.000000 | cache copy_index   0.000000 | cache extract_miss  0.000000
        L3  cache copy_miss  0.000000 | cache combine_miss 0.000000 | cache combine cache 0.000000 | cache combine remote 0.000000
        L3  label extract  0.000000
    [Step(min) Profiler Level 1 E3 S1001]
        L1  sample           0.000000 | send           0.000000
        L1  recv             0.000000 | copy           0.000000 | convert time 0.000000 | train  0.000000
        L1  feature nbytes 0.00 Bytes | label nbytes 0.00 Bytes
        L1  id nbytes      0.00 Bytes | graph nbytes   10.08 MB
        L1  miss nbytes    0.00 Bytes | remote nbytes 0.00 Bytes
        L1  num nodes               0 | num samples           0
    [Step(min) Profiler Level 2 E3 S1001]
        L2  shuffle     0.000000 | core sample  0.000000 | id remap        0.000000
        L2  graph copy  0.000000 | id copy      0.000000 | cache feat copy 0.000000
        L2  last layer sample time 0.000000 | size 0.000000
    [Step(min) Profiler Level 3 E3 S1001]
        L3  khop sample coo  0.000000 | khop sort coo      0.000000 | khop count edge     0.000000 | khop compact edge 0.000000
        L3  walk sample coo  0.000000 | walk topk total    0.000000 | walk topk step1     0.000000 | walk topk step2   0.000000
        L3  walk topk step3  0.000000 | walk topk step4    0.000000 | walk topk step5     0.000000
        L3  walk topk step6  0.000000 | walk topk step7    0.000000
        L3  remap unique     0.000000 | remap populate     0.000000 | remap mapnode       0.000000 | remap mapedge     0.000000
        L3  cache get_index  0.000000 | cache copy_index   0.000000 | cache extract_miss  0.000000
        L3  cache copy_miss  0.000000 | cache combine_miss 0.000000 | cache combine cache 0.000000 | cache combine remote 0.000000
        L3  label extract  0.000000
    [Init Profiler Level 1]
        L1  init     6.1190 | sampler init     0.0000 | trainer init 70.1622
    [Init Profiler Level 2]
        L2  load ds         6.1162 | init queue          23.4201
        L2  presample       0.0000 | build interal ds     1.4981
        L2  build cache    45.2379
    [Init Profiler Level 3]
        L3  load dataset: mmap     6.1162 | copy         0.0000
        L3  dist queue: alloc      0.0007 | pin         23.4195 | push     0.0000
        L3  presample: init        0.0000
        L3  presample: sample      0.0000 | copy         0.0000
        L3  presample: count       0.0000 | sort         0.0000
        L3  presample: reset       0.0000 | get rank     0.0000
        L3  internal: cuda ctx     1.4981 | cuda stream     0.0001
|===========================================================================|
|                  PyTorch CUDA memory summary, device ID 0                 |
|---------------------------------------------------------------------------|
|            CUDA OOMs: 0            |        cudaMalloc retries: 0         |
|===========================================================================|
|        Metric         | Cur Usage  | Peak Usage | Tot Alloc  | Tot Freed  |
|---------------------------------------------------------------------------|
| Allocated memory      |   18330 KB |  388454 KB |    1572 GB |    1572 GB |
|       from large pool |   14006 KB |  387250 KB |    1560 GB |    1560 GB |
|       from small pool |    4324 KB |    6138 KB |      11 GB |      11 GB |
|---------------------------------------------------------------------------|
| Active memory         |   18331 KB |  388454 KB |    1572 GB |    1572 GB |
|       from large pool |   14006 KB |  387250 KB |    1560 GB |    1560 GB |
|       from small pool |    4324 KB |    6138 KB |      11 GB |      11 GB |
|---------------------------------------------------------------------------|
| GPU reserved memory   |  466944 KB |  466944 KB |  466944 KB |       0 B  |
|       from large pool |  458752 KB |  458752 KB |  458752 KB |       0 B  |
|       from small pool |    8192 KB |    8192 KB |    8192 KB |       0 B  |
|---------------------------------------------------------------------------|
| Non-releasable memory |   63589 KB |  348981 KB |    1688 GB |    1687 GB |
|       from large pool |   61769 KB |  346683 KB |    1674 GB |    1674 GB |
|       from small pool |    1819 KB |    3432 KB |      13 GB |      13 GB |
|---------------------------------------------------------------------------|
| Allocations           |      39    |      56    |  183068    |  183029    |
|       from large pool |       3    |      14    |   65464    |   65461    |
|       from small pool |      36    |      45    |  117604    |  117568    |
|---------------------------------------------------------------------------|
| Active allocs         |      40    |      56    |  183068    |  183028    |
|       from large pool |       3    |      14    |   65464    |   65461    |
|       from small pool |      37    |      45    |  117604    |  117567    |
|---------------------------------------------------------------------------|
| GPU reserved segments |      11    |      11    |      11    |       0    |
|       from large pool |       7    |       7    |       7    |       0    |
|       from small pool |       4    |       4    |       4    |       0    |
|---------------------------------------------------------------------------|
| Non-releasable allocs |      13    |      24    |   72549    |   72536    |
|       from large pool |       3    |      10    |   36346    |   36343    |
|       from small pool |      10    |      17    |   36203    |   36193    |
|---------------------------------------------------------------------------|
| Oversize allocations  |       0    |       0    |       0    |       0    |
|---------------------------------------------------------------------------|
| Oversize GPU segments |       0    |       0    |       0    |       0    |
|===========================================================================|

test_result:epoch_time:copy_time=11.9948
test_result:convert_time=0.1507
test_result:train_time=2.4619
test_result:epoch_time:train_total=2.6125
test_result:cache_percentage=0.0400
test_result:cache_hit_rate=1.0000
test_result:run_time=82.9045
