config:eval_tsp="2022-12-05 17:06:39"
config:arch=arch5
config:num_train_worker=3
config:num_sample_worker=1
config:sample_type=khop2
config:root_path=/nvme/graph-learning-copy/samgraph/
config:dataset=com-friendster
config:pipeline=False
config:cache_policy=clique_part
config:cache_percentage=0.08
config:num_epoch=4
config:batch_size=2000
config:num_hidden=256
config:max_sampling_jobs=1
config:max_copying_jobs=1
config:barriered_epoch=1
config:presample_epoch=2
config:omp_thread_num=13
config:unsupervised=True
config:amp=True
config:rolling=0
config:fanout=[25, 10]
config:lr=0.003
config:dropout=0.5
config:single_gpu=False
config:max_num_step=1000
config:validate_configs=False
config:report_acc=0
config:dataset_path=/nvme/graph-learning-copy/samgraph/com-friendster
config:torch_thread_num=13
config:train_workers=['cuda:0', 'cuda:1', 'cuda:2']
config:sample_workers=['cuda:3']
config:num_fanout=2
config:num_layer=2
config:_run_mode=RunMode.FGNN
config:_log_level=warn
config:_profile_level=3
config:_empty_feat=0
config:_arch=5
config:_sample_type=5
config:_cache_policy=14
test_result:init:input_scale_factor=1.1
0 :  {link #0 : 1}, {link #1 : 2},
1 :  {link #0 : 2}, {link #1 : 0},
2 :  {link #0 : 0}, {link #1 : 1},
0 :  {link #0 : 1}, {link #1 : 2},
1 :  {link #0 : 2}, {link #1 : 0},
2 :  {link #0 : 0}, {link #1 : 1},
0 :  {link #0 : 1}, {link #1 : 2},
1 :  {link #0 : 2}, {link #1 : 0},
2 :  {link #0 : 0}, {link #1 : 1},
coll_cache:optimal_rep_storage=0
coll_cache:optimal_part_storage=0.24
coll_cache:optimal_cpu_storage=0.76
coll_cache:optimal_local_storage=0.08
coll_cache:optimal_remote_storage=0.16
coll_cache:optimal_local_rate=0.28265
coll_cache:optimal_remote_rate=0.565299
coll_cache:optimal_cpu_rate=0.152051
z=37532.6,37532.6,37532.6,
test_result:init:feat_nbytes=67182966784
test_result:init:cache_nbytes=5381354496
test_result:init:feat_nbytes=67182966784
test_result:init:cache_nbytes=5381354496
test_result:init:feat_nbytes=67182966784
test_result:init:cache_nbytes=5381354496
[Train  Worker 2/3] Started with PID 127763(Tesla V100-SXM2-16GB)
[Train  Worker 2] run train for 4 epochs with 1002 steps
[Train  Worker 1/3] Started with PID 127760(Tesla V100-SXM2-16GB)
[Train  Worker 1] run train for 4 epochs with 1002 steps
[CUDA] cuda0: usage: 12.50 GB
[SAM] cuda0 data alloc        : 0.00 Bytes
[SAM] cuda0 workspace         : 2.74 GB
[SAM] cuda0 workspace reserve : 1.36 GB
[SAM] cuda0 total             : 2.74 GB
[Train  Worker 0/3] Started with PID 127758(Tesla V100-SXM2-16GB)
[Train  Worker 0] run train for 4 epochs with 1002 steps
Epoch 00000 | Epoch Time 10.5228 | Total Train Time(Profiler) 4.2012 | Copy Time 6.2921
[CUDA] cuda0: usage: 12.50 GB
[SAM] cuda0 data alloc        : 0.00 Bytes
[SAM] cuda0 workspace         : 2.74 GB
[SAM] cuda0 workspace reserve : 1.36 GB
[SAM] cuda0 total             : 2.74 GB
Epoch 00001 | Epoch Time 9.3653 | Total Train Time(Profiler) 3.0613 | Copy Time 6.2743
[CUDA] cuda0: usage: 12.50 GB
[SAM] cuda0 data alloc        : 0.00 Bytes
[SAM] cuda0 workspace         : 2.74 GB
[SAM] cuda0 workspace reserve : 1.36 GB
[SAM] cuda0 total             : 2.74 GB
Epoch 00002 | Epoch Time 9.3744 | Total Train Time(Profiler) 3.0493 | Copy Time 6.2946
[CUDA] cuda0: usage: 12.50 GB
[SAM] cuda0 data alloc        : 0.00 Bytes
[SAM] cuda0 workspace         : 2.74 GB
[SAM] cuda0 workspace reserve : 1.36 GB
[SAM] cuda0 total             : 2.74 GB
Epoch 00003 | Epoch Time 9.4018 | Total Train Time(Profiler) 3.0698 | Copy Time 6.3034
[Train  Worker 1] Avg Epoch Time 9.3808 | Train Total Time(Profiler) 3.0611 | Copy Time 6.2905
[Train  Worker 2] Avg Epoch Time 9.3804 | Train Total Time(Profiler) 3.0604 | Copy Time 6.2912
[Train  Worker 0] Avg Epoch Time 9.3805 | Train Total Time(Profiler) 3.0601 | Copy Time 6.2907
    [Step(average) Profiler Level 1 E3 S1001]
        L1  sample           0.005451 | send           0.001270
        L1  recv             0.000000 | copy           0.000000 | convert time 0.000000 | train  0.000000
        L1  feature nbytes 0.00 Bytes | label nbytes 0.00 Bytes
        L1  id nbytes      0.00 Bytes | graph nbytes 0.00 Bytes
        L1  miss nbytes    0.00 Bytes | remote nbytes 0.00 Bytes
        L1  num nodes         1262371 | num samples     1406621
    [Step(average) Profiler Level 2 E3 S1001]
        L2  shuffle     0.000074 | core sample  0.001981 | id remap        0.003212
        L2  graph copy  0.000000 | id copy      0.000000 | cache feat copy 0.000000
        L2  last layer sample time 0.000298 | size 57479.139388
    [Step(average) Profiler Level 3 E3 S1001]
        L3  khop sample coo  0.001676 | khop sort coo      0.000000 | khop count edge     0.000036 | khop compact edge 0.000218
        L3  walk sample coo  0.000000 | walk topk total    0.000000 | walk topk step1     0.000000 | walk topk step2   0.000000
        L3  walk topk step3  0.000000 | walk topk step4    0.000000 | walk topk step5     0.000000
        L3  walk topk step6  0.000000 | walk topk step7    0.000000
        L3  remap unique     0.000173 | remap populate     0.002732 | remap mapnode       0.000000 | remap mapedge     0.000493
        L3  cache get_index  0.000000 | cache copy_index   0.000000 | cache extract_miss  0.000000
        L3  cache copy_miss  0.000000 | cache combine_miss 0.000000 | cache combine cache 0.000000 | cache combine remote 0.000000
        L3  label extract  0.000000
    [Init Profiler Level 1]
        L1  init     6.6079 | sampler init    51.6063 | trainer init 0.0000
    [Init Profiler Level 2]
        L2  load ds        10.0404 | init queue          24.3284
        L2  presample      22.0796 | build interal ds     1.7628
        L2  build cache     0.0000
    [Init Profiler Level 3]
        L3  load dataset: mmap     6.6049 | copy         3.4355
        L3  dist queue: alloc      0.0008 | pin         24.3276 | push     0.0000
        L3  presample: init        0.1808
        L3  presample: sample     10.9636 | copy         0.7932
        L3  presample: count       9.6839 | sort         0.2032
        L3  presample: reset       0.0020 | get rank     0.0257
        L3  internal: cuda ctx     1.5195 | cuda stream     0.2367
[Sample Worker 0/1] Started with PID 127756(Tesla V100-SXM2-16GB)
[Sample Worker 0] run sample for 4 epochs with 1002 steps
[Sample Worker 0] Avg Sample Total Time 6.7446 | Sampler Total Time(Profiler) 6.7338
test_result:sample_time=5.4617
test_result:get_cache_miss_index_time=0.0000
test_result:enqueue_samples_time=1.2721
test_result:epoch_time:sample_total=6.7446
[CUDA] cuda0: usage: 12.50 GB
[SAM] cuda0 data alloc        : 0.00 Bytes
[SAM] cuda0 workspace         : 2.74 GB
[SAM] cuda0 workspace reserve : 1.36 GB
[SAM] cuda0 total             : 2.74 GB
    [Step(average) Profiler Level 1 E3 S1001]
        L1  sample           0.000000 | send           0.000000
        L1  recv             0.001479 | copy           0.018835 | convert time 0.000439 | train  0.008724
        L1  feature nbytes    1.20 GB | label nbytes   15.62 KB
        L1  id nbytes      0.00 Bytes | graph nbytes 0.00 Bytes
        L1  miss nbytes     191.98 MB | remote nbytes  693.88 MB
        L1  num nodes               0 | num samples           0
    [Step(average) Profiler Level 2 E3 S1001]
        L2  shuffle     0.000000 | core sample  0.000000 | id remap        0.000000
        L2  graph copy  0.000003 | id copy      0.000000 | cache feat copy 0.017352
        L2  last layer sample time 0.000000 | size 0.000000
    [Step(average) Profiler Level 3 E3 S1001]
        L3  khop sample coo  0.000000 | khop sort coo      0.000000 | khop count edge     0.000000 | khop compact edge 0.000000
        L3  walk sample coo  0.000000 | walk topk total    0.000000 | walk topk step1     0.000000 | walk topk step2   0.000000
        L3  walk topk step3  0.000000 | walk topk step4    0.000000 | walk topk step5     0.000000
        L3  walk topk step6  0.000000 | walk topk step7    0.000000
        L3  remap unique     0.000000 | remap populate     0.000000 | remap mapnode       0.000000 | remap mapedge     0.000000
        L3  cache get_index  0.000787 | cache copy_index   0.000000 | cache extract_miss  0.000000
        L3  cache copy_miss  0.000000 | cache combine_miss 0.016539 | cache combine cache 0.001115 | cache combine remote 0.008859
        L3  label extract  0.000016
    [Step(max) Profiler Level 1 E3 S1001]
        L1  sample           0.000000 | send           0.000000
        L1  recv             0.000000 | copy           0.000000 | convert time 0.000000 | train  0.000000
        L1  feature nbytes 0.00 Bytes | label nbytes 0.00 Bytes
        L1  id nbytes      0.00 Bytes | graph nbytes   10.90 MB
        L1  miss nbytes    0.00 Bytes | remote nbytes 0.00 Bytes
        L1  num nodes               0 | num samples           0
    [Step(max) Profiler Level 2 E3 S1001]
        L2  shuffle     0.000000 | core sample  0.000000 | id remap        0.000000
        L2  graph copy  0.000000 | id copy      0.000000 | cache feat copy 0.000000
        L2  last layer sample time 0.000000 | size 0.000000
    [Step(max) Profiler Level 3 E3 S1001]
        L3  khop sample coo  0.000000 | khop sort coo      0.000000 | khop count edge     0.000000 | khop compact edge 0.000000
        L3  walk sample coo  0.000000 | walk topk total    0.000000 | walk topk step1     0.000000 | walk topk step2   0.000000
        L3  walk topk step3  0.000000 | walk topk step4    0.000000 | walk topk step5     0.000000
        L3  walk topk step6  0.000000 | walk topk step7    0.000000
        L3  remap unique     0.000000 | remap populate     0.000000 | remap mapnode       0.000000 | remap mapedge     0.000000
        L3  cache get_index  0.000000 | cache copy_index   0.000000 | cache extract_miss  0.000000
        L3  cache copy_miss  0.000000 | cache combine_miss 0.000000 | cache combine cache 0.000000 | cache combine remote 0.000000
        L3  label extract  0.000000
    [Step(min) Profiler Level 1 E3 S1001]
        L1  sample           0.000000 | send           0.000000
        L1  recv             0.000000 | copy           0.000000 | convert time 0.000000 | train  0.000000
        L1  feature nbytes 0.00 Bytes | label nbytes 0.00 Bytes
        L1  id nbytes      0.00 Bytes | graph nbytes   10.64 MB
        L1  miss nbytes    0.00 Bytes | remote nbytes 0.00 Bytes
        L1  num nodes               0 | num samples           0
    [Step(min) Profiler Level 2 E3 S1001]
        L2  shuffle     0.000000 | core sample  0.000000 | id remap        0.000000
        L2  graph copy  0.000000 | id copy      0.000000 | cache feat copy 0.000000
        L2  last layer sample time 0.000000 | size 0.000000
    [Step(min) Profiler Level 3 E3 S1001]
        L3  khop sample coo  0.000000 | khop sort coo      0.000000 | khop count edge     0.000000 | khop compact edge 0.000000
        L3  walk sample coo  0.000000 | walk topk total    0.000000 | walk topk step1     0.000000 | walk topk step2   0.000000
        L3  walk topk step3  0.000000 | walk topk step4    0.000000 | walk topk step5     0.000000
        L3  walk topk step6  0.000000 | walk topk step7    0.000000
        L3  remap unique     0.000000 | remap populate     0.000000 | remap mapnode       0.000000 | remap mapedge     0.000000
        L3  cache get_index  0.000000 | cache copy_index   0.000000 | cache extract_miss  0.000000
        L3  cache copy_miss  0.000000 | cache combine_miss 0.000000 | cache combine cache 0.000000 | cache combine remote 0.000000
        L3  label extract  0.000000
    [Init Profiler Level 1]
        L1  init     6.6079 | sampler init     0.0000 | trainer init 77.7846
    [Init Profiler Level 2]
        L2  load ds         6.6049 | init queue          24.2431
        L2  presample       0.0000 | build interal ds     1.5111
        L2  build cache    52.0259
    [Init Profiler Level 3]
        L3  load dataset: mmap     6.6049 | copy         0.0000
        L3  dist queue: alloc      0.0008 | pin         24.2424 | push     0.0000
        L3  presample: init        0.0000
        L3  presample: sample      0.0000 | copy         0.0000
        L3  presample: count       0.0000 | sort         0.0000
        L3  presample: reset       0.0000 | get rank     0.0000
        L3  internal: cuda ctx     1.5110 | cuda stream     0.0001
|===========================================================================|
|                  PyTorch CUDA memory summary, device ID 0                 |
|---------------------------------------------------------------------------|
|            CUDA OOMs: 0            |        cudaMalloc retries: 0         |
|===========================================================================|
|        Metric         | Cur Usage  | Peak Usage | Tot Alloc  | Tot Freed  |
|---------------------------------------------------------------------------|
| Allocated memory      |   17817 KB |  785877 KB |    2018 GB |    2018 GB |
|       from large pool |   12941 KB |  784450 KB |    2006 GB |    2006 GB |
|       from small pool |    4876 KB |    6650 KB |      12 GB |      12 GB |
|---------------------------------------------------------------------------|
| Active memory         |   17818 KB |  785877 KB |    2018 GB |    2018 GB |
|       from large pool |   12941 KB |  784450 KB |    2006 GB |    2006 GB |
|       from small pool |    4877 KB |    6650 KB |      12 GB |      12 GB |
|---------------------------------------------------------------------------|
| GPU reserved memory   |     778 MB |     778 MB |     778 MB |       0 B  |
|       from large pool |     770 MB |     770 MB |     770 MB |       0 B  |
|       from small pool |       8 MB |       8 MB |       8 MB |       0 B  |
|---------------------------------------------------------------------------|
| Non-releasable memory |   21094 KB |  689897 KB |    1956 GB |    1956 GB |
|       from large pool |   19827 KB |  688025 KB |    1940 GB |    1940 GB |
|       from small pool |    1267 KB |    3700 KB |      15 GB |      15 GB |
|---------------------------------------------------------------------------|
| Allocations           |      39    |      56    |  183068    |  183029    |
|       from large pool |       3    |      14    |   65464    |   65461    |
|       from small pool |      36    |      45    |  117604    |  117568    |
|---------------------------------------------------------------------------|
| Active allocs         |      40    |      56    |  183068    |  183028    |
|       from large pool |       3    |      14    |   65464    |   65461    |
|       from small pool |      37    |      45    |  117604    |  117567    |
|---------------------------------------------------------------------------|
| GPU reserved segments |      10    |      10    |      10    |       0    |
|       from large pool |       6    |       6    |       6    |       0    |
|       from small pool |       4    |       4    |       4    |       0    |
|---------------------------------------------------------------------------|
| Non-releasable allocs |      14    |      23    |   80510    |   80496    |
|       from large pool |       3    |       9    |   42128    |   42125    |
|       from small pool |      11    |      18    |   38382    |   38371    |
|---------------------------------------------------------------------------|
| Oversize allocations  |       0    |       0    |       0    |       0    |
|---------------------------------------------------------------------------|
| Oversize GPU segments |       0    |       0    |       0    |       0    |
|===========================================================================|

test_result:epoch_time:copy_time=6.2907
test_result:convert_time=0.1466
test_result:train_time=2.9135
test_result:epoch_time:train_total=3.0601
test_result:cache_percentage=0.0800
test_result:cache_hit_rate=1.0000
test_result:run_time=65.6589
