[2022-12-05 06:55:52.134770: W /samgraph/samgraph/common/cpu/mmap_cpu_device.cc:92] mmap allocating space 6.02 GB
[2022-12-05 06:55:52.134898: W /samgraph/samgraph/common/cpu/mmap_cpu_device.cc:97] mmap allocating space 6.02 GB done
[2022-12-05 06:55:54.585886: W /samgraph/samgraph/common/cpu/mmap_cpu_device.cc:92] mmap allocating space 52.96 GB
[2022-12-05 06:55:54.586016: W /samgraph/samgraph/common/cpu/mmap_cpu_device.cc:97] mmap allocating space 52.96 GB done
[2022-12-05 06:55:54.586115: W /samgraph/samgraph/common/cpu/cpu_device.cc:39] WORKER[0] alloc host memory 6.02 GB
[2022-12-05 06:55:55. 58557: E /samgraph/samgraph/common/engine.cc:272] Train set size 7.64 MB
[2022-12-05 06:55:55. 59419: W /samgraph/samgraph/common/cpu/mmap_cpu_device.cc:92] mmap allocating space 68.50 GB
[2022-12-05 06:55:55. 59483: W /samgraph/samgraph/common/cpu/mmap_cpu_device.cc:97] mmap allocating space 68.50 GB done
/usr/lib/python3/dist-packages/requests/__init__.py:89: RequestsDependencyWarning: urllib3 (1.26.12) or chardet (3.0.4) doesn't match a supported version!
  warnings.warn("urllib3 ({}) or chardet ({}) doesn't match a supported "
[2022-12-05 06:55:55.254758: W /samgraph/samgraph/common/dist/dist_engine.cc:662] Trainer[0] initializing...
[2022-12-05 06:55:55.294963: W /samgraph/samgraph/common/dist/dist_engine.cc:662] Trainer[2] initializing...
[2022-12-05 06:55:55.295224: W /samgraph/samgraph/common/dist/dist_engine.cc:662] Trainer[1] initializing...
[2022-12-05 06:55:56.703904: W /samgraph/samgraph/common/dist/dist_engine.cc:666] Trainer[2] pin memory queue...
[2022-12-05 06:55:56.707754: W /samgraph/samgraph/common/dist/dist_engine.cc:666] Trainer[0] pin memory queue...
[2022-12-05 06:55:56.726194: W /samgraph/samgraph/common/dist/dist_engine.cc:666] Trainer[1] pin memory queue...
[2022-12-05 06:56:33. 63674: E /samgraph/samgraph/common/dist/dist_engine.cc:85] Running on V100
[2022-12-05 06:56:33. 64248: W /samgraph/samgraph/common/dist/dist_engine.cc:701] Trainer[1] register host memory...
[2022-12-05 06:56:33. 64812: E /samgraph/samgraph/common/dist/dist_engine.cc:85] Running on V100
[2022-12-05 06:56:33. 65344: W /samgraph/samgraph/common/dist/dist_engine.cc:701] Trainer[0] register host memory...
[2022-12-05 06:56:33. 90929: E /samgraph/samgraph/common/dist/dist_engine.cc:85] Running on V100
[2022-12-05 06:56:33. 91183: W /samgraph/samgraph/common/dist/dist_engine.cc:701] Trainer[2] register host memory...
[2022-12-05 06:56:33.358938: E /samgraph/samgraph/common/dist/dist_engine.cc:85] Running on V100
[2022-12-05 06:56:33.367263: W /samgraph/samgraph/common/cuda/cuda_device.cc:49] GPU[3] alloc cuda memory 423.66 MB
[2022-12-05 06:56:33.470076: W /samgraph/samgraph/common/cuda/cuda_device.cc:49] GPU[3] alloc cuda memory 6.02 GB
[2022-12-05 06:56:34.874621: W /samgraph/samgraph/common/cuda/cuda_device.cc:49] GPU[3] alloc cuda memory 64.00 MB
[2022-12-05 06:56:34.883796: E /samgraph/samgraph/common/dist/pre_sampler.cc:41] Dist Presampler making shuffler...
[2022-12-05 06:56:34.892766: E /samgraph/samgraph/common/dist/pre_sampler.cc:44] Dist Presampler making shuffler...Done
[2022-12-05 06:56:34.892830: W /samgraph/samgraph/common/cpu/cpu_device.cc:39] WORKER[0] alloc host memory 847.32 MB
[2022-12-05 06:56:35.474190: E /samgraph/samgraph/common/dist/pre_sampler.cc:85] Dist Presampler doing presample epoch 0
[2022-12-05 06:56:39.762983: E /samgraph/samgraph/common/dist/pre_sampler.cc:129] presample spend 2.00719 on sample, 0.150647 on copy, 2.1187 on count
[2022-12-05 06:56:39.763115: E /samgraph/samgraph/common/dist/pre_sampler.cc:85] Dist Presampler doing presample epoch 1
[2022-12-05 06:56:43.975790: E /samgraph/samgraph/common/dist/pre_sampler.cc:129] presample spend 3.99079 on sample, 0.299618 on copy, 4.18688 on count
[2022-12-05 06:56:43.975924: E /samgraph/samgraph/common/dist/pre_sampler.cc:136] max_num_inputs = 469631, min_num_inputs = 437131
[2022-12-05 06:56:44.404208: E /samgraph/samgraph/common/dist/pre_sampler.cc:148] presample spend 0.428194 on sort freq.
[2022-12-05 06:56:44.753931: E /samgraph/samgraph/common/dist/dist_engine.cc:524] pre sample done, delete it
[[[2022-12-05 06:56:442022-12-05 06:56:442022-12-05 06:56:44...907193907198907198: : : WWW   /samgraph/samgraph/common/dist/dist_engine.cc/samgraph/samgraph/common/dist/dist_engine.cc/samgraph/samgraph/common/dist/dist_engine.cc:::711711711] ] ] Trainer[0] building cache...Trainer[2] building cache...Trainer[1] building cache...


[2022-12-05 06:56:44.911572: E /samgraph/3rdparty/collcachelib/coll_cache_lib/coll_cache/asymm_link_desc.cc:[1962022-12-05 06:56:44] .build symm link desc with 3X Tesla V100-SXM2-16GB out of 4911621
: E /samgraph/3rdparty/collcachelib/coll_cache_lib/coll_cache/asymm_link_desc.cc[:2022-12-05 06:56:44196.] 911738build symm link desc with 3X Tesla V100-SXM2-16GB out of 4: 
E /samgraph/3rdparty/collcachelib/coll_cache_lib/coll_cache/asymm_link_desc.cc:197[] 2022-12-05 06:56:44remote time is 8.68421.
911830: [E2022-12-05 06:56:44 ./samgraph/3rdparty/collcachelib/coll_cache_lib/coll_cache/asymm_link_desc.cc911884:: 197E]  remote time is 8.68421/samgraph/3rdparty/collcachelib/coll_cache_lib/coll_cache/asymm_link_desc.cc
:198] [cpu time is 302022-12-05 06:56:44
.911999: E /samgraph/3rdparty/collcachelib/coll_cache_lib/coll_cache/asymm_link_desc.cc:198] cpu time is 30
[2022-12-05 06:56:44.918869: E /samgraph/3rdparty/collcachelib/coll_cache_lib/coll_cache/asymm_link_desc.cc:196] build symm link desc with 3X Tesla V100-SXM2-16GB out of 4
[2022-12-05 06:56:44.918957: E /samgraph/3rdparty/collcachelib/coll_cache_lib/coll_cache/asymm_link_desc.cc:197] remote time is 8.68421
[2022-12-05 06:56:44.919005: E /samgraph/3rdparty/collcachelib/coll_cache_lib/coll_cache/asymm_link_desc.cc:198] cpu time is 30
[2022-12-05 06:57:49.260732: E /samgraph/3rdparty/collcachelib/coll_cache_lib/facade.cc:115] solver created. now build & solve
[2022-12-05 06:57:49.308800: E /samgraph/3rdparty/collcachelib/coll_cache_lib/facade.cc:120] solver built. now solve
[2022-12-05 06:57:49.308868: E /samgraph/3rdparty/collcachelib/coll_cache_lib/coll_cache/optimal_solver_class.cc:895] num_cached_nodes = 5552997
[2022-12-05 06:57:49.962961: E /samgraph/3rdparty/collcachelib/coll_cache_lib/facade.cc:124] solver solved
[2022-12-05 06:57:49.963092: E /samgraph/3rdparty/collcachelib/coll_cache_lib/facade.cc:187] 0 solved master
[2022-12-05 06:57:49.963162: E /samgraph/3rdparty/collcachelib/coll_cache_lib/facade.cc:194] 0 solved
[2022-12-05 06:57:49.963207: E /samgraph/3rdparty/collcachelib/coll_cache_lib/facade.cc:197] worker 0 thread 0 initing device 0
[2022-12-05 06:57:49.982862: E /samgraph/3rdparty/collcachelib/coll_cache_lib/facade.cc:194] 2 solved
[2022-12-05 06:57:49.982943: E /samgraph/3rdparty/collcachelib/coll_cache_lib/facade.cc:197] worker 2 thread 2 initing device 2
[2022-12-05 06:57:49.983123: E /samgraph/3rdparty/collcachelib/coll_cache_lib/facade.cc:194] 1 solved
[2022-12-05 06:57:49.983194: E /samgraph/3rdparty/collcachelib/coll_cache_lib/facade.cc:197] worker 1 thread 1 initing device 1
[2022-12-05 06:57:50.342724: E /samgraph/3rdparty/collcachelib/coll_cache_lib/cache_context.cu:1740] Collaborative GPU cache (policy: rep_cache) | local 5552997 / 111059956 nodes ( 5.00 %~5.00 %) | remote 0 / 111059956 nodes ( 0.00 %) | cpu 105506959 / 111059956 nodes ( 95.00 %) | 2.65 GB | 0.377768 secs 
[2022-12-05 06:57:50.343293: E /samgraph/3rdparty/collcachelib/coll_cache_lib/cache_context.cu:1740] Collaborative GPU cache (policy: rep_cache) | local 5552997 / 111059956 nodes ( 5.00 %~5.00 %) | remote 0 / 111059956 nodes ( 0.00 %) | cpu 105506959 / 111059956 nodes ( 95.00 %) | 2.65 GB | 0.358415 secs 
[2022-12-05 06:57:50.343802: E /samgraph/3rdparty/collcachelib/coll_cache_lib/cache_context.cu:1740] Collaborative GPU cache (policy: rep_cache) | local 5552997 / 111059956 nodes ( 5.00 %~5.00 %) | remote 0 / 111059956 nodes ( 0.00 %) | cpu 105506959 / 111059956 nodes ( 95.00 %) | 2.65 GB | 0.358841 secs 
[2022-12-05 06:57:53.591283: W /samgraph/samgraph/common/cuda/cuda_device.cc:49] GPU[0] alloc cuda memory 249.09 MB
[2022-12-05 06:57:54.955920: W /samgraph/samgraph/common/cuda/cuda_device.cc:49] GPU[0] alloc cuda memory 249.09 MB
/usr/local/lib/python3.8/dist-packages/torch/nn/parallel/scatter_gather.py:9: UserWarning: is_namedtuple is deprecated, please use the python checks instead
  warnings.warn("is_namedtuple is deprecated, please use the python checks instead")
/usr/local/lib/python3.8/dist-packages/torch/nn/parallel/scatter_gather.py:9: UserWarning: is_namedtuple is deprecated, please use the python checks instead
  warnings.warn("is_namedtuple is deprecated, please use the python checks instead")
/usr/local/lib/python3.8/dist-packages/torch/nn/parallel/scatter_gather.py:9: UserWarning: is_namedtuple is deprecated, please use the python checks instead
  warnings.warn("is_namedtuple is deprecated, please use the python checks instead")
