[2022-12-05 17:56:50.551451: W /samgraph/samgraph/common/cpu/mmap_cpu_device.cc:92] mmap allocating space 12.87 GB
[2022-12-05 17:56:50.551554: W /samgraph/samgraph/common/cpu/mmap_cpu_device.cc:97] mmap allocating space 12.87 GB done
[2022-12-05 17:56:55.972052: W /samgraph/samgraph/common/cpu/mmap_cpu_device.cc:92] mmap allocating space 349.28 GB
[2022-12-05 17:56:55.972160: W /samgraph/samgraph/common/cpu/mmap_cpu_device.cc:97] mmap allocating space 349.28 GB done
[2022-12-05 17:56:55.972200: W /samgraph/samgraph/common/cpu/mmap_cpu_device.cc:92] mmap allocating space 1.82 GB
[2022-12-05 17:56:55.972234: W /samgraph/samgraph/common/cpu/mmap_cpu_device.cc:97] mmap allocating space 1.82 GB done
[2022-12-05 17:56:55.972295: W /samgraph/samgraph/common/cpu/cpu_device.cc:39] WORKER[0] alloc host memory 12.87 GB
[2022-12-05 17:56:56.800943: E /samgraph/samgraph/common/engine.cc:272] Train set size 7.64 MB
[2022-12-05 17:56:56.801707: W /samgraph/samgraph/common/cpu/mmap_cpu_device.cc:92] mmap allocating space 68.50 GB
[2022-12-05 17:56:56.801745: W /samgraph/samgraph/common/cpu/mmap_cpu_device.cc:97] mmap allocating space 68.50 GB done
/usr/lib/python3/dist-packages/requests/__init__.py:89: RequestsDependencyWarning: urllib3 (1.26.12) or chardet (3.0.4) doesn't match a supported version!
  warnings.warn("urllib3 ({}) or chardet ({}) doesn't match a supported "
[2022-12-05 17:56:56.953454: W /samgraph/samgraph/common/dist/dist_engine.cc:662] Trainer[0] initializing...
[2022-12-05 17:56:57. 53425: W /samgraph/samgraph/common/dist/dist_engine.cc:662] Trainer[1] initializing...
[2022-12-05 17:56:57. 55986: W /samgraph/samgraph/common/dist/dist_engine.cc:662] Trainer[2] initializing...
[2022-12-05 17:56:58.442336: W /samgraph/samgraph/common/dist/dist_engine.cc:666] Trainer[0] pin memory queue...
[2022-12-05 17:56:58.469796: W /samgraph/samgraph/common/dist/dist_engine.cc:666] Trainer[1] pin memory queue...
[2022-12-05 17:56:58.481074: W /samgraph/samgraph/common/dist/dist_engine.cc:666] Trainer[2] pin memory queue...
[2022-12-05 17:57:21.538093: E /samgraph/samgraph/common/dist/dist_engine.cc:85] Running on V100
[2022-12-05 17:57:21.538675: W /samgraph/samgraph/common/dist/dist_engine.cc:701] Trainer[0] register host memory...
[2022-12-05 17:57:21.538703: E /samgraph/samgraph/common/dist/dist_engine.cc:85] Running on V100
[2022-12-05 17:57:21.539204: W /samgraph/samgraph/common/dist/dist_engine.cc:701] Trainer[2] register host memory...
[2022-12-05 17:57:21.563276: E /samgraph/samgraph/common/dist/dist_engine.cc:85] Running on V100
[2022-12-05 17:57:21.563357: W /samgraph/samgraph/common/dist/dist_engine.cc:701] Trainer[1] register host memory...
[2022-12-05 17:57:21.774863: E /samgraph/samgraph/common/dist/dist_engine.cc:85] Running on V100
[2022-12-05 17:57:21.780646: W /samgraph/samgraph/common/cuda/cuda_device.cc:49] GPU[3] alloc cuda memory 931.40 MB
[2022-12-05 17:57:22. 17734: W /samgraph/samgraph/common/cuda/cuda_device.cc:49] GPU[3] alloc cuda memory 12.87 GB
[2022-12-05 17:57:25.183336: W /samgraph/samgraph/common/cuda/cuda_device.cc:49] GPU[3] alloc cuda memory 64.00 MB
[2022-12-05 17:57:25.188734: E /samgraph/samgraph/common/dist/pre_sampler.cc:41] Dist Presampler making shuffler...
[2022-12-05 17:57:25.193733: E /samgraph/samgraph/common/dist/pre_sampler.cc:44] Dist Presampler making shuffler...Done
[2022-12-05 17:57:25.193780: W /samgraph/samgraph/common/cpu/cpu_device.cc:39] WORKER[0] alloc host memory 1.82 GB
[2022-12-05 17:57:25.837217: E /samgraph/samgraph/common/dist/pre_sampler.cc:85] Dist Presampler doing presample epoch 0
[2022-12-05 17:57:33.535612: E /samgraph/samgraph/common/dist/pre_sampler.cc:129] presample spend 3.69 on sample, 0.304794 on copy, 3.69118 on count
[2022-12-05 17:57:33.535749: E /samgraph/samgraph/common/dist/pre_sampler.cc:85] Dist Presampler doing presample epoch 1
[2022-12-05 17:57:41.313626: E /samgraph/samgraph/common/dist/pre_sampler.cc:129] presample spend 7.36597 on sample, 0.607182 on copy, 7.47864 on count
[2022-12-05 17:57:41.313739: E /samgraph/samgraph/common/dist/pre_sampler.cc:136] max_num_inputs = 978250, min_num_inputs = 926104
[2022-12-05 17:57:41.966793: E /samgraph/samgraph/common/dist/pre_sampler.cc:148] presample spend 0.652948 on sort freq.
[2022-12-05 17:57:42.718585: E /samgraph/samgraph/common/dist/dist_engine.cc:524] pre sample done, delete it
[[[2022-12-05 17:57:422022-12-05 17:57:422022-12-05 17:57:42...775646775649775652: : : WWW   /samgraph/samgraph/common/dist/dist_engine.cc/samgraph/samgraph/common/dist/dist_engine.cc/samgraph/samgraph/common/dist/dist_engine.cc:::711711711] ] ] Trainer[0] building cache...Trainer[2] building cache...Trainer[1] building cache...


[[2022-12-05 17:57:422022-12-05 17:57:42..[7791487791562022-12-05 17:57:42: : .EE779183  : /samgraph/3rdparty/collcachelib/coll_cache_lib/run_config.cc/samgraph/3rdparty/collcachelib/coll_cache_lib/run_config.ccE:: 134134/samgraph/3rdparty/collcachelib/coll_cache_lib/run_config.cc] ] :using concurrent impl MPSusing concurrent impl MPS134

] using concurrent impl MPS
[2022-12-05 17:57:42.780752: E /samgraph/3rdparty/collcachelib/coll_cache_lib/coll_cache/asymm_link_desc.cc:[1962022-12-05 17:57:42] .build symm link desc with 3X Tesla V100-SXM2-16GB out of 4780793
: E [/samgraph/3rdparty/collcachelib/coll_cache_lib/coll_cache/asymm_link_desc.cc2022-12-05 17:57:42:.196[780835] 2022-12-05 17:57:42: build symm link desc with 3X Tesla V100-SXM2-16GB out of 4.E
780874 : /samgraph/3rdparty/collcachelib/coll_cache_lib/coll_cache/asymm_link_desc.ccE: 196/samgraph/3rdparty/collcachelib/coll_cache_lib/coll_cache/asymm_link_desc.cc[] :2022-12-05 17:57:42build symm link desc with 3X Tesla V100-SXM2-16GB out of 4197.
] 780948remote time is 8.68421: 
E /samgraph/3rdparty/collcachelib/coll_cache_lib/coll_cache/asymm_link_desc.cc:[[1972022-12-05 17:57:422022-12-05 17:57:42] ..remote time is 8.68421781018781017
: : EE [ /samgraph/3rdparty/collcachelib/coll_cache_lib/coll_cache/asymm_link_desc.cc2022-12-05 17:57:42/samgraph/3rdparty/collcachelib/coll_cache_lib/coll_cache/asymm_link_desc.cc:.:198781085197] : ] cpu time is 30Eremote time is 8.68421
 
/samgraph/3rdparty/collcachelib/coll_cache_lib/coll_cache/asymm_link_desc.cc:198] [cpu time is 302022-12-05 17:57:42
.781185: E /samgraph/3rdparty/collcachelib/coll_cache_lib/coll_cache/asymm_link_desc.cc:198] cpu time is 30[
2022-12-05 17:57:42.781248: F /samgraph/3rdparty/collcachelib/coll_cache_lib/facade.cc:180[] 2022-12-05 17:57:42Check failed: e == cudaSuccess || e == cudaErrorCudartUnloading [134571]CUDA: out of memory.
781298: F /samgraph/3rdparty/collcachelib/coll_cache_lib/facade.cc[:2022-12-05 17:57:42180.] 781344Check failed: e == cudaSuccess || e == cudaErrorCudartUnloading [134576]CUDA: out of memory: 
F /samgraph/3rdparty/collcachelib/coll_cache_lib/facade.cc:180] Check failed: e == cudaSuccess || e == cudaErrorCudartUnloading [134573]CUDA: out of memory
[2022-12-05 17:57:45. 84740: E /samgraph/samgraph/common/operation.cc:571] detect an abnormal terminated child, signal is Aborted
