[2022-12-08 13:39:29.229683: W /samgraph/samgraph/common/cpu/mmap_cpu_device.cc:92] mmap allocating space 13.46 GB
[2022-12-08 13:39:29.229787: W /samgraph/samgraph/common/cpu/mmap_cpu_device.cc:97] mmap allocating space 13.46 GB done
[2022-12-08 13:39:34.832101: W /samgraph/samgraph/common/cpu/mmap_cpu_device.cc:92] mmap allocating space 62.57 GB
[2022-12-08 13:39:34.832229: W /samgraph/samgraph/common/cpu/mmap_cpu_device.cc:97] mmap allocating space 62.57 GB done
[2022-12-08 13:39:34.832328: W /samgraph/samgraph/common/cpu/cpu_device.cc:39] WORKER[0] alloc host memory 13.46 GB
[2022-12-08 13:39:35.646986: E /samgraph/samgraph/common/engine.cc:272] Train set size 7.64 MB
[2022-12-08 13:39:35.647702: W /samgraph/samgraph/common/cpu/mmap_cpu_device.cc:92] mmap allocating space 68.50 GB
[2022-12-08 13:39:35.647739: W /samgraph/samgraph/common/cpu/mmap_cpu_device.cc:97] mmap allocating space 68.50 GB done
/usr/lib/python3/dist-packages/requests/__init__.py:89: RequestsDependencyWarning: urllib3 (1.26.12) or chardet (3.0.4) doesn't match a supported version!
  warnings.warn("urllib3 ({}) or chardet ({}) doesn't match a supported "
[2022-12-08 13:39:35.845567: W /samgraph/samgraph/common/dist/dist_engine.cc:662] Trainer[0] initializing...
[2022-12-08 13:39:35.864012: W /samgraph/samgraph/common/dist/dist_engine.cc:662] Trainer[2] initializing...
[2022-12-08 13:39:35.893067: W /samgraph/samgraph/common/dist/dist_engine.cc:662] Trainer[1] initializing...
[2022-12-08 13:39:37.285289: W /samgraph/samgraph/common/dist/dist_engine.cc:666] Trainer[2] pin memory queue...
[2022-12-08 13:39:37.285505: W /samgraph/samgraph/common/dist/dist_engine.cc:666] Trainer[0] pin memory queue...
[2022-12-08 13:39:37.299485: W /samgraph/samgraph/common/dist/dist_engine.cc:666] Trainer[1] pin memory queue...
[2022-12-08 13:40:11.372787: E /samgraph/samgraph/common/dist/dist_engine.cc:85] Running on V100
[[2022-12-08 13:40:112022-12-08 13:40:11..373211373233: : EW  /samgraph/samgraph/common/dist/dist_engine.cc/samgraph/samgraph/common/dist/dist_engine.cc:[:857012022-12-08 13:40:11] ] .Running on V100Trainer[0] register host memory...373262

: E /samgraph/samgraph/common/dist/dist_engine.cc:85] Running on V100
[2022-12-08 13:40:11.373592: W /samgraph/samgraph/common/dist/dist_engine.cc[:2022-12-08 13:40:11701.] 373608Trainer[2] register host memory...: 
W /samgraph/samgraph/common/dist/dist_engine.cc:701] Trainer[1] register host memory...
[2022-12-08 13:40:11.678659: E /samgraph/samgraph/common/dist/dist_engine.cc:85] Running on V100
[2022-12-08 13:40:11.686543: W /samgraph/samgraph/common/cuda/cuda_device.cc:49] GPU[3] alloc cuda memory 250.28 MB
[2022-12-08 13:40:11.757149: W /samgraph/samgraph/common/cuda/cuda_device.cc:49] GPU[3] alloc cuda memory 13.46 GB
[2022-12-08 13:40:14.845599: W /samgraph/samgraph/common/cuda/cuda_device.cc:49] GPU[3] alloc cuda memory 64.00 MB
[2022-12-08 13:40:14.854838: E /samgraph/samgraph/common/dist/pre_sampler.cc:41] Dist Presampler making shuffler...
[2022-12-08 13:40:14.863859: E /samgraph/samgraph/common/dist/pre_sampler.cc:44] Dist Presampler making shuffler...Done
[2022-12-08 13:40:14.863907: W /samgraph/samgraph/common/cpu/cpu_device.cc:39] WORKER[0] alloc host memory 500.55 MB
[2022-12-08 13:40:15.209840: E /samgraph/samgraph/common/dist/pre_sampler.cc:85] Dist Presampler doing presample epoch 0
[2022-12-08 13:40:26.925831: E /samgraph/samgraph/common/dist/pre_sampler.cc:129] presample spend 5.49703 on sample, 0.399095 on copy, 5.80635 on count
[2022-12-08 13:40:26.925937: E /samgraph/samgraph/common/dist/pre_sampler.cc:85] Dist Presampler doing presample epoch 1
[2022-12-08 13:40:38.598849: E /samgraph/samgraph/common/dist/pre_sampler.cc:129] presample spend 10.9705 on sample, 0.793838 on copy, 11.5975 on count
[2022-12-08 13:40:38.598977: E /samgraph/samgraph/common/dist/pre_sampler.cc:136] max_num_inputs = 1276272, min_num_inputs = 1246417
[2022-12-08 13:40:38.848661: E /samgraph/samgraph/common/dist/pre_sampler.cc:148] presample spend 0.249571 on sort freq.
[2022-12-08 13:40:39.211100: E /samgraph/samgraph/common/dist/dist_engine.cc:524] pre sample done, delete it
[[[2022-12-08 13:40:392022-12-08 13:40:392022-12-08 13:40:39...303089303089303089: : : WWW   /samgraph/samgraph/common/dist/dist_engine.cc/samgraph/samgraph/common/dist/dist_engine.cc/samgraph/samgraph/common/dist/dist_engine.cc:::711711711] ] ] Trainer[1] building cache...Trainer[2] building cache...Trainer[0] building cache...


[2022-12-08 13:40:39.309861: E /samgraph/3rdparty/collcachelib/coll_cache_lib/run_config.cc:134] using concurrent impl MPS
[2022-12-08 13:40:39.310379: E /samgraph/3rdparty/collcachelib/coll_cache_lib/coll_cache/asymm_link_desc.cc:200] build symm link desc with 3X Tesla V100-SXM2-16GB out of 4
[2022-12-08 13:40:39.310478: E[ [2022-12-08 13:40:39/samgraph/3rdparty/collcachelib/coll_cache_lib/coll_cache/asymm_link_desc.cc2022-12-08 13:40:39.:.310479201310506: ] : Eremote time is 8.68421E 
 /samgraph/3rdparty/collcachelib/coll_cache_lib/run_config.cc/samgraph/3rdparty/collcachelib/coll_cache_lib/run_config.cc:[:1342022-12-08 13:40:39134] .] using concurrent impl MPS310628using concurrent impl MPS
: 
E /samgraph/3rdparty/collcachelib/coll_cache_lib/coll_cache/asymm_link_desc.cc:202] cpu time is 30
[2022-12-08 13:40:39.311661: E /samgraph/3rdparty/collcachelib/coll_cache_lib/coll_cache/asymm_link_desc.cc[:2022-12-08 13:40:39200.] 311701build symm link desc with 3X Tesla V100-SXM2-16GB out of 4: 
E /samgraph/3rdparty/collcachelib/coll_cache_lib/coll_cache/asymm_link_desc.cc:200] build symm link desc with 3X Tesla V100-SXM2-16GB out of 4[
2022-12-08 13:40:39.311796: E /samgraph/3rdparty/collcachelib/coll_cache_lib/coll_cache/asymm_link_desc.cc[:2022-12-08 13:40:39201.] 311841remote time is 8.68421: 
E /samgraph/3rdparty/collcachelib/coll_cache_lib/coll_cache/asymm_link_desc.cc:[2012022-12-08 13:40:39] .remote time is 8.68421311901
: E /samgraph/3rdparty/collcachelib/coll_cache_lib/coll_cache/asymm_link_desc.cc[:2022-12-08 13:40:39202.] 311954cpu time is 30: 
E /samgraph/3rdparty/collcachelib/coll_cache_lib/coll_cache/asymm_link_desc.cc:202] cpu time is 30
[2022-12-08 13:41:49.583377: E /samgraph/3rdparty/collcachelib/coll_cache_lib/facade.cc:118] solver created. now build & solve
[2022-12-08 13:41:49.612670: E /samgraph/3rdparty/collcachelib/coll_cache_lib/facade.cc:123] solver built. now solve
[2022-12-08 13:41:49.612737: E /samgraph/3rdparty/collcachelib/coll_cache_lib/coll_cache/optimal_solver_class.cc:895] num_cached_nodes = 3936501
[2022-12-08 13:41:50. 11895: E /samgraph/3rdparty/collcachelib/coll_cache_lib/facade.cc:127] solver solved
[2022-12-08 13:41:50. 11998: E /samgraph/3rdparty/collcachelib/coll_cache_lib/facade.cc:195] 0 solved master
[2022-12-08 13:41:50. 12041: E /samgraph/3rdparty/collcachelib/coll_cache_lib/facade.cc:202] 0 solved
[2022-12-08 13:41:50. 12068: E /samgraph/3rdparty/collcachelib/coll_cache_lib/facade.cc:205] worker 0 thread 0 initing device 0
[2022-12-08 13:41:50. 23864: E /samgraph/3rdparty/collcachelib/coll_cache_lib/facade.cc:202] 1 solved
[2022-12-08 13:41:50. 23919: E /samgraph/3rdparty/collcachelib/coll_cache_lib/facade.cc:205] worker 1 thread 1 initing device 1
[2022-12-08 13:41:50. 23960: E /samgraph/3rdparty/collcachelib/coll_cache_lib/facade.cc:202] 2 solved
[2022-12-08 13:41:50. 24013: E /samgraph/3rdparty/collcachelib/coll_cache_lib/facade.cc:205] worker 2 thread 2 initing device 2
[2022-12-08 13:41:50.433206: E /samgraph/3rdparty/collcachelib/coll_cache_lib/cache_context.cu:1744] Collaborative GPU cache (policy: rep_cache) | local 3936501 / 65608366 nodes ( 6.00 %~6.00 %) | remote 0 / 65608366 nodes ( 0.00 %) | cpu 61671865 / 65608366 nodes ( 94.00 %) | 3.75 GB | 0.407307 secs 
[2022-12-08 13:41:50.433404: E /samgraph/3rdparty/collcachelib/coll_cache_lib/cache_context.cu:1744] Collaborative GPU cache (policy: rep_cache) | local 3936501 / 65608366 nodes ( 6.00 %~6.00 %) | remote 0 / 65608366 nodes ( 0.00 %) | cpu 61671865 / 65608366 nodes ( 94.00 %) | 3.75 GB | 0.407552 secs 
[2022-12-08 13:41:50.433695: E /samgraph/3rdparty/collcachelib/coll_cache_lib/cache_context.cu:1744] Collaborative GPU cache (policy: rep_cache) | local 3936501 / 65608366 nodes ( 6.00 %~6.00 %) | remote 0 / 65608366 nodes ( 0.00 %) | cpu 61671865 / 65608366 nodes ( 94.00 %) | 3.75 GB | 0.419736 secs 
[2022-12-08 13:41:50.434067: W /samgraph/3rdparty/collcachelib/coll_cache_lib/cache_context.cu:2010] before create ctx, mem is 5.20 GB
[2022-12-08 13:41:51.951405: W /samgraph/3rdparty/collcachelib/coll_cache_lib/cache_context.cu:2016] after create ctx, mem is 5.69 GB
[2022-12-08 13:41:51.951826: W /samgraph/3rdparty/collcachelib/coll_cache_lib/cache_context.cu:2023] after create stream, mem is 5.69 GB
[2022-12-08 13:41:51.952032: W /samgraph/3rdparty/collcachelib/coll_cache_lib/cache_context.cu:2010] before create ctx, mem is 5.69 GB
[2022-12-08 13:41:53.253351: W /samgraph/3rdparty/collcachelib/coll_cache_lib/cache_context.cu:2016] after create ctx, mem is 6.18 GB
[2022-12-08 13:41:53.253515: W /samgraph/3rdparty/collcachelib/coll_cache_lib/cache_context.cu:2023] after create stream, mem is 6.18 GB
[2022-12-08 13:41:53.253928: W /samgraph/3rdparty/collcachelib/coll_cache_lib/cache_context.cu:2010] before create ctx, mem is 6.18 GB
[2022-12-08 13:41:54.526139: W /samgraph/3rdparty/collcachelib/coll_cache_lib/cache_context.cu:2016] after create ctx, mem is 6.82 GB
[2022-12-08 13:41:54.526281: W /samgraph/3rdparty/collcachelib/coll_cache_lib/cache_context.cu:2023] after create stream, mem is 6.82 GB
[2022-12-08 13:41:54.526627: W /samgraph/3rdparty/collcachelib/coll_cache_lib/cache_context.cu:2010] before create ctx, mem is 6.82 GB
[2022-12-08 13:41:55.870601: W /samgraph/3rdparty/collcachelib/coll_cache_lib/cache_context.cu:2016] after create ctx, mem is 7.19 GB
[2022-12-08 13:41:55.870709: W /samgraph/3rdparty/collcachelib/coll_cache_lib/cache_context.cu:2023] after create stream, mem is 7.19 GB
[2022-12-08 13:42:03.510386: W /samgraph/samgraph/common/cuda/cuda_device.cc:49] GPU[0] alloc cuda memory 1.31 GB
[2022-12-08 13:42:03.511160: W /samgraph/samgraph/common/cuda/cuda_device.cc:49] GPU[0] alloc cuda memory 13.12 MB
[2022-12-08 13:42:03.511865: W /samgraph/samgraph/common/cuda/cuda_device.cc:49] GPU[0] alloc cuda memory 13.12 MB
[2022-12-08 13:42:04.864984: W /samgraph/samgraph/common/cuda/cuda_device.cc:49] GPU[0] alloc cuda memory 1.31 GB
[2022-12-08 13:42:04.865866: W /samgraph/samgraph/common/cuda/cuda_device.cc:49] GPU[0] alloc cuda memory 12.03 MB
/usr/local/lib/python3.8/dist-packages/torch/nn/parallel/scatter_gather.py:9: UserWarning: is_namedtuple is deprecated, please use the python checks instead
  warnings.warn("is_namedtuple is deprecated, please use the python checks instead")
/usr/local/lib/python3.8/dist-packages/torch/nn/parallel/scatter_gather.py:9: UserWarning: is_namedtuple is deprecated, please use the python checks instead
  warnings.warn("is_namedtuple is deprecated, please use the python checks instead")
/usr/local/lib/python3.8/dist-packages/torch/nn/parallel/scatter_gather.py:9: UserWarning: is_namedtuple is deprecated, please use the python checks instead
  warnings.warn("is_namedtuple is deprecated, please use the python checks instead")
