config:eval_tsp="2022-12-08 14:06:09"
config:arch=arch5
config:num_train_worker=3
config:num_sample_worker=1
config:sample_type=khop2
config:root_path=/nvme/graph-learning-copy/samgraph/
config:dataset=com-friendster
config:pipeline=False
config:cache_policy=coll_cache_asymm_link
config:cache_percentage=0.1
config:num_epoch=4
config:batch_size=2000
config:num_hidden=256
config:max_sampling_jobs=1
config:max_copying_jobs=1
config:barriered_epoch=1
config:presample_epoch=2
config:omp_thread_num=13
config:unsupervised=True
config:amp=True
config:rolling=0
config:fanout=[25, 10]
config:lr=0.003
config:dropout=0.5
config:single_gpu=False
config:max_num_step=1000
config:validate_configs=False
config:report_acc=0
config:dataset_path=/nvme/graph-learning-copy/samgraph/com-friendster
config:torch_thread_num=13
config:train_workers=['cuda:0', 'cuda:1', 'cuda:2']
config:sample_workers=['cuda:3']
config:num_fanout=2
config:num_layer=2
config:_run_mode=RunMode.FGNN
config:_log_level=warn
config:_profile_level=3
config:_empty_feat=0
config:_arch=5
config:_sample_type=5
config:_cache_policy=13
test_result:init:input_scale_factor=1.1
0 :  {link #0 : 1}, {link #1 : 2},
1 :  {link #0 : 2}, {link #1 : 0},
2 :  {link #0 : 0}, {link #1 : 1},
0 :  {link #0 : 1}, {link #1 : 2},
1 :  {link #0 : 2}, {link #1 : 0},
2 :  {link #0 : 0}, {link #1 : 1},
0 :  {link #0 : 1}, {link #1 : 2},
1 :  {link #0 : 2}, {link #1 : 0},
2 :  {link #0 : 0}, {link #1 : 1},
Set parameter WLSAccessID
Set parameter WLSSecret
Set parameter LicenseID
Set parameter TimeLimit to value 200
Set parameter MIPGap to value 0.05
Set parameter GomoryPasses to value 0
Set parameter Aggregate to value 0
Set parameter LogFile to value "cppsolver.log"
Set parameter Threads to value 26
Academic license - for non-commercial use only - registered to xiaoniu.sxn@sjtu.edu.cn
Gurobi Optimizer version 9.5.1 build v9.5.1rc2 (linux64)
Thread count: 40 physical cores, 80 logical processors, using up to 26 threads
Academic license - for non-commercial use only - registered to xiaoniu.sxn@sjtu.edu.cn
Optimize a model with 21582 rows, 10274 columns and 64716 nonzeros
Model fingerprint: 0xb58a1978
Variable types: 4 continuous, 10270 integer (10270 binary)
Coefficient statistics:
  Matrix range     [3e-04, 2e+03]
  Objective range  [1e+00, 1e+00]
  Bounds range     [1e+00, 1e+00]
  RHS range        [1e+00, 2e+03]
Found heuristic solution: objective 2.000000e+09
Presolve removed 12326 rows and 0 columns
Presolve time: 0.11s
Presolved: 9256 rows, 10274 columns, 38012 nonzeros
Found heuristic solution: objective 96787.151030
Variable types: 4 continuous, 10270 integer (10270 binary)

Root relaxation: objective 1.401491e+04, 7620 iterations, 0.15 seconds (0.09 work units)

    Nodes    |    Current Node    |     Objective Bounds      |     Work
 Expl Unexpl |  Obj  Depth IntInf | Incumbent    BestBd   Gap | It/Node Time

     0     0 14014.9050    0   13 96787.1510 14014.9050  85.5%     -    0s
H    0     0                    14054.775382 14014.9050  0.28%     -    0s

Explored 1 nodes (10472 simplex iterations) in 0.48 seconds (0.27 work units)
Thread count was 26 (of 80 available processors)

Solution count 3: 14054.8 96787.2 2e+09 

Optimal solution found (tolerance 5.00e-02)
Best objective 1.405477538242e+04, best bound 1.401490502059e+04, gap 0.2837%
coll_cache:optimal_local_rate=0.337598,0.289376,0.271573,
coll_cache:optimal_remote_rate=0.560657,0.608879,0.626683,
coll_cache:optimal_cpu_rate=0.101745,0.101745,0.101745,
z=14054.8
test_result:init:feat_nbytes=67182966784
test_result:init:cache_nbytes=6720576512
test_result:init:feat_nbytes=67182966784
test_result:init:cache_nbytes=6700777472
test_result:init:feat_nbytes=67182966784
test_result:init:cache_nbytes=6724032512
[Train  Worker 2/3] Started with PID 1003637(Tesla V100-SXM2-16GB)
[Train  Worker 2] run train for 4 epochs with 1002 steps
[Train  Worker 1/3] Started with PID 1003632(Tesla V100-SXM2-16GB)
[Train  Worker 1] run train for 4 epochs with 1002 steps
[CUDA] cuda0: usage: 13.75 GB
[SAM] cuda0 data alloc        : 0.00 Bytes
[SAM] cuda0 workspace         : 2.73 GB
[SAM] cuda0 workspace reserve : 1.36 GB
[SAM] cuda0 total             : 2.73 GB
[Train  Worker 0/3] Started with PID 1003630(Tesla V100-SXM2-16GB)
[Train  Worker 0] run train for 4 epochs with 1002 steps
Epoch 00000 | Epoch Time 9.0251 | Total Train Time(Profiler) 4.4316 | Copy Time 4.5636
[CUDA] cuda0: usage: 13.75 GB
[SAM] cuda0 data alloc        : 0.00 Bytes
[SAM] cuda0 workspace         : 2.73 GB
[SAM] cuda0 workspace reserve : 1.36 GB
[SAM] cuda0 total             : 2.73 GB
Epoch 00001 | Epoch Time 7.6707 | Total Train Time(Profiler) 3.1176 | Copy Time 4.5242
[CUDA] cuda0: usage: 13.75 GB
[SAM] cuda0 data alloc        : 0.00 Bytes
[SAM] cuda0 workspace         : 2.73 GB
[SAM] cuda0 workspace reserve : 1.36 GB
[SAM] cuda0 total             : 2.73 GB
Epoch 00002 | Epoch Time 7.8571 | Total Train Time(Profiler) 3.2831 | Copy Time 4.5340
[CUDA] cuda0: usage: 13.75 GB
[SAM] cuda0 data alloc        : 0.00 Bytes
[SAM] cuda0 workspace         : 2.73 GB
[SAM] cuda0 workspace reserve : 1.36 GB
[SAM] cuda0 total             : 2.73 GB
Epoch 00003 | Epoch Time 7.8752 | Total Train Time(Profiler) 3.2937 | Copy Time 4.5478
[Train  Worker 2] Avg Epoch Time 7.8011 | Train Total Time(Profiler) 3.1947 | Copy Time 4.5759
[Train  Worker 1] Avg Epoch Time 7.8010 | Train Total Time(Profiler) 3.1454 | Copy Time 4.6228
[Train  Worker 0] Avg Epoch Time 7.8010 | Train Total Time(Profiler) 3.2315 | Copy Time 4.5353
    [Step(average) Profiler Level 1 E3 S1001]
        L1  sample           0.005445 | send           0.001269
        L1  recv             0.000000 | copy           0.000000 | convert time 0.000000 | train  0.000000
        L1  feature nbytes 0.00 Bytes | label nbytes 0.00 Bytes
        L1  id nbytes      0.00 Bytes | graph nbytes 0.00 Bytes
        L1  miss nbytes    0.00 Bytes | remote nbytes 0.00 Bytes
        L1  num nodes         1262253 | num samples     1406506
    [Step(average) Profiler Level 2 E3 S1001]
        L2  shuffle     0.000072 | core sample  0.001979 | id remap        0.003211
        L2  graph copy  0.000000 | id copy      0.000000 | cache feat copy 0.000000
        L2  last layer sample time 0.000296 | size 57473.710912
    [Step(average) Profiler Level 3 E3 S1001]
        L3  khop sample coo  0.001675 | khop sort coo      0.000000 | khop count edge     0.000036 | khop compact edge 0.000218
        L3  walk sample coo  0.000000 | walk topk total    0.000000 | walk topk step1     0.000000 | walk topk step2   0.000000
        L3  walk topk step3  0.000000 | walk topk step4    0.000000 | walk topk step5     0.000000
        L3  walk topk step6  0.000000 | walk topk step7    0.000000
        L3  remap unique     0.000172 | remap populate     0.002731 | remap mapnode       0.000000 | remap mapedge     0.000493
        L3  cache get_index  0.000000 | cache copy_index   0.000000 | cache extract_miss  0.000000
        L3  cache copy_miss  0.000000 | cache combine_miss 0.000000 | cache combine cache 0.000000 | cache combine remote 0.000000
        L3  label extract  0.000000
    [Init Profiler Level 1]
        L1  init     7.4144 | sampler init    51.1061 | trainer init 0.0000
    [Init Profiler Level 2]
        L2  load ds        10.6161 | init queue          24.1165
        L2  presample      22.0395 | build interal ds     1.7458
        L2  build cache     0.0000
    [Init Profiler Level 3]
        L3  load dataset: mmap     7.4116 | copy         3.2045
        L3  dist queue: alloc      0.0007 | pin         24.1159 | push     0.0000
        L3  presample: init        0.1780
        L3  presample: sample     10.9522 | copy         0.7928
        L3  presample: count       9.6706 | sort         0.2029
        L3  presample: reset       0.0012 | get rank     0.0239
        L3  internal: cuda ctx     1.4916 | cuda stream     0.2481
[Sample Worker 0/1] Started with PID 1003628(Tesla V100-SXM2-16GB)
[Sample Worker 0] run sample for 4 epochs with 1002 steps
[Sample Worker 0] Avg Sample Total Time 6.7386 | Sampler Total Time(Profiler) 6.7270
test_result:sample_time=5.4554
test_result:get_cache_miss_index_time=0.0000
test_result:enqueue_samples_time=1.2716
test_result:epoch_time:sample_total=6.7386
[CUDA] cuda0: usage: 13.75 GB
[SAM] cuda0 data alloc        : 0.00 Bytes
[SAM] cuda0 workspace         : 2.73 GB
[SAM] cuda0 workspace reserve : 1.36 GB
[SAM] cuda0 total             : 2.73 GB
    [Step(average) Profiler Level 1 E3 S1001]
        L1  sample           0.000000 | send           0.000000
        L1  recv             0.001435 | copy           0.013707 | convert time 0.000501 | train  0.009051
        L1  feature nbytes    1.20 GB | label nbytes   15.62 KB
        L1  id nbytes      0.00 Bytes | graph nbytes 0.00 Bytes
        L1  miss nbytes     129.87 MB | remote nbytes  735.09 MB
        L1  num nodes               0 | num samples           0
    [Step(average) Profiler Level 2 E3 S1001]
        L2  shuffle     0.000000 | core sample  0.000000 | id remap        0.000000
        L2  graph copy  0.000004 | id copy      0.000000 | cache feat copy 0.012268
        L2  last layer sample time 0.000000 | size 0.000000
    [Step(average) Profiler Level 3 E3 S1001]
        L3  khop sample coo  0.000000 | khop sort coo      0.000000 | khop count edge     0.000000 | khop compact edge 0.000000
        L3  walk sample coo  0.000000 | walk topk total    0.000000 | walk topk step1     0.000000 | walk topk step2   0.000000
        L3  walk topk step3  0.000000 | walk topk step4    0.000000 | walk topk step5     0.000000
        L3  walk topk step6  0.000000 | walk topk step7    0.000000
        L3  remap unique     0.000000 | remap populate     0.000000 | remap mapnode       0.000000 | remap mapedge     0.000000
        L3  cache get_index  0.000793 | cache copy_index   0.000000 | cache extract_miss  0.000000
        L3  cache copy_miss  0.000000 | cache combine_miss 0.011281 | cache combine cache 0.001205 | cache combine remote 0.009938
        L3  label extract  0.000016
    [Step(max) Profiler Level 1 E3 S1001]
        L1  sample           0.000000 | send           0.000000
        L1  recv             0.000000 | copy           0.000000 | convert time 0.000000 | train  0.000000
        L1  feature nbytes 0.00 Bytes | label nbytes 0.00 Bytes
        L1  id nbytes      0.00 Bytes | graph nbytes   10.90 MB
        L1  miss nbytes    0.00 Bytes | remote nbytes 0.00 Bytes
        L1  num nodes               0 | num samples           0
    [Step(max) Profiler Level 2 E3 S1001]
        L2  shuffle     0.000000 | core sample  0.000000 | id remap        0.000000
        L2  graph copy  0.000000 | id copy      0.000000 | cache feat copy 0.000000
        L2  last layer sample time 0.000000 | size 0.000000
    [Step(max) Profiler Level 3 E3 S1001]
        L3  khop sample coo  0.000000 | khop sort coo      0.000000 | khop count edge     0.000000 | khop compact edge 0.000000
        L3  walk sample coo  0.000000 | walk topk total    0.000000 | walk topk step1     0.000000 | walk topk step2   0.000000
        L3  walk topk step3  0.000000 | walk topk step4    0.000000 | walk topk step5     0.000000
        L3  walk topk step6  0.000000 | walk topk step7    0.000000
        L3  remap unique     0.000000 | remap populate     0.000000 | remap mapnode       0.000000 | remap mapedge     0.000000
        L3  cache get_index  0.000000 | cache copy_index   0.000000 | cache extract_miss  0.000000
        L3  cache copy_miss  0.000000 | cache combine_miss 0.000000 | cache combine cache 0.000000 | cache combine remote 0.000000
        L3  label extract  0.000000
    [Step(min) Profiler Level 1 E3 S1001]
        L1  sample           0.000000 | send           0.000000
        L1  recv             0.000000 | copy           0.000000 | convert time 0.000000 | train  0.000000
        L1  feature nbytes 0.00 Bytes | label nbytes 0.00 Bytes
        L1  id nbytes      0.00 Bytes | graph nbytes   10.63 MB
        L1  miss nbytes    0.00 Bytes | remote nbytes 0.00 Bytes
        L1  num nodes               0 | num samples           0
    [Step(min) Profiler Level 2 E3 S1001]
        L2  shuffle     0.000000 | core sample  0.000000 | id remap        0.000000
        L2  graph copy  0.000000 | id copy      0.000000 | cache feat copy 0.000000
        L2  last layer sample time 0.000000 | size 0.000000
    [Step(min) Profiler Level 3 E3 S1001]
        L3  khop sample coo  0.000000 | khop sort coo      0.000000 | khop count edge     0.000000 | khop compact edge 0.000000
        L3  walk sample coo  0.000000 | walk topk total    0.000000 | walk topk step1     0.000000 | walk topk step2   0.000000
        L3  walk topk step3  0.000000 | walk topk step4    0.000000 | walk topk step5     0.000000
        L3  walk topk step6  0.000000 | walk topk step7    0.000000
        L3  remap unique     0.000000 | remap populate     0.000000 | remap mapnode       0.000000 | remap mapedge     0.000000
        L3  cache get_index  0.000000 | cache copy_index   0.000000 | cache extract_miss  0.000000
        L3  cache copy_miss  0.000000 | cache combine_miss 0.000000 | cache combine cache 0.000000 | cache combine remote 0.000000
        L3  label extract  0.000000
    [Init Profiler Level 1]
        L1  init     7.4144 | sampler init     0.0000 | trainer init 137.7720
    [Init Profiler Level 2]
        L2  load ds         7.4116 | init queue          24.0216
        L2  presample       0.0000 | build interal ds     1.4640
        L2  build cache   112.2826
    [Init Profiler Level 3]
        L3  load dataset: mmap     7.4116 | copy         0.0000
        L3  dist queue: alloc      0.0007 | pin         24.0210 | push     0.0000
        L3  presample: init        0.0000
        L3  presample: sample      0.0000 | copy         0.0000
        L3  presample: count       0.0000 | sort         0.0000
        L3  presample: reset       0.0000 | get rank     0.0000
        L3  internal: cuda ctx     1.4639 | cuda stream     0.0000
|===========================================================================|
|                  PyTorch CUDA memory summary, device ID 0                 |
|---------------------------------------------------------------------------|
|            CUDA OOMs: 0            |        cudaMalloc retries: 0         |
|===========================================================================|
|        Metric         | Cur Usage  | Peak Usage | Tot Alloc  | Tot Freed  |
|---------------------------------------------------------------------------|
| Allocated memory      |   17785 KB |  785806 KB |    2018 GB |    2018 GB |
|       from large pool |   12912 KB |  784379 KB |    2005 GB |    2005 GB |
|       from small pool |    4873 KB |    6646 KB |      12 GB |      12 GB |
|---------------------------------------------------------------------------|
| Active memory         |   17786 KB |  785806 KB |    2018 GB |    2018 GB |
|       from large pool |   12912 KB |  784379 KB |    2005 GB |    2005 GB |
|       from small pool |    4874 KB |    6646 KB |      12 GB |      12 GB |
|---------------------------------------------------------------------------|
| GPU reserved memory   |     778 MB |     778 MB |     778 MB |       0 B  |
|       from large pool |     770 MB |     770 MB |     770 MB |       0 B  |
|       from small pool |       8 MB |       8 MB |       8 MB |       0 B  |
|---------------------------------------------------------------------------|
| Non-releasable memory |   21126 KB |  689942 KB |    1956 GB |    1956 GB |
|       from large pool |   19856 KB |  688065 KB |    1940 GB |    1940 GB |
|       from small pool |    1270 KB |    3799 KB |      15 GB |      15 GB |
|---------------------------------------------------------------------------|
| Allocations           |      39    |      56    |  183068    |  183029    |
|       from large pool |       3    |      14    |   65464    |   65461    |
|       from small pool |      36    |      45    |  117604    |  117568    |
|---------------------------------------------------------------------------|
| Active allocs         |      40    |      56    |  183068    |  183028    |
|       from large pool |       3    |      14    |   65464    |   65461    |
|       from small pool |      37    |      45    |  117604    |  117567    |
|---------------------------------------------------------------------------|
| GPU reserved segments |      10    |      10    |      10    |       0    |
|       from large pool |       6    |       6    |       6    |       0    |
|       from small pool |       4    |       4    |       4    |       0    |
|---------------------------------------------------------------------------|
| Non-releasable allocs |      13    |      23    |   78720    |   78707    |
|       from large pool |       3    |       9    |   42027    |   42024    |
|       from small pool |      10    |      16    |   36693    |   36683    |
|---------------------------------------------------------------------------|
| Oversize allocations  |       0    |       0    |       0    |       0    |
|---------------------------------------------------------------------------|
| Oversize GPU segments |       0    |       0    |       0    |       0    |
|===========================================================================|

test_result:epoch_time:copy_time=4.5353
test_result:convert_time=0.1690
test_result:train_time=3.0625
test_result:epoch_time:train_total=3.2315
test_result:cache_percentage=0.1000
test_result:cache_hit_rate=1.0000
test_result:run_time=59.4269
