[2022-12-05 17:55:46.583883: W /samgraph/samgraph/common/cpu/mmap_cpu_device.cc:92] mmap allocating space 12.87 GB
[2022-12-05 17:55:46.583985: W /samgraph/samgraph/common/cpu/mmap_cpu_device.cc:97] mmap allocating space 12.87 GB done
[2022-12-05 17:55:52.166525: W /samgraph/samgraph/common/cpu/mmap_cpu_device.cc:92] mmap allocating space 349.28 GB
[2022-12-05 17:55:52.166638: W /samgraph/samgraph/common/cpu/mmap_cpu_device.cc:97] mmap allocating space 349.28 GB done
[2022-12-05 17:55:52.166682: W /samgraph/samgraph/common/cpu/mmap_cpu_device.cc:92] mmap allocating space 1.82 GB
[2022-12-05 17:55:52.166715: W /samgraph/samgraph/common/cpu/mmap_cpu_device.cc:97] mmap allocating space 1.82 GB done
[2022-12-05 17:55:52.166786: W /samgraph/samgraph/common/cpu/cpu_device.cc:39] WORKER[0] alloc host memory 12.87 GB
[2022-12-05 17:55:53. 20980: E /samgraph/samgraph/common/engine.cc:272] Train set size 7.64 MB
[2022-12-05 17:55:53. 21752: W /samgraph/samgraph/common/cpu/mmap_cpu_device.cc:92] mmap allocating space 68.50 GB
[2022-12-05 17:55:53. 21791: W /samgraph/samgraph/common/cpu/mmap_cpu_device.cc:97] mmap allocating space 68.50 GB done
/usr/lib/python3/dist-packages/requests/__init__.py:89: RequestsDependencyWarning: urllib3 (1.26.12) or chardet (3.0.4) doesn't match a supported version!
  warnings.warn("urllib3 ({}) or chardet ({}) doesn't match a supported "
[2022-12-05 17:55:53.182158: W /samgraph/samgraph/common/dist/dist_engine.cc:662] Trainer[0] initializing...
[2022-12-05 17:55:53.272005: W /samgraph/samgraph/common/dist/dist_engine.cc:662] Trainer[2] initializing...
[2022-12-05 17:55:53.273999: W /samgraph/samgraph/common/dist/dist_engine.cc:662] Trainer[1] initializing...
[2022-12-05 17:55:54.643966: W /samgraph/samgraph/common/dist/dist_engine.cc:666] Trainer[0] pin memory queue...
[2022-12-05 17:55:54.701322: W /samgraph/samgraph/common/dist/dist_engine.cc:666] Trainer[2] pin memory queue...
[2022-12-05 17:55:54.704128: W /samgraph/samgraph/common/dist/dist_engine.cc:666] Trainer[1] pin memory queue...
[2022-12-05 17:56:19. 33921: E /samgraph/samgraph/common/dist/dist_engine.cc:85] Running on V100[
2022-12-05 17:56:19. 33979: E /samgraph/samgraph/common/dist/dist_engine.cc:85] Running on V100
[2022-12-05 17:56:19. 34346: W [/samgraph/samgraph/common/dist/dist_engine.cc2022-12-05 17:56:19:.701 34364] : Trainer[2] register host memory...W
 /samgraph/samgraph/common/dist/dist_engine.cc:701] Trainer[0] register host memory...
[2022-12-05 17:56:19. 61412: E /samgraph/samgraph/common/dist/dist_engine.cc:85] Running on V100
[2022-12-05 17:56:19. 61509: W /samgraph/samgraph/common/dist/dist_engine.cc:701] Trainer[1] register host memory...
[2022-12-05 17:56:19.277564: E /samgraph/samgraph/common/dist/dist_engine.cc:85] Running on V100
[2022-12-05 17:56:19.283520: W /samgraph/samgraph/common/cuda/cuda_device.cc:49] GPU[3] alloc cuda memory 931.40 MB
[2022-12-05 17:56:19.523930: W /samgraph/samgraph/common/cuda/cuda_device.cc:49] GPU[3] alloc cuda memory 12.87 GB
[2022-12-05 17:56:22.738351: W /samgraph/samgraph/common/cuda/cuda_device.cc:49] GPU[3] alloc cuda memory 64.00 MB
[2022-12-05 17:56:22.743987: E /samgraph/samgraph/common/dist/pre_sampler.cc:41] Dist Presampler making shuffler...
[2022-12-05 17:56:22.749127: E /samgraph/samgraph/common/dist/pre_sampler.cc:44] Dist Presampler making shuffler...Done
[2022-12-05 17:56:22.749173: W /samgraph/samgraph/common/cpu/cpu_device.cc:39] WORKER[0] alloc host memory 1.82 GB
[2022-12-05 17:56:23.400775: E /samgraph/samgraph/common/dist/pre_sampler.cc:85] Dist Presampler doing presample epoch 0
[2022-12-05 17:56:31.129590: E /samgraph/samgraph/common/dist/pre_sampler.cc:129] presample spend 3.69214 on sample, 0.303574 on copy, 3.72087 on count
[2022-12-05 17:56:31.129735: E /samgraph/samgraph/common/dist/pre_sampler.cc:85] Dist Presampler doing presample epoch 1
[2022-12-05 17:56:38.855886: E /samgraph/samgraph/common/dist/pre_sampler.cc:129] presample spend 7.36322 on sample, 0.604914 on copy, 7.46265 on count
[2022-12-05 17:56:38.856000: E /samgraph/samgraph/common/dist/pre_sampler.cc:136] max_num_inputs = 977655, min_num_inputs = 928544
[2022-12-05 17:56:39.473485: E /samgraph/samgraph/common/dist/pre_sampler.cc:148] presample spend 0.617369 on sort freq.
[2022-12-05 17:56:40.221429: E /samgraph/samgraph/common/dist/dist_engine.cc:524] pre sample done, delete it
[2022-12-05 17:56:40.[278416: W /samgraph/samgraph/common/dist/dist_engine.cc:711] Trainer[2] building cache...
[2022-12-05 17:56:402022-12-05 17:56:40..278425278442: : WW  /samgraph/samgraph/common/dist/dist_engine.cc/samgraph/samgraph/common/dist/dist_engine.cc::711711] ] Trainer[0] building cache...Trainer[1] building cache...

[2022-12-05 17:56:40.280400: E /samgraph/3rdparty/collcachelib/coll_cache_lib/coll_cache/asymm_link_desc.cc:196] build symm link desc with 3X Tesla V100-SXM2-16GB out of 4
[2022-12-05 17:56:40.280457: E /samgraph/3rdparty/collcachelib/coll_cache_lib/coll_cache/asymm_link_desc.cc:197] remote time is 8.68421
[2022-12-05 17:56:40.280486: E /samgraph/3rdparty/collcachelib/coll_cache_lib/coll_cache/asymm_link_desc.cc:198] cpu time is 30
[2022-12-05 17:56:40.280568: F /samgraph/3rdparty/collcachelib/coll_cache_lib/facade.cc:180] Check failed: e == cudaSuccess || e == cudaErrorCudartUnloading [134319]CUDA: out of memory
[2022-12-05 17:56:40.280906: E /samgraph/3rdparty/collcachelib/coll_cache_lib/coll_cache/asymm_link_desc.cc:196] build symm link desc with 3X Tesla V100-SXM2-16GB out of 4
[2022-12-05 17:56:40.281026: E /samgraph/3rdparty/collcachelib/coll_cache_lib/coll_cache/asymm_link_desc.cc:197] remote time is 8.68421
[2022-12-05 17:56:40.281105: E /samgraph/3rdparty/collcachelib/coll_cache_lib/coll_cache/asymm_link_desc.cc:198] cpu time is 30
[2022-12-05 17:56:40.281263: F /samgraph/3rdparty/collcachelib/coll_cache_lib/facade.cc:180] Check failed: e == cudaSuccess || e == cudaErrorCudartUnloading [134314]CUDA: out of memory
[2022-12-05 17:56:40.281457: E /samgraph/3rdparty/collcachelib/coll_cache_lib/coll_cache/asymm_link_desc.cc:196] build symm link desc with 3X Tesla V100-SXM2-16GB out of 4
[2022-12-05 17:56:40.281581: E /samgraph/3rdparty/collcachelib/coll_cache_lib/coll_cache/asymm_link_desc.cc:197] remote time is 8.68421
[2022-12-05 17:56:40.281660: E /samgraph/3rdparty/collcachelib/coll_cache_lib/coll_cache/asymm_link_desc.cc:198] cpu time is 30
[2022-12-05 17:56:40.281862: F /samgraph/3rdparty/collcachelib/coll_cache_lib/facade.cc:180] Check failed: e == cudaSuccess || e == cudaErrorCudartUnloading [134316]CUDA: out of memory
[2022-12-05 17:56:42.581566: E /samgraph/samgraph/common/operation.cc:571] detect an abnormal terminated child, signal is Aborted
