config:eval_tsp="2022-12-05 07:14:39"
config:arch=arch5
config:num_train_worker=3
config:num_sample_worker=1
config:sample_type=khop2
config:root_path=/nvme/graph-learning-copy/samgraph/
config:dataset=papers100M
config:pipeline=False
config:cache_policy=rep
config:cache_percentage=0.2
config:num_epoch=4
config:batch_size=2000
config:num_hidden=256
config:max_sampling_jobs=1
config:max_copying_jobs=1
config:barriered_epoch=1
config:presample_epoch=2
config:omp_thread_num=13
config:unsupervised=True
config:amp=True
config:rolling=0
config:fanout=[25, 10]
config:lr=0.003
config:dropout=0.5
config:single_gpu=False
config:max_num_step=1000
config:validate_configs=False
config:report_acc=0
config:dataset_path=/nvme/graph-learning-copy/samgraph/papers100M
config:torch_thread_num=13
config:train_workers=['cuda:0', 'cuda:1', 'cuda:2']
config:sample_workers=['cuda:3']
config:num_fanout=2
config:num_layer=2
config:_run_mode=RunMode.FGNN
config:_log_level=warn
config:_profile_level=3
config:_empty_feat=0
config:_arch=5
config:_sample_type=5
config:_cache_policy=12
test_result:init:input_scale_factor=1.12733
0 :  {link #0 : 1}, {link #1 : 2},
1 :  {link #0 : 2}, {link #1 : 0},
2 :  {link #0 : 0}, {link #1 : 1},
0 :  {link #0 : 1}, {link #1 : 2},
1 :  {link #0 : 2}, {link #1 : 0},
2 :  {link #0 : 0}, {link #1 : 1},
0 :  {link #0 : 1}, {link #1 : 2},
1 :  {link #0 : 2}, {link #1 : 0},
2 :  {link #0 : 0}, {link #1 : 1},
coll_cache:optimal_rep_storage=0.2
coll_cache:optimal_part_storage=0
coll_cache:optimal_cpu_storage=0.8
coll_cache:optimal_local_storage=0.2
coll_cache:optimal_remote_storage=0
coll_cache:optimal_local_rate=0.814488
coll_cache:optimal_remote_rate=0
coll_cache:optimal_cpu_rate=0.185512
z=5211.65
test_result:init:feat_nbytes=56862697472
test_result:init:cache_nbytes=11372539392
test_result:init:feat_nbytes=56862697472
test_result:init:cache_nbytes=11372539392
test_result:init:feat_nbytes=56862697472
test_result:init:cache_nbytes=11372539392
[CUDA] cuda0: usage: 13.80 GB
[SAM] cuda0 data alloc        : 0.00 Bytes
[SAM] cuda0 workspace         : 515.41 MB
[SAM] cuda0 workspace reserve : 258.18 MB
[SAM] cuda0 total             : 515.41 MB
[Train  Worker 1/3] Started with PID 87563(Tesla V100-SXM2-16GB)
[Train  Worker 1] run train for 4 epochs with 1002 steps
[Train  Worker 2/3] Started with PID 87565(Tesla V100-SXM2-16GB)
[Train  Worker 2] run train for 4 epochs with 1002 steps
[Train  Worker 0/3] Started with PID 87561(Tesla V100-SXM2-16GB)
[Train  Worker 0] run train for 4 epochs with 1002 steps
Epoch 00000 | Epoch Time 6.3256 | Total Train Time(Profiler) 3.9637 | Copy Time 2.3301
[CUDA] cuda0: usage: 13.80 GB
[SAM] cuda0 data alloc        : 0.00 Bytes
[SAM] cuda0 workspace         : 515.41 MB
[SAM] cuda0 workspace reserve : 258.18 MB
[SAM] cuda0 total             : 515.41 MB
Epoch 00001 | Epoch Time 4.9003 | Total Train Time(Profiler) 2.5688 | Copy Time 2.3007
[CUDA] cuda0: usage: 13.80 GB
[SAM] cuda0 data alloc        : 0.00 Bytes
[SAM] cuda0 workspace         : 515.41 MB
[SAM] cuda0 workspace reserve : 258.18 MB
[SAM] cuda0 total             : 515.41 MB
Epoch 00002 | Epoch Time 4.8919 | Total Train Time(Profiler) 2.5617 | Copy Time 2.2997
[CUDA] cuda0: usage: 13.80 GB
[SAM] cuda0 data alloc        : 0.00 Bytes
[SAM] cuda0 workspace         : 515.41 MB
[SAM] cuda0 workspace reserve : 258.18 MB
[SAM] cuda0 total             : 515.41 MB
Epoch 00003 | Epoch Time 4.8941 | Total Train Time(Profiler) 2.5604 | Copy Time 2.3033
[Train  Worker 1] Avg Epoch Time 4.8953 | Train Total Time(Profiler) 2.5460 | Copy Time 2.3219
[Train  Worker 0] Avg Epoch Time 4.8954 | Train Total Time(Profiler) 2.5636 | Copy Time 2.3012
[Train  Worker 2] Avg Epoch Time 4.8953 | Train Total Time(Profiler) 2.5406 | Copy Time 2.3262
    [Step(average) Profiler Level 1 E3 S1001]
        L1  sample           0.001996 | send           0.000480
        L1  recv             0.000000 | copy           0.000000 | convert time 0.000000 | train  0.000000
        L1  feature nbytes 0.00 Bytes | label nbytes 0.00 Bytes
        L1  id nbytes      0.00 Bytes | graph nbytes 0.00 Bytes
        L1  miss nbytes    0.00 Bytes | remote nbytes 0.00 Bytes
        L1  num nodes          453569 | num samples      513845
    [Step(average) Profiler Level 2 E3 S1001]
        L2  shuffle     0.000076 | core sample  0.000569 | id remap        0.001163
        L2  graph copy  0.000000 | id copy      0.000000 | cache feat copy 0.000000
        L2  last layer sample time 0.000274 | size 44709.089488
    [Step(average) Profiler Level 3 E3 S1001]
        L3  khop sample coo  0.000321 | khop sort coo      0.000000 | khop count edge     0.000035 | khop compact edge 0.000161
        L3  walk sample coo  0.000000 | walk topk total    0.000000 | walk topk step1     0.000000 | walk topk step2   0.000000
        L3  walk topk step3  0.000000 | walk topk step4    0.000000 | walk topk step5     0.000000
        L3  walk topk step6  0.000000 | walk topk step7    0.000000
        L3  remap unique     0.000179 | remap populate     0.000998 | remap mapnode       0.000000 | remap mapedge     0.000177
        L3  cache get_index  0.000000 | cache copy_index   0.000000 | cache extract_miss  0.000000
        L3  cache copy_miss  0.000000 | cache combine_miss 0.000000 | cache combine cache 0.000000 | cache combine remote 0.000000
        L3  label extract  0.000000
    [Init Profiler Level 1]
        L1  init     3.1031 | sampler init    55.9662 | trainer init 0.0000
    [Init Profiler Level 2]
        L2  load ds         4.6012 | init queue          42.2794
        L2  presample      10.3367 | build interal ds     1.8491
        L2  build cache     0.0000
    [Init Profiler Level 3]
        L3  load dataset: mmap     3.1002 | copy         1.5010
        L3  dist queue: alloc      0.0007 | pin         42.2787 | push     0.0000
        L3  presample: init        0.5848
        L3  presample: sample      4.0142 | copy         0.3008
        L3  presample: count       4.2002 | sort         0.4482
        L3  presample: reset       0.0014 | get rank     0.0343
        L3  internal: cuda ctx     1.5440 | cuda stream     0.2954
[Sample Worker 0/1] Started with PID 87559(Tesla V100-SXM2-16GB)
[Sample Worker 0] run sample for 4 epochs with 1002 steps
[Sample Worker 0] Avg Sample Total Time 2.4910 | Sampler Total Time(Profiler) 2.4813
test_result:sample_time=2.0002
test_result:get_cache_miss_index_time=0.0000
test_result:enqueue_samples_time=0.4810
test_result:epoch_time:sample_total=2.4910
[CUDA] cuda0: usage: 13.80 GB
[SAM] cuda0 data alloc        : 0.00 Bytes
[SAM] cuda0 workspace         : 515.41 MB
[SAM] cuda0 workspace reserve : 258.18 MB
[SAM] cuda0 total             : 515.41 MB
    [Step(average) Profiler Level 1 E3 S1001]
        L1  sample           0.000000 | send           0.000000
        L1  recv             0.000567 | copy           0.006935 | convert time 0.000453 | train  0.007182
        L1  feature nbytes  221.47 MB | label nbytes   15.62 KB
        L1  id nbytes      0.00 Bytes | graph nbytes 0.00 Bytes
        L1  miss nbytes    0.00 Bytes | remote nbytes 0.00 Bytes
        L1  num nodes               0 | num samples           0
    [Step(average) Profiler Level 2 E3 S1001]
        L2  shuffle     0.000000 | core sample  0.000000 | id remap        0.000000
        L2  graph copy  0.000003 | id copy      0.000000 | cache feat copy 0.006365
        L2  last layer sample time 0.000000 | size 0.000000
    [Step(average) Profiler Level 3 E3 S1001]
        L3  khop sample coo  0.000000 | khop sort coo      0.000000 | khop count edge     0.000000 | khop compact edge 0.000000
        L3  walk sample coo  0.000000 | walk topk total    0.000000 | walk topk step1     0.000000 | walk topk step2   0.000000
        L3  walk topk step3  0.000000 | walk topk step4    0.000000 | walk topk step5     0.000000
        L3  walk topk step6  0.000000 | walk topk step7    0.000000
        L3  remap unique     0.000000 | remap populate     0.000000 | remap mapnode       0.000000 | remap mapedge     0.000000
        L3  cache get_index  0.000000 | cache copy_index   0.000000 | cache extract_miss  0.000000
        L3  cache copy_miss  0.000000 | cache combine_miss 0.000000 | cache combine cache 0.006343 | cache combine remote 0.000000
        L3  label extract  0.000015
    [Step(max) Profiler Level 1 E3 S1001]
        L1  sample           0.000000 | send           0.000000
        L1  recv             0.000000 | copy           0.000000 | convert time 0.000000 | train  0.000000
        L1  feature nbytes 0.00 Bytes | label nbytes 0.00 Bytes
        L1  id nbytes      0.00 Bytes | graph nbytes    4.09 MB
        L1  miss nbytes    0.00 Bytes | remote nbytes 0.00 Bytes
        L1  num nodes               0 | num samples           0
    [Step(max) Profiler Level 2 E3 S1001]
        L2  shuffle     0.000000 | core sample  0.000000 | id remap        0.000000
        L2  graph copy  0.000000 | id copy      0.000000 | cache feat copy 0.000000
        L2  last layer sample time 0.000000 | size 0.000000
    [Step(max) Profiler Level 3 E3 S1001]
        L3  khop sample coo  0.000000 | khop sort coo      0.000000 | khop count edge     0.000000 | khop compact edge 0.000000
        L3  walk sample coo  0.000000 | walk topk total    0.000000 | walk topk step1     0.000000 | walk topk step2   0.000000
        L3  walk topk step3  0.000000 | walk topk step4    0.000000 | walk topk step5     0.000000
        L3  walk topk step6  0.000000 | walk topk step7    0.000000
        L3  remap unique     0.000000 | remap populate     0.000000 | remap mapnode       0.000000 | remap mapedge     0.000000
        L3  cache get_index  0.000000 | cache copy_index   0.000000 | cache extract_miss  0.000000
        L3  cache copy_miss  0.000000 | cache combine_miss 0.000000 | cache combine cache 0.000000 | cache combine remote 0.000000
        L3  label extract  0.000000
    [Step(min) Profiler Level 1 E3 S1001]
        L1  sample           0.000000 | send           0.000000
        L1  recv             0.000000 | copy           0.000000 | convert time 0.000000 | train  0.000000
        L1  feature nbytes 0.00 Bytes | label nbytes 0.00 Bytes
        L1  id nbytes      0.00 Bytes | graph nbytes    3.81 MB
        L1  miss nbytes    0.00 Bytes | remote nbytes 0.00 Bytes
        L1  num nodes               0 | num samples           0
    [Step(min) Profiler Level 2 E3 S1001]
        L2  shuffle     0.000000 | core sample  0.000000 | id remap        0.000000
        L2  graph copy  0.000000 | id copy      0.000000 | cache feat copy 0.000000
        L2  last layer sample time 0.000000 | size 0.000000
    [Step(min) Profiler Level 3 E3 S1001]
        L3  khop sample coo  0.000000 | khop sort coo      0.000000 | khop count edge     0.000000 | khop compact edge 0.000000
        L3  walk sample coo  0.000000 | walk topk total    0.000000 | walk topk step1     0.000000 | walk topk step2   0.000000
        L3  walk topk step3  0.000000 | walk topk step4    0.000000 | walk topk step5     0.000000
        L3  walk topk step6  0.000000 | walk topk step7    0.000000
        L3  remap unique     0.000000 | remap populate     0.000000 | remap mapnode       0.000000 | remap mapedge     0.000000
        L3  cache get_index  0.000000 | cache copy_index   0.000000 | cache extract_miss  0.000000
        L3  cache copy_miss  0.000000 | cache combine_miss 0.000000 | cache combine cache 0.000000 | cache combine remote 0.000000
        L3  label extract  0.000000
    [Init Profiler Level 1]
        L1  init     3.1031 | sampler init     0.0000 | trainer init 117.8180
    [Init Profiler Level 2]
        L2  load ds         3.1002 | init queue          42.2024
        L2  presample       0.0000 | build interal ds     1.5395
        L2  build cache    74.0709
    [Init Profiler Level 3]
        L3  load dataset: mmap     3.1002 | copy         0.0000
        L3  dist queue: alloc      0.0007 | pin         42.2017 | push     0.0000
        L3  presample: init        0.0000
        L3  presample: sample      0.0000 | copy         0.0000
        L3  presample: count       0.0000 | sort         0.0000
        L3  presample: reset       0.0000 | get rank     0.0000
        L3  internal: cuda ctx     1.5394 | cuda stream     0.0001
|===========================================================================|
|                  PyTorch CUDA memory summary, device ID 0                 |
|---------------------------------------------------------------------------|
|            CUDA OOMs: 0            |        cudaMalloc retries: 0         |
|===========================================================================|
|        Metric         | Cur Usage  | Peak Usage | Tot Alloc  | Tot Freed  |
|---------------------------------------------------------------------------|
| Allocated memory      |   12724 KB |  253498 KB |    1091 GB |    1091 GB |
|       from large pool |    8715 KB |  250801 KB |    1081 GB |    1081 GB |
|       from small pool |    4009 KB |    5310 KB |      10 GB |      10 GB |
|---------------------------------------------------------------------------|
| Active memory         |   12725 KB |  253498 KB |    1091 GB |    1091 GB |
|       from large pool |    8715 KB |  250801 KB |    1081 GB |    1081 GB |
|       from small pool |    4009 KB |    5310 KB |      10 GB |      10 GB |
|---------------------------------------------------------------------------|
| GPU reserved memory   |  413696 KB |  413696 KB |  413696 KB |       0 B  |
|       from large pool |  407552 KB |  407552 KB |  407552 KB |       0 B  |
|       from small pool |    6144 KB |    6144 KB |    6144 KB |       0 B  |
|---------------------------------------------------------------------------|
| Non-releasable memory |   77387 KB |  296123 KB |    1002 GB |    1002 GB |
|       from large pool |   75252 KB |  294051 KB |     992 GB |     992 GB |
|       from small pool |    2134 KB |    3389 KB |      10 GB |      10 GB |
|---------------------------------------------------------------------------|
| Allocations           |      39    |      56    |  183068    |  183029    |
|       from large pool |       3    |      14    |   65464    |   65461    |
|       from small pool |      36    |      45    |  117604    |  117568    |
|---------------------------------------------------------------------------|
| Active allocs         |      40    |      56    |  183068    |  183028    |
|       from large pool |       3    |      14    |   65464    |   65461    |
|       from small pool |      37    |      45    |  117604    |  117567    |
|---------------------------------------------------------------------------|
| GPU reserved segments |      12    |      12    |      12    |       0    |
|       from large pool |       9    |       9    |       9    |       0    |
|       from small pool |       3    |       3    |       3    |       0    |
|---------------------------------------------------------------------------|
| Non-releasable allocs |      16    |      26    |   73784    |   73768    |
|       from large pool |       5    |      13    |   41226    |   41221    |
|       from small pool |      11    |      17    |   32558    |   32547    |
|---------------------------------------------------------------------------|
| Oversize allocations  |       0    |       0    |       0    |       0    |
|---------------------------------------------------------------------------|
| Oversize GPU segments |       0    |       0    |       0    |       0    |
|===========================================================================|

test_result:epoch_time:copy_time=2.3012
test_result:convert_time=0.1617
test_result:train_time=2.4019
test_result:epoch_time:train_total=2.5636
test_result:cache_percentage=0.2000
test_result:cache_hit_rate=1.0000
test_result:run_time=31.0042
