config:eval_tsp="2022-12-05 21:08:36"
config:arch=arch5
config:num_train_worker=6
config:num_sample_worker=2
config:sample_type=khop2
config:root_path=/nvme/graph-learning-copy/samgraph/
config:dataset=com-friendster
config:pipeline=False
config:cache_policy=clique_part
config:cache_percentage=0.2
config:num_epoch=4
config:batch_size=8000
config:num_hidden=256
config:max_sampling_jobs=1
config:max_copying_jobs=1
config:barriered_epoch=1
config:presample_epoch=2
config:omp_thread_num=6
config:unsupervised=False
config:amp=True
config:rolling=0
config:fanout=[25, 10]
config:lr=0.003
config:dropout=0.5
config:single_gpu=False
config:max_num_step=100000
config:validate_configs=False
config:report_acc=0
config:dataset_path=/nvme/graph-learning-copy/samgraph/com-friendster
config:torch_thread_num=9
config:train_workers=['cuda:0', 'cuda:1', 'cuda:2', 'cuda:3', 'cuda:4', 'cuda:5']
config:sample_workers=['cuda:6', 'cuda:7']
config:num_fanout=2
config:num_layer=2
config:_run_mode=RunMode.FGNN
config:_log_level=warn
config:_profile_level=3
config:_empty_feat=0
config:_arch=5
config:_sample_type=5
config:_cache_policy=14
test_result:init:input_scale_factor=1.1
0 :  {link #0 : 1}, {link #1 : 2}, {link #2 : 3}, {link #3 : 4}, {link #4 : 5},
1 :  {link #0 : 2}, {link #1 : 3}, {link #2 : 4}, {link #3 : 5}, {link #4 : 0},
2 :  {link #0 : 3}, {link #1 : 4}, {link #2 : 5}, {link #3 : 0}, {link #4 : 1},
3 :  {link #0 : 4}, {link #1 : 5}, {link #2 : 0}, {link #3 : 1}, {link #4 : 2},
4 :  {link #0 : 5}, {link #1 : 0}, {link #2 : 1}, {link #3 : 2}, {link #4 : 3},
5 :  {link #0 : 0}, {link #1 : 1}, {link #2 : 2}, {link #3 : 3}, {link #4 : 4},
0 :  {link #0 : 1}, {link #1 : 2}, {link #2 : 3}, {link #3 : 4}, {link #4 : 5},
1 :  {link #0 : 2}, {link #1 : 3}, {link #2 : 4}, {link #3 : 5}, {link #4 : 0},
2 :  {link #0 : 3}, {link #1 : 4}, {link #2 : 5}, {link #3 : 0}, {link #4 : 1},
3 :  {link #0 : 4}, {link #1 : 5}, {link #2 : 0}, {link #3 : 1}, {link #4 : 2},
4 :  {link #0 : 5}, {link #1 : 0}, {link #2 : 1}, {link #3 : 2}, {link #4 : 3},
5 :  {link #0 : 0}, {link #1 : 1}, {link #2 : 2}, {link #3 : 3}, {link #4 : 4},
0 :  {link #0 : 1}, {link #1 : 2}, {link #2 : 3}, {link #3 : 4}, {link #4 : 5},
1 :  {link #0 : 2}, {link #1 : 3}, {link #2 : 4}, {link #3 : 5}, {link #4 : 0},
2 :  {link #0 : 3}, {link #1 : 4}, {link #2 : 5}, {link #3 : 0}, {link #4 : 1},
3 :  {link #0 : 4}, {link #1 : 5}, {link #2 : 0}, {link #3 : 1}, {link #4 : 2},
4 :  {link #0 : 5}, {link #1 : 0}, {link #2 : 1}, {link #3 : 2}, {link #4 : 3},
5 :  {link #0 : 0}, {link #1 : 1}, {link #2 : 2}, {link #3 : 3}, {link #4 : 4},
0 :  {link #0 : 1}, {link #1 : 2}, {link #2 : 3}, {link #3 : 4}, {link #4 : 5},
1 :  {link #0 : 2}, {link #1 : 3}, {link #2 : 4}, {link #3 : 5}, {link #4 : 0},
2 :  {link #0 : 3}, {link #1 : 4}, {link #2 : 5}, {link #3 : 0}, {link #4 : 1},
3 :  {link #0 : 4}, {link #1 : 5}, {link #2 : 0}, {link #3 : 1}, {link #4 : 2},
4 :  {link #0 : 5}, {link #1 : 0}, {link #2 : 1}, {link #3 : 2}, {link #4 : 3},
5 :  {link #0 : 0}, {link #1 : 1}, {link #2 : 2}, {link #3 : 3}, {link #4 : 4},
0 :  {link #0 : 1}, {link #1 : 2}, {link #2 : 3}, {link #3 : 4}, {link #4 : 5},
1 :  {link #0 : 2}, {link #1 : 3}, {link #2 : 4}, {link #3 : 5}, {link #4 : 0},
2 :  {link #0 : 3}, {link #1 : 4}, {link #2 : 5}, {link #3 : 0}, {link #4 : 1},
3 :  {link #0 : 4}, {link #1 : 5}, {link #2 : 0}, {link #3 : 1}, {link #4 : 2},
4 :  {link #0 : 5}, {link #1 : 0}, {link #2 : 1}, {link #3 : 2}, {link #4 : 3},
5 :  {link #0 : 0}, {link #1 : 1}, {link #2 : 2}, {link #3 : 3}, {link #4 : 4},
0 :  {link #0 : 1}, {link #1 : 2}, {link #2 : 3}, {link #3 : 4}, {link #4 : 5},
1 :  {link #0 : 2}, {link #1 : 3}, {link #2 : 4}, {link #3 : 5}, {link #4 : 0},
2 :  {link #0 : 3}, {link #1 : 4}, {link #2 : 5}, {link #3 : 0}, {link #4 : 1},
3 :  {link #0 : 4}, {link #1 : 5}, {link #2 : 0}, {link #3 : 1}, {link #4 : 2},
4 :  {link #0 : 5}, {link #1 : 0}, {link #2 : 1}, {link #3 : 2}, {link #4 : 3},
5 :  {link #0 : 0}, {link #1 : 1}, {link #2 : 2}, {link #3 : 3}, {link #4 : 4},
coll_cache:optimal_rep_storage=0
coll_cache:optimal_part_storage=1
coll_cache:optimal_cpu_storage=6.09678e-08
coll_cache:optimal_local_storage=0.166667
coll_cache:optimal_remote_storage=0.833333
coll_cache:optimal_local_rate=0.166667
coll_cache:optimal_remote_rate=0.833333
coll_cache:optimal_cpu_rate=0
z=4183.67,4183.67,4183.67,4183.67,4183.67,4183.67,
test_result:init:feat_nbytes=67182966784
test_result:init:cache_nbytes=11203877888
0 :  {link #0 : 1}, {link #1 : 2}, {link #2 : 3}, {link #3 : 4}, {link #4 : 5},
1 :  {link #0 : 2}, {link #1 : 3}, {link #2 : 4}, {link #3 : 5}, {link #4 : 0},
2 :  {link #0 : 3}, {link #1 : 4}, {link #2 : 5}, {link #3 : 0}, {link #4 : 1},
3 :  {link #0 : 4}, {link #1 : 5}, {link #2 : 0}, {link #3 : 1}, {link #4 : 2},
4 :  {link #0 : 5}, {link #1 : 0}, {link #2 : 1}, {link #3 : 2}, {link #4 : 3},
5 :  {link #0 : 0}, {link #1 : 1}, {link #2 : 2}, {link #3 : 3}, {link #4 : 4},
test_result:init:feat_nbytes=67182966784
test_result:init:cache_nbytes=11203877888
0 :  {link #0 : 1}, {link #1 : 2}, {link #2 : 3}, {link #3 : 4}, {link #4 : 5},
1 :  {link #0 : 2}, {link #1 : 3}, {link #2 : 4}, {link #3 : 5}, {link #4 : 0},
2 :  {link #0 : 3}, {link #1 : 4}, {link #2 : 5}, {link #3 : 0}, {link #4 : 1},
3 :  {link #0 : 4}, {link #1 : 5}, {link #2 : 0}, {link #3 : 1}, {link #4 : 2},
4 :  {link #0 : 5}, {link #1 : 0}, {link #2 : 1}, {link #3 : 2}, {link #4 : 3},
5 :  {link #0 : 0}, {link #1 : 1}, {link #2 : 2}, {link #3 : 3}, {link #4 : 4},
test_result:init:feat_nbytes=67182966784
test_result:init:cache_nbytes=11203877888
0 :  {link #0 : 1}, {link #1 : 2}, {link #2 : 3}, {link #3 : 4}, {link #4 : 5},
1 :  {link #0 : 2}, {link #1 : 3}, {link #2 : 4}, {link #3 : 5}, {link #4 : 0},
2 :  {link #0 : 3}, {link #1 : 4}, {link #2 : 5}, {link #3 : 0}, {link #4 : 1},
3 :  {link #0 : 4}, {link #1 : 5}, {link #2 : 0}, {link #3 : 1}, {link #4 : 2},
4 :  {link #0 : 5}, {link #1 : 0}, {link #2 : 1}, {link #3 : 2}, {link #4 : 3},
5 :  {link #0 : 0}, {link #1 : 1}, {link #2 : 2}, {link #3 : 3}, {link #4 : 4},
test_result:init:feat_nbytes=67182966784
test_result:init:cache_nbytes=11203877888
0 :  {link #0 : 1}, {link #1 : 2}, {link #2 : 3}, {link #3 : 4}, {link #4 : 5},
1 :  {link #0 : 2}, {link #1 : 3}, {link #2 : 4}, {link #3 : 5}, {link #4 : 0},
2 :  {link #0 : 3}, {link #1 : 4}, {link #2 : 5}, {link #3 : 0}, {link #4 : 1},
3 :  {link #0 : 4}, {link #1 : 5}, {link #2 : 0}, {link #3 : 1}, {link #4 : 2},
4 :  {link #0 : 5}, {link #1 : 0}, {link #2 : 1}, {link #3 : 2}, {link #4 : 3},
5 :  {link #0 : 0}, {link #1 : 1}, {link #2 : 2}, {link #3 : 3}, {link #4 : 4},
test_result:init:feat_nbytes=67182966784
test_result:init:cache_nbytes=11203877888
0 :  {link #0 : 1}, {link #1 : 2}, {link #2 : 3}, {link #3 : 4}, {link #4 : 5},
1 :  {link #0 : 2}, {link #1 : 3}, {link #2 : 4}, {link #3 : 5}, {link #4 : 0},
2 :  {link #0 : 3}, {link #1 : 4}, {link #2 : 5}, {link #3 : 0}, {link #4 : 1},
3 :  {link #0 : 4}, {link #1 : 5}, {link #2 : 0}, {link #3 : 1}, {link #4 : 2},
4 :  {link #0 : 5}, {link #1 : 0}, {link #2 : 1}, {link #3 : 2}, {link #4 : 3},
5 :  {link #0 : 0}, {link #1 : 1}, {link #2 : 2}, {link #3 : 3}, {link #4 : 4},
test_result:init:feat_nbytes=67182966784
test_result:init:cache_nbytes=11203877888
0 :  {link #0 : 1}, {link #1 : 2}, {link #2 : 3}, {link #3 : 4}, {link #4 : 5},
1 :  {link #0 : 2}, {link #1 : 3}, {link #2 : 4}, {link #3 : 5}, {link #4 : 0},
2 :  {link #0 : 3}, {link #1 : 4}, {link #2 : 5}, {link #3 : 0}, {link #4 : 1},
3 :  {link #0 : 4}, {link #1 : 5}, {link #2 : 0}, {link #3 : 1}, {link #4 : 2},
4 :  {link #0 : 5}, {link #1 : 0}, {link #2 : 1}, {link #3 : 2}, {link #4 : 3},
5 :  {link #0 : 0}, {link #1 : 1}, {link #2 : 2}, {link #3 : 3}, {link #4 : 4},
coll_cache:optimal_rep_storage=0
coll_cache:optimal_part_storage=1
coll_cache:optimal_cpu_storage=6.09678e-08
coll_cache:optimal_local_storage=0.166667
coll_cache:optimal_remote_storage=0.833333
coll_cache:optimal_local_rate=0.166667
coll_cache:optimal_remote_rate=0.833333
coll_cache:optimal_cpu_rate=0
z=4183.67,4183.67,4183.67,4183.67,4183.67,4183.67,
test_result:init:cache_nbytes=0
test_result:init:cache_nbytes=0
test_result:init:cache_nbytes=0
test_result:init:cache_nbytes=0
test_result:init:cache_nbytes=0
test_result:init:cache_nbytes=0
[Train  Worker 5/6] Started with PID 60265(NVIDIA A100-SXM4-80GB)
[Train  Worker 5] run train for 4 epochs with 126 steps
[Train  Worker 5] Avg Epoch Time 0.3112 | Train Total Time(Profiler) 0.1423 | Copy Time 0.1675
[Train  Worker 3/6] Started with PID 60259(NVIDIA A100-SXM4-80GB)
[Train  Worker 3] run train for 4 epochs with 126 steps
[Train  Worker 3] Avg Epoch Time 0.3111 | Train Total Time(Profiler) 0.1423 | Copy Time 0.1674
[Train  Worker 4/6] Started with PID 60262(NVIDIA A100-SXM4-80GB)
[Train  Worker 4] run train for 4 epochs with 126 steps
[Train  Worker 4] Avg Epoch Time 0.3111 | Train Total Time(Profiler) 0.1422 | Copy Time 0.1675
[Train  Worker 2/6] Started with PID 60256(NVIDIA A100-SXM4-80GB)
[Train  Worker 2] run train for 4 epochs with 126 steps
[Train  Worker 2] Avg Epoch Time 0.3111 | Train Total Time(Profiler) 0.1413 | Copy Time 0.1678
[Train  Worker 1/6] Started with PID 60253(NVIDIA A100-SXM4-80GB)
[Train  Worker 1] run train for 4 epochs with 126 steps
[Train  Worker 1] Avg Epoch Time 0.3112 | Train Total Time(Profiler) 0.1409 | Copy Time 0.1688
[Train  Worker 0/6] Started with PID 60251(NVIDIA A100-SXM4-80GB)
[Train  Worker 0] run train for 4 epochs with 126 steps
Epoch 00000 | Epoch Time 1.5863 | Total Train Time(Profiler) 1.3952 | Copy Time 0.1891
Epoch 00001 | Epoch Time 0.3114 | Total Train Time(Profiler) 0.1391 | Copy Time 0.1707
Epoch 00002 | Epoch Time 0.3087 | Total Train Time(Profiler) 0.1378 | Copy Time 0.1693
Epoch 00003 | Epoch Time 0.3134 | Total Train Time(Profiler) 0.1440 | Copy Time 0.1678
[Train  Worker 0] Avg Epoch Time 0.3112 | Train Total Time(Profiler) 0.1403 | Copy Time 0.1693
    [Step(average) Profiler Level 1 E3 S62]
        L1  sample           0.001734 | send           0.000867
        L1  recv             0.000000 | copy           0.000000 | convert time 0.000000 | train  0.000000
        L1  feature nbytes 0.00 Bytes | label nbytes 0.00 Bytes
        L1  id nbytes      0.00 Bytes | graph nbytes 0.00 Bytes
        L1  miss nbytes    0.00 Bytes | remote nbytes 0.00 Bytes
        L1  num nodes         1189306 | num samples     1335839
    [Step(average) Profiler Level 2 E3 S62]
        L2  shuffle     0.000186 | core sample  0.000572 | id remap        0.000874
        L2  graph copy  0.000000 | id copy      0.000000 | cache feat copy 0.000000
        L2  last layer sample time 0.000262 | size 58940.544974
    [Step(average) Profiler Level 3 E3 S62]
        L3  khop sample coo  0.000335 | khop sort coo      0.000000 | khop count edge     0.000035 | khop compact edge 0.000168
        L3  walk sample coo  0.000000 | walk topk total    0.000000 | walk topk step1     0.000000 | walk topk step2   0.000000
        L3  walk topk step3  0.000000 | walk topk step4    0.000000 | walk topk step5     0.000000
        L3  walk topk step6  0.000000 | walk topk step7    0.000000
        L3  remap unique     0.000000 | remap populate     0.000716 | remap mapnode       0.000000 | remap mapedge     0.000158
        L3  cache get_index  0.000000 | cache copy_index   0.000000 | cache extract_miss  0.000000
        L3  cache copy_miss  0.000000 | cache combine_miss 0.000000 | cache combine cache 0.000000 | cache combine remote 0.000000
        L3  label extract  0.000000
    [Init Profiler Level 1]
        L1  init     4.1414 | sampler init     7.7456 | trainer init 0.0000
    [Init Profiler Level 2]
        L2  load ds         5.7158 | init queue           1.9765
        L2  presample       2.4342 | build interal ds     1.7587
        L2  build cache     0.0000
    [Init Profiler Level 3]
        L3  load dataset: mmap     4.1396 | copy         1.5762
        L3  dist queue: alloc      0.0008 | pin          1.9757 | push     0.0000
        L3  presample: init        0.0885
        L3  presample: sample      0.4263 | copy         0.0499
        L3  presample: count       1.6150 | sort         0.1105
        L3  presample: reset       0.0004 | get rank     0.0273
        L3  internal: cuda ctx     1.5689 | cuda stream     0.1863
[Sample Worker 1/2] Started with PID 60249(NVIDIA A100-SXM4-80GB)
[Sample Worker 1] run sample for 4 epochs with 63 steps
[Sample Worker 1] Avg Sample Total Time 0.1640 | Sampler Total Time(Profiler) 0.1636
[Sample Worker 0/2] Started with PID 60248(NVIDIA A100-SXM4-80GB)
[Sample Worker 0] run sample for 4 epochs with 63 steps
[Sample Worker 0] Avg Sample Total Time 0.1643 | Sampler Total Time(Profiler) 0.1639
test_result:sample_time=0.1092
test_result:get_cache_miss_index_time=0.0000
test_result:enqueue_samples_time=0.0546
test_result:epoch_time:sample_total=0.1643
[CUDA] cuda0: usage: 16.26 GB
[SAM] cuda0 data alloc        : 0.00 Bytes
[SAM] cuda0 workspace         : 2.53 GB
[SAM] cuda0 workspace reserve : 1.26 GB
[SAM] cuda0 total             : 2.53 GB
    [Step(average) Profiler Level 1 E3 S125]
        L1  sample           0.000000 | send           0.000000
        L1  recv             0.001256 | copy           0.008002 | convert time 0.000277 | train  0.006463
        L1  feature nbytes    1.13 GB | label nbytes   62.50 KB
        L1  id nbytes      0.00 Bytes | graph nbytes 0.00 Bytes
        L1  miss nbytes    0.00 Bytes | remote nbytes 0.00 Bytes
        L1  num nodes               0 | num samples           0
    [Step(average) Profiler Level 2 E3 S125]
        L2  shuffle     0.000000 | core sample  0.000000 | id remap        0.000000
        L2  graph copy  0.000003 | id copy      0.000000 | cache feat copy 0.006743
        L2  last layer sample time 0.000000 | size 0.000000
    [Step(average) Profiler Level 3 E3 S125]
        L3  khop sample coo  0.000000 | khop sort coo      0.000000 | khop count edge     0.000000 | khop compact edge 0.000000
        L3  walk sample coo  0.000000 | walk topk total    0.000000 | walk topk step1     0.000000 | walk topk step2   0.000000
        L3  walk topk step3  0.000000 | walk topk step4    0.000000 | walk topk step5     0.000000
        L3  walk topk step6  0.000000 | walk topk step7    0.000000
        L3  remap unique     0.000000 | remap populate     0.000000 | remap mapnode       0.000000 | remap mapedge     0.000000
        L3  cache get_index  0.000000 | cache copy_index   0.000000 | cache extract_miss  0.000000
        L3  cache copy_miss  0.000000 | cache combine_miss 0.000000 | cache combine cache 0.006583 | cache combine remote 0.000000
        L3  label extract  0.000154
    [Init Profiler Level 1]
        L1  init     4.1414 | sampler init     0.0000 | trainer init 25.3398
    [Init Profiler Level 2]
        L2  load ds         4.1396 | init queue           1.9660
        L2  presample       0.0000 | build interal ds     1.5045
        L2  build cache    21.8634
    [Init Profiler Level 3]
        L3  load dataset: mmap     4.1396 | copy         0.0000
        L3  dist queue: alloc      0.0008 | pin          1.9652 | push     0.0000
        L3  presample: init        0.0000
        L3  presample: sample      0.0000 | copy         0.0000
        L3  presample: count       0.0000 | sort         0.0000
        L3  presample: reset       0.0000 | get rank     0.0000
        L3  internal: cuda ctx     1.5044 | cuda stream     0.0000
|===========================================================================|
|                  PyTorch CUDA memory summary, device ID 0                 |
|---------------------------------------------------------------------------|
|            CUDA OOMs: 0            |        cudaMalloc retries: 0         |
|===========================================================================|
|        Metric         | Cur Usage  | Peak Usage | Tot Alloc  | Tot Freed  |
|---------------------------------------------------------------------------|
| Allocated memory      |   18613 KB |  743292 KB |  130783 MB |  130765 MB |
|       from large pool |   13748 KB |  741865 KB |  130032 MB |  130019 MB |
|       from small pool |    4865 KB |    6565 KB |     751 MB |     746 MB |
|---------------------------------------------------------------------------|
| Active memory         |   18614 KB |  743292 KB |  130783 MB |  130765 MB |
|       from large pool |   13748 KB |  741865 KB |  130032 MB |  130019 MB |
|       from small pool |    4866 KB |    6565 KB |     751 MB |     746 MB |
|---------------------------------------------------------------------------|
| GPU reserved memory   |  757760 KB |  757760 KB |  757760 KB |       0 B  |
|       from large pool |  749568 KB |  749568 KB |  749568 KB |       0 B  |
|       from small pool |    8192 KB |    8192 KB |    8192 KB |       0 B  |
|---------------------------------------------------------------------------|
| Non-releasable memory |   18250 KB |  658396 KB |  125223 MB |  125205 MB |
|       from large pool |   16972 KB |  656722 KB |  124306 MB |  124290 MB |
|       from small pool |    1278 KB |    3720 KB |     916 MB |     915 MB |
|---------------------------------------------------------------------------|
| Allocations           |      38    |      51    |    9363    |    9325    |
|       from large pool |       3    |      14    |    3696    |    3693    |
|       from small pool |      35    |      39    |    5667    |    5632    |
|---------------------------------------------------------------------------|
| Active allocs         |      39    |      51    |    9363    |    9324    |
|       from large pool |       3    |      14    |    3696    |    3693    |
|       from small pool |      36    |      39    |    5667    |    5631    |
|---------------------------------------------------------------------------|
| GPU reserved segments |      10    |      10    |      10    |       0    |
|       from large pool |       6    |       6    |       6    |       0    |
|       from small pool |       4    |       4    |       4    |       0    |
|---------------------------------------------------------------------------|
| Non-releasable allocs |      10    |      21    |    4248    |    4238    |
|       from large pool |       2    |       9    |    2152    |    2150    |
|       from small pool |       8    |      16    |    2096    |    2088    |
|---------------------------------------------------------------------------|
| Oversize allocations  |       0    |       0    |       0    |       0    |
|---------------------------------------------------------------------------|
| Oversize GPU segments |       0    |       0    |       0    |       0    |
|===========================================================================|

test_result:epoch_time:copy_time=0.1693
test_result:convert_time=0.0062
test_result:train_time=0.1341
test_result:epoch_time:train_total=0.1403
test_result:cache_percentage=0.2000
test_result:cache_hit_rate=1.0000
test_result:run_time=3.2058
