config:eval_tsp="2022-12-06 07:44:29"
config:arch=arch5
config:num_train_worker=6
config:num_sample_worker=2
config:sample_type=khop2
config:root_path=/nvme/graph-learning-copy/samgraph/
config:dataset=mag240m-homo
config:pipeline=False
config:cache_policy=rep
config:cache_percentage=0.06
config:num_epoch=4
config:batch_size=2000
config:num_hidden=256
config:max_sampling_jobs=1
config:max_copying_jobs=1
config:barriered_epoch=1
config:presample_epoch=2
config:omp_thread_num=6
config:unsupervised=False
config:amp=True
config:rolling=0
config:fanout=[25, 10]
config:lr=0.003
config:dropout=0.5
config:single_gpu=False
config:max_num_step=100000
config:validate_configs=False
config:report_acc=0
config:dataset_path=/nvme/graph-learning-copy/samgraph/mag240m-homo
config:torch_thread_num=9
config:train_workers=['cuda:0', 'cuda:1', 'cuda:2', 'cuda:3', 'cuda:4', 'cuda:5']
config:sample_workers=['cuda:6', 'cuda:7']
config:num_fanout=2
config:num_layer=2
config:_run_mode=RunMode.FGNN
config:_log_level=warn
config:_profile_level=3
config:_empty_feat=0
config:_arch=5
config:_sample_type=5
config:_cache_policy=12
test_result:init:input_scale_factor=1.12435
0 :  {link #0 : 1}, {link #1 : 2}, {link #2 : 3}, {link #3 : 4}, {link #4 : 5},
1 :  {link #0 : 2}, {link #1 : 3}, {link #2 : 4}, {link #3 : 5}, {link #4 : 0},
2 :  {link #0 : 3}, {link #1 : 4}, {link #2 : 5}, {link #3 : 0}, {link #4 : 1},
3 :  {link #0 : 4}, {link #1 : 5}, {link #2 : 0}, {link #3 : 1}, {link #4 : 2},
4 :  {link #0 : 5}, {link #1 : 0}, {link #2 : 1}, {link #3 : 2}, {link #4 : 3},
5 :  {link #0 : 0}, {link #1 : 1}, {link #2 : 2}, {link #3 : 3}, {link #4 : 4},
0 :  {link #0 : 1}, {link #1 : 2}, {link #2 : 3}, {link #3 : 4}, {link #4 : 5},
1 :  {link #0 : 2}, {link #1 : 3}, {link #2 : 4}, {link #3 : 5}, {link #4 : 0},
2 :  {link #0 : 3}, {link #1 : 4}, {link #2 : 5}, {link #3 : 0}, {link #4 : 1},
3 :  {link #0 : 4}, {link #1 : 5}, {link #2 : 0}, {link #3 : 1}, {link #4 : 2},
4 :  {link #0 : 5}, {link #1 : 0}, {link #2 : 1}, {link #3 : 2}, {link #4 : 3},
5 :  {link #0 : 0}, {link #1 : 1}, {link #2 : 2}, {link #3 : 3}, {link #4 : 4},
0 :  {link #0 : 1}, {link #1 : 2}, {link #2 : 3}, {link #3 : 4}, {link #4 : 5},
1 :  {link #0 : 2}, {link #1 : 3}, {link #2 : 4}, {link #3 : 5}, {link #4 : 0},
2 :  {link #0 : 3}, {link #1 : 4}, {link #2 : 5}, {link #3 : 0}, {link #4 : 1},
3 :  {link #0 : 4}, {link #1 : 5}, {link #2 : 0}, {link #3 : 1}, {link #4 : 2},
4 :  {link #0 : 5}, {link #1 : 0}, {link #2 : 1}, {link #3 : 2}, {link #4 : 3},
5 :  {link #0 : 0}, {link #1 : 1}, {link #2 : 2}, {link #3 : 3}, {link #4 : 4},
0 :  {link #0 : 1}, {link #1 : 2}, {link #2 : 3}, {link #3 : 4}, {link #4 : 5},
1 :  {link #0 : 2}, {link #1 : 3}, {link #2 : 4}, {link #3 : 5}, {link #4 : 0},
2 :  {link #0 : 3}, {link #1 : 4}, {link #2 : 5}, {link #3 : 0}, {link #4 : 1},
3 :  {link #0 : 4}, {link #1 : 5}, {link #2 : 0}, {link #3 : 1}, {link #4 : 2},
4 :  {link #0 : 5}, {link #1 : 0}, {link #2 : 1}, {link #3 : 2}, {link #4 : 3},
5 :  {link #0 : 0}, {link #1 : 1}, {link #2 : 2}, {link #3 : 3}, {link #4 : 4},
0 :  {link #0 : 1}, {link #1 : 2}, {link #2 : 3}, {link #3 : 4}, {link #4 : 5},
1 :  {link #0 : 2}, {link #1 : 3}, {link #2 : 4}, {link #3 : 5}, {link #4 : 0},
2 :  {link #0 : 3}, {link #1 : 4}, {link #2 : 5}, {link #3 : 0}, {link #4 : 1},
3 :  {link #0 : 4}, {link #1 : 5}, {link #2 : 0}, {link #3 : 1}, {link #4 : 2},
4 :  {link #0 : 5}, {link #1 : 0}, {link #2 : 1}, {link #3 : 2}, {link #4 : 3},
5 :  {link #0 : 0}, {link #1 : 1}, {link #2 : 2}, {link #3 : 3}, {link #4 : 4},
0 :  {link #0 : 1}, {link #1 : 2}, {link #2 : 3}, {link #3 : 4}, {link #4 : 5},
1 :  {link #0 : 2}, {link #1 : 3}, {link #2 : 4}, {link #3 : 5}, {link #4 : 0},
2 :  {link #0 : 3}, {link #1 : 4}, {link #2 : 5}, {link #3 : 0}, {link #4 : 1},
3 :  {link #0 : 4}, {link #1 : 5}, {link #2 : 0}, {link #3 : 1}, {link #4 : 2},
4 :  {link #0 : 5}, {link #1 : 0}, {link #2 : 1}, {link #3 : 2}, {link #4 : 3},
5 :  {link #0 : 0}, {link #1 : 1}, {link #2 : 2}, {link #3 : 3}, {link #4 : 4},
coll_cache:optimal_rep_storage=0.06
coll_cache:optimal_part_storage=0
coll_cache:optimal_cpu_storage=0.94
coll_cache:optimal_local_storage=0.06
coll_cache:optimal_remote_storage=0
coll_cache:optimal_local_rate=0.965865
coll_cache:optimal_remote_rate=0
coll_cache:optimal_cpu_rate=0.034135
z=328.447
test_result:init:feat_nbytes=375030526464
test_result:init:cache_nbytes=22501830144
test_result:init:feat_nbytes=375030526464
test_result:init:cache_nbytes=22501830144
test_result:init:feat_nbytes=375030526464
test_result:init:cache_nbytes=22501830144
test_result:init:feat_nbytes=375030526464
test_result:init:cache_nbytes=22501830144
test_result:init:feat_nbytes=375030526464
test_result:init:cache_nbytes=22501830144
test_result:init:feat_nbytes=375030526464
test_result:init:cache_nbytes=22501830144
0 :  {link #0 : 1}, {link #1 : 2}, {link #2 : 3}, {link #3 : 4}, {link #4 : 5},
1 :  {link #0 : 2}, {link #1 : 3}, {link #2 : 4}, {link #3 : 5}, {link #4 : 0},
2 :  {link #0 : 3}, {link #1 : 4}, {link #2 : 5}, {link #3 : 0}, {link #4 : 1},
3 :  {link #0 : 4}, {link #1 : 5}, {link #2 : 0}, {link #3 : 1}, {link #4 : 2},
4 :  {link #0 : 5}, {link #1 : 0}, {link #2 : 1}, {link #3 : 2}, {link #4 : 3},
5 :  {link #0 : 0}, {link #1 : 1}, {link #2 : 2}, {link #3 : 3}, {link #4 : 4},
0 :  {link #0 : 1}, {link #1 : 2}, {link #2 : 3}, {link #3 : 4}, {link #4 : 5},
1 :  {link #0 : 2}, {link #1 : 3}, {link #2 : 4}, {link #3 : 5}, {link #4 : 0},
2 :  {link #0 : 3}, {link #1 : 4}, {link #2 : 5}, {link #3 : 0}, {link #4 : 1},
3 :  {link #0 : 4}, {link #1 : 5}, {link #2 : 0}, {link #3 : 1}, {link #4 : 2},
4 :  {link #0 : 5}, {link #1 : 0}, {link #2 : 1}, {link #3 : 2}, {link #4 : 3},
5 :  {link #0 : 0}, {link #1 : 1}, {link #2 : 2}, {link #3 : 3}, {link #4 : 4},
0 :  {link #0 : 1}, {link #1 : 2}, {link #2 : 3}, {link #3 : 4}, {link #4 : 5},
1 :  {link #0 : 2}, {link #1 : 3}, {link #2 : 4}, {link #3 : 5}, {link #4 : 0},
2 :  {link #0 : 3}, {link #1 : 4}, {link #2 : 5}, {link #3 : 0}, {link #4 : 1},
3 :  {link #0 : 4}, {link #1 : 5}, {link #2 : 0}, {link #3 : 1}, {link #4 : 2},
4 :  {link #0 : 5}, {link #1 : 0}, {link #2 : 1}, {link #3 : 2}, {link #4 : 3},
5 :  {link #0 : 0}, {link #1 : 1}, {link #2 : 2}, {link #3 : 3}, {link #4 : 4},
0 :  {link #0 : 1}, {link #1 : 2}, {link #2 : 3}, {link #3 : 4}, {link #4 : 5},
1 :  {link #0 : 2}, {link #1 : 3}, {link #2 : 4}, {link #3 : 5}, {link #4 : 0},
2 :  {link #0 : 3}, {link #1 : 4}, {link #2 : 5}, {link #3 : 0}, {link #4 : 1},
3 :  {link #0 : 4}, {link #1 : 5}, {link #2 : 0}, {link #3 : 1}, {link #4 : 2},
4 :  {link #0 : 5}, {link #1 : 0}, {link #2 : 1}, {link #3 : 2}, {link #4 : 3},
5 :  {link #0 : 0}, {link #1 : 1}, {link #2 : 2}, {link #3 : 3}, {link #4 : 4},
0 :  {link #0 : 1}, {link #1 : 2}, {link #2 : 3}, {link #3 : 4}, {link #4 : 5},
1 :  {link #0 : 2}, {link #1 : 3}, {link #2 : 4}, {link #3 : 5}, {link #4 : 0},
2 :  {link #0 : 3}, {link #1 : 4}, {link #2 : 5}, {link #3 : 0}, {link #4 : 1},
3 :  {link #0 : 4}, {link #1 : 5}, {link #2 : 0}, {link #3 : 1}, {link #4 : 2},
4 :  {link #0 : 5}, {link #1 : 0}, {link #2 : 1}, {link #3 : 2}, {link #4 : 3},
5 :  {link #0 : 0}, {link #1 : 1}, {link #2 : 2}, {link #3 : 3}, {link #4 : 4},
0 :  {link #0 : 1}, {link #1 : 2}, {link #2 : 3}, {link #3 : 4}, {link #4 : 5},
1 :  {link #0 : 2}, {link #1 : 3}, {link #2 : 4}, {link #3 : 5}, {link #4 : 0},
2 :  {link #0 : 3}, {link #1 : 4}, {link #2 : 5}, {link #3 : 0}, {link #4 : 1},
3 :  {link #0 : 4}, {link #1 : 5}, {link #2 : 0}, {link #3 : 1}, {link #4 : 2},
4 :  {link #0 : 5}, {link #1 : 0}, {link #2 : 1}, {link #3 : 2}, {link #4 : 3},
5 :  {link #0 : 0}, {link #1 : 1}, {link #2 : 2}, {link #3 : 3}, {link #4 : 4},
coll_cache:optimal_rep_storage=0.06
coll_cache:optimal_part_storage=0
coll_cache:optimal_cpu_storage=0.94
coll_cache:optimal_local_storage=0.06
coll_cache:optimal_remote_storage=0
coll_cache:optimal_local_rate=0.965865
coll_cache:optimal_remote_rate=0
coll_cache:optimal_cpu_rate=0.034135
z=328.447
test_result:init:cache_nbytes=0
test_result:init:cache_nbytes=0
test_result:init:cache_nbytes=0
test_result:init:cache_nbytes=0
test_result:init:cache_nbytes=0
test_result:init:cache_nbytes=0
[Train  Worker 0/6] Started with PID 1431(NVIDIA A100-SXM4-80GB)
[Train  Worker 0] run train for 4 epochs with 558 steps
Epoch 00000 | Epoch Time 2.8077 | Total Train Time(Profiler) 2.5335 | Copy Time 0.2663
Epoch 00001 | Epoch Time 0.7997 | Total Train Time(Profiler) 0.5715 | Copy Time 0.2206
Epoch 00002 | Epoch Time 0.7915 | Total Train Time(Profiler) 0.5665 | Copy Time 0.2176
Epoch 00003 | Epoch Time 0.7978 | Total Train Time(Profiler) 0.5703 | Copy Time 0.2201
[Train  Worker 0] Avg Epoch Time 0.7963 | Train Total Time(Profiler) 0.5694 | Copy Time 0.2194
[Train  Worker 5/6] Started with PID 1445(NVIDIA A100-SXM4-80GB)
[Train  Worker 5] run train for 4 epochs with 558 steps
[Train  Worker 5] Avg Epoch Time 0.7963 | Train Total Time(Profiler) 0.5606 | Copy Time 0.2282
[Train  Worker 3/6] Started with PID 1439(NVIDIA A100-SXM4-80GB)
[Train  Worker 3] run train for 4 epochs with 558 steps
[Train  Worker 3] Avg Epoch Time 0.7963 | Train Total Time(Profiler) 0.5751 | Copy Time 0.2142
[Train  Worker 4/6] Started with PID 1442(NVIDIA A100-SXM4-80GB)
[Train  Worker 4] run train for 4 epochs with 558 steps
[Train  Worker 4] Avg Epoch Time 0.7964 | Train Total Time(Profiler) 0.5670 | Copy Time 0.2208
[Train  Worker 2/6] Started with PID 1436(NVIDIA A100-SXM4-80GB)
[Train  Worker 2] run train for 4 epochs with 558 steps
[Train  Worker 2] Avg Epoch Time 0.7963 | Train Total Time(Profiler) 0.5763 | Copy Time 0.2127
[Train  Worker 1/6] Started with PID 1433(NVIDIA A100-SXM4-80GB)
[Train  Worker 1] run train for 4 epochs with 558 steps
[Train  Worker 1] Avg Epoch Time 0.7963 | Train Total Time(Profiler) 0.5770 | Copy Time 0.2129
[Sample Worker 1/2] Started with PID 1429(NVIDIA A100-SXM4-80GB)
[Sample Worker 1] run sample for 4 epochs with 279 steps
[Sample Worker 1] Avg Sample Total Time 0.3584 | Sampler Total Time(Profiler) 0.3560
    [Step(average) Profiler Level 1 E3 S278]
        L1  sample           0.001012 | send           0.000219
        L1  recv             0.000000 | copy           0.000000 | convert time 0.000000 | train  0.000000
        L1  feature nbytes 0.00 Bytes | label nbytes 0.00 Bytes
        L1  id nbytes      0.00 Bytes | graph nbytes 0.00 Bytes
        L1  miss nbytes    0.00 Bytes | remote nbytes 0.00 Bytes
        L1  num nodes          303944 | num samples      376371
    [Step(average) Profiler Level 2 E3 S278]
        L2  shuffle     0.000083 | core sample  0.000506 | id remap        0.000314
        L2  graph copy  0.000000 | id copy      0.000000 | cache feat copy 0.000000
        L2  last layer sample time 0.000276 | size 16897.057348
    [Step(average) Profiler Level 3 E3 S278]
        L3  khop sample coo  0.000284 | khop sort coo      0.000000 | khop count edge     0.000033 | khop compact edge 0.000151
        L3  walk sample coo  0.000000 | walk topk total    0.000000 | walk topk step1     0.000000 | walk topk step2   0.000000
        L3  walk topk step3  0.000000 | walk topk step4    0.000000 | walk topk step5     0.000000
        L3  walk topk step6  0.000000 | walk topk step7    0.000000
        L3  remap unique     0.000000 | remap populate     0.000263 | remap mapnode       0.000000 | remap mapedge     0.000051
        L3  cache get_index  0.000000 | cache copy_index   0.000000 | cache extract_miss  0.000000
        L3  cache copy_miss  0.000000 | cache combine_miss 0.000000 | cache combine cache 0.000000 | cache combine remote 0.000000
        L3  label extract  0.000000
    [Init Profiler Level 1]
        L1  init     3.9041 | sampler init    16.5192 | trainer init 0.0000
    [Init Profiler Level 2]
        L2  load ds         5.6590 | init queue           9.3610
        L2  presample       3.8203 | build interal ds     1.5813
        L2  build cache     0.0000
    [Init Profiler Level 3]
        L3  load dataset: mmap     3.9025 | copy         1.7565
        L3  dist queue: alloc      0.0008 | pin          9.3602 | push     0.0000
        L3  presample: init        0.2967
        L3  presample: sample      1.0833 | copy         0.0692
        L3  presample: count       1.6196 | sort         0.3446
        L3  presample: reset       0.0007 | get rank     0.0548
        L3  internal: cuda ctx     1.3738 | cuda stream     0.2044
[Sample Worker 0/2] Started with PID 1428(NVIDIA A100-SXM4-80GB)
[Sample Worker 0] run sample for 4 epochs with 279 steps
[Sample Worker 0] Avg Sample Total Time 0.3484 | Sampler Total Time(Profiler) 0.3434
test_result:sample_time=0.2822
test_result:get_cache_miss_index_time=0.0000
test_result:enqueue_samples_time=0.0612
test_result:epoch_time:sample_total=0.3484
[CUDA] cuda0: usage: 30.11 GB
[SAM] cuda0 data alloc        : 0.00 Bytes
[SAM] cuda0 workspace         : 1010.73 MB
[SAM] cuda0 workspace reserve : 502.83 MB
[SAM] cuda0 total             : 1010.73 MB
    [Step(average) Profiler Level 1 E3 S557]
        L1  sample           0.000000 | send           0.000000
        L1  recv             0.000315 | copy           0.002344 | convert time 0.000334 | train  0.005805
        L1  feature nbytes  445.17 MB | label nbytes   15.62 KB
        L1  id nbytes      0.00 Bytes | graph nbytes 0.00 Bytes
        L1  miss nbytes      21.22 MB | remote nbytes 0.00 Bytes
        L1  num nodes               0 | num samples           0
    [Step(average) Profiler Level 2 E3 S557]
        L2  shuffle     0.000000 | core sample  0.000000 | id remap        0.000000
        L2  graph copy  0.000004 | id copy      0.000000 | cache feat copy 0.002025
        L2  last layer sample time 0.000000 | size 0.000000
    [Step(average) Profiler Level 3 E3 S557]
        L3  khop sample coo  0.000000 | khop sort coo      0.000000 | khop count edge     0.000000 | khop compact edge 0.000000
        L3  walk sample coo  0.000000 | walk topk total    0.000000 | walk topk step1     0.000000 | walk topk step2   0.000000
        L3  walk topk step3  0.000000 | walk topk step4    0.000000 | walk topk step5     0.000000
        L3  walk topk step6  0.000000 | walk topk step7    0.000000
        L3  remap unique     0.000000 | remap populate     0.000000 | remap mapnode       0.000000 | remap mapedge     0.000000
        L3  cache get_index  0.000180 | cache copy_index   0.000000 | cache extract_miss  0.000000
        L3  cache copy_miss  0.000000 | cache combine_miss 0.001754 | cache combine cache 0.000959 | cache combine remote 0.000000
        L3  label extract  0.000081
    [Init Profiler Level 1]
        L1  init     3.9041 | sampler init     0.0000 | trainer init 120.9820
    [Init Profiler Level 2]
        L2  load ds         3.9025 | init queue           9.3762
        L2  presample       0.0000 | build interal ds     1.4912
        L2  build cache   110.1087
    [Init Profiler Level 3]
        L3  load dataset: mmap     3.9025 | copy         0.0000
        L3  dist queue: alloc      0.0008 | pin          9.3754 | push     0.0000
        L3  presample: init        0.0000
        L3  presample: sample      0.0000 | copy         0.0000
        L3  presample: count       0.0000 | sort         0.0000
        L3  presample: reset       0.0000 | get rank     0.0000
        L3  internal: cuda ctx     1.4911 | cuda stream     0.0000
|===========================================================================|
|                  PyTorch CUDA memory summary, device ID 0                 |
|---------------------------------------------------------------------------|
|            CUDA OOMs: 0            |        cudaMalloc retries: 0         |
|===========================================================================|
|        Metric         | Cur Usage  | Peak Usage | Tot Alloc  | Tot Freed  |
|---------------------------------------------------------------------------|
| Allocated memory      |   19640 KB |  213765 KB |  223256 MB |  223237 MB |
|       from large pool |   11120 KB |  211042 KB |  217873 MB |  217862 MB |
|       from small pool |    8519 KB |   10838 KB |    5383 MB |    5375 MB |
|---------------------------------------------------------------------------|
| Active memory         |   19640 KB |  213765 KB |  223256 MB |  223237 MB |
|       from large pool |   11120 KB |  211042 KB |  217873 MB |  217862 MB |
|       from small pool |    8520 KB |   10838 KB |    5383 MB |    5375 MB |
|---------------------------------------------------------------------------|
| GPU reserved memory   |  399360 KB |  399360 KB |  399360 KB |       0 B  |
|       from large pool |  385024 KB |  385024 KB |  385024 KB |       0 B  |
|       from small pool |   14336 KB |   14336 KB |   14336 KB |       0 B  |
|---------------------------------------------------------------------------|
| Non-releasable memory |  185159 KB |  358723 KB |  239490 MB |  239309 MB |
|       from large pool |  183439 KB |  355421 KB |  233784 MB |  233605 MB |
|       from small pool |    1720 KB |    5611 KB |    5706 MB |    5704 MB |
|---------------------------------------------------------------------------|
| Allocations           |      42    |      57    |   43936    |   43894    |
|       from large pool |       7    |      15    |   16373    |   16366    |
|       from small pool |      35    |      43    |   27563    |   27528    |
|---------------------------------------------------------------------------|
| Active allocs         |      43    |      57    |   43936    |   43893    |
|       from large pool |       7    |      15    |   16373    |   16366    |
|       from small pool |      36    |      43    |   27563    |   27527    |
|---------------------------------------------------------------------------|
| GPU reserved segments |      12    |      12    |      12    |       0    |
|       from large pool |       5    |       5    |       5    |       0    |
|       from small pool |       7    |       7    |       7    |       0    |
|---------------------------------------------------------------------------|
| Non-releasable allocs |      16    |      27    |   20068    |   20052    |
|       from large pool |       5    |      11    |    8837    |    8832    |
|       from small pool |      11    |      19    |   11231    |   11220    |
|---------------------------------------------------------------------------|
| Oversize allocations  |       0    |       0    |       0    |       0    |
|---------------------------------------------------------------------------|
| Oversize GPU segments |       0    |       0    |       0    |       0    |
|===========================================================================|

test_result:epoch_time:copy_time=0.2194
test_result:convert_time=0.0332
test_result:train_time=0.5362
test_result:epoch_time:train_total=0.5694
test_result:cache_percentage=0.0600
test_result:cache_hit_rate=1.0000
test_result:run_time=6.6626
