[2022-12-05 21:05:13.495548: W /samgraph/samgraph/common/cpu/mmap_cpu_device.cc:92] mmap allocating space 13.46 GB
[2022-12-05 21:05:13.495624: W /samgraph/samgraph/common/cpu/mmap_cpu_device.cc:97] mmap allocating space 13.46 GB done
[2022-12-05 21:05:17.508402: W /samgraph/samgraph/common/cpu/mmap_cpu_device.cc:92] mmap allocating space 62.57 GB
[2022-12-05 21:05:17.508508: W /samgraph/samgraph/common/cpu/mmap_cpu_device.cc:97] mmap allocating space 62.57 GB done
[2022-12-05 21:05:17.510789: W /samgraph/samgraph/common/cpu/mmap_cpu_device.cc:92] mmap allocating space 6.77 GB
[2022-12-05 21:05:17.510822: W /samgraph/samgraph/common/cpu/mmap_cpu_device.cc:97] mmap allocating space 6.77 GB done
/usr/lib/python3/dist-packages/requests/__init__.py:89: RequestsDependencyWarning: urllib3 (1.26.12) or chardet (3.0.4) doesn't match a supported version!
  warnings.warn("urllib3 ({}) or chardet ({}) doesn't match a supported "
[2022-12-05 21:05:18.719445: W /samgraph/samgraph/common/dist/dist_engine.cc:662] Trainer[0] initializing...
[2022-12-05 21:05:18.782335: W /samgraph/samgraph/common/dist/dist_engine.cc:662] Trainer[1] initializing...
[2022-12-05 21:05:18.795063: W /samgraph/samgraph/common/dist/dist_engine.cc:662] Trainer[2] initializing...
[2022-12-05 21:05:18.867543: W /samgraph/samgraph/common/dist/dist_engine.cc:662] Trainer[3] initializing...
[2022-12-05 21:05:18.930364: W /samgraph/samgraph/common/dist/dist_engine.cc:662] Trainer[4] initializing...
[2022-12-05 21:05:18.971771: W /samgraph/samgraph/common/dist/dist_engine.cc:662] Trainer[5] initializing...
[2022-12-05 21:05:20.329300: W /samgraph/samgraph/common/dist/dist_engine.cc:666] Trainer[0] pin memory queue...
[2022-12-05 21:05:20.334075: W /samgraph/samgraph/common/dist/dist_engine.cc:666] Trainer[1] pin memory queue...
[2022-12-05 21:05:20.353592: W /samgraph/samgraph/common/dist/dist_engine.cc:666] Trainer[3] pin memory queue...
[2022-12-05 21:05:20.355602: W /samgraph/samgraph/common/dist/dist_engine.cc:666] Trainer[2] pin memory queue...
[2022-12-05 21:05:20.370227: W /samgraph/samgraph/common/dist/dist_engine.cc:666] Trainer[5] pin memory queue...
[2022-12-05 21:05:20.370772: W /samgraph/samgraph/common/dist/dist_engine.cc:666] Trainer[4] pin memory queue...
[[2022-12-05 21:05:222022-12-05 21:05:22..294441294443: : EE  /samgraph/samgraph/common/dist/dist_engine.cc/samgraph/samgraph/common/dist/dist_engine.cc::8585] ] Running on A100Running on A100

[2022-12-05 21:05:22.295141: W /samgraph/samgraph/common/dist/dist_engine.cc:701[] 2022-12-05 21:05:22Trainer[3] register host memory....
295156: W /samgraph/samgraph/common/dist/dist_engine.cc:701] Trainer[5] register host memory...
[2022-12-05 21:05:22.295316: E /samgraph/samgraph/common/dist/dist_engine.cc:85] Running on A100
[2022-12-05 21:05:22.296285: W /samgraph/samgraph/common/dist/dist_engine.cc:701] Trainer[2] register host memory...
[2022-12-05 21:05:22.297024: E /samgraph/samgraph/common/dist/dist_engine.cc:85] Running on A100
[2022-12-05 21:05:22.297523: W /samgraph/samgraph/common/dist/dist_engine.cc:701] Trainer[4] register host memory...
[2022-12-05 21:05:22.302688: E /samgraph/samgraph/common/dist/dist_engine.cc:85] Running on A100
[2022-12-05 21:05:22.302975: W /samgraph/samgraph/common/dist/dist_engine.cc:701] Trainer[0] register host memory...
[2022-12-05 21:05:22.303695: E /samgraph/samgraph/common/dist/dist_engine.cc:85] Running on A100
[2022-12-05 21:05:22.303740: W /samgraph/samgraph/common/dist/dist_engine.cc:701] Trainer[1] register host memory...
[2022-12-05 21:05:22.483057: E /samgraph/samgraph/common/dist/dist_engine.cc:85] Running on A100
[2022-12-05 21:05:22.491612: E /samgraph/samgraph/common/dist/dist_engine.cc:85] Running on A100
[2022-12-05 21:05:22.494080: W /samgraph/samgraph/common/cuda/cuda_device.cc:49] GPU[6] alloc cuda memory 250.28 MB
[2022-12-05 21:05:22.538716: W /samgraph/samgraph/common/cuda/cuda_device.cc:49] GPU[6] alloc cuda memory 13.46 GB
[2022-12-05 21:05:24.460375: W /samgraph/samgraph/common/cuda/cuda_device.cc:49] GPU[6] alloc cuda memory 128.00 MB
[2022-12-05 21:05:24.462628: E /samgraph/samgraph/common/dist/pre_sampler.cc:41] Dist Presampler making shuffler...
[2022-12-05 21:05:24.464190: E /samgraph/samgraph/common/dist/pre_sampler.cc:44] Dist Presampler making shuffler...Done
[2022-12-05 21:05:24.464215: W /samgraph/samgraph/common/cpu/cpu_device.cc:39] WORKER[0] alloc host memory 500.55 MB
[2022-12-05 21:05:24.544814: E /samgraph/samgraph/common/dist/pre_sampler.cc:85] Dist Presampler doing presample epoch 0
[2022-12-05 21:05:25.621991: E /samgraph/samgraph/common/dist/pre_sampler.cc:129] presample spend 0.215702 on sample, 0.0252471 on copy, 0.835224 on count
[2022-12-05 21:05:25.622069: E /samgraph/samgraph/common/dist/pre_sampler.cc:85] Dist Presampler doing presample epoch 1
[2022-12-05 21:05:26.756527: E /samgraph/samgraph/common/dist/pre_sampler.cc:129] presample spend 0.449177 on sample, 0.0513168 on copy, 1.70942 on count
[2022-12-05 21:05:26.756599: E /samgraph/samgraph/common/dist/pre_sampler.cc:136] max_num_inputs = 1209003, min_num_inputs = 1167409
[2022-12-05 21:05:26.864700: E /samgraph/samgraph/common/dist/pre_sampler.cc:148] presample spend 0.108035 on sort freq.
[2022-12-05 21:05:26.983761: E /samgraph/samgraph/common/dist/dist_engine.cc:524] pre sample done, delete it
[[[[[[2022-12-05 21:05:262022-12-05 21:05:262022-12-05 21:05:262022-12-05 21:05:262022-12-05 21:05:262022-12-05 21:05:26......994568994564994571994564994569994563: : : : : : WWWWWW      /samgraph/samgraph/common/dist/dist_engine.cc/samgraph/samgraph/common/dist/dist_engine.cc/samgraph/samgraph/common/dist/dist_engine.cc/samgraph/samgraph/common/dist/dist_engine.cc/samgraph/samgraph/common/dist/dist_engine.cc/samgraph/samgraph/common/dist/dist_engine.cc::::::711711711711711711] ] ] ] ] ] Trainer[0] building cache...Trainer[2] building cache...Trainer[1] building cache...Trainer[5] building cache...Trainer[4] building cache...Trainer[3] building cache...





[2022-12-05 21:05:26.996223: E /samgraph/3rdparty/collcachelib/coll_cache_lib/coll_cache/asymm_link_desc.cc:196] build symm link desc with 6X NVIDIA A100-SXM4-80GB out of 8
[2022-12-05 21:05:26.996257: E /samgraph/3rdparty/collcachelib/coll_cache_lib/coll_cache/asymm_link_desc.cc:197] remote time is 10.8824
[2022-12-05 21:05:26.996268: E /samgraph/3rdparty/collcachelib/coll_cache_lib/coll_cache/asymm_link_desc.cc:198] cpu time is 41.1111
[2022-12-05 21:05:26.996300: E /samgraph/3rdparty/collcachelib/coll_cache_lib/coll_cache/asymm_link_desc.cc:196] build symm link desc with 6X NVIDIA A100-SXM4-80GB out of 8
[2022-12-05 21:05:26.996325: E /samgraph/3rdparty/collcachelib/coll_cache_lib/coll_cache/asymm_link_desc.cc:197] remote time is 10.8824
[2022-12-05 21:05:26.996336: E /samgraph/3rdparty/collcachelib/coll_cache_lib/coll_cache/asymm_link_desc.cc:198] cpu time is 41.1111
[2022-12-05 21:05:26.996598: E /samgraph/3rdparty/collcachelib/coll_cache_lib/coll_cache/asymm_link_desc.cc:196] build symm link desc with 6X NVIDIA A100-SXM4-80GB out of 8
[2022-12-05 21:05:26.996610: E /samgraph/3rdparty/collcachelib/coll_cache_lib/coll_cache/asymm_link_desc.cc:[1962022-12-05 21:05:26] .build symm link desc with 6X NVIDIA A100-SXM4-80GB out of 8996623
: E /samgraph/3rdparty/collcachelib/coll_cache_lib/coll_cache/asymm_link_desc.cc:197] remote time is 10.8824
[2022-12-05 21:05:26[.2022-12-05 21:05:26996638.: 996638E:  E/samgraph/3rdparty/collcachelib/coll_cache_lib/coll_cache/asymm_link_desc.cc :/samgraph/3rdparty/collcachelib/coll_cache_lib/coll_cache/asymm_link_desc.cc198:] 197cpu time is 41.1111] 
remote time is 10.8824
[2022-12-05 21:05:26.996659: E /samgraph/3rdparty/collcachelib/coll_cache_lib/coll_cache/asymm_link_desc.cc:198] cpu time is 41.1111
[2022-12-05 21:05:26.996834: E /samgraph/3rdparty/collcachelib/coll_cache_lib/coll_cache/asymm_link_desc.cc:196] build symm link desc with 6X NVIDIA A100-SXM4-80GB out of 8
[2022-12-05 21:05:26.996858: E /samgraph/3rdparty/collcachelib/coll_cache_lib/coll_cache/asymm_link_desc.cc:197] remote time is 10.8824
[2022-12-05 21:05:26.996869: E /samgraph/3rdparty/collcachelib/coll_cache_lib/coll_cache/asymm_link_desc.cc:198] cpu time is 41.1111
[2022-12-05 21:05:27. 24373: E /samgraph/3rdparty/collcachelib/coll_cache_lib/coll_cache/asymm_link_desc.cc:196] build symm link desc with 6X NVIDIA A100-SXM4-80GB out of 8
[2022-12-05 21:05:27. 24425: E /samgraph/3rdparty/collcachelib/coll_cache_lib/coll_cache/asymm_link_desc.cc:197] remote time is 10.8824
[2022-12-05 21:05:27. 24436: E /samgraph/3rdparty/collcachelib/coll_cache_lib/coll_cache/asymm_link_desc.cc:198] cpu time is 41.1111
[2022-12-05 21:05:43.253125: E /samgraph/3rdparty/collcachelib/coll_cache_lib/facade.cc:115] solver created. now build & solve
[2022-12-05 21:05:43.285565: E /samgraph/3rdparty/collcachelib/coll_cache_lib/facade.cc:120] solver built. now solve
[2022-12-05 21:05:43.285598: E /samgraph/3rdparty/collcachelib/coll_cache_lib/coll_cache/optimal_solver_class.cc:895] num_cached_nodes = 9841254
[2022-12-05 21:05:43.660896: E /samgraph/3rdparty/collcachelib/coll_cache_lib/facade.cc:124] solver solved
[2022-12-05 21:05:43.660983: E /samgraph/3rdparty/collcachelib/coll_cache_lib/facade.cc:187] 0 solved master
[2022-12-05 21:05:43.661002: E /samgraph/3rdparty/collcachelib/coll_cache_lib/facade.cc:194] 0 solved
[2022-12-05 21:05:43.661013: E /samgraph/3rdparty/collcachelib/coll_cache_lib/facade.cc:197] worker 0 thread 0 initing device 0
[2022-12-05 21:05:43.667961: E /samgraph/3rdparty/collcachelib/coll_cache_lib/facade.cc:194] 5 solved
[2022-12-05 21:05:43.668028: E /samgraph/3rdparty/collcachelib/coll_cache_lib/facade.cc:197] worker 5 thread 5 initing device 5
[2022-12-05 21:05:43.671922: E /samgraph/3rdparty/collcachelib/coll_cache_lib/facade.cc:194] 2 solved
[2022-12-05 21:05:43.671972: E /samgraph/3rdparty/collcachelib/coll_cache_lib/facade.cc:197] worker 2 thread 2 initing device 2
[2022-12-05 21:05:43.671969: E /samgraph/3rdparty/collcachelib/coll_cache_lib/facade.cc:194] 1 solved
[2022-12-05 21:05:43.672024: E /samgraph/3rdparty/collcachelib/coll_cache_lib/facade.cc:197] worker 1 thread 1 initing device 1
[2022-12-05 21:05:43.673910: E /samgraph/3rdparty/collcachelib/coll_cache_lib/facade.cc:194] 4 solved
[2022-12-05 21:05:43.673962: E /samgraph/3rdparty/collcachelib/coll_cache_lib/facade.cc:197] worker 4 thread 4 initing device 4
[2022-12-05 21:05:43.677042: E /samgraph/3rdparty/collcachelib/coll_cache_lib/facade.cc:194] 3 solved
[2022-12-05 21:05:43.677108: E /samgraph/3rdparty/collcachelib/coll_cache_lib/facade.cc:197] worker 3 thread 3 initing device 3
[2022-12-05 21:05:44.547107: E /samgraph/3rdparty/collcachelib/coll_cache_lib/cache_context.cu:1740] Collaborative GPU cache (policy: rep_cache) | local 9841254 / 65608366 nodes ( 15.00 %~15.00 %) | remote 0 / 65608366 nodes ( 0.00 %) | cpu 55767112 / 65608366 nodes ( 85.00 %) | 9.39 GB | 0.874256 secs 
[2022-12-05 21:05:44.547366: E /samgraph/3rdparty/collcachelib/coll_cache_lib/cache_context.cu:1740] Collaborative GPU cache (policy: rep_cache) | local 9841254 / 65608366 nodes ( 15.00 %~15.00 %) | remote 0 / 65608366 nodes ( 0.00 %) | cpu 55767112 / 65608366 nodes ( 85.00 %) | 9.39 GB | 0.885601 secs 
[2022-12-05 21:05:44.548675: E /samgraph/3rdparty/collcachelib/coll_cache_lib/cache_context.cu:1740] Collaborative GPU cache (policy: rep_cache) | local 9841254 / 65608366 nodes ( 15.00 %~15.00 %) | remote 0 / 65608366 nodes ( 0.00 %) | cpu 55767112 / 65608366 nodes ( 85.00 %) | 9.39 GB | 0.8757 secs 
[2022-12-05 21:05:44.548921: E /samgraph/3rdparty/collcachelib/coll_cache_lib/cache_context.cu:1740] Collaborative GPU cache (policy: rep_cache) | local 9841254 / 65608366 nodes ( 15.00 %~15.00 %) | remote 0 / 65608366 nodes ( 0.00 %) | cpu 55767112 / 65608366 nodes ( 85.00 %) | 9.39 GB | 0.874079 secs 
[2022-12-05 21:05:44.549303: E /samgraph/3rdparty/collcachelib/coll_cache_lib/cache_context.cu:1740] Collaborative GPU cache (policy: rep_cache) | local 9841254 / 65608366 nodes ( 15.00 %~15.00 %) | remote 0 / 65608366 nodes ( 0.00 %) | cpu 55767112 / 65608366 nodes ( 85.00 %) | 9.39 GB | 0.879542 secs 
[2022-12-05 21:05:44.549937: E /samgraph/3rdparty/collcachelib/coll_cache_lib/cache_context.cu:1740] Collaborative GPU cache (policy: rep_cache) | local 9841254 / 65608366 nodes ( 15.00 %~15.00 %) | remote 0 / 65608366 nodes ( 0.00 %) | cpu 55767112 / 65608366 nodes ( 85.00 %) | 9.39 GB | 0.870088 secs 
[2022-12-05 21:05:44.553019: E /samgraph/3rdparty/collcachelib/coll_cache_lib/coll_cache/asymm_link_desc.cc:196] build symm link desc with 6X NVIDIA A100-SXM4-80GB out of 8
[2022-12-05 21:05:44.553046: E /samgraph/3rdparty/collcachelib/coll_cache_lib/coll_cache/asymm_link_desc.cc:197] remote time is 10.8824
[2022-12-05 21:05:44.553057: E /samgraph/3rdparty/collcachelib/coll_cache_lib/coll_cache/asymm_link_desc.cc:198] cpu time is 41.1111
[2022-12-05 21:05:44.553319: E /samgraph/3rdparty/collcachelib/coll_cache_lib/coll_cache/asymm_link_desc.cc:196] build symm link desc with 6X NVIDIA A100-SXM4-80GB out of 8
[2022-12-05 21:05:44.553348: E /samgraph/3rdparty/collcachelib/coll_cache_lib/coll_cache/asymm_link_desc.cc:197] remote time is 10.8824
[2022-12-05 21:05:44.553359: E /samgraph/3rdparty/collcachelib/coll_cache_lib/coll_cache/asymm_link_desc.cc:198] cpu time is 41.1111
[2022-12-05 21:05:44.553534: E /samgraph/3rdparty/collcachelib/coll_cache_lib/coll_cache/asymm_link_desc.cc:196] build symm link desc with 6X NVIDIA A100-SXM4-80GB out of 8
[2022-12-05 21:05:44.553559: E /samgraph/3rdparty/collcachelib/coll_cache_lib/coll_cache/asymm_link_desc.cc:197] remote time is 10.8824
[2022-12-05 21:05:44.553570: E /samgraph/3rdparty/collcachelib/coll_cache_lib/coll_cache/asymm_link_desc.cc:198] cpu time is 41.1111
[2022-12-05 21:05:44.553837: E /samgraph/3rdparty/collcachelib/coll_cache_lib/coll_cache/asymm_link_desc.cc:196] build symm link desc with 6X NVIDIA A100-SXM4-80GB out of 8[
2022-12-05 21:05:44.553845: E /samgraph/3rdparty/collcachelib/coll_cache_lib/coll_cache/asymm_link_desc.cc:196] [build symm link desc with 6X NVIDIA A100-SXM4-80GB out of 82022-12-05 21:05:44
.553859: E /samgraph/3rdparty/collcachelib/coll_cache_lib/coll_cache/asymm_link_desc.cc:197] remote time is 10.8824[
2022-12-05 21:05:44.553869: E [/samgraph/3rdparty/collcachelib/coll_cache_lib/coll_cache/asymm_link_desc.cc2022-12-05 21:05:44:.197553874] : remote time is 10.8824E
 /samgraph/3rdparty/collcachelib/coll_cache_lib/coll_cache/asymm_link_desc.cc:198] cpu time is 41.1111[
2022-12-05 21:05:44.553886: E /samgraph/3rdparty/collcachelib/coll_cache_lib/coll_cache/asymm_link_desc.cc:198] cpu time is 41.1111
[2022-12-05 21:05:44.554082: E /samgraph/3rdparty/collcachelib/coll_cache_lib/coll_cache/asymm_link_desc.cc:196] build symm link desc with 6X NVIDIA A100-SXM4-80GB out of 8
[2022-12-05 21:05:44.554116: E /samgraph/3rdparty/collcachelib/coll_cache_lib/coll_cache/asymm_link_desc.cc:197] remote time is 10.8824
[2022-12-05 21:05:44.554126: E /samgraph/3rdparty/collcachelib/coll_cache_lib/coll_cache/asymm_link_desc.cc:198] cpu time is 41.1111
[2022-12-05 21:05:44.676368: E /samgraph/3rdparty/collcachelib/coll_cache_lib/facade.cc:115] solver created. now build & solve
[2022-12-05 21:05:44.683089: E /samgraph/3rdparty/collcachelib/coll_cache_lib/facade.cc:120] solver built. now solve
[2022-12-05 21:05:44.683115: E /samgraph/3rdparty/collcachelib/coll_cache_lib/coll_cache/optimal_solver_class.cc:895] num_cached_nodes = 9841254
[2022-12-05 21:05:45. 66695: E /samgraph/3rdparty/collcachelib/coll_cache_lib/facade.cc:124] solver solved
[2022-12-05 21:05:45. 66754: E /samgraph/3rdparty/collcachelib/coll_cache_lib/facade.cc:187] 0 solved master
[2022-12-05 21:05:45. 66765: E /samgraph/3rdparty/collcachelib/coll_cache_lib/facade.cc:194] 0 solved
[2022-12-05 21:05:45. 66775: E /samgraph/3rdparty/collcachelib/coll_cache_lib/facade.cc:197] worker 0 thread 0 initing device 0
[2022-12-05 21:05:45. 73833: E /samgraph/3rdparty/collcachelib/coll_cache_lib/facade.cc:194] 5 solved
[2022-12-05 21:05:45. 73914: E /samgraph/3rdparty/collcachelib/coll_cache_lib/facade.cc:197] worker 5 thread 5 initing device 5
[[[2022-12-05 21:05:452022-12-05 21:05:45..2022-12-05 21:05:45 77854 77861.: :  77861EE:   E/samgraph/3rdparty/collcachelib/coll_cache_lib/facade.cc/samgraph/3rdparty/collcachelib/coll_cache_lib/facade.cc :[:/samgraph/3rdparty/collcachelib/coll_cache_lib/facade.cc1941942022-12-05 21:05:45:] ] .1941 solved2 solved 77886] 

: 4 solvedE
 [[/samgraph/3rdparty/collcachelib/coll_cache_lib/facade.cc2022-12-05 21:05:452022-12-05 21:05:45:.[.194 779312022-12-05 21:05:45 77932] : .: 3 solvedE 77935E
 :  /samgraph/3rdparty/collcachelib/coll_cache_lib/facade.ccE/samgraph/3rdparty/collcachelib/coll_cache_lib/facade.cc: :197[/samgraph/3rdparty/collcachelib/coll_cache_lib/facade.cc197] 2022-12-05 21:05:45:] worker 1 thread 1 initing device 1.197worker 2 thread 2 initing device 2
 77957] 
: worker 4 thread 4 initing device 4E
 /samgraph/3rdparty/collcachelib/coll_cache_lib/facade.cc:197] worker 3 thread 3 initing device 3
[2022-12-05 21:05:47.916390: W /samgraph/samgraph/common/cuda/cuda_device.cc:49] GPU[0] alloc cuda memory 1.25 GB
[2022-12-05 21:05:49.207821: W /samgraph/samgraph/common/cuda/cuda_device.cc:49] GPU[0] alloc cuda memory 1.25 GB
/usr/local/lib/python3.8/dist-packages/torch/nn/parallel/scatter_gather.py:9: UserWarning: is_namedtuple is deprecated, please use the python checks instead
  warnings.warn("is_namedtuple is deprecated, please use the python checks instead")
/usr/local/lib/python3.8/dist-packages/torch/nn/parallel/scatter_gather.py:9: UserWarning: is_namedtuple is deprecated, please use the python checks instead
  warnings.warn("is_namedtuple is deprecated, please use the python checks instead")
/usr/local/lib/python3.8/dist-packages/torch/nn/parallel/scatter_gather.py:9: UserWarning: is_namedtuple is deprecated, please use the python checks instead
  warnings.warn("is_namedtuple is deprecated, please use the python checks instead")
/usr/local/lib/python3.8/dist-packages/torch/nn/parallel/scatter_gather.py:9: UserWarning: is_namedtuple is deprecated, please use the python checks instead
  warnings.warn("is_namedtuple is deprecated, please use the python checks instead")
/usr/local/lib/python3.8/dist-packages/torch/nn/parallel/scatter_gather.py:9: UserWarning: is_namedtuple is deprecated, please use the python checks instead
  warnings.warn("is_namedtuple is deprecated, please use the python checks instead")
/usr/local/lib/python3.8/dist-packages/torch/nn/parallel/scatter_gather.py:9: UserWarning: is_namedtuple is deprecated, please use the python checks instead
  warnings.warn("is_namedtuple is deprecated, please use the python checks instead")
