config:eval_tsp="2022-12-05 22:24:24"
config:arch=arch5
config:num_train_worker=6
config:num_sample_worker=2
config:sample_type=khop2
config:root_path=/nvme/graph-learning-copy/samgraph/
config:dataset=mag240m-homo
config:pipeline=False
config:cache_policy=coll_cache_asymm_link
config:cache_percentage=0.08
config:num_epoch=4
config:batch_size=8000
config:num_hidden=256
config:max_sampling_jobs=1
config:max_copying_jobs=1
config:barriered_epoch=1
config:presample_epoch=2
config:omp_thread_num=6
config:unsupervised=False
config:amp=True
config:rolling=0
config:fanout=[25, 10]
config:lr=0.003
config:dropout=0.5
config:single_gpu=False
config:max_num_step=100000
config:validate_configs=False
config:report_acc=0
config:dataset_path=/nvme/graph-learning-copy/samgraph/mag240m-homo
config:torch_thread_num=9
config:train_workers=['cuda:0', 'cuda:1', 'cuda:2', 'cuda:3', 'cuda:4', 'cuda:5']
config:sample_workers=['cuda:6', 'cuda:7']
config:num_fanout=2
config:num_layer=2
config:_run_mode=RunMode.FGNN
config:_log_level=warn
config:_profile_level=3
config:_empty_feat=0
config:_arch=5
config:_sample_type=5
config:_cache_policy=13
test_result:init:input_scale_factor=1.1
0 :  {link #0 : 1}, {link #1 : 2}, {link #2 : 3}, {link #3 : 4}, {link #4 : 5},
1 :  {link #0 : 2}, {link #1 : 3}, {link #2 : 4}, {link #3 : 5}, {link #4 : 0},
2 :  {link #0 : 3}, {link #1 : 4}, {link #2 : 5}, {link #3 : 0}, {link #4 : 1},
3 :  {link #0 : 4}, {link #1 : 5}, {link #2 : 0}, {link #3 : 1}, {link #4 : 2},
4 :  {link #0 : 5}, {link #1 : 0}, {link #2 : 1}, {link #3 : 2}, {link #4 : 3},
5 :  {link #0 : 0}, {link #1 : 1}, {link #2 : 2}, {link #3 : 3}, {link #4 : 4},
0 :  {link #0 : 1}, {link #1 : 2}, {link #2 : 3}, {link #3 : 4}, {link #4 : 5},
1 :  {link #0 : 2}, {link #1 : 3}, {link #2 : 4}, {link #3 : 5}, {link #4 : 0},
2 :  {link #0 : 3}, {link #1 : 4}, {link #2 : 5}, {link #3 : 0}, {link #4 : 1},
3 :  {link #0 : 4}, {link #1 : 5}, {link #2 : 0}, {link #3 : 1}, {link #4 : 2},
4 :  {link #0 : 5}, {link #1 : 0}, {link #2 : 1}, {link #3 : 2}, {link #4 : 3},
5 :  {link #0 : 0}, {link #1 : 1}, {link #2 : 2}, {link #3 : 3}, {link #4 : 4},
0 :  {link #0 : 1}, {link #1 : 2}, {link #2 : 3}, {link #3 : 4}, {link #4 : 5},
1 :  {link #0 : 2}, {link #1 : 3}, {link #2 : 4}, {link #3 : 5}, {link #4 : 0},
2 :  {link #0 : 3}, {link #1 : 4}, {link #2 : 5}, {link #3 : 0}, {link #4 : 1},
3 :  {link #0 : 4}, {link #1 : 5}, {link #2 : 0}, {link #3 : 1}, {link #4 : 2},
4 :  {link #0 : 5}, {link #1 : 0}, {link #2 : 1}, {link #3 : 2}, {link #4 : 3},
5 :  {link #0 : 0}, {link #1 : 1}, {link #2 : 2}, {link #3 : 3}, {link #4 : 4},
0 :  {link #0 : 1}, {link #1 : 2}, {link #2 : 3}, {link #3 : 4}, {link #4 : 5},
1 :  {link #0 : 2}, {link #1 : 3}, {link #2 : 4}, {link #3 : 5}, {link #4 : 0},
2 :  {link #0 : 3}, {link #1 : 4}, {link #2 : 5}, {link #3 : 0}, {link #4 : 1},
3 :  {link #0 : 4}, {link #1 : 5}, {link #2 : 0}, {link #3 : 1}, {link #4 : 2},
4 :  {link #0 : 5}, {link #1 : 0}, {link #2 : 1}, {link #3 : 2}, {link #4 : 3},
5 :  {link #0 : 0}, {link #1 : 1}, {link #2 : 2}, {link #3 : 3}, {link #4 : 4},
0 :  {link #0 : 1}, {link #1 : 2}, {link #2 : 3}, {link #3 : 4}, {link #4 : 5},
1 :  {link #0 : 2}, {link #1 : 3}, {link #2 : 4}, {link #3 : 5}, {link #4 : 0},
2 :  {link #0 : 3}, {link #1 : 4}, {link #2 : 5}, {link #3 : 0}, {link #4 : 1},
3 :  {link #0 : 4}, {link #1 : 5}, {link #2 : 0}, {link #3 : 1}, {link #4 : 2},
4 :  {link #0 : 5}, {link #1 : 0}, {link #2 : 1}, {link #3 : 2}, {link #4 : 3},
5 :  {link #0 : 0}, {link #1 : 1}, {link #2 : 2}, {link #3 : 3}, {link #4 : 4},
0 :  {link #0 : 1}, {link #1 : 2}, {link #2 : 3}, {link #3 : 4}, {link #4 : 5},
1 :  {link #0 : 2}, {link #1 : 3}, {link #2 : 4}, {link #3 : 5}, {link #4 : 0},
2 :  {link #0 : 3}, {link #1 : 4}, {link #2 : 5}, {link #3 : 0}, {link #4 : 1},
3 :  {link #0 : 4}, {link #1 : 5}, {link #2 : 0}, {link #3 : 1}, {link #4 : 2},
4 :  {link #0 : 5}, {link #1 : 0}, {link #2 : 1}, {link #3 : 2}, {link #4 : 3},
5 :  {link #0 : 0}, {link #1 : 1}, {link #2 : 2}, {link #3 : 3}, {link #4 : 4},
Set parameter WLSAccessID
Set parameter WLSSecret
Set parameter LicenseID
Set parameter TimeLimit to value 200
Set parameter MIPGap to value 0.05
Set parameter GomoryPasses to value 0
Set parameter Aggregate to value 0
Set parameter LogFile to value "cppsolver.log"
Set parameter Threads to value 12
Academic license - for non-commercial use only - registered to xiaoniu.sxn@sjtu.edu.cn
Gurobi Optimizer version 9.5.1 build v9.5.1rc2 (linux64)
Thread count: 56 physical cores, 112 logical processors, using up to 12 threads
Academic license - for non-commercial use only - registered to xiaoniu.sxn@sjtu.edu.cn
Optimize a model with 188280 rows, 37451 columns and 455448 nonzeros
Model fingerprint: 0x80fa5c8c
Variable types: 7 continuous, 37444 integer (37444 binary)
Coefficient statistics:
  Matrix range     [9e-04, 3e+02]
  Objective range  [1e+00, 1e+00]
  Bounds range     [1e+00, 1e+00]
  RHS range        [1e+00, 1e+02]
Found heuristic solution: objective 2.000000e+09
Presolve removed 151805 rows and 0 columns
Presolve time: 0.29s
Presolved: 36475 rows, 37451 columns, 146783 nonzeros
Found heuristic solution: objective 4577.9399803
Variable types: 7 continuous, 37444 integer (37444 binary)

Deterministic concurrent LP optimizer: primal and dual simplex
Showing first log only...


Use crossover to convert LP symmetric solution to basic solution...
Concurrent spin time: 0.00s

Solved with primal simplex

Root relaxation: objective 1.302810e+02, 10685 iterations, 0.15 seconds (0.34 work units)

    Nodes    |    Current Node    |     Objective Bounds      |     Work
 Expl Unexpl |  Obj  Depth IntInf | Incumbent    BestBd   Gap | It/Node Time

     0     0  130.28098    0  208 4577.93998  130.28098  97.2%     -    7s
H    0     0                     254.3984977  130.28098  48.8%     -    7s
H    0     0                     136.4259357  130.28098  4.50%     -    7s

Explored 1 nodes (36343 simplex iterations) in 7.26 seconds (12.81 work units)
Thread count was 12 (of 112 available processors)

Solution count 4: 136.426 254.398 4577.94 2e+09 

Optimal solution found (tolerance 5.00e-02)
Best objective 1.364259357362e+02, best bound 1.302809841387e+02, gap 4.5042%
coll_cache:optimal_local_rate=0.924552,0.931122,0.918846,0.924434,0.931271,0.931308,
coll_cache:optimal_remote_rate=0.0692899,0.0627201,0.0749965,0.0694079,0.0625714,0.0625343,
coll_cache:optimal_cpu_rate=0.00615785,0.00615785,0.00615785,0.00615785,0.00615785,0.00615785,
z=136.426
test_result:init:feat_nbytes=375030526464
test_result:init:cache_nbytes=28692436992
test_result:init:feat_nbytes=375030526464
test_result:init:cache_nbytes=29817526272
test_result:init:feat_nbytes=375030526464
test_result:init:cache_nbytes=29970637824
test_result:init:feat_nbytes=375030526464
test_result:init:cache_nbytes=29734126080
test_result:init:feat_nbytes=375030526464
test_result:init:cache_nbytes=29067466752
test_result:init:feat_nbytes=375030526464
test_result:init:cache_nbytes=29928724992
0 :  {link #0 : 1}, {link #1 : 2}, {link #2 : 3}, {link #3 : 4}, {link #4 : 5},
1 :  {link #0 : 2}, {link #1 : 3}, {link #2 : 4}, {link #3 : 5}, {link #4 : 0},
2 :  {link #0 : 3}, {link #1 : 4}, {link #2 : 5}, {link #3 : 0}, {link #4 : 1},
3 :  {link #0 : 4}, {link #1 : 5}, {link #2 : 0}, {link #3 : 1}, {link #4 : 2},
4 :  {link #0 : 5}, {link #1 : 0}, {link #2 : 1}, {link #3 : 2}, {link #4 : 3},
5 :  {link #0 : 0}, {link #1 : 1}, {link #2 : 2}, {link #3 : 3}, {link #4 : 4},
0 :  {link #0 : 1}, {link #1 : 2}, {link #2 : 3}, {link #3 : 4}, {link #4 : 5},
1 :  {link #0 : 2}, {link #1 : 3}, {link #2 : 4}, {link #3 : 5}, {link #4 : 0},
2 :  {link #0 : 3}, {link #1 : 4}, {link #2 : 5}, {link #3 : 0}, {link #4 : 1},
3 :  {link #0 : 4}, {link #1 : 5}, {link #2 : 0}, {link #3 : 1}, {link #4 : 2},
4 :  {link #0 : 5}, {link #1 : 0}, {link #2 : 1}, {link #3 : 2}, {link #4 : 3},
5 :  {link #0 : 0}, {link #1 : 1}, {link #2 : 2}, {link #3 : 3}, {link #4 : 4},
0 :  {link #0 : 1}, {link #1 : 2}, {link #2 : 3}, {link #3 : 4}, {link #4 : 5},
1 :  {link #0 : 2}, {link #1 : 3}, {link #2 : 4}, {link #3 : 5}, {link #4 : 0},
2 :  {link #0 : 3}, {link #1 : 4}, {link #2 : 5}, {link #3 : 0}, {link #4 : 1},
3 :  {link #0 : 4}, {link #1 : 5}, {link #2 : 0}, {link #3 : 1}, {link #4 : 2},
4 :  {link #0 : 5}, {link #1 : 0}, {link #2 : 1}, {link #3 : 2}, {link #4 : 3},
5 :  {link #0 : 0}, {link #1 : 1}, {link #2 : 2}, {link #3 : 3}, {link #4 : 4},
0 :  {link #0 : 1}, {link #1 : 2}, {link #2 : 3}, {link #3 : 4}, {link #4 : 5},
1 :  {link #0 : 2}, {link #1 : 3}, {link #2 : 4}, {link #3 : 5}, {link #4 : 0},
2 :  {link #0 : 3}, {link #1 : 4}, {link #2 : 5}, {link #3 : 0}, {link #4 : 1},
3 :  {link #0 : 4}, {link #1 : 5}, {link #2 : 0}, {link #3 : 1}, {link #4 : 2},
4 :  {link #0 : 5}, {link #1 : 0}, {link #2 : 1}, {link #3 : 2}, {link #4 : 3},
5 :  {link #0 : 0}, {link #1 : 1}, {link #2 : 2}, {link #3 : 3}, {link #4 : 4},
0 :  {link #0 : 1}, {link #1 : 2}, {link #2 : 3}, {link #3 : 4}, {link #4 : 5},
1 :  {link #0 : 2}, {link #1 : 3}, {link #2 : 4}, {link #3 : 5}, {link #4 : 0},
2 :  {link #0 : 3}, {link #1 : 4}, {link #2 : 5}, {link #3 : 0}, {link #4 : 1},
3 :  {link #0 : 4}, {link #1 : 5}, {link #2 : 0}, {link #3 : 1}, {link #4 : 2},
4 :  {link #0 : 5}, {link #1 : 0}, {link #2 : 1}, {link #3 : 2}, {link #4 : 3},
5 :  {link #0 : 0}, {link #1 : 1}, {link #2 : 2}, {link #3 : 3}, {link #4 : 4},
0 :  {link #0 : 1}, {link #1 : 2}, {link #2 : 3}, {link #3 : 4}, {link #4 : 5},
1 :  {link #0 : 2}, {link #1 : 3}, {link #2 : 4}, {link #3 : 5}, {link #4 : 0},
2 :  {link #0 : 3}, {link #1 : 4}, {link #2 : 5}, {link #3 : 0}, {link #4 : 1},
3 :  {link #0 : 4}, {link #1 : 5}, {link #2 : 0}, {link #3 : 1}, {link #4 : 2},
4 :  {link #0 : 5}, {link #1 : 0}, {link #2 : 1}, {link #3 : 2}, {link #4 : 3},
5 :  {link #0 : 0}, {link #1 : 1}, {link #2 : 2}, {link #3 : 3}, {link #4 : 4},
Set parameter WLSAccessID
Set parameter WLSSecret
Set parameter LicenseID
Set parameter TimeLimit to value 200
Set parameter MIPGap to value 0.05
Set parameter GomoryPasses to value 0
Set parameter Aggregate to value 0
Set parameter LogFile to value "cppsolver.log"
Set parameter Threads to value 12
Academic license - for non-commercial use only - registered to xiaoniu.sxn@sjtu.edu.cn
Gurobi Optimizer version 9.5.1 build v9.5.1rc2 (linux64)
Thread count: 56 physical cores, 112 logical processors, using up to 12 threads
Academic license - for non-commercial use only - registered to xiaoniu.sxn@sjtu.edu.cn
Optimize a model with 188280 rows, 37451 columns and 455448 nonzeros
Model fingerprint: 0x9e8165de
Variable types: 7 continuous, 37444 integer (37444 binary)
Coefficient statistics:
  Matrix range     [9e-04, 3e+02]
  Objective range  [1e+00, 1e+00]
  Bounds range     [1e+00, 1e+00]
  RHS range        [1e+00, 1e+02]
Found heuristic solution: objective 2.000000e+09
Presolve removed 151805 rows and 0 columns
Presolve time: 0.31s
Presolved: 36475 rows, 37451 columns, 146783 nonzeros
Found heuristic solution: objective 4206.1904062
Variable types: 7 continuous, 37444 integer (37444 binary)

Deterministic concurrent LP optimizer: primal and dual simplex
Showing first log only...


Use crossover to convert LP symmetric solution to basic solution...
Concurrent spin time: 0.01s

Solved with primal simplex

Root relaxation: objective 1.302810e+02, 10710 iterations, 0.15 seconds (0.34 work units)

    Nodes    |    Current Node    |     Objective Bounds      |     Work
 Expl Unexpl |  Obj  Depth IntInf | Incumbent    BestBd   Gap | It/Node Time

     0     0  130.28098    0   98 4206.19041  130.28098  96.9%     -    4s
H    0     0                     134.4930807  130.28098  3.13%     -    4s

Explored 1 nodes (58301 simplex iterations) in 4.86 seconds (7.15 work units)
Thread count was 12 (of 112 available processors)

Solution count 3: 134.493 4206.19 2e+09 

Optimal solution found (tolerance 5.00e-02)
Best objective 1.344930807029e+02, best bound 1.302809841387e+02, gap 3.1318%
coll_cache:optimal_local_rate=0.924421,0.921564,0.924031,0.923244,0.924249,0.917848,
coll_cache:optimal_remote_rate=0.06952,0.0723768,0.06991,0.0706966,0.0696914,0.0760929,
coll_cache:optimal_cpu_rate=0.00605918,0.00605918,0.00605918,0.00605918,0.00605918,0.00605918,
z=134.493
test_result:init:cache_nbytes=0
test_result:init:cache_nbytes=0
test_result:init:cache_nbytes=0
test_result:init:cache_nbytes=0
test_result:init:cache_nbytes=0
test_result:init:cache_nbytes=0
[Train  Worker 3/6] Started with PID 76879(NVIDIA A100-SXM4-80GB)
[Train  Worker 3] run train for 4 epochs with 144 steps
[Train  Worker 3] Avg Epoch Time 0.4342 | Train Total Time(Profiler) 0.2995 | Copy Time 0.1328
[Train  Worker 0/6] Started with PID 76871(NVIDIA A100-SXM4-80GB)
[Train  Worker 0] run train for 4 epochs with 144 steps
Epoch 00000 | Epoch Time 1.9178 | Total Train Time(Profiler) 1.7437 | Copy Time 0.1718
Epoch 00001 | Epoch Time 0.4335 | Total Train Time(Profiler) 0.2986 | Copy Time 0.1330
Epoch 00002 | Epoch Time 0.4372 | Total Train Time(Profiler) 0.3005 | Copy Time 0.1346
Epoch 00003 | Epoch Time 0.4321 | Total Train Time(Profiler) 0.2962 | Copy Time 0.1339
[Train  Worker 0] Avg Epoch Time 0.4343 | Train Total Time(Profiler) 0.2984 | Copy Time 0.1338
[Train  Worker 5/6] Started with PID 76885(NVIDIA A100-SXM4-80GB)
[Train  Worker 5] run train for 4 epochs with 144 steps
[Train  Worker 5] Avg Epoch Time 0.4342 | Train Total Time(Profiler) 0.2969 | Copy Time 0.1354
[Train  Worker 2/6] Started with PID 76876(NVIDIA A100-SXM4-80GB)
[Train  Worker 2] run train for 4 epochs with 144 steps
[Train  Worker 2] Avg Epoch Time 0.4342 | Train Total Time(Profiler) 0.2988 | Copy Time 0.1335
[Train  Worker 4/6] Started with PID 76882(NVIDIA A100-SXM4-80GB)
[Train  Worker 4] run train for 4 epochs with 144 steps
[Train  Worker 4] Avg Epoch Time 0.4342 | Train Total Time(Profiler) 0.2996 | Copy Time 0.1325
[Train  Worker 1/6] Started with PID 76873(NVIDIA A100-SXM4-80GB)
[Train  Worker 1] run train for 4 epochs with 144 steps
[Train  Worker 1] Avg Epoch Time 0.4342 | Train Total Time(Profiler) 0.2990 | Copy Time 0.1335
[Sample Worker 1/2] Started with PID 76869(NVIDIA A100-SXM4-80GB)
[Sample Worker 1] run sample for 4 epochs with 72 steps
[Sample Worker 1] Avg Sample Total Time 0.2005 | Sampler Total Time(Profiler) 0.1999
    [Step(average) Profiler Level 1 E3 S71]
        L1  sample           0.001745 | send           0.000971
        L1  recv             0.000000 | copy           0.000000 | convert time 0.000000 | train  0.000000
        L1  feature nbytes 0.00 Bytes | label nbytes 0.00 Bytes
        L1  id nbytes      0.00 Bytes | graph nbytes 0.00 Bytes
        L1  miss nbytes    0.00 Bytes | remote nbytes 0.00 Bytes
        L1  num nodes         1052561 | num samples     1460155
    [Step(average) Profiler Level 2 E3 S71]
        L2  shuffle     0.000198 | core sample  0.000608 | id remap        0.000834
        L2  graph copy  0.000000 | id copy      0.000000 | cache feat copy 0.000000
        L2  last layer sample time 0.000279 | size 65749.222222
    [Step(average) Profiler Level 3 E3 S71]
        L3  khop sample coo  0.000350 | khop sort coo      0.000000 | khop count edge     0.000037 | khop compact edge 0.000186
        L3  walk sample coo  0.000000 | walk topk total    0.000000 | walk topk step1     0.000000 | walk topk step2   0.000000
        L3  walk topk step3  0.000000 | walk topk step4    0.000000 | walk topk step5     0.000000
        L3  walk topk step6  0.000000 | walk topk step7    0.000000
        L3  remap unique     0.000000 | remap populate     0.000670 | remap mapnode       0.000000 | remap mapedge     0.000164
        L3  cache get_index  0.000000 | cache copy_index   0.000000 | cache extract_miss  0.000000
        L3  cache copy_miss  0.000000 | cache combine_miss 0.000000 | cache combine cache 0.000000 | cache combine remote 0.000000
        L3  label extract  0.000000
    [Init Profiler Level 1]
        L1  init     3.9230 | sampler init     8.9284 | trainer init 0.0000
    [Init Profiler Level 2]
        L2  load ds         5.7890 | init queue           2.2380
        L2  presample       3.1376 | build interal ds     1.6857
        L2  build cache     0.0000
    [Init Profiler Level 3]
        L3  load dataset: mmap     3.9214 | copy         1.8676
        L3  dist queue: alloc      0.0008 | pin          2.2372 | push     0.0000
        L3  presample: init        0.2960
        L3  presample: sample      0.4745 | copy         0.0510
        L3  presample: count       1.4911 | sort         0.3966
        L3  presample: reset       0.0005 | get rank     0.0547
        L3  internal: cuda ctx     1.5003 | cuda stream     0.1821
[Sample Worker 0/2] Started with PID 76868(NVIDIA A100-SXM4-80GB)
[Sample Worker 0] run sample for 4 epochs with 72 steps
[Sample Worker 0] Avg Sample Total Time 0.1988 | Sampler Total Time(Profiler) 0.1956
test_result:sample_time=0.1256
test_result:get_cache_miss_index_time=0.0000
test_result:enqueue_samples_time=0.0699
test_result:epoch_time:sample_total=0.1988
[CUDA] cuda0: usage: 38.76 GB
[SAM] cuda0 data alloc        : 0.00 Bytes
[SAM] cuda0 workspace         : 3.36 GB
[SAM] cuda0 workspace reserve : 1.67 GB
[SAM] cuda0 total             : 3.36 GB
    [Step(average) Profiler Level 1 E3 S143]
        L1  sample           0.000000 | send           0.000000
        L1  recv             0.001277 | copy           0.005566 | convert time 0.000331 | train  0.012115
        L1  feature nbytes    1.51 GB | label nbytes   62.50 KB
        L1  id nbytes      0.00 Bytes | graph nbytes 0.00 Bytes
        L1  miss nbytes      24.77 MB | remote nbytes   97.92 MB
        L1  num nodes               0 | num samples           0
    [Step(average) Profiler Level 2 E3 S143]
        L2  shuffle     0.000000 | core sample  0.000000 | id remap        0.000000
        L2  graph copy  0.000004 | id copy      0.000000 | cache feat copy 0.004285
        L2  last layer sample time 0.000000 | size 0.000000
    [Step(average) Profiler Level 3 E3 S143]
        L3  khop sample coo  0.000000 | khop sort coo      0.000000 | khop count edge     0.000000 | khop compact edge 0.000000
        L3  walk sample coo  0.000000 | walk topk total    0.000000 | walk topk step1     0.000000 | walk topk step2   0.000000
        L3  walk topk step3  0.000000 | walk topk step4    0.000000 | walk topk step5     0.000000
        L3  walk topk step6  0.000000 | walk topk step7    0.000000
        L3  remap unique     0.000000 | remap populate     0.000000 | remap mapnode       0.000000 | remap mapedge     0.000000
        L3  cache get_index  0.000364 | cache copy_index   0.000000 | cache extract_miss  0.000000
        L3  cache copy_miss  0.000000 | cache combine_miss 0.002118 | cache combine cache 0.003183 | cache combine remote 0.000565
        L3  label extract  0.000164
    [Init Profiler Level 1]
        L1  init     3.9230 | sampler init     0.0000 | trainer init 166.1983
    [Init Profiler Level 2]
        L2  load ds         3.9214 | init queue           2.2518
        L2  presample       0.0000 | build interal ds     1.5843
        L2  build cache   162.3567
    [Init Profiler Level 3]
        L3  load dataset: mmap     3.9214 | copy         0.0000
        L3  dist queue: alloc      0.0008 | pin          2.2510 | push     0.0000
        L3  presample: init        0.0000
        L3  presample: sample      0.0000 | copy         0.0000
        L3  presample: count       0.0000 | sort         0.0000
        L3  presample: reset       0.0000 | get rank     0.0000
        L3  internal: cuda ctx     1.5843 | cuda stream     0.0000
|===========================================================================|
|                  PyTorch CUDA memory summary, device ID 0                 |
|---------------------------------------------------------------------------|
|            CUDA OOMs: 0            |        cudaMalloc retries: 0         |
|===========================================================================|
|        Metric         | Cur Usage  | Peak Usage | Tot Alloc  | Tot Freed  |
|---------------------------------------------------------------------------|
| Allocated memory      |   42415 KB |  734936 KB |  207428 MB |  207387 MB |
|       from large pool |   32772 KB |  731900 KB |  205991 MB |  205959 MB |
|       from small pool |    9643 KB |   11952 KB |    1437 MB |    1427 MB |
|---------------------------------------------------------------------------|
| Active memory         |   42415 KB |  734936 KB |  207428 MB |  207387 MB |
|       from large pool |   32772 KB |  731900 KB |  205991 MB |  205959 MB |
|       from small pool |    9643 KB |   11952 KB |    1437 MB |    1427 MB |
|---------------------------------------------------------------------------|
| GPU reserved memory   |     950 MB |     950 MB |     950 MB |       0 B  |
|       from large pool |     934 MB |     934 MB |     934 MB |       0 B  |
|       from small pool |      16 MB |      16 MB |      16 MB |       0 B  |
|---------------------------------------------------------------------------|
| Non-releasable memory |   51792 KB |  650119 KB |  149577 MB |  149527 MB |
|       from large pool |   49148 KB |  646850 KB |  148050 MB |  148002 MB |
|       from small pool |    2644 KB |    5986 KB |    1527 MB |    1524 MB |
|---------------------------------------------------------------------------|
| Allocations           |      42    |      57    |   11560    |   11518    |
|       from large pool |       7    |      18    |    4995    |    4988    |
|       from small pool |      35    |      41    |    6565    |    6530    |
|---------------------------------------------------------------------------|
| Active allocs         |      43    |      57    |   11560    |   11517    |
|       from large pool |       7    |      18    |    4995    |    4988    |
|       from small pool |      36    |      41    |    6565    |    6529    |
|---------------------------------------------------------------------------|
| GPU reserved segments |      19    |      19    |      19    |       0    |
|       from large pool |      11    |      11    |      11    |       0    |
|       from small pool |       8    |       8    |       8    |       0    |
|---------------------------------------------------------------------------|
| Non-releasable allocs |      18    |      30    |    5536    |    5518    |
|       from large pool |       7    |      15    |    3277    |    3270    |
|       from small pool |      11    |      19    |    2259    |    2248    |
|---------------------------------------------------------------------------|
| Oversize allocations  |       0    |       0    |       0    |       0    |
|---------------------------------------------------------------------------|
| Oversize GPU segments |       0    |       0    |       0    |       0    |
|===========================================================================|

test_result:epoch_time:copy_time=0.1338
test_result:convert_time=0.0077
test_result:train_time=0.2907
test_result:epoch_time:train_total=0.2984
test_result:cache_percentage=0.0800
test_result:cache_hit_rate=1.0000
test_result:run_time=4.0295
