[2022-12-09 19:15:40.157652: W /samgraph/samgraph/common/cpu/mmap_cpu_device.cc:92] mmap allocating space 12.03 GB
[2022-12-09 19:15:40.157717: W /samgraph/samgraph/common/cpu/mmap_cpu_device.cc:97] mmap allocating space 12.03 GB done
[2022-12-09 19:15:40.157729: E /samgraph/samgraph/common/common.cc:206] From MMAP reading disk 12.03 GB
[2022-12-09 19:15:45.734608: E /samgraph/samgraph/common/common.cc:220] From MMAP reading done
[2022-12-09 19:15:45.734724: W /samgraph/samgraph/common/cpu/mmap_cpu_device.cc:92] mmap allocating space 52.96 GB
[2022-12-09 19:15:45.734749: W /samgraph/samgraph/common/cpu/mmap_cpu_device.cc:97] mmap allocating space 52.96 GB done
[2022-12-09 19:15:45.737485: W /samgraph/samgraph/common/cpu/mmap_cpu_device.cc:92] mmap allocating space 8.38 GB
[2022-12-09 19:15:45.737512: W /samgraph/samgraph/common/cpu/mmap_cpu_device.cc:97] mmap allocating space 8.38 GB done
/usr/lib/python3/dist-packages/requests/__init__.py:89: RequestsDependencyWarning: urllib3 (1.26.12) or chardet (3.0.4) doesn't match a supported version!
  warnings.warn("urllib3 ({}) or chardet ({}) doesn't match a supported "
[2022-12-09 19:15:46.926621: W /samgraph/samgraph/common/dist/dist_engine.cc:662] Trainer[0] initializing...
[2022-12-09 19:15:46.985460: W /samgraph/samgraph/common/dist/dist_engine.cc:662] Trainer[5] initializing...
[2022-12-09 19:15:47. 28878: W /samgraph/samgraph/common/dist/dist_engine.cc:662] Trainer[2] initializing...
[2022-12-09 19:15:47.125403: W /samgraph/samgraph/common/dist/dist_engine.cc:662] Trainer[4] initializing...
[2022-12-09 19:15:47.153008: W /samgraph/samgraph/common/dist/dist_engine.cc:662] Trainer[1] initializing...
[2022-12-09 19:15:47.177799: W /samgraph/samgraph/common/dist/dist_engine.cc:662] Trainer[3] initializing...
[2022-12-09 19:15:48.444863: W /samgraph/samgraph/common/dist/dist_engine.cc:666] Trainer[0] pin memory queue...
[2022-12-09 19:15:48.464980: W /samgraph/samgraph/common/dist/dist_engine.cc:666] Trainer[5] pin memory queue...
[2022-12-09 19:15:48.478806: W /samgraph/samgraph/common/dist/dist_engine.cc:666] Trainer[1] pin memory queue...
[2022-12-09 19:15:48.479157: W /samgraph/samgraph/common/dist/dist_engine.cc:666] Trainer[4] pin memory queue...
[2022-12-09 19:15:48.482657: W /samgraph/samgraph/common/dist/dist_engine.cc:666] Trainer[2] pin memory queue...
[2022-12-09 19:15:48.507015: W /samgraph/samgraph/common/dist/dist_engine.cc:666] Trainer[3] pin memory queue...
[2022-12-09 19:15:55.744296: E /samgraph/samgraph/common/dist/dist_engine.cc:85] Running on A100
[2022-12-09 19:15:55.745337: E /samgraph/samgraph/common/dist/dist_engine.cc:85] Running on A100
[2022-12-09 19:15:55.745530: W /samgraph/samgraph/common/dist/dist_engine.cc:701] Trainer[0] register host memory...
[2022-12-09 19:15:55.746484: W /samgraph/samgraph/common/dist/dist_engine.cc:701] Trainer[2] register host memory...
[2022-12-09 19:15:55.746747: E /samgraph/samgraph/common/dist/dist_engine.cc:85] Running on A100
[2022-12-09 19:15:55.747439: W /samgraph/samgraph/common/dist/dist_engine.cc:701] Trainer[4] register host memory...
[2022-12-09 19:15:55.748734: E /samgraph/samgraph/common/dist/dist_engine.cc:85] Running on A100
[2022-12-09 19:15:55.749600: W /samgraph/samgraph/common/dist/dist_engine.cc:701] Trainer[1] register host memory...
[2022-12-09 19:15:55.756359: E /samgraph/samgraph/common/dist/dist_engine.cc:85] Running on A100
[2022-12-09 19:15:55.756423: W /samgraph/samgraph/common/dist/dist_engine.cc:701] Trainer[5] register host memory...
[2022-12-09 19:15:55.758344: E /samgraph/samgraph/common/dist/dist_engine.cc:85] Running on A100
[2022-12-09 19:15:55.758458: W /samgraph/samgraph/common/dist/dist_engine.cc:701] Trainer[3] register host memory...
[2022-12-09 19:15:55.927856: E /samgraph/samgraph/common/dist/dist_engine.cc:85] Running on A100
[2022-12-09 19:15:55.930604: W /samgraph/samgraph/common/cuda/cuda_device.cc:49] GPU[6] alloc cuda memory 423.66 MB
[2022-12-09 19:15:55.931366: E /samgraph/samgraph/common/dist/dist_engine.cc:85] Running on A100
[2022-12-09 19:15:56. 11998: W /samgraph/samgraph/common/cuda/cuda_device.cc:49] GPU[6] alloc cuda memory 12.03 GB
[2022-12-09 19:15:57.852002: W /samgraph/samgraph/common/cuda/cuda_device.cc:49] GPU[6] alloc cuda memory 128.00 MB
[2022-12-09 19:15:57.855066: E /samgraph/samgraph/common/dist/pre_sampler.cc:41] Dist Presampler making shuffler...
[2022-12-09 19:15:57.857534: E /samgraph/samgraph/common/dist/pre_sampler.cc:44] Dist Presampler making shuffler...Done
[2022-12-09 19:15:57.857559: W /samgraph/samgraph/common/cpu/cpu_device.cc:39] WORKER[0] alloc host memory 847.32 MB
[2022-12-09 19:15:58. 99527: E /samgraph/samgraph/common/dist/pre_sampler.cc:85] Dist Presampler doing presample epoch 0
[2022-12-09 19:15:58.628435: E /samgraph/samgraph/common/dist/pre_sampler.cc:129] presample spend 0.265962 on sample, 0.0287982 on copy, 0.233024 on count
[2022-12-09 19:15:58.628532: E /samgraph/samgraph/common/dist/pre_sampler.cc:85] Dist Presampler doing presample epoch 1
[2022-12-09 19:15:59.147599: E /samgraph/samgraph/common/dist/pre_sampler.cc:129] presample spend 0.526603 on sample, 0.0559199 on copy, 0.463303 on count
[2022-12-09 19:15:59.147667: E /samgraph/samgraph/common/dist/pre_sampler.cc:136] max_num_inputs = 1114914, min_num_inputs = 1089230
[2022-12-09 19:15:59.346994: E /samgraph/samgraph/common/dist/pre_sampler.cc:148] presample spend 0.199275 on sort freq.
[2022-12-09 19:15:59.596136: E /samgraph/samgraph/common/dist/dist_engine.cc:524] pre sample done, delete it
[[[2022-12-09 19:15:592022-12-09 19:15:59[2022-12-09 19:15:592022-12-09 19:15:59[[....2022-12-09 19:15:596802872022-12-09 19:15:59680295680291680296.: .: : : 680296W680296WWW:  :    W/samgraph/samgraph/common/dist/dist_engine.ccW/samgraph/samgraph/common/dist/dist_engine.cc/samgraph/samgraph/common/dist/dist_engine.cc/samgraph/samgraph/common/dist/dist_engine.cc : :::/samgraph/samgraph/common/dist/dist_engine.cc711/samgraph/samgraph/common/dist/dist_engine.cc711711711:] :] ] ] 711Trainer[0] building cache...711Trainer[3] building cache...Trainer[4] building cache...Trainer[1] building cache...] 
] 


Trainer[2] building cache...Trainer[5] building cache...

[2022-12-09 19:15:59.681814: E /samgraph/3rdparty/collcachelib/coll_cache_lib/coll_cache/asymm_link_desc.cc:194] assigning 0 to cpu
[2022-12-09 19:15:59.681846: E /samgraph/3rdparty/collcachelib/coll_cache_lib/coll_cache/asymm_link_desc.cc:210] build symm link desc with 6X NVIDIA A100-SXM4-80GB out of 8
[2022-12-09 19:15:59.681867: E /samgraph/3rdparty/collcachelib/coll_cache_lib/coll_cache/asymm_link_desc.cc:211] remote time is 10.8824
[2022-12-09 19:15:59.681877: E /samgraph/3rdparty/collcachelib/coll_cache_lib/coll_cache/asymm_link_desc.cc:212] cpu time is 41.1111
[[2022-12-09 19:15:592022-12-09 19:15:59..682507682506: : EE  /samgraph/3rdparty/collcachelib/coll_cache_lib/coll_cache/asymm_link_desc.cc/samgraph/3rdparty/collcachelib/coll_cache_lib/coll_cache/asymm_link_desc.cc::194194] ] assigning 0 to cpuassigning 0 to cpu

[2022-12-09 19:15:59.[6825602022-12-09 19:15:59: .E682562 : [/samgraph/3rdparty/collcachelib/coll_cache_lib/coll_cache/asymm_link_desc.ccE2022-12-09 19:15:59: .210/samgraph/3rdparty/collcachelib/coll_cache_lib/coll_cache/asymm_link_desc.cc682572] :: build symm link desc with 6X NVIDIA A100-SXM4-80GB out of 8210E
]  build symm link desc with 6X NVIDIA A100-SXM4-80GB out of 8/samgraph/3rdparty/collcachelib/coll_cache_lib/coll_cache/asymm_link_desc.cc
:[1942022-12-09 19:15:59] .assigning 0 to cpu682613
: E /samgraph/3rdparty/collcachelib/coll_cache_lib/coll_cache/asymm_link_desc.cc:[2112022-12-09 19:15:59] .remote time is 10.8824682621
[: 2022-12-09 19:15:59E[. 2022-12-09 19:15:59682631/samgraph/3rdparty/collcachelib/coll_cache_lib/coll_cache/asymm_link_desc.cc.: :682637E211:  ] E/samgraph/3rdparty/collcachelib/coll_cache_lib/coll_cache/asymm_link_desc.ccremote time is 10.8824 :
/samgraph/3rdparty/collcachelib/coll_cache_lib/coll_cache/asymm_link_desc.cc210:] 212build symm link desc with 6X NVIDIA A100-SXM4-80GB out of 8] [
cpu time is 41.11112022-12-09 19:15:59
.682674: E[ 2022-12-09 19:15:59/samgraph/3rdparty/collcachelib/coll_cache_lib/coll_cache/asymm_link_desc.cc.:682686212: ] Ecpu time is 41.1111 
/samgraph/3rdparty/collcachelib/coll_cache_lib/coll_cache/asymm_link_desc.cc:211] remote time is 10.8824
[2022-12-09 19:15:59.682722: E /samgraph/3rdparty/collcachelib/coll_cache_lib/coll_cache/asymm_link_desc.cc:212] cpu time is 41.1111
[2022-12-09 19:15:59.682848: E /samgraph/3rdparty/collcachelib/coll_cache_lib/coll_cache/asymm_link_desc.cc:194] assigning 0 to cpu
[2022-12-09 19:15:59.682887: E /samgraph/3rdparty/collcachelib/coll_cache_lib/coll_cache/asymm_link_desc.cc:210] build symm link desc with 6X NVIDIA A100-SXM4-80GB out of 8
[2022-12-09 19:15:59.682906: E /samgraph/3rdparty/collcachelib/coll_cache_lib/coll_cache/asymm_link_desc.cc:211] remote time is 10.8824
[2022-12-09 19:15:59.682916: E /samgraph/3rdparty/collcachelib/coll_cache_lib/coll_cache/asymm_link_desc.cc:212] cpu time is 41.1111
[2022-12-09 19:15:59.691235: E /samgraph/3rdparty/collcachelib/coll_cache_lib/coll_cache/asymm_link_desc.cc:194] assigning 0 to cpu
[2022-12-09 19:15:59.691269: E /samgraph/3rdparty/collcachelib/coll_cache_lib/coll_cache/asymm_link_desc.cc:210] build symm link desc with 6X NVIDIA A100-SXM4-80GB out of 8
[2022-12-09 19:15:59.691290: E /samgraph/3rdparty/collcachelib/coll_cache_lib/coll_cache/asymm_link_desc.cc:211] remote time is 10.8824
[2022-12-09 19:15:59.691301: E /samgraph/3rdparty/collcachelib/coll_cache_lib/coll_cache/asymm_link_desc.cc:212] cpu time is 41.1111
[2022-12-09 19:17:21.751843: E /samgraph/3rdparty/collcachelib/coll_cache_lib/facade.cc:118] solver created. now build & solve
[2022-12-09 19:17:21.798216: E /samgraph/3rdparty/collcachelib/coll_cache_lib/facade.cc:123] solver built. now solve
block 0 storage is 00000001
	access is	0	0	0	0	0	0	
block 1 storage is 00000010
	access is	1	1	1	1	1	1	
block 2 storage is 00000100
	access is	2	2	2	2	2	2	
block 3 storage is 00001000
	access is	3	3	3	3	3	3	
block 4 storage is 00010000
	access is	4	4	4	4	4	4	
block 5 storage is 00100000
	access is	5	5	5	5	5	5	
block 6 storage is 00000000
	access is	6	6	6	6	6	6	
[2022-12-09 19:17:21.949901: E /samgraph/3rdparty/collcachelib/coll_cache_lib/facade.cc:127] solver solved
[2022-12-09 19:17:21.949965: E /samgraph/3rdparty/collcachelib/coll_cache_lib/facade.cc:195] 0 solved master
[2022-12-09 19:17:21.949978: E /samgraph/3rdparty/collcachelib/coll_cache_lib/facade.cc:202] 0 solved
[2022-12-09 19:17:21.949989: E /samgraph/3rdparty/collcachelib/coll_cache_lib/facade.cc:205] worker 0 thread 0 initing device 0
[2022-12-09 19:17:21.950990: E /samgraph/3rdparty/collcachelib/coll_cache_lib/cache_context.cu:1766] Building Coll Cache with ... num gpu device is 6
[2022-12-09 19:17:21.961309: E /samgraph/3rdparty/collcachelib/coll_cache_lib/facade.cc:202] 1 solved
[2022-12-09 19:17:21.961358: E /samgraph/3rdparty/collcachelib/coll_cache_lib/facade.cc:205] worker 1 thread 1 initing device 1
[2022-12-09 19:17:21.961953: E /samgraph/3rdparty/collcachelib/coll_cache_lib/facade.cc:202] 5 solved
[2022-12-09 19:17:21.961992: E /samgraph/3rdparty/collcachelib/coll_cache_lib/facade.cc:205] worker 5 thread 5 initing device 5
[2022-12-09 19:17:21.962056: E /samgraph/3rdparty/collcachelib/coll_cache_lib/facade.cc:202] 4 solved
[2022-12-09 19:17:21.962101: E /samgraph/3rdparty/collcachelib/coll_cache_lib/facade.cc:205] worker 4 thread 4 initing device 4
[2022-12-09 19:17:21.962387: E /samgraph/3rdparty/collcachelib/coll_cache_lib/cache_context.cu:1766] Building Coll Cache with ... num gpu device is 6
[2022-12-09 19:17:21.963062: E /samgraph/3rdparty/collcachelib/coll_cache_lib/facade.cc:202] 3 solved
[2022-12-09 19:17:21.963104: E /samgraph/3rdparty/collcachelib/coll_cache_lib/facade.cc:205] worker 3 thread 3 initing device 3
[2022-12-09 19:17:21.963112: E /samgraph/3rdparty/collcachelib/coll_cache_lib/facade.cc:202] 2 solved
[2022-12-09 19:17:21.963156: E /samgraph/3rdparty/collcachelib/coll_cache_lib/facade.cc:205] worker 2 thread 2 initing device 2
[2022-12-09 19:17:21.963299: E /samgraph/3rdparty/collcachelib/coll_cache_lib/cache_context.cu:1766] Building Coll Cache with ... num gpu device is 6
[2022-12-09 19:17:21.963686: E /samgraph/3rdparty/collcachelib/coll_cache_lib/cache_context.cu:1766] Building Coll Cache with ... num gpu device is 6
[2022-12-09 19:17:21.964861: E /samgraph/3rdparty/collcachelib/coll_cache_lib/cache_context.cu:1766] Building Coll Cache with ... num gpu device is 6
[2022-12-09 19:17:21.964940: E /samgraph/3rdparty/collcachelib/coll_cache_lib/cache_context.cu:1766] Building Coll Cache with ... num gpu device is 6
[2022-12-09 19:17:22. 18222: W /samgraph/3rdparty/collcachelib/coll_cache_lib/cpu/cpu_device.cc:39] WORKER[0] alloc host memory 70.61 MB
[[[[[2022-12-09 19:17:222022-12-09 19:17:222022-12-09 19:17:22[2022-12-09 19:17:222022-12-09 19:17:22....2022-12-09 19:17:22.840870840870840869840870.840870: : : : 840873: EEEE: E    E /samgraph/3rdparty/collcachelib/coll_cache_lib/cache_context.cu/samgraph/3rdparty/collcachelib/coll_cache_lib/cache_context.cu/samgraph/3rdparty/collcachelib/coll_cache_lib/cache_context.cu/samgraph/3rdparty/collcachelib/coll_cache_lib/cache_context.cu /samgraph/3rdparty/collcachelib/coll_cache_lib/cache_context.cu::::/samgraph/3rdparty/collcachelib/coll_cache_lib/cache_context.cu:1877187718771877:1877] ] ] ] 1877] Device 3 init p2p of link 4Device 4 init p2p of link 5Device 2 init p2p of link 3Device 5 init p2p of link 0] Device 1 init p2p of link 2




Device 0 init p2p of link 1
[2022-12-09 19:17:22.846310: E /samgraph/3rdparty/collcachelib/coll_cache_lib/cache_context.cu:1877] Device 3 init p2p of link 5
[2022-12-09 19:17:22.847039: E /samgraph/3rdparty/collcachelib/coll_cache_lib/cache_context.cu:1877] Device 5 init p2p of link 1
[2022-12-09 19:17:22.847179: E /samgraph/3rdparty/collcachelib/coll_cache_lib/cache_context.cu:1877] Device 1 init p2p of link 3
[2022-12-09 19:17:22.848525: E /samgraph/3rdparty/collcachelib/coll_cache_lib/cache_context.cu:1877] Device 4 init p2p of link 0
[2022-12-09 19:17:22.848872: E /samgraph/3rdparty/collcachelib/coll_cache_lib/cache_context.cu:1877] Device 2 init p2p of link 4
[2022-12-09 19:17:22.849713: E /samgraph/3rdparty/collcachelib/coll_cache_lib/cache_context.cu:1877] Device 0 init p2p of link 2
[2022-12-09 19:17:22.850846: E /samgraph/3rdparty/collcachelib/coll_cache_lib/cache_context.cu:1877] Device 3 init p2p of link 0
[2022-12-09 19:17:22.852324: E /samgraph/3rdparty/collcachelib/coll_cache_lib/cache_context.cu:1877] Device 1 init p2p of link 4
[2022-12-09 19:17:22.852707: E /samgraph/3rdparty/collcachelib/coll_cache_lib/cache_context.cu:1877] Device 5 init p2p of link 2
[2022-12-09 19:17:22.853895: E /samgraph/3rdparty/collcachelib/coll_cache_lib/cache_context.cu:1877] Device 4 init p2p of link 1
[2022-12-09 19:17:22.854247: E /samgraph/3rdparty/collcachelib/coll_cache_lib/cache_context.cu:1877] Device 2 init p2p of link 5
[2022-12-09 19:17:22.855520: E /samgraph/3rdparty/collcachelib/coll_cache_lib/cache_context.cu:1877] Device 0 init p2p of link 3
[2022-12-09 19:17:22.855759: E /samgraph/3rdparty/collcachelib/coll_cache_lib/cache_context.cu:1877] Device 3 init p2p of link 1
[2022-12-09 19:17:22.856474: E /samgraph/3rdparty/collcachelib/coll_cache_lib/cache_context.cu:1877] Device 1 init p2p of link 5
[2022-12-09 19:17:22.857265: E /samgraph/3rdparty/collcachelib/coll_cache_lib/cache_context.cu:1877] Device 5 init p2p of link 3
[2022-12-09 19:17:22.858263: E /samgraph/3rdparty/collcachelib/coll_cache_lib/cache_context.cu:1877] Device 4 init p2p of link 2
[2022-12-09 19:17:22.859047: E /samgraph/3rdparty/collcachelib/coll_cache_lib/cache_context.cu:1877] Device 2 init p2p of link 0
[2022-12-09 19:17:22.860753: E /samgraph/3rdparty/collcachelib/coll_cache_lib/cache_context.cu:1877] Device 0 init p2p of link 4
[2022-12-09 19:17:22.861379: E /samgraph/3rdparty/collcachelib/coll_cache_lib/cache_context.cu:1877] Device 3 init p2p of link 2
[2022-12-09 19:17:22.861757: E /samgraph/3rdparty/collcachelib/coll_cache_lib/cache_context.cu:1877] Device 1 init p2p of link 0
[2022-12-09 19:17:22.862521: E /samgraph/3rdparty/collcachelib/coll_cache_lib/cache_context.cu:1877] Device 5 init p2p of link 4
[2022-12-09 19:17:22.863652: E /samgraph/3rdparty/collcachelib/coll_cache_lib/cache_context.cu:1877] Device 4 init p2p of link 3
[2022-12-09 19:17:22.864123: E /samgraph/3rdparty/collcachelib/coll_cache_lib/cache_context.cu:1877] Device 2 init p2p of link 1
[2022-12-09 19:17:22.865069: E /samgraph/3rdparty/collcachelib/coll_cache_lib/cache_context.cu:1877] Device 0 init p2p of link 5
[2022-12-09 19:17:22.866708: E /samgraph/3rdparty/collcachelib/coll_cache_lib/cache_context.cu:1906] Asymm Coll cache (policy: clique_part) | local 18509992 / 111059956 nodes ( 16.67 %~20.00 %) | remote 92549960 / 111059956 nodes ( 83.33 %) | cpu 4 / 111059956 nodes ( 0.00 %) | 8.83 GB | 0.901822 secs 
[2022-12-09 19:17:22.867140: E /samgraph/3rdparty/collcachelib/coll_cache_lib/cache_context.cu:1906] Asymm Coll cache (policy: clique_part) | local 18509992 / 111059956 nodes ( 16.67 %~20.00 %) | remote 92549960 / 111059956 nodes ( 83.33 %) | cpu 4 / 111059956 nodes ( 0.00 %) | 8.83 GB | 0.904731 secs 
[2022-12-09 19:17:22.867988: E /samgraph/3rdparty/collcachelib/coll_cache_lib/cache_context.cu:1906] Asymm Coll cache (policy: clique_part) | local 18509992 / 111059956 nodes ( 16.67 %~20.00 %) | remote 92549960 / 111059956 nodes ( 83.33 %) | cpu 4 / 111059956 nodes ( 0.00 %) | 8.83 GB | 0.90428 secs 
[2022-12-09 19:17:22.868443: E /samgraph/3rdparty/collcachelib/coll_cache_lib/cache_context.cu:1906] Asymm Coll cache (policy: clique_part) | local 18509992 / 111059956 nodes ( 16.67 %~20.00 %) | remote 92549960 / 111059956 nodes ( 83.33 %) | cpu 4 / 111059956 nodes ( 0.00 %) | 8.83 GB | 0.905115 secs 
[2022-12-09 19:17:22.869261: E /samgraph/3rdparty/collcachelib/coll_cache_lib/cache_context.cu:1906] Asymm Coll cache (policy: clique_part) | local 18509992 / 111059956 nodes ( 16.67 %~20.00 %) | remote 92549960 / 111059956 nodes ( 83.33 %) | cpu 4 / 111059956 nodes ( 0.00 %) | 8.83 GB | 0.904298 secs 
[2022-12-09 19:17:22.870011: E /samgraph/3rdparty/collcachelib/coll_cache_lib/cache_context.cu:1906] Asymm Coll cache (policy: clique_part) | local 18509992 / 111059956 nodes ( 16.67 %~20.00 %) | remote 92549960 / 111059956 nodes ( 83.33 %) | cpu 4 / 111059956 nodes ( 0.00 %) | 8.83 GB | 0.918995 secs 
[2022-12-09 19:17:22.871394: E /samgraph/3rdparty/collcachelib/coll_cache_lib/coll_cache/asymm_link_desc.cc:194] assigning 0 to cpu
[2022-12-09 19:17:22.871426: E /samgraph/3rdparty/collcachelib/coll_cache_lib/coll_cache/asymm_link_desc.cc:210] build symm link desc with 6X NVIDIA A100-SXM4-80GB out of 8
[2022-12-09 19:17:22.871440: E /samgraph/3rdparty/collcachelib/coll_cache_lib/coll_cache/asymm_link_desc.cc:211] remote time is 10.8824
[2022-12-09 19:17:22.871443: [E2022-12-09 19:17:22 ./samgraph/3rdparty/collcachelib/coll_cache_lib/coll_cache/asymm_link_desc.cc871450:: 194E]  assigning 0 to cpu/samgraph/3rdparty/collcachelib/coll_cache_lib/coll_cache/asymm_link_desc.cc
:212] cpu time is 41.1111
[2022-12-09 19:17:22.871473: E /samgraph/3rdparty/collcachelib/coll_cache_lib/coll_cache/asymm_link_desc.cc:210] build symm link desc with 6X NVIDIA A100-SXM4-80GB out of 8
[2022-12-09 19:17:22.871488: E /samgraph/3rdparty/collcachelib/coll_cache_lib/coll_cache/asymm_link_desc.cc:211] remote time is 10.8824
[2022-12-09 19:17:22.871498: E /samgraph/3rdparty/collcachelib/coll_cache_lib/coll_cache/asymm_link_desc.cc:212] cpu time is 41.1111
[2022-12-09 19:17:22.871942: E /samgraph/3rdparty/collcachelib/coll_cache_lib/coll_cache/asymm_link_desc.cc:194] assigning 0 to cpu
[2022-12-09 19:17:22.871973: E /samgraph/3rdparty/collcachelib/coll_cache_lib/coll_cache/asymm_link_desc.cc:210] build symm link desc with 6X NVIDIA A100-SXM4-80GB out of 8
[2022-12-09 19:17:22.871988: E /samgraph/3rdparty/collcachelib/coll_cache_lib/coll_cache/asymm_link_desc.cc:211] remote time is 10.8824
[2022-12-09 19:17:22.871998: E /samgraph/3rdparty/collcachelib/coll_cache_lib/coll_cache/asymm_link_desc.cc:212] cpu time is 41.1111
[2022-12-09 19:17:22.872061: E /samgraph/3rdparty/collcachelib/coll_cache_lib/coll_cache/asymm_link_desc.cc:194] assigning 0 to cpu
[2022-12-09 19:17:22.872091: E /samgraph/3rdparty/collcachelib/coll_cache_lib/coll_cache/asymm_link_desc.cc:210] build symm link desc with 6X NVIDIA A100-SXM4-80GB out of 8
[2022-12-09 19:17:22.872110: E /samgraph/3rdparty/collcachelib/coll_cache_lib/coll_cache/asymm_link_desc.cc:211] remote time is 10.8824
[2022-12-09 19:17:22.872121: E /samgraph/3rdparty/collcachelib/coll_cache_lib/coll_cache/asymm_link_desc.cc:212] cpu time is 41.1111
[2022-12-09 19:17:22.872382: E /samgraph/3rdparty/collcachelib/coll_cache_lib/coll_cache/asymm_link_desc.cc:194] assigning 0 to cpu
[2022-12-09 19:17:22.872413: E /samgraph/3rdparty/collcachelib/coll_cache_lib/coll_cache/asymm_link_desc.cc:210] build symm link desc with 6X NVIDIA A100-SXM4-80GB out of 8
[2022-12-09 19:17:22.872427: E /samgraph/3rdparty/collcachelib/coll_cache_lib/coll_cache/asymm_link_desc.cc:211] remote time is 10.8824
[2022-12-09 19:17:22.872437: E /samgraph/3rdparty/collcachelib/coll_cache_lib/coll_cache/asymm_link_desc.cc:212] cpu time is 41.1111
[2022-12-09 19:17:22.872571: E /samgraph/3rdparty/collcachelib/coll_cache_lib/coll_cache/asymm_link_desc.cc:194] assigning 0 to cpu
[2022-12-09 19:17:22.872602: E /samgraph/3rdparty/collcachelib/coll_cache_lib/coll_cache/asymm_link_desc.cc:210] build symm link desc with 6X NVIDIA A100-SXM4-80GB out of 8
[2022-12-09 19:17:22.872617: E /samgraph/3rdparty/collcachelib/coll_cache_lib/coll_cache/asymm_link_desc.cc:211] remote time is 10.8824
[2022-12-09 19:17:22.872628: E /samgraph/3rdparty/collcachelib/coll_cache_lib/coll_cache/asymm_link_desc.cc:212] cpu time is 41.1111
[[[[[[2022-12-09 19:17:242022-12-09 19:17:242022-12-09 19:17:242022-12-09 19:17:242022-12-09 19:17:24.2022-12-09 19:17:24.... 76503 76504. 76503 76503 76504: :  76503: : : EE: EEE  E   /samgraph/3rdparty/collcachelib/coll_cache_lib/facade.cc/samgraph/3rdparty/collcachelib/coll_cache_lib/facade.cc /samgraph/3rdparty/collcachelib/coll_cache_lib/facade.cc/samgraph/3rdparty/collcachelib/coll_cache_lib/facade.cc/samgraph/3rdparty/collcachelib/coll_cache_lib/facade.cc::/samgraph/3rdparty/collcachelib/coll_cache_lib/facade.cc:::202202:202202202] ] 202] ] ] 3 solved] 0 solved4 solved2 solved1 solved
5 solved




[2022-12-09 19:17:24.[ 76676[[2022-12-09 19:17:24: [[2022-12-09 19:17:242022-12-09 19:17:24.E2022-12-09 19:17:242022-12-09 19:17:24.. 76679 .. 76680 76681: /samgraph/3rdparty/collcachelib/coll_cache_lib/facade.cc 76683 76683: : E:: : EE 205EE  /samgraph/3rdparty/collcachelib/coll_cache_lib/facade.cc]   /samgraph/3rdparty/collcachelib/coll_cache_lib/facade.cc/samgraph/3rdparty/collcachelib/coll_cache_lib/facade.cc:worker 3 thread 3 initing device 3/samgraph/3rdparty/collcachelib/coll_cache_lib/facade.cc/samgraph/3rdparty/collcachelib/coll_cache_lib/facade.cc::205
::205205] 205205] ] worker 0 thread 0 initing device 0] ] worker 4 thread 4 initing device 4worker 2 thread 2 initing device 2
worker 1 thread 1 initing device 1worker 5 thread 5 initing device 5



[2022-12-09 19:17:26.966828: W /samgraph/samgraph/common/cuda/cuda_device.cc:49] GPU[0] alloc cuda memory 580.09 MB
[2022-12-09 19:17:28.175237: W /samgraph/samgraph/common/cuda/cuda_device.cc:49] GPU[0] alloc cuda memory 580.09 MB
/usr/local/lib/python3.8/dist-packages/torch/nn/parallel/scatter_gather.py:9: UserWarning: is_namedtuple is deprecated, please use the python checks instead
  warnings.warn("is_namedtuple is deprecated, please use the python checks instead")
/usr/local/lib/python3.8/dist-packages/torch/nn/parallel/scatter_gather.py:9: UserWarning: is_namedtuple is deprecated, please use the python checks instead
  warnings.warn("is_namedtuple is deprecated, please use the python checks instead")
/usr/local/lib/python3.8/dist-packages/torch/nn/parallel/scatter_gather.py:9: UserWarning: is_namedtuple is deprecated, please use the python checks instead
  warnings.warn("is_namedtuple is deprecated, please use the python checks instead")
/usr/local/lib/python3.8/dist-packages/torch/nn/parallel/scatter_gather.py:9: UserWarning: is_namedtuple is deprecated, please use the python checks instead
  warnings.warn("is_namedtuple is deprecated, please use the python checks instead")
/usr/local/lib/python3.8/dist-packages/torch/nn/parallel/scatter_gather.py:9: UserWarning: is_namedtuple is deprecated, please use the python checks instead
  warnings.warn("is_namedtuple is deprecated, please use the python checks instead")
/usr/local/lib/python3.8/dist-packages/torch/nn/parallel/scatter_gather.py:9: UserWarning: is_namedtuple is deprecated, please use the python checks instead
  warnings.warn("is_namedtuple is deprecated, please use the python checks instead")
