config:eval_tsp="2022-12-05 22:19:16"
config:arch=arch5
config:num_train_worker=6
config:num_sample_worker=2
config:sample_type=khop2
config:root_path=/nvme/graph-learning-copy/samgraph/
config:dataset=mag240m-homo
config:pipeline=False
config:cache_policy=rep
config:cache_percentage=0.08
config:num_epoch=4
config:batch_size=8000
config:num_hidden=256
config:max_sampling_jobs=1
config:max_copying_jobs=1
config:barriered_epoch=1
config:presample_epoch=2
config:omp_thread_num=6
config:unsupervised=False
config:amp=True
config:rolling=0
config:fanout=[25, 10]
config:lr=0.003
config:dropout=0.5
config:single_gpu=False
config:max_num_step=100000
config:validate_configs=False
config:report_acc=0
config:dataset_path=/nvme/graph-learning-copy/samgraph/mag240m-homo
config:torch_thread_num=9
config:train_workers=['cuda:0', 'cuda:1', 'cuda:2', 'cuda:3', 'cuda:4', 'cuda:5']
config:sample_workers=['cuda:6', 'cuda:7']
config:num_fanout=2
config:num_layer=2
config:_run_mode=RunMode.FGNN
config:_log_level=warn
config:_profile_level=3
config:_empty_feat=0
config:_arch=5
config:_sample_type=5
config:_cache_policy=12
test_result:init:input_scale_factor=1.1
0 :  {link #0 : 1}, {link #1 : 2}, {link #2 : 3}, {link #3 : 4}, {link #4 : 5},
1 :  {link #0 : 2}, {link #1 : 3}, {link #2 : 4}, {link #3 : 5}, {link #4 : 0},
2 :  {link #0 : 3}, {link #1 : 4}, {link #2 : 5}, {link #3 : 0}, {link #4 : 1},
3 :  {link #0 : 4}, {link #1 : 5}, {link #2 : 0}, {link #3 : 1}, {link #4 : 2},
4 :  {link #0 : 5}, {link #1 : 0}, {link #2 : 1}, {link #3 : 2}, {link #4 : 3},
5 :  {link #0 : 0}, {link #1 : 1}, {link #2 : 2}, {link #3 : 3}, {link #4 : 4},
0 :  {link #0 : 1}, {link #1 : 2}, {link #2 : 3}, {link #3 : 4}, {link #4 : 5},
1 :  {link #0 : 2}, {link #1 : 3}, {link #2 : 4}, {link #3 : 5}, {link #4 : 0},
2 :  {link #0 : 3}, {link #1 : 4}, {link #2 : 5}, {link #3 : 0}, {link #4 : 1},
3 :  {link #0 : 4}, {link #1 : 5}, {link #2 : 0}, {link #3 : 1}, {link #4 : 2},
4 :  {link #0 : 5}, {link #1 : 0}, {link #2 : 1}, {link #3 : 2}, {link #4 : 3},
5 :  {link #0 : 0}, {link #1 : 1}, {link #2 : 2}, {link #3 : 3}, {link #4 : 4},
0 :  {link #0 : 1}, {link #1 : 2}, {link #2 : 3}, {link #3 : 4}, {link #4 : 5},
1 :  {link #0 : 2}, {link #1 : 3}, {link #2 : 4}, {link #3 : 5}, {link #4 : 0},
2 :  {link #0 : 3}, {link #1 : 4}, {link #2 : 5}, {link #3 : 0}, {link #4 : 1},
3 :  {link #0 : 4}, {link #1 : 5}, {link #2 : 0}, {link #3 : 1}, {link #4 : 2},
4 :  {link #0 : 5}, {link #1 : 0}, {link #2 : 1}, {link #3 : 2}, {link #4 : 3},
5 :  {link #0 : 0}, {link #1 : 1}, {link #2 : 2}, {link #3 : 3}, {link #4 : 4},
0 :  {link #0 : 1}, {link #1 : 2}, {link #2 : 3}, {link #3 : 4}, {link #4 : 5},
1 :  {link #0 : 2}, {link #1 : 3}, {link #2 : 4}, {link #3 : 5}, {link #4 : 0},
2 :  {link #0 : 3}, {link #1 : 4}, {link #2 : 5}, {link #3 : 0}, {link #4 : 1},
3 :  {link #0 : 4}, {link #1 : 5}, {link #2 : 0}, {link #3 : 1}, {link #4 : 2},
4 :  {link #0 : 5}, {link #1 : 0}, {link #2 : 1}, {link #3 : 2}, {link #4 : 3},
5 :  {link #0 : 0}, {link #1 : 1}, {link #2 : 2}, {link #3 : 3}, {link #4 : 4},
0 :  {link #0 : 1}, {link #1 : 2}, {link #2 : 3}, {link #3 : 4}, {link #4 : 5},
1 :  {link #0 : 2}, {link #1 : 3}, {link #2 : 4}, {link #3 : 5}, {link #4 : 0},
2 :  {link #0 : 3}, {link #1 : 4}, {link #2 : 5}, {link #3 : 0}, {link #4 : 1},
3 :  {link #0 : 4}, {link #1 : 5}, {link #2 : 0}, {link #3 : 1}, {link #4 : 2},
4 :  {link #0 : 5}, {link #1 : 0}, {link #2 : 1}, {link #3 : 2}, {link #4 : 3},
5 :  {link #0 : 0}, {link #1 : 1}, {link #2 : 2}, {link #3 : 3}, {link #4 : 4},
0 :  {link #0 : 1}, {link #1 : 2}, {link #2 : 3}, {link #3 : 4}, {link #4 : 5},
1 :  {link #0 : 2}, {link #1 : 3}, {link #2 : 4}, {link #3 : 5}, {link #4 : 0},
2 :  {link #0 : 3}, {link #1 : 4}, {link #2 : 5}, {link #3 : 0}, {link #4 : 1},
3 :  {link #0 : 4}, {link #1 : 5}, {link #2 : 0}, {link #3 : 1}, {link #4 : 2},
4 :  {link #0 : 5}, {link #1 : 0}, {link #2 : 1}, {link #3 : 2}, {link #4 : 3},
5 :  {link #0 : 0}, {link #1 : 1}, {link #2 : 2}, {link #3 : 3}, {link #4 : 4},
coll_cache:optimal_rep_storage=0.08
coll_cache:optimal_part_storage=0
coll_cache:optimal_cpu_storage=0.92
coll_cache:optimal_local_storage=0.08
coll_cache:optimal_remote_storage=0
coll_cache:optimal_local_rate=0.985794
coll_cache:optimal_remote_rate=0
coll_cache:optimal_cpu_rate=0.0142056
z=189.486
test_result:init:feat_nbytes=375030526464
test_result:init:cache_nbytes=30002440704
0 :  {link #0 : 1}, {link #1 : 2}, {link #2 : 3}, {link #3 : 4}, {link #4 : 5},
1 :  {link #0 : 2}, {link #1 : 3}, {link #2 : 4}, {link #3 : 5}, {link #4 : 0},
2 :  {link #0 : 3}, {link #1 : 4}, {link #2 : 5}, {link #3 : 0}, {link #4 : 1},
3 :  {link #0 : 4}, {link #1 : 5}, {link #2 : 0}, {link #3 : 1}, {link #4 : 2},
4 :  {link #0 : 5}, {link #1 : 0}, {link #2 : 1}, {link #3 : 2}, {link #4 : 3},
5 :  {link #0 : 0}, {link #1 : 1}, {link #2 : 2}, {link #3 : 3}, {link #4 : 4},
test_result:init:feat_nbytes=375030526464
test_result:init:cache_nbytes=30002440704
0 :  {link #0 : 1}, {link #1 : 2}, {link #2 : 3}, {link #3 : 4}, {link #4 : 5},
1 :  {link #0 : 2}, {link #1 : 3}, {link #2 : 4}, {link #3 : 5}, {link #4 : 0},
2 :  {link #0 : 3}, {link #1 : 4}, {link #2 : 5}, {link #3 : 0}, {link #4 : 1},
3 :  {link #0 : 4}, {link #1 : 5}, {link #2 : 0}, {link #3 : 1}, {link #4 : 2},
4 :  {link #0 : 5}, {link #1 : 0}, {link #2 : 1}, {link #3 : 2}, {link #4 : 3},
5 :  {link #0 : 0}, {link #1 : 1}, {link #2 : 2}, {link #3 : 3}, {link #4 : 4},
test_result:init:feat_nbytes=375030526464
test_result:init:cache_nbytes=30002440704
0 :  {link #0 : 1}, {link #1 : 2}, {link #2 : 3}, {link #3 : 4}, {link #4 : 5},
1 :  {link #0 : 2}, {link #1 : 3}, {link #2 : 4}, {link #3 : 5}, {link #4 : 0},
2 :  {link #0 : 3}, {link #1 : 4}, {link #2 : 5}, {link #3 : 0}, {link #4 : 1},
3 :  {link #0 : 4}, {link #1 : 5}, {link #2 : 0}, {link #3 : 1}, {link #4 : 2},
4 :  {link #0 : 5}, {link #1 : 0}, {link #2 : 1}, {link #3 : 2}, {link #4 : 3},
5 :  {link #0 : 0}, {link #1 : 1}, {link #2 : 2}, {link #3 : 3}, {link #4 : 4},
test_result:init:feat_nbytes=375030526464
test_result:init:cache_nbytes=30002440704
0 :  {link #0 : 1}, {link #1 : 2}, {link #2 : 3}, {link #3 : 4}, {link #4 : 5},
1 :  {link #0 : 2}, {link #1 : 3}, {link #2 : 4}, {link #3 : 5}, {link #4 : 0},
2 :  {link #0 : 3}, {link #1 : 4}, {link #2 : 5}, {link #3 : 0}, {link #4 : 1},
3 :  {link #0 : 4}, {link #1 : 5}, {link #2 : 0}, {link #3 : 1}, {link #4 : 2},
4 :  {link #0 : 5}, {link #1 : 0}, {link #2 : 1}, {link #3 : 2}, {link #4 : 3},
5 :  {link #0 : 0}, {link #1 : 1}, {link #2 : 2}, {link #3 : 3}, {link #4 : 4},
test_result:init:feat_nbytes=375030526464
test_result:init:cache_nbytes=30002440704
0 :  {link #0 : 1}, {link #1 : 2}, {link #2 : 3}, {link #3 : 4}, {link #4 : 5},
1 :  {link #0 : 2}, {link #1 : 3}, {link #2 : 4}, {link #3 : 5}, {link #4 : 0},
2 :  {link #0 : 3}, {link #1 : 4}, {link #2 : 5}, {link #3 : 0}, {link #4 : 1},
3 :  {link #0 : 4}, {link #1 : 5}, {link #2 : 0}, {link #3 : 1}, {link #4 : 2},
4 :  {link #0 : 5}, {link #1 : 0}, {link #2 : 1}, {link #3 : 2}, {link #4 : 3},
5 :  {link #0 : 0}, {link #1 : 1}, {link #2 : 2}, {link #3 : 3}, {link #4 : 4},
test_result:init:feat_nbytes=375030526464
test_result:init:cache_nbytes=30002440704
0 :  {link #0 : 1}, {link #1 : 2}, {link #2 : 3}, {link #3 : 4}, {link #4 : 5},
1 :  {link #0 : 2}, {link #1 : 3}, {link #2 : 4}, {link #3 : 5}, {link #4 : 0},
2 :  {link #0 : 3}, {link #1 : 4}, {link #2 : 5}, {link #3 : 0}, {link #4 : 1},
3 :  {link #0 : 4}, {link #1 : 5}, {link #2 : 0}, {link #3 : 1}, {link #4 : 2},
4 :  {link #0 : 5}, {link #1 : 0}, {link #2 : 1}, {link #3 : 2}, {link #4 : 3},
5 :  {link #0 : 0}, {link #1 : 1}, {link #2 : 2}, {link #3 : 3}, {link #4 : 4},
coll_cache:optimal_rep_storage=0.08
coll_cache:optimal_part_storage=0
coll_cache:optimal_cpu_storage=0.92
coll_cache:optimal_local_storage=0.08
coll_cache:optimal_remote_storage=0
coll_cache:optimal_local_rate=0.985794
coll_cache:optimal_remote_rate=0
coll_cache:optimal_cpu_rate=0.0142056
z=189.486
test_result:init:cache_nbytes=0
test_result:init:cache_nbytes=0
test_result:init:cache_nbytes=0
test_result:init:cache_nbytes=0
test_result:init:cache_nbytes=0
test_result:init:cache_nbytes=0
[Train  Worker 2/6] Started with PID 75932(NVIDIA A100-SXM4-80GB)
[Train  Worker 2] run train for 4 epochs with 144 steps
[Train  Worker 2] Avg Epoch Time 0.5282 | Train Total Time(Profiler) 0.2945 | Copy Time 0.2316
[Train  Worker 1/6] Started with PID 75929(NVIDIA A100-SXM4-80GB)
[Train  Worker 1] run train for 4 epochs with 144 steps
[Train  Worker 1] Avg Epoch Time 0.5282 | Train Total Time(Profiler) 0.2947 | Copy Time 0.2320
[Train  Worker 0/6] Started with PID 75927(NVIDIA A100-SXM4-80GB)
[Train  Worker 0] run train for 4 epochs with 144 steps
Epoch 00000 | Epoch Time 1.7958 | Total Train Time(Profiler) 1.5325 | Copy Time 0.2610
Epoch 00001 | Epoch Time 0.5270 | Total Train Time(Profiler) 0.2932 | Copy Time 0.2322
Epoch 00002 | Epoch Time 0.5283 | Total Train Time(Profiler) 0.2931 | Copy Time 0.2327
Epoch 00003 | Epoch Time 0.5292 | Total Train Time(Profiler) 0.2957 | Copy Time 0.2318
[Train  Worker 0] Avg Epoch Time 0.5282 | Train Total Time(Profiler) 0.2940 | Copy Time 0.2322
[Train  Worker 3/6] Started with PID 75935(NVIDIA A100-SXM4-80GB)
[Train  Worker 3] run train for 4 epochs with 144 steps
[Train  Worker 3] Avg Epoch Time 0.5282 | Train Total Time(Profiler) 0.2950 | Copy Time 0.2312
[Train  Worker 5/6] Started with PID 75941(NVIDIA A100-SXM4-80GB)
[Train  Worker 5] run train for 4 epochs with 144 steps
[Train  Worker 5] Avg Epoch Time 0.5282 | Train Total Time(Profiler) 0.2951 | Copy Time 0.2312
[Train  Worker 4/6] Started with PID 75938(NVIDIA A100-SXM4-80GB)
[Train  Worker 4] run train for 4 epochs with 144 steps
[Train  Worker 4] Avg Epoch Time 0.5282 | Train Total Time(Profiler) 0.2946 | Copy Time 0.2316
    [Step(average) Profiler Level 1 E3 S71]
        L1  sample           0.001725 | send           0.001059
        L1  recv             0.000000 | copy           0.000000 | convert time 0.000000 | train  0.000000
        L1  feature nbytes 0.00 Bytes | label nbytes 0.00 Bytes
        L1  id nbytes      0.00 Bytes | graph nbytes 0.00 Bytes
        L1  miss nbytes    0.00 Bytes | remote nbytes 0.00 Bytes
        L1  num nodes         1052670 | num samples     1460198
    [Step(average) Profiler Level 2 E3 S71]
        L2  shuffle     0.000200 | core sample  0.000596 | id remap        0.000823
        L2  graph copy  0.000000 | id copy      0.000000 | cache feat copy 0.000000
        L2  last layer sample time 0.000275 | size 65747.550926
    [Step(average) Profiler Level 3 E3 S71]
        L3  khop sample coo  0.000342 | khop sort coo      0.000000 | khop count edge     0.000036 | khop compact edge 0.000183
        L3  walk sample coo  0.000000 | walk topk total    0.000000 | walk topk step1     0.000000 | walk topk step2   0.000000
        L3  walk topk step3  0.000000 | walk topk step4    0.000000 | walk topk step5     0.000000
        L3  walk topk step6  0.000000 | walk topk step7    0.000000
        L3  remap unique     0.000000 | remap populate     0.000661 | remap mapnode       0.000000 | remap mapedge     0.000162
        L3  cache get_index  0.000000 | cache copy_index   0.000000 | cache extract_miss  0.000000
        L3  cache copy_miss  0.000000 | cache combine_miss 0.000000 | cache combine cache 0.000000 | cache combine remote 0.000000
        L3  label extract  0.000000
    [Init Profiler Level 1]
        L1  init     3.8971 | sampler init     8.5696 | trainer init 0.0000
    [Init Profiler Level 2]
        L2  load ds         5.4904 | init queue           2.2677
        L2  presample       3.0631 | build interal ds     1.6440
        L2  build cache     0.0000
    [Init Profiler Level 3]
        L3  load dataset: mmap     3.8954 | copy         1.5949
        L3  dist queue: alloc      0.0008 | pin          2.2669 | push     0.0000
        L3  presample: init        0.2936
        L3  presample: sample      0.4681 | copy         0.0505
        L3  presample: count       1.5211 | sort         0.3159
        L3  presample: reset       0.0005 | get rank     0.0599
        L3  internal: cuda ctx     1.4548 | cuda stream     0.1865
[Sample Worker 1/2] Started with PID 75925(NVIDIA A100-SXM4-80GB)
[Sample Worker 1] run sample for 4 epochs with 72 steps
[Sample Worker 1] Avg Sample Total Time 0.2004 | Sampler Total Time(Profiler) 0.1999
[Sample Worker 0/2] Started with PID 75924(NVIDIA A100-SXM4-80GB)
[Sample Worker 0] run sample for 4 epochs with 72 steps
[Sample Worker 0] Avg Sample Total Time 0.2009 | Sampler Total Time(Profiler) 0.2004
test_result:sample_time=0.1242
test_result:get_cache_miss_index_time=0.0000
test_result:enqueue_samples_time=0.0762
test_result:epoch_time:sample_total=0.2009
[CUDA] cuda0: usage: 36.55 GB
[SAM] cuda0 data alloc        : 0.00 Bytes
[SAM] cuda0 workspace         : 3.28 GB
[SAM] cuda0 workspace reserve : 1.64 GB
[SAM] cuda0 total             : 3.28 GB
    [Step(average) Profiler Level 1 E3 S143]
        L1  sample           0.000000 | send           0.000000
        L1  recv             0.001267 | copy           0.009652 | convert time 0.000296 | train  0.011981
        L1  feature nbytes    1.51 GB | label nbytes   62.50 KB
        L1  id nbytes      0.00 Bytes | graph nbytes 0.00 Bytes
        L1  miss nbytes    0.00 Bytes | remote nbytes 0.00 Bytes
        L1  num nodes               0 | num samples           0
    [Step(average) Profiler Level 2 E3 S143]
        L2  shuffle     0.000000 | core sample  0.000000 | id remap        0.000000
        L2  graph copy  0.000003 | id copy      0.000000 | cache feat copy 0.008381
        L2  last layer sample time 0.000000 | size 0.000000
    [Step(average) Profiler Level 3 E3 S143]
        L3  khop sample coo  0.000000 | khop sort coo      0.000000 | khop count edge     0.000000 | khop compact edge 0.000000
        L3  walk sample coo  0.000000 | walk topk total    0.000000 | walk topk step1     0.000000 | walk topk step2   0.000000
        L3  walk topk step3  0.000000 | walk topk step4    0.000000 | walk topk step5     0.000000
        L3  walk topk step6  0.000000 | walk topk step7    0.000000
        L3  remap unique     0.000000 | remap populate     0.000000 | remap mapnode       0.000000 | remap mapedge     0.000000
        L3  cache get_index  0.000000 | cache copy_index   0.000000 | cache extract_miss  0.000000
        L3  cache copy_miss  0.000000 | cache combine_miss 0.000000 | cache combine cache 0.008208 | cache combine remote 0.000000
        L3  label extract  0.000167
    [Init Profiler Level 1]
        L1  init     3.8971 | sampler init     0.0000 | trainer init 101.5686
    [Init Profiler Level 2]
        L2  load ds         3.8954 | init queue           2.2981
        L2  presample       0.0000 | build interal ds     1.5286
        L2  build cache    97.7368
    [Init Profiler Level 3]
        L3  load dataset: mmap     3.8954 | copy         0.0000
        L3  dist queue: alloc      0.0008 | pin          2.2974 | push     0.0000
        L3  presample: init        0.0000
        L3  presample: sample      0.0000 | copy         0.0000
        L3  presample: count       0.0000 | sort         0.0000
        L3  presample: reset       0.0000 | get rank     0.0000
        L3  internal: cuda ctx     1.5286 | cuda stream     0.0000
|===========================================================================|
|                  PyTorch CUDA memory summary, device ID 0                 |
|---------------------------------------------------------------------------|
|            CUDA OOMs: 0            |        cudaMalloc retries: 0         |
|===========================================================================|
|        Metric         | Cur Usage  | Peak Usage | Tot Alloc  | Tot Freed  |
|---------------------------------------------------------------------------|
| Allocated memory      |   42422 KB |  728447 KB |  207526 MB |  207485 MB |
|       from large pool |   32778 KB |  725414 KB |  206088 MB |  206056 MB |
|       from small pool |    9644 KB |   11954 KB |    1437 MB |    1428 MB |
|---------------------------------------------------------------------------|
| Active memory         |   42422 KB |  728447 KB |  207526 MB |  207485 MB |
|       from large pool |   32778 KB |  725414 KB |  206088 MB |  206056 MB |
|       from small pool |    9644 KB |   11954 KB |    1437 MB |    1428 MB |
|---------------------------------------------------------------------------|
| GPU reserved memory   |     878 MB |     878 MB |     878 MB |       0 B  |
|       from large pool |     862 MB |     862 MB |     862 MB |       0 B  |
|       from small pool |      16 MB |      16 MB |      16 MB |       0 B  |
|---------------------------------------------------------------------------|
| Non-releasable memory |   57929 KB |  707540 KB |  150257 MB |  150200 MB |
|       from large pool |   55286 KB |  704185 KB |  148738 MB |  148684 MB |
|       from small pool |    2643 KB |    5985 KB |    1518 MB |    1516 MB |
|---------------------------------------------------------------------------|
| Allocations           |      42    |      57    |   11560    |   11518    |
|       from large pool |       7    |      18    |    4995    |    4988    |
|       from small pool |      35    |      41    |    6565    |    6530    |
|---------------------------------------------------------------------------|
| Active allocs         |      43    |      57    |   11560    |   11517    |
|       from large pool |       7    |      18    |    4995    |    4988    |
|       from small pool |      36    |      41    |    6565    |    6529    |
|---------------------------------------------------------------------------|
| GPU reserved segments |      18    |      18    |      18    |       0    |
|       from large pool |      10    |      10    |      10    |       0    |
|       from small pool |       8    |       8    |       8    |       0    |
|---------------------------------------------------------------------------|
| Non-releasable allocs |      18    |      29    |    5414    |    5396    |
|       from large pool |       6    |      13    |    3256    |    3250    |
|       from small pool |      12    |      20    |    2158    |    2146    |
|---------------------------------------------------------------------------|
| Oversize allocations  |       0    |       0    |       0    |       0    |
|---------------------------------------------------------------------------|
| Oversize GPU segments |       0    |       0    |       0    |       0    |
|===========================================================================|

test_result:epoch_time:copy_time=0.2322
test_result:convert_time=0.0069
test_result:train_time=0.2871
test_result:epoch_time:train_total=0.2940
test_result:cache_percentage=0.0800
test_result:cache_hit_rate=1.0000
test_result:run_time=4.1939
