[2022-12-06 06:38:12.353885: W /samgraph/samgraph/common/cpu/mmap_cpu_device.cc:92] mmap allocating space 12.87 GB
[2022-12-06 06:38:12.353962: W /samgraph/samgraph/common/cpu/mmap_cpu_device.cc:97] mmap allocating space 12.87 GB done
[2022-12-06 06:38:16.136041: W /samgraph/samgraph/common/cpu/mmap_cpu_device.cc:92] mmap allocating space 349.28 GB
[2022-12-06 06:38:16.136132: W /samgraph/samgraph/common/cpu/mmap_cpu_device.cc:97] mmap allocating space 349.28 GB done
[2022-12-06 06:38:16.136158: W /samgraph/samgraph/common/cpu/mmap_cpu_device.cc:92] mmap allocating space 1.82 GB
[2022-12-06 06:38:16.136174: W /samgraph/samgraph/common/cpu/mmap_cpu_device.cc:97] mmap allocating space 1.82 GB done
[2022-12-06 06:38:16.138489: W /samgraph/samgraph/common/cpu/mmap_cpu_device.cc:92] mmap allocating space 29.97 GB
[2022-12-06 06:38:16.138521: W /samgraph/samgraph/common/cpu/mmap_cpu_device.cc:97] mmap allocating space 29.97 GB done
/usr/lib/python3/dist-packages/requests/__init__.py:89: RequestsDependencyWarning: urllib3 (1.26.12) or chardet (3.0.4) doesn't match a supported version!
  warnings.warn("urllib3 ({}) or chardet ({}) doesn't match a supported "
[2022-12-06 06:38:17.259942: W /samgraph/samgraph/common/dist/dist_engine.cc:662] Trainer[0] initializing...
[2022-12-06 06:38:17.285127: W /samgraph/samgraph/common/dist/dist_engine.cc:662] Trainer[1] initializing...
[2022-12-06 06:38:17.331411: W /samgraph/samgraph/common/dist/dist_engine.cc:662] Trainer[2] initializing...
[2022-12-06 06:38:17.383013: W /samgraph/samgraph/common/dist/dist_engine.cc:662] Trainer[5] initializing...
[2022-12-06 06:38:17.410113: W /samgraph/samgraph/common/dist/dist_engine.cc:662] Trainer[3] initializing...
[2022-12-06 06:38:17.485610: W /samgraph/samgraph/common/dist/dist_engine.cc:662] Trainer[4] initializing...
[2022-12-06 06:38:18.838038: W /samgraph/samgraph/common/dist/dist_engine.cc:666] Trainer[0] pin memory queue...
[2022-12-06 06:38:18.859896: W /samgraph/samgraph/common/dist/dist_engine.cc:666] Trainer[1] pin memory queue...
[[2022-12-06 06:38:18.2022-12-06 06:38:18891512.: 891529W:  W/samgraph/samgraph/common/dist/dist_engine.cc :/samgraph/samgraph/common/dist/dist_engine.cc666:] 666Trainer[3] pin memory queue...] 
Trainer[4] pin memory queue...
[2022-12-06 06:38:18.891958: W /samgraph/samgraph/common/dist/dist_engine.cc:666] Trainer[2] pin memory queue...
[2022-12-06 06:38:18.901977: W /samgraph/samgraph/common/dist/dist_engine.cc:666] Trainer[5] pin memory queue...
[2022-12-06 06:38:27.451280: E /samgraph/samgraph/common/dist/dist_engine.cc:85] Running on A100
[2022-12-06 06:38:27.452505: W /samgraph/samgraph/common/dist/dist_engine.cc:701] Trainer[3] register host memory...
[2022-12-06 06:38:27.456472: E /samgraph/samgraph/common/dist/dist_engine.cc:85] Running on A100
[2022-12-06 06:38:27.456867: E /samgraph/samgraph/common/dist/dist_engine.cc:85] Running on A100
[2022-12-06 06:38:27.457384: W /samgraph/samgraph/common/dist/dist_engine.cc:701] Trainer[0] register host memory...
[2022-12-06 06:38:27.457722: W /samgraph/samgraph/common/dist/dist_engine.cc:701] Trainer[5] register host memory...
[2022-12-06 06:38:27.466322: E /samgraph/samgraph/common/dist/dist_engine.cc:85] Running on A100
[2022-12-06 06:38:27.466939: W /samgraph/samgraph/common/dist/dist_engine.cc:701] Trainer[1] register host memory...
[2022-12-06 06:38:27.484586: E /samgraph/samgraph/common/dist/dist_engine.cc:85] Running on A100
[2022-12-06 06:38:27.484747: W /samgraph/samgraph/common/dist/dist_engine.cc:701] Trainer[2] register host memory...
[2022-12-06 06:38:27.488052: E /samgraph/samgraph/common/dist/dist_engine.cc:85] Running on A100
[2022-12-06 06:38:27.488096: W /samgraph/samgraph/common/dist/dist_engine.cc:701] Trainer[4] register host memory...
[2022-12-06 06:38:27.641873: E /samgraph/samgraph/common/dist/dist_engine.cc:85] Running on A100
[2022-12-06 06:38:27.644288: W /samgraph/samgraph/common/cuda/cuda_device.cc:49] GPU[6] alloc cuda memory 931.40 MB
[2022-12-06 06:38:27.651720: E /samgraph/samgraph/common/dist/dist_engine.cc:85] Running on A100
[2022-12-06 06:38:27.749292: W /samgraph/samgraph/common/cuda/cuda_device.cc:49] GPU[6] alloc cuda memory 12.87 GB
[2022-12-06 06:38:29.103828: W /samgraph/samgraph/common/cuda/cuda_device.cc:49] GPU[6] alloc cuda memory 32.00 MB
[2022-12-06 06:38:29.106347: E /samgraph/samgraph/common/dist/pre_sampler.cc:41] Dist Presampler making shuffler...
[2022-12-06 06:38:29.108202: E /samgraph/samgraph/common/dist/pre_sampler.cc:44] Dist Presampler making shuffler...Done
[2022-12-06 06:38:29.108226: W /samgraph/samgraph/common/cpu/cpu_device.cc:39] WORKER[0] alloc host memory 1.82 GB
[2022-12-06 06:38:29.442488: E /samgraph/samgraph/common/dist/pre_sampler.cc:85] Dist Presampler doing presample epoch 0
[2022-12-06 06:38:30.855794: E /samgraph/samgraph/common/dist/pre_sampler.cc:129] presample spend 0.532434 on sample, 0.0334814 on copy, 0.843887 on count
[2022-12-06 06:38:30.855920: E /samgraph/samgraph/common/dist/pre_sampler.cc:85] Dist Presampler doing presample epoch 1
[2022-12-06 06:38:32.412112: E /samgraph/samgraph/common/dist/pre_sampler.cc:129] presample spend 1.12537 on sample, 0.0691282 on copy, 1.76827 on count
[2022-12-06 06:38:32.412191: E /samgraph/samgraph/common/dist/pre_sampler.cc:136] max_num_inputs = 315113, min_num_inputs = 293781
[2022-12-06 06:38:32.786975: E /samgraph/samgraph/common/dist/pre_sampler.cc:148] presample spend 0.374697 on sort freq.
[2022-12-06 06:38:33.147339: E /samgraph/samgraph/common/dist/dist_engine.cc:524] pre sample done, delete it
[[[[[[2022-12-06 06:38:332022-12-06 06:38:332022-12-06 06:38:332022-12-06 06:38:332022-12-06 06:38:332022-12-06 06:38:33......189294189294189294189298189298189298: : : : : : WWWWWW      /samgraph/samgraph/common/dist/dist_engine.cc/samgraph/samgraph/common/dist/dist_engine.cc/samgraph/samgraph/common/dist/dist_engine.cc/samgraph/samgraph/common/dist/dist_engine.cc/samgraph/samgraph/common/dist/dist_engine.cc/samgraph/samgraph/common/dist/dist_engine.cc::::::711711711711711711] ] ] ] Trainer[5] building cache...] ] Trainer[0] building cache...Trainer[3] building cache...Trainer[1] building cache...
Trainer[2] building cache...Trainer[4] building cache...




[2022-12-06 06:38:33.192662: E /samgraph/3rdparty/collcachelib/coll_cache_lib/coll_cache/asymm_link_desc.cc:196] build symm link desc with 6X NVIDIA A100-SXM4-80GB out of 8
[2022-12-06 06:38:33.192702: E /samgraph/3rdparty/collcachelib/coll_cache_lib/coll_cache/asymm_link_desc.cc:197] remote time is 10.8824
[2022-12-06 06:38:33.192713: E /samgraph/3rdparty/collcachelib/coll_cache_lib/coll_cache/asymm_link_desc.cc:198] cpu time is 41.1111
[2022-12-06 06:38:33.192737: E /samgraph/3rdparty/collcachelib/coll_cache_lib/coll_cache/asymm_link_desc.cc:196] build symm link desc with 6X NVIDIA A100-SXM4-80GB out of 8
[2022-12-06 06:38:33.192763: E /samgraph/3rdparty/collcachelib/coll_cache_lib/coll_cache/asymm_link_desc.cc:197] remote time is 10.8824
[2022-12-06 06:38:33.192774: E /samgraph/3rdparty/collcachelib/coll_cache_lib/coll_cache/asymm_link_desc.cc:198] cpu time is 41.1111
[2022-12-06 06:38:33.192910: E /samgraph/3rdparty/collcachelib/coll_cache_lib/coll_cache/asymm_link_desc.cc:196] build symm link desc with 6X NVIDIA A100-SXM4-80GB out of 8
[2022-12-06 06:38:33.192942: E /samgraph/3rdparty/collcachelib/coll_cache_lib/coll_cache/asymm_link_desc.cc:197] remote time is 10.8824
[2022-12-06 06:38:33.192953: E /samgraph/3rdparty/collcachelib/coll_cache_lib/coll_cache/asymm_link_desc.cc:198] cpu time is 41.1111
[2022-12-06 06:38:33.193036: E /samgraph/3rdparty/collcachelib/coll_cache_lib/coll_cache/asymm_link_desc.cc:196] build symm link desc with 6X NVIDIA A100-SXM4-80GB out of 8
[2022-12-06 06:38:33.193065: E /samgraph/3rdparty/collcachelib/coll_cache_lib/coll_cache/asymm_link_desc.cc:197] remote time is 10.8824
[2022-12-06 06:38:33.193076: E /samgraph/3rdparty/collcachelib/coll_cache_lib/coll_cache/asymm_link_desc.cc:198] cpu time is 41.1111
[2022-12-06 06:38:33.195875: E /samgraph/3rdparty/collcachelib/coll_cache_lib/coll_cache/asymm_link_desc.cc:196] build symm link desc with 6X NVIDIA A100-SXM4-80GB out of 8
[2022-12-06 06:38:33.195918: E /samgraph/3rdparty/collcachelib/coll_cache_lib/coll_cache/asymm_link_desc.cc:197] remote time is 10.8824
[2022-12-06 06:38:33.195930: E /samgraph/3rdparty/collcachelib/coll_cache_lib/coll_cache/asymm_link_desc.cc:198] cpu time is 41.1111
[2022-12-06 06:38:33.200515: E /samgraph/3rdparty/collcachelib/coll_cache_lib/coll_cache/asymm_link_desc.cc:196] build symm link desc with 6X NVIDIA A100-SXM4-80GB out of 8
[2022-12-06 06:38:33.200547: E /samgraph/3rdparty/collcachelib/coll_cache_lib/coll_cache/asymm_link_desc.cc:197] remote time is 10.8824
[2022-12-06 06:38:33.200558: E /samgraph/3rdparty/collcachelib/coll_cache_lib/coll_cache/asymm_link_desc.cc:198] cpu time is 41.1111
[2022-12-06 06:39:59.945783: E /samgraph/3rdparty/collcachelib/coll_cache_lib/facade.cc:115] solver created. now build & solve
[2022-12-06 06:40:00. 32522: E /samgraph/3rdparty/collcachelib/coll_cache_lib/facade.cc:120] solver built. now solve
block 0 storage is 00000001
	access is	0	0	0	0	0	0	
block 1 storage is 00000010
	access is	1	1	1	1	1	1	
block 2 storage is 00000100
	access is	2	2	2	2	2	2	
block 3 storage is 00001000
	access is	3	3	3	3	3	3	
block 4 storage is 00010000
	access is	4	4	4	4	4	4	
block 5 storage is 00100000
	access is	5	5	5	5	5	5	
block 6 storage is 00000000
	access is	6	6	6	6	6	6	
[2022-12-06 06:40:01.229149: E /samgraph/3rdparty/collcachelib/coll_cache_lib/facade.cc:124] solver solved
[2022-12-06 06:40:01.229215: E /samgraph/3rdparty/collcachelib/coll_cache_lib/facade.cc:187] 0 solved master
[2022-12-06 06:40:01.229235: E /samgraph/3rdparty/collcachelib/coll_cache_lib/facade.cc:194] 0 solved
[2022-12-06 06:40:01.229245: E /samgraph/3rdparty/collcachelib/coll_cache_lib/facade.cc:197] worker 0 thread 0 initing device 0
[2022-12-06 06:40:01.231659: E /samgraph/3rdparty/collcachelib/coll_cache_lib/cache_context.cu:1762] Building Coll Cache with ... num gpu device is 6
[[[[2022-12-06 06:40:012022-12-06 06:40:012022-12-06 06:40:01...2022-12-06 06:40:01259850259850259870.: : : 259872EEE:    E/samgraph/3rdparty/collcachelib/coll_cache_lib/facade.cc/samgraph/3rdparty/collcachelib/coll_cache_lib/facade.cc/samgraph/3rdparty/collcachelib/coll_cache_lib/facade.cc :::/samgraph/3rdparty/collcachelib/coll_cache_lib/facade.cc194194194:] ] ] 1944 solved2 solved] 3 solved


1 solved
[[[2022-12-06 06:40:01[2022-12-06 06:40:012022-12-06 06:40:01.2022-12-06 06:40:01..259962.259962259963: 259965: : E: EE E  /samgraph/3rdparty/collcachelib/coll_cache_lib/facade.cc /samgraph/3rdparty/collcachelib/coll_cache_lib/facade.cc/samgraph/3rdparty/collcachelib/coll_cache_lib/facade.cc:/samgraph/3rdparty/collcachelib/coll_cache_lib/facade.cc::197:197197] 197] ] worker 4 thread 4 initing device 4] worker 2 thread 2 initing device 2worker 3 thread 3 initing device 3
worker 1 thread 1 initing device 1


[2022-12-06 06:40:01.261252: E /samgraph/3rdparty/collcachelib/coll_cache_lib/cache_context.cu:1762] Building Coll Cache with ... num gpu device is 6
[2022-12-06 06:40:01.261268: E /samgraph/3rdparty/collcachelib/coll_cache_lib/cache_context.cu:1762] Building Coll Cache with ... num gpu device is 6
[2022-12-06 06:40:01.261295: E /samgraph/3rdparty/collcachelib/coll_cache_lib/cache_context.cu:1762] Building Coll Cache with ... num gpu device is 6
[2022-12-06 06:40:01.261352: E /samgraph/3rdparty/collcachelib/coll_cache_lib/cache_context.cu:1762] Building Coll Cache with ... num gpu device is 6
[2022-12-06 06:40:01.263203: E /samgraph/3rdparty/collcachelib/coll_cache_lib/facade.cc:194] 5 solved
[2022-12-06 06:40:01.263247: E /samgraph/3rdparty/collcachelib/coll_cache_lib/facade.cc:197] worker 5 thread 5 initing device 5
[2022-12-06 06:40:01.266412: E /samgraph/3rdparty/collcachelib/coll_cache_lib/cache_context.cu:1762] Building Coll Cache with ... num gpu device is 6
[2022-12-06 06:40:01.382553: W /samgraph/3rdparty/collcachelib/coll_cache_lib/cpu/cpu_device.cc:39] WORKER[0] alloc host memory 18.63 MB
[[[[[[2022-12-06 06:40:022022-12-06 06:40:022022-12-06 06:40:022022-12-06 06:40:022022-12-06 06:40:022022-12-06 06:40:02.... 55389 55391.. 55388 55389: :  55388 55389: : EE: : EE  EE  /samgraph/3rdparty/collcachelib/coll_cache_lib/cache_context.cu/samgraph/3rdparty/collcachelib/coll_cache_lib/cache_context.cu  /samgraph/3rdparty/collcachelib/coll_cache_lib/cache_context.cu/samgraph/3rdparty/collcachelib/coll_cache_lib/cache_context.cu::/samgraph/3rdparty/collcachelib/coll_cache_lib/cache_context.cu/samgraph/3rdparty/collcachelib/coll_cache_lib/cache_context.cu::18711871::18711871] ] 18711871] ] Device 2 init p2p of link 3] Device 4 init p2p of link 5] Device 0 init p2p of link 1Device 5 init p2p of link 0
Device 1 init p2p of link 2
Device 3 init p2p of link 4



[2022-12-06 06:40:02. 62774: E /samgraph/3rdparty/collcachelib/coll_cache_lib/cache_context.cu:1871] Device 3 init p2p of link 5
[2022-12-06 06:40:02. 62845: E /samgraph/3rdparty/collcachelib/coll_cache_lib/cache_context.cu:1871] Device 1 init p2p of link 3
[2022-12-06 06:40:02. 62980: E /samgraph/3rdparty/collcachelib/coll_cache_lib/cache_context.cu:1871] Device 2 init p2p of link 4
[2022-12-06 06:40:02. 63071: E /samgraph/3rdparty/collcachelib/coll_cache_lib/cache_context.cu:1871] Device 4 init p2p of link 0
[2022-12-06 06:40:02. 63104: E /samgraph/3rdparty/collcachelib/coll_cache_lib/cache_context.cu:1871] Device 5 init p2p of link 1
[2022-12-06 06:40:02. 63664: E /samgraph/3rdparty/collcachelib/coll_cache_lib/cache_context.cu:1871] Device 0 init p2p of link 2
[2022-12-06 06:40:02[.2022-12-06 06:40:02 66892.:  66899E:  E/samgraph/3rdparty/collcachelib/coll_cache_lib/cache_context.cu :/samgraph/3rdparty/collcachelib/coll_cache_lib/cache_context.cu1871:] 1871Device 1 init p2p of link 4] 
Device 3 init p2p of link 0
[2022-12-06 06:40:02. 67486: E /samgraph/3rdparty/collcachelib/coll_cache_lib/cache_context.cu:1871] Device 2 init p2p of link 5
[2022-12-06 06:40:02. 67624: E /samgraph/3rdparty/collcachelib/coll_cache_lib/cache_context.cu:1871] Device 5 init p2p of link 2
[2022-12-06 06:40:02. 67693: E /samgraph/3rdparty/collcachelib/coll_cache_lib/cache_context.cu:1871] Device 4 init p2p of link 1
[2022-12-06 06:40:02. 67764: E /samgraph/3rdparty/collcachelib/coll_cache_lib/cache_context.cu:1871] Device 0 init p2p of link 3
[2022-12-06 06:40:02. 70297: E /samgraph/3rdparty/collcachelib/coll_cache_lib/cache_context.cu:1871] Device 3 init p2p of link 1
[2022-12-06 06:40:02. 70599: E /samgraph/3rdparty/collcachelib/coll_cache_lib/cache_context.cu:1871] Device 1 init p2p of link 5
[2022-12-06 06:40:02. 71508: E /samgraph/3rdparty/collcachelib/coll_cache_lib/cache_context.cu:1871] Device 2 init p2p of link 0
[2022-12-06 06:40:02. 71881: E /samgraph/3rdparty/collcachelib/coll_cache_lib/cache_context.cu:1871] Device 5 init p2p of link 3
[2022-12-06 06:40:02. 71990: E /samgraph/3rdparty/collcachelib/coll_cache_lib/cache_context.cu:1871] Device 4 init p2p of link 2
[2022-12-06 06:40:02. 72012: E /samgraph/3rdparty/collcachelib/coll_cache_lib/cache_context.cu:1871] Device 0 init p2p of link 4
[2022-12-06 06:40:02. 73951: E /samgraph/3rdparty/collcachelib/coll_cache_lib/cache_context.cu:1871] Device 3 init p2p of link 2
[2022-12-06 06:40:02. 74161: E /samgraph/3rdparty/collcachelib/coll_cache_lib/cache_context.cu:1871] Device 1 init p2p of link 0
[2022-12-06 06:40:02. 74765: E /samgraph/3rdparty/collcachelib/coll_cache_lib/cache_context.cu:1871] Device 2 init p2p of link 1
[2022-12-06 06:40:02. 75748: E /samgraph/3rdparty/collcachelib/coll_cache_lib/cache_context.cu:1871] Device 5 init p2p of link 4
[[2022-12-06 06:40:022022-12-06 06:40:02.. 76088 76090: : EE  /samgraph/3rdparty/collcachelib/coll_cache_lib/cache_context.cu/samgraph/3rdparty/collcachelib/coll_cache_lib/cache_context.cu::18711871] ] Device 4 init p2p of link 3Device 0 init p2p of link 5

[2022-12-06 06:40:02. 78779: E /samgraph/3rdparty/collcachelib/coll_cache_lib/cache_context.cu:1900] Asymm Coll cache (policy: clique_part) | local 4883209 / 244160499 nodes ( 2.00 %~2.00 %) | remote 24416045 / 244160499 nodes ( 10.00 %) | cpu 214861245 / 244160499 nodes ( 88.00 %) | 7.02 GB | 0.817459 secs 
[2022-12-06 06:40:02. 79762: E /samgraph/3rdparty/collcachelib/coll_cache_lib/cache_context.cu:1900] Asymm Coll cache (policy: clique_part) | local 4883209 / 244160499 nodes ( 2.00 %~2.00 %) | remote 24416045 / 244160499 nodes ( 10.00 %) | cpu 214861245 / 244160499 nodes ( 88.00 %) | 7.02 GB | 0.818484 secs 
[2022-12-06 06:40:02. 80392: E /samgraph/3rdparty/collcachelib/coll_cache_lib/cache_context.cu:1900] Asymm Coll cache (policy: clique_part) | local 4883209 / 244160499 nodes ( 2.00 %~2.00 %) | remote 24416045 / 244160499 nodes ( 10.00 %) | cpu 214861245 / 244160499 nodes ( 88.00 %) | 7.02 GB | 0.819101 secs 
[2022-12-06 06:40:02. 81316: E /samgraph/3rdparty/collcachelib/coll_cache_lib/cache_context.cu:1900] Asymm Coll cache (policy: clique_part) | local 4883209 / 244160499 nodes ( 2.00 %~2.00 %) | remote 24416045 / 244160499 nodes ( 10.00 %) | cpu 214861245 / 244160499 nodes ( 88.00 %) | 7.02 GB | 0.814874 secs 
[2022-12-06 06:40:02. 83190: E /samgraph/3rdparty/collcachelib/coll_cache_lib/cache_context.cu:1900] Asymm Coll cache (policy: clique_part) | local 4883209 / 244160499 nodes ( 2.00 %~2.00 %) | remote 24416045 / 244160499 nodes ( 10.00 %) | cpu 214861245 / 244160499 nodes ( 88.00 %) | 7.02 GB | 0.821815 secs 
[2022-12-06 06:40:02. 83793: E /samgraph/3rdparty/collcachelib/coll_cache_lib/cache_context.cu:1900] Asymm Coll cache (policy: clique_part) | local 4883209 / 244160499 nodes ( 2.00 %~2.00 %) | remote 24416045 / 244160499 nodes ( 10.00 %) | cpu 214861245 / 244160499 nodes ( 88.00 %) | 7.02 GB | 0.852106 secs 
[2022-12-06 06:40:02. 85819: E /samgraph/3rdparty/collcachelib/coll_cache_lib/coll_cache/asymm_link_desc.cc:196] build symm link desc with 6X NVIDIA A100-SXM4-80GB out of 8
[2022-12-06 06:40:02. 85849: E /samgraph/3rdparty/collcachelib/coll_cache_lib/coll_cache/asymm_link_desc.cc:197] remote time is 10.8824
[2022-12-06 06:40:02. 85860: E /samgraph/3rdparty/collcachelib/coll_cache_lib/coll_cache/asymm_link_desc.cc:198] cpu time is 41.1111
[2022-12-06 06:40:02. 86461: E /samgraph/3rdparty/collcachelib/coll_cache_lib/coll_cache/asymm_link_desc.cc:196] build symm link desc with 6X NVIDIA A100-SXM4-80GB out of 8
[2022-12-06 06:40:02. 86489: E /samgraph/3rdparty/collcachelib/coll_cache_lib/coll_cache/asymm_link_desc.cc:197] remote time is 10.8824
[2022-12-06 06:40:02. 86500: E /samgraph/3rdparty/collcachelib/coll_cache_lib/coll_cache/asymm_link_desc.cc:198] cpu time is 41.1111
[2022-12-06 06:40:02. 86511: E /samgraph/3rdparty/collcachelib/coll_cache_lib/coll_cache/asymm_link_desc.cc:196] build symm link desc with 6X NVIDIA A100-SXM4-80GB out of 8
[2022-12-06 06:40:02. 86523: E [/samgraph/3rdparty/collcachelib/coll_cache_lib/coll_cache/asymm_link_desc.cc2022-12-06 06:40:02:.196[ 86537] 2022-12-06 06:40:02: build symm link desc with 6X NVIDIA A100-SXM4-80GB out of 8.E
 86538 : /samgraph/3rdparty/collcachelib/coll_cache_lib/coll_cache/asymm_link_desc.ccE:[ 1972022-12-06 06:40:02/samgraph/3rdparty/collcachelib/coll_cache_lib/coll_cache/asymm_link_desc.cc] .:remote time is 10.8824 86568196
: ] Ebuild symm link desc with 6X NVIDIA A100-SXM4-80GB out of 8 
[/samgraph/3rdparty/collcachelib/coll_cache_lib/coll_cache/asymm_link_desc.cc2022-12-06 06:40:02:.197 86593[] : 2022-12-06 06:40:02remote time is 10.8824E.
  86602/samgraph/3rdparty/collcachelib/coll_cache_lib/coll_cache/asymm_link_desc.cc: [:E2022-12-06 06:40:02198 .] /samgraph/3rdparty/collcachelib/coll_cache_lib/coll_cache/asymm_link_desc.cc 86620cpu time is 41.1111:: 
197E]  remote time is 10.8824/samgraph/3rdparty/collcachelib/coll_cache_lib/coll_cache/asymm_link_desc.cc
:198] cpu time is 41.1111
[2022-12-06 06:40:02. 86654: E /samgraph/3rdparty/collcachelib/coll_cache_lib/coll_cache/asymm_link_desc.cc:198] cpu time is 41.1111
[2022-12-06 06:40:02. 87079: E /samgraph/3rdparty/collcachelib/coll_cache_lib/coll_cache/asymm_link_desc.cc:196] build symm link desc with 6X NVIDIA A100-SXM4-80GB out of 8
[2022-12-06 06:40:02. 87103: E /samgraph/3rdparty/collcachelib/coll_cache_lib/coll_cache/asymm_link_desc.cc:197] remote time is 10.8824
[2022-12-06 06:40:02. 87114: E /samgraph/3rdparty/collcachelib/coll_cache_lib/coll_cache/asymm_link_desc.cc:198] cpu time is 41.1111
[2022-12-06 06:40:02.547936: E /samgraph/3rdparty/collcachelib/coll_cache_lib/facade.cc:115] solver created. now build & solve
[2022-12-06 06:40:02.579856: E /samgraph/3rdparty/collcachelib/coll_cache_lib/facade.cc:120] solver built. now solve
block 0 storage is 00000001
	access is	0	0	0	0	0	0	
block 1 storage is 00000010
	access is	1	1	1	1	1	1	
block 2 storage is 00000100
	access is	2	2	2	2	2	2	
block 3 storage is 00001000
	access is	3	3	3	3	3	3	
block 4 storage is 00010000
	access is	4	4	4	4	4	4	
block 5 storage is 00100000
	access is	5	5	5	5	5	5	
block 6 storage is 00000000
	access is	6	6	6	6	6	6	
[2022-12-06 06:40:03.759737: E /samgraph/3rdparty/collcachelib/coll_cache_lib/facade.cc:124] solver solved
[2022-12-06 06:40:03.759783: E /samgraph/3rdparty/collcachelib/coll_cache_lib/facade.cc:187] 0 solved master
[2022-12-06 06:40:03.759795: E /samgraph/3rdparty/collcachelib/coll_cache_lib/facade.cc:194] 0 solved
[2022-12-06 06:40:03.759805: E /samgraph/3rdparty/collcachelib/coll_cache_lib/facade.cc:197] worker 0 thread 0 initing device 0
[2022-12-06 06:40:03.792744: E /samgraph/3rdparty/collcachelib/coll_cache_lib/facade.cc:194] 5 solved
[2022-12-06 06:40:03.792813: E /samgraph/3rdparty/collcachelib/coll_cache_lib/facade.cc:197] worker 5 thread 5 initing device 5
[[[2022-12-06 06:40:03.2022-12-06 06:40:03805013.2022-12-06 06:40:03: 805014.E: 805013 E: /samgraph/3rdparty/collcachelib/coll_cache_lib/facade.cc E:/samgraph/3rdparty/collcachelib/coll_cache_lib/facade.cc 194:/samgraph/3rdparty/collcachelib/coll_cache_lib/facade.cc] 194:] 1941 solved] 3 solved

2 solved
[[2022-12-06 06:40:03[2022-12-06 06:40:03.2022-12-06 06:40:03.805090.805090: 805092: E: E E /samgraph/3rdparty/collcachelib/coll_cache_lib/facade.cc /samgraph/3rdparty/collcachelib/coll_cache_lib/facade.cc:/samgraph/3rdparty/collcachelib/coll_cache_lib/facade.cc:197:197] 197] worker 1 thread 1 initing device 1] worker 3 thread 3 initing device 3
worker 2 thread 2 initing device 2

[2022-12-06 06:40:03.810156: E /samgraph/3rdparty/collcachelib/coll_cache_lib/facade.cc:194] 4 solved
[2022-12-06 06:40:03.810195: E /samgraph/3rdparty/collcachelib/coll_cache_lib/facade.cc:197] worker 4 thread 4 initing device 4
[2022-12-06 06:40:05.880689: W /samgraph/samgraph/common/cuda/cuda_device.cc:49] GPU[0] alloc cuda memory 493.36 MB
[2022-12-06 06:40:07.157072: W /samgraph/samgraph/common/cuda/cuda_device.cc:49] GPU[0] alloc cuda memory 493.36 MB
/usr/local/lib/python3.8/dist-packages/torch/nn/parallel/scatter_gather.py:9: UserWarning: is_namedtuple is deprecated, please use the python checks instead
  warnings.warn("is_namedtuple is deprecated, please use the python checks instead")
/usr/local/lib/python3.8/dist-packages/torch/nn/parallel/scatter_gather.py:9: UserWarning: is_namedtuple is deprecated, please use the python checks instead
  warnings.warn("is_namedtuple is deprecated, please use the python checks instead")
/usr/local/lib/python3.8/dist-packages/torch/nn/parallel/scatter_gather.py:9: UserWarning: is_namedtuple is deprecated, please use the python checks instead
  warnings.warn("is_namedtuple is deprecated, please use the python checks instead")
/usr/local/lib/python3.8/dist-packages/torch/nn/parallel/scatter_gather.py:9: UserWarning: is_namedtuple is deprecated, please use the python checks instead
  warnings.warn("is_namedtuple is deprecated, please use the python checks instead")
/usr/local/lib/python3.8/dist-packages/torch/nn/parallel/scatter_gather.py:9: UserWarning: is_namedtuple is deprecated, please use the python checks instead
  warnings.warn("is_namedtuple is deprecated, please use the python checks instead")
/usr/local/lib/python3.8/dist-packages/torch/nn/parallel/scatter_gather.py:9: UserWarning: is_namedtuple is deprecated, please use the python checks instead
  warnings.warn("is_namedtuple is deprecated, please use the python checks instead")
