[2022-12-09 18:12:47.684601: W /samgraph/samgraph/common/cpu/mmap_cpu_device.cc:92] mmap allocating space 12.03 GB
[2022-12-09 18:12:47.684665: W /samgraph/samgraph/common/cpu/mmap_cpu_device.cc:97] mmap allocating space 12.03 GB done
[2022-12-09 18:12:47.684677: E /samgraph/samgraph/common/common.cc:206] From MMAP reading disk 12.03 GB
[2022-12-09 18:12:53.519863: E /samgraph/samgraph/common/common.cc:220] From MMAP reading done
[2022-12-09 18:12:53.520025: W /samgraph/samgraph/common/cpu/mmap_cpu_device.cc:92] mmap allocating space 52.96 GB
[2022-12-09 18:12:53.520045: W /samgraph/samgraph/common/cpu/mmap_cpu_device.cc:97] mmap allocating space 52.96 GB done
[2022-12-09 18:12:53.522903: W /samgraph/samgraph/common/cpu/mmap_cpu_device.cc:92] mmap allocating space 8.38 GB
[2022-12-09 18:12:53.522928: W /samgraph/samgraph/common/cpu/mmap_cpu_device.cc:97] mmap allocating space 8.38 GB done
/usr/lib/python3/dist-packages/requests/__init__.py:89: RequestsDependencyWarning: urllib3 (1.26.12) or chardet (3.0.4) doesn't match a supported version!
  warnings.warn("urllib3 ({}) or chardet ({}) doesn't match a supported "
[2022-12-09 18:12:54.735162: W /samgraph/samgraph/common/dist/dist_engine.cc:662] Trainer[3] initializing...
[2022-12-09 18:12:54.759570: W /samgraph/samgraph/common/dist/dist_engine.cc:662] Trainer[0] initializing...
[2022-12-09 18:12:54.844529: W /samgraph/samgraph/common/dist/dist_engine.cc:662] Trainer[2] initializing...
[2022-12-09 18:12:54.887411: W /samgraph/samgraph/common/dist/dist_engine.cc:662] Trainer[5] initializing...
[2022-12-09 18:12:54.938390: W /samgraph/samgraph/common/dist/dist_engine.cc:662] Trainer[1] initializing...
[2022-12-09 18:12:54.967434: W /samgraph/samgraph/common/dist/dist_engine.cc:662] Trainer[4] initializing...
[2022-12-09 18:12:56.211502: W /samgraph/samgraph/common/dist/dist_engine.cc:666] Trainer[0] pin memory queue...
[2022-12-09 18:12:56.220874: W /samgraph/samgraph/common/dist/dist_engine.cc:666] Trainer[3] pin memory queue...
[2022-12-09 18:12:56.225615: W /samgraph/samgraph/common/dist/dist_engine.cc:666] Trainer[5] pin memory queue...
[2022-12-09 18:12:56.231318: W /samgraph/samgraph/common/dist/dist_engine.cc:666] Trainer[1] pin memory queue...
[2022-12-09 18:12:56.251250: W /samgraph/samgraph/common/dist/dist_engine.cc:666] Trainer[4] pin memory queue...
[2022-12-09 18:12:56.255608: W /samgraph/samgraph/common/dist/dist_engine.cc:666] Trainer[2] pin memory queue...
[2022-12-09 18:13:04.178221: E /samgraph/samgraph/common/dist/dist_engine.cc:85] Running on A100
[2022-12-09 18:13:04.179490: W /samgraph/samgraph/common/dist/dist_engine.cc:701] Trainer[2] register host memory...
[2022-12-09 18:13:04.179669: E /samgraph/samgraph/common/dist/dist_engine.cc:85] Running on A100
[2022-12-09 18:13:04.180579: W /samgraph/samgraph/common/dist/dist_engine.cc:701] Trainer[3] register host memory...
[2022-12-09 18:13:04.180683: E /samgraph/samgraph/common/dist/dist_engine.cc:85] Running on A100
[2022-12-09 18:13:04.181503: W /samgraph/samgraph/common/dist/dist_engine.cc:701] Trainer[1] register host memory...
[2022-12-09 18:13:04.182657: E /samgraph/samgraph/common/dist/dist_engine.cc:85] Running on A100
[2022-12-09 18:13:04.183399: W /samgraph/samgraph/common/dist/dist_engine.cc:701] Trainer[0] register host memory...
[2022-12-09 18:13:04.188062: E /samgraph/samgraph/common/dist/dist_engine.cc:85] Running on A100
[2022-12-09 18:13:04.188222: W /samgraph/samgraph/common/dist/dist_engine.cc:701] Trainer[4] register host memory...
[2022-12-09 18:13:04.190185: E /samgraph/samgraph/common/dist/dist_engine.cc:85] Running on A100
[2022-12-09 18:13:04.190233: W /samgraph/samgraph/common/dist/dist_engine.cc:701] Trainer[5] register host memory...
[2022-12-09 18:13:04.368225: E /samgraph/samgraph/common/dist/dist_engine.cc:85] Running on A100
[2022-12-09 18:13:04.370375: E /samgraph/samgraph/common/dist/dist_engine.cc:85] Running on A100
[2022-12-09 18:13:04.371251: W /samgraph/samgraph/common/cuda/cuda_device.cc:49] GPU[6] alloc cuda memory 423.66 MB
[2022-12-09 18:13:04.490274: W /samgraph/samgraph/common/cuda/cuda_device.cc:49] GPU[6] alloc cuda memory 12.03 GB
[2022-12-09 18:13:07.190865: W /samgraph/samgraph/common/cuda/cuda_device.cc:49] GPU[6] alloc cuda memory 128.00 MB
[2022-12-09 18:13:07.194119: E /samgraph/samgraph/common/dist/pre_sampler.cc:41] Dist Presampler making shuffler...
[2022-12-09 18:13:07.196665: E /samgraph/samgraph/common/dist/pre_sampler.cc:44] Dist Presampler making shuffler...Done
[2022-12-09 18:13:07.196694: W /samgraph/samgraph/common/cpu/cpu_device.cc:39] WORKER[0] alloc host memory 847.32 MB
[2022-12-09 18:13:07.450616: E /samgraph/samgraph/common/dist/pre_sampler.cc:85] Dist Presampler doing presample epoch 0
[2022-12-09 18:13:08.  4928: E /samgraph/samgraph/common/dist/pre_sampler.cc:129] presample spend 0.28433 on sample, 0.0298427 on copy, 0.238771 on count
[2022-12-09 18:13:08.  4998: E /samgraph/samgraph/common/dist/pre_sampler.cc:85] Dist Presampler doing presample epoch 1
[2022-12-09 18:13:08.534154: E /samgraph/samgraph/common/dist/pre_sampler.cc:129] presample spend 0.546928 on sample, 0.057038 on copy, 0.476895 on count
[2022-12-09 18:13:08.534222: E /samgraph/samgraph/common/dist/pre_sampler.cc:136] max_num_inputs = 1118082, min_num_inputs = 1086365
[2022-12-09 18:13:08.819163: E /samgraph/samgraph/common/dist/pre_sampler.cc:148] presample spend 0.284881 on sort freq.
[2022-12-09 18:13:09. 89681: E /samgraph/samgraph/common/dist/dist_engine.cc:524] pre sample done, delete it
[[[[[[2022-12-09 18:13:092022-12-09 18:13:092022-12-09 18:13:092022-12-09 18:13:092022-12-09 18:13:09.2022-12-09 18:13:09....185565.185559185562185566185566: 185572: : : : W: WWWW W    /samgraph/samgraph/common/dist/dist_engine.cc /samgraph/samgraph/common/dist/dist_engine.cc/samgraph/samgraph/common/dist/dist_engine.cc/samgraph/samgraph/common/dist/dist_engine.cc/samgraph/samgraph/common/dist/dist_engine.cc:/samgraph/samgraph/common/dist/dist_engine.cc::::711:711711711711] 711] ] ] ] Trainer[1] building cache...] Trainer[2] building cache...Trainer[5] building cache...Trainer[3] building cache...Trainer[4] building cache...Trainer[0] building cache...





[2022-12-09 18:13:09.187351: E /samgraph/3rdparty/collcachelib/coll_cache_lib/coll_cache/asymm_link_desc.cc:[1942022-12-09 18:13:09] .assigning 0 to cpu187366
: E /samgraph/3rdparty/collcachelib/coll_cache_lib/coll_cache/asymm_link_desc.cc:194] assigning 0 to cpu
[2022-12-09 18:13:09.187403: [E2022-12-09 18:13:09 ./samgraph/3rdparty/collcachelib/coll_cache_lib/coll_cache/asymm_link_desc.cc187409:: 210E]  build symm link desc with 6X NVIDIA A100-SXM4-80GB out of 8/samgraph/3rdparty/collcachelib/coll_cache_lib/coll_cache/asymm_link_desc.cc
:210] build symm link desc with 6X NVIDIA A100-SXM4-80GB out of 8
[2022-12-09 18:13:09[.2022-12-09 18:13:09187449.: 187450E:  E/samgraph/3rdparty/collcachelib/coll_cache_lib/coll_cache/asymm_link_desc.cc :/samgraph/3rdparty/collcachelib/coll_cache_lib/coll_cache/asymm_link_desc.cc211:] 211remote time is 10.8824] 
remote time is 10.8824
[2022-12-09 18:13:09[.2022-12-09 18:13:09187489.: 187490E:  E/samgraph/3rdparty/collcachelib/coll_cache_lib/coll_cache/asymm_link_desc.cc :/samgraph/3rdparty/collcachelib/coll_cache_lib/coll_cache/asymm_link_desc.cc212:] 212cpu time is 41.1111] 
cpu time is 41.1111
[2022-12-09 18:13:09.187684: E /samgraph/3rdparty/collcachelib/coll_cache_lib/coll_cache/asymm_link_desc.cc:194] assigning 0 to cpu
[2022-12-09 18:13:09.187717: E /samgraph/3rdparty/collcachelib/coll_cache_lib/coll_cache/asymm_link_desc.cc:210] build symm link desc with 6X NVIDIA A100-SXM4-80GB out of 8
[2022-12-09 18:13:09.187734: E /samgraph/3rdparty/collcachelib/coll_cache_lib/coll_cache/asymm_link_desc.cc:211] remote time is 10.8824
[2022-12-09 18:13:09.187753: E /samgraph/3rdparty/collcachelib/coll_cache_lib/coll_cache/asymm_link_desc.cc:212] cpu time is 41.1111
[2022-12-09 18:13:09.187984: E /samgraph/3rdparty/collcachelib/coll_cache_lib/coll_cache/asymm_link_desc.cc:194] assigning 0 to cpu
[2022-12-09 18:13:09.188028: E /samgraph/3rdparty/collcachelib/coll_cache_lib/coll_cache/asymm_link_desc.cc:210] build symm link desc with 6X NVIDIA A100-SXM4-80GB out of 8
[2022-12-09 18:13:09.188055: E /samgraph/3rdparty/collcachelib/coll_cache_lib/coll_cache/asymm_link_desc.cc:211] remote time is 10.8824
[2022-12-09 18:13:09.188066: E /samgraph/3rdparty/collcachelib/coll_cache_lib/coll_cache/asymm_link_desc.cc:212] cpu time is 41.1111
[2022-12-09 18:13:09.188395: E /samgraph/3rdparty/collcachelib/coll_cache_lib/coll_cache/asymm_link_desc.cc:194] assigning 0 to cpu
[2022-12-09 18:13:09.188432: E /samgraph/3rdparty/collcachelib/coll_cache_lib/coll_cache/asymm_link_desc.cc:210] build symm link desc with 6X NVIDIA A100-SXM4-80GB out of 8
[2022-12-09 18:13:09.188449: E /samgraph/3rdparty/collcachelib/coll_cache_lib/coll_cache/asymm_link_desc.cc:211] remote time is 10.8824
[2022-12-09 18:13:09.188459: E /samgraph/3rdparty/collcachelib/coll_cache_lib/coll_cache/asymm_link_desc.cc:212] cpu time is 41.1111
[2022-12-09 18:13:09.203947: E /samgraph/3rdparty/collcachelib/coll_cache_lib/coll_cache/asymm_link_desc.cc:194] assigning 0 to cpu
[2022-12-09 18:13:09.203984: E /samgraph/3rdparty/collcachelib/coll_cache_lib/coll_cache/asymm_link_desc.cc:210] build symm link desc with 6X NVIDIA A100-SXM4-80GB out of 8
[2022-12-09 18:13:09.204002: E /samgraph/3rdparty/collcachelib/coll_cache_lib/coll_cache/asymm_link_desc.cc:211] remote time is 10.8824
[2022-12-09 18:13:09.204013: E /samgraph/3rdparty/collcachelib/coll_cache_lib/coll_cache/asymm_link_desc.cc:212] cpu time is 41.1111
[2022-12-09 18:14:30.474805: E /samgraph/3rdparty/collcachelib/coll_cache_lib/facade.cc:118] solver created. now build & solve
[2022-12-09 18:14:30.519170: E /samgraph/3rdparty/collcachelib/coll_cache_lib/facade.cc:123] solver built. now solve
[2022-12-09 18:14:30.519194: E /samgraph/3rdparty/collcachelib/coll_cache_lib/coll_cache/optimal_solver_class.cc:895] num_cached_nodes = 4442398
[2022-12-09 18:14:30.666321: E /samgraph/3rdparty/collcachelib/coll_cache_lib/facade.cc:127] solver solved
[2022-12-09 18:14:30.666425: E /samgraph/3rdparty/collcachelib/coll_cache_lib/facade.cc:195] 0 solved master
[2022-12-09 18:14:30.666448: E /samgraph/3rdparty/collcachelib/coll_cache_lib/facade.cc:202] 0 solved
[2022-12-09 18:14:30.666461: E /samgraph/3rdparty/collcachelib/coll_cache_lib/facade.cc:205] worker 0 thread 0 initing device 0
[2022-12-09 18:14:30.677846: E /samgraph/3rdparty/collcachelib/coll_cache_lib/facade.cc:202] 2 solved
[2022-12-09 18:14:30.677923: E /samgraph/3rdparty/collcachelib/coll_cache_lib/facade.cc:205] worker 2 thread 2 initing device 2
[2022-12-09 18:14:30.685582: E /samgraph/3rdparty/collcachelib/coll_cache_lib/facade.cc:202] 3 solved
[2022-12-09 18:14:30.685634: E /samgraph/3rdparty/collcachelib/coll_cache_lib/facade.cc:205] worker 3 thread 3 initing device 3
[2022-12-09 18:14:30.685650: E /samgraph/3rdparty/collcachelib/coll_cache_lib/facade.cc:202] 4 solved
[2022-12-09 18:14:30.685704: E /samgraph/3rdparty/collcachelib/coll_cache_lib/facade.cc:205] worker 4 thread 4 initing device 4
[2022-12-09 18:14:30.688609: E /samgraph/3rdparty/collcachelib/coll_cache_lib/facade.cc:202] 5 solved
[2022-12-09 18:14:30.688654: E /samgraph/3rdparty/collcachelib/coll_cache_lib/facade.cc:205] worker 5 thread 5 initing device 5
[2022-12-09 18:14:30.689407: E /samgraph/3rdparty/collcachelib/coll_cache_lib/facade.cc:202] 1 solved
[2022-12-09 18:14:30.689457: E /samgraph/3rdparty/collcachelib/coll_cache_lib/facade.cc:205] worker 1 thread 1 initing device 1
[2022-12-09 18:14:30.955023: E /samgraph/3rdparty/collcachelib/coll_cache_lib/cache_context.cu:1744] Collaborative GPU cache (policy: rep_cache) | local 4442398 / 111059956 nodes ( 4.00 %~4.00 %) | remote 0 / 111059956 nodes ( 0.00 %) | cpu 106617558 / 111059956 nodes ( 96.00 %) | 2.12 GB | 0.287388 secs 
[2022-12-09 18:14:30.955371: E[ 2022-12-09 18:14:30/samgraph/3rdparty/collcachelib/coll_cache_lib/cache_context.cu.:9554021744: ] E /samgraph/3rdparty/collcachelib/coll_cache_lib/cache_context.cu:Collaborative GPU cache (policy: rep_cache) | local 4442398 / 111059956 nodes ( 4.00 %~4.00 %) | remote 0 / 111059956 nodes ( 0.00 %) | cpu 106617558 / 111059956 nodes ( 96.00 %) | 2.12 GB | 0.265587 secs 1744
] Collaborative GPU cache (policy: rep_cache) | local 4442398 / 111059956 nodes ( 4.00 %~4.00 %) | remote 0 / 111059956 nodes ( 0.00 %) | cpu 106617558 / 111059956 nodes ( 96.00 %) | 2.12 GB | 0.267969 secs 
[2022-12-09 18:14:30.955784: E /samgraph/3rdparty/collcachelib/coll_cache_lib/cache_context.cu:1744] Collaborative GPU cache (policy: rep_cache) | local 4442398 / 111059956 nodes ( 4.00 %~4.00 %) | remote 0 / 111059956 nodes ( 0.00 %) | cpu 106617558 / 111059956 nodes ( 96.00 %) | 2.12 GB | 0.268954 secs 
[2022-12-09 18:14:30.955819: E /samgraph/3rdparty/collcachelib/coll_cache_lib/cache_context.cu:1744] Collaborative GPU cache (policy: rep_cache) | local 4442398 / 111059956 nodes ( 4.00 %~4.00 %) | remote 0 / 111059956 nodes ( 0.00 %) | cpu 106617558 / 111059956 nodes ( 96.00 %) | 2.12 GB | 0.264788 secs 
[2022-12-09 18:14:30.956089: E /samgraph/3rdparty/collcachelib/coll_cache_lib/cache_context.cu:1744] Collaborative GPU cache (policy: rep_cache) | local 4442398 / 111059956 nodes ( 4.00 %~4.00 %) | remote 0 / 111059956 nodes ( 0.00 %) | cpu 106617558 / 111059956 nodes ( 96.00 %) | 2.12 GB | 0.277052 secs 
[2022-12-09 18:14:30.957495: E /samgraph/3rdparty/collcachelib/coll_cache_lib/coll_cache/asymm_link_desc.cc:194] assigning 0 to cpu
[2022-12-09 18:14:30.957528: E /samgraph/3rdparty/collcachelib/coll_cache_lib/coll_cache/asymm_link_desc.cc:210] build symm link desc with 6X NVIDIA A100-SXM4-80GB out of 8
[2022-12-09 18:14:30.957543: E /samgraph/3rdparty/collcachelib/coll_cache_lib/coll_cache/asymm_link_desc.cc:211] remote time is 10.8824
[2022-12-09 18:14:30.957554: E /samgraph/3rdparty/collcachelib/coll_cache_lib/coll_cache/asymm_link_desc.cc:212] cpu time is 41.1111
[[2022-12-09 18:14:302022-12-09 18:14:30[..2022-12-09 18:14:30957973957978.: : 957980EE:   E/samgraph/3rdparty/collcachelib/coll_cache_lib/coll_cache/asymm_link_desc.cc/samgraph/3rdparty/collcachelib/coll_cache_lib/coll_cache/asymm_link_desc.cc ::/samgraph/3rdparty/collcachelib/coll_cache_lib/coll_cache/asymm_link_desc.cc194194:] ] 194assigning 0 to cpuassigning 0 to cpu] 

assigning 0 to cpu
[2022-12-09 18:14:30.958058: [E2022-12-09 18:14:30[ .2022-12-09 18:14:30/samgraph/3rdparty/collcachelib/coll_cache_lib/coll_cache/asymm_link_desc.cc958060.:: 958063210E: ]  Ebuild symm link desc with 6X NVIDIA A100-SXM4-80GB out of 8/samgraph/3rdparty/collcachelib/coll_cache_lib/coll_cache/asymm_link_desc.cc 
:/samgraph/3rdparty/collcachelib/coll_cache_lib/coll_cache/asymm_link_desc.cc210:] [210build symm link desc with 6X NVIDIA A100-SXM4-80GB out of 82022-12-09 18:14:30] 
.build symm link desc with 6X NVIDIA A100-SXM4-80GB out of 8958106
: E /samgraph/3rdparty/collcachelib/coll_cache_lib/coll_cache/asymm_link_desc.cc:211[] 2022-12-09 18:14:30[remote time is 10.8824.2022-12-09 18:14:30
958125.: 958128[E: 2022-12-09 18:14:30 E./samgraph/3rdparty/collcachelib/coll_cache_lib/coll_cache/asymm_link_desc.cc 958143:/samgraph/3rdparty/collcachelib/coll_cache_lib/coll_cache/asymm_link_desc.cc: 211:E] 211 remote time is 10.8824] /samgraph/3rdparty/collcachelib/coll_cache_lib/coll_cache/asymm_link_desc.cc
remote time is 10.8824:
212] [cpu time is 41.11112022-12-09 18:14:30[
.2022-12-09 18:14:30958186.: 958189E:  E/samgraph/3rdparty/collcachelib/coll_cache_lib/coll_cache/asymm_link_desc.cc :/samgraph/3rdparty/collcachelib/coll_cache_lib/coll_cache/asymm_link_desc.cc212:] 212cpu time is 41.1111] 
cpu time is 41.1111
[2022-12-09 18:14:30.958360: E /samgraph/3rdparty/collcachelib/coll_cache_lib/coll_cache/asymm_link_desc.cc:194] assigning 0 to cpu
[2022-12-09 18:14:30.958387: E /samgraph/3rdparty/collcachelib/coll_cache_lib/coll_cache/asymm_link_desc.cc:210] build symm link desc with 6X NVIDIA A100-SXM4-80GB out of 8
[2022-12-09 18:14:30.958402: E /samgraph/3rdparty/collcachelib/coll_cache_lib/coll_cache/asymm_link_desc.cc:211] remote time is 10.8824
[2022-12-09 18:14:30.958413: E /samgraph/3rdparty/collcachelib/coll_cache_lib/coll_cache/asymm_link_desc.cc:212] cpu time is 41.1111
[2022-12-09 18:14:30.958528: E /samgraph/3rdparty/collcachelib/coll_cache_lib/coll_cache/asymm_link_desc.cc:194] assigning 0 to cpu
[2022-12-09 18:14:30.958562: E /samgraph/3rdparty/collcachelib/coll_cache_lib/coll_cache/asymm_link_desc.cc:210] build symm link desc with 6X NVIDIA A100-SXM4-80GB out of 8
[2022-12-09 18:14:30.958577: E /samgraph/3rdparty/collcachelib/coll_cache_lib/coll_cache/asymm_link_desc.cc:211] remote time is 10.8824
[2022-12-09 18:14:30.958587: E /samgraph/3rdparty/collcachelib/coll_cache_lib/coll_cache/asymm_link_desc.cc:212] cpu time is 41.1111
[[[[[[2022-12-09 18:14:322022-12-09 18:14:322022-12-09 18:14:322022-12-09 18:14:322022-12-09 18:14:32.2022-12-09 18:14:32....252165.252165252166252166252166: 252165: : : : E: EEEE E    /samgraph/3rdparty/collcachelib/coll_cache_lib/facade.cc /samgraph/3rdparty/collcachelib/coll_cache_lib/facade.cc/samgraph/3rdparty/collcachelib/coll_cache_lib/facade.cc/samgraph/3rdparty/collcachelib/coll_cache_lib/facade.cc/samgraph/3rdparty/collcachelib/coll_cache_lib/facade.cc:/samgraph/3rdparty/collcachelib/coll_cache_lib/facade.cc::::202:202202202202] 202] ] ] ] 2 solved3 solved] 5 solved1 solved
0 solved

4 solved

[
[2022-12-09 18:14:32[2022-12-09 18:14:32[[[.2022-12-09 18:14:32.2022-12-09 18:14:322022-12-09 18:14:322022-12-09 18:14:32252322.252325..252328.: 252326: 252328: 252330E: E: E:  E E E/samgraph/3rdparty/collcachelib/coll_cache_lib/facade.cc /samgraph/3rdparty/collcachelib/coll_cache_lib/facade.cc /samgraph/3rdparty/collcachelib/coll_cache_lib/facade.cc :/samgraph/3rdparty/collcachelib/coll_cache_lib/facade.cc:/samgraph/3rdparty/collcachelib/coll_cache_lib/facade.cc:/samgraph/3rdparty/collcachelib/coll_cache_lib/facade.cc205:205:205:] 205] 205] 205worker 5 thread 5 initing device 5] worker 2 thread 2 initing device 2] worker 1 thread 1 initing device 1] 
worker 3 thread 3 initing device 3
worker 0 thread 0 initing device 0
worker 4 thread 4 initing device 4


[2022-12-09 18:14:34.190463: W /samgraph/samgraph/common/cuda/cuda_device.cc:49] GPU[0] alloc cuda memory 581.51 MB
[2022-12-09 18:14:35.382919: W /samgraph/samgraph/common/cuda/cuda_device.cc:49] GPU[0] alloc cuda memory 581.51 MB
/usr/local/lib/python3.8/dist-packages/torch/nn/parallel/scatter_gather.py:9: UserWarning: is_namedtuple is deprecated, please use the python checks instead
  warnings.warn("is_namedtuple is deprecated, please use the python checks instead")
/usr/local/lib/python3.8/dist-packages/torch/nn/parallel/scatter_gather.py:9: UserWarning: is_namedtuple is deprecated, please use the python checks instead
  warnings.warn("is_namedtuple is deprecated, please use the python checks instead")
/usr/local/lib/python3.8/dist-packages/torch/nn/parallel/scatter_gather.py:9: UserWarning: is_namedtuple is deprecated, please use the python checks instead
  warnings.warn("is_namedtuple is deprecated, please use the python checks instead")
/usr/local/lib/python3.8/dist-packages/torch/nn/parallel/scatter_gather.py:9: UserWarning: is_namedtuple is deprecated, please use the python checks instead
  warnings.warn("is_namedtuple is deprecated, please use the python checks instead")
/usr/local/lib/python3.8/dist-packages/torch/nn/parallel/scatter_gather.py:9: UserWarning: is_namedtuple is deprecated, please use the python checks instead
  warnings.warn("is_namedtuple is deprecated, please use the python checks instead")
/usr/local/lib/python3.8/dist-packages/torch/nn/parallel/scatter_gather.py:9: UserWarning: is_namedtuple is deprecated, please use the python checks instead
  warnings.warn("is_namedtuple is deprecated, please use the python checks instead")
