config:eval_tsp="2022-12-05 22:10:35"
config:arch=arch5
config:num_train_worker=6
config:num_sample_worker=2
config:sample_type=khop2
config:root_path=/nvme/graph-learning-copy/samgraph/
config:dataset=mag240m-homo
config:pipeline=False
config:cache_policy=coll_cache_asymm_link
config:cache_percentage=0.06
config:num_epoch=4
config:batch_size=8000
config:num_hidden=256
config:max_sampling_jobs=1
config:max_copying_jobs=1
config:barriered_epoch=1
config:presample_epoch=2
config:omp_thread_num=6
config:unsupervised=False
config:amp=True
config:rolling=0
config:fanout=[25, 10]
config:lr=0.003
config:dropout=0.5
config:single_gpu=False
config:max_num_step=100000
config:validate_configs=False
config:report_acc=0
config:dataset_path=/nvme/graph-learning-copy/samgraph/mag240m-homo
config:torch_thread_num=9
config:train_workers=['cuda:0', 'cuda:1', 'cuda:2', 'cuda:3', 'cuda:4', 'cuda:5']
config:sample_workers=['cuda:6', 'cuda:7']
config:num_fanout=2
config:num_layer=2
config:_run_mode=RunMode.FGNN
config:_log_level=warn
config:_profile_level=3
config:_empty_feat=0
config:_arch=5
config:_sample_type=5
config:_cache_policy=13
test_result:init:input_scale_factor=1.1
0 :  {link #0 : 1}, {link #1 : 2}, {link #2 : 3}, {link #3 : 4}, {link #4 : 5},
1 :  {link #0 : 2}, {link #1 : 3}, {link #2 : 4}, {link #3 : 5}, {link #4 : 0},
2 :  {link #0 : 3}, {link #1 : 4}, {link #2 : 5}, {link #3 : 0}, {link #4 : 1},
3 :  {link #0 : 4}, {link #1 : 5}, {link #2 : 0}, {link #3 : 1}, {link #4 : 2},
4 :  {link #0 : 5}, {link #1 : 0}, {link #2 : 1}, {link #3 : 2}, {link #4 : 3},
5 :  {link #0 : 0}, {link #1 : 1}, {link #2 : 2}, {link #3 : 3}, {link #4 : 4},
0 :  {link #0 : 1}, {link #1 : 2}, {link #2 : 3}, {link #3 : 4}, {link #4 : 5},
1 :  {link #0 : 2}, {link #1 : 3}, {link #2 : 4}, {link #3 : 5}, {link #4 : 0},
2 :  {link #0 : 3}, {link #1 : 4}, {link #2 : 5}, {link #3 : 0}, {link #4 : 1},
3 :  {link #0 : 4}, {link #1 : 5}, {link #2 : 0}, {link #3 : 1}, {link #4 : 2},
4 :  {link #0 : 5}, {link #1 : 0}, {link #2 : 1}, {link #3 : 2}, {link #4 : 3},
5 :  {link #0 : 0}, {link #1 : 1}, {link #2 : 2}, {link #3 : 3}, {link #4 : 4},
0 :  {link #0 : 1}, {link #1 : 2}, {link #2 : 3}, {link #3 : 4}, {link #4 : 5},
1 :  {link #0 : 2}, {link #1 : 3}, {link #2 : 4}, {link #3 : 5}, {link #4 : 0},
2 :  {link #0 : 3}, {link #1 : 4}, {link #2 : 5}, {link #3 : 0}, {link #4 : 1},
3 :  {link #0 : 4}, {link #1 : 5}, {link #2 : 0}, {link #3 : 1}, {link #4 : 2},
4 :  {link #0 : 5}, {link #1 : 0}, {link #2 : 1}, {link #3 : 2}, {link #4 : 3},
5 :  {link #0 : 0}, {link #1 : 1}, {link #2 : 2}, {link #3 : 3}, {link #4 : 4},
0 :  {link #0 : 1}, {link #1 : 2}, {link #2 : 3}, {link #3 : 4}, {link #4 : 5},
1 :  {link #0 : 2}, {link #1 : 3}, {link #2 : 4}, {link #3 : 5}, {link #4 : 0},
2 :  {link #0 : 3}, {link #1 : 4}, {link #2 : 5}, {link #3 : 0}, {link #4 : 1},
3 :  {link #0 : 4}, {link #1 : 5}, {link #2 : 0}, {link #3 : 1}, {link #4 : 2},
4 :  {link #0 : 5}, {link #1 : 0}, {link #2 : 1}, {link #3 : 2}, {link #4 : 3},
5 :  {link #0 : 0}, {link #1 : 1}, {link #2 : 2}, {link #3 : 3}, {link #4 : 4},
0 :  {link #0 : 1}, {link #1 : 2}, {link #2 : 3}, {link #3 : 4}, {link #4 : 5},
1 :  {link #0 : 2}, {link #1 : 3}, {link #2 : 4}, {link #3 : 5}, {link #4 : 0},
2 :  {link #0 : 3}, {link #1 : 4}, {link #2 : 5}, {link #3 : 0}, {link #4 : 1},
3 :  {link #0 : 4}, {link #1 : 5}, {link #2 : 0}, {link #3 : 1}, {link #4 : 2},
4 :  {link #0 : 5}, {link #1 : 0}, {link #2 : 1}, {link #3 : 2}, {link #4 : 3},
5 :  {link #0 : 0}, {link #1 : 1}, {link #2 : 2}, {link #3 : 3}, {link #4 : 4},
0 :  {link #0 : 1}, {link #1 : 2}, {link #2 : 3}, {link #3 : 4}, {link #4 : 5},
1 :  {link #0 : 2}, {link #1 : 3}, {link #2 : 4}, {link #3 : 5}, {link #4 : 0},
2 :  {link #0 : 3}, {link #1 : 4}, {link #2 : 5}, {link #3 : 0}, {link #4 : 1},
3 :  {link #0 : 4}, {link #1 : 5}, {link #2 : 0}, {link #3 : 1}, {link #4 : 2},
4 :  {link #0 : 5}, {link #1 : 0}, {link #2 : 1}, {link #3 : 2}, {link #4 : 3},
5 :  {link #0 : 0}, {link #1 : 1}, {link #2 : 2}, {link #3 : 3}, {link #4 : 4},
Set parameter WLSAccessID
Set parameter WLSSecret
Set parameter LicenseID
Set parameter TimeLimit to value 200
Set parameter MIPGap to value 0.05
Set parameter GomoryPasses to value 0
Set parameter Aggregate to value 0
Set parameter LogFile to value "cppsolver.log"
Set parameter Threads to value 12
Academic license - for non-commercial use only - registered to xiaoniu.sxn@sjtu.edu.cn
Gurobi Optimizer version 9.5.1 build v9.5.1rc2 (linux64)
Thread count: 56 physical cores, 112 logical processors, using up to 12 threads
Academic license - for non-commercial use only - registered to xiaoniu.sxn@sjtu.edu.cn
Optimize a model with 188280 rows, 37451 columns and 455448 nonzeros
Model fingerprint: 0x396b7211
Variable types: 7 continuous, 37444 integer (37444 binary)
Coefficient statistics:
  Matrix range     [9e-04, 3e+02]
  Objective range  [1e+00, 1e+00]
  Bounds range     [1e+00, 1e+00]
  RHS range        [1e+00, 1e+02]
Found heuristic solution: objective 2.000000e+09
Presolve removed 151805 rows and 0 columns
Presolve time: 0.30s
Presolved: 36475 rows, 37451 columns, 146783 nonzeros
Found heuristic solution: objective 4342.3585547
Variable types: 7 continuous, 37444 integer (37444 binary)

Deterministic concurrent LP optimizer: primal and dual simplex
Showing first log only...


Use crossover to convert LP symmetric solution to basic solution...
Concurrent spin time: 0.00s

Solved with dual simplex

Root relaxation: objective 1.336505e+02, 10731 iterations, 0.15 seconds (0.33 work units)

    Nodes    |    Current Node    |     Objective Bounds      |     Work
 Expl Unexpl |  Obj  Depth IntInf | Incumbent    BestBd   Gap | It/Node Time

     0     0  133.65048    0   99 4342.35855  133.65048  96.9%     -    3s
H    0     0                     520.7410507  133.65048  74.3%     -    3s
H    0     0                     134.7567625  133.65048  0.82%     -    3s

Explored 1 nodes (48641 simplex iterations) in 3.31 seconds (5.23 work units)
Thread count was 12 (of 112 available processors)

Solution count 4: 134.757 520.741 4342.36 2e+09 

Optimal solution found (tolerance 5.00e-02)
Best objective 1.347567624986e+02, best bound 1.336504784765e+02, gap 0.8209%
coll_cache:optimal_local_rate=0.901013,0.903906,0.900868,0.900884,0.901055,0.901102,
coll_cache:optimal_remote_rate=0.0922364,0.0893427,0.0923814,0.092365,0.0921945,0.0921474,
coll_cache:optimal_cpu_rate=0.00675089,0.00675089,0.00675089,0.00675089,0.00675089,0.00675089,
z=134.757
test_result:init:feat_nbytes=375030526464
test_result:init:cache_nbytes=22525080576
test_result:init:feat_nbytes=375030526464
test_result:init:cache_nbytes=22496702976
test_result:init:feat_nbytes=375030526464
test_result:init:cache_nbytes=21990297600
test_result:init:feat_nbytes=375030526464
test_result:init:cache_nbytes=22485671424
test_result:init:feat_nbytes=375030526464
test_result:init:cache_nbytes=22230497280
test_result:init:feat_nbytes=375030526464
test_result:init:cache_nbytes=22230497280
0 :  {link #0 : 1}, {link #1 : 2}, {link #2 : 3}, {link #3 : 4}, {link #4 : 5},
1 :  {link #0 : 2}, {link #1 : 3}, {link #2 : 4}, {link #3 : 5}, {link #4 : 0},
2 :  {link #0 : 3}, {link #1 : 4}, {link #2 : 5}, {link #3 : 0}, {link #4 : 1},
3 :  {link #0 : 4}, {link #1 : 5}, {link #2 : 0}, {link #3 : 1}, {link #4 : 2},
4 :  {link #0 : 5}, {link #1 : 0}, {link #2 : 1}, {link #3 : 2}, {link #4 : 3},
5 :  {link #0 : 0}, {link #1 : 1}, {link #2 : 2}, {link #3 : 3}, {link #4 : 4},
0 :  {link #0 : 1}, {link #1 : 2}, {link #2 : 3}, {link #3 : 4}, {link #4 : 5},
1 :  {link #0 : 2}, {link #1 : 3}, {link #2 : 4}, {link #3 : 5}, {link #4 : 0},
2 :  {link #0 : 3}, {link #1 : 4}, {link #2 : 5}, {link #3 : 0}, {link #4 : 1},
3 :  {link #0 : 4}, {link #1 : 5}, {link #2 : 0}, {link #3 : 1}, {link #4 : 2},
4 :  {link #0 : 5}, {link #1 : 0}, {link #2 : 1}, {link #3 : 2}, {link #4 : 3},
5 :  {link #0 : 0}, {link #1 : 1}, {link #2 : 2}, {link #3 : 3}, {link #4 : 4},
0 :  {link #0 : 1}, {link #1 : 2}, {link #2 : 3}, {link #3 : 4}, {link #4 : 5},
1 :  {link #0 : 2}, {link #1 : 3}, {link #2 : 4}, {link #3 : 5}, {link #4 : 0},
2 :  {link #0 : 3}, {link #1 : 4}, {link #2 : 5}, {link #3 : 0}, {link #4 : 1},
3 :  {link #0 : 4}, {link #1 : 5}, {link #2 : 0}, {link #3 : 1}, {link #4 : 2},
4 :  {link #0 : 5}, {link #1 : 0}, {link #2 : 1}, {link #3 : 2}, {link #4 : 3},
5 :  {link #0 : 0}, {link #1 : 1}, {link #2 : 2}, {link #3 : 3}, {link #4 : 4},
0 :  {link #0 : 1}, {link #1 : 2}, {link #2 : 3}, {link #3 : 4}, {link #4 : 5},
1 :  {link #0 : 2}, {link #1 : 3}, {link #2 : 4}, {link #3 : 5}, {link #4 : 0},
2 :  {link #0 : 3}, {link #1 : 4}, {link #2 : 5}, {link #3 : 0}, {link #4 : 1},
3 :  {link #0 : 4}, {link #1 : 5}, {link #2 : 0}, {link #3 : 1}, {link #4 : 2},
4 :  {link #0 : 5}, {link #1 : 0}, {link #2 : 1}, {link #3 : 2}, {link #4 : 3},
5 :  {link #0 : 0}, {link #1 : 1}, {link #2 : 2}, {link #3 : 3}, {link #4 : 4},
0 :  {link #0 : 1}, {link #1 : 2}, {link #2 : 3}, {link #3 : 4}, {link #4 : 5},
1 :  {link #0 : 2}, {link #1 : 3}, {link #2 : 4}, {link #3 : 5}, {link #4 : 0},
2 :  {link #0 : 3}, {link #1 : 4}, {link #2 : 5}, {link #3 : 0}, {link #4 : 1},
3 :  {link #0 : 4}, {link #1 : 5}, {link #2 : 0}, {link #3 : 1}, {link #4 : 2},
4 :  {link #0 : 5}, {link #1 : 0}, {link #2 : 1}, {link #3 : 2}, {link #4 : 3},
5 :  {link #0 : 0}, {link #1 : 1}, {link #2 : 2}, {link #3 : 3}, {link #4 : 4},
0 :  {link #0 : 1}, {link #1 : 2}, {link #2 : 3}, {link #3 : 4}, {link #4 : 5},
1 :  {link #0 : 2}, {link #1 : 3}, {link #2 : 4}, {link #3 : 5}, {link #4 : 0},
2 :  {link #0 : 3}, {link #1 : 4}, {link #2 : 5}, {link #3 : 0}, {link #4 : 1},
3 :  {link #0 : 4}, {link #1 : 5}, {link #2 : 0}, {link #3 : 1}, {link #4 : 2},
4 :  {link #0 : 5}, {link #1 : 0}, {link #2 : 1}, {link #3 : 2}, {link #4 : 3},
5 :  {link #0 : 0}, {link #1 : 1}, {link #2 : 2}, {link #3 : 3}, {link #4 : 4},
Set parameter WLSAccessID
Set parameter WLSSecret
Set parameter LicenseID
Set parameter TimeLimit to value 200
Set parameter MIPGap to value 0.05
Set parameter GomoryPasses to value 0
Set parameter Aggregate to value 0
Set parameter LogFile to value "cppsolver.log"
Set parameter Threads to value 12
Academic license - for non-commercial use only - registered to xiaoniu.sxn@sjtu.edu.cn
Gurobi Optimizer version 9.5.1 build v9.5.1rc2 (linux64)
Thread count: 56 physical cores, 112 logical processors, using up to 12 threads
Academic license - for non-commercial use only - registered to xiaoniu.sxn@sjtu.edu.cn
Optimize a model with 188280 rows, 37451 columns and 455448 nonzeros
Model fingerprint: 0xcaed016e
Variable types: 7 continuous, 37444 integer (37444 binary)
Coefficient statistics:
  Matrix range     [9e-04, 3e+02]
  Objective range  [1e+00, 1e+00]
  Bounds range     [1e+00, 1e+00]
  RHS range        [1e+00, 1e+02]
Found heuristic solution: objective 2.000000e+09
Presolve removed 151805 rows and 0 columns
Presolve time: 0.36s
Presolved: 36475 rows, 37451 columns, 146783 nonzeros
Found heuristic solution: objective 4299.0843696
Variable types: 7 continuous, 37444 integer (37444 binary)

Deterministic concurrent LP optimizer: primal and dual simplex
Showing first log only...


Use crossover to convert LP symmetric solution to basic solution...
Concurrent spin time: 0.07s

Solved with dual simplex

Root relaxation: objective 1.336505e+02, 10731 iterations, 0.23 seconds (0.33 work units)

    Nodes    |    Current Node    |     Objective Bounds      |     Work
 Expl Unexpl |  Obj  Depth IntInf | Incumbent    BestBd   Gap | It/Node Time

     0     0  133.65048    0  122 4299.08437  133.65048  96.9%     -    8s
H    0     0                     315.5644213  133.65048  57.6%     -    8s
H    0     0                     135.8048953  133.65048  1.59%     -    8s

Explored 1 nodes (35549 simplex iterations) in 8.71 seconds (12.92 work units)
Thread count was 12 (of 112 available processors)

Solution count 4: 135.805 315.564 4299.08 2e+09 

Optimal solution found (tolerance 5.00e-02)
Best objective 1.358048953259e+02, best bound 1.336504784765e+02, gap 1.5864%
coll_cache:optimal_local_rate=0.900797,0.900859,0.900861,0.900705,0.900853,0.906373,
coll_cache:optimal_remote_rate=0.0924286,0.092366,0.092364,0.0925208,0.0923729,0.0868522,
coll_cache:optimal_cpu_rate=0.00677456,0.00677456,0.00677456,0.00677456,0.00677456,0.00677456,
z=135.805
test_result:init:cache_nbytes=0
test_result:init:cache_nbytes=0
test_result:init:cache_nbytes=0
test_result:init:cache_nbytes=0
test_result:init:cache_nbytes=0
test_result:init:cache_nbytes=0
[Train  Worker 0/6] Started with PID 74416(NVIDIA A100-SXM4-80GB)
[Train  Worker 0] run train for 4 epochs with 144 steps
Epoch 00000 | Epoch Time 1.8447 | Total Train Time(Profiler) 1.6750 | Copy Time 0.1670
Epoch 00001 | Epoch Time 0.4308 | Total Train Time(Profiler) 0.2963 | Copy Time 0.1325
Epoch 00002 | Epoch Time 0.4317 | Total Train Time(Profiler) 0.2950 | Copy Time 0.1349
Epoch 00003 | Epoch Time 0.4316 | Total Train Time(Profiler) 0.2934 | Copy Time 0.1361
[Train  Worker 0] Avg Epoch Time 0.4314 | Train Total Time(Profiler) 0.2949 | Copy Time 0.1345
[Train  Worker 4/6] Started with PID 74427(NVIDIA A100-SXM4-80GB)
[Train  Worker 4] run train for 4 epochs with 144 steps
[Train  Worker 4] Avg Epoch Time 0.4314 | Train Total Time(Profiler) 0.2958 | Copy Time 0.1337
[Train  Worker 5/6] Started with PID 74430(NVIDIA A100-SXM4-80GB)
[Train  Worker 5] run train for 4 epochs with 144 steps
[Train  Worker 5] Avg Epoch Time 0.4314 | Train Total Time(Profiler) 0.2959 | Copy Time 0.1338
[Train  Worker 1/6] Started with PID 74418(NVIDIA A100-SXM4-80GB)
[Train  Worker 1] run train for 4 epochs with 144 steps
[Train  Worker 1] Avg Epoch Time 0.4314 | Train Total Time(Profiler) 0.2953 | Copy Time 0.1343
[Train  Worker 2/6] Started with PID 74421(NVIDIA A100-SXM4-80GB)
[Train  Worker 2] run train for 4 epochs with 144 steps
[Train  Worker 2] Avg Epoch Time 0.4314 | Train Total Time(Profiler) 0.2942 | Copy Time 0.1354
[Train  Worker 3/6] Started with PID 74424(NVIDIA A100-SXM4-80GB)
[Train  Worker 3] run train for 4 epochs with 144 steps
[Train  Worker 3] Avg Epoch Time 0.4314 | Train Total Time(Profiler) 0.2945 | Copy Time 0.1350
[Sample Worker 1/2] Started with PID 74414(NVIDIA A100-SXM4-80GB)
[Sample Worker 1] run sample for 4 epochs with 72 steps
[Sample Worker 1] Avg Sample Total Time 0.2030 | Sampler Total Time(Profiler) 0.2025
    [Step(average) Profiler Level 1 E3 S71]
        L1  sample           0.001733 | send           0.001038
        L1  recv             0.000000 | copy           0.000000 | convert time 0.000000 | train  0.000000
        L1  feature nbytes 0.00 Bytes | label nbytes 0.00 Bytes
        L1  id nbytes      0.00 Bytes | graph nbytes 0.00 Bytes
        L1  miss nbytes    0.00 Bytes | remote nbytes 0.00 Bytes
        L1  num nodes         1052756 | num samples     1460209
    [Step(average) Profiler Level 2 E3 S71]
        L2  shuffle     0.000197 | core sample  0.000601 | id remap        0.000830
        L2  graph copy  0.000000 | id copy      0.000000 | cache feat copy 0.000000
        L2  last layer sample time 0.000277 | size 65748.375000
    [Step(average) Profiler Level 3 E3 S71]
        L3  khop sample coo  0.000346 | khop sort coo      0.000000 | khop count edge     0.000036 | khop compact edge 0.000184
        L3  walk sample coo  0.000000 | walk topk total    0.000000 | walk topk step1     0.000000 | walk topk step2   0.000000
        L3  walk topk step3  0.000000 | walk topk step4    0.000000 | walk topk step5     0.000000
        L3  walk topk step6  0.000000 | walk topk step7    0.000000
        L3  remap unique     0.000000 | remap populate     0.000666 | remap mapnode       0.000000 | remap mapedge     0.000163
        L3  cache get_index  0.000000 | cache copy_index   0.000000 | cache extract_miss  0.000000
        L3  cache copy_miss  0.000000 | cache combine_miss 0.000000 | cache combine cache 0.000000 | cache combine remote 0.000000
        L3  label extract  0.000000
    [Init Profiler Level 1]
        L1  init     3.7286 | sampler init     8.6107 | trainer init 0.0000
    [Init Profiler Level 2]
        L2  load ds         5.2368 | init queue           2.2339
        L2  presample       3.2075 | build interal ds     1.6597
        L2  build cache     0.0000
    [Init Profiler Level 3]
        L3  load dataset: mmap     3.7270 | copy         1.5098
        L3  dist queue: alloc      0.0008 | pin          2.2331 | push     0.0000
        L3  presample: init        0.3055
        L3  presample: sample      0.4621 | copy         0.0504
        L3  presample: count       1.5459 | sort         0.4149
        L3  presample: reset       0.0004 | get rank     0.0549
        L3  internal: cuda ctx     1.4693 | cuda stream     0.1872
[Sample Worker 0/2] Started with PID 74413(NVIDIA A100-SXM4-80GB)
[Sample Worker 0] run sample for 4 epochs with 72 steps
[Sample Worker 0] Avg Sample Total Time 0.2018 | Sampler Total Time(Profiler) 0.1995
test_result:sample_time=0.1247
test_result:get_cache_miss_index_time=0.0000
test_result:enqueue_samples_time=0.0747
test_result:epoch_time:sample_total=0.2018
[CUDA] cuda0: usage: 32.92 GB
[SAM] cuda0 data alloc        : 0.00 Bytes
[SAM] cuda0 workspace         : 3.34 GB
[SAM] cuda0 workspace reserve : 1.66 GB
[SAM] cuda0 total             : 3.34 GB
    [Step(average) Profiler Level 1 E3 S143]
        L1  sample           0.000000 | send           0.000000
        L1  recv             0.001309 | copy           0.005603 | convert time 0.000303 | train  0.011993
        L1  feature nbytes    1.51 GB | label nbytes   62.50 KB
        L1  id nbytes      0.00 Bytes | graph nbytes 0.00 Bytes
        L1  miss nbytes      27.26 MB | remote nbytes  133.29 MB
        L1  num nodes               0 | num samples           0
    [Step(average) Profiler Level 2 E3 S143]
        L2  shuffle     0.000000 | core sample  0.000000 | id remap        0.000000
        L2  graph copy  0.000003 | id copy      0.000000 | cache feat copy 0.004290
        L2  last layer sample time 0.000000 | size 0.000000
    [Step(average) Profiler Level 3 E3 S143]
        L3  khop sample coo  0.000000 | khop sort coo      0.000000 | khop count edge     0.000000 | khop compact edge 0.000000
        L3  walk sample coo  0.000000 | walk topk total    0.000000 | walk topk step1     0.000000 | walk topk step2   0.000000
        L3  walk topk step3  0.000000 | walk topk step4    0.000000 | walk topk step5     0.000000
        L3  walk topk step6  0.000000 | walk topk step7    0.000000
        L3  remap unique     0.000000 | remap populate     0.000000 | remap mapnode       0.000000 | remap mapedge     0.000000
        L3  cache get_index  0.000349 | cache copy_index   0.000000 | cache extract_miss  0.000000
        L3  cache copy_miss  0.000000 | cache combine_miss 0.002312 | cache combine cache 0.003098 | cache combine remote 0.000665
        L3  label extract  0.000168
    [Init Profiler Level 1]
        L1  init     3.7286 | sampler init     0.0000 | trainer init 161.4634
    [Init Profiler Level 2]
        L2  load ds         3.7270 | init queue           2.2604
        L2  presample       0.0000 | build interal ds     1.5425
        L2  build cache   157.6563
    [Init Profiler Level 3]
        L3  load dataset: mmap     3.7270 | copy         0.0000
        L3  dist queue: alloc      0.0008 | pin          2.2596 | push     0.0000
        L3  presample: init        0.0000
        L3  presample: sample      0.0000 | copy         0.0000
        L3  presample: count       0.0000 | sort         0.0000
        L3  presample: reset       0.0000 | get rank     0.0000
        L3  internal: cuda ctx     1.5425 | cuda stream     0.0000
|===========================================================================|
|                  PyTorch CUDA memory summary, device ID 0                 |
|---------------------------------------------------------------------------|
|            CUDA OOMs: 0            |        cudaMalloc retries: 0         |
|===========================================================================|
|        Metric         | Cur Usage  | Peak Usage | Tot Alloc  | Tot Freed  |
|---------------------------------------------------------------------------|
| Allocated memory      |   42147 KB |  730477 KB |  207539 MB |  207498 MB |
|       from large pool |   32517 KB |  727444 KB |  206101 MB |  206069 MB |
|       from small pool |    9630 KB |   11956 KB |    1437 MB |    1428 MB |
|---------------------------------------------------------------------------|
| Active memory         |   42147 KB |  730477 KB |  207539 MB |  207498 MB |
|       from large pool |   32517 KB |  727444 KB |  206101 MB |  206069 MB |
|       from small pool |    9630 KB |   11956 KB |    1437 MB |    1428 MB |
|---------------------------------------------------------------------------|
| GPU reserved memory   |     880 MB |     880 MB |     880 MB |       0 B  |
|       from large pool |     864 MB |     864 MB |     864 MB |       0 B  |
|       from small pool |      16 MB |      16 MB |      16 MB |       0 B  |
|---------------------------------------------------------------------------|
| Non-releasable memory |   15196 KB |  708923 KB |  149052 MB |  149037 MB |
|       from large pool |   12539 KB |  705568 KB |  147524 MB |  147512 MB |
|       from small pool |    2657 KB |    5983 KB |    1527 MB |    1525 MB |
|---------------------------------------------------------------------------|
| Allocations           |      42    |      57    |   11560    |   11518    |
|       from large pool |       7    |      18    |    4995    |    4988    |
|       from small pool |      35    |      41    |    6565    |    6530    |
|---------------------------------------------------------------------------|
| Active allocs         |      43    |      57    |   11560    |   11517    |
|       from large pool |       7    |      18    |    4995    |    4988    |
|       from small pool |      36    |      41    |    6565    |    6529    |
|---------------------------------------------------------------------------|
| GPU reserved segments |      18    |      18    |      18    |       0    |
|       from large pool |      10    |      10    |      10    |       0    |
|       from small pool |       8    |       8    |       8    |       0    |
|---------------------------------------------------------------------------|
| Non-releasable allocs |      14    |      29    |    5548    |    5534    |
|       from large pool |       3    |      13    |    3338    |    3335    |
|       from small pool |      11    |      21    |    2210    |    2199    |
|---------------------------------------------------------------------------|
| Oversize allocations  |       0    |       0    |       0    |       0    |
|---------------------------------------------------------------------------|
| Oversize GPU segments |       0    |       0    |       0    |       0    |
|===========================================================================|

test_result:epoch_time:copy_time=0.1345
test_result:convert_time=0.0077
test_result:train_time=0.2872
test_result:epoch_time:train_total=0.2949
test_result:cache_percentage=0.0600
test_result:cache_hit_rate=1.0000
test_result:run_time=3.9563
