config:eval_tsp="2022-12-05 20:50:50"
config:arch=arch5
config:num_train_worker=6
config:num_sample_worker=2
config:sample_type=khop2
config:root_path=/nvme/graph-learning-copy/samgraph/
config:dataset=papers100M-undir
config:pipeline=False
config:cache_policy=rep
config:cache_percentage=0.25
config:num_epoch=4
config:batch_size=8000
config:num_hidden=256
config:max_sampling_jobs=1
config:max_copying_jobs=1
config:barriered_epoch=1
config:presample_epoch=2
config:omp_thread_num=6
config:unsupervised=False
config:amp=True
config:rolling=0
config:fanout=[25, 10]
config:lr=0.003
config:dropout=0.5
config:single_gpu=False
config:max_num_step=100000
config:validate_configs=False
config:report_acc=0
config:dataset_path=/nvme/graph-learning-copy/samgraph/papers100M-undir
config:torch_thread_num=9
config:train_workers=['cuda:0', 'cuda:1', 'cuda:2', 'cuda:3', 'cuda:4', 'cuda:5']
config:sample_workers=['cuda:6', 'cuda:7']
config:num_fanout=2
config:num_layer=2
config:_run_mode=RunMode.FGNN
config:_log_level=warn
config:_profile_level=3
config:_empty_feat=0
config:_arch=5
config:_sample_type=5
config:_cache_policy=12
test_result:init:input_scale_factor=1.1
0 :  {link #0 : 1}, {link #1 : 2}, {link #2 : 3}, {link #3 : 4}, {link #4 : 5},
1 :  {link #0 : 2}, {link #1 : 3}, {link #2 : 4}, {link #3 : 5}, {link #4 : 0},
2 :  {link #0 : 3}, {link #1 : 4}, {link #2 : 5}, {link #3 : 0}, {link #4 : 1},
3 :  {link #0 : 4}, {link #1 : 5}, {link #2 : 0}, {link #3 : 1}, {link #4 : 2},
4 :  {link #0 : 5}, {link #1 : 0}, {link #2 : 1}, {link #3 : 2}, {link #4 : 3},
5 :  {link #0 : 0}, {link #1 : 1}, {link #2 : 2}, {link #3 : 3}, {link #4 : 4},
0 :  {link #0 : 1}, {link #1 : 2}, {link #2 : 3}, {link #3 : 4}, {link #4 : 5},
1 :  {link #0 : 2}, {link #1 : 3}, {link #2 : 4}, {link #3 : 5}, {link #4 : 0},
2 :  {link #0 : 3}, {link #1 : 4}, {link #2 : 5}, {link #3 : 0}, {link #4 : 1},
3 :  {link #0 : 4}, {link #1 : 5}, {link #2 : 0}, {link #3 : 1}, {link #4 : 2},
4 :  {link #0 : 5}, {link #1 : 0}, {link #2 : 1}, {link #3 : 2}, {link #4 : 3},
5 :  {link #0 : 0}, {link #1 : 1}, {link #2 : 2}, {link #3 : 3}, {link #4 : 4},
0 :  {link #0 : 1}, {link #1 : 2}, {link #2 : 3}, {link #3 : 4}, {link #4 : 5},
1 :  {link #0 : 2}, {link #1 : 3}, {link #2 : 4}, {link #3 : 5}, {link #4 : 0},
2 :  {link #0 : 3}, {link #1 : 4}, {link #2 : 5}, {link #3 : 0}, {link #4 : 1},
3 :  {link #0 : 4}, {link #1 : 5}, {link #2 : 0}, {link #3 : 1}, {link #4 : 2},
4 :  {link #0 : 5}, {link #1 : 0}, {link #2 : 1}, {link #3 : 2}, {link #4 : 3},
5 :  {link #0 : 0}, {link #1 : 1}, {link #2 : 2}, {link #3 : 3}, {link #4 : 4},
0 :  {link #0 : 1}, {link #1 : 2}, {link #2 : 3}, {link #3 : 4}, {link #4 : 5},
1 :  {link #0 : 2}, {link #1 : 3}, {link #2 : 4}, {link #3 : 5}, {link #4 : 0},
2 :  {link #0 : 3}, {link #1 : 4}, {link #2 : 5}, {link #3 : 0}, {link #4 : 1},
3 :  {link #0 : 4}, {link #1 : 5}, {link #2 : 0}, {link #3 : 1}, {link #4 : 2},
4 :  {link #0 : 5}, {link #1 : 0}, {link #2 : 1}, {link #3 : 2}, {link #4 : 3},
5 :  {link #0 : 0}, {link #1 : 1}, {link #2 : 2}, {link #3 : 3}, {link #4 : 4},
0 :  {link #0 : 1}, {link #1 : 2}, {link #2 : 3}, {link #3 : 4}, {link #4 : 5},
1 :  {link #0 : 2}, {link #1 : 3}, {link #2 : 4}, {link #3 : 5}, {link #4 : 0},
2 :  {link #0 : 3}, {link #1 : 4}, {link #2 : 5}, {link #3 : 0}, {link #4 : 1},
3 :  {link #0 : 4}, {link #1 : 5}, {link #2 : 0}, {link #3 : 1}, {link #4 : 2},
4 :  {link #0 : 5}, {link #1 : 0}, {link #2 : 1}, {link #3 : 2}, {link #4 : 3},
5 :  {link #0 : 0}, {link #1 : 1}, {link #2 : 2}, {link #3 : 3}, {link #4 : 4},
0 :  {link #0 : 1}, {link #1 : 2}, {link #2 : 3}, {link #3 : 4}, {link #4 : 5},
1 :  {link #0 : 2}, {link #1 : 3}, {link #2 : 4}, {link #3 : 5}, {link #4 : 0},
2 :  {link #0 : 3}, {link #1 : 4}, {link #2 : 5}, {link #3 : 0}, {link #4 : 1},
3 :  {link #0 : 4}, {link #1 : 5}, {link #2 : 0}, {link #3 : 1}, {link #4 : 2},
4 :  {link #0 : 5}, {link #1 : 0}, {link #2 : 1}, {link #3 : 2}, {link #4 : 3},
5 :  {link #0 : 0}, {link #1 : 1}, {link #2 : 2}, {link #3 : 3}, {link #4 : 4},
coll_cache:optimal_rep_storage=0.25
coll_cache:optimal_part_storage=0
coll_cache:optimal_cpu_storage=0.75
coll_cache:optimal_local_storage=0.25
coll_cache:optimal_remote_storage=0
coll_cache:optimal_local_rate=1
coll_cache:optimal_remote_rate=0
coll_cache:optimal_cpu_rate=0
z=299.798
test_result:init:feat_nbytes=56862697472
test_result:init:cache_nbytes=14215674368
0 :  {link #0 : 1}, {link #1 : 2}, {link #2 : 3}, {link #3 : 4}, {link #4 : 5},
1 :  {link #0 : 2}, {link #1 : 3}, {link #2 : 4}, {link #3 : 5}, {link #4 : 0},
2 :  {link #0 : 3}, {link #1 : 4}, {link #2 : 5}, {link #3 : 0}, {link #4 : 1},
3 :  {link #0 : 4}, {link #1 : 5}, {link #2 : 0}, {link #3 : 1}, {link #4 : 2},
4 :  {link #0 : 5}, {link #1 : 0}, {link #2 : 1}, {link #3 : 2}, {link #4 : 3},
5 :  {link #0 : 0}, {link #1 : 1}, {link #2 : 2}, {link #3 : 3}, {link #4 : 4},
test_result:init:feat_nbytes=56862697472
test_result:init:cache_nbytes=14215674368
0 :  {link #0 : 1}, {link #1 : 2}, {link #2 : 3}, {link #3 : 4}, {link #4 : 5},
1 :  {link #0 : 2}, {link #1 : 3}, {link #2 : 4}, {link #3 : 5}, {link #4 : 0},
2 :  {link #0 : 3}, {link #1 : 4}, {link #2 : 5}, {link #3 : 0}, {link #4 : 1},
3 :  {link #0 : 4}, {link #1 : 5}, {link #2 : 0}, {link #3 : 1}, {link #4 : 2},
4 :  {link #0 : 5}, {link #1 : 0}, {link #2 : 1}, {link #3 : 2}, {link #4 : 3},
5 :  {link #0 : 0}, {link #1 : 1}, {link #2 : 2}, {link #3 : 3}, {link #4 : 4},
test_result:init:feat_nbytes=56862697472
test_result:init:cache_nbytes=14215674368
0 :  {link #0 : 1}, {link #1 : 2}, {link #2 : 3}, {link #3 : 4}, {link #4 : 5},
1 :  {link #0 : 2}, {link #1 : 3}, {link #2 : 4}, {link #3 : 5}, {link #4 : 0},
2 :  {link #0 : 3}, {link #1 : 4}, {link #2 : 5}, {link #3 : 0}, {link #4 : 1},
3 :  {link #0 : 4}, {link #1 : 5}, {link #2 : 0}, {link #3 : 1}, {link #4 : 2},
4 :  {link #0 : 5}, {link #1 : 0}, {link #2 : 1}, {link #3 : 2}, {link #4 : 3},
5 :  {link #0 : 0}, {link #1 : 1}, {link #2 : 2}, {link #3 : 3}, {link #4 : 4},
test_result:init:feat_nbytes=56862697472
test_result:init:cache_nbytes=14215674368
0 :  {link #0 : 1}, {link #1 : 2}, {link #2 : 3}, {link #3 : 4}, {link #4 : 5},
1 :  {link #0 : 2}, {link #1 : 3}, {link #2 : 4}, {link #3 : 5}, {link #4 : 0},
2 :  {link #0 : 3}, {link #1 : 4}, {link #2 : 5}, {link #3 : 0}, {link #4 : 1},
3 :  {link #0 : 4}, {link #1 : 5}, {link #2 : 0}, {link #3 : 1}, {link #4 : 2},
4 :  {link #0 : 5}, {link #1 : 0}, {link #2 : 1}, {link #3 : 2}, {link #4 : 3},
5 :  {link #0 : 0}, {link #1 : 1}, {link #2 : 2}, {link #3 : 3}, {link #4 : 4},
test_result:init:feat_nbytes=56862697472
test_result:init:cache_nbytes=14215674368
0 :  {link #0 : 1}, {link #1 : 2}, {link #2 : 3}, {link #3 : 4}, {link #4 : 5},
1 :  {link #0 : 2}, {link #1 : 3}, {link #2 : 4}, {link #3 : 5}, {link #4 : 0},
2 :  {link #0 : 3}, {link #1 : 4}, {link #2 : 5}, {link #3 : 0}, {link #4 : 1},
3 :  {link #0 : 4}, {link #1 : 5}, {link #2 : 0}, {link #3 : 1}, {link #4 : 2},
4 :  {link #0 : 5}, {link #1 : 0}, {link #2 : 1}, {link #3 : 2}, {link #4 : 3},
5 :  {link #0 : 0}, {link #1 : 1}, {link #2 : 2}, {link #3 : 3}, {link #4 : 4},
test_result:init:feat_nbytes=56862697472
test_result:init:cache_nbytes=14215674368
0 :  {link #0 : 1}, {link #1 : 2}, {link #2 : 3}, {link #3 : 4}, {link #4 : 5},
1 :  {link #0 : 2}, {link #1 : 3}, {link #2 : 4}, {link #3 : 5}, {link #4 : 0},
2 :  {link #0 : 3}, {link #1 : 4}, {link #2 : 5}, {link #3 : 0}, {link #4 : 1},
3 :  {link #0 : 4}, {link #1 : 5}, {link #2 : 0}, {link #3 : 1}, {link #4 : 2},
4 :  {link #0 : 5}, {link #1 : 0}, {link #2 : 1}, {link #3 : 2}, {link #4 : 3},
5 :  {link #0 : 0}, {link #1 : 1}, {link #2 : 2}, {link #3 : 3}, {link #4 : 4},
coll_cache:optimal_rep_storage=0.25
coll_cache:optimal_part_storage=0
coll_cache:optimal_cpu_storage=0.75
coll_cache:optimal_local_storage=0.25
coll_cache:optimal_remote_storage=0
coll_cache:optimal_local_rate=1
coll_cache:optimal_remote_rate=0
coll_cache:optimal_cpu_rate=0
z=299.798
test_result:init:cache_nbytes=0
test_result:init:cache_nbytes=0
test_result:init:cache_nbytes=0
test_result:init:cache_nbytes=0
test_result:init:cache_nbytes=0
test_result:init:cache_nbytes=0
[Train  Worker 4/6] Started with PID 51386(NVIDIA A100-SXM4-80GB)
[Train  Worker 4] run train for 4 epochs with 156 steps
[Train  Worker 4] Avg Epoch Time 0.2772 | Train Total Time(Profiler) 0.1515 | Copy Time 0.1239
[Train  Worker 2/6] Started with PID 51380(NVIDIA A100-SXM4-80GB)
[Train  Worker 2] run train for 4 epochs with 156 steps
[Train  Worker 2] Avg Epoch Time 0.2771 | Train Total Time(Profiler) 0.1526 | Copy Time 0.1228
[Train  Worker 5/6] Started with PID 51389(NVIDIA A100-SXM4-80GB)
[Train  Worker 5] run train for 4 epochs with 156 steps
[Train  Worker 5] Avg Epoch Time 0.2772 | Train Total Time(Profiler) 0.1513 | Copy Time 0.1241
[Train  Worker 0/6] Started with PID 51375(NVIDIA A100-SXM4-80GB)
[Train  Worker 0] run train for 4 epochs with 156 steps
Epoch 00000 | Epoch Time 1.5938 | Total Train Time(Profiler) 1.4524 | Copy Time 0.1391
Epoch 00001 | Epoch Time 0.2809 | Total Train Time(Profiler) 0.1553 | Copy Time 0.1237
Epoch 00002 | Epoch Time 0.2750 | Total Train Time(Profiler) 0.1484 | Copy Time 0.1250
Epoch 00003 | Epoch Time 0.2756 | Total Train Time(Profiler) 0.1502 | Copy Time 0.1236
[Train  Worker 0] Avg Epoch Time 0.2772 | Train Total Time(Profiler) 0.1513 | Copy Time 0.1241
[Train  Worker 1/6] Started with PID 51377(NVIDIA A100-SXM4-80GB)
[Train  Worker 1] run train for 4 epochs with 156 steps
[Train  Worker 1] Avg Epoch Time 0.2772 | Train Total Time(Profiler) 0.1509 | Copy Time 0.1245
[Train  Worker 3/6] Started with PID 51383(NVIDIA A100-SXM4-80GB)
[Train  Worker 3] run train for 4 epochs with 156 steps
[Train  Worker 3] Avg Epoch Time 0.2772 | Train Total Time(Profiler) 0.1522 | Copy Time 0.1232
[Sample Worker 1/2] Started with PID 51373(NVIDIA A100-SXM4-80GB)
[Sample Worker 1] run sample for 4 epochs with 78 steps
[Sample Worker 1] Avg Sample Total Time 0.2148 | Sampler Total Time(Profiler) 0.2142
    [Step(average) Profiler Level 1 E3 S77]
        L1  sample           0.001825 | send           0.000929
        L1  recv             0.000000 | copy           0.000000 | convert time 0.000000 | train  0.000000
        L1  feature nbytes 0.00 Bytes | label nbytes 0.00 Bytes
        L1  id nbytes      0.00 Bytes | graph nbytes 0.00 Bytes
        L1  miss nbytes    0.00 Bytes | remote nbytes 0.00 Bytes
        L1  num nodes         1099527 | num samples     1708609
    [Step(average) Profiler Level 2 E3 S77]
        L2  shuffle     0.000192 | core sample  0.000642 | id remap        0.000877
        L2  graph copy  0.000000 | id copy      0.000000 | cache feat copy 0.000000
        L2  last layer sample time 0.000278 | size 72308.726496
    [Step(average) Profiler Level 3 E3 S77]
        L3  khop sample coo  0.000375 | khop sort coo      0.000000 | khop count edge     0.000036 | khop compact edge 0.000195
        L3  walk sample coo  0.000000 | walk topk total    0.000000 | walk topk step1     0.000000 | walk topk step2   0.000000
        L3  walk topk step3  0.000000 | walk topk step4    0.000000 | walk topk step5     0.000000
        L3  walk topk step6  0.000000 | walk topk step7    0.000000
        L3  remap unique     0.000000 | remap populate     0.000697 | remap mapnode       0.000000 | remap mapedge     0.000179
        L3  cache get_index  0.000000 | cache copy_index   0.000000 | cache extract_miss  0.000000
        L3  cache copy_miss  0.000000 | cache combine_miss 0.000000 | cache combine cache 0.000000 | cache combine remote 0.000000
        L3  label extract  0.000000
    [Init Profiler Level 1]
        L1  init     3.7302 | sampler init     8.4881 | trainer init 0.0000
    [Init Profiler Level 2]
        L2  load ds         5.3909 | init queue           2.4758
        L2  presample       2.7106 | build interal ds     1.6398
        L2  build cache     0.0000
    [Init Profiler Level 3]
        L3  load dataset: mmap     3.7284 | copy         1.6625
        L3  dist queue: alloc      0.0008 | pin          2.4749 | push     0.0000
        L3  presample: init        0.1484
        L3  presample: sample      0.5587 | copy         0.0568
        L3  presample: count       1.6003 | sort         0.1584
        L3  presample: reset       0.0005 | get rank     0.0192
        L3  internal: cuda ctx     1.4514 | cuda stream     0.1847
[Sample Worker 0/2] Started with PID 51372(NVIDIA A100-SXM4-80GB)
[Sample Worker 0] run sample for 4 epochs with 78 steps
[Sample Worker 0] Avg Sample Total Time 0.2155 | Sampler Total Time(Profiler) 0.2148
test_result:sample_time=0.1424
test_result:get_cache_miss_index_time=0.0000
test_result:enqueue_samples_time=0.0725
test_result:epoch_time:sample_total=0.2155
[CUDA] cuda0: usage: 17.86 GB
[SAM] cuda0 data alloc        : 0.00 Bytes
[SAM] cuda0 workspace         : 1.18 GB
[SAM] cuda0 workspace reserve : 603.47 MB
[SAM] cuda0 total             : 1.18 GB
    [Step(average) Profiler Level 1 E3 S155]
        L1  sample           0.000000 | send           0.000000
        L1  recv             0.001456 | copy           0.004760 | convert time 0.000281 | train  0.005551
        L1  feature nbytes  536.83 MB | label nbytes   62.50 KB
        L1  id nbytes      0.00 Bytes | graph nbytes 0.00 Bytes
        L1  miss nbytes    0.00 Bytes | remote nbytes 0.00 Bytes
        L1  num nodes               0 | num samples           0
    [Step(average) Profiler Level 2 E3 S155]
        L2  shuffle     0.000000 | core sample  0.000000 | id remap        0.000000
        L2  graph copy  0.000003 | id copy      0.000000 | cache feat copy 0.003301
        L2  last layer sample time 0.000000 | size 0.000000
    [Step(average) Profiler Level 3 E3 S155]
        L3  khop sample coo  0.000000 | khop sort coo      0.000000 | khop count edge     0.000000 | khop compact edge 0.000000
        L3  walk sample coo  0.000000 | walk topk total    0.000000 | walk topk step1     0.000000 | walk topk step2   0.000000
        L3  walk topk step3  0.000000 | walk topk step4    0.000000 | walk topk step5     0.000000
        L3  walk topk step6  0.000000 | walk topk step7    0.000000
        L3  remap unique     0.000000 | remap populate     0.000000 | remap mapnode       0.000000 | remap mapedge     0.000000
        L3  cache get_index  0.000000 | cache copy_index   0.000000 | cache extract_miss  0.000000
        L3  cache copy_miss  0.000000 | cache combine_miss 0.000000 | cache combine cache 0.003117 | cache combine remote 0.000000
        L3  label extract  0.000178
    [Init Profiler Level 1]
        L1  init     3.7302 | sampler init     0.0000 | trainer init 24.9949
    [Init Profiler Level 2]
        L2  load ds         3.7284 | init queue           2.4911
        L2  presample       0.0000 | build interal ds     1.5716
        L2  build cache    20.9270
    [Init Profiler Level 3]
        L3  load dataset: mmap     3.7284 | copy         0.0000
        L3  dist queue: alloc      0.0008 | pin          2.4903 | push     0.0000
        L3  presample: init        0.0000
        L3  presample: sample      0.0000 | copy         0.0000
        L3  presample: count       0.0000 | sort         0.0000
        L3  presample: reset       0.0000 | get rank     0.0000
        L3  internal: cuda ctx     1.5715 | cuda stream     0.0000
|===========================================================================|
|                  PyTorch CUDA memory summary, device ID 0                 |
|---------------------------------------------------------------------------|
|            CUDA OOMs: 0            |        cudaMalloc retries: 0         |
|===========================================================================|
|        Metric         | Cur Usage  | Peak Usage | Tot Alloc  | Tot Freed  |
|---------------------------------------------------------------------------|
| Allocated memory      |   22879 KB |  403180 KB |  147995 MB |  147973 MB |
|       from large pool |   18203 KB |  399794 KB |  146918 MB |  146900 MB |
|       from small pool |    4676 KB |    7115 KB |    1077 MB |    1072 MB |
|---------------------------------------------------------------------------|
| Active memory         |   22879 KB |  403180 KB |  147995 MB |  147973 MB |
|       from large pool |   18203 KB |  399794 KB |  146918 MB |  146900 MB |
|       from small pool |    4676 KB |    7115 KB |    1077 MB |    1072 MB |
|---------------------------------------------------------------------------|
| GPU reserved memory   |  577536 KB |  577536 KB |  577536 KB |       0 B  |
|       from large pool |  569344 KB |  569344 KB |  569344 KB |       0 B  |
|       from small pool |    8192 KB |    8192 KB |    8192 KB |       0 B  |
|---------------------------------------------------------------------------|
| Non-releasable memory |   24224 KB |  369006 KB |  168401 MB |  168377 MB |
|       from large pool |   22757 KB |  367185 KB |  167167 MB |  167145 MB |
|       from small pool |    1467 KB |    3606 KB |    1233 MB |    1231 MB |
|---------------------------------------------------------------------------|
| Allocations           |      38    |      51    |   11583    |   11545    |
|       from large pool |       3    |      14    |    4576    |    4573    |
|       from small pool |      35    |      39    |    7007    |    6972    |
|---------------------------------------------------------------------------|
| Active allocs         |      39    |      51    |   11583    |   11544    |
|       from large pool |       3    |      14    |    4576    |    4573    |
|       from small pool |      36    |      39    |    7007    |    6971    |
|---------------------------------------------------------------------------|
| GPU reserved segments |      13    |      13    |      13    |       0    |
|       from large pool |       9    |       9    |       9    |       0    |
|       from small pool |       4    |       4    |       4    |       0    |
|---------------------------------------------------------------------------|
| Non-releasable allocs |      12    |      24    |    5314    |    5302    |
|       from large pool |       4    |      12    |    2629    |    2625    |
|       from small pool |       8    |      16    |    2685    |    2677    |
|---------------------------------------------------------------------------|
| Oversize allocations  |       0    |       0    |       0    |       0    |
|---------------------------------------------------------------------------|
| Oversize GPU segments |       0    |       0    |       0    |       0    |
|===========================================================================|

test_result:epoch_time:copy_time=0.1241
test_result:convert_time=0.0072
test_result:train_time=0.1441
test_result:epoch_time:train_total=0.1513
test_result:cache_percentage=0.2500
test_result:cache_hit_rate=1.0000
test_result:run_time=3.3304
