[2022-12-06 06:55:48.771217: W /samgraph/samgraph/common/cpu/mmap_cpu_device.cc:92] mmap allocating space 12.87 GB
[2022-12-06 06:55:48.771300: W /samgraph/samgraph/common/cpu/mmap_cpu_device.cc:97] mmap allocating space 12.87 GB done
[2022-12-06 06:55:52.419638: W /samgraph/samgraph/common/cpu/mmap_cpu_device.cc:92] mmap allocating space 349.28 GB
[2022-12-06 06:55:52.419715: W /samgraph/samgraph/common/cpu/mmap_cpu_device.cc:97] mmap allocating space 349.28 GB done
[2022-12-06 06:55:52.419734: W /samgraph/samgraph/common/cpu/mmap_cpu_device.cc:92] mmap allocating space 1.82 GB
[2022-12-06 06:55:52.419748: W /samgraph/samgraph/common/cpu/mmap_cpu_device.cc:97] mmap allocating space 1.82 GB done
[2022-12-06 06:55:52.422278: W /samgraph/samgraph/common/cpu/mmap_cpu_device.cc:92] mmap allocating space 15.15 GB
[2022-12-06 06:55:52.422314: W /samgraph/samgraph/common/cpu/mmap_cpu_device.cc:97] mmap allocating space 15.15 GB done
/usr/lib/python3/dist-packages/requests/__init__.py:89: RequestsDependencyWarning: urllib3 (1.26.12) or chardet (3.0.4) doesn't match a supported version!
  warnings.warn("urllib3 ({}) or chardet ({}) doesn't match a supported "
[2022-12-06 06:55:53.694245: W /samgraph/samgraph/common/dist/dist_engine.cc:662] Trainer[0] initializing...
[2022-12-06 06:55:53.712878: W /samgraph/samgraph/common/dist/dist_engine.cc:662] Trainer[3] initializing...
[2022-12-06 06:55:53.752433: W /samgraph/samgraph/common/dist/dist_engine.cc:662] Trainer[5] initializing...
[2022-12-06 06:55:53.791339: W /samgraph/samgraph/common/dist/dist_engine.cc:662] Trainer[2] initializing...
[2022-12-06 06:55:53.859030: W /samgraph/samgraph/common/dist/dist_engine.cc:662] Trainer[4] initializing...
[2022-12-06 06:55:53.897533: W /samgraph/samgraph/common/dist/dist_engine.cc:662] Trainer[1] initializing...
[2022-12-06 06:55:55.265931: W /samgraph/samgraph/common/dist/dist_engine.cc:666] Trainer[0] pin memory queue...
[2022-12-06 06:55:55.266574: W /samgraph/samgraph/common/dist/dist_engine.cc:666] Trainer[3] pin memory queue...
[2022-12-06 06:55:55.288498: W /samgraph/samgraph/common/dist/dist_engine.cc:666] Trainer[5] pin memory queue...
[2022-12-06 06:55:55.299676: W /samgraph/samgraph/common/dist/dist_engine.cc:666] Trainer[4] pin memory queue...
[2022-12-06 06:55:55.302260: W /samgraph/samgraph/common/dist/dist_engine.cc:666] Trainer[1] pin memory queue...
[2022-12-06 06:55:55.302711: W /samgraph/samgraph/common/dist/dist_engine.cc:666] Trainer[2] pin memory queue...
[2022-12-06 06:56:00. 20529: E /samgraph/samgraph/common/dist/dist_engine.cc:85] Running on A100
[2022-12-06 06:56:00. 20947: E /samgraph/samgraph/common/dist/dist_engine.cc:85] Running on A100
[2022-12-06 06:56:00. 21703: W /samgraph/samgraph/common/dist/dist_engine.cc:701] Trainer[5] register host memory...
[2022-12-06 06:56:00. 21780: W /samgraph/samgraph/common/dist/dist_engine.cc:701] Trainer[4] register host memory...
[2022-12-06 06:56:00. 22193: E /samgraph/samgraph/common/dist/dist_engine.cc:85] Running on A100
[2022-12-06 06:56:00. 23010: W /samgraph/samgraph/common/dist/dist_engine.cc:701] Trainer[1] register host memory...
[2022-12-06 06:56:00. 25965: E /samgraph/samgraph/common/dist/dist_engine.cc:85] Running on A100
[2022-12-06 06:56:00. 26440: W /samgraph/samgraph/common/dist/dist_engine.cc:701] Trainer[3] register host memory...
[2022-12-06 06:56:00. 39980: E /samgraph/samgraph/common/dist/dist_engine.cc:85] Running on A100
[2022-12-06 06:56:00. 40031: W /samgraph/samgraph/common/dist/dist_engine.cc:701] Trainer[2] register host memory...
[2022-12-06 06:56:00. 40980: E /samgraph/samgraph/common/dist/dist_engine.cc:85] Running on A100
[2022-12-06 06:56:00. 41140: W /samgraph/samgraph/common/dist/dist_engine.cc:701] Trainer[0] register host memory...
[2022-12-06 06:56:00.212824: E /samgraph/samgraph/common/dist/dist_engine.cc:85] Running on A100
[2022-12-06 06:56:00.213535: E /samgraph/samgraph/common/dist/dist_engine.cc:85] Running on A100
[2022-12-06 06:56:00.215947: W /samgraph/samgraph/common/cuda/cuda_device.cc:49] GPU[6] alloc cuda memory 931.40 MB
[2022-12-06 06:56:00.332846: W /samgraph/samgraph/common/cuda/cuda_device.cc:49] GPU[6] alloc cuda memory 12.87 GB
[2022-12-06 06:56:01.685110: W /samgraph/samgraph/common/cuda/cuda_device.cc:49] GPU[6] alloc cuda memory 64.00 MB
[2022-12-06 06:56:01.687523: E /samgraph/samgraph/common/dist/pre_sampler.cc:41] Dist Presampler making shuffler...
[2022-12-06 06:56:01.689326: E /samgraph/samgraph/common/dist/pre_sampler.cc:44] Dist Presampler making shuffler...Done
[2022-12-06 06:56:01.689352: W /samgraph/samgraph/common/cpu/cpu_device.cc:39] WORKER[0] alloc host memory 1.82 GB
[2022-12-06 06:56:02. 11278: E /samgraph/samgraph/common/dist/pre_sampler.cc:85] Dist Presampler doing presample epoch 0
[2022-12-06 06:56:03.114923: E /samgraph/samgraph/common/dist/pre_sampler.cc:129] presample spend 0.327707 on sample, 0.0287201 on copy, 0.745288 on count
[2022-12-06 06:56:03.115020: E /samgraph/samgraph/common/dist/pre_sampler.cc:85] Dist Presampler doing presample epoch 1
[2022-12-06 06:56:04.386936: E /samgraph/samgraph/common/dist/pre_sampler.cc:129] presample spend 0.691356 on sample, 0.0587779 on copy, 1.62082 on count
[2022-12-06 06:56:04.387045: E /samgraph/samgraph/common/dist/pre_sampler.cc:136] max_num_inputs = 587471, min_num_inputs = 562760
[2022-12-06 06:56:04.675385: E /samgraph/samgraph/common/dist/pre_sampler.cc:148] presample spend 0.288239 on sort freq.
[2022-12-06 06:56:05. 38710: E /samgraph/samgraph/common/dist/dist_engine.cc:524] pre sample done, delete it
[[[[[[2022-12-06 06:56:052022-12-06 06:56:052022-12-06 06:56:052022-12-06 06:56:052022-12-06 06:56:052022-12-06 06:56:05.. 77163.... 77160 77159:  77171 77166 77169: : W: : : WW WWW  /samgraph/samgraph/common/dist/dist_engine.cc   /samgraph/samgraph/common/dist/dist_engine.cc/samgraph/samgraph/common/dist/dist_engine.cc:/samgraph/samgraph/common/dist/dist_engine.cc/samgraph/samgraph/common/dist/dist_engine.cc/samgraph/samgraph/common/dist/dist_engine.cc::711:::711711] 711711711] ] Trainer[1] building cache...] ] ] Trainer[4] building cache...Trainer[5] building cache...


Trainer[0] building cache...Trainer[3] building cache...Trainer[2] building cache...


[[[2022-12-06 06:56:052022-12-06 06:56:052022-12-06 06:56:05[...2022-12-06 06:56:05 77837 77837 77837.: : :  77844EE[E:   2022-12-06 06:56:05 E/samgraph/3rdparty/collcachelib/coll_cache_lib/run_config.cc/samgraph/3rdparty/collcachelib/coll_cache_lib/run_config.cc./samgraph/3rdparty/collcachelib/coll_cache_lib/run_config.cc :: 77852:/samgraph/3rdparty/collcachelib/coll_cache_lib/run_config.cc134134: 134:] ] Eusing concurrent impl MPS] 134using concurrent impl MPS 
using concurrent impl MPS] 
/samgraph/3rdparty/collcachelib/coll_cache_lib/run_config.cc
using concurrent impl MPS:
134] using concurrent impl MPS
[2022-12-06 06:56:05. 78936: E /samgraph/3rdparty/collcachelib/coll_cache_lib/coll_cache/asymm_link_desc.cc:196] build symm link desc with 6X NVIDIA A100-SXM4-80GB out of 8
[2022-12-06 06:56:05. 78963: E /samgraph/3rdparty/collcachelib/coll_cache_lib/coll_cache/asymm_link_desc.cc:197] remote time is 10.8824
[2022-12-06 06:56:05. 78974: E /samgraph/3rdparty/collcachelib/coll_cache_lib/coll_cache/asymm_link_desc.cc:198] cpu time is 41.1111
[2022-12-06 06:56:05. 79372: E /samgraph/3rdparty/collcachelib/coll_cache_lib/coll_cache/asymm_link_desc.cc:196] build symm link desc with 6X NVIDIA A100-SXM4-80GB out of 8
[2022-12-06 06:56:05. 79395: E /samgraph/3rdparty/collcachelib/coll_cache_lib/coll_cache/asymm_link_desc.cc:197] remote time is 10.8824
[2022-12-06 06:56:05. 79406: E /samgraph/3rdparty/collcachelib/coll_cache_lib/coll_cache/asymm_link_desc.cc:198] cpu time is 41.1111
[2022-12-06 06:56:05. 79670: E /samgraph/3rdparty/collcachelib/coll_cache_lib/coll_cache/asymm_link_desc.cc:196[] 2022-12-06 06:56:05.build symm link desc with 6X NVIDIA A100-SXM4-80GB out of 8 79676
: E /samgraph/3rdparty/collcachelib/coll_cache_lib/coll_cache/asymm_link_desc.cc:196] [2022-12-06 06:56:05. 79691: E /samgraph/3rdparty/collcachelib/coll_cache_lib/coll_cache/asymm_link_desc.cc:build symm link desc with 6X NVIDIA A100-SXM4-80GB out of 8197
] remote time is 10.8824
[2022-12-06 06:56:05. 79713: E [/samgraph/3rdparty/collcachelib/coll_cache_lib/coll_cache/asymm_link_desc.cc2022-12-06 06:56:05:.198 79715] : cpu time is 41.1111E
 /samgraph/3rdparty/collcachelib/coll_cache_lib/coll_cache/asymm_link_desc.cc:197] remote time is 10.8824
[2022-12-06 06:56:05. 79733: E /samgraph/3rdparty/collcachelib/coll_cache_lib/coll_cache/asymm_link_desc.cc:198] cpu time is 41.1111
[2022-12-06 06:56:05. 79905: E /samgraph/3rdparty/collcachelib/coll_cache_lib/coll_cache/asymm_link_desc.cc:196] build symm link desc with 6X NVIDIA A100-SXM4-80GB out of 8
[2022-12-06 06:56:05. 79925: E /samgraph/3rdparty/collcachelib/coll_cache_lib/coll_cache/asymm_link_desc.cc:197] remote time is 10.8824
[2022-12-06 06:56:05. 79936: E /samgraph/3rdparty/collcachelib/coll_cache_lib/coll_cache/asymm_link_desc.cc:198] cpu time is 41.1111
[2022-12-06 06:56:05.173646: E /samgraph/3rdparty/collcachelib/coll_cache_lib/run_config.cc:134] using concurrent impl MPS
[2022-12-06 06:56:05.174735: E /samgraph/3rdparty/collcachelib/coll_cache_lib/coll_cache/asymm_link_desc.cc:196] build symm link desc with 6X NVIDIA A100-SXM4-80GB out of 8
[2022-12-06 06:56:05.174763: E /samgraph/3rdparty/collcachelib/coll_cache_lib/coll_cache/asymm_link_desc.cc:197] remote time is 10.8824
[2022-12-06 06:56:05.174774: E /samgraph/3rdparty/collcachelib/coll_cache_lib/coll_cache/asymm_link_desc.cc:198] cpu time is 41.1111
[2022-12-06 06:57:32.405671: E /samgraph/3rdparty/collcachelib/coll_cache_lib/facade.cc:115] solver created. now build & solve
[2022-12-06 06:57:32.498120: E /samgraph/3rdparty/collcachelib/coll_cache_lib/facade.cc:120] solver built. now solve
block 0 storage is 00000001
	access is	0	0	0	0	0	0	
block 1 storage is 00000010
	access is	1	1	1	1	1	1	
block 2 storage is 00000100
	access is	2	2	2	2	2	2	
block 3 storage is 00001000
	access is	3	3	3	3	3	3	
block 4 storage is 00010000
	access is	4	4	4	4	4	4	
block 5 storage is 00100000
	access is	5	5	5	5	5	5	
block 6 storage is 00000000
	access is	6	6	6	6	6	6	
[2022-12-06 06:57:33.406835: E /samgraph/3rdparty/collcachelib/coll_cache_lib/facade.cc:124] solver solved
[2022-12-06 06:57:33.406890: E /samgraph/3rdparty/collcachelib/coll_cache_lib/facade.cc:187] 0 solved master
[2022-12-06 06:57:33.406917: E /samgraph/3rdparty/collcachelib/coll_cache_lib/facade.cc:194] 0 solved
[2022-12-06 06:57:33.406928: E /samgraph/3rdparty/collcachelib/coll_cache_lib/facade.cc:197] worker 0 thread 0 initing device 0
[2022-12-06 06:57:33.407910: E /samgraph/3rdparty/collcachelib/coll_cache_lib/cache_context.cu:1762] Building Coll Cache with ... num gpu device is 6
[2022-12-06 06:57:33.435772: E /samgraph/3rdparty/collcachelib/coll_cache_lib/facade.cc:194] 4 solved
[2022-12-06 06:57:33.435841: E /samgraph/3rdparty/collcachelib/coll_cache_lib/facade.cc:197] worker 4 thread 4 initing device 4
[2022-12-06 06:57:33.436771: E /samgraph/3rdparty/collcachelib/coll_cache_lib/cache_context.cu:1762] Building Coll Cache with ... num gpu device is 6
[2022-12-06 06:57:33.440852: E /samgraph/3rdparty/collcachelib/coll_cache_lib/facade.cc:194] 3 solved
[2022-12-06 06:57:33.440900: E /samgraph/3rdparty/collcachelib/coll_cache_lib/facade.cc:197] worker 3 thread 3 initing device 3
[2022-12-06 06:57:33.441815: E /samgraph/3rdparty/collcachelib/coll_cache_lib/cache_context.cu:1762] Building Coll Cache with ... num gpu device is 6
[2022-12-06 06:57:33.443978: E /samgraph/3rdparty/collcachelib/coll_cache_lib/facade.cc:194] 5 solved
[2022-12-06 06:57:33.444078: E /samgraph/3rdparty/collcachelib/coll_cache_lib/facade.cc:197] worker 5 thread 5 initing device 5
[2022-12-06 06:57:33.447618: E /samgraph/3rdparty/collcachelib/coll_cache_lib/cache_context.cu:1762] Building Coll Cache with ... num gpu device is 6
[[2022-12-06 06:57:33.464921: 2022-12-06 06:57:33E. 464921/samgraph/3rdparty/collcachelib/coll_cache_lib/facade.cc: :E194 ] /samgraph/3rdparty/collcachelib/coll_cache_lib/facade.cc:1 solved194
] 2 solved
[2022-12-06 06:57:33.464993[: 2022-12-06 06:57:33E. 464995/samgraph/3rdparty/collcachelib/coll_cache_lib/facade.cc: :E197 ] /samgraph/3rdparty/collcachelib/coll_cache_lib/facade.ccworker 1 thread 1 initing device 1:
197] worker 2 thread 2 initing device 2
[2022-12-06 06:57:33.466203: E /samgraph/3rdparty/collcachelib/coll_cache_lib/cache_context.cu:1762] Building Coll Cache with ... num gpu device is 6
[2022-12-06 06:57:33.467228: E /samgraph/3rdparty/collcachelib/coll_cache_lib/cache_context.cu:1762] Building Coll Cache with ... num gpu device is 6
[2022-12-06 06:57:33.535721: W /samgraph/3rdparty/collcachelib/coll_cache_lib/cpu/cpu_device.cc:39] WORKER[0] alloc host memory 37.26 MB
[[[[[[2022-12-06 06:57:342022-12-06 06:57:342022-12-06 06:57:342022-12-06 06:57:342022-12-06 06:57:342022-12-06 06:57:34......792795792794792794792796792795792796: : : : : : EEEEEE      /samgraph/3rdparty/collcachelib/coll_cache_lib/cache_context.cu/samgraph/3rdparty/collcachelib/coll_cache_lib/cache_context.cu/samgraph/3rdparty/collcachelib/coll_cache_lib/cache_context.cu/samgraph/3rdparty/collcachelib/coll_cache_lib/cache_context.cu/samgraph/3rdparty/collcachelib/coll_cache_lib/cache_context.cu/samgraph/3rdparty/collcachelib/coll_cache_lib/cache_context.cu::::::187118711871187118711871] ] ] ] ] Device 3 init p2p of link 4] Device 4 init p2p of link 5Device 0 init p2p of link 1
Device 2 init p2p of link 3
Device 1 init p2p of link 2Device 5 init p2p of link 0



[2022-12-06 06:57:34.801474: E /samgraph/3rdparty/collcachelib/coll_cache_lib/cache_context.cu:1871] Device 2 init p2p of link 4
[2022-12-06 06:57:34.801574: E /samgraph/3rdparty/collcachelib/coll_cache_lib/cache_context.cu:1871] Device 1 init p2p of link 3
[2022-12-06 06:57:34.801613: E /samgraph/3rdparty/collcachelib/coll_cache_lib/cache_context.cu:1871] Device 0 init p2p of link 2
[2022-12-06 06:57:34.801812: E [/samgraph/3rdparty/collcachelib/coll_cache_lib/cache_context.cu2022-12-06 06:57:34:.1871801819] : Device 4 init p2p of link 0E
 [/samgraph/3rdparty/collcachelib/coll_cache_lib/cache_context.cu2022-12-06 06:57:34:.1871801827] : Device 3 init p2p of link 5E
 /samgraph/3rdparty/collcachelib/coll_cache_lib/cache_context.cu:1871] Device 5 init p2p of link 1
[2022-12-06 06:57:34.806097: E /samgraph/3rdparty/collcachelib/coll_cache_lib/cache_context.cu:1871] Device 2 init p2p of link 5
[2022-12-06 06:57:34.806832: E /samgraph/3rdparty/collcachelib/coll_cache_lib/cache_context.cu:1871] Device 1 init p2p of link 4
[2022-12-06 06:57:34.806919: E /samgraph/3rdparty/collcachelib/coll_cache_lib/cache_context.cu:1871] Device 0 init p2p of link 3
[2022-12-06 06:57:34.807313: E /samgraph/3rdparty/collcachelib/coll_cache_lib/cache_context.cu:1871[] 2022-12-06 06:57:34Device 4 init p2p of link 1.
807324: E /samgraph/3rdparty/collcachelib/coll_cache_lib/cache_context.cu:1871] Device 5 init p2p of link 2
[2022-12-06 06:57:34.807372: E /samgraph/3rdparty/collcachelib/coll_cache_lib/cache_context.cu:1871] Device 3 init p2p of link 0
[2022-12-06 06:57:34.809657: E /samgraph/3rdparty/collcachelib/coll_cache_lib/cache_context.cu:1871] Device 2 init p2p of link 0
[2022-12-06 06:57:34.810947: E /samgraph/3rdparty/collcachelib/coll_cache_lib/cache_context.cu:1871] Device 1 init p2p of link 5
[2022-12-06 06:57:34.811078: E /samgraph/3rdparty/collcachelib/coll_cache_lib/cache_context.cu:1871] Device 0 init p2p of link 4
[2022-12-06 06:57:34.812044: E /samgraph/3rdparty/collcachelib/coll_cache_lib/cache_context.cu:1871] Device 4 init p2p of link 2
[2022-12-06 06:57:34[.2022-12-06 06:57:34812141.: 812149E:  E/samgraph/3rdparty/collcachelib/coll_cache_lib/cache_context.cu :/samgraph/3rdparty/collcachelib/coll_cache_lib/cache_context.cu1871:] 1871Device 3 init p2p of link 1] 
Device 5 init p2p of link 3
[2022-12-06 06:57:34.814034: E /samgraph/3rdparty/collcachelib/coll_cache_lib/cache_context.cu:1871] Device 2 init p2p of link 1
[2022-12-06 06:57:34.814805: E /samgraph/3rdparty/collcachelib/coll_cache_lib/cache_context.cu:1871] Device 1 init p2p of link 0
[2022-12-06 06:57:34.814973: E /samgraph/3rdparty/collcachelib/coll_cache_lib/cache_context.cu:1871] Device 0 init p2p of link 5
[2022-12-06 06:57:34.816881: E /samgraph/3rdparty/collcachelib/coll_cache_lib/cache_context.cu:1871] Device 4 init p2p of link 3
[2022-12-06 06:57:34.817051: E /samgraph/3rdparty/collcachelib/coll_cache_lib/cache_context.cu:1871] Device 5 init p2p of link 4
[2022-12-06 06:57:34.817224: E /samgraph/3rdparty/collcachelib/coll_cache_lib/cache_context.cu:1871] Device 3 init p2p of link 2
[2022-12-06 06:57:34.818939: E /samgraph/3rdparty/collcachelib/coll_cache_lib/cache_context.cu:1900] Asymm Coll cache (policy: clique_part) | local 9766419 / 244160499 nodes ( 4.00 %~4.00 %) | remote 48832095 / 244160499 nodes ( 20.00 %) | cpu 185561985 / 244160499 nodes ( 76.00 %) | 14.01 GB | 1.35168 secs 
[2022-12-06 06:57:34.821077: E /samgraph/3rdparty/collcachelib/coll_cache_lib/cache_context.cu:1900] Asymm Coll cache (policy: clique_part) | local 9766419 / 244160499 nodes ( 4.00 %~4.00 %) | remote 48832095 / 244160499 nodes ( 20.00 %) | cpu 185561985 / 244160499 nodes ( 76.00 %) | 14.01 GB | 1.35484 secs 
[2022-12-06 06:57:34.821900: E /samgraph/3rdparty/collcachelib/coll_cache_lib/cache_context.cu:1900] Asymm Coll cache (policy: clique_part) | local 9766419 / 244160499 nodes ( 4.00 %~4.00 %) | remote 48832095 / 244160499 nodes ( 20.00 %) | cpu 185561985 / 244160499 nodes ( 76.00 %) | 14.01 GB | 1.41396 secs 
[2022-12-06 06:57:34.822246: W /samgraph/3rdparty/collcachelib/coll_cache_lib/cache_context.cu:2004] before create ctx, mem is 17.45 GB
[2022-12-06 06:57:34.825223: E /samgraph/3rdparty/collcachelib/coll_cache_lib/cache_context.cu:1900] Asymm Coll cache (policy: clique_part) | local 9766419 / 244160499 nodes ( 4.00 %~4.00 %) | remote 48832095 / 244160499 nodes ( 20.00 %) | cpu 185561985 / 244160499 nodes ( 76.00 %) | 14.01 GB | 1.38842 secs 
[2022-12-06 06:57:34.826964: E /samgraph/3rdparty/collcachelib/coll_cache_lib/cache_context.cu:1900] Asymm Coll cache (policy: clique_part) | local 9766419 / 244160499 nodes ( 4.00 %~4.00 %) | remote 48832095 / 244160499 nodes ( 20.00 %) | cpu 185561985 / 244160499 nodes ( 76.00 %) | 14.01 GB | 1.37931 secs 
[2022-12-06 06:57:34.827645: E /samgraph/3rdparty/collcachelib/coll_cache_lib/cache_context.cu:1900] Asymm Coll cache (policy: clique_part) | local 9766419 / 244160499 nodes ( 4.00 %~4.00 %) | remote 48832095 / 244160499 nodes ( 20.00 %) | cpu 185561985 / 244160499 nodes ( 76.00 %) | 14.01 GB | 1.3858 secs 
[2022-12-06 06:57:36.246827: W /samgraph/3rdparty/collcachelib/coll_cache_lib/cache_context.cu:2010] after create ctx, mem is 17.87 GB
[2022-12-06 06:57:36.247242: W /samgraph/3rdparty/collcachelib/coll_cache_lib/cache_context.cu:2017] after create stream, mem is 17.87 GB
[2022-12-06 06:57:36.247535: W /samgraph/3rdparty/collcachelib/coll_cache_lib/cache_context.cu:2004] before create ctx, mem is 17.87 GB
[2022-12-06 06:57:37.530265: W /samgraph/3rdparty/collcachelib/coll_cache_lib/cache_context.cu:2010] after create ctx, mem is 18.30 GB
[2022-12-06 06:57:37.530745: W /samgraph/3rdparty/collcachelib/coll_cache_lib/cache_context.cu:2017] after create stream, mem is 18.30 GB
[2022-12-06 06:57:37.531879: W /samgraph/3rdparty/collcachelib/coll_cache_lib/cache_context.cu:2004] before create ctx, mem is 18.30 GB
[2022-12-06 06:57:40.129135: W /samgraph/3rdparty/collcachelib/coll_cache_lib/cache_context.cu:2010] after create ctx, mem is 18.73 GB
[2022-12-06 06:57:40.129248: W /samgraph/3rdparty/collcachelib/coll_cache_lib/cache_context.cu:2017] after create stream, mem is 18.73 GB
[2022-12-06 06:57:40.129416: W /samgraph/3rdparty/collcachelib/coll_cache_lib/cache_context.cu:2004] before create ctx, mem is 18.73 GB
[2022-12-06 06:57:41.381536: W /samgraph/3rdparty/collcachelib/coll_cache_lib/cache_context.cu:2010] after create ctx, mem is 19.15 GB
[2022-12-06 06:57:41.381821: W /samgraph/3rdparty/collcachelib/coll_cache_lib/cache_context.cu:2017] after create stream, mem is 19.15 GB
[2022-12-06 06:57:41.382532: W /samgraph/3rdparty/collcachelib/coll_cache_lib/cache_context.cu:2004] before create ctx, mem is 19.15 GB
[2022-12-06 06:57:42.713249: W /samgraph/3rdparty/collcachelib/coll_cache_lib/cache_context.cu:2010] after create ctx, mem is 19.58 GB
[2022-12-06 06:57:42.714038: W /samgraph/3rdparty/collcachelib/coll_cache_lib/cache_context.cu:2017] after create stream, mem is 19.58 GB
[2022-12-06 06:57:42.720952: W /samgraph/3rdparty/collcachelib/coll_cache_lib/cache_context.cu:2004] before create ctx, mem is 19.58 GB
[2022-12-06 06:57:44. 28542: W /samgraph/3rdparty/collcachelib/coll_cache_lib/cache_context.cu:2010] after create ctx, mem is 20.33 GB
[2022-12-06 06:57:44. 29199: W /samgraph/3rdparty/collcachelib/coll_cache_lib/cache_context.cu:2017] after create stream, mem is 20.33 GB
[2022-12-06 06:57:44. 30851: W /samgraph/3rdparty/collcachelib/coll_cache_lib/cache_context.cu:2004] before create ctx, mem is 20.33 GB
[2022-12-06 06:57:45.328959: W /samgraph/3rdparty/collcachelib/coll_cache_lib/cache_context.cu:2010] after create ctx, mem is 20.72 GB
[2022-12-06 06:57:45.329045: W /samgraph/3rdparty/collcachelib/coll_cache_lib/cache_context.cu:2017] after create stream, mem is 20.72 GB
[[2022-12-06 06:57:45.[2022-12-06 06:57:45561899.: 2022-12-06 06:57:45561906E.:  561930E[/samgraph/3rdparty/collcachelib/coll_cache_lib/run_config.cc:  :E/samgraph/3rdparty/collcachelib/coll_cache_lib/run_config.cc2022-12-06 06:57:45134 :.] /samgraph/3rdparty/collcachelib/coll_cache_lib/run_config.cc134561942using concurrent impl MPS:] : using concurrent impl MPS
134E
]  using concurrent impl MPS/samgraph/3rdparty/collcachelib/coll_cache_lib/run_config.cc
:134] using concurrent impl MPS
[2022-12-06 06:57:45.562186: E /samgraph/3rdparty/collcachelib/coll_cache_lib/run_config.cc:134] using concurrent impl MPS
[2022-12-06 06:57:45.562317: E /samgraph/3rdparty/collcachelib/coll_cache_lib/run_config.cc:134] using concurrent impl MPS
[[2022-12-06 06:57:452022-12-06 06:57:45..563760563766: : EE  /samgraph/3rdparty/collcachelib/coll_cache_lib/coll_cache/asymm_link_desc.cc/samgraph/3rdparty/collcachelib/coll_cache_lib/coll_cache/asymm_link_desc.cc::196196] ] build symm link desc with 6X NVIDIA A100-SXM4-80GB out of 8build symm link desc with 6X NVIDIA A100-SXM4-80GB out of 8

[[2022-12-06 06:57:452022-12-06 06:57:45..563799563799: : EE  /samgraph/3rdparty/collcachelib/coll_cache_lib/coll_cache/asymm_link_desc.cc/samgraph/3rdparty/collcachelib/coll_cache_lib/coll_cache/asymm_link_desc.cc::197197] ] remote time is 10.8824remote time is 10.8824

[[2022-12-06 06:57:452022-12-06 06:57:45..563818563818: : EE  /samgraph/3rdparty/collcachelib/coll_cache_lib/coll_cache/asymm_link_desc.cc/samgraph/3rdparty/collcachelib/coll_cache_lib/coll_cache/asymm_link_desc.cc::198198] ] cpu time is 41.1111cpu time is 41.1111

[2022-12-06 06:57:45.563856: E /samgraph/3rdparty/collcachelib/coll_cache_lib/coll_cache/asymm_link_desc.cc:196] build symm link desc with 6X NVIDIA A100-SXM4-80GB out of 8
[2022-12-06 06:57:45.563874: E /samgraph/3rdparty/collcachelib/coll_cache_lib/coll_cache/asymm_link_desc.cc:197] remote time is 10.8824
[2022-12-06 06:57:45.563885: E /samgraph/3rdparty/collcachelib/coll_cache_lib/coll_cache/asymm_link_desc.cc:198] cpu time is 41.1111
[2022-12-06 06:57:45.564306: E /samgraph/3rdparty/collcachelib/coll_cache_lib/coll_cache/asymm_link_desc.cc:196] build symm link desc with 6X NVIDIA A100-SXM4-80GB out of 8
[2022-12-06 06:57:45.564328: E /samgraph/3rdparty/collcachelib/coll_cache_lib/coll_cache/asymm_link_desc.cc:197] remote time is 10.8824
[2022-12-06 06:57:45.564339: E /samgraph/3rdparty/collcachelib/coll_cache_lib/coll_cache/asymm_link_desc.cc:198] cpu time is 41.1111
[2022-12-06 06:57:45.564538: E /samgraph/3rdparty/collcachelib/coll_cache_lib/coll_cache/asymm_link_desc.cc:196] build symm link desc with 6X NVIDIA A100-SXM4-80GB out of 8
[2022-12-06 06:57:45.564563: E /samgraph/3rdparty/collcachelib/coll_cache_lib/coll_cache/asymm_link_desc.cc:197] remote time is 10.8824
[2022-12-06 06:57:45.564574: E /samgraph/3rdparty/collcachelib/coll_cache_lib/coll_cache/asymm_link_desc.cc:198] cpu time is 41.1111
[2022-12-06 06:57:45.565033: E /samgraph/3rdparty/collcachelib/coll_cache_lib/coll_cache/asymm_link_desc.cc:196] build symm link desc with 6X NVIDIA A100-SXM4-80GB out of 8
[2022-12-06 06:57:45.565060: E /samgraph/3rdparty/collcachelib/coll_cache_lib/coll_cache/asymm_link_desc.cc:197] remote time is 10.8824
[2022-12-06 06:57:45.565071: E /samgraph/3rdparty/collcachelib/coll_cache_lib/coll_cache/asymm_link_desc.cc:198] cpu time is 41.1111
[2022-12-06 06:57:46. 60732: E /samgraph/3rdparty/collcachelib/coll_cache_lib/facade.cc:115] solver created. now build & solve
[2022-12-06 06:57:46. 93109: E /samgraph/3rdparty/collcachelib/coll_cache_lib/facade.cc:120] solver built. now solve
block 0 storage is 00000001
	access is	0	0	0	0	0	0	
block 1 storage is 00000010
	access is	1	1	1	1	1	1	
block 2 storage is 00000100
	access is	2	2	2	2	2	2	
block 3 storage is 00001000
	access is	3	3	3	3	3	3	
block 4 storage is 00010000
	access is	4	4	4	4	4	4	
block 5 storage is 00100000
	access is	5	5	5	5	5	5	
block 6 storage is 00000000
	access is	6	6	6	6	6	6	
[2022-12-06 06:57:47.297307: E /samgraph/3rdparty/collcachelib/coll_cache_lib/facade.cc:124] solver solved
[2022-12-06 06:57:47.297345: E /samgraph/3rdparty/collcachelib/coll_cache_lib/facade.cc:187] 0 solved master
[2022-12-06 06:57:47.297366: E /samgraph/3rdparty/collcachelib/coll_cache_lib/facade.cc:194] 0 solved
[2022-12-06 06:57:47.297376: E /samgraph/3rdparty/collcachelib/coll_cache_lib/facade.cc:197] worker 0 thread 0 initing device 0
[2022-12-06 06:57:47.329324: E /samgraph/3rdparty/collcachelib/coll_cache_lib/facade.cc:194] 4 solved
[2022-12-06 06:57:47.329376: E /samgraph/3rdparty/collcachelib/coll_cache_lib/facade.cc:197] worker 4 thread 4 initing device 4
[[2022-12-06 06:57:47.329527: 2022-12-06 06:57:47E. 329527/samgraph/3rdparty/collcachelib/coll_cache_lib/facade.cc: :E194 ] /samgraph/3rdparty/collcachelib/coll_cache_lib/facade.cc2 solved:
194] 1 solved
[2022-12-06 06:57:47.329571: [E2022-12-06 06:57:47 ./samgraph/3rdparty/collcachelib/coll_cache_lib/facade.cc329574:: 197E]  worker 2 thread 2 initing device 2/samgraph/3rdparty/collcachelib/coll_cache_lib/facade.cc
:197] worker 1 thread 1 initing device 1
[2022-12-06 06:57:47.330689: E /samgraph/3rdparty/collcachelib/coll_cache_lib/facade.cc:194] 5 solved
[2022-12-06 06:57:47.330737: E /samgraph/3rdparty/collcachelib/coll_cache_lib/facade.cc:197] worker 5 thread 5 initing device 5
[2022-12-06 06:57:47.352329: E /samgraph/3rdparty/collcachelib/coll_cache_lib/facade.cc:194] 3 solved
[2022-12-06 06:57:47.352371: E /samgraph/3rdparty/collcachelib/coll_cache_lib/facade.cc:197] worker 3 thread 3 initing device 3
[2022-12-06 06:57:50.492349: W /samgraph/samgraph/common/cuda/cuda_device.cc:49] GPU[0] alloc cuda memory 923.24 MB
[2022-12-06 06:57:52.128331: W /samgraph/samgraph/common/cuda/cuda_device.cc:49] GPU[0] alloc cuda memory 923.24 MB
/usr/local/lib/python3.8/dist-packages/torch/nn/parallel/scatter_gather.py:9: UserWarning: is_namedtuple is deprecated, please use the python checks instead
  warnings.warn("is_namedtuple is deprecated, please use the python checks instead")
/usr/local/lib/python3.8/dist-packages/torch/nn/parallel/scatter_gather.py:9: UserWarning: is_namedtuple is deprecated, please use the python checks instead
  warnings.warn("is_namedtuple is deprecated, please use the python checks instead")
/usr/local/lib/python3.8/dist-packages/torch/nn/parallel/scatter_gather.py:9: UserWarning: is_namedtuple is deprecated, please use the python checks instead
  warnings.warn("is_namedtuple is deprecated, please use the python checks instead")
/usr/local/lib/python3.8/dist-packages/torch/nn/parallel/scatter_gather.py:9: UserWarning: is_namedtuple is deprecated, please use the python checks instead
  warnings.warn("is_namedtuple is deprecated, please use the python checks instead")
/usr/local/lib/python3.8/dist-packages/torch/nn/parallel/scatter_gather.py:9: UserWarning: is_namedtuple is deprecated, please use the python checks instead
  warnings.warn("is_namedtuple is deprecated, please use the python checks instead")
/usr/local/lib/python3.8/dist-packages/torch/nn/parallel/scatter_gather.py:9: UserWarning: is_namedtuple is deprecated, please use the python checks instead
  warnings.warn("is_namedtuple is deprecated, please use the python checks instead")
