config:eval_tsp="2022-12-06 07:03:52"
config:arch=arch5
config:num_train_worker=6
config:num_sample_worker=2
config:sample_type=khop2
config:root_path=/nvme/graph-learning-copy/samgraph/
config:dataset=mag240m-homo
config:pipeline=False
config:cache_policy=coll_cache_asymm_link
config:cache_percentage=0.04
config:num_epoch=4
config:batch_size=4000
config:num_hidden=256
config:max_sampling_jobs=1
config:max_copying_jobs=1
config:barriered_epoch=1
config:presample_epoch=2
config:omp_thread_num=6
config:unsupervised=False
config:amp=True
config:rolling=0
config:fanout=[25, 10]
config:lr=0.003
config:dropout=0.5
config:single_gpu=False
config:max_num_step=100000
config:validate_configs=False
config:report_acc=0
config:dataset_path=/nvme/graph-learning-copy/samgraph/mag240m-homo
config:torch_thread_num=9
config:train_workers=['cuda:0', 'cuda:1', 'cuda:2', 'cuda:3', 'cuda:4', 'cuda:5']
config:sample_workers=['cuda:6', 'cuda:7']
config:num_fanout=2
config:num_layer=2
config:_run_mode=RunMode.FGNN
config:_log_level=warn
config:_profile_level=3
config:_empty_feat=0
config:_arch=5
config:_sample_type=5
config:_cache_policy=13
test_result:init:input_scale_factor=1.1
0 :  {link #0 : 1}, {link #1 : 2}, {link #2 : 3}, {link #3 : 4}, {link #4 : 5},
1 :  {link #0 : 2}, {link #1 : 3}, {link #2 : 4}, {link #3 : 5}, {link #4 : 0},
2 :  {link #0 : 3}, {link #1 : 4}, {link #2 : 5}, {link #3 : 0}, {link #4 : 1},
3 :  {link #0 : 4}, {link #1 : 5}, {link #2 : 0}, {link #3 : 1}, {link #4 : 2},
4 :  {link #0 : 5}, {link #1 : 0}, {link #2 : 1}, {link #3 : 2}, {link #4 : 3},
5 :  {link #0 : 0}, {link #1 : 1}, {link #2 : 2}, {link #3 : 3}, {link #4 : 4},
0 :  {link #0 : 1}, {link #1 : 2}, {link #2 : 3}, {link #3 : 4}, {link #4 : 5},
1 :  {link #0 : 2}, {link #1 : 3}, {link #2 : 4}, {link #3 : 5}, {link #4 : 0},
2 :  {link #0 : 3}, {link #1 : 4}, {link #2 : 5}, {link #3 : 0}, {link #4 : 1},
3 :  {link #0 : 4}, {link #1 : 5}, {link #2 : 0}, {link #3 : 1}, {link #4 : 2},
4 :  {link #0 : 5}, {link #1 : 0}, {link #2 : 1}, {link #3 : 2}, {link #4 : 3},
5 :  {link #0 : 0}, {link #1 : 1}, {link #2 : 2}, {link #3 : 3}, {link #4 : 4},
0 :  {link #0 : 1}, {link #1 : 2}, {link #2 : 3}, {link #3 : 4}, {link #4 : 5},
1 :  {link #0 : 2}, {link #1 : 3}, {link #2 : 4}, {link #3 : 5}, {link #4 : 0},
2 :  {link #0 : 3}, {link #1 : 4}, {link #2 : 5}, {link #3 : 0}, {link #4 : 1},
3 :  {link #0 : 4}, {link #1 : 5}, {link #2 : 0}, {link #3 : 1}, {link #4 : 2},
4 :  {link #0 : 5}, {link #1 : 0}, {link #2 : 1}, {link #3 : 2}, {link #4 : 3},
5 :  {link #0 : 0}, {link #1 : 1}, {link #2 : 2}, {link #3 : 3}, {link #4 : 4},
0 :  {link #0 : 1}, {link #1 : 2}, {link #2 : 3}, {link #3 : 4}, {link #4 : 5},
1 :  {link #0 : 2}, {link #1 : 3}, {link #2 : 4}, {link #3 : 5}, {link #4 : 0},
2 :  {link #0 : 3}, {link #1 : 4}, {link #2 : 5}, {link #3 : 0}, {link #4 : 1},
3 :  {link #0 : 4}, {link #1 : 5}, {link #2 : 0}, {link #3 : 1}, {link #4 : 2},
4 :  {link #0 : 5}, {link #1 : 0}, {link #2 : 1}, {link #3 : 2}, {link #4 : 3},
5 :  {link #0 : 0}, {link #1 : 1}, {link #2 : 2}, {link #3 : 3}, {link #4 : 4},
0 :  {link #0 : 1}, {link #1 : 2}, {link #2 : 3}, {link #3 : 4}, {link #4 : 5},
1 :  {link #0 : 2}, {link #1 : 3}, {link #2 : 4}, {link #3 : 5}, {link #4 : 0},
2 :  {link #0 : 3}, {link #1 : 4}, {link #2 : 5}, {link #3 : 0}, {link #4 : 1},
3 :  {link #0 : 4}, {link #1 : 5}, {link #2 : 0}, {link #3 : 1}, {link #4 : 2},
4 :  {link #0 : 5}, {link #1 : 0}, {link #2 : 1}, {link #3 : 2}, {link #4 : 3},
5 :  {link #0 : 0}, {link #1 : 1}, {link #2 : 2}, {link #3 : 3}, {link #4 : 4},
0 :  {link #0 : 1}, {link #1 : 2}, {link #2 : 3}, {link #3 : 4}, {link #4 : 5},
1 :  {link #0 : 2}, {link #1 : 3}, {link #2 : 4}, {link #3 : 5}, {link #4 : 0},
2 :  {link #0 : 3}, {link #1 : 4}, {link #2 : 5}, {link #3 : 0}, {link #4 : 1},
3 :  {link #0 : 4}, {link #1 : 5}, {link #2 : 0}, {link #3 : 1}, {link #4 : 2},
4 :  {link #0 : 5}, {link #1 : 0}, {link #2 : 1}, {link #3 : 2}, {link #4 : 3},
5 :  {link #0 : 0}, {link #1 : 1}, {link #2 : 2}, {link #3 : 3}, {link #4 : 4},
Set parameter WLSAccessID
Set parameter WLSSecret
Set parameter LicenseID
Set parameter TimeLimit to value 200
Set parameter MIPGap to value 0.05
Set parameter GomoryPasses to value 0
Set parameter Aggregate to value 0
Set parameter LogFile to value "cppsolver.log"
Set parameter Threads to value 12
Academic license - for non-commercial use only - registered to xiaoniu.sxn@sjtu.edu.cn
Gurobi Optimizer version 9.5.1 build v9.5.1rc2 (linux64)
Thread count: 56 physical cores, 112 logical processors, using up to 12 threads
Academic license - for non-commercial use only - registered to xiaoniu.sxn@sjtu.edu.cn
Optimize a model with 188280 rows, 37451 columns and 455448 nonzeros
Model fingerprint: 0xdd82ee30
Variable types: 7 continuous, 37444 integer (37444 binary)
Coefficient statistics:
  Matrix range     [8e-04, 3e+02]
  Objective range  [1e+00, 1e+00]
  Bounds range     [1e+00, 1e+00]
  RHS range        [1e+00, 1e+02]
Found heuristic solution: objective 2.000000e+09
Presolve removed 151805 rows and 0 columns
Presolve time: 0.30s
Presolved: 36475 rows, 37451 columns, 146783 nonzeros
Found heuristic solution: objective 5080.2901080
Variable types: 7 continuous, 37444 integer (37444 binary)

Deterministic concurrent LP optimizer: primal and dual simplex
Showing first log only...


Use crossover to convert LP symmetric solution to basic solution...
Concurrent spin time: 0.00s

Solved with dual simplex

Root relaxation: objective 1.490917e+02, 10135 iterations, 0.13 seconds (0.20 work units)

    Nodes    |    Current Node    |     Objective Bounds      |     Work
 Expl Unexpl |  Obj  Depth IntInf | Incumbent    BestBd   Gap | It/Node Time

     0     0  149.09172    0   95 5080.29011  149.09172  97.1%     -    4s
H    0     0                     159.6480464  149.09172  6.61%     -    4s
H    0     0                     150.1166722  149.09172  0.68%     -   11s

Explored 1 nodes (64923 simplex iterations) in 11.62 seconds (16.36 work units)
Thread count was 12 (of 112 available processors)

Solution count 4: 150.117 159.648 5080.29 2e+09 

Optimal solution found (tolerance 5.00e-02)
Best objective 1.501166721581e+02, best bound 1.490917216792e+02, gap 0.6828%
coll_cache:optimal_local_rate=0.878611,0.876632,0.878506,0.878437,0.876898,0.878395,
coll_cache:optimal_remote_rate=0.113817,0.115796,0.113922,0.113991,0.11553,0.114033,
coll_cache:optimal_cpu_rate=0.00757199,0.00757199,0.00757199,0.00757199,0.00757199,0.00757199,
z=150.117
test_result:init:feat_nbytes=375030526464
test_result:init:cache_nbytes=14868808704
test_result:init:feat_nbytes=375030526464
test_result:init:cache_nbytes=14985185280
test_result:init:feat_nbytes=375030526464
test_result:init:cache_nbytes=15035401728
test_result:init:feat_nbytes=375030526464
test_result:init:cache_nbytes=15027187200
test_result:init:feat_nbytes=375030526464
test_result:init:cache_nbytes=15013177344
test_result:init:feat_nbytes=375030526464
test_result:init:cache_nbytes=15037748736
0 :  {link #0 : 1}, {link #1 : 2}, {link #2 : 3}, {link #3 : 4}, {link #4 : 5},
1 :  {link #0 : 2}, {link #1 : 3}, {link #2 : 4}, {link #3 : 5}, {link #4 : 0},
2 :  {link #0 : 3}, {link #1 : 4}, {link #2 : 5}, {link #3 : 0}, {link #4 : 1},
3 :  {link #0 : 4}, {link #1 : 5}, {link #2 : 0}, {link #3 : 1}, {link #4 : 2},
4 :  {link #0 : 5}, {link #1 : 0}, {link #2 : 1}, {link #3 : 2}, {link #4 : 3},
5 :  {link #0 : 0}, {link #1 : 1}, {link #2 : 2}, {link #3 : 3}, {link #4 : 4},
0 :  {link #0 : 1}, {link #1 : 2}, {link #2 : 3}, {link #3 : 4}, {link #4 : 5},
1 :  {link #0 : 2}, {link #1 : 3}, {link #2 : 4}, {link #3 : 5}, {link #4 : 0},
2 :  {link #0 : 3}, {link #1 : 4}, {link #2 : 5}, {link #3 : 0}, {link #4 : 1},
3 :  {link #0 : 4}, {link #1 : 5}, {link #2 : 0}, {link #3 : 1}, {link #4 : 2},
4 :  {link #0 : 5}, {link #1 : 0}, {link #2 : 1}, {link #3 : 2}, {link #4 : 3},
5 :  {link #0 : 0}, {link #1 : 1}, {link #2 : 2}, {link #3 : 3}, {link #4 : 4},
0 :  {link #0 : 1}, {link #1 : 2}, {link #2 : 3}, {link #3 : 4}, {link #4 : 5},
1 :  {link #0 : 2}, {link #1 : 3}, {link #2 : 4}, {link #3 : 5}, {link #4 : 0},
2 :  {link #0 : 3}, {link #1 : 4}, {link #2 : 5}, {link #3 : 0}, {link #4 : 1},
3 :  {link #0 : 4}, {link #1 : 5}, {link #2 : 0}, {link #3 : 1}, {link #4 : 2},
4 :  {link #0 : 5}, {link #1 : 0}, {link #2 : 1}, {link #3 : 2}, {link #4 : 3},
5 :  {link #0 : 0}, {link #1 : 1}, {link #2 : 2}, {link #3 : 3}, {link #4 : 4},
0 :  {link #0 : 1}, {link #1 : 2}, {link #2 : 3}, {link #3 : 4}, {link #4 : 5},
1 :  {link #0 : 2}, {link #1 : 3}, {link #2 : 4}, {link #3 : 5}, {link #4 : 0},
2 :  {link #0 : 3}, {link #1 : 4}, {link #2 : 5}, {link #3 : 0}, {link #4 : 1},
3 :  {link #0 : 4}, {link #1 : 5}, {link #2 : 0}, {link #3 : 1}, {link #4 : 2},
4 :  {link #0 : 5}, {link #1 : 0}, {link #2 : 1}, {link #3 : 2}, {link #4 : 3},
5 :  {link #0 : 0}, {link #1 : 1}, {link #2 : 2}, {link #3 : 3}, {link #4 : 4},
0 :  {link #0 : 1}, {link #1 : 2}, {link #2 : 3}, {link #3 : 4}, {link #4 : 5},
1 :  {link #0 : 2}, {link #1 : 3}, {link #2 : 4}, {link #3 : 5}, {link #4 : 0},
2 :  {link #0 : 3}, {link #1 : 4}, {link #2 : 5}, {link #3 : 0}, {link #4 : 1},
3 :  {link #0 : 4}, {link #1 : 5}, {link #2 : 0}, {link #3 : 1}, {link #4 : 2},
4 :  {link #0 : 5}, {link #1 : 0}, {link #2 : 1}, {link #3 : 2}, {link #4 : 3},
5 :  {link #0 : 0}, {link #1 : 1}, {link #2 : 2}, {link #3 : 3}, {link #4 : 4},
0 :  {link #0 : 1}, {link #1 : 2}, {link #2 : 3}, {link #3 : 4}, {link #4 : 5},
1 :  {link #0 : 2}, {link #1 : 3}, {link #2 : 4}, {link #3 : 5}, {link #4 : 0},
2 :  {link #0 : 3}, {link #1 : 4}, {link #2 : 5}, {link #3 : 0}, {link #4 : 1},
3 :  {link #0 : 4}, {link #1 : 5}, {link #2 : 0}, {link #3 : 1}, {link #4 : 2},
4 :  {link #0 : 5}, {link #1 : 0}, {link #2 : 1}, {link #3 : 2}, {link #4 : 3},
5 :  {link #0 : 0}, {link #1 : 1}, {link #2 : 2}, {link #3 : 3}, {link #4 : 4},
Set parameter WLSAccessID
Set parameter WLSSecret
Set parameter LicenseID
Set parameter TimeLimit to value 200
Set parameter MIPGap to value 0.05
Set parameter GomoryPasses to value 0
Set parameter Aggregate to value 0
Set parameter LogFile to value "cppsolver.log"
Set parameter Threads to value 12
Academic license - for non-commercial use only - registered to xiaoniu.sxn@sjtu.edu.cn
Gurobi Optimizer version 9.5.1 build v9.5.1rc2 (linux64)
Thread count: 56 physical cores, 112 logical processors, using up to 12 threads
Academic license - for non-commercial use only - registered to xiaoniu.sxn@sjtu.edu.cn
Optimize a model with 188280 rows, 37451 columns and 455448 nonzeros
Model fingerprint: 0x6c170821
Variable types: 7 continuous, 37444 integer (37444 binary)
Coefficient statistics:
  Matrix range     [8e-04, 3e+02]
  Objective range  [1e+00, 1e+00]
  Bounds range     [1e+00, 1e+00]
  RHS range        [1e+00, 1e+02]
Found heuristic solution: objective 2.000000e+09
Presolve removed 151805 rows and 0 columns
Presolve time: 0.31s
Presolved: 36475 rows, 37451 columns, 146783 nonzeros
Found heuristic solution: objective 4991.1790674
Variable types: 7 continuous, 37444 integer (37444 binary)

Deterministic concurrent LP optimizer: primal and dual simplex
Showing first log only...


Use crossover to convert LP symmetric solution to basic solution...
Concurrent spin time: 0.00s

Solved with dual simplex

Root relaxation: objective 1.490917e+02, 10135 iterations, 0.12 seconds (0.19 work units)

    Nodes    |    Current Node    |     Objective Bounds      |     Work
 Expl Unexpl |  Obj  Depth IntInf | Incumbent    BestBd   Gap | It/Node Time

     0     0  149.09172    0   75 4991.17907  149.09172  97.0%     -    3s
H    0     0                     155.5369437  149.09172  4.14%     -    3s

Explored 1 nodes (71361 simplex iterations) in 3.44 seconds (5.15 work units)
Thread count was 12 (of 112 available processors)

Solution count 3: 155.537 4991.18 2e+09 

Optimal solution found (tolerance 5.00e-02)
Best objective 1.555369437308e+02, best bound 1.490917216792e+02, gap 4.1439%
coll_cache:optimal_local_rate=0.878051,0.883163,0.87784,0.877481,0.878307,0.877351,
coll_cache:optimal_remote_rate=0.113381,0.108269,0.113591,0.11395,0.113124,0.114081,
coll_cache:optimal_cpu_rate=0.00856873,0.00856873,0.00856873,0.00856873,0.00856873,0.00856873,
z=155.537
test_result:init:cache_nbytes=0
test_result:init:cache_nbytes=0
test_result:init:cache_nbytes=0
test_result:init:cache_nbytes=0
test_result:init:cache_nbytes=0
test_result:init:cache_nbytes=0
[Train  Worker 4/6] Started with PID 107124(NVIDIA A100-SXM4-80GB)
[Train  Worker 4] run train for 4 epochs with 282 steps
[Train  Worker 4] Avg Epoch Time 0.5099 | Train Total Time(Profiler) 0.3613 | Copy Time 0.1451
[Train  Worker 0/6] Started with PID 107113(NVIDIA A100-SXM4-80GB)
[Train  Worker 0] run train for 4 epochs with 282 steps
Epoch 00000 | Epoch Time 1.8506 | Total Train Time(Profiler) 1.6690 | Copy Time 0.1758
Epoch 00001 | Epoch Time 0.5099 | Total Train Time(Profiler) 0.3598 | Copy Time 0.1469
Epoch 00002 | Epoch Time 0.5119 | Total Train Time(Profiler) 0.3595 | Copy Time 0.1491
Epoch 00003 | Epoch Time 0.5080 | Total Train Time(Profiler) 0.3568 | Copy Time 0.1479
[Train  Worker 0] Avg Epoch Time 0.5100 | Train Total Time(Profiler) 0.3587 | Copy Time 0.1480
[Train  Worker 2/6] Started with PID 107118(NVIDIA A100-SXM4-80GB)
[Train  Worker 2] run train for 4 epochs with 282 steps
[Train  Worker 2] Avg Epoch Time 0.5099 | Train Total Time(Profiler) 0.3612 | Copy Time 0.1452
[Train  Worker 5/6] Started with PID 107127(NVIDIA A100-SXM4-80GB)
[Train  Worker 5] run train for 4 epochs with 282 steps
[Train  Worker 5] Avg Epoch Time 0.5100 | Train Total Time(Profiler) 0.3613 | Copy Time 0.1450
[Train  Worker 3/6] Started with PID 107121(NVIDIA A100-SXM4-80GB)
[Train  Worker 3] run train for 4 epochs with 282 steps
[Train  Worker 3] Avg Epoch Time 0.5100 | Train Total Time(Profiler) 0.3603 | Copy Time 0.1459
[Train  Worker 1/6] Started with PID 107115(NVIDIA A100-SXM4-80GB)
[Train  Worker 1] run train for 4 epochs with 282 steps
[Train  Worker 1] Avg Epoch Time 0.5099 | Train Total Time(Profiler) 0.3590 | Copy Time 0.1473
[Sample Worker 1/2] Started with PID 107111(NVIDIA A100-SXM4-80GB)
[Sample Worker 1] run sample for 4 epochs with 141 steps
[Sample Worker 1] Avg Sample Total Time 0.2506 | Sampler Total Time(Profiler) 0.2496
    [Step(average) Profiler Level 1 E3 S140]
        L1  sample           0.001258 | send           0.000466
        L1  recv             0.000000 | copy           0.000000 | convert time 0.000000 | train  0.000000
        L1  feature nbytes 0.00 Bytes | label nbytes 0.00 Bytes
        L1  id nbytes      0.00 Bytes | graph nbytes 0.00 Bytes
        L1  miss nbytes    0.00 Bytes | remote nbytes 0.00 Bytes
        L1  num nodes          575281 | num samples      743951
    [Step(average) Profiler Level 2 E3 S140]
        L2  shuffle     0.000109 | core sample  0.000528 | id remap        0.000509
        L2  graph copy  0.000000 | id copy      0.000000 | cache feat copy 0.000000
        L2  last layer sample time 0.000281 | size 33438.562648
    [Step(average) Profiler Level 3 E3 S140]
        L3  khop sample coo  0.000299 | khop sort coo      0.000000 | khop count edge     0.000036 | khop compact edge 0.000158
        L3  walk sample coo  0.000000 | walk topk total    0.000000 | walk topk step1     0.000000 | walk topk step2   0.000000
        L3  walk topk step3  0.000000 | walk topk step4    0.000000 | walk topk step5     0.000000
        L3  walk topk step6  0.000000 | walk topk step7    0.000000
        L3  remap unique     0.000000 | remap populate     0.000414 | remap mapnode       0.000000 | remap mapedge     0.000095
        L3  cache get_index  0.000000 | cache copy_index   0.000000 | cache extract_miss  0.000000
        L3  cache copy_miss  0.000000 | cache combine_miss 0.000000 | cache combine cache 0.000000 | cache combine remote 0.000000
        L3  label extract  0.000000
    [Init Profiler Level 1]
        L1  init     4.0095 | sampler init    11.5557 | trainer init 0.0000
    [Init Profiler Level 2]
        L2  load ds         5.9578 | init queue           4.3973
        L2  presample       3.5703 | build interal ds     1.6379
        L2  build cache     0.0000
    [Init Profiler Level 3]
        L3  load dataset: mmap     4.0079 | copy         1.9499
        L3  dist queue: alloc      0.0008 | pin          4.3965 | push     0.0000
        L3  presample: init        0.2962
        L3  presample: sample      0.6874 | copy         0.0586
        L3  presample: count       1.7267 | sort         0.3862
        L3  presample: reset       0.0008 | get rank     0.0564
        L3  internal: cuda ctx     1.4329 | cuda stream     0.2022
[Sample Worker 0/2] Started with PID 107110(NVIDIA A100-SXM4-80GB)
[Sample Worker 0] run sample for 4 epochs with 141 steps
[Sample Worker 0] Avg Sample Total Time 0.2472 | Sampler Total Time(Profiler) 0.2431
test_result:sample_time=0.1773
test_result:get_cache_miss_index_time=0.0000
test_result:enqueue_samples_time=0.0657
test_result:epoch_time:sample_total=0.2472
[CUDA] cuda0: usage: 23.89 GB
[SAM] cuda0 data alloc        : 0.00 Bytes
[SAM] cuda0 workspace         : 1.83 GB
[SAM] cuda0 workspace reserve : 930.73 MB
[SAM] cuda0 total             : 1.83 GB
    [Step(average) Profiler Level 1 E3 S281]
        L1  sample           0.000000 | send           0.000000
        L1  recv             0.000640 | copy           0.003108 | convert time 0.000302 | train  0.007365
        L1  feature nbytes  842.91 MB | label nbytes   31.25 KB
        L1  id nbytes      0.00 Bytes | graph nbytes 0.00 Bytes
        L1  miss nbytes      15.62 MB | remote nbytes   90.94 MB
        L1  num nodes               0 | num samples           0
    [Step(average) Profiler Level 2 E3 S281]
        L2  shuffle     0.000000 | core sample  0.000000 | id remap        0.000000
        L2  graph copy  0.000003 | id copy      0.000000 | cache feat copy 0.002465
        L2  last layer sample time 0.000000 | size 0.000000
    [Step(average) Profiler Level 3 E3 S281]
        L3  khop sample coo  0.000000 | khop sort coo      0.000000 | khop count edge     0.000000 | khop compact edge 0.000000
        L3  walk sample coo  0.000000 | walk topk total    0.000000 | walk topk step1     0.000000 | walk topk step2   0.000000
        L3  walk topk step3  0.000000 | walk topk step4    0.000000 | walk topk step5     0.000000
        L3  walk topk step6  0.000000 | walk topk step7    0.000000
        L3  remap unique     0.000000 | remap populate     0.000000 | remap mapnode       0.000000 | remap mapedge     0.000000
        L3  cache get_index  0.000234 | cache copy_index   0.000000 | cache extract_miss  0.000000
        L3  cache copy_miss  0.000000 | cache combine_miss 0.001323 | cache combine cache 0.001647 | cache combine remote 0.000452
        L3  label extract  0.000124
    [Init Profiler Level 1]
        L1  init     4.0095 | sampler init     0.0000 | trainer init 161.5051
    [Init Profiler Level 2]
        L2  load ds         4.0079 | init queue           4.4838
        L2  presample       0.0000 | build interal ds     1.5888
        L2  build cache   155.4282
    [Init Profiler Level 3]
        L3  load dataset: mmap     4.0079 | copy         0.0000
        L3  dist queue: alloc      0.0008 | pin          4.4830 | push     0.0000
        L3  presample: init        0.0000
        L3  presample: sample      0.0000 | copy         0.0000
        L3  presample: count       0.0000 | sort         0.0000
        L3  presample: reset       0.0000 | get rank     0.0000
        L3  internal: cuda ctx     1.5887 | cuda stream     0.0000
|===========================================================================|
|                  PyTorch CUDA memory summary, device ID 0                 |
|---------------------------------------------------------------------------|
|            CUDA OOMs: 0            |        cudaMalloc retries: 0         |
|===========================================================================|
|        Metric         | Cur Usage  | Peak Usage | Tot Alloc  | Tot Freed  |
|---------------------------------------------------------------------------|
| Allocated memory      |   25833 KB |  395750 KB |  217245 MB |  217219 MB |
|       from large pool |   16943 KB |  392922 KB |  215212 MB |  215195 MB |
|       from small pool |    8889 KB |   11214 KB |    2032 MB |    2024 MB |
|---------------------------------------------------------------------------|
| Active memory         |   25833 KB |  395750 KB |  217245 MB |  217219 MB |
|       from large pool |   16943 KB |  392922 KB |  215212 MB |  215195 MB |
|       from small pool |    8890 KB |   11214 KB |    2032 MB |    2024 MB |
|---------------------------------------------------------------------------|
| GPU reserved memory   |  477184 KB |  477184 KB |  477184 KB |       0 B  |
|       from large pool |  462848 KB |  462848 KB |  462848 KB |       0 B  |
|       from small pool |   14336 KB |   14336 KB |   14336 KB |       0 B  |
|---------------------------------------------------------------------------|
| Non-releasable memory |   80662 KB |  392757 KB |  187880 MB |  187801 MB |
|       from large pool |   79312 KB |  390524 KB |  185658 MB |  185581 MB |
|       from small pool |    1350 KB |    4676 KB |    2221 MB |    2219 MB |
|---------------------------------------------------------------------------|
| Allocations           |      42    |      57    |   22226    |   22184    |
|       from large pool |       7    |      18    |    9779    |    9772    |
|       from small pool |      35    |      41    |   12447    |   12412    |
|---------------------------------------------------------------------------|
| Active allocs         |      43    |      57    |   22226    |   22183    |
|       from large pool |       7    |      18    |    9779    |    9772    |
|       from small pool |      36    |      41    |   12447    |   12411    |
|---------------------------------------------------------------------------|
| GPU reserved segments |      14    |      14    |      14    |       0    |
|       from large pool |       7    |       7    |       7    |       0    |
|       from small pool |       7    |       7    |       7    |       0    |
|---------------------------------------------------------------------------|
| Non-releasable allocs |      17    |      27    |   11179    |   11162    |
|       from large pool |       7    |      13    |    6276    |    6269    |
|       from small pool |      10    |      22    |    4903    |    4893    |
|---------------------------------------------------------------------------|
| Oversize allocations  |       0    |       0    |       0    |       0    |
|---------------------------------------------------------------------------|
| Oversize GPU segments |       0    |       0    |       0    |       0    |
|===========================================================================|

test_result:epoch_time:copy_time=0.1480
test_result:convert_time=0.0134
test_result:train_time=0.3453
test_result:epoch_time:train_total=0.3587
test_result:cache_percentage=0.0400
test_result:cache_hit_rate=1.0000
test_result:run_time=4.4070
