[2022-12-06 06:05:56. 95389: W /samgraph/samgraph/common/cpu/mmap_cpu_device.cc:92] mmap allocating space 12.87 GB
[2022-12-06 06:05:56. 95464: W /samgraph/samgraph/common/cpu/mmap_cpu_device.cc:97] mmap allocating space 12.87 GB done
[2022-12-06 06:05:59.692981: W /samgraph/samgraph/common/cpu/mmap_cpu_device.cc:92] mmap allocating space 349.28 GB
[2022-12-06 06:05:59.693078: W /samgraph/samgraph/common/cpu/mmap_cpu_device.cc:97] mmap allocating space 349.28 GB done
[2022-12-06 06:05:59.693097: W /samgraph/samgraph/common/cpu/mmap_cpu_device.cc:92] mmap allocating space 1.82 GB
[2022-12-06 06:05:59.693110: W /samgraph/samgraph/common/cpu/mmap_cpu_device.cc:97] mmap allocating space 1.82 GB done
[2022-12-06 06:05:59.695664: W /samgraph/samgraph/common/cpu/mmap_cpu_device.cc:92] mmap allocating space 15.15 GB
[2022-12-06 06:05:59.695696: W /samgraph/samgraph/common/cpu/mmap_cpu_device.cc:97] mmap allocating space 15.15 GB done
/usr/lib/python3/dist-packages/requests/__init__.py:89: RequestsDependencyWarning: urllib3 (1.26.12) or chardet (3.0.4) doesn't match a supported version!
  warnings.warn("urllib3 ({}) or chardet ({}) doesn't match a supported "
[2022-12-06 06:06:00.900540: W /samgraph/samgraph/common/dist/dist_engine.cc:662] Trainer[1] initializing...
[2022-12-06 06:06:00.961491: W /samgraph/samgraph/common/dist/dist_engine.cc:662] Trainer[4] initializing...
[2022-12-06 06:06:01. 15374: W /samgraph/samgraph/common/dist/dist_engine.cc:662] Trainer[2] initializing...
[2022-12-06 06:06:01. 38161: W /samgraph/samgraph/common/dist/dist_engine.cc:662] Trainer[0] initializing...
[2022-12-06 06:06:01. 75413: W /samgraph/samgraph/common/dist/dist_engine.cc:662] Trainer[5] initializing...
[2022-12-06 06:06:01.122287: W /samgraph/samgraph/common/dist/dist_engine.cc:662] Trainer[3] initializing...
[2022-12-06 06:06:02.502386: W /samgraph/samgraph/common/dist/dist_engine.cc:666] Trainer[1] pin memory queue...
[2022-12-06 06:06:02.509731: W /samgraph/samgraph/common/dist/dist_engine.cc:666] Trainer[4] pin memory queue...
[2022-12-06 06:06:02.521686: W /samgraph/samgraph/common/dist/dist_engine.cc:666] Trainer[0] pin memory queue...
[2022-12-06 06:06:02.531810: W /samgraph/samgraph/common/dist/dist_engine.cc:666] Trainer[5] pin memory queue...
[2022-12-06 06:06:02.534920: W /samgraph/samgraph/common/dist/dist_engine.cc:666] Trainer[2] pin memory queue...
[2022-12-06 06:06:02.539588: W /samgraph/samgraph/common/dist/dist_engine.cc:666] Trainer[3] pin memory queue...
[2022-12-06 06:06:06.951244: E /samgraph/samgraph/common/dist/dist_engine.cc:85] Running on A100
[2022-12-06 06:06:06.952372: W /samgraph/samgraph/common/dist/dist_engine.cc:701] Trainer[4] register host memory...
[2022-12-06 06:06:06.953209: E /samgraph/samgraph/common/dist/dist_engine.cc:85] Running on A100
[2022-12-06 06:06:06.953280: E /samgraph/samgraph/common/dist/dist_engine.cc:85] Running on A100
[2022-12-06 06:06:06.953768: W /samgraph/samgraph/common/dist/dist_engine.cc:701] Trainer[0] register host memory...
[2022-12-06 06:06:06.953779: W /samgraph/samgraph/common/dist/dist_engine.cc:701] Trainer[2] register host memory...
[2022-12-06 06:06:06.957001: E /samgraph/samgraph/common/dist/dist_engine.cc:85] Running on A100
[2022-12-06 06:06:06.957011: E /samgraph/samgraph/common/dist/dist_engine.cc:85] Running on A100
[2022-12-06 06:06:06.957416: W /samgraph/samgraph/common/dist/dist_engine.cc:701] Trainer[3] register host memory...
[2022-12-06 06:06:06.957430: W /samgraph/samgraph/common/dist/dist_engine.cc:701] Trainer[5] register host memory...
[2022-12-06 06:06:06.965326: E /samgraph/samgraph/common/dist/dist_engine.cc:85] Running on A100
[2022-12-06 06:06:06.965617: W /samgraph/samgraph/common/dist/dist_engine.cc:701] Trainer[1] register host memory...
[2022-12-06 06:06:07.144998: E /samgraph/samgraph/common/dist/dist_engine.cc:85] Running on A100
[2022-12-06 06:06:07.147452: W /samgraph/samgraph/common/cuda/cuda_device.cc:49] GPU[6] alloc cuda memory 931.40 MB
[2022-12-06 06:06:07.157625: E /samgraph/samgraph/common/dist/dist_engine.cc:85] Running on A100
[2022-12-06 06:06:07.254443: W /samgraph/samgraph/common/cuda/cuda_device.cc:49] GPU[6] alloc cuda memory 12.87 GB
[2022-12-06 06:06:08.695759: W /samgraph/samgraph/common/cuda/cuda_device.cc:49] GPU[6] alloc cuda memory 64.00 MB
[2022-12-06 06:06:08.698214: E /samgraph/samgraph/common/dist/pre_sampler.cc:41] Dist Presampler making shuffler...
[2022-12-06 06:06:08.700056: E /samgraph/samgraph/common/dist/pre_sampler.cc:44] Dist Presampler making shuffler...Done
[2022-12-06 06:06:08.700083: W /samgraph/samgraph/common/cpu/cpu_device.cc:39] WORKER[0] alloc host memory 1.82 GB
[2022-12-06 06:06:09. 18424: E /samgraph/samgraph/common/dist/pre_sampler.cc:85] Dist Presampler doing presample epoch 0
[2022-12-06 06:06:10. 62740: E /samgraph/samgraph/common/dist/pre_sampler.cc:129] presample spend 0.32328 on sample, 0.0309744 on copy, 0.688284 on count
[2022-12-06 06:06:10. 62855: E /samgraph/samgraph/common/dist/pre_sampler.cc:85] Dist Presampler doing presample epoch 1
[2022-12-06 06:06:11.399825: E /samgraph/samgraph/common/dist/pre_sampler.cc:129] presample spend 0.691416 on sample, 0.0608466 on copy, 1.62437 on count
[2022-12-06 06:06:11.399924: E /samgraph/samgraph/common/dist/pre_sampler.cc:136] max_num_inputs = 586765, min_num_inputs = 561610
[2022-12-06 06:06:11.893304: E /samgraph/samgraph/common/dist/pre_sampler.cc:148] presample spend 0.493292 on sort freq.
[2022-12-06 06:06:12.251765: E /samgraph/samgraph/common/dist/dist_engine.cc:524] pre sample done, delete it
[[[[[[2022-12-06 06:06:122022-12-06 06:06:122022-12-06 06:06:122022-12-06 06:06:122022-12-06 06:06:122022-12-06 06:06:12......293667293661293661293664293672293672: : : : : : WWWWWW      /samgraph/samgraph/common/dist/dist_engine.cc/samgraph/samgraph/common/dist/dist_engine.cc/samgraph/samgraph/common/dist/dist_engine.cc/samgraph/samgraph/common/dist/dist_engine.cc/samgraph/samgraph/common/dist/dist_engine.cc/samgraph/samgraph/common/dist/dist_engine.cc::::::711711711711711711] ] ] ] ] ] Trainer[1] building cache...Trainer[0] building cache...Trainer[4] building cache...Trainer[3] building cache...Trainer[2] building cache...Trainer[5] building cache...





[2022-12-06 06:06:12.294392: E /samgraph/3rdparty/collcachelib/coll_cache_lib/run_config.cc:134] [using concurrent impl MPS[2022-12-06 06:06:12
2022-12-06 06:06:12.[.2944062022-12-06 06:06:12294406: .: E294411E :  /samgraph/3rdparty/collcachelib/coll_cache_lib/run_config.ccE/samgraph/3rdparty/collcachelib/coll_cache_lib/run_config.cc: :134/samgraph/3rdparty/collcachelib/coll_cache_lib/run_config.cc134] :] using concurrent impl MPS134using concurrent impl MPS
] 
using concurrent impl MPS
[2022-12-06 06:06:12.295229: E /samgraph/3rdparty/collcachelib/coll_cache_lib/run_config.cc:134] using concurrent impl MPS
[2022-12-06 06:06:12[.2022-12-06 06:06:12295663.: 295669E:  E/samgraph/3rdparty/collcachelib/coll_cache_lib/coll_cache/asymm_link_desc.cc :/samgraph/3rdparty/collcachelib/coll_cache_lib/coll_cache/asymm_link_desc.cc196:] 196build symm link desc with 6X NVIDIA A100-SXM4-80GB out of 8] 
build symm link desc with 6X NVIDIA A100-SXM4-80GB out of 8
[[2022-12-06 06:06:122022-12-06 06:06:12..295699295699: : EE  /samgraph/3rdparty/collcachelib/coll_cache_lib/coll_cache/asymm_link_desc.cc/samgraph/3rdparty/collcachelib/coll_cache_lib/coll_cache/asymm_link_desc.cc::197197] ] remote time is 10.8824remote time is 10.8824

[2022-12-06 06:06:12[.2022-12-06 06:06:12295720.: 295721E:  E/samgraph/3rdparty/collcachelib/coll_cache_lib/coll_cache/asymm_link_desc.cc :/samgraph/3rdparty/collcachelib/coll_cache_lib/coll_cache/asymm_link_desc.cc198:] 198cpu time is 41.1111] 
cpu time is 41.1111
[2022-12-06 06:06:12.296131: E /samgraph/3rdparty/collcachelib/coll_cache_lib/coll_cache/asymm_link_desc.cc:196] build symm link desc with 6X NVIDIA A100-SXM4-80GB out of 8
[2022-12-06 06:06:12.296153: E /samgraph/3rdparty/collcachelib/coll_cache_lib/coll_cache/asymm_link_desc.cc:197] remote time is 10.8824
[2022-12-06 06:06:12.296168: E /samgraph/3rdparty/collcachelib/coll_cache_lib/coll_cache/asymm_link_desc.cc:198] cpu time is 41.1111
[2022-12-06 06:06:12.296204: E /samgraph/3rdparty/collcachelib/coll_cache_lib/coll_cache/asymm_link_desc.cc:196] build symm link desc with 6X NVIDIA A100-SXM4-80GB out of 8
[2022-12-06 06:06:12.296235: E /samgraph/3rdparty/collcachelib/coll_cache_lib/coll_cache/asymm_link_desc.cc:197] remote time is 10.8824
[2022-12-06 06:06:12.296246: E /samgraph/3rdparty/collcachelib/coll_cache_lib/coll_cache/asymm_link_desc.cc:198] cpu time is 41.1111
[2022-12-06 06:06:12.296426: E /samgraph/3rdparty/collcachelib/coll_cache_lib/coll_cache/asymm_link_desc.cc:196] build symm link desc with 6X NVIDIA A100-SXM4-80GB out of 8
[2022-12-06 06:06:12.296449: E /samgraph/3rdparty/collcachelib/coll_cache_lib/coll_cache/asymm_link_desc.cc:197] remote time is 10.8824
[2022-12-06 06:06:12.296460: E /samgraph/3rdparty/collcachelib/coll_cache_lib/coll_cache/asymm_link_desc.cc:198] cpu time is 41.1111
[2022-12-06 06:06:12.400426: E /samgraph/3rdparty/collcachelib/coll_cache_lib/run_config.cc:134] using concurrent impl MPS
[2022-12-06 06:06:12.401466: E /samgraph/3rdparty/collcachelib/coll_cache_lib/coll_cache/asymm_link_desc.cc:196] build symm link desc with 6X NVIDIA A100-SXM4-80GB out of 8
[2022-12-06 06:06:12.401486: E /samgraph/3rdparty/collcachelib/coll_cache_lib/coll_cache/asymm_link_desc.cc:197] remote time is 10.8824
[2022-12-06 06:06:12.401497: E /samgraph/3rdparty/collcachelib/coll_cache_lib/coll_cache/asymm_link_desc.cc:198] cpu time is 41.1111
[2022-12-06 06:07:41.834067: E /samgraph/3rdparty/collcachelib/coll_cache_lib/facade.cc:115] solver created. now build & solve
[2022-12-06 06:07:41.915605: W /samgraph/3rdparty/collcachelib/coll_cache_lib/cpu/cpu_device.cc:39] WORKER[0] alloc host memory 931.40 MB
[2022-12-06 06:07:41.915647: W /samgraph/3rdparty/collcachelib/coll_cache_lib/cpu/cpu_device.cc:39] WORKER[0] alloc host memory 931.40 MB
[2022-12-06 06:07:41.916229: W /samgraph/3rdparty/collcachelib/coll_cache_lib/coll_cache/optimal_solver_class.cc:68] mapping nid to rank...
[2022-12-06 06:07:42.363455: W /samgraph/3rdparty/collcachelib/coll_cache_lib/coll_cache/optimal_solver_class.cc:85] counting slots...
[2022-12-06 06:07:43.926112: W /samgraph/3rdparty/collcachelib/coll_cache_lib/coll_cache/optimal_solver_class.cc:99] Final num slot is 24
[2022-12-06 06:07:43.926181: W /samgraph/3rdparty/collcachelib/coll_cache_lib/coll_cache/optimal_solver_class.cc:103] counting blocks...
[2022-12-06 06:07:55.565537: W /samgraph/3rdparty/collcachelib/coll_cache_lib/coll_cache/optimal_solver_class.cc:112] Final num block is 1012
[2022-12-06 06:07:55.565600: W /samgraph/3rdparty/collcachelib/coll_cache_lib/coll_cache/optimal_solver_class.cc:117] counting freq and density...
[2022-12-06 06:07:57.997260: W /samgraph/3rdparty/collcachelib/coll_cache_lib/coll_cache/optimal_solver_class.cc:148] averaging freq and density...
[2022-12-06 06:07:57.997346: W /samgraph/3rdparty/collcachelib/coll_cache_lib/coll_cache/optimal_solver_class.cc:149] 1012
[2022-12-06 06:07:58.  1016: E /samgraph/3rdparty/collcachelib/coll_cache_lib/facade.cc:120] solver built. now solve
[2022-12-06 06:07:58.  1046: W /samgraph/3rdparty/collcachelib/coll_cache_lib/coll_cache/optimal_solver_class.cc:348] constructing optimal solver, device=6, stream=1
1012 blocks, 6 devices
[2022-12-06 06:07:58.796805: W /samgraph/3rdparty/collcachelib/coll_cache_lib/coll_cache/optimal_solver_class.cc:503] Add Var...
[2022-12-06 06:07:58.815914: W /samgraph/3rdparty/collcachelib/coll_cache_lib/coll_cache/optimal_solver_class.cc:521] Capacity...
[2022-12-06 06:07:58.816733: W /samgraph/3rdparty/collcachelib/coll_cache_lib/coll_cache/optimal_solver_class.cc:524] Connect CPU...
[2022-12-06 06:07:58.828789: W /samgraph/3rdparty/collcachelib/coll_cache_lib/coll_cache/optimal_solver_class.cc:526] Connect Access To Storage...
[2022-12-06 06:07:59. 85681: W /samgraph/3rdparty/collcachelib/coll_cache_lib/coll_cache/optimal_solver_class.cc:530] Time...
[2022-12-06 06:08:00.817724: W /samgraph/3rdparty/collcachelib/coll_cache_lib/coll_cache/optimal_solver_class.cc:545] Coll Cache init block placement array
[2022-12-06 06:08:00.820724: W /samgraph/3rdparty/collcachelib/coll_cache_lib/coll_cache/optimal_solver_class.cc:621] Coll Cache init block placement array done
[2022-12-06 06:08:00.821157: W /samgraph/3rdparty/collcachelib/coll_cache_lib/coll_cache/optimal_solver_class.cc:623] Coll Cache model reset done
[2022-12-06 06:08:00.838536: E /samgraph/3rdparty/collcachelib/coll_cache_lib/facade.cc:124] solver solved
[2022-12-06 06:08:00.838580: E /samgraph/3rdparty/collcachelib/coll_cache_lib/facade.cc:187] 0 solved master
[2022-12-06 06:08:00.838602: E /samgraph/3rdparty/collcachelib/coll_cache_lib/facade.cc:194] 0 solved
[2022-12-06 06:08:00.838613: E /samgraph/3rdparty/collcachelib/coll_cache_lib/facade.cc:197] worker 0 thread 0 initing device 0
[2022-12-06 06:08:00.839529: E /samgraph/3rdparty/collcachelib/coll_cache_lib/cache_context.cu:1762] Building Coll Cache with ... num gpu device is 6
[[[2022-12-06 06:08:002022-12-06 06:08:00..8722048722042022-12-06 06:08:00: : .EE872204  : /samgraph/3rdparty/collcachelib/coll_cache_lib/facade.cc/samgraph/3rdparty/collcachelib/coll_cache_lib/facade.ccE:: 194194/samgraph/3rdparty/collcachelib/coll_cache_lib/facade.cc] ] :1 solved5 solved194

] 2 solved
[[2022-12-06 06:08:002022-12-06 06:08:00.[.8722842022-12-06 06:08:00872284: .: E872287E :  /samgraph/3rdparty/collcachelib/coll_cache_lib/facade.ccE/samgraph/3rdparty/collcachelib/coll_cache_lib/facade.cc: :197/samgraph/3rdparty/collcachelib/coll_cache_lib/facade.cc197] :] worker 5 thread 5 initing device 5197worker 1 thread 1 initing device 1
] 
worker 2 thread 2 initing device 2
[2022-12-06 06:08:00.873470: E /samgraph/3rdparty/collcachelib/coll_cache_lib/cache_context.cu:1762] Building Coll Cache with ... num gpu device is 6
[[2022-12-06 06:08:002022-12-06 06:08:00..873589873589: : EE  /samgraph/3rdparty/collcachelib/coll_cache_lib/cache_context.cu/samgraph/3rdparty/collcachelib/coll_cache_lib/cache_context.cu::17621762] ] Building Coll Cache with ... num gpu device is 6Building Coll Cache with ... num gpu device is 6

[2022-12-06 06:08:00.897423: E /samgraph/3rdparty/collcachelib/coll_cache_lib/facade.cc:194] 3 solved
[2022-12-06 06:08:00.897502: E /samgraph/3rdparty/collcachelib/coll_cache_lib/facade.cc:197] worker 3 thread 3 initing device 3
[2022-12-06 06:08:00.898525: E /samgraph/3rdparty/collcachelib/coll_cache_lib/cache_context.cu:1762] Building Coll Cache with ... num gpu device is 6
[2022-12-06 06:08:00.902680: E /samgraph/3rdparty/collcachelib/coll_cache_lib/facade.cc:194] 4 solved
[2022-12-06 06:08:00.902728: E /samgraph/3rdparty/collcachelib/coll_cache_lib/facade.cc:197] worker 4 thread 4 initing device 4
[2022-12-06 06:08:00.903696: E /samgraph/3rdparty/collcachelib/coll_cache_lib/cache_context.cu:1762] Building Coll Cache with ... num gpu device is 6
[[[[[[2022-12-06 06:08:012022-12-06 06:08:012022-12-06 06:08:012022-12-06 06:08:012022-12-06 06:08:012022-12-06 06:08:01......353846353844353844353844353844353844: : : : : : EEEEEE      /samgraph/3rdparty/collcachelib/coll_cache_lib/cache_context.cu/samgraph/3rdparty/collcachelib/coll_cache_lib/cache_context.cu/samgraph/3rdparty/collcachelib/coll_cache_lib/cache_context.cu/samgraph/3rdparty/collcachelib/coll_cache_lib/cache_context.cu/samgraph/3rdparty/collcachelib/coll_cache_lib/cache_context.cu/samgraph/3rdparty/collcachelib/coll_cache_lib/cache_context.cu::::::187118711871187118711871] ] ] ] ] ] Device 2 init p2p of link 3Device 0 init p2p of link 1Device 5 init p2p of link 0Device 4 init p2p of link 5Device 3 init p2p of link 4


Device 1 init p2p of link 2


[2022-12-06 06:08:01.361278: E /samgraph/3rdparty/collcachelib/coll_cache_lib/cache_context.cu:1871] Device 4 init p2p of link 0
[2022-12-06 06:08:01.361393: E /samgraph/3rdparty/collcachelib/coll_cache_lib/cache_context.cu:1871] Device 0 init p2p of link 2
[2022-12-06 06:08:01.361495: E /samgraph/3rdparty/collcachelib/coll_cache_lib/cache_context.cu:1871] Device 3 init p2p of link 5
[2022-12-06 06:08:01.361541: E /samgraph/3rdparty/collcachelib/coll_cache_lib/cache_context.cu:1871] Device 1 init p2p of link 3
[[2022-12-06 06:08:012022-12-06 06:08:01..361557361559: : EE  /samgraph/3rdparty/collcachelib/coll_cache_lib/cache_context.cu/samgraph/3rdparty/collcachelib/coll_cache_lib/cache_context.cu::18711871] ] Device 5 init p2p of link 1Device 2 init p2p of link 4

[2022-12-06 06:08:01.364232: E /samgraph/3rdparty/collcachelib/coll_cache_lib/cache_context.cu:1871] Device 0 init p2p of link 3
[2022-12-06 06:08:01.364255: E /samgraph/3rdparty/collcachelib/coll_cache_lib/cache_context.cu:1871] Device 4 init p2p of link 1
[2022-12-06 06:08:01.365389: E /samgraph/3rdparty/collcachelib/coll_cache_lib/cache_context.cu:1871] Device 3 init p2p of link 0
[2022-12-06 06:08:01.365421: E /samgraph/3rdparty/collcachelib/coll_cache_lib/cache_context.cu:1871] Device 2 init p2p of link 5
[2022-12-06 06:08:01.365537: E /samgraph/3rdparty/collcachelib/coll_cache_lib/cache_context.cu:1871] Device 5 init p2p of link 2
[2022-12-06 06:08:01.367853: E /samgraph/3rdparty/collcachelib/coll_cache_lib/cache_context.cu:1871] Device 4 init p2p of link 2
[2022-12-06 06:08:01.367881: E /samgraph/3rdparty/collcachelib/coll_cache_lib/cache_context.cu:1871] Device 1 init p2p of link 4
[2022-12-06 06:08:01.367943: E /samgraph/3rdparty/collcachelib/coll_cache_lib/cache_context.cu:1871] Device 0 init p2p of link 4
[2022-12-06 06:08:01.369096: E /samgraph/3rdparty/collcachelib/coll_cache_lib/cache_context.cu:1871] Device 2 init p2p of link 0
[2022-12-06 06:08:01.369162: E /samgraph/3rdparty/collcachelib/coll_cache_lib/cache_context.cu:1871] Device 3 init p2p of link 1
[2022-12-06 06:08:01.369179: E /samgraph/3rdparty/collcachelib/coll_cache_lib/cache_context.cu:1871] Device 5 init p2p of link 3
[2022-12-06 06:08:01.371453: E /samgraph/3rdparty/collcachelib/coll_cache_lib/cache_context.cu:1871] Device 4 init p2p of link 3
[2022-12-06 06:08:01.371733: E /samgraph/3rdparty/collcachelib/coll_cache_lib/cache_context.cu:1871] Device 1 init p2p of link 5
[2022-12-06 06:08:01.371909: E /samgraph/3rdparty/collcachelib/coll_cache_lib/cache_context.cu:1871] Device 0 init p2p of link 5
[[2022-12-06 06:08:012022-12-06 06:08:01..372954372958: : EE  /samgraph/3rdparty/collcachelib/coll_cache_lib/cache_context.cu/samgraph/3rdparty/collcachelib/coll_cache_lib/cache_context.cu::18711871] ] Device 5 init p2p of link 4Device 2 init p2p of link 1

[2022-12-06 06:08:01.373058: E /samgraph/3rdparty/collcachelib/coll_cache_lib/cache_context.cu:1871] Device 3 init p2p of link 2
[2022-12-06 06:08:01.375232: E /samgraph/3rdparty/collcachelib/coll_cache_lib/cache_context.cu:1871] Device 1 init p2p of link 0
[2022-12-06 06:08:01.375305: E /samgraph/3rdparty/collcachelib/coll_cache_lib/cache_context.cu:1900] Asymm Coll cache (policy: coll_cache_asymm_link) | local 2436072 / 244160499 nodes ( 1.00 %~1.00 %) | remote 12188390 / 244160499 nodes ( 4.99 %) | cpu 229536037 / 244160499 nodes ( 94.01 %) | 3.52 GB | 0.47158 secs 
[2022-12-06 06:08:01.378021: E /samgraph/3rdparty/collcachelib/coll_cache_lib/cache_context.cu:1900] Asymm Coll cache (policy: coll_cache_asymm_link) | local 2441106 / 244160499 nodes ( 1.00 %~1.00 %) | remote 12183356 / 244160499 nodes ( 4.99 %) | cpu 229536037 / 244160499 nodes ( 94.01 %) | 3.53 GB | 0.538468 secs 
[2022-12-06 06:08:01.378190: W /samgraph/3rdparty/collcachelib/coll_cache_lib/cache_context.cu:2004] before create ctx, mem is 6.96 GB
[2022-12-06 06:08:01.380647: E /samgraph/3rdparty/collcachelib/coll_cache_lib/cache_context.cu:1900] Asymm Coll cache (policy: coll_cache_asymm_link) | local 2438776 / 244160499 nodes ( 1.00 %~1.00 %) | remote 12185686 / 244160499 nodes ( 4.99 %) | cpu 229536037 / 244160499 nodes ( 94.01 %) | 3.52 GB | 0.507153 secs 
[2022-12-06 06:08:01.381282: E /samgraph/3rdparty/collcachelib/coll_cache_lib/cache_context.cu:1900] Asymm Coll cache (policy: coll_cache_asymm_link) | local 2435161 / 244160499 nodes ( 1.00 %~1.00 %) | remote 12189301 / 244160499 nodes ( 4.99 %) | cpu 229536037 / 244160499 nodes ( 94.01 %) | 3.52 GB | 0.507659 secs 
[2022-12-06 06:08:01.381883: E /samgraph/3rdparty/collcachelib/coll_cache_lib/cache_context.cu:1900] Asymm Coll cache (policy: coll_cache_asymm_link) | local 2435793 / 244160499 nodes ( 1.00 %~1.00 %) | remote 12188669 / 244160499 nodes ( 4.99 %) | cpu 229536037 / 244160499 nodes ( 94.01 %) | 3.52 GB | 0.483331 secs 
[2022-12-06 06:08:01.386944: E /samgraph/3rdparty/collcachelib/coll_cache_lib/cache_context.cu:1900] Asymm Coll cache (policy: coll_cache_asymm_link) | local 2437554 / 244160499 nodes ( 1.00 %~1.00 %) | remote 12186908 / 244160499 nodes ( 4.99 %) | cpu 229536037 / 244160499 nodes ( 94.01 %) | 3.52 GB | 0.513321 secs 
[2022-12-06 06:08:02.549643: W /samgraph/3rdparty/collcachelib/coll_cache_lib/cache_context.cu:2010] after create ctx, mem is 7.39 GB
[2022-12-06 06:08:02.549740: W /samgraph/3rdparty/collcachelib/coll_cache_lib/cache_context.cu:2017] after create stream, mem is 7.39 GB
[2022-12-06 06:08:02.549891: W /samgraph/3rdparty/collcachelib/coll_cache_lib/cache_context.cu:2004] before create ctx, mem is 7.39 GB
[2022-12-06 06:08:03.650873: W /samgraph/3rdparty/collcachelib/coll_cache_lib/cache_context.cu:2010] after create ctx, mem is 7.82 GB
[2022-12-06 06:08:03.651056: W /samgraph/3rdparty/collcachelib/coll_cache_lib/cache_context.cu:2017] after create stream, mem is 7.82 GB
[2022-12-06 06:08:03.651244: W /samgraph/3rdparty/collcachelib/coll_cache_lib/cache_context.cu:2004] before create ctx, mem is 7.82 GB
[2022-12-06 06:08:04.807317: W /samgraph/3rdparty/collcachelib/coll_cache_lib/cache_context.cu:2010] after create ctx, mem is 8.25 GB
[2022-12-06 06:08:04.807410: W /samgraph/3rdparty/collcachelib/coll_cache_lib/cache_context.cu:2017] after create stream, mem is 8.25 GB
[2022-12-06 06:08:04.807583: W /samgraph/3rdparty/collcachelib/coll_cache_lib/cache_context.cu:2004] before create ctx, mem is 8.25 GB
[2022-12-06 06:08:05.839465: W /samgraph/3rdparty/collcachelib/coll_cache_lib/cache_context.cu:2010] after create ctx, mem is 8.67 GB
[2022-12-06 06:08:05.839554: W /samgraph/3rdparty/collcachelib/coll_cache_lib/cache_context.cu:2017] after create stream, mem is 8.67 GB
[2022-12-06 06:08:05.839704: W /samgraph/3rdparty/collcachelib/coll_cache_lib/cache_context.cu:2004] before create ctx, mem is 8.67 GB
[2022-12-06 06:08:06.915363: W /samgraph/3rdparty/collcachelib/coll_cache_lib/cache_context.cu:2010] after create ctx, mem is 9.10 GB
[2022-12-06 06:08:06.915451: W /samgraph/3rdparty/collcachelib/coll_cache_lib/cache_context.cu:2017] after create stream, mem is 9.10 GB
[2022-12-06 06:08:06.915602: W /samgraph/3rdparty/collcachelib/coll_cache_lib/cache_context.cu:2004] before create ctx, mem is 9.10 GB
[2022-12-06 06:08:08. 27839: W /samgraph/3rdparty/collcachelib/coll_cache_lib/cache_context.cu:2010] after create ctx, mem is 9.85 GB
[2022-12-06 06:08:08. 27924: W /samgraph/3rdparty/collcachelib/coll_cache_lib/cache_context.cu:2017] after create stream, mem is 9.85 GB
[2022-12-06 06:08:08. 28085: W /samgraph/3rdparty/collcachelib/coll_cache_lib/cache_context.cu:2004] before create ctx, mem is 9.85 GB
[2022-12-06 06:08:08.995003: W /samgraph/3rdparty/collcachelib/coll_cache_lib/cache_context.cu:2010] after create ctx, mem is 10.24 GB
[2022-12-06 06:08:08.995441: W /samgraph/3rdparty/collcachelib/coll_cache_lib/cache_context.cu:2017] after create stream, mem is 10.24 GB
[2022-12-06 06:08:10.[191519: 2022-12-06 06:08:10E[. 2022-12-06 06:08:10191524/samgraph/3rdparty/collcachelib/coll_cache_lib/run_config.cc.: :[[191532E1342022-12-06 06:08:10: 2022-12-06 06:08:10 ] .E./samgraph/3rdparty/collcachelib/coll_cache_lib/run_config.ccusing concurrent impl MPS191572 191556:
: /samgraph/3rdparty/collcachelib/coll_cache_lib/run_config.cc: 134E:E]  [134 using concurrent impl MPS/samgraph/3rdparty/collcachelib/coll_cache_lib/run_config.cc] /samgraph/3rdparty/collcachelib/coll_cache_lib/run_config.cc
2022-12-06 06:08:10:using concurrent impl MPS:.134
134191608] ] : using concurrent impl MPSusing concurrent impl MPSE

 /samgraph/3rdparty/collcachelib/coll_cache_lib/run_config.cc:134] using concurrent impl MPS
[[2022-12-06 06:08:102022-12-06 06:08:10..193251193255: : EE  /samgraph/3rdparty/collcachelib/coll_cache_lib/coll_cache/asymm_link_desc.cc/samgraph/3rdparty/collcachelib/coll_cache_lib/coll_cache/asymm_link_desc.cc::196196] ] build symm link desc with 6X NVIDIA A100-SXM4-80GB out of 8
build symm link desc with 6X NVIDIA A100-SXM4-80GB out of 8
[[2022-12-06 06:08:102022-12-06 06:08:10..193301193301: : EE  /samgraph/3rdparty/collcachelib/coll_cache_lib/coll_cache/asymm_link_desc.cc/samgraph/3rdparty/collcachelib/coll_cache_lib/coll_cache/asymm_link_desc.cc::197197] ] remote time is 10.8824remote time is 10.8824

[[2022-12-06 06:08:102022-12-06 06:08:10..193323193324: : EE  /samgraph/3rdparty/collcachelib/coll_cache_lib/coll_cache/asymm_link_desc.cc/samgraph/3rdparty/collcachelib/coll_cache_lib/coll_cache/asymm_link_desc.cc::198198] ] cpu time is 41.1111cpu time is 41.1111

[2022-12-06 06:08:10.193419: E /samgraph/3rdparty/collcachelib/coll_cache_lib/coll_cache/asymm_link_desc.cc:196] build symm link desc with 6X NVIDIA A100-SXM4-80GB out of 8
[2022-12-06 06:08:10.193449: E /samgraph/3rdparty/collcachelib/coll_cache_lib/coll_cache/asymm_link_desc.cc:197] remote time is 10.8824
[2022-12-06 06:08:10.193460: E /samgraph/3rdparty/collcachelib/coll_cache_lib/coll_cache/asymm_link_desc.cc:198] cpu time is 41.1111
[2022-12-06 06:08:10.193841: E /samgraph/3rdparty/collcachelib/coll_cache_lib/coll_cache/asymm_link_desc.cc:196] [build symm link desc with 6X NVIDIA A100-SXM4-80GB out of 82022-12-06 06:08:10
.193849: E /samgraph/3rdparty/collcachelib/coll_cache_lib/coll_cache/asymm_link_desc.cc:196] build symm link desc with 6X NVIDIA A100-SXM4-80GB out of 8
[2022-12-06 06:08:10.193868: E /samgraph/3rdparty/collcachelib/coll_cache_lib/coll_cache/asymm_link_desc.cc:197] [remote time is 10.88242022-12-06 06:08:10
.193875: E /samgraph/3rdparty/collcachelib/coll_cache_lib/coll_cache/asymm_link_desc.cc:[1972022-12-06 06:08:10] .remote time is 10.8824193886
: E /samgraph/3rdparty/collcachelib/coll_cache_lib/coll_cache/asymm_link_desc.cc:198[] 2022-12-06 06:08:10cpu time is 41.1111.
193904: E /samgraph/3rdparty/collcachelib/coll_cache_lib/coll_cache/asymm_link_desc.cc:198] cpu time is 41.1111
[2022-12-06 06:08:10.194129: E /samgraph/3rdparty/collcachelib/coll_cache_lib/coll_cache/asymm_link_desc.cc:196] build symm link desc with 6X NVIDIA A100-SXM4-80GB out of 8
[2022-12-06 06:08:10.194153: E /samgraph/3rdparty/collcachelib/coll_cache_lib/coll_cache/asymm_link_desc.cc:197] remote time is 10.8824
[2022-12-06 06:08:10.194168: E /samgraph/3rdparty/collcachelib/coll_cache_lib/coll_cache/asymm_link_desc.cc:198] cpu time is 41.1111
[2022-12-06 06:08:10.638024: E /samgraph/3rdparty/collcachelib/coll_cache_lib/facade.cc:115] solver created. now build & solve
[2022-12-06 06:08:10.666618: W /samgraph/3rdparty/collcachelib/coll_cache_lib/cpu/cpu_device.cc:39] WORKER[0] alloc host memory 931.40 MB
[2022-12-06 06:08:10.666668: W /samgraph/3rdparty/collcachelib/coll_cache_lib/cpu/cpu_device.cc:39] WORKER[0] alloc host memory 931.40 MB
[2022-12-06 06:08:10.666705: W /samgraph/3rdparty/collcachelib/coll_cache_lib/coll_cache/optimal_solver_class.cc:68] mapping nid to rank...
[2022-12-06 06:08:11.195434: W /samgraph/3rdparty/collcachelib/coll_cache_lib/coll_cache/optimal_solver_class.cc:85] counting slots...
[2022-12-06 06:08:13.689721: W /samgraph/3rdparty/collcachelib/coll_cache_lib/coll_cache/optimal_solver_class.cc:99] Final num slot is 24
[2022-12-06 06:08:13.689795: W /samgraph/3rdparty/collcachelib/coll_cache_lib/coll_cache/optimal_solver_class.cc:103] counting blocks...
[2022-12-06 06:08:26.997335: W /samgraph/3rdparty/collcachelib/coll_cache_lib/coll_cache/optimal_solver_class.cc:112] Final num block is 1012
[2022-12-06 06:08:26.997423: W /samgraph/3rdparty/collcachelib/coll_cache_lib/coll_cache/optimal_solver_class.cc:117] counting freq and density...
[2022-12-06 06:08:29.835813: W /samgraph/3rdparty/collcachelib/coll_cache_lib/coll_cache/optimal_solver_class.cc:148] averaging freq and density...
[2022-12-06 06:08:29.835910: W /samgraph/3rdparty/collcachelib/coll_cache_lib/coll_cache/optimal_solver_class.cc:149] 1012
[2022-12-06 06:08:29.840428: E /samgraph/3rdparty/collcachelib/coll_cache_lib/facade.cc:120] solver built. now solve
[2022-12-06 06:08:29.840483: W /samgraph/3rdparty/collcachelib/coll_cache_lib/coll_cache/optimal_solver_class.cc:348] constructing optimal solver, device=6, stream=1
1012 blocks, 6 devices
[2022-12-06 06:08:29.855759: W /samgraph/3rdparty/collcachelib/coll_cache_lib/coll_cache/optimal_solver_class.cc:503] Add Var...
[2022-12-06 06:08:29.890573: W /samgraph/3rdparty/collcachelib/coll_cache_lib/coll_cache/optimal_solver_class.cc:521] Capacity...
[2022-12-06 06:08:29.891964: W /samgraph/3rdparty/collcachelib/coll_cache_lib/coll_cache/optimal_solver_class.cc:524] Connect CPU...
[2022-12-06 06:08:29.913664: W /samgraph/3rdparty/collcachelib/coll_cache_lib/coll_cache/optimal_solver_class.cc:526] Connect Access To Storage...
[2022-12-06 06:08:30.379879: W /samgraph/3rdparty/collcachelib/coll_cache_lib/coll_cache/optimal_solver_class.cc:530] Time...
[2022-12-06 06:08:32.288212: W /samgraph/3rdparty/collcachelib/coll_cache_lib/coll_cache/optimal_solver_class.cc:545] Coll Cache init block placement array
[2022-12-06 06:08:32.294601: W /samgraph/3rdparty/collcachelib/coll_cache_lib/coll_cache/optimal_solver_class.cc:621] Coll Cache init block placement array done
[2022-12-06 06:08:32.295448: W /samgraph/3rdparty/collcachelib/coll_cache_lib/coll_cache/optimal_solver_class.cc:623] Coll Cache model reset done
[2022-12-06 06:08:32.325947: E /samgraph/3rdparty/collcachelib/coll_cache_lib/facade.cc:124] solver solved
[2022-12-06 06:08:32.326000: E /samgraph/3rdparty/collcachelib/coll_cache_lib/facade.cc:187] 0 solved master
[2022-12-06 06:08:32.326020: E /samgraph/3rdparty/collcachelib/coll_cache_lib/facade.cc:194] 0 solved
[2022-12-06 06:08:32.326037: E /samgraph/3rdparty/collcachelib/coll_cache_lib/facade.cc:197] worker 0 thread 0 initing device 0
[2022-12-06 06:08:32.356453: E /samgraph/3rdparty/collcachelib/coll_cache_lib/facade.cc:194] 4 solved
[2022-12-06 06:08:32.356507: E /samgraph/3rdparty/collcachelib/coll_cache_lib/facade.cc:197] worker 4 thread 4 initing device 4
[2022-12-06 06:08:32.385587: E /samgraph/3rdparty/collcachelib/coll_cache_lib/facade.cc:194] 2 solved
[2022-12-06 06:08:32.385647: E /samgraph/3rdparty/collcachelib/coll_cache_lib/facade.cc:197] worker 2 thread 2 initing device 2
[2022-12-06 06:08:32.385608: E /samgraph/3rdparty/collcachelib/coll_cache_lib/facade.cc:194] 1 solved
[2022-12-06 06:08:32.386092: E /samgraph/3rdparty/collcachelib/coll_cache_lib/facade.cc:197] worker 1 thread 1 initing device 1
[[2022-12-06 06:08:32.2022-12-06 06:08:32403962.: 403962E:  E/samgraph/3rdparty/collcachelib/coll_cache_lib/facade.cc :/samgraph/3rdparty/collcachelib/coll_cache_lib/facade.cc194:] 1943 solved] 
5 solved
[2022-12-06 06:08:32.[4040512022-12-06 06:08:32: .E404053 : /samgraph/3rdparty/collcachelib/coll_cache_lib/facade.ccE: 197/samgraph/3rdparty/collcachelib/coll_cache_lib/facade.cc] :worker 3 thread 3 initing device 3197
] worker 5 thread 5 initing device 5
[2022-12-06 06:08:35.555313: W /samgraph/samgraph/common/cuda/cuda_device.cc:49] GPU[0] alloc cuda memory 922.69 MB
[2022-12-06 06:08:37.316505: W /samgraph/samgraph/common/cuda/cuda_device.cc:49] GPU[0] alloc cuda memory 922.69 MB
/usr/local/lib/python3.8/dist-packages/torch/nn/parallel/scatter_gather.py:9: UserWarning: is_namedtuple is deprecated, please use the python checks instead
  warnings.warn("is_namedtuple is deprecated, please use the python checks instead")
/usr/local/lib/python3.8/dist-packages/torch/nn/parallel/scatter_gather.py:9: UserWarning: is_namedtuple is deprecated, please use the python checks instead
  warnings.warn("is_namedtuple is deprecated, please use the python checks instead")
/usr/local/lib/python3.8/dist-packages/torch/nn/parallel/scatter_gather.py:9: UserWarning: is_namedtuple is deprecated, please use the python checks instead
  warnings.warn("is_namedtuple is deprecated, please use the python checks instead")
/usr/local/lib/python3.8/dist-packages/torch/nn/parallel/scatter_gather.py:9: UserWarning: is_namedtuple is deprecated, please use the python checks instead
  warnings.warn("is_namedtuple is deprecated, please use the python checks instead")
/usr/local/lib/python3.8/dist-packages/torch/nn/parallel/scatter_gather.py:9: UserWarning: is_namedtuple is deprecated, please use the python checks instead
  warnings.warn("is_namedtuple is deprecated, please use the python checks instead")
/usr/local/lib/python3.8/dist-packages/torch/nn/parallel/scatter_gather.py:9: UserWarning: is_namedtuple is deprecated, please use the python checks instead
  warnings.warn("is_namedtuple is deprecated, please use the python checks instead")
