config:eval_tsp="2022-12-05 21:29:09"
config:arch=arch5
config:num_train_worker=6
config:num_sample_worker=2
config:sample_type=khop2
config:root_path=/nvme/graph-learning-copy/samgraph/
config:dataset=mag240m-homo
config:pipeline=False
config:cache_policy=coll_cache_asymm_link
config:cache_percentage=0.01
config:num_epoch=4
config:batch_size=8000
config:num_hidden=256
config:max_sampling_jobs=1
config:max_copying_jobs=1
config:barriered_epoch=1
config:presample_epoch=2
config:omp_thread_num=6
config:unsupervised=False
config:amp=True
config:rolling=0
config:fanout=[25, 10]
config:lr=0.003
config:dropout=0.5
config:single_gpu=False
config:max_num_step=100000
config:validate_configs=False
config:report_acc=0
config:dataset_path=/nvme/graph-learning-copy/samgraph/mag240m-homo
config:torch_thread_num=9
config:train_workers=['cuda:0', 'cuda:1', 'cuda:2', 'cuda:3', 'cuda:4', 'cuda:5']
config:sample_workers=['cuda:6', 'cuda:7']
config:num_fanout=2
config:num_layer=2
config:_run_mode=RunMode.FGNN
config:_log_level=warn
config:_profile_level=3
config:_empty_feat=0
config:_arch=5
config:_sample_type=5
config:_cache_policy=13
test_result:init:input_scale_factor=1.1
0 :  {link #0 : 1}, {link #1 : 2}, {link #2 : 3}, {link #3 : 4}, {link #4 : 5},
1 :  {link #0 : 2}, {link #1 : 3}, {link #2 : 4}, {link #3 : 5}, {link #4 : 0},
2 :  {link #0 : 3}, {link #1 : 4}, {link #2 : 5}, {link #3 : 0}, {link #4 : 1},
3 :  {link #0 : 4}, {link #1 : 5}, {link #2 : 0}, {link #3 : 1}, {link #4 : 2},
4 :  {link #0 : 5}, {link #1 : 0}, {link #2 : 1}, {link #3 : 2}, {link #4 : 3},
5 :  {link #0 : 0}, {link #1 : 1}, {link #2 : 2}, {link #3 : 3}, {link #4 : 4},
0 :  {link #0 : 1}, {link #1 : 2}, {link #2 : 3}, {link #3 : 4}, {link #4 : 5},
1 :  {link #0 : 2}, {link #1 : 3}, {link #2 : 4}, {link #3 : 5}, {link #4 : 0},
2 :  {link #0 : 3}, {link #1 : 4}, {link #2 : 5}, {link #3 : 0}, {link #4 : 1},
3 :  {link #0 : 4}, {link #1 : 5}, {link #2 : 0}, {link #3 : 1}, {link #4 : 2},
4 :  {link #0 : 5}, {link #1 : 0}, {link #2 : 1}, {link #3 : 2}, {link #4 : 3},
5 :  {link #0 : 0}, {link #1 : 1}, {link #2 : 2}, {link #3 : 3}, {link #4 : 4},
0 :  {link #0 : 1}, {link #1 : 2}, {link #2 : 3}, {link #3 : 4}, {link #4 : 5},
1 :  {link #0 : 2}, {link #1 : 3}, {link #2 : 4}, {link #3 : 5}, {link #4 : 0},
2 :  {link #0 : 3}, {link #1 : 4}, {link #2 : 5}, {link #3 : 0}, {link #4 : 1},
3 :  {link #0 : 4}, {link #1 : 5}, {link #2 : 0}, {link #3 : 1}, {link #4 : 2},
4 :  {link #0 : 5}, {link #1 : 0}, {link #2 : 1}, {link #3 : 2}, {link #4 : 3},
5 :  {link #0 : 0}, {link #1 : 1}, {link #2 : 2}, {link #3 : 3}, {link #4 : 4},
0 :  {link #0 : 1}, {link #1 : 2}, {link #2 : 3}, {link #3 : 4}, {link #4 : 5},
1 :  {link #0 : 2}, {link #1 : 3}, {link #2 : 4}, {link #3 : 5}, {link #4 : 0},
2 :  {link #0 : 3}, {link #1 : 4}, {link #2 : 5}, {link #3 : 0}, {link #4 : 1},
3 :  {link #0 : 4}, {link #1 : 5}, {link #2 : 0}, {link #3 : 1}, {link #4 : 2},
4 :  {link #0 : 5}, {link #1 : 0}, {link #2 : 1}, {link #3 : 2}, {link #4 : 3},
5 :  {link #0 : 0}, {link #1 : 1}, {link #2 : 2}, {link #3 : 3}, {link #4 : 4},
0 :  {link #0 : 1}, {link #1 : 2}, {link #2 : 3}, {link #3 : 4}, {link #4 : 5},
1 :  {link #0 : 2}, {link #1 : 3}, {link #2 : 4}, {link #3 : 5}, {link #4 : 0},
2 :  {link #0 : 3}, {link #1 : 4}, {link #2 : 5}, {link #3 : 0}, {link #4 : 1},
3 :  {link #0 : 4}, {link #1 : 5}, {link #2 : 0}, {link #3 : 1}, {link #4 : 2},
4 :  {link #0 : 5}, {link #1 : 0}, {link #2 : 1}, {link #3 : 2}, {link #4 : 3},
5 :  {link #0 : 0}, {link #1 : 1}, {link #2 : 2}, {link #3 : 3}, {link #4 : 4},
0 :  {link #0 : 1}, {link #1 : 2}, {link #2 : 3}, {link #3 : 4}, {link #4 : 5},
1 :  {link #0 : 2}, {link #1 : 3}, {link #2 : 4}, {link #3 : 5}, {link #4 : 0},
2 :  {link #0 : 3}, {link #1 : 4}, {link #2 : 5}, {link #3 : 0}, {link #4 : 1},
3 :  {link #0 : 4}, {link #1 : 5}, {link #2 : 0}, {link #3 : 1}, {link #4 : 2},
4 :  {link #0 : 5}, {link #1 : 0}, {link #2 : 1}, {link #3 : 2}, {link #4 : 3},
5 :  {link #0 : 0}, {link #1 : 1}, {link #2 : 2}, {link #3 : 3}, {link #4 : 4},
Set parameter WLSAccessID
Set parameter WLSSecret
Set parameter LicenseID
Set parameter TimeLimit to value 200
Set parameter MIPGap to value 0.05
Set parameter GomoryPasses to value 0
Set parameter Aggregate to value 0
Set parameter LogFile to value "cppsolver.log"
Set parameter Threads to value 12
Academic license - for non-commercial use only - registered to xiaoniu.sxn@sjtu.edu.cn
Gurobi Optimizer version 9.5.1 build v9.5.1rc2 (linux64)
Thread count: 56 physical cores, 112 logical processors, using up to 12 threads
Academic license - for non-commercial use only - registered to xiaoniu.sxn@sjtu.edu.cn
Optimize a model with 188280 rows, 37451 columns and 455448 nonzeros
Model fingerprint: 0x4b177597
Variable types: 7 continuous, 37444 integer (37444 binary)
Coefficient statistics:
  Matrix range     [9e-04, 3e+02]
  Objective range  [1e+00, 1e+00]
  Bounds range     [1e+00, 1e+00]
  RHS range        [1e+00, 1e+02]
Found heuristic solution: objective 2.000000e+09
Presolve removed 151805 rows and 0 columns
Presolve time: 0.30s
Presolved: 36475 rows, 37451 columns, 146783 nonzeros
Found heuristic solution: objective 5064.5515949
Variable types: 7 continuous, 37444 integer (37444 binary)

Deterministic concurrent LP optimizer: primal and dual simplex
Showing first log only...


Use crossover to convert LP symmetric solution to basic solution...
Concurrent spin time: 0.00s

Solved with primal simplex

Root relaxation: objective 3.295511e+02, 5621 iterations, 0.10 seconds (0.10 work units)

    Nodes    |    Current Node    |     Objective Bounds      |     Work
 Expl Unexpl |  Obj  Depth IntInf | Incumbent    BestBd   Gap | It/Node Time

     0     0  329.55110    0   49 5064.55159  329.55110  93.5%     -    0s
H    0     0                     331.9454241  329.55110  0.72%     -    2s

Explored 1 nodes (44982 simplex iterations) in 2.73 seconds (2.64 work units)
Thread count was 12 (of 112 available processors)

Solution count 3: 331.945 5064.55 2e+09 

Optimal solution found (tolerance 5.00e-02)
Best objective 3.319454240988e+02, best bound 3.295510994269e+02, gap 0.7213%
coll_cache:optimal_local_rate=0.191352,0.225168,0.18282,0.117437,0.0598249,0.177006,
coll_cache:optimal_remote_rate=0.762255,0.728439,0.770787,0.83617,0.893782,0.776601,
coll_cache:optimal_cpu_rate=0.046393,0.046393,0.046393,0.046393,0.046393,0.046393,
z=331.945
test_result:init:feat_nbytes=375030526464
test_result:init:cache_nbytes=3775317504
test_result:init:feat_nbytes=375030526464
test_result:init:cache_nbytes=3786765312
test_result:init:feat_nbytes=375030526464
test_result:init:cache_nbytes=3774005760
test_result:init:feat_nbytes=375030526464
test_result:init:cache_nbytes=3716573184
test_result:init:feat_nbytes=375030526464
test_result:init:cache_nbytes=3777503232
test_result:init:feat_nbytes=375030526464
test_result:init:cache_nbytes=3787474944
0 :  {link #0 : 1}, {link #1 : 2}, {link #2 : 3}, {link #3 : 4}, {link #4 : 5},
1 :  {link #0 : 2}, {link #1 : 3}, {link #2 : 4}, {link #3 : 5}, {link #4 : 0},
2 :  {link #0 : 3}, {link #1 : 4}, {link #2 : 5}, {link #3 : 0}, {link #4 : 1},
3 :  {link #0 : 4}, {link #1 : 5}, {link #2 : 0}, {link #3 : 1}, {link #4 : 2},
4 :  {link #0 : 5}, {link #1 : 0}, {link #2 : 1}, {link #3 : 2}, {link #4 : 3},
5 :  {link #0 : 0}, {link #1 : 1}, {link #2 : 2}, {link #3 : 3}, {link #4 : 4},
0 :  {link #0 : 1}, {link #1 : 2}, {link #2 : 3}, {link #3 : 4}, {link #4 : 5},
1 :  {link #0 : 2}, {link #1 : 3}, {link #2 : 4}, {link #3 : 5}, {link #4 : 0},
2 :  {link #0 : 3}, {link #1 : 4}, {link #2 : 5}, {link #3 : 0}, {link #4 : 1},
3 :  {link #0 : 4}, {link #1 : 5}, {link #2 : 0}, {link #3 : 1}, {link #4 : 2},
4 :  {link #0 : 5}, {link #1 : 0}, {link #2 : 1}, {link #3 : 2}, {link #4 : 3},
5 :  {link #0 : 0}, {link #1 : 1}, {link #2 : 2}, {link #3 : 3}, {link #4 : 4},
0 :  {link #0 : 1}, {link #1 : 2}, {link #2 : 3}, {link #3 : 4}, {link #4 : 5},
1 :  {link #0 : 2}, {link #1 : 3}, {link #2 : 4}, {link #3 : 5}, {link #4 : 0},
2 :  {link #0 : 3}, {link #1 : 4}, {link #2 : 5}, {link #3 : 0}, {link #4 : 1},
3 :  {link #0 : 4}, {link #1 : 5}, {link #2 : 0}, {link #3 : 1}, {link #4 : 2},
4 :  {link #0 : 5}, {link #1 : 0}, {link #2 : 1}, {link #3 : 2}, {link #4 : 3},
5 :  {link #0 : 0}, {link #1 : 1}, {link #2 : 2}, {link #3 : 3}, {link #4 : 4},
0 :  {link #0 : 1}, {link #1 : 2}, {link #2 : 3}, {link #3 : 4}, {link #4 : 5},
1 :  {link #0 : 2}, {link #1 : 3}, {link #2 : 4}, {link #3 : 5}, {link #4 : 0},
2 :  {link #0 : 3}, {link #1 : 4}, {link #2 : 5}, {link #3 : 0}, {link #4 : 1},
3 :  {link #0 : 4}, {link #1 : 5}, {link #2 : 0}, {link #3 : 1}, {link #4 : 2},
4 :  {link #0 : 5}, {link #1 : 0}, {link #2 : 1}, {link #3 : 2}, {link #4 : 3},
5 :  {link #0 : 0}, {link #1 : 1}, {link #2 : 2}, {link #3 : 3}, {link #4 : 4},
0 :  {link #0 : 1}, {link #1 : 2}, {link #2 : 3}, {link #3 : 4}, {link #4 : 5},
1 :  {link #0 : 2}, {link #1 : 3}, {link #2 : 4}, {link #3 : 5}, {link #4 : 0},
2 :  {link #0 : 3}, {link #1 : 4}, {link #2 : 5}, {link #3 : 0}, {link #4 : 1},
3 :  {link #0 : 4}, {link #1 : 5}, {link #2 : 0}, {link #3 : 1}, {link #4 : 2},
4 :  {link #0 : 5}, {link #1 : 0}, {link #2 : 1}, {link #3 : 2}, {link #4 : 3},
5 :  {link #0 : 0}, {link #1 : 1}, {link #2 : 2}, {link #3 : 3}, {link #4 : 4},
0 :  {link #0 : 1}, {link #1 : 2}, {link #2 : 3}, {link #3 : 4}, {link #4 : 5},
1 :  {link #0 : 2}, {link #1 : 3}, {link #2 : 4}, {link #3 : 5}, {link #4 : 0},
2 :  {link #0 : 3}, {link #1 : 4}, {link #2 : 5}, {link #3 : 0}, {link #4 : 1},
3 :  {link #0 : 4}, {link #1 : 5}, {link #2 : 0}, {link #3 : 1}, {link #4 : 2},
4 :  {link #0 : 5}, {link #1 : 0}, {link #2 : 1}, {link #3 : 2}, {link #4 : 3},
5 :  {link #0 : 0}, {link #1 : 1}, {link #2 : 2}, {link #3 : 3}, {link #4 : 4},
Set parameter WLSAccessID
Set parameter WLSSecret
Set parameter LicenseID
Set parameter TimeLimit to value 200
Set parameter MIPGap to value 0.05
Set parameter GomoryPasses to value 0
Set parameter Aggregate to value 0
Set parameter LogFile to value "cppsolver.log"
Set parameter Threads to value 12
Academic license - for non-commercial use only - registered to xiaoniu.sxn@sjtu.edu.cn
Gurobi Optimizer version 9.5.1 build v9.5.1rc2 (linux64)
Thread count: 56 physical cores, 112 logical processors, using up to 12 threads
Academic license - for non-commercial use only - registered to xiaoniu.sxn@sjtu.edu.cn
Optimize a model with 188280 rows, 37451 columns and 455448 nonzeros
Model fingerprint: 0x6a975c55
Variable types: 7 continuous, 37444 integer (37444 binary)
Coefficient statistics:
  Matrix range     [9e-04, 3e+02]
  Objective range  [1e+00, 1e+00]
  Bounds range     [1e+00, 1e+00]
  RHS range        [1e+00, 1e+02]
Found heuristic solution: objective 2.000000e+09
Presolve removed 151805 rows and 0 columns
Presolve time: 0.31s
Presolved: 36475 rows, 37451 columns, 146783 nonzeros
Found heuristic solution: objective 4744.8378251
Variable types: 7 continuous, 37444 integer (37444 binary)

Deterministic concurrent LP optimizer: primal and dual simplex
Showing first log only...


Use crossover to convert LP symmetric solution to basic solution...
Concurrent spin time: 0.01s

Solved with primal simplex

Root relaxation: objective 3.295511e+02, 5585 iterations, 0.09 seconds (0.10 work units)

    Nodes    |    Current Node    |     Objective Bounds      |     Work
 Expl Unexpl |  Obj  Depth IntInf | Incumbent    BestBd   Gap | It/Node Time

     0     0  329.55110    0   56 4744.83783  329.55110  93.1%     -    0s
H    0     0                     343.4011155  329.55110  4.03%     -    0s

Explored 1 nodes (34350 simplex iterations) in 0.72 seconds (0.93 work units)
Thread count was 12 (of 112 available processors)

Solution count 3: 343.401 4744.84 2e+09 

Optimal solution found (tolerance 5.00e-02)
Best objective 3.434011155182e+02, best bound 3.295510994269e+02, gap 4.0332%
coll_cache:optimal_local_rate=0.123066,0.153728,0.168884,0.191015,0.131067,0.183556,
coll_cache:optimal_remote_rate=0.82825,0.797588,0.782432,0.7603,0.820249,0.76776,
coll_cache:optimal_cpu_rate=0.0486842,0.0486842,0.0486842,0.0486842,0.0486842,0.0486842,
z=343.401
test_result:init:cache_nbytes=0
test_result:init:cache_nbytes=0
test_result:init:cache_nbytes=0
test_result:init:cache_nbytes=0
test_result:init:cache_nbytes=0
test_result:init:cache_nbytes=0
[Train  Worker 4/6] Started with PID 67060(NVIDIA A100-SXM4-80GB)
[Train  Worker 4] run train for 4 epochs with 144 steps
[Train  Worker 4] Avg Epoch Time 0.5391 | Train Total Time(Profiler) 0.3063 | Copy Time 0.2307
[Train  Worker 1/6] Started with PID 67051(NVIDIA A100-SXM4-80GB)
[Train  Worker 1] run train for 4 epochs with 144 steps
[Train  Worker 1] Avg Epoch Time 0.5390 | Train Total Time(Profiler) 0.3176 | Copy Time 0.2196
[Train  Worker 0/6] Started with PID 67049(NVIDIA A100-SXM4-80GB)
[Train  Worker 0] run train for 4 epochs with 144 steps
Epoch 00000 | Epoch Time 2.2722 | Total Train Time(Profiler) 1.9981 | Copy Time 0.2713
Epoch 00001 | Epoch Time 0.5423 | Total Train Time(Profiler) 0.2990 | Copy Time 0.2415
Epoch 00002 | Epoch Time 0.5377 | Total Train Time(Profiler) 0.2946 | Copy Time 0.2415
Epoch 00003 | Epoch Time 0.5371 | Total Train Time(Profiler) 0.2951 | Copy Time 0.2404
[Train  Worker 0] Avg Epoch Time 0.5390 | Train Total Time(Profiler) 0.2962 | Copy Time 0.2411
[Train  Worker 2/6] Started with PID 67054(NVIDIA A100-SXM4-80GB)
[Train  Worker 2] run train for 4 epochs with 144 steps
[Train  Worker 2] Avg Epoch Time 0.5390 | Train Total Time(Profiler) 0.2966 | Copy Time 0.2402
[Train  Worker 3/6] Started with PID 67057(NVIDIA A100-SXM4-80GB)
[Train  Worker 3] run train for 4 epochs with 144 steps
[Train  Worker 3] Avg Epoch Time 0.5390 | Train Total Time(Profiler) 0.3027 | Copy Time 0.2344
[Train  Worker 5/6] Started with PID 67063(NVIDIA A100-SXM4-80GB)
[Train  Worker 5] run train for 4 epochs with 144 steps
[Train  Worker 5] Avg Epoch Time 0.5391 | Train Total Time(Profiler) 0.2977 | Copy Time 0.2394
    [Step(average) Profiler Level 1 E3 S71]
        L1  sample           0.001742 | send           0.001018
        L1  recv             0.000000 | copy           0.000000 | convert time 0.000000 | train  0.000000
        L1  feature nbytes 0.00 Bytes | label nbytes 0.00 Bytes
        L1  id nbytes      0.00 Bytes | graph nbytes 0.00 Bytes
        L1  miss nbytes    0.00 Bytes | remote nbytes 0.00 Bytes
        L1  num nodes         1052728 | num samples     1460216
    [Step(average) Profiler Level 2 E3 S71]
        L2  shuffle     0.000192 | core sample  0.000603 | id remap        0.000831
        L2  graph copy  0.000000 | id copy      0.000000 | cache feat copy 0.000000
        L2  last layer sample time 0.000280 | size 65750.865741
    [Step(average) Profiler Level 3 E3 S71]
        L3  khop sample coo  0.000347 | khop sort coo      0.000000 | khop count edge     0.000037 | khop compact edge 0.000184
        L3  walk sample coo  0.000000 | walk topk total    0.000000 | walk topk step1     0.000000 | walk topk step2   0.000000
        L3  walk topk step3  0.000000 | walk topk step4    0.000000 | walk topk step5     0.000000
        L3  walk topk step6  0.000000 | walk topk step7    0.000000
        L3  remap unique     0.000000 | remap populate     0.000668 | remap mapnode       0.000000 | remap mapedge     0.000163
        L3  cache get_index  0.000000 | cache copy_index   0.000000 | cache extract_miss  0.000000
        L3  cache copy_miss  0.000000 | cache combine_miss 0.000000 | cache combine cache 0.000000 | cache combine remote 0.000000
        L3  label extract  0.000000
    [Init Profiler Level 1]
        L1  init     3.9017 | sampler init     8.6979 | trainer init 0.0000
    [Init Profiler Level 2]
        L2  load ds         5.4362 | init queue           2.2921
        L2  presample       3.1516 | build interal ds     1.7185
        L2  build cache     0.0000
    [Init Profiler Level 3]
        L3  load dataset: mmap     3.9001 | copy         1.5361
        L3  dist queue: alloc      0.0008 | pin          2.2913 | push     0.0000
        L3  presample: init        0.3184
        L3  presample: sample      0.4678 | copy         0.0509
        L3  presample: count       1.5328 | sort         0.3543
        L3  presample: reset       0.0004 | get rank     0.0545
        L3  internal: cuda ctx     1.5365 | cuda stream     0.1792
[Sample Worker 1/2] Started with PID 67047(NVIDIA A100-SXM4-80GB)
[Sample Worker 1] run sample for 4 epochs with 72 steps
[Sample Worker 1] Avg Sample Total Time 0.2030 | Sampler Total Time(Profiler) 0.2025
[Sample Worker 0/2] Started with PID 67046(NVIDIA A100-SXM4-80GB)
[Sample Worker 0] run sample for 4 epochs with 72 steps
[Sample Worker 0] Avg Sample Total Time 0.2004 | Sampler Total Time(Profiler) 0.1987
test_result:sample_time=0.1254
test_result:get_cache_miss_index_time=0.0000
test_result:enqueue_samples_time=0.0733
test_result:epoch_time:sample_total=0.2004
[CUDA] cuda0: usage: 15.44 GB
[SAM] cuda0 data alloc        : 0.00 Bytes
[SAM] cuda0 workspace         : 3.32 GB
[SAM] cuda0 workspace reserve : 1.66 GB
[SAM] cuda0 total             : 3.32 GB
    [Step(average) Profiler Level 1 E3 S143]
        L1  sample           0.000000 | send           0.000000
        L1  recv             0.001265 | copy           0.009760 | convert time 0.000318 | train  0.012302
        L1  feature nbytes    1.51 GB | label nbytes   62.50 KB
        L1  id nbytes      0.00 Bytes | graph nbytes 0.00 Bytes
        L1  miss nbytes      84.54 MB | remote nbytes    1.19 GB
        L1  num nodes               0 | num samples           0
    [Step(average) Profiler Level 2 E3 S143]
        L2  shuffle     0.000000 | core sample  0.000000 | id remap        0.000000
        L2  graph copy  0.000004 | id copy      0.000000 | cache feat copy 0.008491
        L2  last layer sample time 0.000000 | size 0.000000
    [Step(average) Profiler Level 3 E3 S143]
        L3  khop sample coo  0.000000 | khop sort coo      0.000000 | khop count edge     0.000000 | khop compact edge 0.000000
        L3  walk sample coo  0.000000 | walk topk total    0.000000 | walk topk step1     0.000000 | walk topk step2   0.000000
        L3  walk topk step3  0.000000 | walk topk step4    0.000000 | walk topk step5     0.000000
        L3  walk topk step6  0.000000 | walk topk step7    0.000000
        L3  remap unique     0.000000 | remap populate     0.000000 | remap mapnode       0.000000 | remap mapedge     0.000000
        L3  cache get_index  0.000349 | cache copy_index   0.000000 | cache extract_miss  0.000000
        L3  cache copy_miss  0.000000 | cache combine_miss 0.007054 | cache combine cache 0.000562 | cache combine remote 0.007389
        L3  label extract  0.000168
    [Init Profiler Level 1]
        L1  init     3.9017 | sampler init     0.0000 | trainer init 146.5907
    [Init Profiler Level 2]
        L2  load ds         3.9001 | init queue           2.2684
        L2  presample       0.0000 | build interal ds     1.4420
        L2  build cache   142.8762
    [Init Profiler Level 3]
        L3  load dataset: mmap     3.9001 | copy         0.0000
        L3  dist queue: alloc      0.0008 | pin          2.2676 | push     0.0000
        L3  presample: init        0.0000
        L3  presample: sample      0.0000 | copy         0.0000
        L3  presample: count       0.0000 | sort         0.0000
        L3  presample: reset       0.0000 | get rank     0.0000
        L3  internal: cuda ctx     1.4419 | cuda stream     0.0000
|===========================================================================|
|                  PyTorch CUDA memory summary, device ID 0                 |
|---------------------------------------------------------------------------|
|            CUDA OOMs: 0            |        cudaMalloc retries: 0         |
|===========================================================================|
|        Metric         | Cur Usage  | Peak Usage | Tot Alloc  | Tot Freed  |
|---------------------------------------------------------------------------|
| Allocated memory      |   41762 KB |  723683 KB |  207561 MB |  207521 MB |
|       from large pool |   32136 KB |  720651 KB |  206124 MB |  206092 MB |
|       from small pool |    9626 KB |   11951 KB |    1437 MB |    1428 MB |
|---------------------------------------------------------------------------|
| Active memory         |   41763 KB |  723683 KB |  207561 MB |  207521 MB |
|       from large pool |   32136 KB |  720651 KB |  206124 MB |  206092 MB |
|       from small pool |    9626 KB |   11951 KB |    1437 MB |    1428 MB |
|---------------------------------------------------------------------------|
| GPU reserved memory   |     874 MB |     874 MB |     874 MB |       0 B  |
|       from large pool |     858 MB |     858 MB |     858 MB |       0 B  |
|       from small pool |      16 MB |      16 MB |      16 MB |       0 B  |
|---------------------------------------------------------------------------|
| Non-releasable memory |  109789 KB |  640108 KB |  147495 MB |  147388 MB |
|       from large pool |  107127 KB |  635185 KB |  145973 MB |  145869 MB |
|       from small pool |    2661 KB |    5986 KB |    1521 MB |    1519 MB |
|---------------------------------------------------------------------------|
| Allocations           |      42    |      57    |   11560    |   11518    |
|       from large pool |       7    |      18    |    4995    |    4988    |
|       from small pool |      35    |      41    |    6565    |    6530    |
|---------------------------------------------------------------------------|
| Active allocs         |      43    |      57    |   11560    |   11517    |
|       from large pool |       7    |      18    |    4995    |    4988    |
|       from small pool |      36    |      41    |    6565    |    6529    |
|---------------------------------------------------------------------------|
| GPU reserved segments |      18    |      18    |      18    |       0    |
|       from large pool |      10    |      10    |      10    |       0    |
|       from small pool |       8    |       8    |       8    |       0    |
|---------------------------------------------------------------------------|
| Non-releasable allocs |      17    |      28    |    5473    |    5456    |
|       from large pool |       4    |      12    |    3387    |    3383    |
|       from small pool |      13    |      21    |    2086    |    2073    |
|---------------------------------------------------------------------------|
| Oversize allocations  |       0    |       0    |       0    |       0    |
|---------------------------------------------------------------------------|
| Oversize GPU segments |       0    |       0    |       0    |       0    |
|===========================================================================|

test_result:epoch_time:copy_time=0.2411
test_result:convert_time=0.0072
test_result:train_time=0.2890
test_result:epoch_time:train_total=0.2962
test_result:cache_percentage=0.0100
test_result:cache_hit_rate=1.0000
test_result:run_time=4.7211
