[2022-12-09 17:46:09.315490: W /samgraph/samgraph/common/cpu/mmap_cpu_device.cc:92] mmap allocating space 12.03 GB
[2022-12-09 17:46:09.315555: W /samgraph/samgraph/common/cpu/mmap_cpu_device.cc:97] mmap allocating space 12.03 GB done
[2022-12-09 17:46:09.315566: E /samgraph/samgraph/common/common.cc:206] From MMAP reading disk 12.03 GB
[2022-12-09 17:46:14.965424: E /samgraph/samgraph/common/common.cc:220] From MMAP reading done
[2022-12-09 17:46:14.965533: W /samgraph/samgraph/common/cpu/mmap_cpu_device.cc:92] mmap allocating space 52.96 GB
[2022-12-09 17:46:14.965552: W /samgraph/samgraph/common/cpu/mmap_cpu_device.cc:97] mmap allocating space 52.96 GB done
[2022-12-09 17:46:14.968248: W /samgraph/samgraph/common/cpu/mmap_cpu_device.cc:92] mmap allocating space 8.38 GB
[2022-12-09 17:46:14.968275: W /samgraph/samgraph/common/cpu/mmap_cpu_device.cc:97] mmap allocating space 8.38 GB done
/usr/lib/python3/dist-packages/requests/__init__.py:89: RequestsDependencyWarning: urllib3 (1.26.12) or chardet (3.0.4) doesn't match a supported version!
  warnings.warn("urllib3 ({}) or chardet ({}) doesn't match a supported "
[2022-12-09 17:46:16.188122: W /samgraph/samgraph/common/dist/dist_engine.cc:662] Trainer[0] initializing...
[2022-12-09 17:46:16.209328: W /samgraph/samgraph/common/dist/dist_engine.cc:662] Trainer[3] initializing...
[2022-12-09 17:46:16.229921: W /samgraph/samgraph/common/dist/dist_engine.cc:662] Trainer[2] initializing...
[2022-12-09 17:46:16.258292: W /samgraph/samgraph/common/dist/dist_engine.cc:662] Trainer[4] initializing...
[2022-12-09 17:46:16.313661: W /samgraph/samgraph/common/dist/dist_engine.cc:662] Trainer[1] initializing...
[2022-12-09 17:46:16.402484: W /samgraph/samgraph/common/dist/dist_engine.cc:662] Trainer[5] initializing...
[2022-12-09 17:46:17.636086: W /samgraph/samgraph/common/dist/dist_engine.cc:666] Trainer[2] pin memory queue...
[2022-12-09 17:46:17.648923: W /samgraph/samgraph/common/dist/dist_engine.cc:666] Trainer[3] pin memory queue...
[2022-12-09 17:46:17.655253: W /samgraph/samgraph/common/dist/dist_engine.cc:666] Trainer[4] pin memory queue...
[2022-12-09 17:46:17.658914: W /samgraph/samgraph/common/dist/dist_engine.cc:666] Trainer[0] pin memory queue...
[2022-12-09 17:46:17.675623: W /samgraph/samgraph/common/dist/dist_engine.cc:666] Trainer[5] pin memory queue...
[2022-12-09 17:46:17.676998: W /samgraph/samgraph/common/dist/dist_engine.cc:666] Trainer[1] pin memory queue...
[2022-12-09 17:46:24.935167: E /samgraph/samgraph/common/dist/dist_engine.cc:85] Running on A100
[2022-12-09 17:46:24.936084: E /samgraph/samgraph/common/dist/dist_engine.cc:85] Running on A100
[2022-12-09 17:46:24.936257: W /samgraph/samgraph/common/dist/dist_engine.cc:701] Trainer[5] register host memory...
[2022-12-09 17:46:24.936828: W /samgraph/samgraph/common/dist/dist_engine.cc:701] Trainer[3] register host memory...
[2022-12-09 17:46:24.937546: E /samgraph/samgraph/common/dist/dist_engine.cc:85] Running on A100
[2022-12-09 17:46:24.938463: W /samgraph/samgraph/common/dist/dist_engine.cc:701] Trainer[2] register host memory...
[2022-12-09 17:46:24.939376: E /samgraph/samgraph/common/dist/dist_engine.cc:85] Running on A100
[2022-12-09 17:46:24.940000: W /samgraph/samgraph/common/dist/dist_engine.cc:701] Trainer[1] register host memory...
[2022-12-09 17:46:24.946086: E /samgraph/samgraph/common/dist/dist_engine.cc:85] Running on A100
[2022-12-09 17:46:24.946145: W /samgraph/samgraph/common/dist/dist_engine.cc:701] Trainer[0] register host memory...
[2022-12-09 17:46:24.947481: E /samgraph/samgraph/common/dist/dist_engine.cc:85] Running on A100
[2022-12-09 17:46:24.947588: W /samgraph/samgraph/common/dist/dist_engine.cc:701] Trainer[4] register host memory...
[2022-12-09 17:46:25.110549: E /samgraph/samgraph/common/dist/dist_engine.cc:85] Running on A100
[2022-12-09 17:46:25.113253: W /samgraph/samgraph/common/cuda/cuda_device.cc:49] GPU[6] alloc cuda memory 423.66 MB
[2022-12-09 17:46:25.117700: E /samgraph/samgraph/common/dist/dist_engine.cc:85] Running on A100
[2022-12-09 17:46:25.193728: W /samgraph/samgraph/common/cuda/cuda_device.cc:49] GPU[6] alloc cuda memory 12.03 GB
[2022-12-09 17:46:27. 11533: W /samgraph/samgraph/common/cuda/cuda_device.cc:49] GPU[6] alloc cuda memory 128.00 MB
[2022-12-09 17:46:27. 14623: E /samgraph/samgraph/common/dist/pre_sampler.cc:41] Dist Presampler making shuffler...
[2022-12-09 17:46:27. 17095: E /samgraph/samgraph/common/dist/pre_sampler.cc:44] Dist Presampler making shuffler...Done
[2022-12-09 17:46:27. 17120: W /samgraph/samgraph/common/cpu/cpu_device.cc:39] WORKER[0] alloc host memory 847.32 MB
[2022-12-09 17:46:27.257754: E /samgraph/samgraph/common/dist/pre_sampler.cc:85] Dist Presampler doing presample epoch 0
[2022-12-09 17:46:27.788699: E /samgraph/samgraph/common/dist/pre_sampler.cc:129] presample spend 0.26513 on sample, 0.0287278 on copy, 0.235969 on count
[2022-12-09 17:46:27.788776: E /samgraph/samgraph/common/dist/pre_sampler.cc:85] Dist Presampler doing presample epoch 1
[2022-12-09 17:46:28.313092: E /samgraph/samgraph/common/dist/pre_sampler.cc:129] presample spend 0.526305 on sample, 0.0558554 on copy, 0.470977 on count
[2022-12-09 17:46:28.313164: E /samgraph/samgraph/common/dist/pre_sampler.cc:136] max_num_inputs = 1114888, min_num_inputs = 1087166
[2022-12-09 17:46:28.600846: E /samgraph/samgraph/common/dist/pre_sampler.cc:148] presample spend 0.287618 on sort freq.
[2022-12-09 17:46:28.857034: E /samgraph/samgraph/common/dist/dist_engine.cc:524] pre sample done, delete it
[[[[2022-12-09 17:46:282022-12-09 17:46:28[[2022-12-09 17:46:282022-12-09 17:46:28..2022-12-09 17:46:282022-12-09 17:46:28..940641940641..940648940650: : 940648940647: : WW: : WW  WW  /samgraph/samgraph/common/dist/dist_engine.cc/samgraph/samgraph/common/dist/dist_engine.cc  /samgraph/samgraph/common/dist/dist_engine.cc/samgraph/samgraph/common/dist/dist_engine.cc::/samgraph/samgraph/common/dist/dist_engine.cc/samgraph/samgraph/common/dist/dist_engine.cc::711711:711711] ] 711] ] Trainer[5] building cache...Trainer[3] building cache...] Trainer[0] building cache...Trainer[4] building cache...

Trainer[2] building cache...


:711] Trainer[1] building cache...
[2022-12-09 17:46:28.942293: E /samgraph/3rdparty/collcachelib/coll_cache_lib/coll_cache/asymm_link_desc.cc:194] assigning 0 to cpu
[2022-12-09 17:46:28.942326: E /samgraph/3rdparty/collcachelib/coll_cache_lib/coll_cache/asymm_link_desc.cc:210] build symm link desc with 6X NVIDIA A100-SXM4-80GB out of 8
[2022-12-09 17:46:28.942347: E /samgraph/3rdparty/collcachelib/coll_cache_lib/coll_cache/asymm_link_desc.cc:211] remote time is 10.8824
[2022-12-09 17:46:28.942358: E /samgraph/3rdparty/collcachelib/coll_cache_lib/coll_cache/asymm_link_desc.cc:212] cpu time is 41.1111
[2022-12-09 17:46:28.942588: E /samgraph/3rdparty/collcachelib/coll_cache_lib/coll_cache/asymm_link_desc.cc:194] assigning 0 to cpu
[2022-12-09 17:46:28.942615: E /samgraph/3rdparty/collcachelib/coll_cache_lib/coll_cache/asymm_link_desc.cc:210] build symm link desc with 6X NVIDIA A100-SXM4-80GB out of 8
[2022-12-09 17:46:28.942634: E /samgraph/3rdparty/collcachelib/coll_cache_lib/coll_cache/asymm_link_desc.cc:211] remote time is 10.8824
[2022-12-09 17:46:28.942644: E /samgraph/3rdparty/collcachelib/coll_cache_lib/coll_cache/asymm_link_desc.cc:212] cpu time is 41.1111
[2022-12-09 17:46:28.942677: E /samgraph/3rdparty/collcachelib/coll_cache_lib/coll_cache/asymm_link_desc.cc:194] assigning 0 to cpu
[2022-12-09 17:46:28.942704: E /samgraph/3rdparty/collcachelib/coll_cache_lib/coll_cache/asymm_link_desc.cc:210] build symm link desc with 6X NVIDIA A100-SXM4-80GB out of 8
[2022-12-09 17:46:28.942722: E /samgraph/3rdparty/collcachelib/coll_cache_lib/coll_cache/asymm_link_desc.cc:211] remote time is 10.8824
[2022-12-09 17:46:28.942734: E /samgraph/3rdparty/collcachelib/coll_cache_lib/coll_cache/asymm_link_desc.cc:212] cpu time is 41.1111
[2022-12-09 17:46:28.942752: E /samgraph/3rdparty/collcachelib/coll_cache_lib/coll_cache/asymm_link_desc.cc:194] assigning 0 to cpu
[2022-12-09 17:46:28.942780: E /samgraph/3rdparty/collcachelib/coll_cache_lib/coll_cache/asymm_link_desc.cc:210] build symm link desc with 6X NVIDIA A100-SXM4-80GB out of 8
[2022-12-09 17:46:28.942806: E /samgraph/3rdparty/collcachelib/coll_cache_lib/coll_cache/asymm_link_desc.cc:211] remote time is 10.8824
[2022-12-09 17:46:28.942816: E /samgraph/3rdparty/collcachelib/coll_cache_lib/coll_cache/asymm_link_desc.cc:212] cpu time is 41.1111
[2022-12-09 17:46:28.942995: E /samgraph/3rdparty/collcachelib/coll_cache_lib/coll_cache/asymm_link_desc.cc:194] assigning 0 to cpu
[2022-12-09 17:46:28.943026: E /samgraph/3rdparty/collcachelib/coll_cache_lib/coll_cache/asymm_link_desc.cc:210] build symm link desc with 6X NVIDIA A100-SXM4-80GB out of 8
[2022-12-09 17:46:28.943046: E /samgraph/3rdparty/collcachelib/coll_cache_lib/coll_cache/asymm_link_desc.cc:211] remote time is 10.8824
[2022-12-09 17:46:28.943056: E /samgraph/3rdparty/collcachelib/coll_cache_lib/coll_cache/asymm_link_desc.cc:212] cpu time is 41.1111
[2022-12-09 17:46:28.958927: E /samgraph/3rdparty/collcachelib/coll_cache_lib/coll_cache/asymm_link_desc.cc:194] assigning 0 to cpu
[2022-12-09 17:46:28.958963: E /samgraph/3rdparty/collcachelib/coll_cache_lib/coll_cache/asymm_link_desc.cc:210] build symm link desc with 6X NVIDIA A100-SXM4-80GB out of 8
[2022-12-09 17:46:28.958990: E /samgraph/3rdparty/collcachelib/coll_cache_lib/coll_cache/asymm_link_desc.cc:211] remote time is 10.8824
[2022-12-09 17:46:28.959001: E /samgraph/3rdparty/collcachelib/coll_cache_lib/coll_cache/asymm_link_desc.cc:212] cpu time is 41.1111
[2022-12-09 17:47:50.269683: E /samgraph/3rdparty/collcachelib/coll_cache_lib/facade.cc:118] solver created. now build & solve
[2022-12-09 17:47:50.312188: E /samgraph/3rdparty/collcachelib/coll_cache_lib/facade.cc:123] solver built. now solve
block 0 storage is 00000001
	access is	0	0	0	0	0	0	
block 1 storage is 00000010
	access is	1	1	1	1	1	1	
block 2 storage is 00000100
	access is	2	2	2	2	2	2	
block 3 storage is 00001000
	access is	3	3	3	3	3	3	
block 4 storage is 00010000
	access is	4	4	4	4	4	4	
block 5 storage is 00100000
	access is	5	5	5	5	5	5	
block 6 storage is 00000000
	access is	6	6	6	6	6	6	
[2022-12-09 17:47:50.462125: E /samgraph/3rdparty/collcachelib/coll_cache_lib/facade.cc:127] solver solved
[2022-12-09 17:47:50.462186: E /samgraph/3rdparty/collcachelib/coll_cache_lib/facade.cc:195] 0 solved master
[2022-12-09 17:47:50.462200: E /samgraph/3rdparty/collcachelib/coll_cache_lib/facade.cc:202] 0 solved
[2022-12-09 17:47:50.462210: E /samgraph/3rdparty/collcachelib/coll_cache_lib/facade.cc:205] worker 0 thread 0 initing device 0
[2022-12-09 17:47:50.463261: E /samgraph/3rdparty/collcachelib/coll_cache_lib/cache_context.cu:1766] Building Coll Cache with ... num gpu device is 6
[2022-12-09 17:47:50.475033: E /samgraph/3rdparty/collcachelib/coll_cache_lib/facade.cc:202] 5 solved
[2022-12-09 17:47:50.475076: E /samgraph/3rdparty/collcachelib/coll_cache_lib/facade.cc:205] worker 5 thread 5 initing device 5
[2022-12-09 17:47:50.476055: E /samgraph/3rdparty/collcachelib/coll_cache_lib/cache_context.cu:1766] Building Coll Cache with ... num gpu device is 6
[2022-12-09 17:47:50.478866: E /samgraph/3rdparty/collcachelib/coll_cache_lib/facade.cc:202] 1 solved
[2022-12-09 17:47:50.478914: E /samgraph/3rdparty/collcachelib/coll_cache_lib/facade.cc:205] worker 1 thread 1 initing device 1
[2022-12-09 17:47:50.479852: E /samgraph/3rdparty/collcachelib/coll_cache_lib/facade.cc:202] 3 solved
[2022-12-09 17:47:50.479898: E /samgraph/3rdparty/collcachelib/coll_cache_lib/facade.cc:205] worker 3 thread 3 initing device 3
[2022-12-09 17:47:50.479987: E /samgraph/3rdparty/collcachelib/coll_cache_lib/cache_context.cu:1766] Building Coll Cache with ... num gpu device is 6
[2022-12-09 17:47:50.481173: E /samgraph/3rdparty/collcachelib/coll_cache_lib/cache_context.cu:1766] Building Coll Cache with ... num gpu device is 6
[2022-12-09 17:47:50.497238: E /samgraph/3rdparty/collcachelib/coll_cache_lib/facade.cc:202] 4 solved
[2022-12-09 17:47:50.497318: E /samgraph/3rdparty/collcachelib/coll_cache_lib/facade.cc:205] worker 4 thread 4 initing device 4
[2022-12-09 17:47:50.498483: E /samgraph/3rdparty/collcachelib/coll_cache_lib/cache_context.cu:1766] Building Coll Cache with ... num gpu device is 6
[2022-12-09 17:47:50.499235: E /samgraph/3rdparty/collcachelib/coll_cache_lib/facade.cc:202] 2 solved
[2022-12-09 17:47:50.499314: E /samgraph/3rdparty/collcachelib/coll_cache_lib/facade.cc:205] worker 2 thread 2 initing device 2
[2022-12-09 17:47:50.500417: E /samgraph/3rdparty/collcachelib/coll_cache_lib/cache_context.cu:1766] Building Coll Cache with ... num gpu device is 6
[[[[[[2022-12-09 17:47:502022-12-09 17:47:502022-12-09 17:47:502022-12-09 17:47:502022-12-09 17:47:502022-12-09 17:47:50......599846599839599841599844599841599841: : : : : : EEEEEE      /samgraph/3rdparty/collcachelib/coll_cache_lib/cache_context.cu/samgraph/3rdparty/collcachelib/coll_cache_lib/cache_context.cu/samgraph/3rdparty/collcachelib/coll_cache_lib/cache_context.cu/samgraph/3rdparty/collcachelib/coll_cache_lib/cache_context.cu/samgraph/3rdparty/collcachelib/coll_cache_lib/cache_context.cu/samgraph/3rdparty/collcachelib/coll_cache_lib/cache_context.cu::::::187718771877187718771877] ] ] ] ] ] Device 1 init p2p of link 2Device 0 init p2p of link 1Device 5 init p2p of link 0
Device 3 init p2p of link 4Device 4 init p2p of link 5Device 2 init p2p of link 3




[2022-12-09 17:47:50.606011: E /samgraph/3rdparty/collcachelib/coll_cache_lib/cache_context.cu:1877] Device 1 init p2p of link 3
[2022-12-09 17:47:50.606371: E /samgraph/3rdparty/collcachelib/coll_cache_lib/cache_context.cu:1877] Device 5 init p2p of link 1
[2022-12-09 17:47:50.606555: E /samgraph/3rdparty/collcachelib/coll_cache_lib/cache_context.cu:1877] Device 4 init p2p of link 0
[2022-12-09 17:47:50.606813: E /samgraph/3rdparty/collcachelib/coll_cache_lib/cache_context.cu:1877] Device 2 init p2p of link 4
[2022-12-09 17:47:50.606990: E /samgraph/3rdparty/collcachelib/coll_cache_lib/cache_context.cu:1877] Device 0 init p2p of link 2
[2022-12-09 17:47:50.607269: E /samgraph/3rdparty/collcachelib/coll_cache_lib/cache_context.cu:1877] Device 3 init p2p of link 5
[2022-12-09 17:47:50.610036: E /samgraph/3rdparty/collcachelib/coll_cache_lib/cache_context.cu:1877] Device 1 init p2p of link 4
[2022-12-09 17:47:50.611812: E /samgraph/3rdparty/collcachelib/coll_cache_lib/cache_context.cu:1877] Device 4 init p2p of link 1
[2022-12-09 17:47:50.612092: E /samgraph/3rdparty/collcachelib/coll_cache_lib/cache_context.cu:1877] Device 2 init p2p of link 5
[2022-12-09 17:47:50.612324: E /samgraph/3rdparty/collcachelib/coll_cache_lib/cache_context.cu:1877] Device 5 init p2p of link 2
[2022-12-09 17:47:50.612563: E /samgraph/3rdparty/collcachelib/coll_cache_lib/cache_context.cu:1877] Device 0 init p2p of link 3
[2022-12-09 17:47:50.612783: E /samgraph/3rdparty/collcachelib/coll_cache_lib/cache_context.cu:1877] Device 3 init p2p of link 0
[2022-12-09 17:47:50.613967: E /samgraph/3rdparty/collcachelib/coll_cache_lib/cache_context.cu:1877] Device 1 init p2p of link 5
[2022-12-09 17:47:50.616444: E /samgraph/3rdparty/collcachelib/coll_cache_lib/cache_context.cu:1877] Device 4 init p2p of link 2
[2022-12-09 17:47:50.616669: E /samgraph/3rdparty/collcachelib/coll_cache_lib/cache_context.cu:1877] Device 2 init p2p of link 0
[2022-12-09 17:47:50.616975: E /samgraph/3rdparty/collcachelib/coll_cache_lib/cache_context.cu:1877] Device 5 init p2p of link 3
[2022-12-09 17:47:50.617464: E /samgraph/3rdparty/collcachelib/coll_cache_lib/cache_context.cu:1877] Device 0 init p2p of link 4
[2022-12-09 17:47:50.618022: E /samgraph/3rdparty/collcachelib/coll_cache_lib/cache_context.cu:1877] Device 3 init p2p of link 1
[2022-12-09 17:47:50.618785: E /samgraph/3rdparty/collcachelib/coll_cache_lib/cache_context.cu:1877] Device 1 init p2p of link 0
[2022-12-09 17:47:50.619949: E /samgraph/3rdparty/collcachelib/coll_cache_lib/cache_context.cu:1877] Device 4 init p2p of link 3
[2022-12-09 17:47:50.621402: E /samgraph/3rdparty/collcachelib/coll_cache_lib/cache_context.cu:1877] Device 5 init p2p of link 4
[2022-12-09 17:47:50.622240: E /samgraph/3rdparty/collcachelib/coll_cache_lib/cache_context.cu:1877] Device 0 init p2p of link 5
[2022-12-09 17:47:50.622725: E /samgraph/3rdparty/collcachelib/coll_cache_lib/cache_context.cu:1877] Device 2 init p2p of link 1
[2022-12-09 17:47:50.622920: E /samgraph/3rdparty/collcachelib/coll_cache_lib/cache_context.cu:1877] Device 3 init p2p of link 2
[2022-12-09 17:47:50.624053: E /samgraph/3rdparty/collcachelib/coll_cache_lib/cache_context.cu:1906] Asymm Coll cache (policy: clique_part) | local 1110599 / 111059956 nodes ( 1.00 %~1.00 %) | remote 5552995 / 111059956 nodes ( 5.00 %) | cpu 104396362 / 111059956 nodes ( 94.00 %) | 547.71 MB | 0.143642 secs 
[2022-12-09 17:47:50.625045: E /samgraph/3rdparty/collcachelib/coll_cache_lib/cache_context.cu:1906] Asymm Coll cache (policy: clique_part) | local 1110599 / 111059956 nodes ( 1.00 %~1.00 %) | remote 5552995 / 111059956 nodes ( 5.00 %) | cpu 104396362 / 111059956 nodes ( 94.00 %) | 547.71 MB | 0.126528 secs 
[2022-12-09 17:47:50.626012: E /samgraph/3rdparty/collcachelib/coll_cache_lib/cache_context.cu:1906] Asymm Coll cache (policy: clique_part) | local 1110599 / 111059956 nodes ( 1.00 %~1.00 %) | remote 5552995 / 111059956 nodes ( 5.00 %) | cpu 104396362 / 111059956 nodes ( 94.00 %) | 547.71 MB | 0.149934 secs 
[2022-12-09 17:47:50.626754: E /samgraph/3rdparty/collcachelib/coll_cache_lib/cache_context.cu:1906] Asymm Coll cache (policy: clique_part) | local 1110599 / 111059956 nodes ( 1.00 %~1.00 %) | remote 5552995 / 111059956 nodes ( 5.00 %) | cpu 104396362 / 111059956 nodes ( 94.00 %) | 547.71 MB | 0.16347 secs 
[2022-12-09 17:47:50.627379: E /samgraph/3rdparty/collcachelib/coll_cache_lib/cache_context.cu:1906] Asymm Coll cache (policy: clique_part) | local 1110599 / 111059956 nodes ( 1.00 %~1.00 %) | remote 5552995 / 111059956 nodes ( 5.00 %) | cpu 104396362 / 111059956 nodes ( 94.00 %) | 547.71 MB | 0.126939 secs 
[2022-12-09 17:47:50.627564: E /samgraph/3rdparty/collcachelib/coll_cache_lib/cache_context.cu:1906] Asymm Coll cache (policy: clique_part) | local 1110599 / 111059956 nodes ( 1.00 %~1.00 %) | remote 5552995 / 111059956 nodes ( 5.00 %) | cpu 104396362 / 111059956 nodes ( 94.00 %) | 547.71 MB | 0.146366 secs 
[2022-12-09 17:47:50.629050: E /samgraph/3rdparty/collcachelib/coll_cache_lib/coll_cache/asymm_link_desc.cc:194] assigning 0 to cpu
[2022-12-09 17:47:50.629080: E /samgraph/3rdparty/collcachelib/coll_cache_lib/coll_cache/asymm_link_desc.cc:210] build symm link desc with 6X NVIDIA A100-SXM4-80GB out of 8
[2022-12-09 17:47:50.629094: E /samgraph/3rdparty/collcachelib/coll_cache_lib/coll_cache/asymm_link_desc.cc:211] remote time is 10.8824
[2022-12-09 17:47:50.629104: E /samgraph/3rdparty/collcachelib/coll_cache_lib/coll_cache/asymm_link_desc.cc:212] cpu time is 41.1111
[2022-12-09 17:47:50.629273: E /samgraph/3rdparty/collcachelib/coll_cache_lib/coll_cache/asymm_link_desc.cc:194] assigning 0 to cpu
[2022-12-09 17:47:50.629300: E /samgraph/3rdparty/collcachelib/coll_cache_lib/coll_cache/asymm_link_desc.cc:210] build symm link desc with 6X NVIDIA A100-SXM4-80GB out of 8
[2022-12-09 17:47:50.629314: E /samgraph/3rdparty/collcachelib/coll_cache_lib/coll_cache/asymm_link_desc.cc:211] remote time is 10.8824
[2022-12-09 17:47:50.629325: E /samgraph/3rdparty/collcachelib/coll_cache_lib/coll_cache/asymm_link_desc.cc:212] cpu time is 41.1111
[2022-12-09 17:47:50.629375: E /samgraph/3rdparty/collcachelib/coll_cache_lib/coll_cache/asymm_link_desc.cc:194] assigning 0 to cpu
[[2022-12-09 17:47:502022-12-09 17:47:50..629399629402: : EE  /samgraph/3rdparty/collcachelib/coll_cache_lib/coll_cache/asymm_link_desc.cc/samgraph/3rdparty/collcachelib/coll_cache_lib/coll_cache/asymm_link_desc.cc::194210] ] assigning 0 to cpubuild symm link desc with 6X NVIDIA A100-SXM4-80GB out of 8

[2022-12-09 17:47:50.629425: E /samgraph/3rdparty/collcachelib/coll_cache_lib/coll_cache/asymm_link_desc.cc:211] remote time is 10.8824
[2022-12-09 17:47:50.629431: [E2022-12-09 17:47:50 ./samgraph/3rdparty/collcachelib/coll_cache_lib/coll_cache/asymm_link_desc.cc629436:: 210E]  build symm link desc with 6X NVIDIA A100-SXM4-80GB out of 8/samgraph/3rdparty/collcachelib/coll_cache_lib/coll_cache/asymm_link_desc.cc
:212] cpu time is 41.1111
[2022-12-09 17:47:50.629457: E /samgraph/3rdparty/collcachelib/coll_cache_lib/coll_cache/asymm_link_desc.cc:211] remote time is 10.8824
[2022-12-09 17:47:50.629468: E /samgraph/3rdparty/collcachelib/coll_cache_lib/coll_cache/asymm_link_desc.cc:212] cpu time is 41.1111
[2022-12-09 17:47:50.629713: E /samgraph/3rdparty/collcachelib/coll_cache_lib/coll_cache/asymm_link_desc.cc:194] assigning 0 to cpu
[2022-12-09 17:47:50.629743: E /samgraph/3rdparty/collcachelib/coll_cache_lib/coll_cache/asymm_link_desc.cc:210] build symm link desc with 6X NVIDIA A100-SXM4-80GB out of 8
[2022-12-09 17:47:50.629761: E /samgraph/3rdparty/collcachelib/coll_cache_lib/coll_cache/asymm_link_desc.cc:211] remote time is 10.8824
[2022-12-09 17:47:50.629771: E /samgraph/3rdparty/collcachelib/coll_cache_lib/coll_cache/asymm_link_desc.cc:212] cpu time is 41.1111
[2022-12-09 17:47:50.629917: E /samgraph/3rdparty/collcachelib/coll_cache_lib/coll_cache/asymm_link_desc.cc:194] assigning 0 to cpu
[2022-12-09 17:47:50.629947: E /samgraph/3rdparty/collcachelib/coll_cache_lib/coll_cache/asymm_link_desc.cc:210] build symm link desc with 6X NVIDIA A100-SXM4-80GB out of 8
[2022-12-09 17:47:50.629961: E /samgraph/3rdparty/collcachelib/coll_cache_lib/coll_cache/asymm_link_desc.cc:211] remote time is 10.8824
[2022-12-09 17:47:50.629972: E /samgraph/3rdparty/collcachelib/coll_cache_lib/coll_cache/asymm_link_desc.cc:212] cpu time is 41.1111
[[[[[[2022-12-09 17:47:512022-12-09 17:47:512022-12-09 17:47:512022-12-09 17:47:512022-12-09 17:47:512022-12-09 17:47:51......687205687206687206687206687206687206: : : : : : EEEEEE      /samgraph/3rdparty/collcachelib/coll_cache_lib/facade.cc/samgraph/3rdparty/collcachelib/coll_cache_lib/facade.cc/samgraph/3rdparty/collcachelib/coll_cache_lib/facade.cc/samgraph/3rdparty/collcachelib/coll_cache_lib/facade.cc/samgraph/3rdparty/collcachelib/coll_cache_lib/facade.cc/samgraph/3rdparty/collcachelib/coll_cache_lib/facade.cc::::::202202202202202202] ] ] 2 solved] ] ] 3 solved4 solved
5 solved0 solved1 solved




[2022-12-09 17:47:51[[.[2022-12-09 17:47:51[[2022-12-09 17:47:516873392022-12-09 17:47:51.2022-12-09 17:47:512022-12-09 17:47:51.: .687343..687344E687344: 687345687346:  : E: : E/samgraph/3rdparty/collcachelib/coll_cache_lib/facade.ccE EE : /samgraph/3rdparty/collcachelib/coll_cache_lib/facade.cc  /samgraph/3rdparty/collcachelib/coll_cache_lib/facade.cc205/samgraph/3rdparty/collcachelib/coll_cache_lib/facade.cc:/samgraph/3rdparty/collcachelib/coll_cache_lib/facade.cc/samgraph/3rdparty/collcachelib/coll_cache_lib/facade.cc:] :205::205worker 2 thread 2 initing device 2205] 205205] 
] worker 3 thread 3 initing device 3] ] worker 4 thread 4 initing device 4worker 5 thread 5 initing device 5
worker 0 thread 0 initing device 0worker 1 thread 1 initing device 1



[2022-12-09 17:47:53.559821: W /samgraph/samgraph/common/cuda/cuda_device.cc:49] GPU[0] alloc cuda memory 580.36 MB
[2022-12-09 17:47:54.746478: W /samgraph/samgraph/common/cuda/cuda_device.cc:49] GPU[0] alloc cuda memory 580.36 MB
/usr/local/lib/python3.8/dist-packages/torch/nn/parallel/scatter_gather.py:9: UserWarning: is_namedtuple is deprecated, please use the python checks instead
  warnings.warn("is_namedtuple is deprecated, please use the python checks instead")
/usr/local/lib/python3.8/dist-packages/torch/nn/parallel/scatter_gather.py:9: UserWarning: is_namedtuple is deprecated, please use the python checks instead
  warnings.warn("is_namedtuple is deprecated, please use the python checks instead")
/usr/local/lib/python3.8/dist-packages/torch/nn/parallel/scatter_gather.py:9: UserWarning: is_namedtuple is deprecated, please use the python checks instead
  warnings.warn("is_namedtuple is deprecated, please use the python checks instead")
/usr/local/lib/python3.8/dist-packages/torch/nn/parallel/scatter_gather.py:9: UserWarning: is_namedtuple is deprecated, please use the python checks instead
  warnings.warn("is_namedtuple is deprecated, please use the python checks instead")
/usr/local/lib/python3.8/dist-packages/torch/nn/parallel/scatter_gather.py:9: UserWarning: is_namedtuple is deprecated, please use the python checks instead
  warnings.warn("is_namedtuple is deprecated, please use the python checks instead")
/usr/local/lib/python3.8/dist-packages/torch/nn/parallel/scatter_gather.py:9: UserWarning: is_namedtuple is deprecated, please use the python checks instead
  warnings.warn("is_namedtuple is deprecated, please use the python checks instead")
