config:eval_tsp="2022-12-06 06:31:50"
config:arch=arch5
config:num_train_worker=6
config:num_sample_worker=2
config:sample_type=khop2
config:root_path=/nvme/graph-learning-copy/samgraph/
config:dataset=mag240m-homo
config:pipeline=False
config:cache_policy=rep
config:cache_percentage=0.02
config:num_epoch=4
config:batch_size=4000
config:num_hidden=256
config:max_sampling_jobs=1
config:max_copying_jobs=1
config:barriered_epoch=1
config:presample_epoch=2
config:omp_thread_num=6
config:unsupervised=False
config:amp=True
config:rolling=0
config:fanout=[25, 10]
config:lr=0.003
config:dropout=0.5
config:single_gpu=False
config:max_num_step=100000
config:validate_configs=False
config:report_acc=0
config:dataset_path=/nvme/graph-learning-copy/samgraph/mag240m-homo
config:torch_thread_num=9
config:train_workers=['cuda:0', 'cuda:1', 'cuda:2', 'cuda:3', 'cuda:4', 'cuda:5']
config:sample_workers=['cuda:6', 'cuda:7']
config:num_fanout=2
config:num_layer=2
config:_run_mode=RunMode.FGNN
config:_log_level=warn
config:_profile_level=3
config:_empty_feat=0
config:_arch=5
config:_sample_type=5
config:_cache_policy=12
test_result:init:input_scale_factor=1.1
0 :  {link #0 : 1}, {link #1 : 2}, {link #2 : 3}, {link #3 : 4}, {link #4 : 5},
1 :  {link #0 : 2}, {link #1 : 3}, {link #2 : 4}, {link #3 : 5}, {link #4 : 0},
2 :  {link #0 : 3}, {link #1 : 4}, {link #2 : 5}, {link #3 : 0}, {link #4 : 1},
3 :  {link #0 : 4}, {link #1 : 5}, {link #2 : 0}, {link #3 : 1}, {link #4 : 2},
4 :  {link #0 : 5}, {link #1 : 0}, {link #2 : 1}, {link #3 : 2}, {link #4 : 3},
5 :  {link #0 : 0}, {link #1 : 1}, {link #2 : 2}, {link #3 : 3}, {link #4 : 4},
0 :  {link #0 : 1}, {link #1 : 2}, {link #2 : 3}, {link #3 : 4}, {link #4 : 5},
1 :  {link #0 : 2}, {link #1 : 3}, {link #2 : 4}, {link #3 : 5}, {link #4 : 0},
2 :  {link #0 : 3}, {link #1 : 4}, {link #2 : 5}, {link #3 : 0}, {link #4 : 1},
3 :  {link #0 : 4}, {link #1 : 5}, {link #2 : 0}, {link #3 : 1}, {link #4 : 2},
4 :  {link #0 : 5}, {link #1 : 0}, {link #2 : 1}, {link #3 : 2}, {link #4 : 3},
5 :  {link #0 : 0}, {link #1 : 1}, {link #2 : 2}, {link #3 : 3}, {link #4 : 4},
0 :  {link #0 : 1}, {link #1 : 2}, {link #2 : 3}, {link #3 : 4}, {link #4 : 5},
1 :  {link #0 : 2}, {link #1 : 3}, {link #2 : 4}, {link #3 : 5}, {link #4 : 0},
2 :  {link #0 : 3}, {link #1 : 4}, {link #2 : 5}, {link #3 : 0}, {link #4 : 1},
3 :  {link #0 : 4}, {link #1 : 5}, {link #2 : 0}, {link #3 : 1}, {link #4 : 2},
4 :  {link #0 : 5}, {link #1 : 0}, {link #2 : 1}, {link #3 : 2}, {link #4 : 3},
5 :  {link #0 : 0}, {link #1 : 1}, {link #2 : 2}, {link #3 : 3}, {link #4 : 4},
0 :  {link #0 : 1}, {link #1 : 2}, {link #2 : 3}, {link #3 : 4}, {link #4 : 5},
1 :  {link #0 : 2}, {link #1 : 3}, {link #2 : 4}, {link #3 : 5}, {link #4 : 0},
2 :  {link #0 : 3}, {link #1 : 4}, {link #2 : 5}, {link #3 : 0}, {link #4 : 1},
3 :  {link #0 : 4}, {link #1 : 5}, {link #2 : 0}, {link #3 : 1}, {link #4 : 2},
4 :  {link #0 : 5}, {link #1 : 0}, {link #2 : 1}, {link #3 : 2}, {link #4 : 3},
5 :  {link #0 : 0}, {link #1 : 1}, {link #2 : 2}, {link #3 : 3}, {link #4 : 4},
0 :  {link #0 : 1}, {link #1 : 2}, {link #2 : 3}, {link #3 : 4}, {link #4 : 5},
1 :  {link #0 : 2}, {link #1 : 3}, {link #2 : 4}, {link #3 : 5}, {link #4 : 0},
2 :  {link #0 : 3}, {link #1 : 4}, {link #2 : 5}, {link #3 : 0}, {link #4 : 1},
3 :  {link #0 : 4}, {link #1 : 5}, {link #2 : 0}, {link #3 : 1}, {link #4 : 2},
4 :  {link #0 : 5}, {link #1 : 0}, {link #2 : 1}, {link #3 : 2}, {link #4 : 3},
5 :  {link #0 : 0}, {link #1 : 1}, {link #2 : 2}, {link #3 : 3}, {link #4 : 4},
0 :  {link #0 : 1}, {link #1 : 2}, {link #2 : 3}, {link #3 : 4}, {link #4 : 5},
1 :  {link #0 : 2}, {link #1 : 3}, {link #2 : 4}, {link #3 : 5}, {link #4 : 0},
2 :  {link #0 : 3}, {link #1 : 4}, {link #2 : 5}, {link #3 : 0}, {link #4 : 1},
3 :  {link #0 : 4}, {link #1 : 5}, {link #2 : 0}, {link #3 : 1}, {link #4 : 2},
4 :  {link #0 : 5}, {link #1 : 0}, {link #2 : 1}, {link #3 : 2}, {link #4 : 3},
5 :  {link #0 : 0}, {link #1 : 1}, {link #2 : 2}, {link #3 : 3}, {link #4 : 4},
coll_cache:optimal_rep_storage=0.02
coll_cache:optimal_part_storage=0
coll_cache:optimal_cpu_storage=0.98
coll_cache:optimal_local_storage=0.02
coll_cache:optimal_remote_storage=0
coll_cache:optimal_local_rate=0.7886
coll_cache:optimal_remote_rate=0
coll_cache:optimal_cpu_rate=0.2114
z=1246.82
test_result:init:feat_nbytes=375030526464
test_result:init:cache_nbytes=7500609024
test_result:init:feat_nbytes=375030526464
test_result:init:cache_nbytes=7500609024
test_result:init:feat_nbytes=375030526464
test_result:init:cache_nbytes=7500609024
test_result:init:feat_nbytes=375030526464
test_result:init:cache_nbytes=7500609024
test_result:init:feat_nbytes=375030526464
test_result:init:cache_nbytes=7500609024
test_result:init:feat_nbytes=375030526464
test_result:init:cache_nbytes=7500609024
0 :  {link #0 : 1}, {link #1 : 2}, {link #2 : 3}, {link #3 : 4}, {link #4 : 5},
1 :  {link #0 : 2}, {link #1 : 3}, {link #2 : 4}, {link #3 : 5}, {link #4 : 0},
2 :  {link #0 : 3}, {link #1 : 4}, {link #2 : 5}, {link #3 : 0}, {link #4 : 1},
3 :  {link #0 : 4}, {link #1 : 5}, {link #2 : 0}, {link #3 : 1}, {link #4 : 2},
4 :  {link #0 : 5}, {link #1 : 0}, {link #2 : 1}, {link #3 : 2}, {link #4 : 3},
5 :  {link #0 : 0}, {link #1 : 1}, {link #2 : 2}, {link #3 : 3}, {link #4 : 4},
0 :  {link #0 : 1}, {link #1 : 2}, {link #2 : 3}, {link #3 : 4}, {link #4 : 5},
1 :  {link #0 : 2}, {link #1 : 3}, {link #2 : 4}, {link #3 : 5}, {link #4 : 0},
2 :  {link #0 : 3}, {link #1 : 4}, {link #2 : 5}, {link #3 : 0}, {link #4 : 1},
3 :  {link #0 : 4}, {link #1 : 5}, {link #2 : 0}, {link #3 : 1}, {link #4 : 2},
4 :  {link #0 : 5}, {link #1 : 0}, {link #2 : 1}, {link #3 : 2}, {link #4 : 3},
5 :  {link #0 : 0}, {link #1 : 1}, {link #2 : 2}, {link #3 : 3}, {link #4 : 4},
0 :  {link #0 : 1}, {link #1 : 2}, {link #2 : 3}, {link #3 : 4}, {link #4 : 5},
1 :  {link #0 : 2}, {link #1 : 3}, {link #2 : 4}, {link #3 : 5}, {link #4 : 0},
2 :  {link #0 : 3}, {link #1 : 4}, {link #2 : 5}, {link #3 : 0}, {link #4 : 1},
3 :  {link #0 : 4}, {link #1 : 5}, {link #2 : 0}, {link #3 : 1}, {link #4 : 2},
4 :  {link #0 : 5}, {link #1 : 0}, {link #2 : 1}, {link #3 : 2}, {link #4 : 3},
5 :  {link #0 : 0}, {link #1 : 1}, {link #2 : 2}, {link #3 : 3}, {link #4 : 4},
0 :  {link #0 : 1}, {link #1 : 2}, {link #2 : 3}, {link #3 : 4}, {link #4 : 5},
1 :  {link #0 : 2}, {link #1 : 3}, {link #2 : 4}, {link #3 : 5}, {link #4 : 0},
2 :  {link #0 : 3}, {link #1 : 4}, {link #2 : 5}, {link #3 : 0}, {link #4 : 1},
3 :  {link #0 : 4}, {link #1 : 5}, {link #2 : 0}, {link #3 : 1}, {link #4 : 2},
4 :  {link #0 : 5}, {link #1 : 0}, {link #2 : 1}, {link #3 : 2}, {link #4 : 3},
5 :  {link #0 : 0}, {link #1 : 1}, {link #2 : 2}, {link #3 : 3}, {link #4 : 4},
0 :  {link #0 : 1}, {link #1 : 2}, {link #2 : 3}, {link #3 : 4}, {link #4 : 5},
1 :  {link #0 : 2}, {link #1 : 3}, {link #2 : 4}, {link #3 : 5}, {link #4 : 0},
2 :  {link #0 : 3}, {link #1 : 4}, {link #2 : 5}, {link #3 : 0}, {link #4 : 1},
3 :  {link #0 : 4}, {link #1 : 5}, {link #2 : 0}, {link #3 : 1}, {link #4 : 2},
4 :  {link #0 : 5}, {link #1 : 0}, {link #2 : 1}, {link #3 : 2}, {link #4 : 3},
5 :  {link #0 : 0}, {link #1 : 1}, {link #2 : 2}, {link #3 : 3}, {link #4 : 4},
0 :  {link #0 : 1}, {link #1 : 2}, {link #2 : 3}, {link #3 : 4}, {link #4 : 5},
1 :  {link #0 : 2}, {link #1 : 3}, {link #2 : 4}, {link #3 : 5}, {link #4 : 0},
2 :  {link #0 : 3}, {link #1 : 4}, {link #2 : 5}, {link #3 : 0}, {link #4 : 1},
3 :  {link #0 : 4}, {link #1 : 5}, {link #2 : 0}, {link #3 : 1}, {link #4 : 2},
4 :  {link #0 : 5}, {link #1 : 0}, {link #2 : 1}, {link #3 : 2}, {link #4 : 3},
5 :  {link #0 : 0}, {link #1 : 1}, {link #2 : 2}, {link #3 : 3}, {link #4 : 4},
coll_cache:optimal_rep_storage=0.02
coll_cache:optimal_part_storage=0
coll_cache:optimal_cpu_storage=0.98
coll_cache:optimal_local_storage=0.02
coll_cache:optimal_remote_storage=0
coll_cache:optimal_local_rate=0.7886
coll_cache:optimal_remote_rate=0
coll_cache:optimal_cpu_rate=0.2114
z=1246.82
test_result:init:cache_nbytes=0
test_result:init:cache_nbytes=0
test_result:init:cache_nbytes=0
test_result:init:cache_nbytes=0
test_result:init:cache_nbytes=0
test_result:init:cache_nbytes=0
[Train  Worker 5/6] Started with PID 101242(NVIDIA A100-SXM4-80GB)
[Train  Worker 5] run train for 4 epochs with 282 steps
[Train  Worker 5] Avg Epoch Time 1.1345 | Train Total Time(Profiler) 0.3776 | Copy Time 0.7536
[Train  Worker 1/6] Started with PID 101230(NVIDIA A100-SXM4-80GB)
[Train  Worker 1] run train for 4 epochs with 282 steps
[Train  Worker 1] Avg Epoch Time 1.1345 | Train Total Time(Profiler) 0.3738 | Copy Time 0.7571
[Train  Worker 4/6] Started with PID 101239(NVIDIA A100-SXM4-80GB)
[Train  Worker 4] run train for 4 epochs with 282 steps
[Train  Worker 4] Avg Epoch Time 1.1345 | Train Total Time(Profiler) 0.3814 | Copy Time 0.7493
[Train  Worker 0/6] Started with PID 101228(NVIDIA A100-SXM4-80GB)
[Train  Worker 0] run train for 4 epochs with 282 steps
Epoch 00000 | Epoch Time 2.6005 | Total Train Time(Profiler) 1.8205 | Copy Time 0.7757
Epoch 00001 | Epoch Time 1.1409 | Total Train Time(Profiler) 0.3972 | Copy Time 0.7396
Epoch 00002 | Epoch Time 1.1339 | Total Train Time(Profiler) 0.3808 | Copy Time 0.7491
Epoch 00003 | Epoch Time 1.1285 | Total Train Time(Profiler) 0.3791 | Copy Time 0.7460
[Train  Worker 0] Avg Epoch Time 1.1344 | Train Total Time(Profiler) 0.3857 | Copy Time 0.7449
[Train  Worker 2/6] Started with PID 101233(NVIDIA A100-SXM4-80GB)
[Train  Worker 2] run train for 4 epochs with 282 steps
[Train  Worker 2] Avg Epoch Time 1.1344 | Train Total Time(Profiler) 0.3783 | Copy Time 0.7527
[Train  Worker 3/6] Started with PID 101236(NVIDIA A100-SXM4-80GB)
[Train  Worker 3] run train for 4 epochs with 282 steps
[Train  Worker 3] Avg Epoch Time 1.1344 | Train Total Time(Profiler) 0.3801 | Copy Time 0.7508
[Sample Worker 1/2] Started with PID 101226(NVIDIA A100-SXM4-80GB)
[Sample Worker 1] run sample for 4 epochs with 141 steps
[Sample Worker 1] Avg Sample Total Time 0.2475 | Sampler Total Time(Profiler) 0.2465
    [Step(average) Profiler Level 1 E3 S140]
        L1  sample           0.001260 | send           0.000471
        L1  recv             0.000000 | copy           0.000000 | convert time 0.000000 | train  0.000000
        L1  feature nbytes 0.00 Bytes | label nbytes 0.00 Bytes
        L1  id nbytes      0.00 Bytes | graph nbytes 0.00 Bytes
        L1  miss nbytes    0.00 Bytes | remote nbytes 0.00 Bytes
        L1  num nodes          575285 | num samples      743993
    [Step(average) Profiler Level 2 E3 S140]
        L2  shuffle     0.000129 | core sample  0.000530 | id remap        0.000494
        L2  graph copy  0.000000 | id copy      0.000000 | cache feat copy 0.000000
        L2  last layer sample time 0.000279 | size 33438.659574
    [Step(average) Profiler Level 3 E3 S140]
        L3  khop sample coo  0.000299 | khop sort coo      0.000000 | khop count edge     0.000035 | khop compact edge 0.000160
        L3  walk sample coo  0.000000 | walk topk total    0.000000 | walk topk step1     0.000000 | walk topk step2   0.000000
        L3  walk topk step3  0.000000 | walk topk step4    0.000000 | walk topk step5     0.000000
        L3  walk topk step6  0.000000 | walk topk step7    0.000000
        L3  remap unique     0.000000 | remap populate     0.000402 | remap mapnode       0.000000 | remap mapedge     0.000092
        L3  cache get_index  0.000000 | cache copy_index   0.000000 | cache extract_miss  0.000000
        L3  cache copy_miss  0.000000 | cache combine_miss 0.000000 | cache combine cache 0.000000 | cache combine remote 0.000000
        L3  label extract  0.000000
    [Init Profiler Level 1]
        L1  init     3.9096 | sampler init    10.6510 | trainer init 0.0000
    [Init Profiler Level 2]
        L2  load ds         5.3802 | init queue           4.4395
        L2  presample       3.1829 | build interal ds     1.5561
        L2  build cache     0.0000
    [Init Profiler Level 3]
        L3  load dataset: mmap     3.9080 | copy         1.4722
        L3  dist queue: alloc      0.0007 | pin          4.4388 | push     0.0000
        L3  presample: init        0.3145
        L3  presample: sample      0.6580 | copy         0.0588
        L3  presample: count       1.2548 | sort         0.4360
        L3  presample: reset       0.0007 | get rank     0.0682
        L3  internal: cuda ctx     1.3652 | cuda stream     0.1878
[Sample Worker 0/2] Started with PID 101225(NVIDIA A100-SXM4-80GB)
[Sample Worker 0] run sample for 4 epochs with 141 steps
[Sample Worker 0] Avg Sample Total Time 0.2471 | Sampler Total Time(Profiler) 0.2440
test_result:sample_time=0.1776
test_result:get_cache_miss_index_time=0.0000
test_result:enqueue_samples_time=0.0664
test_result:epoch_time:sample_total=0.2471
[CUDA] cuda0: usage: 17.02 GB
[SAM] cuda0 data alloc        : 0.00 Bytes
[SAM] cuda0 workspace         : 1.82 GB
[SAM] cuda0 workspace reserve : 929.34 MB
[SAM] cuda0 total             : 1.82 GB
    [Step(average) Profiler Level 1 E3 S281]
        L1  sample           0.000000 | send           0.000000
        L1  recv             0.000636 | copy           0.015988 | convert time 0.000317 | train  0.007756
        L1  feature nbytes  842.97 MB | label nbytes   31.25 KB
        L1  id nbytes      0.00 Bytes | graph nbytes 0.00 Bytes
        L1  miss nbytes     184.22 MB | remote nbytes 0.00 Bytes
        L1  num nodes               0 | num samples           0
    [Step(average) Profiler Level 2 E3 S281]
        L2  shuffle     0.000000 | core sample  0.000000 | id remap        0.000000
        L2  graph copy  0.000004 | id copy      0.000000 | cache feat copy 0.015348
        L2  last layer sample time 0.000000 | size 0.000000
    [Step(average) Profiler Level 3 E3 S281]
        L3  khop sample coo  0.000000 | khop sort coo      0.000000 | khop count edge     0.000000 | khop compact edge 0.000000
        L3  walk sample coo  0.000000 | walk topk total    0.000000 | walk topk step1     0.000000 | walk topk step2   0.000000
        L3  walk topk step3  0.000000 | walk topk step4    0.000000 | walk topk step5     0.000000
        L3  walk topk step6  0.000000 | walk topk step7    0.000000
        L3  remap unique     0.000000 | remap populate     0.000000 | remap mapnode       0.000000 | remap mapedge     0.000000
        L3  cache get_index  0.000234 | cache copy_index   0.000000 | cache extract_miss  0.000000
        L3  cache copy_miss  0.000000 | cache combine_miss 0.014980 | cache combine cache 0.001475 | cache combine remote 0.000000
        L3  label extract  0.000125
    [Init Profiler Level 1]
        L1  init     3.9096 | sampler init     0.0000 | trainer init 110.5687
    [Init Profiler Level 2]
        L2  load ds         3.9080 | init queue           4.5130
        L2  presample       0.0000 | build interal ds     1.6121
        L2  build cache   104.4388
    [Init Profiler Level 3]
        L3  load dataset: mmap     3.9080 | copy         0.0000
        L3  dist queue: alloc      0.0007 | pin          4.5123 | push     0.0000
        L3  presample: init        0.0000
        L3  presample: sample      0.0000 | copy         0.0000
        L3  presample: count       0.0000 | sort         0.0000
        L3  presample: reset       0.0000 | get rank     0.0000
        L3  internal: cuda ctx     1.6120 | cuda stream     0.0000
|===========================================================================|
|                  PyTorch CUDA memory summary, device ID 0                 |
|---------------------------------------------------------------------------|
|            CUDA OOMs: 0            |        cudaMalloc retries: 0         |
|===========================================================================|
|        Metric         | Cur Usage  | Peak Usage | Tot Alloc  | Tot Freed  |
|---------------------------------------------------------------------------|
| Allocated memory      |   27658 KB |  396048 KB |  217289 MB |  217262 MB |
|       from large pool |   18757 KB |  392918 KB |  215257 MB |  215238 MB |
|       from small pool |    8900 KB |   11215 KB |    2032 MB |    2024 MB |
|---------------------------------------------------------------------------|
| Active memory         |   27658 KB |  396048 KB |  217289 MB |  217262 MB |
|       from large pool |   18757 KB |  392918 KB |  215257 MB |  215238 MB |
|       from small pool |    8901 KB |   11215 KB |    2032 MB |    2024 MB |
|---------------------------------------------------------------------------|
| GPU reserved memory   |  477184 KB |  477184 KB |  477184 KB |       0 B  |
|       from large pool |  462848 KB |  462848 KB |  462848 KB |       0 B  |
|       from small pool |   14336 KB |   14336 KB |   14336 KB |       0 B  |
|---------------------------------------------------------------------------|
| Non-releasable memory |   46069 KB |  393166 KB |  192589 MB |  192544 MB |
|       from large pool |   42682 KB |  389276 KB |  190367 MB |  190326 MB |
|       from small pool |    3387 KB |    4667 KB |    2221 MB |    2218 MB |
|---------------------------------------------------------------------------|
| Allocations           |      42    |      57    |   22226    |   22184    |
|       from large pool |       7    |      18    |    9779    |    9772    |
|       from small pool |      35    |      41    |   12447    |   12412    |
|---------------------------------------------------------------------------|
| Active allocs         |      43    |      57    |   22226    |   22183    |
|       from large pool |       7    |      18    |    9779    |    9772    |
|       from small pool |      36    |      41    |   12447    |   12411    |
|---------------------------------------------------------------------------|
| GPU reserved segments |      14    |      14    |      14    |       0    |
|       from large pool |       7    |       7    |       7    |       0    |
|       from small pool |       7    |       7    |       7    |       0    |
|---------------------------------------------------------------------------|
| Non-releasable allocs |      24    |      28    |   11101    |   11077    |
|       from large pool |       6    |      13    |    6214    |    6208    |
|       from small pool |      18    |      20    |    4887    |    4869    |
|---------------------------------------------------------------------------|
| Oversize allocations  |       0    |       0    |       0    |       0    |
|---------------------------------------------------------------------------|
| Oversize GPU segments |       0    |       0    |       0    |       0    |
|===========================================================================|

test_result:epoch_time:copy_time=0.7449
test_result:convert_time=0.0167
test_result:train_time=0.3690
test_result:epoch_time:train_total=0.3857
test_result:cache_percentage=0.0200
test_result:cache_hit_rate=1.0000
test_result:run_time=7.0318
