[2022-12-09 18:39:33.533178: W /samgraph/samgraph/common/cpu/mmap_cpu_device.cc:92] mmap allocating space 12.03 GB
[2022-12-09 18:39:33.533239: W /samgraph/samgraph/common/cpu/mmap_cpu_device.cc:97] mmap allocating space 12.03 GB done
[2022-12-09 18:39:33.533250: E /samgraph/samgraph/common/common.cc:206] From MMAP reading disk 12.03 GB
[2022-12-09 18:39:39.158094: E /samgraph/samgraph/common/common.cc:220] From MMAP reading done
[2022-12-09 18:39:39.158212: W /samgraph/samgraph/common/cpu/mmap_cpu_device.cc:92] mmap allocating space 52.96 GB
[2022-12-09 18:39:39.158230: W /samgraph/samgraph/common/cpu/mmap_cpu_device.cc:97] mmap allocating space 52.96 GB done
[2022-12-09 18:39:39.161072: W /samgraph/samgraph/common/cpu/mmap_cpu_device.cc:92] mmap allocating space 8.38 GB
[2022-12-09 18:39:39.161099: W /samgraph/samgraph/common/cpu/mmap_cpu_device.cc:97] mmap allocating space 8.38 GB done
/usr/lib/python3/dist-packages/requests/__init__.py:89: RequestsDependencyWarning: urllib3 (1.26.12) or chardet (3.0.4) doesn't match a supported version!
  warnings.warn("urllib3 ({}) or chardet ({}) doesn't match a supported "
[2022-12-09 18:39:40.362775: W /samgraph/samgraph/common/dist/dist_engine.cc:662] Trainer[4] initializing...
[2022-12-09 18:39:40.383171: W /samgraph/samgraph/common/dist/dist_engine.cc:662] Trainer[0] initializing...
[2022-12-09 18:39:40.421981: W /samgraph/samgraph/common/dist/dist_engine.cc:662] Trainer[3] initializing...
[2022-12-09 18:39:40.463301: W /samgraph/samgraph/common/dist/dist_engine.cc:662] Trainer[2] initializing...
[2022-12-09 18:39:40.496842: W /samgraph/samgraph/common/dist/dist_engine.cc:662] Trainer[1] initializing...
[2022-12-09 18:39:40.559011: W /samgraph/samgraph/common/dist/dist_engine.cc:662] Trainer[5] initializing...
[2022-12-09 18:39:41.833193: W /samgraph/samgraph/common/dist/dist_engine.cc:666] Trainer[0] pin memory queue...
[2022-12-09 18:39:41.844114: W /samgraph/samgraph/common/dist/dist_engine.cc:666] Trainer[4] pin memory queue...
[2022-12-09 18:39:41.854878: W /samgraph/samgraph/common/dist/dist_engine.cc:666] Trainer[3] pin memory queue...
[2022-12-09 18:39:41.855718: W /samgraph/samgraph/common/dist/dist_engine.cc:666] Trainer[1] pin memory queue...
[2022-12-09 18:39:41.864060: W /samgraph/samgraph/common/dist/dist_engine.cc:666] Trainer[5] pin memory queue...
[2022-12-09 18:39:41.871437: W /samgraph/samgraph/common/dist/dist_engine.cc:666] Trainer[2] pin memory queue...
[2022-12-09 18:39:48.926642: E /samgraph/samgraph/common/dist/dist_engine.cc:85] Running on A100
[2022-12-09 18:39:48.927118: W /samgraph/samgraph/common/dist/dist_engine.cc:701] Trainer[5] register host memory...
[2022-12-09 18:39:48.927301: E /samgraph/samgraph/common/dist/dist_engine.cc:85] Running on A100
[2022-12-09 18:39:48.927574: E /samgraph/samgraph/common/dist/dist_engine.cc:85] Running on A100
[2022-12-09 18:39:48.927767: W /samgraph/samgraph/common/dist/dist_engine.cc:701] Trainer[2] register host memory...
[2022-12-09 18:39:48.927938: W /samgraph/samgraph/common/dist/dist_engine.cc:701] Trainer[1] register host memory...
[2022-12-09 18:39:48.930354: E /samgraph/samgraph/common/dist/dist_engine.cc:85] Running on A100
[2022-12-09 18:39:48.930978: W /samgraph/samgraph/common/dist/dist_engine.cc:701] Trainer[0] register host memory...
[2022-12-09 18:39:48.931465: E /samgraph/samgraph/common/dist/dist_engine.cc:85] Running on A100
[2022-12-09 18:39:48.931870: W /samgraph/samgraph/common/dist/dist_engine.cc:701] Trainer[3] register host memory...
[2022-12-09 18:39:48.936028: E /samgraph/samgraph/common/dist/dist_engine.cc:85] Running on A100
[2022-12-09 18:39:48.936081: W /samgraph/samgraph/common/dist/dist_engine.cc:701] Trainer[4] register host memory...
[2022-12-09 18:39:49.108866: E /samgraph/samgraph/common/dist/dist_engine.cc:85] Running on A100
[2022-12-09 18:39:49.111549: W /samgraph/samgraph/common/cuda/cuda_device.cc:49] GPU[6] alloc cuda memory 423.66 MB
[2022-12-09 18:39:49.119283: E /samgraph/samgraph/common/dist/dist_engine.cc:85] Running on A100
[2022-12-09 18:39:49.196967: W /samgraph/samgraph/common/cuda/cuda_device.cc:49] GPU[6] alloc cuda memory 12.03 GB
[2022-12-09 18:39:51.370641: W /samgraph/samgraph/common/cuda/cuda_device.cc:49] GPU[6] alloc cuda memory 128.00 MB
[2022-12-09 18:39:51.373503: E /samgraph/samgraph/common/dist/pre_sampler.cc:41] Dist Presampler making shuffler...
[2022-12-09 18:39:51.376117: E /samgraph/samgraph/common/dist/pre_sampler.cc:44] Dist Presampler making shuffler...Done
[2022-12-09 18:39:51.376142: W /samgraph/samgraph/common/cpu/cpu_device.cc:39] WORKER[0] alloc host memory 847.32 MB
[2022-12-09 18:39:51.638960: E /samgraph/samgraph/common/dist/pre_sampler.cc:85] Dist Presampler doing presample epoch 0
[2022-12-09 18:39:52.187632: E /samgraph/samgraph/common/dist/pre_sampler.cc:129] presample spend 0.284789 on sample, 0.0298156 on copy, 0.232968 on count
[2022-12-09 18:39:52.187699: E /samgraph/samgraph/common/dist/pre_sampler.cc:85] Dist Presampler doing presample epoch 1
[2022-12-09 18:39:52.713220: E /samgraph/samgraph/common/dist/pre_sampler.cc:129] presample spend 0.546098 on sample, 0.0569471 on copy, 0.469049 on count
[2022-12-09 18:39:52.713293: E /samgraph/samgraph/common/dist/pre_sampler.cc:136] max_num_inputs = 1116041, min_num_inputs = 1090568
[2022-12-09 18:39:52.866859: E /samgraph/samgraph/common/dist/pre_sampler.cc:148] presample spend 0.153514 on sort freq.
[2022-12-09 18:39:53.117781: E /samgraph/samgraph/common/dist/dist_engine.cc:524] pre sample done, delete it
[[[[2022-12-09 18:39:532022-12-09 18:39:532022-12-09 18:39:532022-12-09 18:39:53[...[.2022-12-09 18:39:532023362023382023392022-12-09 18:39:53202347.: : : .: 202348WWW202348W:    :  W/samgraph/samgraph/common/dist/dist_engine.cc/samgraph/samgraph/common/dist/dist_engine.cc/samgraph/samgraph/common/dist/dist_engine.ccW/samgraph/samgraph/common/dist/dist_engine.cc ::: :/samgraph/samgraph/common/dist/dist_engine.cc711711711/samgraph/samgraph/common/dist/dist_engine.cc711:] ] ] :] 711Trainer[1] building cache...Trainer[5] building cache...Trainer[2] building cache...711Trainer[4] building cache...] 


] 
Trainer[0] building cache...Trainer[3] building cache...

[[[2022-12-09 18:39:532022-12-09 18:39:532022-12-09 18:39:53...202821202823202824: : : EEE   /samgraph/3rdparty/collcachelib/coll_cache_lib/run_config.cc/samgraph/3rdparty/collcachelib/coll_cache_lib/run_config.cc/samgraph/3rdparty/collcachelib/coll_cache_lib/run_config.cc:::134134134] ] using concurrent impl MPS] using concurrent impl MPS
using concurrent impl MPS

[2022-12-09 18:39:53.202961: E /samgraph/3rdparty/collcachelib/coll_cache_lib/run_config.cc:134] using concurrent impl MPS
[2022-12-09 18:39:53.203504: E /samgraph/3rdparty/collcachelib/coll_cache_lib/run_config.cc:134] using concurrent impl MPS
[2022-12-09 18:39:53.204020: E /samgraph/3rdparty/collcachelib/coll_cache_lib/coll_cache/asymm_link_desc.cc:194] assigning 10 to cpu
[2022-12-09 18:39:53.204048: E /samgraph/3rdparty/collcachelib/coll_cache_lib/coll_cache/asymm_link_desc.cc:210] build symm link desc with 6X NVIDIA A100-SXM4-80GB out of 8
[2022-12-09 18:39:53.204067: E /samgraph/3rdparty/collcachelib/coll_cache_lib/coll_cache/asymm_link_desc.cc:211] remote time is 10.8824
[2022-12-09 18:39:53.204077: E /samgraph/3rdparty/collcachelib/coll_cache_lib/coll_cache/asymm_link_desc.cc:212] cpu time is 41.1111
[2022-12-09 18:39:53.204249: E /samgraph/3rdparty/collcachelib/coll_cache_lib/coll_cache/asymm_link_desc.cc:194] assigning 10 to cpu
[2022-12-09 18:39:53.204272: E /samgraph/3rdparty/collcachelib/coll_cache_lib/coll_cache/asymm_link_desc.cc:210] build symm link desc with 6X NVIDIA A100-SXM4-80GB out of 8
[2022-12-09 18:39:53.204288: E /samgraph/3rdparty/collcachelib/coll_cache_lib/coll_cache/asymm_link_desc.cc:211] remote time is 10.8824
[2022-12-09 18:39:53.204298: E /samgraph/3rdparty/collcachelib/coll_cache_lib/coll_cache/asymm_link_desc.cc:212] cpu time is 41.1111
[2022-12-09 18:39:53.204389: E /samgraph/3rdparty/collcachelib/coll_cache_lib/coll_cache/asymm_link_desc.cc:194] assigning 10 to cpu
[2022-12-09 18:39:53.204412: E /samgraph/3rdparty/collcachelib/coll_cache_lib/coll_cache/asymm_link_desc.cc:210] build symm link desc with 6X NVIDIA A100-SXM4-80GB out of 8
[2022-12-09 18:39:53.204433: E /samgraph/3rdparty/collcachelib/coll_cache_lib/coll_cache/asymm_link_desc.cc:211] remote time is 10.8824
[2022-12-09 18:39:53.204444: E /samgraph/3rdparty/collcachelib/coll_cache_lib/coll_cache/asymm_link_desc.cc:212] cpu time is 41.1111
[2022-12-09 18:39:53.204638: E /samgraph/3rdparty/collcachelib/coll_cache_lib/coll_cache/asymm_link_desc.cc:194] assigning 10 to cpu
[2022-12-09 18:39:53.204663: E /samgraph/3rdparty/collcachelib/coll_cache_lib/coll_cache/asymm_link_desc.cc:210] build symm link desc with 6X NVIDIA A100-SXM4-80GB out of 8
[2022-12-09 18:39:53.204680: E /samgraph/3rdparty/collcachelib/coll_cache_lib/coll_cache/asymm_link_desc.cc:211] remote time is 10.8824
[2022-12-09 18:39:53.204691: E /samgraph/3rdparty/collcachelib/coll_cache_lib/coll_cache/asymm_link_desc.cc:212] cpu time is 41.1111
[2022-12-09 18:39:53.204781: E /samgraph/3rdparty/collcachelib/coll_cache_lib/coll_cache/asymm_link_desc.cc:194] assigning 10 to cpu
[2022-12-09 18:39:53.204812: E /samgraph/3rdparty/collcachelib/coll_cache_lib/coll_cache/asymm_link_desc.cc:210] build symm link desc with 6X NVIDIA A100-SXM4-80GB out of 8
[2022-12-09 18:39:53.204830: E /samgraph/3rdparty/collcachelib/coll_cache_lib/coll_cache/asymm_link_desc.cc:211] remote time is 10.8824
[2022-12-09 18:39:53.204840: E /samgraph/3rdparty/collcachelib/coll_cache_lib/coll_cache/asymm_link_desc.cc:212] cpu time is 41.1111
[2022-12-09 18:39:53.211229: E /samgraph/3rdparty/collcachelib/coll_cache_lib/run_config.cc:134] using concurrent impl MPS
[2022-12-09 18:39:53.212226: E /samgraph/3rdparty/collcachelib/coll_cache_lib/coll_cache/asymm_link_desc.cc:194] assigning 10 to cpu
[2022-12-09 18:39:53.212250: E /samgraph/3rdparty/collcachelib/coll_cache_lib/coll_cache/asymm_link_desc.cc:210] build symm link desc with 6X NVIDIA A100-SXM4-80GB out of 8
[2022-12-09 18:39:53.212266: E /samgraph/3rdparty/collcachelib/coll_cache_lib/coll_cache/asymm_link_desc.cc:211] remote time is 10.8824
[2022-12-09 18:39:53.212276: E /samgraph/3rdparty/collcachelib/coll_cache_lib/coll_cache/asymm_link_desc.cc:212] cpu time is 41.1111
[2022-12-09 18:41:15.340744: E /samgraph/3rdparty/collcachelib/coll_cache_lib/facade.cc:118] solver created. now build & solve
[2022-12-09 18:41:15.381600: W /samgraph/3rdparty/collcachelib/coll_cache_lib/cpu/cpu_device.cc:39] WORKER[0] alloc host memory 423.66 MB
[2022-12-09 18:41:15.381638: W /samgraph/3rdparty/collcachelib/coll_cache_lib/cpu/cpu_device.cc:39] WORKER[0] alloc host memory 423.66 MB
[2022-12-09 18:41:15.382232: W /samgraph/3rdparty/collcachelib/coll_cache_lib/coll_cache/optimal_solver_class.cc:68] mapping nid to rank...
[2022-12-09 18:41:15.448200: W /samgraph/3rdparty/collcachelib/coll_cache_lib/coll_cache/optimal_solver_class.cc:85] counting slots...
[2022-12-09 18:41:15.665175: W /samgraph/3rdparty/collcachelib/coll_cache_lib/coll_cache/optimal_solver_class.cc:99] Final num slot is 33
[2022-12-09 18:41:15.665251: W /samgraph/3rdparty/collcachelib/coll_cache_lib/coll_cache/optimal_solver_class.cc:103] counting blocks...
[2022-12-09 18:41:20.609059: W /samgraph/3rdparty/collcachelib/coll_cache_lib/coll_cache/optimal_solver_class.cc:112] Final num block is 1017
[2022-12-09 18:41:20.609127: W /samgraph/3rdparty/collcachelib/coll_cache_lib/coll_cache/optimal_solver_class.cc:117] counting freq and density...
[2022-12-09 18:41:21.412725: W /samgraph/3rdparty/collcachelib/coll_cache_lib/coll_cache/optimal_solver_class.cc:148] averaging freq and density...
[2022-12-09 18:41:21.412804: W /samgraph/3rdparty/collcachelib/coll_cache_lib/coll_cache/optimal_solver_class.cc:149] 1017
[2022-12-09 18:41:21.414626: E /samgraph/3rdparty/collcachelib/coll_cache_lib/facade.cc:123] solver built. now solve
[2022-12-09 18:41:21.414663: W /samgraph/3rdparty/collcachelib/coll_cache_lib/coll_cache/optimal_solver_class.cc:348] constructing optimal solver, device=6, stream=1
1017 blocks, 6 devices
[2022-12-09 18:41:21.920660: W /samgraph/3rdparty/collcachelib/coll_cache_lib/coll_cache/optimal_solver_class.cc:503] Add Var...
[2022-12-09 18:41:21.940085: W /samgraph/3rdparty/collcachelib/coll_cache_lib/coll_cache/optimal_solver_class.cc:521] Capacity...
[2022-12-09 18:41:21.940888: W /samgraph/3rdparty/collcachelib/coll_cache_lib/coll_cache/optimal_solver_class.cc:524] Connect CPU...
[2022-12-09 18:41:21.953926: W /samgraph/3rdparty/collcachelib/coll_cache_lib/coll_cache/optimal_solver_class.cc:526] Connect Access To Storage...
[2022-12-09 18:41:22.219492: W /samgraph/3rdparty/collcachelib/coll_cache_lib/coll_cache/optimal_solver_class.cc:530] Time...
[2022-12-09 18:41:30.566125: W /samgraph/3rdparty/collcachelib/coll_cache_lib/coll_cache/optimal_solver_class.cc:545] Coll Cache init block placement array
[2022-12-09 18:41:30.569783: W /samgraph/3rdparty/collcachelib/coll_cache_lib/coll_cache/optimal_solver_class.cc:621] Coll Cache init block placement array done
[2022-12-09 18:41:30.570065: W /samgraph/3rdparty/collcachelib/coll_cache_lib/coll_cache/optimal_solver_class.cc:623] Coll Cache model reset done
[2022-12-09 18:41:30.591233: E /samgraph/3rdparty/collcachelib/coll_cache_lib/facade.cc:127] solver solved
[2022-12-09 18:41:30.591282: E /samgraph/3rdparty/collcachelib/coll_cache_lib/facade.cc:195] 0 solved master
[2022-12-09 18:41:30.591303: E /samgraph/3rdparty/collcachelib/coll_cache_lib/facade.cc:202] 0 solved
[2022-12-09 18:41:30.591314: E /samgraph/3rdparty/collcachelib/coll_cache_lib/facade.cc:205] worker 0 thread 0 initing device 0
[2022-12-09 18:41:30.592569: E /samgraph/3rdparty/collcachelib/coll_cache_lib/cache_context.cu:1766] Building Coll Cache with ... num gpu device is 6
[2022-12-09 18:41:30.602379: E /samgraph/3rdparty/collcachelib/coll_cache_lib/facade.cc:202] 3 solved
[2022-12-09 18:41:30.602450: E /samgraph/3rdparty/collcachelib/coll_cache_lib/facade.cc:205] worker 3 thread 3 initing device 3
[2022-12-09 18:41:30.604208: E /samgraph/3rdparty/collcachelib/coll_cache_lib/cache_context.cu:1766] Building Coll Cache with ... num gpu device is 6
[2022-12-09 18:41:30.607247[: E /samgraph/3rdparty/collcachelib/coll_cache_lib/facade.cc:2022022-12-09 18:41:30] .607264: 2 solvedE
 /samgraph/3rdparty/collcachelib/coll_cache_lib/facade.cc:202] [2022-12-09 18:41:30.1 solved607312
: E /samgraph/3rdparty/collcachelib/coll_cache_lib/facade.cc:205] [worker 2 thread 2 initing device 22022-12-09 18:41:30
.607319: E /samgraph/3rdparty/collcachelib/coll_cache_lib/facade.cc:205] worker 1 thread 1 initing device 1
[2022-12-09 18:41:30.608577: E /samgraph/3rdparty/collcachelib/coll_cache_lib/cache_context.cu:1766] Building Coll Cache with ... num gpu device is 6
[2022-12-09 18:41:30.608614: E /samgraph/3rdparty/collcachelib/coll_cache_lib/cache_context.cu:1766] Building Coll Cache with ... num gpu device is 6
[[2022-12-09 18:41:30.611293: E2022-12-09 18:41:30 ./samgraph/3rdparty/collcachelib/coll_cache_lib/facade.cc611293:: 202E]  /samgraph/3rdparty/collcachelib/coll_cache_lib/facade.cc5 solved:
202] 4 solved
[2022-12-09 18:41:30.611342: E[ 2022-12-09 18:41:30/samgraph/3rdparty/collcachelib/coll_cache_lib/facade.cc.:611346205: ] Eworker 5 thread 5 initing device 5 
/samgraph/3rdparty/collcachelib/coll_cache_lib/facade.cc:205] worker 4 thread 4 initing device 4
[2022-12-09 18:41:30.612666[: 2022-12-09 18:41:30E. 612674/samgraph/3rdparty/collcachelib/coll_cache_lib/cache_context.cu: :E1766 ] /samgraph/3rdparty/collcachelib/coll_cache_lib/cache_context.cuBuilding Coll Cache with ... num gpu device is 6:
1766] Building Coll Cache with ... num gpu device is 6
[2022-12-09 18:41:30.659686: W /samgraph/3rdparty/collcachelib/coll_cache_lib/cpu/cpu_device.cc:39] WORKER[0] alloc host memory 33.77 MB
[[[[[[2022-12-09 18:41:312022-12-09 18:41:312022-12-09 18:41:312022-12-09 18:41:312022-12-09 18:41:312022-12-09 18:41:31...... 60421 60421 60421 60419 60420 60419: : : : : : EEEEEE      /samgraph/3rdparty/collcachelib/coll_cache_lib/cache_context.cu/samgraph/3rdparty/collcachelib/coll_cache_lib/cache_context.cu/samgraph/3rdparty/collcachelib/coll_cache_lib/cache_context.cu/samgraph/3rdparty/collcachelib/coll_cache_lib/cache_context.cu/samgraph/3rdparty/collcachelib/coll_cache_lib/cache_context.cu/samgraph/3rdparty/collcachelib/coll_cache_lib/cache_context.cu::::::187718771877187718771877] ] ] ] ] ] Device 1 init p2p of link 2Device 3 init p2p of link 4Device 5 init p2p of link 0Device 4 init p2p of link 5Device 0 init p2p of link 1Device 2 init p2p of link 3





[2022-12-09 18:41:31. 64212: E /samgraph/3rdparty/collcachelib/coll_cache_lib/cache_context.cu:1877] Device 3 init p2p of link 5
[2022-12-09 18:41:31. 66286: E /samgraph/3rdparty/collcachelib/coll_cache_lib/cache_context.cu:1877] Device 0 init p2p of link 2
[2022-12-09 18:41:31. 66571: E /samgraph/3rdparty/collcachelib/coll_cache_lib/cache_context.cu:1877] Device 2 init p2p of link 4
[2022-12-09 18:41:31. 66776: E /samgraph/3rdparty/collcachelib/coll_cache_lib/cache_context.cu:1877] Device 5 init p2p of link 1
[2022-12-09 18:41:31. 66931: E /samgraph/3rdparty/collcachelib/coll_cache_lib/cache_context.cu:1877] Device 4 init p2p of link 0
[2022-12-09 18:41:31. 67145: E /samgraph/3rdparty/collcachelib/coll_cache_lib/cache_context.cu:1877] Device 1 init p2p of link 3
[2022-12-09 18:41:31. 68399: E /samgraph/3rdparty/collcachelib/coll_cache_lib/cache_context.cu:1877] Device 3 init p2p of link 0
[2022-12-09 18:41:31. 70177: E /samgraph/3rdparty/collcachelib/coll_cache_lib/cache_context.cu:1877] Device 0 init p2p of link 3
[2022-12-09 18:41:31. 71189: E /samgraph/3rdparty/collcachelib/coll_cache_lib/cache_context.cu:1877] Device 2 init p2p of link 5
[2022-12-09 18:41:31. 71437: E /samgraph/3rdparty/collcachelib/coll_cache_lib/cache_context.cu:1877] Device 5 init p2p of link 2
[2022-12-09 18:41:31. 71685: E /samgraph/3rdparty/collcachelib/coll_cache_lib/cache_context.cu:1877] Device 4 init p2p of link 1
[2022-12-09 18:41:31. 71905: E /samgraph/3rdparty/collcachelib/coll_cache_lib/cache_context.cu:1877] Device 1 init p2p of link 4
[2022-12-09 18:41:31. 72916: E /samgraph/3rdparty/collcachelib/coll_cache_lib/cache_context.cu:1877] Device 3 init p2p of link 1
[2022-12-09 18:41:31. 74626: E /samgraph/3rdparty/collcachelib/coll_cache_lib/cache_context.cu:1877] Device 0 init p2p of link 4
[2022-12-09 18:41:31. 75081: E /samgraph/3rdparty/collcachelib/coll_cache_lib/cache_context.cu:1877] Device 2 init p2p of link 0
[2022-12-09 18:41:31. 75826: E /samgraph/3rdparty/collcachelib/coll_cache_lib/cache_context.cu:1877] Device 5 init p2p of link 3
[2022-12-09 18:41:31. 76328: E /samgraph/3rdparty/collcachelib/coll_cache_lib/cache_context.cu:1877] Device 4 init p2p of link 2
[2022-12-09 18:41:31. 76804: E /samgraph/3rdparty/collcachelib/coll_cache_lib/cache_context.cu:1877] Device 1 init p2p of link 5
[2022-12-09 18:41:31. 77689: E /samgraph/3rdparty/collcachelib/coll_cache_lib/cache_context.cu:1877] Device 3 init p2p of link 2
[2022-12-09 18:41:31. 79235: E /samgraph/3rdparty/collcachelib/coll_cache_lib/cache_context.cu:1877] Device 0 init p2p of link 5
[2022-12-09 18:41:31. 79582: E /samgraph/3rdparty/collcachelib/coll_cache_lib/cache_context.cu:1877] Device 2 init p2p of link 1
[2022-12-09 18:41:31. 79814: E /samgraph/3rdparty/collcachelib/coll_cache_lib/cache_context.cu:1877] Device 5 init p2p of link 4
[2022-12-09 18:41:31. 81195: E /samgraph/3rdparty/collcachelib/coll_cache_lib/cache_context.cu:1877] Device 4 init p2p of link 3
[2022-12-09 18:41:31. 81443: E /samgraph/3rdparty/collcachelib/coll_cache_lib/cache_context.cu:1877] Device 1 init p2p of link 0
[2022-12-09 18:41:31. 82865: E /samgraph/3rdparty/collcachelib/coll_cache_lib/cache_context.cu:1906] Asymm Coll cache (policy: coll_cache_asymm_link) | local 8876647 / 111059956 nodes ( 7.99 %~8.00 %) | remote 11545045 / 111059956 nodes ( 10.40 %) | cpu 90638264 / 111059956 nodes ( 81.61 %) | 4.24 GB | 0.47863 secs 
[2022-12-09 18:41:31. 84703: E /samgraph/3rdparty/collcachelib/coll_cache_lib/cache_context.cu:1906] Asymm Coll cache (policy: coll_cache_asymm_link) | local 8851399 / 111059956 nodes ( 7.97 %~8.00 %) | remote 11570293 / 111059956 nodes ( 10.42 %) | cpu 90638264 / 111059956 nodes ( 81.61 %) | 4.23 GB | 0.492108 secs 
[2022-12-09 18:41:31. 85044: E /samgraph/3rdparty/collcachelib/coll_cache_lib/cache_context.cu:1906] Asymm Coll cache (policy: coll_cache_asymm_link) | local 8849335 / 111059956 nodes ( 7.97 %~8.00 %) | remote 11572357 / 111059956 nodes ( 10.42 %) | cpu 90638264 / 111059956 nodes ( 81.61 %) | 4.22 GB | 0.476442 secs 
[2022-12-09 18:41:31. 85125: W /samgraph/3rdparty/collcachelib/coll_cache_lib/cache_context.cu:2010] before create ctx, mem is 6.00 GB
[2022-12-09 18:41:31. 87527: E /samgraph/3rdparty/collcachelib/coll_cache_lib/cache_context.cu:1906] Asymm Coll cache (policy: coll_cache_asymm_link) | local 8818074 / 111059956 nodes ( 7.94 %~8.00 %) | remote 11603618 / 111059956 nodes ( 10.45 %) | cpu 90638264 / 111059956 nodes ( 81.61 %) | 4.21 GB | 0.474823 secs 
[2022-12-09 18:41:31. 89837: E /samgraph/3rdparty/collcachelib/coll_cache_lib/cache_context.cu:1906] Asymm Coll cache (policy: coll_cache_asymm_link) | local 8884074 / 111059956 nodes ( 8.00 %~8.00 %) | remote 11537618 / 111059956 nodes ( 10.39 %) | cpu 90638264 / 111059956 nodes ( 81.61 %) | 4.24 GB | 0.477136 secs 
[2022-12-09 18:41:31. 89967: E /samgraph/3rdparty/collcachelib/coll_cache_lib/cache_context.cu:1906] Asymm Coll cache (policy: coll_cache_asymm_link) | local 8830524 / 111059956 nodes ( 7.95 %~8.00 %) | remote 11591168 / 111059956 nodes ( 10.44 %) | cpu 90638264 / 111059956 nodes ( 81.61 %) | 4.22 GB | 0.48133 secs 
[2022-12-09 18:41:32.203004: W /samgraph/3rdparty/collcachelib/coll_cache_lib/cache_context.cu:2016] after create ctx, mem is 6.42 GB
[2022-12-09 18:41:32.203244: W /samgraph/3rdparty/collcachelib/coll_cache_lib/cache_context.cu:2023] after create stream, mem is 6.42 GB
[2022-12-09 18:41:32.203478: W /samgraph/3rdparty/collcachelib/coll_cache_lib/cache_context.cu:2010] before create ctx, mem is 6.42 GB
[2022-12-09 18:41:33.326805: W /samgraph/3rdparty/collcachelib/coll_cache_lib/cache_context.cu:2016] after create ctx, mem is 6.85 GB
[2022-12-09 18:41:33.327016: W /samgraph/3rdparty/collcachelib/coll_cache_lib/cache_context.cu:2023] after create stream, mem is 6.85 GB
[2022-12-09 18:41:33.327277: W /samgraph/3rdparty/collcachelib/coll_cache_lib/cache_context.cu:2010] before create ctx, mem is 6.85 GB
[2022-12-09 18:41:34.775058: W /samgraph/3rdparty/collcachelib/coll_cache_lib/cache_context.cu:2016] after create ctx, mem is 7.28 GB
[2022-12-09 18:41:34.778183: W /samgraph/3rdparty/collcachelib/coll_cache_lib/cache_context.cu:2023] after create stream, mem is 7.28 GB
[2022-12-09 18:41:34.781199: W /samgraph/3rdparty/collcachelib/coll_cache_lib/cache_context.cu:2010] before create ctx, mem is 7.28 GB
[2022-12-09 18:41:36.186347: W /samgraph/3rdparty/collcachelib/coll_cache_lib/cache_context.cu:2016] after create ctx, mem is 7.70 GB
[2022-12-09 18:41:36.186458: W /samgraph/3rdparty/collcachelib/coll_cache_lib/cache_context.cu:2023] after create stream, mem is 7.70 GB
[2022-12-09 18:41:36.187040: W /samgraph/3rdparty/collcachelib/coll_cache_lib/cache_context.cu:2010] before create ctx, mem is 7.70 GB
[2022-12-09 18:41:37.381595: W /samgraph/3rdparty/collcachelib/coll_cache_lib/cache_context.cu:2016] after create ctx, mem is 8.13 GB
[2022-12-09 18:41:37.381703: W /samgraph/3rdparty/collcachelib/coll_cache_lib/cache_context.cu:2023] after create stream, mem is 8.13 GB
[2022-12-09 18:41:37.381885: W /samgraph/3rdparty/collcachelib/coll_cache_lib/cache_context.cu:2010] before create ctx, mem is 8.13 GB
[2022-12-09 18:41:38.575618: W /samgraph/3rdparty/collcachelib/coll_cache_lib/cache_context.cu:2016] after create ctx, mem is 8.88 GB
[2022-12-09 18:41:38.575721: W /samgraph/3rdparty/collcachelib/coll_cache_lib/cache_context.cu:2023] after create stream, mem is 8.88 GB
[2022-12-09 18:41:38.575911: W /samgraph/3rdparty/collcachelib/coll_cache_lib/cache_context.cu:2010] before create ctx, mem is 8.88 GB
[2022-12-09 18:41:39.400380: W /samgraph/3rdparty/collcachelib/coll_cache_lib/cache_context.cu:2016] after create ctx, mem is 9.27 GB
[2022-12-09 18:41:39.400486: W /samgraph/3rdparty/collcachelib/coll_cache_lib/cache_context.cu:2023] after create stream, mem is 9.27 GB
[[2022-12-09 18:41:39.2022-12-09 18:41:39[526751.[: 2022-12-09 18:41:39526749E2022-12-09 18:41:39.: [ .526751E/samgraph/3rdparty/collcachelib/coll_cache_lib/run_config.cc526783: 2022-12-09 18:41:39 :: E./samgraph/3rdparty/collcachelib/coll_cache_lib/run_config.cc134E [526780:]  /samgraph/3rdparty/collcachelib/coll_cache_lib/run_config.cc: 134using concurrent impl MPS/samgraph/3rdparty/collcachelib/coll_cache_lib/run_config.cc
:E2022-12-09 18:41:39] :134 .using concurrent impl MPS134] /samgraph/3rdparty/collcachelib/coll_cache_lib/run_config.cc526806
] using concurrent impl MPS:: using concurrent impl MPS
134E
]  using concurrent impl MPS/samgraph/3rdparty/collcachelib/coll_cache_lib/run_config.cc
:134] using concurrent impl MPS
[2022-12-09 18:41:39.528173: E /samgraph/3rdparty/collcachelib/coll_cache_lib/coll_cache/asymm_link_desc.cc:194] assigning 10 to cpu
[2022-12-09 18:41:39.528201: E /samgraph/3rdparty/collcachelib/coll_cache_lib/coll_cache/asymm_link_desc.cc:210] build symm link desc with 6X NVIDIA A100-SXM4-80GB out of 8
[2022-12-09 18:41:39.528221: E /samgraph/3rdparty/collcachelib/coll_cache_lib/coll_cache/asymm_link_desc.cc:211] remote time is 10.8824
[2022-12-09 18:41:39.528232: E /samgraph/3rdparty/collcachelib/coll_cache_lib/coll_cache/asymm_link_desc.cc:212] cpu time is 41.1111
[2022-12-09 18:41:39.528310: E /samgraph/3rdparty/collcachelib/coll_cache_lib/coll_cache/asymm_link_desc.cc:194] assigning 10 to cpu
[2022-12-09 18:41:39.528332: E /samgraph/3rdparty/collcachelib/coll_cache_lib/coll_cache/asymm_link_desc.cc:210] build symm link desc with 6X NVIDIA A100-SXM4-80GB out of 8
[2022-12-09 18:41:39.528348: E /samgraph/3rdparty/collcachelib/coll_cache_lib/coll_cache/asymm_link_desc.cc:211] remote time is 10.8824
[2022-12-09 18:41:39.528359: E /samgraph/3rdparty/collcachelib/coll_cache_lib/coll_cache/asymm_link_desc.cc:212] cpu time is 41.1111
[2022-12-09 18:41:39.528902: E /samgraph/3rdparty/collcachelib/coll_cache_lib/coll_cache/asymm_link_desc.cc:194] assigning 10 to cpu
[2022-12-09 18:41:39.528929: E /samgraph/3rdparty/collcachelib/coll_cache_lib/coll_cache/asymm_link_desc.cc:210] build symm link desc with 6X NVIDIA A100-SXM4-80GB out of 8
[2022-12-09 18:41:39.528952: E /samgraph/3rdparty/collcachelib/coll_cache_lib/coll_cache/asymm_link_desc.cc:211] remote time is 10.8824
[2022-12-09 18:41:39.528962: E /samgraph/3rdparty/collcachelib/coll_cache_lib/coll_cache/asymm_link_desc.cc:212] cpu time is 41.1111
[2022-12-09 18:41:39.529226: E /samgraph/3rdparty/collcachelib/coll_cache_lib/coll_cache/asymm_link_desc.cc:194] assigning 10 to cpu
[2022-12-09 18:41:39.529259: E /samgraph/3rdparty/collcachelib/coll_cache_lib/coll_cache/asymm_link_desc.cc:210] build symm link desc with 6X NVIDIA A100-SXM4-80GB out of 8
[2022-12-09 18:41:39.529275: E /samgraph/3rdparty/collcachelib/coll_cache_lib/coll_cache/asymm_link_desc.cc:211] remote time is 10.8824
[2022-12-09 18:41:39.529286: E [/samgraph/3rdparty/collcachelib/coll_cache_lib/coll_cache/asymm_link_desc.cc2022-12-09 18:41:39:.212529286] : cpu time is 41.1111E
 /samgraph/3rdparty/collcachelib/coll_cache_lib/coll_cache/asymm_link_desc.cc:194] assigning 10 to cpu
[2022-12-09 18:41:39.529326: E /samgraph/3rdparty/collcachelib/coll_cache_lib/coll_cache/asymm_link_desc.cc:210] build symm link desc with 6X NVIDIA A100-SXM4-80GB out of 8
[2022-12-09 18:41:39.529344: E /samgraph/3rdparty/collcachelib/coll_cache_lib/coll_cache/asymm_link_desc.cc:211] remote time is 10.8824
[2022-12-09 18:41:39.529354: E /samgraph/3rdparty/collcachelib/coll_cache_lib/coll_cache/asymm_link_desc.cc:212] cpu time is 41.1111
[2022-12-09 18:41:39.529480: E /samgraph/3rdparty/collcachelib/coll_cache_lib/coll_cache/asymm_link_desc.cc:194] assigning 10 to cpu
[2022-12-09 18:41:39.529501: E /samgraph/3rdparty/collcachelib/coll_cache_lib/coll_cache/asymm_link_desc.cc:210] build symm link desc with 6X NVIDIA A100-SXM4-80GB out of 8
[2022-12-09 18:41:39.529517: E /samgraph/3rdparty/collcachelib/coll_cache_lib/coll_cache/asymm_link_desc.cc:211] remote time is 10.8824
[2022-12-09 18:41:39.529527: E /samgraph/3rdparty/collcachelib/coll_cache_lib/coll_cache/asymm_link_desc.cc:212] cpu time is 41.1111
[[[[[[2022-12-09 18:41:402022-12-09 18:41:402022-12-09 18:41:402022-12-09 18:41:402022-12-09 18:41:40.2022-12-09 18:41:40....742288.742288742288742288742288: 742288: : : : E: EEEE E    /samgraph/3rdparty/collcachelib/coll_cache_lib/facade.cc /samgraph/3rdparty/collcachelib/coll_cache_lib/facade.cc/samgraph/3rdparty/collcachelib/coll_cache_lib/facade.cc/samgraph/3rdparty/collcachelib/coll_cache_lib/facade.cc/samgraph/3rdparty/collcachelib/coll_cache_lib/facade.cc:/samgraph/3rdparty/collcachelib/coll_cache_lib/facade.cc::::202:202202202202] 202] ] ] ] ] 2 solved0 solved4 solved5 solved3 solved1 solved





[[[[2022-12-09 18:41:402022-12-09 18:41:40[[2022-12-09 18:41:402022-12-09 18:41:40..2022-12-09 18:41:402022-12-09 18:41:40..742443742444..742445742446: : 742447742449: : EE: : EE  EE  /samgraph/3rdparty/collcachelib/coll_cache_lib/facade.cc/samgraph/3rdparty/collcachelib/coll_cache_lib/facade.cc  /samgraph/3rdparty/collcachelib/coll_cache_lib/facade.cc/samgraph/3rdparty/collcachelib/coll_cache_lib/facade.cc::/samgraph/3rdparty/collcachelib/coll_cache_lib/facade.cc/samgraph/3rdparty/collcachelib/coll_cache_lib/facade.cc::205205::205205] ] 205205] ] worker 2 thread 2 initing device 2worker 0 thread 0 initing device 0] ] worker 4 thread 4 initing device 4worker 5 thread 5 initing device 5

worker 3 thread 3 initing device 3worker 1 thread 1 initing device 1



[2022-12-09 18:41:42.765513: W /samgraph/samgraph/common/cuda/cuda_device.cc:49] GPU[0] alloc cuda memory 582.02 MB
[2022-12-09 18:41:42.766942: W /samgraph/samgraph/common/cuda/cuda_device.cc:49] GPU[0] alloc cuda memory 11.37 MB
[2022-12-09 18:41:42.768182: W /samgraph/samgraph/common/cuda/cuda_device.cc:49] GPU[0] alloc cuda memory 11.37 MB
[2022-12-09 18:41:44. 44603: W /samgraph/samgraph/common/cuda/cuda_device.cc:49] GPU[0] alloc cuda memory 582.02 MB
[2022-12-09 18:41:44. 45227: W /samgraph/samgraph/common/cuda/cuda_device.cc:49] GPU[0] alloc cuda memory 10.53 MB
/usr/local/lib/python3.8/dist-packages/torch/nn/parallel/scatter_gather.py:9: UserWarning: is_namedtuple is deprecated, please use the python checks instead
  warnings.warn("is_namedtuple is deprecated, please use the python checks instead")
/usr/local/lib/python3.8/dist-packages/torch/nn/parallel/scatter_gather.py:9: UserWarning: is_namedtuple is deprecated, please use the python checks instead
  warnings.warn("is_namedtuple is deprecated, please use the python checks instead")
/usr/local/lib/python3.8/dist-packages/torch/nn/parallel/scatter_gather.py:9: UserWarning: is_namedtuple is deprecated, please use the python checks instead
  warnings.warn("is_namedtuple is deprecated, please use the python checks instead")
/usr/local/lib/python3.8/dist-packages/torch/nn/parallel/scatter_gather.py:9: UserWarning: is_namedtuple is deprecated, please use the python checks instead
  warnings.warn("is_namedtuple is deprecated, please use the python checks instead")
/usr/local/lib/python3.8/dist-packages/torch/nn/parallel/scatter_gather.py:9: UserWarning: is_namedtuple is deprecated, please use the python checks instead
  warnings.warn("is_namedtuple is deprecated, please use the python checks instead")
/usr/local/lib/python3.8/dist-packages/torch/nn/parallel/scatter_gather.py:9: UserWarning: is_namedtuple is deprecated, please use the python checks instead
  warnings.warn("is_namedtuple is deprecated, please use the python checks instead")
