config:eval_tsp="2022-12-05 21:05:13"
config:arch=arch5
config:num_train_worker=6
config:num_sample_worker=2
config:sample_type=khop2
config:root_path=/nvme/graph-learning-copy/samgraph/
config:dataset=com-friendster
config:pipeline=False
config:cache_policy=rep
config:cache_percentage=0.15
config:num_epoch=4
config:batch_size=8000
config:num_hidden=256
config:max_sampling_jobs=1
config:max_copying_jobs=1
config:barriered_epoch=1
config:presample_epoch=2
config:omp_thread_num=6
config:unsupervised=False
config:amp=True
config:rolling=0
config:fanout=[25, 10]
config:lr=0.003
config:dropout=0.5
config:single_gpu=False
config:max_num_step=100000
config:validate_configs=False
config:report_acc=0
config:dataset_path=/nvme/graph-learning-copy/samgraph/com-friendster
config:torch_thread_num=9
config:train_workers=['cuda:0', 'cuda:1', 'cuda:2', 'cuda:3', 'cuda:4', 'cuda:5']
config:sample_workers=['cuda:6', 'cuda:7']
config:num_fanout=2
config:num_layer=2
config:_run_mode=RunMode.FGNN
config:_log_level=warn
config:_profile_level=3
config:_empty_feat=0
config:_arch=5
config:_sample_type=5
config:_cache_policy=12
test_result:init:input_scale_factor=1.1
0 :  {link #0 : 1}, {link #1 : 2}, {link #2 : 3}, {link #3 : 4}, {link #4 : 5},
1 :  {link #0 : 2}, {link #1 : 3}, {link #2 : 4}, {link #3 : 5}, {link #4 : 0},
2 :  {link #0 : 3}, {link #1 : 4}, {link #2 : 5}, {link #3 : 0}, {link #4 : 1},
3 :  {link #0 : 4}, {link #1 : 5}, {link #2 : 0}, {link #3 : 1}, {link #4 : 2},
4 :  {link #0 : 5}, {link #1 : 0}, {link #2 : 1}, {link #3 : 2}, {link #4 : 3},
5 :  {link #0 : 0}, {link #1 : 1}, {link #2 : 2}, {link #3 : 3}, {link #4 : 4},
0 :  {link #0 : 1}, {link #1 : 2}, {link #2 : 3}, {link #3 : 4}, {link #4 : 5},
1 :  {link #0 : 2}, {link #1 : 3}, {link #2 : 4}, {link #3 : 5}, {link #4 : 0},
2 :  {link #0 : 3}, {link #1 : 4}, {link #2 : 5}, {link #3 : 0}, {link #4 : 1},
3 :  {link #0 : 4}, {link #1 : 5}, {link #2 : 0}, {link #3 : 1}, {link #4 : 2},
4 :  {link #0 : 5}, {link #1 : 0}, {link #2 : 1}, {link #3 : 2}, {link #4 : 3},
5 :  {link #0 : 0}, {link #1 : 1}, {link #2 : 2}, {link #3 : 3}, {link #4 : 4},
0 :  {link #0 : 1}, {link #1 : 2}, {link #2 : 3}, {link #3 : 4}, {link #4 : 5},
1 :  {link #0 : 2}, {link #1 : 3}, {link #2 : 4}, {link #3 : 5}, {link #4 : 0},
2 :  {link #0 : 3}, {link #1 : 4}, {link #2 : 5}, {link #3 : 0}, {link #4 : 1},
3 :  {link #0 : 4}, {link #1 : 5}, {link #2 : 0}, {link #3 : 1}, {link #4 : 2},
4 :  {link #0 : 5}, {link #1 : 0}, {link #2 : 1}, {link #3 : 2}, {link #4 : 3},
5 :  {link #0 : 0}, {link #1 : 1}, {link #2 : 2}, {link #3 : 3}, {link #4 : 4},
0 :  {link #0 : 1}, {link #1 : 2}, {link #2 : 3}, {link #3 : 4}, {link #4 : 5},
1 :  {link #0 : 2}, {link #1 : 3}, {link #2 : 4}, {link #3 : 5}, {link #4 : 0},
2 :  {link #0 : 3}, {link #1 : 4}, {link #2 : 5}, {link #3 : 0}, {link #4 : 1},
3 :  {link #0 : 4}, {link #1 : 5}, {link #2 : 0}, {link #3 : 1}, {link #4 : 2},
4 :  {link #0 : 5}, {link #1 : 0}, {link #2 : 1}, {link #3 : 2}, {link #4 : 3},
5 :  {link #0 : 0}, {link #1 : 1}, {link #2 : 2}, {link #3 : 3}, {link #4 : 4},
0 :  {link #0 : 1}, {link #1 : 2}, {link #2 : 3}, {link #3 : 4}, {link #4 : 5},
1 :  {link #0 : 2}, {link #1 : 3}, {link #2 : 4}, {link #3 : 5}, {link #4 : 0},
2 :  {link #0 : 3}, {link #1 : 4}, {link #2 : 5}, {link #3 : 0}, {link #4 : 1},
3 :  {link #0 : 4}, {link #1 : 5}, {link #2 : 0}, {link #3 : 1}, {link #4 : 2},
4 :  {link #0 : 5}, {link #1 : 0}, {link #2 : 1}, {link #3 : 2}, {link #4 : 3},
5 :  {link #0 : 0}, {link #1 : 1}, {link #2 : 2}, {link #3 : 3}, {link #4 : 4},
0 :  {link #0 : 1}, {link #1 : 2}, {link #2 : 3}, {link #3 : 4}, {link #4 : 5},
1 :  {link #0 : 2}, {link #1 : 3}, {link #2 : 4}, {link #3 : 5}, {link #4 : 0},
2 :  {link #0 : 3}, {link #1 : 4}, {link #2 : 5}, {link #3 : 0}, {link #4 : 1},
3 :  {link #0 : 4}, {link #1 : 5}, {link #2 : 0}, {link #3 : 1}, {link #4 : 2},
4 :  {link #0 : 5}, {link #1 : 0}, {link #2 : 1}, {link #3 : 2}, {link #4 : 3},
5 :  {link #0 : 0}, {link #1 : 1}, {link #2 : 2}, {link #3 : 3}, {link #4 : 4},
coll_cache:optimal_rep_storage=0.15
coll_cache:optimal_part_storage=0
coll_cache:optimal_cpu_storage=0.85
coll_cache:optimal_local_storage=0.15
coll_cache:optimal_remote_storage=0
coll_cache:optimal_local_rate=0.687404
coll_cache:optimal_remote_rate=0
coll_cache:optimal_cpu_rate=0.312596
z=6133.17
test_result:init:feat_nbytes=67182966784
test_result:init:cache_nbytes=10077444096
0 :  {link #0 : 1}, {link #1 : 2}, {link #2 : 3}, {link #3 : 4}, {link #4 : 5},
1 :  {link #0 : 2}, {link #1 : 3}, {link #2 : 4}, {link #3 : 5}, {link #4 : 0},
2 :  {link #0 : 3}, {link #1 : 4}, {link #2 : 5}, {link #3 : 0}, {link #4 : 1},
3 :  {link #0 : 4}, {link #1 : 5}, {link #2 : 0}, {link #3 : 1}, {link #4 : 2},
4 :  {link #0 : 5}, {link #1 : 0}, {link #2 : 1}, {link #3 : 2}, {link #4 : 3},
5 :  {link #0 : 0}, {link #1 : 1}, {link #2 : 2}, {link #3 : 3}, {link #4 : 4},
test_result:init:feat_nbytes=67182966784
test_result:init:cache_nbytes=10077444096
0 :  {link #0 : 1}, {link #1 : 2}, {link #2 : 3}, {link #3 : 4}, {link #4 : 5},
1 :  {link #0 : 2}, {link #1 : 3}, {link #2 : 4}, {link #3 : 5}, {link #4 : 0},
2 :  {link #0 : 3}, {link #1 : 4}, {link #2 : 5}, {link #3 : 0}, {link #4 : 1},
3 :  {link #0 : 4}, {link #1 : 5}, {link #2 : 0}, {link #3 : 1}, {link #4 : 2},
4 :  {link #0 : 5}, {link #1 : 0}, {link #2 : 1}, {link #3 : 2}, {link #4 : 3},
5 :  {link #0 : 0}, {link #1 : 1}, {link #2 : 2}, {link #3 : 3}, {link #4 : 4},
test_result:init:feat_nbytes=67182966784
test_result:init:cache_nbytes=10077444096
0 :  {link #0 : 1}, {link #1 : 2}, {link #2 : 3}, {link #3 : 4}, {link #4 : 5},
1 :  {link #0 : 2}, {link #1 : 3}, {link #2 : 4}, {link #3 : 5}, {link #4 : 0},
2 :  {link #0 : 3}, {link #1 : 4}, {link #2 : 5}, {link #3 : 0}, {link #4 : 1},
3 :  {link #0 : 4}, {link #1 : 5}, {link #2 : 0}, {link #3 : 1}, {link #4 : 2},
4 :  {link #0 : 5}, {link #1 : 0}, {link #2 : 1}, {link #3 : 2}, {link #4 : 3},
5 :  {link #0 : 0}, {link #1 : 1}, {link #2 : 2}, {link #3 : 3}, {link #4 : 4},
test_result:init:feat_nbytes=67182966784
test_result:init:cache_nbytes=10077444096
0 :  {link #0 : 1}, {link #1 : 2}, {link #2 : 3}, {link #3 : 4}, {link #4 : 5},
1 :  {link #0 : 2}, {link #1 : 3}, {link #2 : 4}, {link #3 : 5}, {link #4 : 0},
2 :  {link #0 : 3}, {link #1 : 4}, {link #2 : 5}, {link #3 : 0}, {link #4 : 1},
3 :  {link #0 : 4}, {link #1 : 5}, {link #2 : 0}, {link #3 : 1}, {link #4 : 2},
4 :  {link #0 : 5}, {link #1 : 0}, {link #2 : 1}, {link #3 : 2}, {link #4 : 3},
5 :  {link #0 : 0}, {link #1 : 1}, {link #2 : 2}, {link #3 : 3}, {link #4 : 4},
test_result:init:feat_nbytes=67182966784
test_result:init:cache_nbytes=10077444096
0 :  {link #0 : 1}, {link #1 : 2}, {link #2 : 3}, {link #3 : 4}, {link #4 : 5},
1 :  {link #0 : 2}, {link #1 : 3}, {link #2 : 4}, {link #3 : 5}, {link #4 : 0},
2 :  {link #0 : 3}, {link #1 : 4}, {link #2 : 5}, {link #3 : 0}, {link #4 : 1},
3 :  {link #0 : 4}, {link #1 : 5}, {link #2 : 0}, {link #3 : 1}, {link #4 : 2},
4 :  {link #0 : 5}, {link #1 : 0}, {link #2 : 1}, {link #3 : 2}, {link #4 : 3},
5 :  {link #0 : 0}, {link #1 : 1}, {link #2 : 2}, {link #3 : 3}, {link #4 : 4},
test_result:init:feat_nbytes=67182966784
test_result:init:cache_nbytes=10077444096
0 :  {link #0 : 1}, {link #1 : 2}, {link #2 : 3}, {link #3 : 4}, {link #4 : 5},
1 :  {link #0 : 2}, {link #1 : 3}, {link #2 : 4}, {link #3 : 5}, {link #4 : 0},
2 :  {link #0 : 3}, {link #1 : 4}, {link #2 : 5}, {link #3 : 0}, {link #4 : 1},
3 :  {link #0 : 4}, {link #1 : 5}, {link #2 : 0}, {link #3 : 1}, {link #4 : 2},
4 :  {link #0 : 5}, {link #1 : 0}, {link #2 : 1}, {link #3 : 2}, {link #4 : 3},
5 :  {link #0 : 0}, {link #1 : 1}, {link #2 : 2}, {link #3 : 3}, {link #4 : 4},
coll_cache:optimal_rep_storage=0.15
coll_cache:optimal_part_storage=0
coll_cache:optimal_cpu_storage=0.85
coll_cache:optimal_local_storage=0.15
coll_cache:optimal_remote_storage=0
coll_cache:optimal_local_rate=0.687404
coll_cache:optimal_remote_rate=0
coll_cache:optimal_cpu_rate=0.312596
z=6133.17
test_result:init:cache_nbytes=0
test_result:init:cache_nbytes=0
test_result:init:cache_nbytes=0
test_result:init:cache_nbytes=0
test_result:init:cache_nbytes=0
test_result:init:cache_nbytes=0
[Train  Worker 3/6] Started with PID 58748(NVIDIA A100-SXM4-80GB)
[Train  Worker 3] run train for 4 epochs with 126 steps
[Train  Worker 3] Avg Epoch Time 0.8529 | Train Total Time(Profiler) 0.1420 | Copy Time 0.7094
[Train  Worker 4/6] Started with PID 58751(NVIDIA A100-SXM4-80GB)
[Train  Worker 4] run train for 4 epochs with 126 steps
[Train  Worker 4] Avg Epoch Time 0.8530 | Train Total Time(Profiler) 0.1443 | Copy Time 0.7060
[Train  Worker 1/6] Started with PID 58742(NVIDIA A100-SXM4-80GB)
[Train  Worker 1] run train for 4 epochs with 126 steps
[Train  Worker 1] Avg Epoch Time 0.8529 | Train Total Time(Profiler) 0.1454 | Copy Time 0.7059
[Train  Worker 2/6] Started with PID 58745(NVIDIA A100-SXM4-80GB)
[Train  Worker 2] run train for 4 epochs with 126 steps
[Train  Worker 2] Avg Epoch Time 0.8529 | Train Total Time(Profiler) 0.1436 | Copy Time 0.7078
[Train  Worker 0/6] Started with PID 58740(NVIDIA A100-SXM4-80GB)
[Train  Worker 0] run train for 4 epochs with 126 steps
Epoch 00000 | Epoch Time 2.1171 | Total Train Time(Profiler) 1.3922 | Copy Time 0.7228
Epoch 00001 | Epoch Time 0.8540 | Total Train Time(Profiler) 0.1460 | Copy Time 0.7064
Epoch 00002 | Epoch Time 0.8521 | Total Train Time(Profiler) 0.1440 | Copy Time 0.7061
Epoch 00003 | Epoch Time 0.8527 | Total Train Time(Profiler) 0.1466 | Copy Time 0.7045
[Train  Worker 0] Avg Epoch Time 0.8529 | Train Total Time(Profiler) 0.1455 | Copy Time 0.7057
[Train  Worker 5/6] Started with PID 58754(NVIDIA A100-SXM4-80GB)
[Train  Worker 5] run train for 4 epochs with 126 steps
[Train  Worker 5] Avg Epoch Time 0.8530 | Train Total Time(Profiler) 0.1428 | Copy Time 0.7086
[Sample Worker 1/2] Started with PID 58738(NVIDIA A100-SXM4-80GB)
[Sample Worker 1] run sample for 4 epochs with 63 steps
[Sample Worker 1] Avg Sample Total Time 0.1784 | Sampler Total Time(Profiler) 0.1771
    [Step(average) Profiler Level 1 E3 S62]
        L1  sample           0.001873 | send           0.000932
        L1  recv             0.000000 | copy           0.000000 | convert time 0.000000 | train  0.000000
        L1  feature nbytes 0.00 Bytes | label nbytes 0.00 Bytes
        L1  id nbytes      0.00 Bytes | graph nbytes 0.00 Bytes
        L1  miss nbytes    0.00 Bytes | remote nbytes 0.00 Bytes
        L1  num nodes         1189231 | num samples     1335789
    [Step(average) Profiler Level 2 E3 S62]
        L2  shuffle     0.000223 | core sample  0.000612 | id remap        0.000923
        L2  graph copy  0.000000 | id copy      0.000000 | cache feat copy 0.000000
        L2  last layer sample time 0.000285 | size 58939.925926
    [Step(average) Profiler Level 3 E3 S62]
        L3  khop sample coo  0.000355 | khop sort coo      0.000000 | khop count edge     0.000038 | khop compact edge 0.000182
        L3  walk sample coo  0.000000 | walk topk total    0.000000 | walk topk step1     0.000000 | walk topk step2   0.000000
        L3  walk topk step3  0.000000 | walk topk step4    0.000000 | walk topk step5     0.000000
        L3  walk topk step6  0.000000 | walk topk step7    0.000000
        L3  remap unique     0.000000 | remap populate     0.000755 | remap mapnode       0.000000 | remap mapedge     0.000168
        L3  cache get_index  0.000000 | cache copy_index   0.000000 | cache extract_miss  0.000000
        L3  cache copy_miss  0.000000 | cache combine_miss 0.000000 | cache combine cache 0.000000 | cache combine remote 0.000000
        L3  label extract  0.000000
    [Init Profiler Level 1]
        L1  init     4.0888 | sampler init     8.0929 | trainer init 0.0000
    [Init Profiler Level 2]
        L2  load ds         6.0534 | init queue           1.9043
        L2  presample       2.5331 | build interal ds     1.6893
        L2  build cache     0.0000
    [Init Profiler Level 3]
        L3  load dataset: mmap     4.0871 | copy         1.9663
        L3  dist queue: alloc      0.0008 | pin          1.9035 | push     0.0000
        L3  presample: init        0.0822
        L3  presample: sample      0.4492 | copy         0.0513
        L3  presample: count       1.7094 | sort         0.1080
        L3  presample: reset       0.0006 | get rank     0.0253
        L3  internal: cuda ctx     1.4867 | cuda stream     0.1993
[Sample Worker 0/2] Started with PID 58737(NVIDIA A100-SXM4-80GB)
[Sample Worker 0] run sample for 4 epochs with 63 steps
[Sample Worker 0] Avg Sample Total Time 0.1771 | Sampler Total Time(Profiler) 0.1767
test_result:sample_time=0.1180
test_result:get_cache_miss_index_time=0.0000
test_result:enqueue_samples_time=0.0587
test_result:epoch_time:sample_total=0.1771
[CUDA] cuda0: usage: 15.21 GB
[SAM] cuda0 data alloc        : 0.00 Bytes
[SAM] cuda0 workspace         : 2.53 GB
[SAM] cuda0 workspace reserve : 1.27 GB
[SAM] cuda0 total             : 2.53 GB
    [Step(average) Profiler Level 1 E3 S125]
        L1  sample           0.000000 | send           0.000000
        L1  recv             0.001266 | copy           0.033678 | convert time 0.000296 | train  0.006558
        L1  feature nbytes    1.13 GB | label nbytes   62.50 KB
        L1  id nbytes      0.00 Bytes | graph nbytes 0.00 Bytes
        L1  miss nbytes    0.00 Bytes | remote nbytes 0.00 Bytes
        L1  num nodes               0 | num samples           0
    [Step(average) Profiler Level 2 E3 S125]
        L2  shuffle     0.000000 | core sample  0.000000 | id remap        0.000000
        L2  graph copy  0.000003 | id copy      0.000000 | cache feat copy 0.032409
        L2  last layer sample time 0.000000 | size 0.000000
    [Step(average) Profiler Level 3 E3 S125]
        L3  khop sample coo  0.000000 | khop sort coo      0.000000 | khop count edge     0.000000 | khop compact edge 0.000000
        L3  walk sample coo  0.000000 | walk topk total    0.000000 | walk topk step1     0.000000 | walk topk step2   0.000000
        L3  walk topk step3  0.000000 | walk topk step4    0.000000 | walk topk step5     0.000000
        L3  walk topk step6  0.000000 | walk topk step7    0.000000
        L3  remap unique     0.000000 | remap populate     0.000000 | remap mapnode       0.000000 | remap mapedge     0.000000
        L3  cache get_index  0.000000 | cache copy_index   0.000000 | cache extract_miss  0.000000
        L3  cache copy_miss  0.000000 | cache combine_miss 0.000000 | cache combine cache 0.032230 | cache combine remote 0.000000
        L3  label extract  0.000173
    [Init Profiler Level 1]
        L1  init     4.0888 | sampler init     0.0000 | trainer init 26.3589
    [Init Profiler Level 2]
        L2  load ds         4.0871 | init queue           1.9709
        L2  presample       0.0000 | build interal ds     1.6099
        L2  build cache    22.7751
    [Init Profiler Level 3]
        L3  load dataset: mmap     4.0871 | copy         0.0000
        L3  dist queue: alloc      0.0008 | pin          1.9701 | push     0.0000
        L3  presample: init        0.0000
        L3  presample: sample      0.0000 | copy         0.0000
        L3  presample: count       0.0000 | sort         0.0000
        L3  presample: reset       0.0000 | get rank     0.0000
        L3  internal: cuda ctx     1.6099 | cuda stream     0.0000
|===========================================================================|
|                  PyTorch CUDA memory summary, device ID 0                 |
|---------------------------------------------------------------------------|
|            CUDA OOMs: 0            |        cudaMalloc retries: 0         |
|===========================================================================|
|        Metric         | Cur Usage  | Peak Usage | Tot Alloc  | Tot Freed  |
|---------------------------------------------------------------------------|
| Allocated memory      |   18579 KB |  743306 KB |  130802 MB |  130784 MB |
|       from large pool |   13720 KB |  741879 KB |  130051 MB |  130037 MB |
|       from small pool |    4859 KB |    6555 KB |     751 MB |     746 MB |
|---------------------------------------------------------------------------|
| Active memory         |   18580 KB |  743306 KB |  130802 MB |  130784 MB |
|       from large pool |   13720 KB |  741879 KB |  130051 MB |  130037 MB |
|       from small pool |    4860 KB |    6555 KB |     751 MB |     746 MB |
|---------------------------------------------------------------------------|
| GPU reserved memory   |  757760 KB |  757760 KB |  757760 KB |       0 B  |
|       from large pool |  749568 KB |  749568 KB |  749568 KB |       0 B  |
|       from small pool |    8192 KB |    8192 KB |    8192 KB |       0 B  |
|---------------------------------------------------------------------------|
| Non-releasable memory |   18284 KB |  658615 KB |  125467 MB |  125449 MB |
|       from large pool |   17000 KB |  656936 KB |  124550 MB |  124533 MB |
|       from small pool |    1284 KB |    3091 KB |     916 MB |     915 MB |
|---------------------------------------------------------------------------|
| Allocations           |      38    |      51    |    9363    |    9325    |
|       from large pool |       3    |      14    |    3696    |    3693    |
|       from small pool |      35    |      39    |    5667    |    5632    |
|---------------------------------------------------------------------------|
| Active allocs         |      39    |      51    |    9363    |    9324    |
|       from large pool |       3    |      14    |    3696    |    3693    |
|       from small pool |      36    |      39    |    5667    |    5631    |
|---------------------------------------------------------------------------|
| GPU reserved segments |      10    |      10    |      10    |       0    |
|       from large pool |       6    |       6    |       6    |       0    |
|       from small pool |       4    |       4    |       4    |       0    |
|---------------------------------------------------------------------------|
| Non-releasable allocs |      12    |      21    |    4304    |    4292    |
|       from large pool |       2    |       9    |    2169    |    2167    |
|       from small pool |      10    |      14    |    2135    |    2125    |
|---------------------------------------------------------------------------|
| Oversize allocations  |       0    |       0    |       0    |       0    |
|---------------------------------------------------------------------------|
| Oversize GPU segments |       0    |       0    |       0    |       0    |
|===========================================================================|

test_result:epoch_time:copy_time=0.7057
test_result:convert_time=0.0062
test_result:train_time=0.1393
test_result:epoch_time:train_total=0.1455
test_result:cache_percentage=0.1500
test_result:cache_hit_rate=1.0000
test_result:run_time=5.4057
