config:eval_tsp="2022-12-06 08:01:46"
config:arch=arch5
config:num_train_worker=6
config:num_sample_worker=2
config:sample_type=khop2
config:root_path=/nvme/graph-learning-copy/samgraph/
config:dataset=mag240m-homo
config:pipeline=False
config:cache_policy=coll_cache_asymm_link
config:cache_percentage=0.08
config:num_epoch=4
config:batch_size=4000
config:num_hidden=256
config:max_sampling_jobs=1
config:max_copying_jobs=1
config:barriered_epoch=1
config:presample_epoch=2
config:omp_thread_num=6
config:unsupervised=False
config:amp=True
config:rolling=0
config:fanout=[25, 10]
config:lr=0.003
config:dropout=0.5
config:single_gpu=False
config:max_num_step=100000
config:validate_configs=False
config:report_acc=0
config:dataset_path=/nvme/graph-learning-copy/samgraph/mag240m-homo
config:torch_thread_num=9
config:train_workers=['cuda:0', 'cuda:1', 'cuda:2', 'cuda:3', 'cuda:4', 'cuda:5']
config:sample_workers=['cuda:6', 'cuda:7']
config:num_fanout=2
config:num_layer=2
config:_run_mode=RunMode.FGNN
config:_log_level=warn
config:_profile_level=3
config:_empty_feat=0
config:_arch=5
config:_sample_type=5
config:_cache_policy=13
test_result:init:input_scale_factor=1.1
0 :  {link #0 : 1}, {link #1 : 2}, {link #2 : 3}, {link #3 : 4}, {link #4 : 5},
1 :  {link #0 : 2}, {link #1 : 3}, {link #2 : 4}, {link #3 : 5}, {link #4 : 0},
2 :  {link #0 : 3}, {link #1 : 4}, {link #2 : 5}, {link #3 : 0}, {link #4 : 1},
3 :  {link #0 : 4}, {link #1 : 5}, {link #2 : 0}, {link #3 : 1}, {link #4 : 2},
4 :  {link #0 : 5}, {link #1 : 0}, {link #2 : 1}, {link #3 : 2}, {link #4 : 3},
5 :  {link #0 : 0}, {link #1 : 1}, {link #2 : 2}, {link #3 : 3}, {link #4 : 4},
0 :  {link #0 : 1}, {link #1 : 2}, {link #2 : 3}, {link #3 : 4}, {link #4 : 5},
1 :  {link #0 : 2}, {link #1 : 3}, {link #2 : 4}, {link #3 : 5}, {link #4 : 0},
2 :  {link #0 : 3}, {link #1 : 4}, {link #2 : 5}, {link #3 : 0}, {link #4 : 1},
3 :  {link #0 : 4}, {link #1 : 5}, {link #2 : 0}, {link #3 : 1}, {link #4 : 2},
4 :  {link #0 : 5}, {link #1 : 0}, {link #2 : 1}, {link #3 : 2}, {link #4 : 3},
5 :  {link #0 : 0}, {link #1 : 1}, {link #2 : 2}, {link #3 : 3}, {link #4 : 4},
0 :  {link #0 : 1}, {link #1 : 2}, {link #2 : 3}, {link #3 : 4}, {link #4 : 5},
1 :  {link #0 : 2}, {link #1 : 3}, {link #2 : 4}, {link #3 : 5}, {link #4 : 0},
2 :  {link #0 : 3}, {link #1 : 4}, {link #2 : 5}, {link #3 : 0}, {link #4 : 1},
3 :  {link #0 : 4}, {link #1 : 5}, {link #2 : 0}, {link #3 : 1}, {link #4 : 2},
4 :  {link #0 : 5}, {link #1 : 0}, {link #2 : 1}, {link #3 : 2}, {link #4 : 3},
5 :  {link #0 : 0}, {link #1 : 1}, {link #2 : 2}, {link #3 : 3}, {link #4 : 4},
0 :  {link #0 : 1}, {link #1 : 2}, {link #2 : 3}, {link #3 : 4}, {link #4 : 5},
1 :  {link #0 : 2}, {link #1 : 3}, {link #2 : 4}, {link #3 : 5}, {link #4 : 0},
2 :  {link #0 : 3}, {link #1 : 4}, {link #2 : 5}, {link #3 : 0}, {link #4 : 1},
3 :  {link #0 : 4}, {link #1 : 5}, {link #2 : 0}, {link #3 : 1}, {link #4 : 2},
4 :  {link #0 : 5}, {link #1 : 0}, {link #2 : 1}, {link #3 : 2}, {link #4 : 3},
5 :  {link #0 : 0}, {link #1 : 1}, {link #2 : 2}, {link #3 : 3}, {link #4 : 4},
0 :  {link #0 : 1}, {link #1 : 2}, {link #2 : 3}, {link #3 : 4}, {link #4 : 5},
1 :  {link #0 : 2}, {link #1 : 3}, {link #2 : 4}, {link #3 : 5}, {link #4 : 0},
2 :  {link #0 : 3}, {link #1 : 4}, {link #2 : 5}, {link #3 : 0}, {link #4 : 1},
3 :  {link #0 : 4}, {link #1 : 5}, {link #2 : 0}, {link #3 : 1}, {link #4 : 2},
4 :  {link #0 : 5}, {link #1 : 0}, {link #2 : 1}, {link #3 : 2}, {link #4 : 3},
5 :  {link #0 : 0}, {link #1 : 1}, {link #2 : 2}, {link #3 : 3}, {link #4 : 4},
0 :  {link #0 : 1}, {link #1 : 2}, {link #2 : 3}, {link #3 : 4}, {link #4 : 5},
1 :  {link #0 : 2}, {link #1 : 3}, {link #2 : 4}, {link #3 : 5}, {link #4 : 0},
2 :  {link #0 : 3}, {link #1 : 4}, {link #2 : 5}, {link #3 : 0}, {link #4 : 1},
3 :  {link #0 : 4}, {link #1 : 5}, {link #2 : 0}, {link #3 : 1}, {link #4 : 2},
4 :  {link #0 : 5}, {link #1 : 0}, {link #2 : 1}, {link #3 : 2}, {link #4 : 3},
5 :  {link #0 : 0}, {link #1 : 1}, {link #2 : 2}, {link #3 : 3}, {link #4 : 4},
Set parameter WLSAccessID
Set parameter WLSSecret
Set parameter LicenseID
Set parameter TimeLimit to value 200
Set parameter MIPGap to value 0.05
Set parameter GomoryPasses to value 0
Set parameter Aggregate to value 0
Set parameter LogFile to value "cppsolver.log"
Set parameter Threads to value 12
Academic license - for non-commercial use only - registered to xiaoniu.sxn@sjtu.edu.cn
Gurobi Optimizer version 9.5.1 build v9.5.1rc2 (linux64)
Thread count: 56 physical cores, 112 logical processors, using up to 12 threads
Academic license - for non-commercial use only - registered to xiaoniu.sxn@sjtu.edu.cn
Optimize a model with 188280 rows, 37451 columns and 455448 nonzeros
Model fingerprint: 0x44eeb780
Variable types: 7 continuous, 37444 integer (37444 binary)
Coefficient statistics:
  Matrix range     [8e-04, 3e+02]
  Objective range  [1e+00, 1e+00]
  Bounds range     [1e+00, 1e+00]
  RHS range        [1e+00, 1e+02]
Found heuristic solution: objective 2.000000e+09
Presolve removed 151805 rows and 0 columns
Presolve time: 0.31s
Presolved: 36475 rows, 37451 columns, 146783 nonzeros
Found heuristic solution: objective 4563.3474695
Variable types: 7 continuous, 37444 integer (37444 binary)

Deterministic concurrent LP optimizer: primal and dual simplex
Showing first log only...


Use crossover to convert LP symmetric solution to basic solution...
Concurrent spin time: 0.00s

Solved with dual simplex

Root relaxation: objective 1.398448e+02, 10554 iterations, 0.15 seconds (0.32 work units)
Total elapsed time = 5.33s

    Nodes    |    Current Node    |     Objective Bounds      |     Work
 Expl Unexpl |  Obj  Depth IntInf | Incumbent    BestBd   Gap | It/Node Time

     0     0  139.84478    0  108 4563.34747  139.84478  96.9%     -    5s
H    0     0                     478.9756108  139.84478  70.8%     -    5s
H    0     0                     141.3208072  139.84478  1.04%     -    5s

Explored 1 nodes (68522 simplex iterations) in 5.69 seconds (9.01 work units)
Thread count was 12 (of 112 available processors)

Solution count 4: 141.321 478.976 4563.35 2e+09 

Optimal solution found (tolerance 5.00e-02)
Best objective 1.413208071505e+02, best bound 1.398447836819e+02, gap 1.0444%
coll_cache:optimal_local_rate=0.941449,0.941697,0.943699,0.942001,0.941689,0.941955,
coll_cache:optimal_remote_rate=0.0528066,0.0525585,0.0505563,0.0522542,0.0525661,0.0523001,
coll_cache:optimal_cpu_rate=0.00574479,0.00574479,0.00574479,0.00574479,0.00574479,0.00574479,
z=141.321
test_result:init:feat_nbytes=375030526464
test_result:init:cache_nbytes=29902946304
test_result:init:feat_nbytes=375030526464
test_result:init:cache_nbytes=29666955264
test_result:init:feat_nbytes=375030526464
test_result:init:cache_nbytes=30026153472
test_result:init:feat_nbytes=375030526464
test_result:init:cache_nbytes=29902946304
test_result:init:feat_nbytes=375030526464
test_result:init:cache_nbytes=29114217984
test_result:init:feat_nbytes=375030526464
test_result:init:cache_nbytes=30026153472
0 :  {link #0 : 1}, {link #1 : 2}, {link #2 : 3}, {link #3 : 4}, {link #4 : 5},
1 :  {link #0 : 2}, {link #1 : 3}, {link #2 : 4}, {link #3 : 5}, {link #4 : 0},
2 :  {link #0 : 3}, {link #1 : 4}, {link #2 : 5}, {link #3 : 0}, {link #4 : 1},
3 :  {link #0 : 4}, {link #1 : 5}, {link #2 : 0}, {link #3 : 1}, {link #4 : 2},
4 :  {link #0 : 5}, {link #1 : 0}, {link #2 : 1}, {link #3 : 2}, {link #4 : 3},
5 :  {link #0 : 0}, {link #1 : 1}, {link #2 : 2}, {link #3 : 3}, {link #4 : 4},
0 :  {link #0 : 1}, {link #1 : 2}, {link #2 : 3}, {link #3 : 4}, {link #4 : 5},
1 :  {link #0 : 2}, {link #1 : 3}, {link #2 : 4}, {link #3 : 5}, {link #4 : 0},
2 :  {link #0 : 3}, {link #1 : 4}, {link #2 : 5}, {link #3 : 0}, {link #4 : 1},
3 :  {link #0 : 4}, {link #1 : 5}, {link #2 : 0}, {link #3 : 1}, {link #4 : 2},
4 :  {link #0 : 5}, {link #1 : 0}, {link #2 : 1}, {link #3 : 2}, {link #4 : 3},
5 :  {link #0 : 0}, {link #1 : 1}, {link #2 : 2}, {link #3 : 3}, {link #4 : 4},
0 :  {link #0 : 1}, {link #1 : 2}, {link #2 : 3}, {link #3 : 4}, {link #4 : 5},
1 :  {link #0 : 2}, {link #1 : 3}, {link #2 : 4}, {link #3 : 5}, {link #4 : 0},
2 :  {link #0 : 3}, {link #1 : 4}, {link #2 : 5}, {link #3 : 0}, {link #4 : 1},
3 :  {link #0 : 4}, {link #1 : 5}, {link #2 : 0}, {link #3 : 1}, {link #4 : 2},
4 :  {link #0 : 5}, {link #1 : 0}, {link #2 : 1}, {link #3 : 2}, {link #4 : 3},
5 :  {link #0 : 0}, {link #1 : 1}, {link #2 : 2}, {link #3 : 3}, {link #4 : 4},
0 :  {link #0 : 1}, {link #1 : 2}, {link #2 : 3}, {link #3 : 4}, {link #4 : 5},
1 :  {link #0 : 2}, {link #1 : 3}, {link #2 : 4}, {link #3 : 5}, {link #4 : 0},
2 :  {link #0 : 3}, {link #1 : 4}, {link #2 : 5}, {link #3 : 0}, {link #4 : 1},
3 :  {link #0 : 4}, {link #1 : 5}, {link #2 : 0}, {link #3 : 1}, {link #4 : 2},
4 :  {link #0 : 5}, {link #1 : 0}, {link #2 : 1}, {link #3 : 2}, {link #4 : 3},
5 :  {link #0 : 0}, {link #1 : 1}, {link #2 : 2}, {link #3 : 3}, {link #4 : 4},
0 :  {link #0 : 1}, {link #1 : 2}, {link #2 : 3}, {link #3 : 4}, {link #4 : 5},
1 :  {link #0 : 2}, {link #1 : 3}, {link #2 : 4}, {link #3 : 5}, {link #4 : 0},
2 :  {link #0 : 3}, {link #1 : 4}, {link #2 : 5}, {link #3 : 0}, {link #4 : 1},
3 :  {link #0 : 4}, {link #1 : 5}, {link #2 : 0}, {link #3 : 1}, {link #4 : 2},
4 :  {link #0 : 5}, {link #1 : 0}, {link #2 : 1}, {link #3 : 2}, {link #4 : 3},
5 :  {link #0 : 0}, {link #1 : 1}, {link #2 : 2}, {link #3 : 3}, {link #4 : 4},
0 :  {link #0 : 1}, {link #1 : 2}, {link #2 : 3}, {link #3 : 4}, {link #4 : 5},
1 :  {link #0 : 2}, {link #1 : 3}, {link #2 : 4}, {link #3 : 5}, {link #4 : 0},
2 :  {link #0 : 3}, {link #1 : 4}, {link #2 : 5}, {link #3 : 0}, {link #4 : 1},
3 :  {link #0 : 4}, {link #1 : 5}, {link #2 : 0}, {link #3 : 1}, {link #4 : 2},
4 :  {link #0 : 5}, {link #1 : 0}, {link #2 : 1}, {link #3 : 2}, {link #4 : 3},
5 :  {link #0 : 0}, {link #1 : 1}, {link #2 : 2}, {link #3 : 3}, {link #4 : 4},
Set parameter WLSAccessID
Set parameter WLSSecret
Set parameter LicenseID
Set parameter TimeLimit to value 200
Set parameter MIPGap to value 0.05
Set parameter GomoryPasses to value 0
Set parameter Aggregate to value 0
Set parameter LogFile to value "cppsolver.log"
Set parameter Threads to value 12
Academic license - for non-commercial use only - registered to xiaoniu.sxn@sjtu.edu.cn
Gurobi Optimizer version 9.5.1 build v9.5.1rc2 (linux64)
Thread count: 56 physical cores, 112 logical processors, using up to 12 threads
Academic license - for non-commercial use only - registered to xiaoniu.sxn@sjtu.edu.cn
Optimize a model with 188280 rows, 37451 columns and 455448 nonzeros
Model fingerprint: 0x5488d9b7
Variable types: 7 continuous, 37444 integer (37444 binary)
Coefficient statistics:
  Matrix range     [8e-04, 3e+02]
  Objective range  [1e+00, 1e+00]
  Bounds range     [1e+00, 1e+00]
  RHS range        [1e+00, 1e+02]
Found heuristic solution: objective 2.000000e+09
Presolve removed 151805 rows and 0 columns
Presolve time: 0.31s
Presolved: 36475 rows, 37451 columns, 146783 nonzeros
Found heuristic solution: objective 5173.1235999
Variable types: 7 continuous, 37444 integer (37444 binary)

Deterministic concurrent LP optimizer: primal and dual simplex
Showing first log only...


Use crossover to convert LP symmetric solution to basic solution...
Concurrent spin time: 0.00s

Solved with dual simplex

Root relaxation: objective 1.398448e+02, 10552 iterations, 0.14 seconds (0.32 work units)
Total elapsed time = 7.26s

    Nodes    |    Current Node    |     Objective Bounds      |     Work
 Expl Unexpl |  Obj  Depth IntInf | Incumbent    BestBd   Gap | It/Node Time

     0     0  139.84478    0  101 5173.12360  139.84478  97.3%     -    7s
H    0     0                     190.3751602  139.84478  26.5%     -    7s
H    0     0                     141.3266088  139.84478  1.05%     -    7s

Explored 1 nodes (48216 simplex iterations) in 7.81 seconds (12.91 work units)
Thread count was 12 (of 112 available processors)

Solution count 4: 141.327 190.375 5173.12 2e+09 

Optimal solution found (tolerance 5.00e-02)
Best objective 1.413266088068e+02, best bound 1.398447836819e+02, gap 1.0485%
coll_cache:optimal_local_rate=0.941697,0.941993,0.943199,0.941993,0.941993,0.941963,
coll_cache:optimal_remote_rate=0.052551,0.0522542,0.0510482,0.0522542,0.0522542,0.052285,
coll_cache:optimal_cpu_rate=0.00575234,0.00575234,0.00575234,0.00575234,0.00575234,0.00575234,
z=141.327
test_result:init:cache_nbytes=0
test_result:init:cache_nbytes=0
test_result:init:cache_nbytes=0
test_result:init:cache_nbytes=0
test_result:init:cache_nbytes=0
test_result:init:cache_nbytes=0
[Train  Worker 3/6] Started with PID 4429(NVIDIA A100-SXM4-80GB)
[Train  Worker 3] run train for 4 epochs with 282 steps
[Train  Worker 3] Avg Epoch Time 0.5065 | Train Total Time(Profiler) 0.3585 | Copy Time 0.1444
[Train  Worker 5/6] Started with PID 4435(NVIDIA A100-SXM4-80GB)
[Train  Worker 5] run train for 4 epochs with 282 steps
[Train  Worker 5] Avg Epoch Time 0.5064 | Train Total Time(Profiler) 0.3591 | Copy Time 0.1438
[Train  Worker 0/6] Started with PID 4421(NVIDIA A100-SXM4-80GB)
[Train  Worker 0] run train for 4 epochs with 282 steps
Epoch 00000 | Epoch Time 1.9971 | Total Train Time(Profiler) 1.8233 | Copy Time 0.1694
Epoch 00001 | Epoch Time 0.5089 | Total Train Time(Profiler) 0.3591 | Copy Time 0.1465
Epoch 00002 | Epoch Time 0.5035 | Total Train Time(Profiler) 0.3557 | Copy Time 0.1443
Epoch 00003 | Epoch Time 0.5069 | Total Train Time(Profiler) 0.3617 | Copy Time 0.1414
[Train  Worker 0] Avg Epoch Time 0.5064 | Train Total Time(Profiler) 0.3588 | Copy Time 0.1441
[Train  Worker 1/6] Started with PID 4423(NVIDIA A100-SXM4-80GB)
[Train  Worker 1] run train for 4 epochs with 282 steps
[Train  Worker 1] Avg Epoch Time 0.5065 | Train Total Time(Profiler) 0.3585 | Copy Time 0.1443
[Train  Worker 4/6] Started with PID 4432(NVIDIA A100-SXM4-80GB)
[Train  Worker 4] run train for 4 epochs with 282 steps
[Train  Worker 4] Avg Epoch Time 0.5064 | Train Total Time(Profiler) 0.3602 | Copy Time 0.1425
[Train  Worker 2/6] Started with PID 4426(NVIDIA A100-SXM4-80GB)
[Train  Worker 2] run train for 4 epochs with 282 steps
[Train  Worker 2] Avg Epoch Time 0.5065 | Train Total Time(Profiler) 0.3600 | Copy Time 0.1428
[Sample Worker 1/2] Started with PID 4419(NVIDIA A100-SXM4-80GB)
[Sample Worker 1] run sample for 4 epochs with 141 steps
[Sample Worker 1] Avg Sample Total Time 0.2437 | Sampler Total Time(Profiler) 0.2428
    [Step(average) Profiler Level 1 E3 S140]
        L1  sample           0.001223 | send           0.000487
        L1  recv             0.000000 | copy           0.000000 | convert time 0.000000 | train  0.000000
        L1  feature nbytes 0.00 Bytes | label nbytes 0.00 Bytes
        L1  id nbytes      0.00 Bytes | graph nbytes 0.00 Bytes
        L1  miss nbytes    0.00 Bytes | remote nbytes 0.00 Bytes
        L1  num nodes          575335 | num samples      743971
    [Step(average) Profiler Level 2 E3 S140]
        L2  shuffle     0.000110 | core sample  0.000516 | id remap        0.000493
        L2  graph copy  0.000000 | id copy      0.000000 | cache feat copy 0.000000
        L2  last layer sample time 0.000271 | size 33439.673759
    [Step(average) Profiler Level 3 E3 S140]
        L3  khop sample coo  0.000295 | khop sort coo      0.000000 | khop count edge     0.000034 | khop compact edge 0.000153
        L3  walk sample coo  0.000000 | walk topk total    0.000000 | walk topk step1     0.000000 | walk topk step2   0.000000
        L3  walk topk step3  0.000000 | walk topk step4    0.000000 | walk topk step5     0.000000
        L3  walk topk step6  0.000000 | walk topk step7    0.000000
        L3  remap unique     0.000000 | remap populate     0.000402 | remap mapnode       0.000000 | remap mapedge     0.000091
        L3  cache get_index  0.000000 | cache copy_index   0.000000 | cache extract_miss  0.000000
        L3  cache copy_miss  0.000000 | cache combine_miss 0.000000 | cache combine cache 0.000000 | cache combine remote 0.000000
        L3  label extract  0.000000
    [Init Profiler Level 1]
        L1  init     3.9003 | sampler init    11.2531 | trainer init 0.0000
    [Init Profiler Level 2]
        L2  load ds         5.3755 | init queue           4.4248
        L2  presample       3.5722 | build interal ds     1.7793
        L2  build cache     0.0000
    [Init Profiler Level 3]
        L3  load dataset: mmap     3.8986 | copy         1.4768
        L3  dist queue: alloc      0.0008 | pin          4.4240 | push     0.0000
        L3  presample: init        0.3132
        L3  presample: sample      0.6821 | copy         0.0585
        L3  presample: count       1.6417 | sort         0.3741
        L3  presample: reset       0.0006 | get rank     0.0910
        L3  internal: cuda ctx     1.5892 | cuda stream     0.1875
[Sample Worker 0/2] Started with PID 4418(NVIDIA A100-SXM4-80GB)
[Sample Worker 0] run sample for 4 epochs with 141 steps
[Sample Worker 0] Avg Sample Total Time 0.2418 | Sampler Total Time(Profiler) 0.2410
test_result:sample_time=0.1724
test_result:get_cache_miss_index_time=0.0000
test_result:enqueue_samples_time=0.0686
test_result:epoch_time:sample_total=0.2418
[CUDA] cuda0: usage: 37.93 GB
[SAM] cuda0 data alloc        : 0.00 Bytes
[SAM] cuda0 workspace         : 1.85 GB
[SAM] cuda0 workspace reserve : 944.24 MB
[SAM] cuda0 total             : 1.85 GB
    [Step(average) Profiler Level 1 E3 S281]
        L1  sample           0.000000 | send           0.000000
        L1  recv             0.000672 | copy           0.003057 | convert time 0.000301 | train  0.007341
        L1  feature nbytes  842.97 MB | label nbytes   31.25 KB
        L1  id nbytes      0.00 Bytes | graph nbytes 0.00 Bytes
        L1  miss nbytes      12.60 MB | remote nbytes   41.62 MB
        L1  num nodes               0 | num samples           0
    [Step(average) Profiler Level 2 E3 S281]
        L2  shuffle     0.000000 | core sample  0.000000 | id remap        0.000000
        L2  graph copy  0.000003 | id copy      0.000000 | cache feat copy 0.002381
        L2  last layer sample time 0.000000 | size 0.000000
    [Step(average) Profiler Level 3 E3 S281]
        L3  khop sample coo  0.000000 | khop sort coo      0.000000 | khop count edge     0.000000 | khop compact edge 0.000000
        L3  walk sample coo  0.000000 | walk topk total    0.000000 | walk topk step1     0.000000 | walk topk step2   0.000000
        L3  walk topk step3  0.000000 | walk topk step4    0.000000 | walk topk step5     0.000000
        L3  walk topk step6  0.000000 | walk topk step7    0.000000
        L3  remap unique     0.000000 | remap populate     0.000000 | remap mapnode       0.000000 | remap mapedge     0.000000
        L3  cache get_index  0.000233 | cache copy_index   0.000000 | cache extract_miss  0.000000
        L3  cache copy_miss  0.000000 | cache combine_miss 0.001079 | cache combine cache 0.001771 | cache combine remote 0.000245
        L3  label extract  0.000124
    [Init Profiler Level 1]
        L1  init     3.9003 | sampler init     0.0000 | trainer init 158.6063
    [Init Profiler Level 2]
        L2  load ds         3.8986 | init queue           4.4056
        L2  presample       0.0000 | build interal ds     1.4960
        L2  build cache   152.6997
    [Init Profiler Level 3]
        L3  load dataset: mmap     3.8986 | copy         0.0000
        L3  dist queue: alloc      0.0008 | pin          4.4048 | push     0.0000
        L3  presample: init        0.0000
        L3  presample: sample      0.0000 | copy         0.0000
        L3  presample: count       0.0000 | sort         0.0000
        L3  presample: reset       0.0000 | get rank     0.0000
        L3  internal: cuda ctx     1.4960 | cuda stream     0.0000
|===========================================================================|
|                  PyTorch CUDA memory summary, device ID 0                 |
|---------------------------------------------------------------------------|
|            CUDA OOMs: 0            |        cudaMalloc retries: 0         |
|===========================================================================|
|        Metric         | Cur Usage  | Peak Usage | Tot Alloc  | Tot Freed  |
|---------------------------------------------------------------------------|
| Allocated memory      |   29676 KB |  400655 KB |  217404 MB |  217375 MB |
|       from large pool |   20773 KB |  397826 KB |  215371 MB |  215351 MB |
|       from small pool |    8903 KB |   11217 KB |    2032 MB |    2024 MB |
|---------------------------------------------------------------------------|
| Active memory         |   29677 KB |  400655 KB |  217404 MB |  217375 MB |
|       from large pool |   20773 KB |  397826 KB |  215371 MB |  215351 MB |
|       from small pool |    8904 KB |   11217 KB |    2032 MB |    2024 MB |
|---------------------------------------------------------------------------|
| GPU reserved memory   |  487424 KB |  487424 KB |  487424 KB |       0 B  |
|       from large pool |  473088 KB |  473088 KB |  473088 KB |       0 B  |
|       from small pool |   14336 KB |   14336 KB |   14336 KB |       0 B  |
|---------------------------------------------------------------------------|
| Non-releasable memory |   62483 KB |  401712 KB |  189053 MB |  188992 MB |
|       from large pool |   61147 KB |  399480 KB |  186832 MB |  186772 MB |
|       from small pool |    1336 KB |    4675 KB |    2221 MB |    2219 MB |
|---------------------------------------------------------------------------|
| Allocations           |      42    |      57    |   22226    |   22184    |
|       from large pool |       7    |      18    |    9779    |    9772    |
|       from small pool |      35    |      41    |   12447    |   12412    |
|---------------------------------------------------------------------------|
| Active allocs         |      43    |      57    |   22226    |   22183    |
|       from large pool |       7    |      18    |    9779    |    9772    |
|       from small pool |      36    |      41    |   12447    |   12411    |
|---------------------------------------------------------------------------|
| GPU reserved segments |      14    |      14    |      14    |       0    |
|       from large pool |       7    |       7    |       7    |       0    |
|       from small pool |       7    |       7    |       7    |       0    |
|---------------------------------------------------------------------------|
| Non-releasable allocs |      17    |      27    |   10717    |   10700    |
|       from large pool |       6    |      12    |    5935    |    5929    |
|       from small pool |      11    |      19    |    4782    |    4771    |
|---------------------------------------------------------------------------|
| Oversize allocations  |       0    |       0    |       0    |       0    |
|---------------------------------------------------------------------------|
| Oversize GPU segments |       0    |       0    |       0    |       0    |
|===========================================================================|

test_result:epoch_time:copy_time=0.1441
test_result:convert_time=0.0135
test_result:train_time=0.3454
test_result:epoch_time:train_total=0.3588
test_result:cache_percentage=0.0800
test_result:cache_hit_rate=1.0000
test_result:run_time=4.5232
