[2022-12-06 08:10:48.938180: W /samgraph/samgraph/common/cpu/mmap_cpu_device.cc:92] mmap allocating space 12.87 GB
[2022-12-06 08:10:48.938260: W /samgraph/samgraph/common/cpu/mmap_cpu_device.cc:97] mmap allocating space 12.87 GB done
[2022-12-06 08:10:52.843932: W /samgraph/samgraph/common/cpu/mmap_cpu_device.cc:92] mmap allocating space 349.28 GB
[2022-12-06 08:10:52.844029: W /samgraph/samgraph/common/cpu/mmap_cpu_device.cc:97] mmap allocating space 349.28 GB done
[2022-12-06 08:10:52.844049: W /samgraph/samgraph/common/cpu/mmap_cpu_device.cc:92] mmap allocating space 1.82 GB
[2022-12-06 08:10:52.844062: W /samgraph/samgraph/common/cpu/mmap_cpu_device.cc:97] mmap allocating space 1.82 GB done
[2022-12-06 08:10:52.846584: W /samgraph/samgraph/common/cpu/mmap_cpu_device.cc:92] mmap allocating space 29.97 GB
[2022-12-06 08:10:52.846621: W /samgraph/samgraph/common/cpu/mmap_cpu_device.cc:97] mmap allocating space 29.97 GB done
/usr/lib/python3/dist-packages/requests/__init__.py:89: RequestsDependencyWarning: urllib3 (1.26.12) or chardet (3.0.4) doesn't match a supported version!
  warnings.warn("urllib3 ({}) or chardet ({}) doesn't match a supported "
[2022-12-06 08:10:54.120746: W /samgraph/samgraph/common/dist/dist_engine.cc:662] Trainer[0] initializing...
[2022-12-06 08:10:54.213822: W /samgraph/samgraph/common/dist/dist_engine.cc:662] Trainer[2] initializing...
[2022-12-06 08:10:54.268718: W /samgraph/samgraph/common/dist/dist_engine.cc:662] Trainer[4] initializing...
[2022-12-06 08:10:54.343453: W /samgraph/samgraph/common/dist/dist_engine.cc:662] Trainer[5] initializing...
[2022-12-06 08:10:54.363649: W /samgraph/samgraph/common/dist/dist_engine.cc:662] Trainer[3] initializing...
[2022-12-06 08:10:54.408689: W /samgraph/samgraph/common/dist/dist_engine.cc:662] Trainer[1] initializing...
[2022-12-06 08:10:55.721628: W /samgraph/samgraph/common/dist/dist_engine.cc:666] Trainer[0] pin memory queue...
[2022-12-06 08:10:55.779289: W /samgraph/samgraph/common/dist/dist_engine.cc:666] Trainer[2] pin memory queue...
[2022-12-06 08:10:55.784887: W /samgraph/samgraph/common/dist/dist_engine.cc:666] Trainer[4] pin memory queue...
[2022-12-06 08:10:55.800244: W /samgraph/samgraph/common/dist/dist_engine.cc:666] Trainer[3] pin memory queue...
[2022-12-06 08:10:55.824413: W /samgraph/samgraph/common/dist/dist_engine.cc:666] Trainer[5] pin memory queue...
[2022-12-06 08:10:55.831070: W /samgraph/samgraph/common/dist/dist_engine.cc:666] Trainer[1] pin memory queue...
[2022-12-06 08:11:04.608395: E /samgraph/samgraph/common/dist/dist_engine.cc:85] Running on A100
[2022-12-06 08:11:04.609056: E /samgraph/samgraph/common/dist/dist_engine.cc:85] Running on A100
[2022-12-06 08:11:04.609287: W /samgraph/samgraph/common/dist/dist_engine.cc:701] Trainer[5] register host memory...
[2022-12-06 08:11:04.610056: W /samgraph/samgraph/common/dist/dist_engine.cc:701] Trainer[1] register host memory...
[2022-12-06 08:11:04.611823: E /samgraph/samgraph/common/dist/dist_engine.cc:85] Running on A100
[2022-12-06 08:11:04.612809: W /samgraph/samgraph/common/dist/dist_engine.cc:701] Trainer[0] register host memory...
[2022-12-06 08:11:04.613953: E /samgraph/samgraph/common/dist/dist_engine.cc:85] Running on A100
[2022-12-06 08:11:04.614631: W /samgraph/samgraph/common/dist/dist_engine.cc:701] Trainer[3] register host memory...
[2022-12-06 08:11:04.617838: E /samgraph/samgraph/common/dist/dist_engine.cc:85] Running on A100
[2022-12-06 08:11:04.618242: W /samgraph/samgraph/common/dist/dist_engine.cc:701] Trainer[4] register host memory...
[2022-12-06 08:11:04.633837: E /samgraph/samgraph/common/dist/dist_engine.cc:85] Running on A100
[2022-12-06 08:11:04.634031: W /samgraph/samgraph/common/dist/dist_engine.cc:701] Trainer[2] register host memory...
[2022-12-06 08:11:04.804761: E /samgraph/samgraph/common/dist/dist_engine.cc:85] Running on A100
[2022-12-06 08:11:04.807277: W /samgraph/samgraph/common/cuda/cuda_device.cc:49] GPU[6] alloc cuda memory 931.40 MB
[2022-12-06 08:11:04.811823: E /samgraph/samgraph/common/dist/dist_engine.cc:85] Running on A100
[2022-12-06 08:11:04.923551: W /samgraph/samgraph/common/cuda/cuda_device.cc:49] GPU[6] alloc cuda memory 12.87 GB
[2022-12-06 08:11:06.452310: W /samgraph/samgraph/common/cuda/cuda_device.cc:49] GPU[6] alloc cuda memory 32.00 MB
[2022-12-06 08:11:06.454843: E /samgraph/samgraph/common/dist/pre_sampler.cc:41] Dist Presampler making shuffler...
[2022-12-06 08:11:06.456672: E /samgraph/samgraph/common/dist/pre_sampler.cc:44] Dist Presampler making shuffler...Done
[2022-12-06 08:11:06.456698: W /samgraph/samgraph/common/cpu/cpu_device.cc:39] WORKER[0] alloc host memory 1.82 GB
[2022-12-06 08:11:06.781188: E /samgraph/samgraph/common/dist/pre_sampler.cc:85] Dist Presampler doing presample epoch 0
[2022-12-06 08:11:08.195377: E /samgraph/samgraph/common/dist/pre_sampler.cc:129] presample spend 0.525881 on sample, 0.0333544 on copy, 0.851603 on count
[2022-12-06 08:11:08.195485: E /samgraph/samgraph/common/dist/pre_sampler.cc:85] Dist Presampler doing presample epoch 1
[2022-12-06 08:11:09.778196: E /samgraph/samgraph/common/dist/pre_sampler.cc:129] presample spend 1.11541 on sample, 0.0690211 on copy, 1.80568 on count
[2022-12-06 08:11:09.778286: E /samgraph/samgraph/common/dist/pre_sampler.cc:136] max_num_inputs = 315669, min_num_inputs = 292425
[2022-12-06 08:11:10.241342: E /samgraph/samgraph/common/dist/pre_sampler.cc:148] presample spend 0.462853 on sort freq.
[2022-12-06 08:11:10.637536: E /samgraph/samgraph/common/dist/dist_engine.cc:524] pre sample done, delete it
[[[[[[2022-12-06 08:11:102022-12-06 08:11:102022-12-06 08:11:102022-12-06 08:11:102022-12-06 08:11:102022-12-06 08:11:10......675782675794675788675785675780675795: : : : : : WWWWWW      /samgraph/samgraph/common/dist/dist_engine.cc/samgraph/samgraph/common/dist/dist_engine.cc/samgraph/samgraph/common/dist/dist_engine.cc/samgraph/samgraph/common/dist/dist_engine.cc/samgraph/samgraph/common/dist/dist_engine.cc/samgraph/samgraph/common/dist/dist_engine.cc::::::711711711711711711] ] ] ] ] ] Trainer[1] building cache...Trainer[3] building cache...

Trainer[2] building cache...Trainer[4] building cache...Trainer[5] building cache...Trainer[0] building cache...



[2022-12-06 08:11:10.678015: E /samgraph/3rdparty/collcachelib/coll_cache_lib/coll_cache/asymm_link_desc.cc:196] build symm link desc with 6X NVIDIA A100-SXM4-80GB out of 8
[2022-12-06 08:11:10.678050: E /samgraph/3rdparty/collcachelib/coll_cache_lib/coll_cache/asymm_link_desc.cc:197] remote time is 10.8824
[2022-12-06 08:11:10.678061: E /samgraph/3rdparty/collcachelib/coll_cache_lib/coll_cache/asymm_link_desc.cc:198] cpu time is 41.1111
[2022-12-06 08:11:10.678091: E /samgraph/3rdparty/collcachelib/coll_cache_lib/coll_cache/asymm_link_desc.cc:196] build symm link desc with 6X NVIDIA A100-SXM4-80GB out of 8
[2022-12-06 08:11:10.678116: E /samgraph/3rdparty/collcachelib/coll_cache_lib/coll_cache/asymm_link_desc.cc:197] remote time is 10.8824
[2022-12-06 08:11:10.678127: E /samgraph/3rdparty/collcachelib/coll_cache_lib/coll_cache/asymm_link_desc.cc:198] cpu time is 41.1111
[2022-12-06 08:11:10.678404: E /samgraph/3rdparty/collcachelib/coll_cache_lib/coll_cache/asymm_link_desc.cc:196] build symm link desc with 6X NVIDIA A100-SXM4-80GB out of 8
[2022-12-06 08:11:10.678432: E /samgraph/3rdparty/collcachelib/coll_cache_lib/coll_cache/asymm_link_desc.cc:197] remote time is 10.8824
[2022-12-06 08:11:10.678443: E /samgraph/3rdparty/collcachelib/coll_cache_lib/coll_cache/asymm_link_desc.cc:198] cpu time is 41.1111
[2022-12-06 08:11:10.678576: E /samgraph/3rdparty/collcachelib/coll_cache_lib/coll_cache/asymm_link_desc.cc:196] build symm link desc with 6X NVIDIA A100-SXM4-80GB out of 8
[2022-12-06 08:11:10.678608: E /samgraph/3rdparty/collcachelib/coll_cache_lib/coll_cache/asymm_link_desc.cc:197] remote time is 10.8824
[2022-12-06 08:11:10.678620: E /samgraph/3rdparty/collcachelib/coll_cache_lib/coll_cache/asymm_link_desc.cc:198] cpu time is 41.1111
[2022-12-06 08:11:10.678705: E /samgraph/3rdparty/collcachelib/coll_cache_lib/coll_cache/asymm_link_desc.cc:196] build symm link desc with 6X NVIDIA A100-SXM4-80GB out of 8
[2022-12-06 08:11:10.678745: E /samgraph/3rdparty/collcachelib/coll_cache_lib/coll_cache/asymm_link_desc.cc:197] remote time is 10.8824
[2022-12-06 08:11:10.678756: E /samgraph/3rdparty/collcachelib/coll_cache_lib/coll_cache/asymm_link_desc.cc:198] cpu time is 41.1111
[2022-12-06 08:11:10.727643: E /samgraph/3rdparty/collcachelib/coll_cache_lib/coll_cache/asymm_link_desc.cc:196] build symm link desc with 6X NVIDIA A100-SXM4-80GB out of 8
[2022-12-06 08:11:10.727697: E /samgraph/3rdparty/collcachelib/coll_cache_lib/coll_cache/asymm_link_desc.cc:197] remote time is 10.8824
[2022-12-06 08:11:10.727708: E /samgraph/3rdparty/collcachelib/coll_cache_lib/coll_cache/asymm_link_desc.cc:198] cpu time is 41.1111
[2022-12-06 08:12:37.872926: E /samgraph/3rdparty/collcachelib/coll_cache_lib/facade.cc:115] solver created. now build & solve
[2022-12-06 08:12:37.955508: E /samgraph/3rdparty/collcachelib/coll_cache_lib/facade.cc:120] solver built. now solve
[2022-12-06 08:12:37.955539: E /samgraph/3rdparty/collcachelib/coll_cache_lib/coll_cache/optimal_solver_class.cc:895] num_cached_nodes = 19532839
[2022-12-06 08:12:39.159332: E /samgraph/3rdparty/collcachelib/coll_cache_lib/facade.cc:124] solver solved
[2022-12-06 08:12:39.159432: E /samgraph/3rdparty/collcachelib/coll_cache_lib/facade.cc:187] 0 solved master
[2022-12-06 08:12:39.159454: E /samgraph/3rdparty/collcachelib/coll_cache_lib/facade.cc:194] 0 solved
[2022-12-06 08:12:39.159465: E /samgraph/3rdparty/collcachelib/coll_cache_lib/facade.cc:197] worker 0 thread 0 initing device 0
[[[2022-12-06 08:12:392022-12-06 08:12:39..1884632022-12-06 08:12:39188462: .: E188462E :  /samgraph/3rdparty/collcachelib/coll_cache_lib/facade.ccE/samgraph/3rdparty/collcachelib/coll_cache_lib/facade.cc: :194/samgraph/3rdparty/collcachelib/coll_cache_lib/facade.cc194] :] 194] 1 solved4 solved
5 solved

[2022-12-06 08:12:39.[[1885432022-12-06 08:12:392022-12-06 08:12:39: ..E188545188544 : : /samgraph/3rdparty/collcachelib/coll_cache_lib/facade.ccEE:  197/samgraph/3rdparty/collcachelib/coll_cache_lib/facade.cc/samgraph/3rdparty/collcachelib/coll_cache_lib/facade.cc] ::worker 1 thread 1 initing device 1197197
] ] worker 5 thread 5 initing device 5worker 4 thread 4 initing device 4

[2022-12-06 08:12:39.188631: E /samgraph/3rdparty/collcachelib/coll_cache_lib/facade.cc:194[] 2 solved2022-12-06 08:12:39
.188641: E /samgraph/3rdparty/collcachelib/coll_cache_lib/facade.cc[:2022-12-06 08:12:39194.] 188671: E /samgraph/3rdparty/collcachelib/coll_cache_lib/facade.cc3 solved:
197] worker 2 thread 2 initing device 2
[2022-12-06 08:12:39.188683: E /samgraph/3rdparty/collcachelib/coll_cache_lib/facade.cc:197] worker 3 thread 3 initing device 3
[2022-12-06 08:12:42. 47300: E /samgraph/3rdparty/collcachelib/coll_cache_lib/cache_context.cu:1740] Collaborative GPU cache (policy: rep_cache) | local 19532839 / 244160499 nodes ( 8.00 %~8.00 %) | remote 0 / 244160499 nodes ( 0.00 %) | cpu 224627660 / 244160499 nodes ( 92.00 %) | 27.94 GB | 2.70526 secs 
[2022-12-06 08:12:42. 48846: E /samgraph/3rdparty/collcachelib/coll_cache_lib/cache_context.cu:1740] Collaborative GPU cache (policy: rep_cache) | local 19532839 / 244160499 nodes ( 8.00 %~8.00 %) | remote 0 / 244160499 nodes ( 0.00 %) | cpu 224627660 / 244160499 nodes ( 92.00 %) | 27.94 GB | 2.70687 secs 
[2022-12-06 08:12:42. 50673: E /samgraph/3rdparty/collcachelib/coll_cache_lib/cache_context.cu:1740] Collaborative GPU cache (policy: rep_cache) | local 19532839 / 244160499 nodes ( 8.00 %~8.00 %) | remote 0 / 244160499 nodes ( 0.00 %) | cpu 224627660 / 244160499 nodes ( 92.00 %) | 27.94 GB | 2.70867 secs 
[2022-12-06 08:12:42. 51756: E /samgraph/3rdparty/collcachelib/coll_cache_lib/cache_context.cu:1740] Collaborative GPU cache (policy: rep_cache) | local 19532839 / 244160499 nodes ( 8.00 %~8.00 %) | remote 0 / 244160499 nodes ( 0.00 %) | cpu 224627660 / 244160499 nodes ( 92.00 %) | 27.94 GB | 2.70976 secs 
[2022-12-06 08:12:42. 52475: E /samgraph/3rdparty/collcachelib/coll_cache_lib/cache_context.cu:1740] Collaborative GPU cache (policy: rep_cache) | local 19532839 / 244160499 nodes ( 8.00 %~8.00 %) | remote 0 / 244160499 nodes ( 0.00 %) | cpu 224627660 / 244160499 nodes ( 92.00 %) | 27.94 GB | 2.71051 secs 
[2022-12-06 08:12:42. 53135: E /samgraph/3rdparty/collcachelib/coll_cache_lib/cache_context.cu:1740] Collaborative GPU cache (policy: rep_cache) | local 19532839 / 244160499 nodes ( 8.00 %~8.00 %) | remote 0 / 244160499 nodes ( 0.00 %) | cpu 224627660 / 244160499 nodes ( 92.00 %) | 27.94 GB | 2.71105 secs 
[2022-12-06 08:12:42. 55081: E /samgraph/3rdparty/collcachelib/coll_cache_lib/coll_cache/asymm_link_desc.cc:196] build symm link desc with 6X NVIDIA A100-SXM4-80GB out of 8
[2022-12-06 08:12:42. 55111: E /samgraph/3rdparty/collcachelib/coll_cache_lib/coll_cache/asymm_link_desc.cc:197] remote time is 10.8824
[2022-12-06 08:12:42. 55122: E /samgraph/3rdparty/collcachelib/coll_cache_lib/coll_cache/asymm_link_desc.cc:198] cpu time is 41.1111
[2022-12-06 08:12:42. 55357: E /samgraph/3rdparty/collcachelib/coll_cache_lib/coll_cache/asymm_link_desc.cc:196] build symm link desc with 6X NVIDIA A100-SXM4-80GB out of 8
[2022-12-06 08:12:42. 55388: E /samgraph/3rdparty/collcachelib/coll_cache_lib/coll_cache/asymm_link_desc.cc:197] remote time is 10.8824
[2022-12-06 08:12:42. 55398: E /samgraph/3rdparty/collcachelib/coll_cache_lib/coll_cache/asymm_link_desc.cc:198] cpu time is 41.1111
[2022-12-06 08:12:42. 55566: E /samgraph/3rdparty/collcachelib/coll_cache_lib/coll_cache/asymm_link_desc.cc:196] build symm link desc with 6X NVIDIA A100-SXM4-80GB out of 8
[2022-12-06 08:12:42. 55590: E /samgraph/3rdparty/collcachelib/coll_cache_lib/coll_cache/asymm_link_desc.cc:197] remote time is 10.8824
[2022-12-06 08:12:42. 55601: E /samgraph/3rdparty/collcachelib/coll_cache_lib/coll_cache/asymm_link_desc.cc:198] cpu time is 41.1111
[2022-12-06 08:12:42. 55846: E /samgraph/3rdparty/collcachelib/coll_cache_lib/coll_cache/asymm_link_desc.cc:196] build symm link desc with 6X NVIDIA A100-SXM4-80GB out of 8
[2022-12-06 08:12:42. 55870: E /samgraph/3rdparty/collcachelib/coll_cache_lib/coll_cache/asymm_link_desc.cc:197] remote time is 10.8824
[2022-12-06 08:12:42. 55881: E /samgraph/3rdparty/collcachelib/coll_cache_lib/coll_cache/asymm_link_desc.cc:198] cpu time is 41.1111
[2022-12-06 08:12:42. 56113: E /samgraph/3rdparty/collcachelib/coll_cache_lib/coll_cache/asymm_link_desc.cc:196] build symm link desc with 6X NVIDIA A100-SXM4-80GB out of 8
[2022-12-06 08:12:42. 56139: E /samgraph/3rdparty/collcachelib/coll_cache_lib/coll_cache/asymm_link_desc.cc:197] remote time is 10.8824
[2022-12-06 08:12:42. 56157: E /samgraph/3rdparty/collcachelib/coll_cache_lib/coll_cache/asymm_link_desc.cc:198] cpu time is 41.1111
[2022-12-06 08:12:42. 56315: E /samgraph/3rdparty/collcachelib/coll_cache_lib/coll_cache/asymm_link_desc.cc:196] build symm link desc with 6X NVIDIA A100-SXM4-80GB out of 8
[2022-12-06 08:12:42. 56347: E /samgraph/3rdparty/collcachelib/coll_cache_lib/coll_cache/asymm_link_desc.cc:197] remote time is 10.8824
[2022-12-06 08:12:42. 56358: E /samgraph/3rdparty/collcachelib/coll_cache_lib/coll_cache/asymm_link_desc.cc:198] cpu time is 41.1111
[2022-12-06 08:12:43.561748: E /samgraph/3rdparty/collcachelib/coll_cache_lib/facade.cc:115] solver created. now build & solve
[2022-12-06 08:12:43.593658: E /samgraph/3rdparty/collcachelib/coll_cache_lib/facade.cc:120] solver built. now solve
[2022-12-06 08:12:43.593696: E /samgraph/3rdparty/collcachelib/coll_cache_lib/coll_cache/optimal_solver_class.cc:895] num_cached_nodes = 19532839
[2022-12-06 08:12:44.824575: E /samgraph/3rdparty/collcachelib/coll_cache_lib/facade.cc:124] solver solved
[2022-12-06 08:12:44.824641: E /samgraph/3rdparty/collcachelib/coll_cache_lib/facade.cc:187] 0 solved master
[2022-12-06 08:12:44.824654: E /samgraph/3rdparty/collcachelib/coll_cache_lib/facade.cc:194] 0 solved
[2022-12-06 08:12:44.824664: E /samgraph/3rdparty/collcachelib/coll_cache_lib/facade.cc:197] worker 0 thread 0 initing device 0
[2022-12-06 08:12:44.864300: E /samgraph/3rdparty/collcachelib/coll_cache_lib/facade.cc:194] 4 solved
[2022-12-06 08:12:44.864348: E /samgraph/3rdparty/collcachelib/coll_cache_lib/facade.cc:197] worker 4 thread 4 initing device 4
[[2022-12-06 08:12:44.869909: E 2022-12-06 08:12:44/samgraph/3rdparty/collcachelib/coll_cache_lib/facade.cc.:[869918194: ] E2022-12-06 08:12:44[3 solved .
/samgraph/3rdparty/collcachelib/coll_cache_lib/facade.cc8699442022-12-06 08:12:44:: .194[E869949] 2022-12-06 08:12:44 : .5 solved/samgraph/3rdparty/collcachelib/coll_cache_lib/facade.ccE869978
: : 194/samgraph/3rdparty/collcachelib/coll_cache_lib/facade.ccE] [: 2 solved2022-12-06 08:12:44194/samgraph/3rdparty/collcachelib/coll_cache_lib/facade.cc
.] :8699961 solved197[: 
] 2022-12-06 08:12:44Eworker 3 thread 3 initing device 3. 
[870008/samgraph/3rdparty/collcachelib/coll_cache_lib/facade.cc2022-12-06 08:12:44: :.E197870017 ] : /samgraph/3rdparty/collcachelib/coll_cache_lib/facade.ccEworker 5 thread 5 initing device 5: 
197/samgraph/3rdparty/collcachelib/coll_cache_lib/facade.cc] :197worker 2 thread 2 initing device 2] 
worker 1 thread 1 initing device 1
[2022-12-06 08:12:46.942887: W /samgraph/samgraph/common/cuda/cuda_device.cc:49] GPU[0] alloc cuda memory 497.45 MB
[2022-12-06 08:12:48.229332: W /samgraph/samgraph/common/cuda/cuda_device.cc:49] GPU[0] alloc cuda memory 497.45 MB
/usr/local/lib/python3.8/dist-packages/torch/nn/parallel/scatter_gather.py:9: UserWarning: is_namedtuple is deprecated, please use the python checks instead
  warnings.warn("is_namedtuple is deprecated, please use the python checks instead")
/usr/local/lib/python3.8/dist-packages/torch/nn/parallel/scatter_gather.py:9: UserWarning: is_namedtuple is deprecated, please use the python checks instead
  warnings.warn("is_namedtuple is deprecated, please use the python checks instead")
/usr/local/lib/python3.8/dist-packages/torch/nn/parallel/scatter_gather.py:9: UserWarning: is_namedtuple is deprecated, please use the python checks instead
  warnings.warn("is_namedtuple is deprecated, please use the python checks instead")
/usr/local/lib/python3.8/dist-packages/torch/nn/parallel/scatter_gather.py:9: UserWarning: is_namedtuple is deprecated, please use the python checks instead
  warnings.warn("is_namedtuple is deprecated, please use the python checks instead")
/usr/local/lib/python3.8/dist-packages/torch/nn/parallel/scatter_gather.py:9: UserWarning: is_namedtuple is deprecated, please use the python checks instead
  warnings.warn("is_namedtuple is deprecated, please use the python checks instead")
/usr/local/lib/python3.8/dist-packages/torch/nn/parallel/scatter_gather.py:9: UserWarning: is_namedtuple is deprecated, please use the python checks instead
  warnings.warn("is_namedtuple is deprecated, please use the python checks instead")
