config:eval_tsp="2022-12-06 06:38:12"
config:arch=arch5
config:num_train_worker=6
config:num_sample_worker=2
config:sample_type=khop2
config:root_path=/nvme/graph-learning-copy/samgraph/
config:dataset=mag240m-homo
config:pipeline=False
config:cache_policy=clique_part
config:cache_percentage=0.02
config:num_epoch=4
config:batch_size=2000
config:num_hidden=256
config:max_sampling_jobs=1
config:max_copying_jobs=1
config:barriered_epoch=1
config:presample_epoch=2
config:omp_thread_num=6
config:unsupervised=False
config:amp=True
config:rolling=0
config:fanout=[25, 10]
config:lr=0.003
config:dropout=0.5
config:single_gpu=False
config:max_num_step=100000
config:validate_configs=False
config:report_acc=0
config:dataset_path=/nvme/graph-learning-copy/samgraph/mag240m-homo
config:torch_thread_num=9
config:train_workers=['cuda:0', 'cuda:1', 'cuda:2', 'cuda:3', 'cuda:4', 'cuda:5']
config:sample_workers=['cuda:6', 'cuda:7']
config:num_fanout=2
config:num_layer=2
config:_run_mode=RunMode.FGNN
config:_log_level=warn
config:_profile_level=3
config:_empty_feat=0
config:_arch=5
config:_sample_type=5
config:_cache_policy=14
test_result:init:input_scale_factor=1.12261
0 :  {link #0 : 1}, {link #1 : 2}, {link #2 : 3}, {link #3 : 4}, {link #4 : 5},
1 :  {link #0 : 2}, {link #1 : 3}, {link #2 : 4}, {link #3 : 5}, {link #4 : 0},
2 :  {link #0 : 3}, {link #1 : 4}, {link #2 : 5}, {link #3 : 0}, {link #4 : 1},
3 :  {link #0 : 4}, {link #1 : 5}, {link #2 : 0}, {link #3 : 1}, {link #4 : 2},
4 :  {link #0 : 5}, {link #1 : 0}, {link #2 : 1}, {link #3 : 2}, {link #4 : 3},
5 :  {link #0 : 0}, {link #1 : 1}, {link #2 : 2}, {link #3 : 3}, {link #4 : 4},
0 :  {link #0 : 1}, {link #1 : 2}, {link #2 : 3}, {link #3 : 4}, {link #4 : 5},
1 :  {link #0 : 2}, {link #1 : 3}, {link #2 : 4}, {link #3 : 5}, {link #4 : 0},
2 :  {link #0 : 3}, {link #1 : 4}, {link #2 : 5}, {link #3 : 0}, {link #4 : 1},
3 :  {link #0 : 4}, {link #1 : 5}, {link #2 : 0}, {link #3 : 1}, {link #4 : 2},
4 :  {link #0 : 5}, {link #1 : 0}, {link #2 : 1}, {link #3 : 2}, {link #4 : 3},
5 :  {link #0 : 0}, {link #1 : 1}, {link #2 : 2}, {link #3 : 3}, {link #4 : 4},
0 :  {link #0 : 1}, {link #1 : 2}, {link #2 : 3}, {link #3 : 4}, {link #4 : 5},
1 :  {link #0 : 2}, {link #1 : 3}, {link #2 : 4}, {link #3 : 5}, {link #4 : 0},
2 :  {link #0 : 3}, {link #1 : 4}, {link #2 : 5}, {link #3 : 0}, {link #4 : 1},
3 :  {link #0 : 4}, {link #1 : 5}, {link #2 : 0}, {link #3 : 1}, {link #4 : 2},
4 :  {link #0 : 5}, {link #1 : 0}, {link #2 : 1}, {link #3 : 2}, {link #4 : 3},
5 :  {link #0 : 0}, {link #1 : 1}, {link #2 : 2}, {link #3 : 3}, {link #4 : 4},
0 :  {link #0 : 1}, {link #1 : 2}, {link #2 : 3}, {link #3 : 4}, {link #4 : 5},
1 :  {link #0 : 2}, {link #1 : 3}, {link #2 : 4}, {link #3 : 5}, {link #4 : 0},
2 :  {link #0 : 3}, {link #1 : 4}, {link #2 : 5}, {link #3 : 0}, {link #4 : 1},
3 :  {link #0 : 4}, {link #1 : 5}, {link #2 : 0}, {link #3 : 1}, {link #4 : 2},
4 :  {link #0 : 5}, {link #1 : 0}, {link #2 : 1}, {link #3 : 2}, {link #4 : 3},
5 :  {link #0 : 0}, {link #1 : 1}, {link #2 : 2}, {link #3 : 3}, {link #4 : 4},
0 :  {link #0 : 1}, {link #1 : 2}, {link #2 : 3}, {link #3 : 4}, {link #4 : 5},
1 :  {link #0 : 2}, {link #1 : 3}, {link #2 : 4}, {link #3 : 5}, {link #4 : 0},
2 :  {link #0 : 3}, {link #1 : 4}, {link #2 : 5}, {link #3 : 0}, {link #4 : 1},
3 :  {link #0 : 4}, {link #1 : 5}, {link #2 : 0}, {link #3 : 1}, {link #4 : 2},
4 :  {link #0 : 5}, {link #1 : 0}, {link #2 : 1}, {link #3 : 2}, {link #4 : 3},
5 :  {link #0 : 0}, {link #1 : 1}, {link #2 : 2}, {link #3 : 3}, {link #4 : 4},
0 :  {link #0 : 1}, {link #1 : 2}, {link #2 : 3}, {link #3 : 4}, {link #4 : 5},
1 :  {link #0 : 2}, {link #1 : 3}, {link #2 : 4}, {link #3 : 5}, {link #4 : 0},
2 :  {link #0 : 3}, {link #1 : 4}, {link #2 : 5}, {link #3 : 0}, {link #4 : 1},
3 :  {link #0 : 4}, {link #1 : 5}, {link #2 : 0}, {link #3 : 1}, {link #4 : 2},
4 :  {link #0 : 5}, {link #1 : 0}, {link #2 : 1}, {link #3 : 2}, {link #4 : 3},
5 :  {link #0 : 0}, {link #1 : 1}, {link #2 : 2}, {link #3 : 3}, {link #4 : 4},
coll_cache:optimal_rep_storage=0
coll_cache:optimal_part_storage=0.12
coll_cache:optimal_cpu_storage=0.88
coll_cache:optimal_local_storage=0.02
coll_cache:optimal_remote_storage=0.1
coll_cache:optimal_local_rate=0.166667
coll_cache:optimal_remote_rate=0.833333
coll_cache:optimal_cpu_rate=0
z=1280.36,1280.36,1280.36,1280.36,1280.36,1280.36,
test_result:init:feat_nbytes=375030526464
test_result:init:cache_nbytes=7538112000
0 :  {link #0 : 1}, {link #1 : 2}, {link #2 : 3}, {link #3 : 4}, {link #4 : 5},
1 :  {link #0 : 2}, {link #1 : 3}, {link #2 : 4}, {link #3 : 5}, {link #4 : 0},
2 :  {link #0 : 3}, {link #1 : 4}, {link #2 : 5}, {link #3 : 0}, {link #4 : 1},
3 :  {link #0 : 4}, {link #1 : 5}, {link #2 : 0}, {link #3 : 1}, {link #4 : 2},
4 :  {link #0 : 5}, {link #1 : 0}, {link #2 : 1}, {link #3 : 2}, {link #4 : 3},
5 :  {link #0 : 0}, {link #1 : 1}, {link #2 : 2}, {link #3 : 3}, {link #4 : 4},
test_result:init:feat_nbytes=375030526464
test_result:init:cache_nbytes=7538112000
0 :  {link #0 : 1}, {link #1 : 2}, {link #2 : 3}, {link #3 : 4}, {link #4 : 5},
1 :  {link #0 : 2}, {link #1 : 3}, {link #2 : 4}, {link #3 : 5}, {link #4 : 0},
2 :  {link #0 : 3}, {link #1 : 4}, {link #2 : 5}, {link #3 : 0}, {link #4 : 1},
3 :  {link #0 : 4}, {link #1 : 5}, {link #2 : 0}, {link #3 : 1}, {link #4 : 2},
4 :  {link #0 : 5}, {link #1 : 0}, {link #2 : 1}, {link #3 : 2}, {link #4 : 3},
5 :  {link #0 : 0}, {link #1 : 1}, {link #2 : 2}, {link #3 : 3}, {link #4 : 4},
test_result:init:feat_nbytes=375030526464
test_result:init:cache_nbytes=7538112000
0 :  {link #0 : 1}, {link #1 : 2}, {link #2 : 3}, {link #3 : 4}, {link #4 : 5},
1 :  {link #0 : 2}, {link #1 : 3}, {link #2 : 4}, {link #3 : 5}, {link #4 : 0},
2 :  {link #0 : 3}, {link #1 : 4}, {link #2 : 5}, {link #3 : 0}, {link #4 : 1},
3 :  {link #0 : 4}, {link #1 : 5}, {link #2 : 0}, {link #3 : 1}, {link #4 : 2},
4 :  {link #0 : 5}, {link #1 : 0}, {link #2 : 1}, {link #3 : 2}, {link #4 : 3},
5 :  {link #0 : 0}, {link #1 : 1}, {link #2 : 2}, {link #3 : 3}, {link #4 : 4},
test_result:init:feat_nbytes=375030526464
test_result:init:cache_nbytes=7538112000
0 :  {link #0 : 1}, {link #1 : 2}, {link #2 : 3}, {link #3 : 4}, {link #4 : 5},
1 :  {link #0 : 2}, {link #1 : 3}, {link #2 : 4}, {link #3 : 5}, {link #4 : 0},
2 :  {link #0 : 3}, {link #1 : 4}, {link #2 : 5}, {link #3 : 0}, {link #4 : 1},
3 :  {link #0 : 4}, {link #1 : 5}, {link #2 : 0}, {link #3 : 1}, {link #4 : 2},
4 :  {link #0 : 5}, {link #1 : 0}, {link #2 : 1}, {link #3 : 2}, {link #4 : 3},
5 :  {link #0 : 0}, {link #1 : 1}, {link #2 : 2}, {link #3 : 3}, {link #4 : 4},
test_result:init:feat_nbytes=375030526464
test_result:init:cache_nbytes=7538112000
0 :  {link #0 : 1}, {link #1 : 2}, {link #2 : 3}, {link #3 : 4}, {link #4 : 5},
1 :  {link #0 : 2}, {link #1 : 3}, {link #2 : 4}, {link #3 : 5}, {link #4 : 0},
2 :  {link #0 : 3}, {link #1 : 4}, {link #2 : 5}, {link #3 : 0}, {link #4 : 1},
3 :  {link #0 : 4}, {link #1 : 5}, {link #2 : 0}, {link #3 : 1}, {link #4 : 2},
4 :  {link #0 : 5}, {link #1 : 0}, {link #2 : 1}, {link #3 : 2}, {link #4 : 3},
5 :  {link #0 : 0}, {link #1 : 1}, {link #2 : 2}, {link #3 : 3}, {link #4 : 4},
test_result:init:feat_nbytes=375030526464
test_result:init:cache_nbytes=7538112000
0 :  {link #0 : 1}, {link #1 : 2}, {link #2 : 3}, {link #3 : 4}, {link #4 : 5},
1 :  {link #0 : 2}, {link #1 : 3}, {link #2 : 4}, {link #3 : 5}, {link #4 : 0},
2 :  {link #0 : 3}, {link #1 : 4}, {link #2 : 5}, {link #3 : 0}, {link #4 : 1},
3 :  {link #0 : 4}, {link #1 : 5}, {link #2 : 0}, {link #3 : 1}, {link #4 : 2},
4 :  {link #0 : 5}, {link #1 : 0}, {link #2 : 1}, {link #3 : 2}, {link #4 : 3},
5 :  {link #0 : 0}, {link #1 : 1}, {link #2 : 2}, {link #3 : 3}, {link #4 : 4},
coll_cache:optimal_rep_storage=0
coll_cache:optimal_part_storage=0.12
coll_cache:optimal_cpu_storage=0.88
coll_cache:optimal_local_storage=0.02
coll_cache:optimal_remote_storage=0.1
coll_cache:optimal_local_rate=0.166667
coll_cache:optimal_remote_rate=0.833333
coll_cache:optimal_cpu_rate=0
z=1280.36,1280.36,1280.36,1280.36,1280.36,1280.36,
test_result:init:cache_nbytes=0
test_result:init:cache_nbytes=0
test_result:init:cache_nbytes=0
test_result:init:cache_nbytes=0
test_result:init:cache_nbytes=0
test_result:init:cache_nbytes=0
[Train  Worker 3/6] Started with PID 102338(NVIDIA A100-SXM4-80GB)
[Train  Worker 3] run train for 4 epochs with 558 steps
[Train  Worker 3] Avg Epoch Time 0.8252 | Train Total Time(Profiler) 0.5186 | Copy Time 0.3002
[Train  Worker 4/6] Started with PID 102341(NVIDIA A100-SXM4-80GB)
[Train  Worker 4] run train for 4 epochs with 558 steps
[Train  Worker 4] Avg Epoch Time 0.8252 | Train Total Time(Profiler) 0.5235 | Copy Time 0.2956
[Train  Worker 1/6] Started with PID 102332(NVIDIA A100-SXM4-80GB)
[Train  Worker 1] run train for 4 epochs with 558 steps
[Train  Worker 1] Avg Epoch Time 0.8252 | Train Total Time(Profiler) 0.5189 | Copy Time 0.2998
[Train  Worker 2/6] Started with PID 102335(NVIDIA A100-SXM4-80GB)
[Train  Worker 2] run train for 4 epochs with 558 steps
[Train  Worker 2] Avg Epoch Time 0.8252 | Train Total Time(Profiler) 0.5191 | Copy Time 0.2999
[Train  Worker 0/6] Started with PID 102330(NVIDIA A100-SXM4-80GB)
[Train  Worker 0] run train for 4 epochs with 558 steps
Epoch 00000 | Epoch Time 2.1279 | Total Train Time(Profiler) 1.8036 | Copy Time 0.3172
Epoch 00001 | Epoch Time 0.8284 | Total Train Time(Profiler) 0.5223 | Copy Time 0.2996
Epoch 00002 | Epoch Time 0.8262 | Total Train Time(Profiler) 0.5203 | Copy Time 0.2994
Epoch 00003 | Epoch Time 0.8209 | Total Train Time(Profiler) 0.5129 | Copy Time 0.3013
[Train  Worker 0] Avg Epoch Time 0.8252 | Train Total Time(Profiler) 0.5185 | Copy Time 0.3001
[Train  Worker 5/6] Started with PID 102344(NVIDIA A100-SXM4-80GB)
[Train  Worker 5] run train for 4 epochs with 558 steps
[Train  Worker 5] Avg Epoch Time 0.8252 | Train Total Time(Profiler) 0.5191 | Copy Time 0.2999
[Sample Worker 1/2] Started with PID 102328(NVIDIA A100-SXM4-80GB)
[Sample Worker 1] run sample for 4 epochs with 279 steps
[Sample Worker 1] Avg Sample Total Time 0.3448 | Sampler Total Time(Profiler) 0.3408
    [Step(average) Profiler Level 1 E3 S278]
        L1  sample           0.001000 | send           0.000249
        L1  recv             0.000000 | copy           0.000000 | convert time 0.000000 | train  0.000000
        L1  feature nbytes 0.00 Bytes | label nbytes 0.00 Bytes
        L1  id nbytes      0.00 Bytes | graph nbytes 0.00 Bytes
        L1  miss nbytes    0.00 Bytes | remote nbytes 0.00 Bytes
        L1  num nodes          303947 | num samples      376379
    [Step(average) Profiler Level 2 E3 S278]
        L2  shuffle     0.000070 | core sample  0.000506 | id remap        0.000316
        L2  graph copy  0.000000 | id copy      0.000000 | cache feat copy 0.000000
        L2  last layer sample time 0.000278 | size 16896.391876
    [Step(average) Profiler Level 3 E3 S278]
        L3  khop sample coo  0.000284 | khop sort coo      0.000000 | khop count edge     0.000034 | khop compact edge 0.000152
        L3  walk sample coo  0.000000 | walk topk total    0.000000 | walk topk step1     0.000000 | walk topk step2   0.000000
        L3  walk topk step3  0.000000 | walk topk step4    0.000000 | walk topk step5     0.000000
        L3  walk topk step6  0.000000 | walk topk step7    0.000000
        L3  remap unique     0.000000 | remap populate     0.000265 | remap mapnode       0.000000 | remap mapedge     0.000051
        L3  cache get_index  0.000000 | cache copy_index   0.000000 | cache extract_miss  0.000000
        L3  cache copy_miss  0.000000 | cache combine_miss 0.000000 | cache combine cache 0.000000 | cache combine remote 0.000000
        L3  label extract  0.000000
    [Init Profiler Level 1]
        L1  init     4.0575 | sampler init    15.7477 | trainer init 0.0000
    [Init Profiler Level 2]
        L2  load ds         5.5153 | init queue           8.5576
        L2  presample       4.0844 | build interal ds     1.6463
        L2  build cache     0.0000
    [Init Profiler Level 3]
        L3  load dataset: mmap     4.0558 | copy         1.4595
        L3  dist queue: alloc      0.0007 | pin          8.5569 | push     0.0000
        L3  presample: init        0.3361
        L3  presample: sample      1.1254 | copy         0.0691
        L3  presample: count       1.7683 | sort         0.3747
        L3  presample: reset       0.0008 | get rank     0.0478
        L3  internal: cuda ctx     1.4499 | cuda stream     0.1932
[Sample Worker 0/2] Started with PID 102327(NVIDIA A100-SXM4-80GB)
[Sample Worker 0] run sample for 4 epochs with 279 steps
[Sample Worker 0] Avg Sample Total Time 0.3498 | Sampler Total Time(Profiler) 0.3483
test_result:sample_time=0.2790
test_result:get_cache_miss_index_time=0.0000
test_result:enqueue_samples_time=0.0693
test_result:epoch_time:sample_total=0.3498
[CUDA] cuda0: usage: 12.90 GB
[SAM] cuda0 data alloc        : 0.00 Bytes
[SAM] cuda0 workspace         : 997.40 MB
[SAM] cuda0 workspace reserve : 499.04 MB
[SAM] cuda0 total             : 997.40 MB
    [Step(average) Profiler Level 1 E3 S557]
        L1  sample           0.000000 | send           0.000000
        L1  recv             0.000375 | copy           0.003218 | convert time 0.000275 | train  0.005312
        L1  feature nbytes  445.18 MB | label nbytes   15.62 KB
        L1  id nbytes      0.00 Bytes | graph nbytes 0.00 Bytes
        L1  miss nbytes    0.00 Bytes | remote nbytes 0.00 Bytes
        L1  num nodes               0 | num samples           0
    [Step(average) Profiler Level 2 E3 S557]
        L2  shuffle     0.000000 | core sample  0.000000 | id remap        0.000000
        L2  graph copy  0.000003 | id copy      0.000000 | cache feat copy 0.002839
        L2  last layer sample time 0.000000 | size 0.000000
    [Step(average) Profiler Level 3 E3 S557]
        L3  khop sample coo  0.000000 | khop sort coo      0.000000 | khop count edge     0.000000 | khop compact edge 0.000000
        L3  walk sample coo  0.000000 | walk topk total    0.000000 | walk topk step1     0.000000 | walk topk step2   0.000000
        L3  walk topk step3  0.000000 | walk topk step4    0.000000 | walk topk step5     0.000000
        L3  walk topk step6  0.000000 | walk topk step7    0.000000
        L3  remap unique     0.000000 | remap populate     0.000000 | remap mapnode       0.000000 | remap mapedge     0.000000
        L3  cache get_index  0.000000 | cache copy_index   0.000000 | cache extract_miss  0.000000
        L3  cache copy_miss  0.000000 | cache combine_miss 0.000000 | cache combine cache 0.002758 | cache combine remote 0.000000
        L3  label extract  0.000076
    [Init Profiler Level 1]
        L1  init     4.0575 | sampler init     0.0000 | trainer init 106.5506
    [Init Profiler Level 2]
        L2  load ds         4.0558 | init queue           8.6135
        L2  presample       0.0000 | build interal ds     1.5782
        L2  build cache    96.3530
    [Init Profiler Level 3]
        L3  load dataset: mmap     4.0558 | copy         0.0000
        L3  dist queue: alloc      0.0007 | pin          8.6127 | push     0.0000
        L3  presample: init        0.0000
        L3  presample: sample      0.0000 | copy         0.0000
        L3  presample: count       0.0000 | sort         0.0000
        L3  presample: reset       0.0000 | get rank     0.0000
        L3  internal: cuda ctx     1.5781 | cuda stream     0.0001
|===========================================================================|
|                  PyTorch CUDA memory summary, device ID 0                 |
|---------------------------------------------------------------------------|
|            CUDA OOMs: 0            |        cudaMalloc retries: 0         |
|===========================================================================|
|        Metric         | Cur Usage  | Peak Usage | Tot Alloc  | Tot Freed  |
|---------------------------------------------------------------------------|
| Allocated memory      |   19142 KB |  214228 KB |  223362 MB |  223343 MB |
|       from large pool |   10624 KB |  211504 KB |  217979 MB |  217968 MB |
|       from small pool |    8518 KB |   10836 KB |    5383 MB |    5375 MB |
|---------------------------------------------------------------------------|
| Active memory         |   19143 KB |  214228 KB |  223362 MB |  223343 MB |
|       from large pool |   10624 KB |  211504 KB |  217979 MB |  217968 MB |
|       from small pool |    8519 KB |   10836 KB |    5383 MB |    5375 MB |
|---------------------------------------------------------------------------|
| GPU reserved memory   |  419840 KB |  419840 KB |  419840 KB |       0 B  |
|       from large pool |  405504 KB |  405504 KB |  405504 KB |       0 B  |
|       from small pool |   14336 KB |   14336 KB |   14336 KB |       0 B  |
|---------------------------------------------------------------------------|
| Non-releasable memory |  185657 KB |  366135 KB |  222572 MB |  222390 MB |
|       from large pool |  183936 KB |  362337 KB |  216740 MB |  216561 MB |
|       from small pool |    1721 KB |    5607 KB |    5831 MB |    5829 MB |
|---------------------------------------------------------------------------|
| Allocations           |      42    |      57    |   43936    |   43894    |
|       from large pool |       7    |      15    |   16373    |   16366    |
|       from small pool |      35    |      43    |   27563    |   27528    |
|---------------------------------------------------------------------------|
| Active allocs         |      43    |      57    |   43936    |   43893    |
|       from large pool |       7    |      15    |   16373    |   16366    |
|       from small pool |      36    |      43    |   27563    |   27527    |
|---------------------------------------------------------------------------|
| GPU reserved segments |      13    |      13    |      13    |       0    |
|       from large pool |       6    |       6    |       6    |       0    |
|       from small pool |       7    |       7    |       7    |       0    |
|---------------------------------------------------------------------------|
| Non-releasable allocs |      16    |      26    |   19037    |   19021    |
|       from large pool |       5    |      10    |    9163    |    9158    |
|       from small pool |      11    |      21    |    9874    |    9863    |
|---------------------------------------------------------------------------|
| Oversize allocations  |       0    |       0    |       0    |       0    |
|---------------------------------------------------------------------------|
| Oversize GPU segments |       0    |       0    |       0    |       0    |
|===========================================================================|

test_result:epoch_time:copy_time=0.3001
test_result:convert_time=0.0255
test_result:train_time=0.4930
test_result:epoch_time:train_total=0.5185
test_result:cache_percentage=0.0200
test_result:cache_hit_rate=1.0000
test_result:run_time=6.0371
