[2022-12-05 21:09:21.977005: W /samgraph/samgraph/common/cpu/mmap_cpu_device.cc:92] mmap allocating space 13.46 GB
[2022-12-05 21:09:21.977085: W /samgraph/samgraph/common/cpu/mmap_cpu_device.cc:97] mmap allocating space 13.46 GB done
[2022-12-05 21:09:26. 17542: W /samgraph/samgraph/common/cpu/mmap_cpu_device.cc:92] mmap allocating space 62.57 GB
[2022-12-05 21:09:26. 17665: W /samgraph/samgraph/common/cpu/mmap_cpu_device.cc:97] mmap allocating space 62.57 GB done
[2022-12-05 21:09:26. 19944: W /samgraph/samgraph/common/cpu/mmap_cpu_device.cc:92] mmap allocating space 6.77 GB
[2022-12-05 21:09:26. 19978: W /samgraph/samgraph/common/cpu/mmap_cpu_device.cc:97] mmap allocating space 6.77 GB done
/usr/lib/python3/dist-packages/requests/__init__.py:89: RequestsDependencyWarning: urllib3 (1.26.12) or chardet (3.0.4) doesn't match a supported version!
  warnings.warn("urllib3 ({}) or chardet ({}) doesn't match a supported "
[2022-12-05 21:09:27.255338: W /samgraph/samgraph/common/dist/dist_engine.cc:662] Trainer[0] initializing...
[2022-12-05 21:09:27.285770: W /samgraph/samgraph/common/dist/dist_engine.cc:662] Trainer[1] initializing...
[2022-12-05 21:09:27.364624: W /samgraph/samgraph/common/dist/dist_engine.cc:662] Trainer[2] initializing...
[2022-12-05 21:09:27.391718: W /samgraph/samgraph/common/dist/dist_engine.cc:662] Trainer[4] initializing...
[2022-12-05 21:09:27.472773: W /samgraph/samgraph/common/dist/dist_engine.cc:662] Trainer[3] initializing...
[2022-12-05 21:09:27.523443: W /samgraph/samgraph/common/dist/dist_engine.cc:662] Trainer[5] initializing...
[2022-12-05 21:09:28.855772: W /samgraph/samgraph/common/dist/dist_engine.cc:666] Trainer[1] pin memory queue...
[2022-12-05 21:09:28.856331: W /samgraph/samgraph/common/dist/dist_engine.cc:666] Trainer[0] pin memory queue...
[2022-12-05 21:09:28.879642: W /samgraph/samgraph/common/dist/dist_engine.cc:666] Trainer[4] pin memory queue...
[2022-12-05 21:09:28.880164: W /samgraph/samgraph/common/dist/dist_engine.cc:666] Trainer[3] pin memory queue...
[2022-12-05 21:09:28.885258: W /samgraph/samgraph/common/dist/dist_engine.cc:666] Trainer[2] pin memory queue...
[2022-12-05 21:09:28.890543: W /samgraph/samgraph/common/dist/dist_engine.cc:666] Trainer[5] pin memory queue...
[2022-12-05 21:09:30.823437: E /samgraph/samgraph/common/dist/dist_engine.cc:85] Running on A100
[2022-12-05 21:09:30.824291: E /samgraph/samgraph/common/dist/dist_engine.cc:85] Running on A100
[2022-12-05 21:09:30.824368: E /samgraph/samgraph/common/dist/dist_engine.cc:85] Running on A100
[2022-12-05 21:09:30.824504: E /samgraph/samgraph/common/dist/dist_engine.cc:85] Running on A100
[2022-12-05 21:09:30.824749: W /samgraph/samgraph/common/dist/dist_engine.cc:701] Trainer[1] register host memory...
[2022-12-05 21:09:30.825098: W /samgraph/samgraph/common/dist/dist_engine.cc:701] Trainer[4] register host memory...[
2022-12-05 21:09:30.825107: W /samgraph/samgraph/common/dist/dist_engine.cc:701] Trainer[5] register host memory...
[2022-12-05 21:09:30.825193: W /samgraph/samgraph/common/dist/dist_engine.cc:701] Trainer[0] register host memory...
[2022-12-05 21:09:30.826240: E /samgraph/samgraph/common/dist/dist_engine.cc:85] Running on A100
[2022-12-05 21:09:30.826688: W /samgraph/samgraph/common/dist/dist_engine.cc:701] Trainer[2] register host memory...
[2022-12-05 21:09:30.829990: E /samgraph/samgraph/common/dist/dist_engine.cc:85] Running on A100
[2022-12-05 21:09:30.830036: W /samgraph/samgraph/common/dist/dist_engine.cc:701] Trainer[3] register host memory...
[2022-12-05 21:09:31.  5295: E /samgraph/samgraph/common/dist/dist_engine.cc:85] Running on A100
[2022-12-05 21:09:31. 16902: E /samgraph/samgraph/common/dist/dist_engine.cc:85] Running on A100
[2022-12-05 21:09:31. 19489: W /samgraph/samgraph/common/cuda/cuda_device.cc:49] GPU[6] alloc cuda memory 250.28 MB
[2022-12-05 21:09:31. 65644: W /samgraph/samgraph/common/cuda/cuda_device.cc:49] GPU[6] alloc cuda memory 13.46 GB
[2022-12-05 21:09:33. 57069: W /samgraph/samgraph/common/cuda/cuda_device.cc:49] GPU[6] alloc cuda memory 128.00 MB
[2022-12-05 21:09:33. 59494: E /samgraph/samgraph/common/dist/pre_sampler.cc:41] Dist Presampler making shuffler...
[2022-12-05 21:09:33. 61075: E /samgraph/samgraph/common/dist/pre_sampler.cc:44] Dist Presampler making shuffler...Done
[2022-12-05 21:09:33. 61102: W /samgraph/samgraph/common/cpu/cpu_device.cc:39] WORKER[0] alloc host memory 500.55 MB
[2022-12-05 21:09:33.142886: E /samgraph/samgraph/common/dist/pre_sampler.cc:85] Dist Presampler doing presample epoch 0
[2022-12-05 21:09:34.221873: E /samgraph/samgraph/common/dist/pre_sampler.cc:129] presample spend 0.21801 on sample, 0.0253033 on copy, 0.834705 on count
[2022-12-05 21:09:34.221949: E /samgraph/samgraph/common/dist/pre_sampler.cc:85] Dist Presampler doing presample epoch 1
[2022-12-05 21:09:35.368880: E /samgraph/samgraph/common/dist/pre_sampler.cc:129] presample spend 0.455699 on sample, 0.0515627 on copy, 1.71598 on count
[2022-12-05 21:09:35.368988: E /samgraph/samgraph/common/dist/pre_sampler.cc:136] max_num_inputs = 1206607, min_num_inputs = 1163317
[2022-12-05 21:09:35.476572: E /samgraph/samgraph/common/dist/pre_sampler.cc:148] presample spend 0.107501 on sort freq.
[2022-12-05 21:09:35.571181: E /samgraph/samgraph/common/dist/dist_engine.cc:524] pre sample done, delete it
[[[[[[2022-12-05 21:09:352022-12-05 21:09:352022-12-05 21:09:352022-12-05 21:09:352022-12-05 21:09:352022-12-05 21:09:35......582008582007582005582006582010582009: : : : : : WWWWWW      /samgraph/samgraph/common/dist/dist_engine.cc/samgraph/samgraph/common/dist/dist_engine.cc/samgraph/samgraph/common/dist/dist_engine.cc/samgraph/samgraph/common/dist/dist_engine.cc/samgraph/samgraph/common/dist/dist_engine.cc/samgraph/samgraph/common/dist/dist_engine.cc::::::711711711711711711] ] Trainer[0] building cache...] ] ] ] Trainer[5] building cache...

Trainer[4] building cache...Trainer[1] building cache...Trainer[3] building cache...
Trainer[2] building cache...


[[2022-12-05 21:09:35[2022-12-05 21:09:35[.[2022-12-05 21:09:35.2022-12-05 21:09:355824212022-12-05 21:09:35.582425.: .582426: 582427E582428: E:  : E E/samgraph/3rdparty/collcachelib/coll_cache_lib/run_config.ccE /samgraph/3rdparty/collcachelib/coll_cache_lib/run_config.cc : /samgraph/3rdparty/collcachelib/coll_cache_lib/run_config.cc:/samgraph/3rdparty/collcachelib/coll_cache_lib/run_config.cc134/samgraph/3rdparty/collcachelib/coll_cache_lib/run_config.cc:134:] :134] 134using concurrent impl MPS134] using concurrent impl MPS] 
] using concurrent impl MPS
using concurrent impl MPSusing concurrent impl MPS


[2022-12-05 21:09:35.583784: E /samgraph/3rdparty/collcachelib/coll_cache_lib/coll_cache/asymm_link_desc.cc:196] build symm link desc with 6X NVIDIA A100-SXM4-80GB out of 8
[2022-12-05 21:09:35.583809: E /samgraph/3rdparty/collcachelib/coll_cache_lib/coll_cache/asymm_link_desc.cc:197] remote time is 10.8824
[2022-12-05 21:09:35.583820: E /samgraph/3rdparty/collcachelib/coll_cache_lib/coll_cache/asymm_link_desc.cc:198] cpu time is 41.1111
[2022-12-05 21:09:35.583866: E /samgraph/3rdparty/collcachelib/coll_cache_lib/coll_cache/asymm_link_desc.cc:196] build symm link desc with 6X NVIDIA A100-SXM4-80GB out of 8
[2022-12-05 21:09:35.583885: E /samgraph/3rdparty/collcachelib/coll_cache_lib/coll_cache/asymm_link_desc.cc:197] remote time is 10.8824
[2022-12-05 21:09:35.583895: E /samgraph/3rdparty/collcachelib/coll_cache_lib/coll_cache/asymm_link_desc.cc:198] cpu time is 41.1111
[2022-12-05 21:09:35.584081: E /samgraph/3rdparty/collcachelib/coll_cache_lib/coll_cache/asymm_link_desc.cc:196] build symm link desc with 6X NVIDIA A100-SXM4-80GB out of 8
[2022-12-05 21:09:35.584100: E /samgraph/3rdparty/collcachelib/coll_cache_lib/coll_cache/asymm_link_desc.cc:197] remote time is 10.8824
[2022-12-05 21:09:35.584110: E /samgraph/3rdparty/collcachelib/coll_cache_lib/coll_cache/asymm_link_desc.cc:198] cpu time is 41.1111
[2022-12-05 21:09:35.584171: E /samgraph/3rdparty/collcachelib/coll_cache_lib/coll_cache/asymm_link_desc.cc:196] build symm link desc with 6X NVIDIA A100-SXM4-80GB out of 8
[2022-12-05 21:09:35.584192: E /samgraph/3rdparty/collcachelib/coll_cache_lib/coll_cache/asymm_link_desc.cc:197] remote time is 10.8824
[2022-12-05 21:09:35.584212: E /samgraph/3rdparty/collcachelib/coll_cache_lib/coll_cache/asymm_link_desc.cc:198] cpu time is 41.1111
[2022-12-05 21:09:35.584378: E /samgraph/3rdparty/collcachelib/coll_cache_lib/coll_cache/asymm_link_desc.cc:196] build symm link desc with 6X NVIDIA A100-SXM4-80GB out of 8
[2022-12-05 21:09:35.584396: E /samgraph/3rdparty/collcachelib/coll_cache_lib/coll_cache/asymm_link_desc.cc:197] remote time is 10.8824
[2022-12-05 21:09:35.584407: E /samgraph/3rdparty/collcachelib/coll_cache_lib/coll_cache/asymm_link_desc.cc:198] cpu time is 41.1111
[2022-12-05 21:09:35.606329: E /samgraph/3rdparty/collcachelib/coll_cache_lib/run_config.cc:134] using concurrent impl MPS
[2022-12-05 21:09:35.607399: E /samgraph/3rdparty/collcachelib/coll_cache_lib/coll_cache/asymm_link_desc.cc:196] build symm link desc with 6X NVIDIA A100-SXM4-80GB out of 8
[2022-12-05 21:09:35.607425: E /samgraph/3rdparty/collcachelib/coll_cache_lib/coll_cache/asymm_link_desc.cc:197] remote time is 10.8824
[2022-12-05 21:09:35.607436: E /samgraph/3rdparty/collcachelib/coll_cache_lib/coll_cache/asymm_link_desc.cc:198] cpu time is 41.1111
[2022-12-05 21:09:51.643012: E /samgraph/3rdparty/collcachelib/coll_cache_lib/facade.cc:115] solver created. now build & solve
[2022-12-05 21:09:51.670573: E /samgraph/3rdparty/collcachelib/coll_cache_lib/facade.cc:120] solver built. now solve
block 0 storage is 00000001
	access is	0	0	0	0	0	0	
block 1 storage is 00000010
	access is	1	1	1	1	1	1	
block 2 storage is 00000100
	access is	2	2	2	2	2	2	
block 3 storage is 00001000
	access is	3	3	3	3	3	3	
block 4 storage is 00010000
	access is	4	4	4	4	4	4	
block 5 storage is 00100000
	access is	5	5	5	5	5	5	
block 6 storage is 00000000
	access is	6	6	6	6	6	6	
[2022-12-05 21:09:52. 57110: E /samgraph/3rdparty/collcachelib/coll_cache_lib/facade.cc:124] solver solved
[2022-12-05 21:09:52. 57165: E /samgraph/3rdparty/collcachelib/coll_cache_lib/facade.cc:187] 0 solved master
[2022-12-05 21:09:52. 57184: E /samgraph/3rdparty/collcachelib/coll_cache_lib/facade.cc:194] 0 solved
[2022-12-05 21:09:52. 57194: E /samgraph/3rdparty/collcachelib/coll_cache_lib/facade.cc:197] worker 0 thread 0 initing device 0
[2022-12-05 21:09:52. 57938: E /samgraph/3rdparty/collcachelib/coll_cache_lib/cache_context.cu:1762] Building Coll Cache with ... num gpu device is 6
[2022-12-05 21:09:52. 64281: E /samgraph/3rdparty/collcachelib/coll_cache_lib/facade.cc:194] 4 solved
[2022-12-05 21:09:52. 64348: E /samgraph/3rdparty/collcachelib/coll_cache_lib/facade.cc:197] worker 4 thread 4 initing device 4
[2022-12-05 21:09:52. 65153: E /samgraph/3rdparty/collcachelib/coll_cache_lib/cache_context.cu:1762] Building Coll Cache with ... num gpu device is 6
[[2022-12-05 21:09:52. 67223: 2022-12-05 21:09:52E.  67226/samgraph/3rdparty/collcachelib/coll_cache_lib/facade.cc: :E194 ] /samgraph/3rdparty/collcachelib/coll_cache_lib/facade.cc2 solved:
194] 3 solved
[2022-12-05 21:09:52. 67280: E[ 2022-12-05 21:09:52/samgraph/3rdparty/collcachelib/coll_cache_lib/facade.cc.: 67283197: ] Eworker 2 thread 2 initing device 2 
/samgraph/3rdparty/collcachelib/coll_cache_lib/facade.cc:197] worker 3 thread 3 initing device 3
[2022-12-05 21:09:52.[ 673092022-12-05 21:09:52: .E 67313 : /samgraph/3rdparty/collcachelib/coll_cache_lib/facade.ccE: 194/samgraph/3rdparty/collcachelib/coll_cache_lib/facade.cc] :5 solved194
] 1 solved
[2022-12-05 21:09:52. 67344: [E2022-12-05 21:09:52 ./samgraph/3rdparty/collcachelib/coll_cache_lib/facade.cc 67346:: 197E]  worker 5 thread 5 initing device 5/samgraph/3rdparty/collcachelib/coll_cache_lib/facade.cc
:197] worker 1 thread 1 initing device 1
[[2022-12-05 21:09:522022-12-05 21:09:52.. 68412 68416: : EE  /samgraph/3rdparty/collcachelib/coll_cache_lib/cache_context.cu/samgraph/3rdparty/collcachelib/coll_cache_lib/cache_context.cu::17621762] ] Building Coll Cache with ... num gpu device is 6Building Coll Cache with ... num gpu device is 6

[2022-12-05 21:09:52. 68439: E[ 2022-12-05 21:09:52/samgraph/3rdparty/collcachelib/coll_cache_lib/cache_context.cu.: 684471762: ] E /samgraph/3rdparty/collcachelib/coll_cache_lib/cache_context.cuBuilding Coll Cache with ... num gpu device is 6:
1762] Building Coll Cache with ... num gpu device is 6
[2022-12-05 21:09:52. 91541: W /samgraph/3rdparty/collcachelib/coll_cache_lib/cpu/cpu_device.cc:39] WORKER[0] alloc host memory 41.71 MB
[[[[[2022-12-05 21:09:532022-12-05 21:09:532022-12-05 21:09:53[2022-12-05 21:09:532022-12-05 21:09:53.. 46673... 46672: 2022-12-05 21:09:53 46672 46675 46673: E.: : : E  46694EEE /samgraph/3rdparty/collcachelib/coll_cache_lib/cache_context.cu:    /samgraph/3rdparty/collcachelib/coll_cache_lib/cache_context.cu:E/samgraph/3rdparty/collcachelib/coll_cache_lib/cache_context.cu/samgraph/3rdparty/collcachelib/coll_cache_lib/cache_context.cu/samgraph/3rdparty/collcachelib/coll_cache_lib/cache_context.cu:1871 :::1871] /samgraph/3rdparty/collcachelib/coll_cache_lib/cache_context.cu187118711871] Device 4 init p2p of link 5:] ] ] Device 2 init p2p of link 3Device 3 init p2p of link 4Device 0 init p2p of link 1
1871Device 5 init p2p of link 0



] Device 1 init p2p of link 2
[2022-12-05 21:09:53. 52264: E /samgraph/3rdparty/collcachelib/coll_cache_lib/cache_context.cu:1871] Device 1 init p2p of link 3
[2022-12-05 21:09:53. 53309: E /samgraph/3rdparty/collcachelib/coll_cache_lib/cache_context.cu:1871] Device 5 init p2p of link 1
[2022-12-05 21:09:53. 53513: E /samgraph/3rdparty/collcachelib/coll_cache_lib/cache_context.cu:1871] Device 0 init p2p of link 2
[2022-12-05 21:09:53. 53736: E /samgraph/3rdparty/collcachelib/coll_cache_lib/cache_context.cu:1871] Device 3 init p2p of link 5
[2022-12-05 21:09:53. 53886: E /samgraph/3rdparty/collcachelib/coll_cache_lib/cache_context.cu:1871] Device 2 init p2p of link 4
[2022-12-05 21:09:53. 54110: E /samgraph/3rdparty/collcachelib/coll_cache_lib/cache_context.cu:1871] Device 4 init p2p of link 0
[2022-12-05 21:09:53. 56134: E /samgraph/3rdparty/collcachelib/coll_cache_lib/cache_context.cu:1871] Device 1 init p2p of link 4
[2022-12-05 21:09:53. 57377: E /samgraph/3rdparty/collcachelib/coll_cache_lib/cache_context.cu:1871] Device 5 init p2p of link 2
[2022-12-05 21:09:53. 58251: E /samgraph/3rdparty/collcachelib/coll_cache_lib/cache_context.cu:1871] Device 0 init p2p of link 3
[2022-12-05 21:09:53. 58733: E /samgraph/3rdparty/collcachelib/coll_cache_lib/cache_context.cu:1871] Device 3 init p2p of link 0
[2022-12-05 21:09:53. 59114: E /samgraph/3rdparty/collcachelib/coll_cache_lib/cache_context.cu:1871] Device 2 init p2p of link 5
[2022-12-05 21:09:53. 59452: E /samgraph/3rdparty/collcachelib/coll_cache_lib/cache_context.cu:1871] Device 4 init p2p of link 1
[2022-12-05 21:09:53. 60563: E /samgraph/3rdparty/collcachelib/coll_cache_lib/cache_context.cu:1871] Device 1 init p2p of link 5
[2022-12-05 21:09:53. 62041: E /samgraph/3rdparty/collcachelib/coll_cache_lib/cache_context.cu:1871] Device 5 init p2p of link 3
[2022-12-05 21:09:53. 62716: E /samgraph/3rdparty/collcachelib/coll_cache_lib/cache_context.cu:1871] Device 0 init p2p of link 4
[2022-12-05 21:09:53. 63120: E /samgraph/3rdparty/collcachelib/coll_cache_lib/cache_context.cu:1871] Device 3 init p2p of link 1
[2022-12-05 21:09:53. 63982: E /samgraph/3rdparty/collcachelib/coll_cache_lib/cache_context.cu:1871] Device 2 init p2p of link 0
[2022-12-05 21:09:53. 64434: E /samgraph/3rdparty/collcachelib/coll_cache_lib/cache_context.cu:1871] Device 4 init p2p of link 2
[2022-12-05 21:09:53. 65515: E /samgraph/3rdparty/collcachelib/coll_cache_lib/cache_context.cu:1871] Device 1 init p2p of link 0
[2022-12-05 21:09:53. 66322: E /samgraph/3rdparty/collcachelib/coll_cache_lib/cache_context.cu:1871] Device 5 init p2p of link 4
[2022-12-05 21:09:53. 67703: E /samgraph/3rdparty/collcachelib/coll_cache_lib/cache_context.cu:1871] Device 0 init p2p of link 5
[2022-12-05 21:09:53. 67977: E /samgraph/3rdparty/collcachelib/coll_cache_lib/cache_context.cu:1871] Device 3 init p2p of link 2
[2022-12-05 21:09:53. 68985: E /samgraph/3rdparty/collcachelib/coll_cache_lib/cache_context.cu:1871] Device 2 init p2p of link 1
[2022-12-05 21:09:53. 69403: E /samgraph/3rdparty/collcachelib/coll_cache_lib/cache_context.cu:1871] Device 4 init p2p of link 3
[2022-12-05 21:09:53. 70575: E /samgraph/3rdparty/collcachelib/coll_cache_lib/cache_context.cu:1900] Asymm Coll cache (policy: clique_part) | local 10934727 / 65608366 nodes ( 16.67 %~20.00 %) | remote 54673635 / 65608366 nodes ( 83.33 %) | cpu 4 / 65608366 nodes ( 0.00 %) | 10.43 GB | 1.00213 secs 
[2022-12-05 21:09:53. 71862: E /samgraph/3rdparty/collcachelib/coll_cache_lib/cache_context.cu:1900] Asymm Coll cache (policy: clique_part) | local 10934727 / 65608366 nodes ( 16.67 %~20.00 %) | remote 54673635 / 65608366 nodes ( 83.33 %) | cpu 4 / 65608366 nodes ( 0.00 %) | 10.43 GB | 1.00338 secs 
[2022-12-05 21:09:53. 74174: E /samgraph/3rdparty/collcachelib/coll_cache_lib/cache_context.cu:1900] Asymm Coll cache (policy: clique_part) | local 10934727 / 65608366 nodes ( 16.67 %~20.00 %) | remote 54673635 / 65608366 nodes ( 83.33 %) | cpu 4 / 65608366 nodes ( 0.00 %) | 10.43 GB | 1.01621 secs 
[2022-12-05 21:09:53. 74475: E /samgraph/3rdparty/collcachelib/coll_cache_lib/cache_context.cu:1900] Asymm Coll cache (policy: clique_part) | local 10934727 / 65608366 nodes ( 16.67 %~20.00 %) | remote 54673635 / 65608366 nodes ( 83.33 %) | cpu 4 / 65608366 nodes ( 0.00 %) | 10.43 GB | 1.00599 secs 
[2022-12-05 21:09:53. 74853: W /samgraph/3rdparty/collcachelib/coll_cache_lib/cache_context.cu:2004] before create ctx, mem is 11.96 GB
[2022-12-05 21:09:53. 77704: E /samgraph/3rdparty/collcachelib/coll_cache_lib/cache_context.cu:1900] Asymm Coll cache (policy: clique_part) | local 10934727 / 65608366 nodes ( 16.67 %~20.00 %) | remote 54673635 / 65608366 nodes ( 83.33 %) | cpu 4 / 65608366 nodes ( 0.00 %) | 10.43 GB | 1.00926 secs 
[2022-12-05 21:09:53. 78295: E /samgraph/3rdparty/collcachelib/coll_cache_lib/cache_context.cu:1900] Asymm Coll cache (policy: clique_part) | local 10934727 / 65608366 nodes ( 16.67 %~20.00 %) | remote 54673635 / 65608366 nodes ( 83.33 %) | cpu 4 / 65608366 nodes ( 0.00 %) | 10.43 GB | 1.01312 secs 
[2022-12-05 21:09:54.250291: W /samgraph/3rdparty/collcachelib/coll_cache_lib/cache_context.cu:2010] after create ctx, mem is 12.39 GB
[2022-12-05 21:09:54.250846: W /samgraph/3rdparty/collcachelib/coll_cache_lib/cache_context.cu:2017] after create stream, mem is 12.39 GB
[2022-12-05 21:09:54.252407: W /samgraph/3rdparty/collcachelib/coll_cache_lib/cache_context.cu:2004] before create ctx, mem is 12.39 GB
[2022-12-05 21:09:55.485395: W /samgraph/3rdparty/collcachelib/coll_cache_lib/cache_context.cu:2010] after create ctx, mem is 12.82 GB
[2022-12-05 21:09:55.485615: W /samgraph/3rdparty/collcachelib/coll_cache_lib/cache_context.cu:2017] after create stream, mem is 12.82 GB
[2022-12-05 21:09:55.486133: W /samgraph/3rdparty/collcachelib/coll_cache_lib/cache_context.cu:2004] before create ctx, mem is 12.82 GB
[2022-12-05 21:09:56.782288: W /samgraph/3rdparty/collcachelib/coll_cache_lib/cache_context.cu:2010] after create ctx, mem is 13.25 GB
[2022-12-05 21:09:56.784083: W /samgraph/3rdparty/collcachelib/coll_cache_lib/cache_context.cu:2017] after create stream, mem is 13.25 GB
[2022-12-05 21:09:56.785193: W /samgraph/3rdparty/collcachelib/coll_cache_lib/cache_context.cu:2004] before create ctx, mem is 13.25 GB
[2022-12-05 21:09:58.317491: W /samgraph/3rdparty/collcachelib/coll_cache_lib/cache_context.cu:2010] after create ctx, mem is 13.67 GB
[2022-12-05 21:09:58.320205: W /samgraph/3rdparty/collcachelib/coll_cache_lib/cache_context.cu:2017] after create stream, mem is 13.67 GB
[2022-12-05 21:09:58.320471: W /samgraph/3rdparty/collcachelib/coll_cache_lib/cache_context.cu:2004] before create ctx, mem is 13.67 GB
[2022-12-05 21:09:59.475227: W /samgraph/3rdparty/collcachelib/coll_cache_lib/cache_context.cu:2010] after create ctx, mem is 14.10 GB
[2022-12-05 21:09:59.478513: W /samgraph/3rdparty/collcachelib/coll_cache_lib/cache_context.cu:2017] after create stream, mem is 14.10 GB
[2022-12-05 21:09:59.481154: W /samgraph/3rdparty/collcachelib/coll_cache_lib/cache_context.cu:2004] before create ctx, mem is 14.10 GB
[2022-12-05 21:10:01.293769: W /samgraph/3rdparty/collcachelib/coll_cache_lib/cache_context.cu:2010] after create ctx, mem is 14.85 GB
[2022-12-05 21:10:01.296702: W /samgraph/3rdparty/collcachelib/coll_cache_lib/cache_context.cu:2017] after create stream, mem is 14.85 GB
[2022-12-05 21:10:01.299329: W /samgraph/3rdparty/collcachelib/coll_cache_lib/cache_context.cu:2004] before create ctx, mem is 14.85 GB
[2022-12-05 21:10:02.857535: W /samgraph/3rdparty/collcachelib/coll_cache_lib/cache_context.cu:2010] after create ctx, mem is 15.24 GB
[2022-12-05 21:10:02.857653: W /samgraph/3rdparty/collcachelib/coll_cache_lib/cache_context.cu:2017] after create stream, mem is 15.24 GB
[2022-12-05 21:10:02.[907655: E /samgraph/3rdparty/collcachelib/coll_cache_lib/run_config.cc[2022-12-05 21:10:02:.1342022-12-05 21:10:02[907657] .[: using concurrent impl MPS2022-12-05 21:10:02907663E[2022-12-05 21:10:02
.2022-12-05 21:10:02:  .907674.E/samgraph/3rdparty/collcachelib/coll_cache_lib/run_config.cc907675: 907682 :: E: /samgraph/3rdparty/collcachelib/coll_cache_lib/run_config.cc134E E:]  /samgraph/3rdparty/collcachelib/coll_cache_lib/run_config.cc 134using concurrent impl MPS/samgraph/3rdparty/collcachelib/coll_cache_lib/run_config.cc:/samgraph/3rdparty/collcachelib/coll_cache_lib/run_config.cc] 
:134:using concurrent impl MPS134] 134
] using concurrent impl MPS] using concurrent impl MPS
using concurrent impl MPS

[2022-12-05 21:10:02.909275: E /samgraph/3rdparty/collcachelib/coll_cache_lib/coll_cache/asymm_link_desc.cc:196] build symm link desc with 6X NVIDIA A100-SXM4-80GB out of 8
[2022-12-05 21:10:02.909302: E /samgraph/3rdparty/collcachelib/coll_cache_lib/coll_cache/asymm_link_desc.cc:197] remote time is 10.8824
[2022-12-05 21:10:02.909313: E /samgraph/3rdparty/collcachelib/coll_cache_lib/coll_cache/asymm_link_desc.cc:198] cpu time is 41.1111
[2022-12-05 21:10:02.909581: E /samgraph/3rdparty/collcachelib/coll_cache_lib/coll_cache/asymm_link_desc.cc:196] build symm link desc with 6X NVIDIA A100-SXM4-80GB out of 8
[[2022-12-05 21:10:022022-12-05 21:10:02..909597909600: [: E2022-12-05 21:10:02E . /samgraph/3rdparty/collcachelib/coll_cache_lib/coll_cache/asymm_link_desc.cc909602/samgraph/3rdparty/collcachelib/coll_cache_lib/coll_cache/asymm_link_desc.cc:: :196E197]  ] build symm link desc with 6X NVIDIA A100-SXM4-80GB out of 8/samgraph/3rdparty/collcachelib/coll_cache_lib/coll_cache/asymm_link_desc.ccremote time is 10.8824
:
196] build symm link desc with 6X NVIDIA A100-SXM4-80GB out of 8
[2022-12-05 21:10:02.909634: [E2022-12-05 21:10:02 .[/samgraph/3rdparty/collcachelib/coll_cache_lib/coll_cache/asymm_link_desc.cc9096382022-12-05 21:10:02:: .198E909641]  : cpu time is 41.1111/samgraph/3rdparty/collcachelib/coll_cache_lib/coll_cache/asymm_link_desc.ccE
: 197/samgraph/3rdparty/collcachelib/coll_cache_lib/coll_cache/asymm_link_desc.cc] :remote time is 10.8824197
] remote time is 10.8824
[2022-12-05 21:10:02.[9096702022-12-05 21:10:02: .E909672 : /samgraph/3rdparty/collcachelib/coll_cache_lib/coll_cache/asymm_link_desc.ccE: 198/samgraph/3rdparty/collcachelib/coll_cache_lib/coll_cache/asymm_link_desc.cc] :cpu time is 41.1111198
] cpu time is 41.1111
[2022-12-05 21:10:02.909940: E /samgraph/3rdparty/collcachelib/coll_cache_lib/coll_cache/asymm_link_desc.cc:196] build symm link desc with 6X NVIDIA A100-SXM4-80GB out of 8
[2022-12-05 21:10:02.909966: E /samgraph/3rdparty/collcachelib/coll_cache_lib/coll_cache/asymm_link_desc.cc:197] remote time is 10.8824
[2022-12-05 21:10:02.909983: E /samgraph/3rdparty/collcachelib/coll_cache_lib/coll_cache/asymm_link_desc.cc:198] cpu time is 41.1111
[2022-12-05 21:10:02.910234: E /samgraph/3rdparty/collcachelib/coll_cache_lib/coll_cache/asymm_link_desc.cc:196] build symm link desc with 6X NVIDIA A100-SXM4-80GB out of 8
[2022-12-05 21:10:02.910266: E /samgraph/3rdparty/collcachelib/coll_cache_lib/coll_cache/asymm_link_desc.cc:197] remote time is 10.8824
[2022-12-05 21:10:02.910284: E /samgraph/3rdparty/collcachelib/coll_cache_lib/coll_cache/asymm_link_desc.cc:198] cpu time is 41.1111
[2022-12-05 21:10:03. 48560: E /samgraph/3rdparty/collcachelib/coll_cache_lib/facade.cc:115] solver created. now build & solve
[2022-12-05 21:10:03. 55352: E /samgraph/3rdparty/collcachelib/coll_cache_lib/facade.cc:120] solver built. now solve
block 0 storage is 00000001
	access is	0	0	0	0	0	0	
block 1 storage is 00000010
	access is	1	1	1	1	1	1	
block 2 storage is 00000100
	access is	2	2	2	2	2	2	
block 3 storage is 00001000
	access is	3	3	3	3	3	3	
block 4 storage is 00010000
	access is	4	4	4	4	4	4	
block 5 storage is 00100000
	access is	5	5	5	5	5	5	
block 6 storage is 00000000
	access is	6	6	6	6	6	6	
[2022-12-05 21:10:03.462165: E /samgraph/3rdparty/collcachelib/coll_cache_lib/facade.cc:124] solver solved
[2022-12-05 21:10:03.462203: E /samgraph/3rdparty/collcachelib/coll_cache_lib/facade.cc:187] 0 solved master
[2022-12-05 21:10:03.462214: E /samgraph/3rdparty/collcachelib/coll_cache_lib/facade.cc:194] 0 solved
[2022-12-05 21:10:03.462223: E /samgraph/3rdparty/collcachelib/coll_cache_lib/facade.cc:197] worker 0 thread 0 initing device 0
[2022-12-05 21:10:03.469155: E /samgraph/3rdparty/collcachelib/coll_cache_lib/facade.cc:194] 5 solved
[2022-12-05 21:10:03.469200: E /samgraph/3rdparty/collcachelib/coll_cache_lib/facade.cc:197] worker 5 thread 5 initing device 5
[[2022-12-05 21:10:032022-12-05 21:10:03..474525474525: : EE  /samgraph/3rdparty/collcachelib/coll_cache_lib/facade.cc/samgraph/3rdparty/collcachelib/coll_cache_lib/facade.cc::194194] ] 3 solved1 solved

[[2022-12-05 21:10:032022-12-05 21:10:03..474562474563: : EE  /samgraph/3rdparty/collcachelib/coll_cache_lib/facade.cc/samgraph/3rdparty/collcachelib/coll_cache_lib/facade.cc::197197] ] worker 3 thread 3 initing device 3worker 1 thread 1 initing device 1

[[2022-12-05 21:10:032022-12-05 21:10:03..477282477284: : EE  /samgraph/3rdparty/collcachelib/coll_cache_lib/facade.cc/samgraph/3rdparty/collcachelib/coll_cache_lib/facade.cc::194194] ] 2 solved4 solved

[[2022-12-05 21:10:032022-12-05 21:10:03..477332477333: : EE  /samgraph/3rdparty/collcachelib/coll_cache_lib/facade.cc/samgraph/3rdparty/collcachelib/coll_cache_lib/facade.cc::197197] ] worker 2 thread 2 initing device 2worker 4 thread 4 initing device 4

[2022-12-05 21:10:06.517721: W /samgraph/samgraph/common/cuda/cuda_device.cc:49] GPU[0] alloc cuda memory 1.23 GB
[2022-12-05 21:10:06.527423: W /samgraph/samgraph/common/cuda/cuda_device.cc:49] GPU[0] alloc cuda memory 12.29 MB
[2022-12-05 21:10:06.529150: W /samgraph/samgraph/common/cuda/cuda_device.cc:49] GPU[0] alloc cuda memory 12.29 MB
[2022-12-05 21:10:08.456381: W /samgraph/samgraph/common/cuda/cuda_device.cc:49] GPU[0] alloc cuda memory 1.23 GB
[2022-12-05 21:10:08.465728: W /samgraph/samgraph/common/cuda/cuda_device.cc:49] GPU[0] alloc cuda memory 11.39 MB
/usr/local/lib/python3.8/dist-packages/torch/nn/parallel/scatter_gather.py:9: UserWarning: is_namedtuple is deprecated, please use the python checks instead
  warnings.warn("is_namedtuple is deprecated, please use the python checks instead")
/usr/local/lib/python3.8/dist-packages/torch/nn/parallel/scatter_gather.py:9: UserWarning: is_namedtuple is deprecated, please use the python checks instead
  warnings.warn("is_namedtuple is deprecated, please use the python checks instead")
/usr/local/lib/python3.8/dist-packages/torch/nn/parallel/scatter_gather.py:9: UserWarning: is_namedtuple is deprecated, please use the python checks instead
  warnings.warn("is_namedtuple is deprecated, please use the python checks instead")
/usr/local/lib/python3.8/dist-packages/torch/nn/parallel/scatter_gather.py:9: UserWarning: is_namedtuple is deprecated, please use the python checks instead
  warnings.warn("is_namedtuple is deprecated, please use the python checks instead")
/usr/local/lib/python3.8/dist-packages/torch/nn/parallel/scatter_gather.py:9: UserWarning: is_namedtuple is deprecated, please use the python checks instead
  warnings.warn("is_namedtuple is deprecated, please use the python checks instead")
/usr/local/lib/python3.8/dist-packages/torch/nn/parallel/scatter_gather.py:9: UserWarning: is_namedtuple is deprecated, please use the python checks instead
  warnings.warn("is_namedtuple is deprecated, please use the python checks instead")
