[2022-12-05 22:05:30.452214: W /samgraph/samgraph/common/cpu/mmap_cpu_device.cc:92] mmap allocating space 12.87 GB
[2022-12-05 22:05:30.452299: W /samgraph/samgraph/common/cpu/mmap_cpu_device.cc:97] mmap allocating space 12.87 GB done
[2022-12-05 22:05:34. 63797: W /samgraph/samgraph/common/cpu/mmap_cpu_device.cc:92] mmap allocating space 349.28 GB
[2022-12-05 22:05:34. 63878: W /samgraph/samgraph/common/cpu/mmap_cpu_device.cc:97] mmap allocating space 349.28 GB done
[2022-12-05 22:05:34. 63897: W /samgraph/samgraph/common/cpu/mmap_cpu_device.cc:92] mmap allocating space 1.82 GB
[2022-12-05 22:05:34. 63913: W /samgraph/samgraph/common/cpu/mmap_cpu_device.cc:97] mmap allocating space 1.82 GB done
[2022-12-05 22:05:34. 66276: W /samgraph/samgraph/common/cpu/mmap_cpu_device.cc:92] mmap allocating space 7.74 GB
[2022-12-05 22:05:34. 66311: W /samgraph/samgraph/common/cpu/mmap_cpu_device.cc:97] mmap allocating space 7.74 GB done
/usr/lib/python3/dist-packages/requests/__init__.py:89: RequestsDependencyWarning: urllib3 (1.26.12) or chardet (3.0.4) doesn't match a supported version!
  warnings.warn("urllib3 ({}) or chardet ({}) doesn't match a supported "
[2022-12-05 22:05:35.332655: W /samgraph/samgraph/common/dist/dist_engine.cc:662] Trainer[0] initializing...
[2022-12-05 22:05:35.365084: W /samgraph/samgraph/common/dist/dist_engine.cc:662] Trainer[1] initializing...
[2022-12-05 22:05:35.407793: W /samgraph/samgraph/common/dist/dist_engine.cc:662] Trainer[3] initializing...
[2022-12-05 22:05:35.522434: W /samgraph/samgraph/common/dist/dist_engine.cc:662] Trainer[5] initializing...
[2022-12-05 22:05:35.559833: W /samgraph/samgraph/common/dist/dist_engine.cc:662] Trainer[2] initializing...
[2022-12-05 22:05:35.591436: W /samgraph/samgraph/common/dist/dist_engine.cc:662] Trainer[4] initializing...
[2022-12-05 22:05:36.894303: W /samgraph/samgraph/common/dist/dist_engine.cc:666] Trainer[0] pin memory queue...
[2022-12-05 22:05:36.921585: W /samgraph/samgraph/common/dist/dist_engine.cc:666] Trainer[1] pin memory queue...
[2022-12-05 22:05:36.928362: W /samgraph/samgraph/common/dist/dist_engine.cc:666] Trainer[3] pin memory queue...
[2022-12-05 22:05:36.938904: W /samgraph/samgraph/common/dist/dist_engine.cc:666] Trainer[5] pin memory queue...
[2022-12-05 22:05:36.949176: W /samgraph/samgraph/common/dist/dist_engine.cc:666] Trainer[4] pin memory queue...
[2022-12-05 22:05:36.950634: W /samgraph/samgraph/common/dist/dist_engine.cc:666] Trainer[2] pin memory queue...
[2022-12-05 22:05:39.246373: E /samgraph/samgraph/common/dist/dist_engine.cc:85] Running on A100
[2022-12-05 22:05:39.246835: E /samgraph/samgraph/common/dist/dist_engine.cc:85] Running on A100
[2022-12-05 22:05:39.247311: E /samgraph/samgraph/common/dist/dist_engine.cc[:2022-12-05 22:05:3985.] 247336Running on A100: 
W /samgraph/samgraph/common/dist/dist_engine.cc:701] Trainer[1] register host memory...
[2022-12-05 22:05:39.247649: W /samgraph/samgraph/common/dist/dist_engine.cc:701] Trainer[4] register host memory...
[2022-12-05 22:05:39.247762: E /samgraph/samgraph/common/dist/dist_engine.cc:85] Running on A100
[2022-12-05 22:05:39.248016: W /samgraph/samgraph/common/dist/dist_engine.cc:701] Trainer[3] register host memory...
[2022-12-05 22:05:39.248474: W /samgraph/samgraph/common/dist/dist_engine.cc:701] Trainer[0] register host memory...
[2022-12-05 22:05:39.250815: E /samgraph/samgraph/common/dist/dist_engine.cc:85] Running on A100
[2022-12-05 22:05:39.251326: W /samgraph/samgraph/common/dist/dist_engine.cc:701] Trainer[2] register host memory...
[2022-12-05 22:05:39.255394: E /samgraph/samgraph/common/dist/dist_engine.cc:85] Running on A100
[2022-12-05 22:05:39.255443: W /samgraph/samgraph/common/dist/dist_engine.cc:701] Trainer[5] register host memory...
[2022-12-05 22:05:39.432603: E /samgraph/samgraph/common/dist/dist_engine.cc:85] Running on A100
[2022-12-05 22:05:39.433328: E /samgraph/samgraph/common/dist/dist_engine.cc:85] Running on A100
[2022-12-05 22:05:39.434950: W /samgraph/samgraph/common/cuda/cuda_device.cc:49] GPU[6] alloc cuda memory 931.40 MB
[2022-12-05 22:05:39.551705: W /samgraph/samgraph/common/cuda/cuda_device.cc:49] GPU[6] alloc cuda memory 12.87 GB
[2022-12-05 22:05:40.908262: W /samgraph/samgraph/common/cuda/cuda_device.cc:49] GPU[6] alloc cuda memory 128.00 MB
[2022-12-05 22:05:40.910652: E /samgraph/samgraph/common/dist/pre_sampler.cc:41] Dist Presampler making shuffler...
[2022-12-05 22:05:40.912330: E /samgraph/samgraph/common/dist/pre_sampler.cc:44] Dist Presampler making shuffler...Done
[2022-12-05 22:05:40.912353: W /samgraph/samgraph/common/cpu/cpu_device.cc:39] WORKER[0] alloc host memory 1.82 GB
[2022-12-05 22:05:41.209824: E /samgraph/samgraph/common/dist/pre_sampler.cc:85] Dist Presampler doing presample epoch 0
[2022-12-05 22:05:42.135639: E /samgraph/samgraph/common/dist/pre_sampler.cc:129] presample spend 0.227038 on sample, 0.0251903 on copy, 0.672603 on count
[2022-12-05 22:05:42.135696: E /samgraph/samgraph/common/dist/pre_sampler.cc:85] Dist Presampler doing presample epoch 1
[2022-12-05 22:05:43.231892: E /samgraph/samgraph/common/dist/pre_sampler.cc:129] presample spend 0.468526 on sample, 0.0503858 on copy, 1.50116 on count
[2022-12-05 22:05:43.231990: E /samgraph/samgraph/common/dist/pre_sampler.cc:136] max_num_inputs = 1066099, min_num_inputs = 1037323
[2022-12-05 22:05:43.563267: E /samgraph/samgraph/common/dist/pre_sampler.cc:148] presample spend 0.331166 on sort freq.
[2022-12-05 22:05:43.950059: E /samgraph/samgraph/common/dist/dist_engine.cc:524] pre sample done, delete it
[[[[[[2022-12-05 22:05:432022-12-05 22:05:432022-12-05 22:05:432022-12-05 22:05:432022-12-05 22:05:432022-12-05 22:05:43......988279988280988283988280988287988289: : : : : : WWWWWW      /samgraph/samgraph/common/dist/dist_engine.cc/samgraph/samgraph/common/dist/dist_engine.cc/samgraph/samgraph/common/dist/dist_engine.cc/samgraph/samgraph/common/dist/dist_engine.cc/samgraph/samgraph/common/dist/dist_engine.cc/samgraph/samgraph/common/dist/dist_engine.cc::::::711711711711711711] ] ] ] ] ] Trainer[0] building cache...Trainer[5] building cache...Trainer[1] building cache...
Trainer[3] building cache...Trainer[4] building cache...Trainer[2] building cache...




[2022-12-05 22:05:43.990058: E /samgraph/3rdparty/collcachelib/coll_cache_lib/coll_cache/asymm_link_desc.cc:196] build symm link desc with 6X NVIDIA A100-SXM4-80GB out of 8
[2022-12-05 22:05:43.990091: E /samgraph/3rdparty/collcachelib/coll_cache_lib/coll_cache/asymm_link_desc.cc:197] remote time is 10.8824
[2022-12-05 22:05:43.990102: E /samgraph/3rdparty/collcachelib/coll_cache_lib/coll_cache/asymm_link_desc.cc:198] cpu time is 41.1111
[[2022-12-05 22:05:432022-12-05 22:05:43..990209990213: : EE  /samgraph/3rdparty/collcachelib/coll_cache_lib/coll_cache/asymm_link_desc.cc/samgraph/3rdparty/collcachelib/coll_cache_lib/coll_cache/asymm_link_desc.cc::196196] ] build symm link desc with 6X NVIDIA A100-SXM4-80GB out of 8build symm link desc with 6X NVIDIA A100-SXM4-80GB out of 8

[[2022-12-05 22:05:432022-12-05 22:05:43..990248990248: : EE  /samgraph/3rdparty/collcachelib/coll_cache_lib/coll_cache/asymm_link_desc.cc/samgraph/3rdparty/collcachelib/coll_cache_lib/coll_cache/asymm_link_desc.cc::197197] ] remote time is 10.8824remote time is 10.8824

[[2022-12-05 22:05:432022-12-05 22:05:43..990270990270: : EE [ /samgraph/3rdparty/collcachelib/coll_cache_lib/coll_cache/asymm_link_desc.cc2022-12-05 22:05:43/samgraph/3rdparty/collcachelib/coll_cache_lib/coll_cache/asymm_link_desc.cc:.:198990273198] : ] cpu time is 41.1111Ecpu time is 41.1111
 
/samgraph/3rdparty/collcachelib/coll_cache_lib/coll_cache/asymm_link_desc.cc:196] build symm link desc with 6X NVIDIA A100-SXM4-80GB out of 8
[2022-12-05 22:05:43.990309: E /samgraph/3rdparty/collcachelib/coll_cache_lib/coll_cache/asymm_link_desc.cc:197] remote time is 10.8824
[2022-12-05 22:05:43.990319: E /samgraph/3rdparty/collcachelib/coll_cache_lib/coll_cache/asymm_link_desc.cc:198] cpu time is 41.1111
[2022-12-05 22:05:43.990598: E /samgraph/3rdparty/collcachelib/coll_cache_lib/coll_cache/asymm_link_desc.cc:196] build symm link desc with 6X NVIDIA A100-SXM4-80GB out of 8
[2022-12-05 22:05:43.990635: E /samgraph/3rdparty/collcachelib/coll_cache_lib/coll_cache/asymm_link_desc.cc:197] remote time is 10.8824
[2022-12-05 22:05:43.990646: E /samgraph/3rdparty/collcachelib/coll_cache_lib/coll_cache/asymm_link_desc.cc:198] cpu time is 41.1111
[2022-12-05 22:05:44. 97443: E /samgraph/3rdparty/collcachelib/coll_cache_lib/coll_cache/asymm_link_desc.cc:196] build symm link desc with 6X NVIDIA A100-SXM4-80GB out of 8
[2022-12-05 22:05:44. 97503: E /samgraph/3rdparty/collcachelib/coll_cache_lib/coll_cache/asymm_link_desc.cc:197] remote time is 10.8824
[2022-12-05 22:05:44. 97514: E /samgraph/3rdparty/collcachelib/coll_cache_lib/coll_cache/asymm_link_desc.cc:198] cpu time is 41.1111
[2022-12-05 22:07:11.535537: E /samgraph/3rdparty/collcachelib/coll_cache_lib/facade.cc:115] solver created. now build & solve
[2022-12-05 22:07:11.663427: E /samgraph/3rdparty/collcachelib/coll_cache_lib/facade.cc:120] solver built. now solve
[2022-12-05 22:07:11.663485: E /samgraph/3rdparty/collcachelib/coll_cache_lib/coll_cache/optimal_solver_class.cc:895] num_cached_nodes = 14649629
[2022-12-05 22:07:12.532558: E /samgraph/3rdparty/collcachelib/coll_cache_lib/facade.cc:124] solver solved
[2022-12-05 22:07:12.532655: E /samgraph/3rdparty/collcachelib/coll_cache_lib/facade.cc:187] 0 solved master
[2022-12-05 22:07:12.532675: E /samgraph/3rdparty/collcachelib/coll_cache_lib/facade.cc:194] 0 solved
[2022-12-05 22:07:12.532686: E /samgraph/3rdparty/collcachelib/coll_cache_lib/facade.cc:197] worker 0 thread 0 initing device 0
[2022-12-05 22:07:12.561522: E /samgraph/3rdparty/collcachelib/coll_cache_lib/facade.cc:194] 3 solved
[2022-12-05 22:07:12.561587: E /samgraph/3rdparty/collcachelib/coll_cache_lib/facade.cc:197] worker 3 thread 3 initing device 3
[2022-12-05 22:07:12.587104: E /samgraph/3rdparty/collcachelib/coll_cache_lib/facade.cc:194] 4 solved
[2022-12-05 22:07:12.587175: E /samgraph/3rdparty/collcachelib/coll_cache_lib/facade.cc:197] worker 4 thread 4 initing device 4
[2022-12-05 22:07:12.590097: E /samgraph/3rdparty/collcachelib/coll_cache_lib/facade.cc:194] 2 solved
[2022-12-05 22:07:12.590165: E /samgraph/3rdparty/collcachelib/coll_cache_lib/facade.cc:197] worker 2 thread 2 initing device 2
[[2022-12-05 22:07:12.592125: 2022-12-05 22:07:12E. 592136/samgraph/3rdparty/collcachelib/coll_cache_lib/facade.cc: :E194 ] /samgraph/3rdparty/collcachelib/coll_cache_lib/facade.cc:1 solved194
] 5 solved
[2022-12-05 22:07:12.[5921982022-12-05 22:07:12: .E592200 : /samgraph/3rdparty/collcachelib/coll_cache_lib/facade.ccE: 197/samgraph/3rdparty/collcachelib/coll_cache_lib/facade.cc] :worker 1 thread 1 initing device 1197
] worker 5 thread 5 initing device 5
[2022-12-05 22:07:14.520150: E /samgraph/3rdparty/collcachelib/coll_cache_lib/cache_context.cu:1740] Collaborative GPU cache (policy: rep_cache) | local 14649629 / 244160499 nodes ( 6.00 %~6.00 %) | remote 0 / 244160499 nodes ( 0.00 %) | cpu 229510870 / 244160499 nodes ( 94.00 %) | 20.96 GB | 1.92766 secs 
[2022-12-05 22:07:14.520897: E /samgraph/3rdparty/collcachelib/coll_cache_lib/cache_context.cu:1740] Collaborative GPU cache (policy: rep_cache) | local 14649629 / 244160499 nodes ( 6.00 %~6.00 %) | remote 0 / 244160499 nodes ( 0.00 %) | cpu 229510870 / 244160499 nodes ( 94.00 %) | 20.96 GB | 1.95843 secs 
[2022-12-05 22:07:14.522073: E /samgraph/3rdparty/collcachelib/coll_cache_lib/cache_context.cu:1740] Collaborative GPU cache (policy: rep_cache) | local 14649629 / 244160499 nodes ( 6.00 %~6.00 %) | remote 0 / 244160499 nodes ( 0.00 %) | cpu 229510870 / 244160499 nodes ( 94.00 %) | 20.96 GB | 1.92643 secs 
[2022-12-05 22:07:14.522773: E /samgraph/3rdparty/collcachelib/coll_cache_lib/cache_context.cu:1740] Collaborative GPU cache (policy: rep_cache) | local 14649629 / 244160499 nodes ( 6.00 %~6.00 %) | remote 0 / 244160499 nodes ( 0.00 %) | cpu 229510870 / 244160499 nodes ( 94.00 %) | 20.96 GB | 1.98871 secs 
[2022-12-05 22:07:14.523413: E /samgraph/3rdparty/collcachelib/coll_cache_lib/cache_context.cu:1740] Collaborative GPU cache (policy: rep_cache) | local 14649629 / 244160499 nodes ( 6.00 %~6.00 %) | remote 0 / 244160499 nodes ( 0.00 %) | cpu 229510870 / 244160499 nodes ( 94.00 %) | 20.96 GB | 1.93533 secs 
[2022-12-05 22:07:14.524028: E /samgraph/3rdparty/collcachelib/coll_cache_lib/cache_context.cu:1740] Collaborative GPU cache (policy: rep_cache) | local 14649629 / 244160499 nodes ( 6.00 %~6.00 %) | remote 0 / 244160499 nodes ( 0.00 %) | cpu 229510870 / 244160499 nodes ( 94.00 %) | 20.96 GB | 1.92979 secs 
[2022-12-05 22:07:14.525964: E /samgraph/3rdparty/collcachelib/coll_cache_lib/coll_cache/asymm_link_desc.cc:196] build symm link desc with 6X NVIDIA A100-SXM4-80GB out of 8
[2022-12-05 22:07:14.525991: E /samgraph/3rdparty/collcachelib/coll_cache_lib/coll_cache/asymm_link_desc.cc:197] remote time is 10.8824
[2022-12-05 22:07:14.526002: E /samgraph/3rdparty/collcachelib/coll_cache_lib/coll_cache/asymm_link_desc.cc:198] cpu time is 41.1111
[2022-12-05 22:07:14.526042: E /samgraph/3rdparty/collcachelib/coll_cache_lib/coll_cache/asymm_link_desc.cc:196] build symm link desc with 6X NVIDIA A100-SXM4-80GB out of 8
[2022-12-05 22:07:14.526063: E /samgraph/3rdparty/collcachelib/coll_cache_lib/coll_cache/asymm_link_desc.cc:197] remote time is 10.8824
[2022-12-05 22:07:14.526074: E /samgraph/3rdparty/collcachelib/coll_cache_lib/coll_cache/asymm_link_desc.cc:198] cpu time is 41.1111
[2022-12-05 22:07:14.526281: E /samgraph/3rdparty/collcachelib/coll_cache_lib/coll_cache/asymm_link_desc.cc:196] build symm link desc with 6X NVIDIA A100-SXM4-80GB out of 8
[2022-12-05 22:07:14.526304: E /samgraph/3rdparty/collcachelib/coll_cache_lib/coll_cache/asymm_link_desc.cc:197] remote time is 10.8824
[2022-12-05 22:07:14.526314: E /samgraph/3rdparty/collcachelib/coll_cache_lib/coll_cache/asymm_link_desc.cc:198] cpu time is 41.1111
[2022-12-05 22:07:14.526444: E /samgraph/3rdparty/collcachelib/coll_cache_lib/coll_cache/asymm_link_desc.cc:196] build symm link desc with 6X NVIDIA A100-SXM4-80GB out of 8
[2022-12-05 22:07:14.526473: E /samgraph/3rdparty/collcachelib/coll_cache_lib/coll_cache/asymm_link_desc.cc:197] remote time is 10.8824
[2022-12-05 22:07:14.526484: E /samgraph/3rdparty/collcachelib/coll_cache_lib/coll_cache/asymm_link_desc.cc:198] cpu time is 41.1111
[2022-12-05 22:07:14.526533: E /samgraph/3rdparty/collcachelib/coll_cache_lib/coll_cache/asymm_link_desc.cc:196] build symm link desc with 6X NVIDIA A100-SXM4-80GB out of 8
[2022-12-05 22:07:14.526557: E /samgraph/3rdparty/collcachelib/coll_cache_lib/coll_cache/asymm_link_desc.cc:197] remote time is 10.8824
[2022-12-05 22:07:14.526567: E /samgraph/3rdparty/collcachelib/coll_cache_lib/coll_cache/asymm_link_desc.cc:198] cpu time is 41.1111
[2022-12-05 22:07:14.526790: E /samgraph/3rdparty/collcachelib/coll_cache_lib/coll_cache/asymm_link_desc.cc:196] build symm link desc with 6X NVIDIA A100-SXM4-80GB out of 8
[2022-12-05 22:07:14.526816: E /samgraph/3rdparty/collcachelib/coll_cache_lib/coll_cache/asymm_link_desc.cc:197] remote time is 10.8824
[2022-12-05 22:07:14.526827: E /samgraph/3rdparty/collcachelib/coll_cache_lib/coll_cache/asymm_link_desc.cc:198] cpu time is 41.1111
[2022-12-05 22:07:14.975097: E /samgraph/3rdparty/collcachelib/coll_cache_lib/facade.cc:115] solver created. now build & solve
[2022-12-05 22:07:15.  3319: E /samgraph/3rdparty/collcachelib/coll_cache_lib/facade.cc:120] solver built. now solve
[2022-12-05 22:07:15.  3348: E /samgraph/3rdparty/collcachelib/coll_cache_lib/coll_cache/optimal_solver_class.cc:895] num_cached_nodes = 14649629
[2022-12-05 22:07:15.886611: E /samgraph/3rdparty/collcachelib/coll_cache_lib/facade.cc:124] solver solved
[2022-12-05 22:07:15.886680: E /samgraph/3rdparty/collcachelib/coll_cache_lib/facade.cc:187] 0 solved master
[2022-12-05 22:07:15.886693: E /samgraph/3rdparty/collcachelib/coll_cache_lib/facade.cc:194] 0 solved
[2022-12-05 22:07:15.886703: E /samgraph/3rdparty/collcachelib/coll_cache_lib/facade.cc:197] worker 0 thread 0 initing device 0
[2022-12-05 22:07:15.921061: E /samgraph/3rdparty/collcachelib/coll_cache_lib/facade.cc:194] 2 solved
[2022-12-05 22:07:15.921101: E /samgraph/3rdparty/collcachelib/coll_cache_lib/facade.cc:197] worker 2 thread 2 initing device 2
[2022-12-05 22:07:15.931994: E /samgraph/3rdparty/collcachelib/coll_cache_lib/facade.cc:194] 1 solved
[2022-12-05 22:07:15.932049: E /samgraph/3rdparty/collcachelib/coll_cache_lib/facade.cc:197] worker 1 thread 1 initing device 1
[2022-12-05 22:07:15.937799: E /samgraph/3rdparty/collcachelib/coll_cache_lib/facade.cc:194] 5 solved
[2022-12-05 22:07:15.937849: E /samgraph/3rdparty/collcachelib/coll_cache_lib/facade.cc:197] worker 5 thread 5 initing device 5
[[2022-12-05 22:07:15.943485: 2022-12-05 22:07:15E. 943484/samgraph/3rdparty/collcachelib/coll_cache_lib/facade.cc: :E194 ] /samgraph/3rdparty/collcachelib/coll_cache_lib/facade.cc3 solved:
194] 4 solved
[2022-12-05 22:07:15.943536: E[ 2022-12-05 22:07:15/samgraph/3rdparty/collcachelib/coll_cache_lib/facade.cc.:943539197: ] Eworker 3 thread 3 initing device 3 
/samgraph/3rdparty/collcachelib/coll_cache_lib/facade.cc:197] worker 4 thread 4 initing device 4
[2022-12-05 22:07:17.787802: W /samgraph/samgraph/common/cuda/cuda_device.cc:49] GPU[0] alloc cuda memory 1.61 GB
[2022-12-05 22:07:19. 48962: W /samgraph/samgraph/common/cuda/cuda_device.cc:49] GPU[0] alloc cuda memory 1.61 GB
/usr/local/lib/python3.8/dist-packages/torch/nn/parallel/scatter_gather.py:9: UserWarning: is_namedtuple is deprecated, please use the python checks instead
  warnings.warn("is_namedtuple is deprecated, please use the python checks instead")
/usr/local/lib/python3.8/dist-packages/torch/nn/parallel/scatter_gather.py:9: UserWarning: is_namedtuple is deprecated, please use the python checks instead
  warnings.warn("is_namedtuple is deprecated, please use the python checks instead")
/usr/local/lib/python3.8/dist-packages/torch/nn/parallel/scatter_gather.py:9: UserWarning: is_namedtuple is deprecated, please use the python checks instead
  warnings.warn("is_namedtuple is deprecated, please use the python checks instead")
/usr/local/lib/python3.8/dist-packages/torch/nn/parallel/scatter_gather.py:9: UserWarning: is_namedtuple is deprecated, please use the python checks instead
  warnings.warn("is_namedtuple is deprecated, please use the python checks instead")
/usr/local/lib/python3.8/dist-packages/torch/nn/parallel/scatter_gather.py:9: UserWarning: is_namedtuple is deprecated, please use the python checks instead
  warnings.warn("is_namedtuple is deprecated, please use the python checks instead")
/usr/local/lib/python3.8/dist-packages/torch/nn/parallel/scatter_gather.py:9: UserWarning: is_namedtuple is deprecated, please use the python checks instead
  warnings.warn("is_namedtuple is deprecated, please use the python checks instead")
