[2022-12-06 07:44:29.818742: W /samgraph/samgraph/common/cpu/mmap_cpu_device.cc:92] mmap allocating space 12.87 GB
[2022-12-06 07:44:29.818821: W /samgraph/samgraph/common/cpu/mmap_cpu_device.cc:97] mmap allocating space 12.87 GB done
[2022-12-06 07:44:33.448558: W /samgraph/samgraph/common/cpu/mmap_cpu_device.cc:92] mmap allocating space 349.28 GB
[2022-12-06 07:44:33.448644: W /samgraph/samgraph/common/cpu/mmap_cpu_device.cc:97] mmap allocating space 349.28 GB done
[2022-12-06 07:44:33.448664: W /samgraph/samgraph/common/cpu/mmap_cpu_device.cc:92] mmap allocating space 1.82 GB
[2022-12-06 07:44:33.448677: W /samgraph/samgraph/common/cpu/mmap_cpu_device.cc:97] mmap allocating space 1.82 GB done
[2022-12-06 07:44:33.451027: W /samgraph/samgraph/common/cpu/mmap_cpu_device.cc:92] mmap allocating space 29.97 GB
[2022-12-06 07:44:33.451062: W /samgraph/samgraph/common/cpu/mmap_cpu_device.cc:97] mmap allocating space 29.97 GB done
/usr/lib/python3/dist-packages/requests/__init__.py:89: RequestsDependencyWarning: urllib3 (1.26.12) or chardet (3.0.4) doesn't match a supported version!
  warnings.warn("urllib3 ({}) or chardet ({}) doesn't match a supported "
[2022-12-06 07:44:34.693637: W /samgraph/samgraph/common/dist/dist_engine.cc:662] Trainer[2] initializing...
[2022-12-06 07:44:34.739933: W /samgraph/samgraph/common/dist/dist_engine.cc:662] Trainer[5] initializing...
[2022-12-06 07:44:34.763586: W /samgraph/samgraph/common/dist/dist_engine.cc:662] Trainer[3] initializing...
[2022-12-06 07:44:34.798302: W /samgraph/samgraph/common/dist/dist_engine.cc:662] Trainer[1] initializing...
[2022-12-06 07:44:34.833351: W /samgraph/samgraph/common/dist/dist_engine.cc:662] Trainer[0] initializing...
[2022-12-06 07:44:34.908578: W /samgraph/samgraph/common/dist/dist_engine.cc:662] Trainer[4] initializing...
[2022-12-06 07:44:36.299470: W /samgraph/samgraph/common/dist/dist_engine.cc:666] Trainer[5] pin memory queue...
[2022-12-06 07:44:36.305223: W /samgraph/samgraph/common/dist/dist_engine.cc:666] Trainer[2] pin memory queue...
[2022-12-06 07:44:36.307931: W /samgraph/samgraph/common/dist/dist_engine.cc:666] Trainer[3] pin memory queue...
[2022-12-06 07:44:36.308590: W /samgraph/samgraph/common/dist/dist_engine.cc:666] Trainer[1] pin memory queue...
[2022-12-06 07:44:36.324474: W /samgraph/samgraph/common/dist/dist_engine.cc:666] Trainer[0] pin memory queue...
[2022-12-06 07:44:36.327000: W /samgraph/samgraph/common/dist/dist_engine.cc:666] Trainer[4] pin memory queue...
[2022-12-06 07:44:45.701053: E /samgraph/samgraph/common/dist/dist_engine.cc:85] Running on A100
[2022-12-06 07:44:45.701958: W /samgraph/samgraph/common/dist/dist_engine.cc:701] Trainer[5] register host memory...
[2022-12-06 07:44:45.702137: E /samgraph/samgraph/common/dist/dist_engine.cc:85] Running on A100
[2022-12-06 07:44:45.703420: W /samgraph/samgraph/common/dist/dist_engine.cc:701] Trainer[1] register host memory...
[2022-12-06 07:44:45.705531: E /samgraph/samgraph/common/dist/dist_engine.cc:85] Running on A100
[2022-12-06 07:44:45.706505: W /samgraph/samgraph/common/dist/dist_engine.cc:701] Trainer[0] register host memory...
[2022-12-06 07:44:45.714195: E /samgraph/samgraph/common/dist/dist_engine.cc:85] Running on A100
[2022-12-06 07:44:45.714840: W /samgraph/samgraph/common/dist/dist_engine.cc:701] Trainer[3] register host memory...
[2022-12-06 07:44:45.733367: E /samgraph/samgraph/common/dist/dist_engine.cc:85] Running on A100
[2022-12-06 07:44:45.733531: W /samgraph/samgraph/common/dist/dist_engine.cc:701] Trainer[2] register host memory...
[2022-12-06 07:44:45.736777: E /samgraph/samgraph/common/dist/dist_engine.cc:85] Running on A100
[2022-12-06 07:44:45.736824: W /samgraph/samgraph/common/dist/dist_engine.cc:701] Trainer[4] register host memory...
[2022-12-06 07:44:45.902322: E /samgraph/samgraph/common/dist/dist_engine.cc:85] Running on A100
[2022-12-06 07:44:45.903170: E /samgraph/samgraph/common/dist/dist_engine.cc:85] Running on A100
[2022-12-06 07:44:45.906257: W /samgraph/samgraph/common/cuda/cuda_device.cc:49] GPU[6] alloc cuda memory 931.40 MB
[2022-12-06 07:44:46. 24616: W /samgraph/samgraph/common/cuda/cuda_device.cc:49] GPU[6] alloc cuda memory 12.87 GB
[2022-12-06 07:44:47.662208: W /samgraph/samgraph/common/cuda/cuda_device.cc:49] GPU[6] alloc cuda memory 32.00 MB
[2022-12-06 07:44:47.664563: E /samgraph/samgraph/common/dist/pre_sampler.cc:41] Dist Presampler making shuffler...
[2022-12-06 07:44:47.666288: E /samgraph/samgraph/common/dist/pre_sampler.cc:44] Dist Presampler making shuffler...Done
[2022-12-06 07:44:47.666314: W /samgraph/samgraph/common/cpu/cpu_device.cc:39] WORKER[0] alloc host memory 1.82 GB
[2022-12-06 07:44:47.961337: E /samgraph/samgraph/common/dist/pre_sampler.cc:85] Dist Presampler doing presample epoch 0
[2022-12-06 07:44:49.212412: E /samgraph/samgraph/common/dist/pre_sampler.cc:129] presample spend 0.515581 on sample, 0.0342007 on copy, 0.698027 on count
[2022-12-06 07:44:49.212487: E /samgraph/samgraph/common/dist/pre_sampler.cc:85] Dist Presampler doing presample epoch 1
[2022-12-06 07:44:50.739966: E /samgraph/samgraph/common/dist/pre_sampler.cc:129] presample spend 1.0833 on sample, 0.0692421 on copy, 1.61961 on count
[2022-12-06 07:44:50.740063: E /samgraph/samgraph/common/dist/pre_sampler.cc:136] max_num_inputs = 313981, min_num_inputs = 292253
[2022-12-06 07:44:51. 84730: E /samgraph/samgraph/common/dist/pre_sampler.cc:148] presample spend 0.344586 on sort freq.
[2022-12-06 07:44:51.445795: E /samgraph/samgraph/common/dist/dist_engine.cc:524] pre sample done, delete it
[[[[[[2022-12-06 07:44:512022-12-06 07:44:512022-12-06 07:44:512022-12-06 07:44:512022-12-06 07:44:512022-12-06 07:44:51......483447483446483452483443483450483455: : : : : : WWWWWW      /samgraph/samgraph/common/dist/dist_engine.cc/samgraph/samgraph/common/dist/dist_engine.cc/samgraph/samgraph/common/dist/dist_engine.cc/samgraph/samgraph/common/dist/dist_engine.cc/samgraph/samgraph/common/dist/dist_engine.cc/samgraph/samgraph/common/dist/dist_engine.cc::::::711711711711711711] ] ] Trainer[1] building cache...] ] Trainer[5] building cache...] Trainer[0] building cache...Trainer[2] building cache...

Trainer[3] building cache...
Trainer[4] building cache...


[[[[2022-12-06 07:44:512022-12-06 07:44:512022-12-06 07:44:512022-12-06 07:44:51....484355484355484355484360: : : : EEEE[    2022-12-06 07:44:51/samgraph/3rdparty/collcachelib/coll_cache_lib/run_config.cc/samgraph/3rdparty/collcachelib/coll_cache_lib/run_config.cc/samgraph/3rdparty/collcachelib/coll_cache_lib/run_config.cc/samgraph/3rdparty/collcachelib/coll_cache_lib/run_config.cc.::::484379134134134134: ] ] ] ] Eusing concurrent impl MPSusing concurrent impl MPSusing concurrent impl MPSusing concurrent impl MPS 



/samgraph/3rdparty/collcachelib/coll_cache_lib/run_config.cc:134] using concurrent impl MPS
[2022-12-06 07:44:51.485485: E /samgraph/3rdparty/collcachelib/coll_cache_lib/coll_cache/asymm_link_desc.cc:196] build symm link desc with 6X NVIDIA A100-SXM4-80GB out of 8
[2022-12-06 07:44:51.485512: E /samgraph/3rdparty/collcachelib/coll_cache_lib/coll_cache/asymm_link_desc.cc:197] remote time is 10.8824
[2022-12-06 07:44:51.485522: E /samgraph/3rdparty/collcachelib/coll_cache_lib/coll_cache/asymm_link_desc.cc:198] cpu time is 41.1111
[2022-12-06 07:44:51.485711: E /samgraph/3rdparty/collcachelib/coll_cache_lib/coll_cache/asymm_link_desc.cc:196] build symm link desc with 6X NVIDIA A100-SXM4-80GB out of 8
[2022-12-06 07:44:51.485731: E /samgraph/3rdparty/collcachelib/coll_cache_lib/coll_cache/asymm_link_desc.cc:197] remote time is 10.8824
[2022-12-06 07:44:51.485742: E /samgraph/3rdparty/collcachelib/coll_cache_lib/coll_cache/asymm_link_desc.cc:198] cpu time is 41.1111
[2022-12-06 07:44:51.485938: E /samgraph/3rdparty/collcachelib/coll_cache_lib/coll_cache/asymm_link_desc.cc:196] build symm link desc with 6X NVIDIA A100-SXM4-80GB out of 8
[2022-12-06 07:44:51.485957: E /samgraph/3rdparty/collcachelib/coll_cache_lib/coll_cache/asymm_link_desc.cc:197] remote time is 10.8824
[2022-12-06 07:44:51.485968: E /samgraph/3rdparty/collcachelib/coll_cache_lib/coll_cache/asymm_link_desc.cc:198] cpu time is 41.1111
[2022-12-06 07:44:51.486102: E /samgraph/3rdparty/collcachelib/coll_cache_lib/coll_cache/asymm_link_desc.cc:196] build symm link desc with 6X NVIDIA A100-SXM4-80GB out of 8
[2022-12-06 07:44:51.486122: E /samgraph/3rdparty/collcachelib/coll_cache_lib/coll_cache/asymm_link_desc.cc:197] remote time is 10.8824
[2022-12-06 07:44:51.486133: E /samgraph/3rdparty/collcachelib/coll_cache_lib/coll_cache/asymm_link_desc.cc:198] cpu time is 41.1111
[2022-12-06 07:44:51.486245: E /samgraph/3rdparty/collcachelib/coll_cache_lib/coll_cache/asymm_link_desc.cc:196] build symm link desc with 6X NVIDIA A100-SXM4-80GB out of 8
[2022-12-06 07:44:51.486271: E /samgraph/3rdparty/collcachelib/coll_cache_lib/coll_cache/asymm_link_desc.cc:197] remote time is 10.8824
[2022-12-06 07:44:51.486281: E /samgraph/3rdparty/collcachelib/coll_cache_lib/coll_cache/asymm_link_desc.cc:198] cpu time is 41.1111
[2022-12-06 07:44:51.520696: E /samgraph/3rdparty/collcachelib/coll_cache_lib/run_config.cc:134] using concurrent impl MPS
[2022-12-06 07:44:51.521775: E /samgraph/3rdparty/collcachelib/coll_cache_lib/coll_cache/asymm_link_desc.cc:196] build symm link desc with 6X NVIDIA A100-SXM4-80GB out of 8
[2022-12-06 07:44:51.521804: E /samgraph/3rdparty/collcachelib/coll_cache_lib/coll_cache/asymm_link_desc.cc:197] remote time is 10.8824
[2022-12-06 07:44:51.521815: E /samgraph/3rdparty/collcachelib/coll_cache_lib/coll_cache/asymm_link_desc.cc:198] cpu time is 41.1111
[2022-12-06 07:46:20.106734: E /samgraph/3rdparty/collcachelib/coll_cache_lib/facade.cc:115] solver created. now build & solve
[2022-12-06 07:46:20.184013: E /samgraph/3rdparty/collcachelib/coll_cache_lib/facade.cc:120] solver built. now solve
[2022-12-06 07:46:20.184049: E /samgraph/3rdparty/collcachelib/coll_cache_lib/coll_cache/optimal_solver_class.cc:895] num_cached_nodes = 14649629
[2022-12-06 07:46:21.105711: E /samgraph/3rdparty/collcachelib/coll_cache_lib/facade.cc:124] solver solved
[2022-12-06 07:46:21.105807: E /samgraph/3rdparty/collcachelib/coll_cache_lib/facade.cc:187] 0 solved master
[2022-12-06 07:46:21.105826: E /samgraph/3rdparty/collcachelib/coll_cache_lib/facade.cc:194] 0 solved
[2022-12-06 07:46:21.105836: E /samgraph/3rdparty/collcachelib/coll_cache_lib/facade.cc:197] worker 0 thread 0 initing device 0
[2022-12-06 07:46:21.139486: E /samgraph/3rdparty/collcachelib/coll_cache_lib/facade.cc:194] 1 solved
[2022-12-06 07:46:21.139581: E /samgraph/3rdparty/collcachelib/coll_cache_lib/facade.cc:197] worker 1 thread 1 initing device 1
[[[[2022-12-06 07:46:212022-12-06 07:46:212022-12-06 07:46:21.2022-12-06 07:46:21..151670.151670151692: 151693: : E: EE E  /samgraph/3rdparty/collcachelib/coll_cache_lib/facade.cc /samgraph/3rdparty/collcachelib/coll_cache_lib/facade.cc/samgraph/3rdparty/collcachelib/coll_cache_lib/facade.cc:/samgraph/3rdparty/collcachelib/coll_cache_lib/facade.cc::194:194194] 194] ] ] 3 solved4 solved5 solved2 solved



[2022-12-06 07:46:21[[.[2022-12-06 07:46:212022-12-06 07:46:211517752022-12-06 07:46:21..: .151775151776E151777: :  : EE/samgraph/3rdparty/collcachelib/coll_cache_lib/facade.ccE  : /samgraph/3rdparty/collcachelib/coll_cache_lib/facade.cc/samgraph/3rdparty/collcachelib/coll_cache_lib/facade.cc197/samgraph/3rdparty/collcachelib/coll_cache_lib/facade.cc::] :197197worker 3 thread 3 initing device 3197] ] 
] worker 4 thread 4 initing device 4worker 5 thread 5 initing device 5worker 2 thread 2 initing device 2


[2022-12-06 07:46:23.184764: E /samgraph/3rdparty/collcachelib/coll_cache_lib/cache_context.cu:1740] Collaborative GPU cache (policy: rep_cache) | local 14649629 / 244160499 nodes ( 6.00 %~6.00 %) | remote 0 / 244160499 nodes ( 0.00 %) | cpu 229510870 / 244160499 nodes ( 94.00 %) | 20.96 GB | 2.03175 secs 
[2022-12-06 07:46:23.185584: E /samgraph/3rdparty/collcachelib/coll_cache_lib/cache_context.cu:1740] Collaborative GPU cache (policy: rep_cache) | local 14649629 / 244160499 nodes ( 6.00 %~6.00 %) | remote 0 / 244160499 nodes ( 0.00 %) | cpu 229510870 / 244160499 nodes ( 94.00 %) | 20.96 GB | 2.03249 secs 
[2022-12-06 07:46:23.188641: E /samgraph/3rdparty/collcachelib/coll_cache_lib/cache_context.cu:1740] Collaborative GPU cache (policy: rep_cache) | local 14649629 / 244160499 nodes ( 6.00 %~6.00 %) | remote 0 / 244160499 nodes ( 0.00 %) | cpu 229510870 / 244160499 nodes ( 94.00 %) | 20.96 GB | 2.03566 secs 
[2022-12-06 07:46:23.189252: E /samgraph/3rdparty/collcachelib/coll_cache_lib/cache_context.cu:1740] Collaborative GPU cache (policy: rep_cache) | local 14649629 / 244160499 nodes ( 6.00 %~6.00 %) | remote 0 / 244160499 nodes ( 0.00 %) | cpu 229510870 / 244160499 nodes ( 94.00 %) | 20.96 GB | 2.0362 secs 
[2022-12-06 07:46:23.189843: E /samgraph/3rdparty/collcachelib/coll_cache_lib/cache_context.cu:1740] Collaborative GPU cache (policy: rep_cache) | local 14649629 / 244160499 nodes ( 6.00 %~6.00 %) | remote 0 / 244160499 nodes ( 0.00 %) | cpu 229510870 / 244160499 nodes ( 94.00 %) | 20.96 GB | 2.08315 secs 
[2022-12-06 07:46:23.190517: E /samgraph/3rdparty/collcachelib/coll_cache_lib/cache_context.cu:1740] Collaborative GPU cache (policy: rep_cache) | local 14649629 / 244160499 nodes ( 6.00 %~6.00 %) | remote 0 / 244160499 nodes ( 0.00 %) | cpu 229510870 / 244160499 nodes ( 94.00 %) | 20.96 GB | 2.04836 secs 
[2022-12-06 07:46:23.190955: W /samgraph/3rdparty/collcachelib/coll_cache_lib/cache_context.cu:2004] before create ctx, mem is 24.42 GB
[2022-12-06 07:46:24.397457: W /samgraph/3rdparty/collcachelib/coll_cache_lib/cache_context.cu:2010] after create ctx, mem is 24.85 GB
[2022-12-06 07:46:24.399928: W /samgraph/3rdparty/collcachelib/coll_cache_lib/cache_context.cu:2017] after create stream, mem is 24.85 GB
[2022-12-06 07:46:24.400608: W /samgraph/3rdparty/collcachelib/coll_cache_lib/cache_context.cu:2004] before create ctx, mem is 24.85 GB
[2022-12-06 07:46:25.583823: W /samgraph/3rdparty/collcachelib/coll_cache_lib/cache_context.cu:2010] after create ctx, mem is 25.28 GB
[2022-12-06 07:46:25.584275: W /samgraph/3rdparty/collcachelib/coll_cache_lib/cache_context.cu:2017] after create stream, mem is 25.28 GB
[2022-12-06 07:46:25.584504: W /samgraph/3rdparty/collcachelib/coll_cache_lib/cache_context.cu:2004] before create ctx, mem is 25.28 GB
[2022-12-06 07:46:26.918725: W /samgraph/3rdparty/collcachelib/coll_cache_lib/cache_context.cu:2010] after create ctx, mem is 25.70 GB
[2022-12-06 07:46:26.920180: W /samgraph/3rdparty/collcachelib/coll_cache_lib/cache_context.cu:2017] after create stream, mem is 25.70 GB
[2022-12-06 07:46:26.927910: W /samgraph/3rdparty/collcachelib/coll_cache_lib/cache_context.cu:2004] before create ctx, mem is 25.70 GB
[2022-12-06 07:46:28.257286: W /samgraph/3rdparty/collcachelib/coll_cache_lib/cache_context.cu:2010] after create ctx, mem is 26.13 GB
[2022-12-06 07:46:28.260393: W /samgraph/3rdparty/collcachelib/coll_cache_lib/cache_context.cu:2017] after create stream, mem is 26.13 GB
[2022-12-06 07:46:28.260823: W /samgraph/3rdparty/collcachelib/coll_cache_lib/cache_context.cu:2004] before create ctx, mem is 26.13 GB
[2022-12-06 07:46:29.811813: W /samgraph/3rdparty/collcachelib/coll_cache_lib/cache_context.cu:2010] after create ctx, mem is 26.56 GB
[2022-12-06 07:46:29.814627: W /samgraph/3rdparty/collcachelib/coll_cache_lib/cache_context.cu:2017] after create stream, mem is 26.56 GB
[2022-12-06 07:46:29.819071: W /samgraph/3rdparty/collcachelib/coll_cache_lib/cache_context.cu:2004] before create ctx, mem is 26.56 GB
[2022-12-06 07:46:31.750234: W /samgraph/3rdparty/collcachelib/coll_cache_lib/cache_context.cu:2010] after create ctx, mem is 27.31 GB
[2022-12-06 07:46:31.750965: W /samgraph/3rdparty/collcachelib/coll_cache_lib/cache_context.cu:2017] after create stream, mem is 27.31 GB
[2022-12-06 07:46:31.752120: W /samgraph/3rdparty/collcachelib/coll_cache_lib/cache_context.cu:2004] before create ctx, mem is 27.31 GB
[2022-12-06 07:46:33.456601: W /samgraph/3rdparty/collcachelib/coll_cache_lib/cache_context.cu:2010] after create ctx, mem is 27.69 GB
[2022-12-06 07:46:33.456740: W /samgraph/3rdparty/collcachelib/coll_cache_lib/cache_context.cu:2017] after create stream, mem is 27.69 GB
[2022-12-06 07:46:33.[520010: E /samgraph/3rdparty/collcachelib/coll_cache_lib/run_config.cc2022-12-06 07:46:33:[.134] 520030using concurrent impl MPS2022-12-06 07:46:33: 
.E520049 [: /samgraph/3rdparty/collcachelib/coll_cache_lib/run_config.ccE: 2022-12-06 07:46:33134/samgraph/3rdparty/collcachelib/coll_cache_lib/run_config.cc.] :520056using concurrent impl MPS134: 
] Eusing concurrent impl MPS 
/samgraph/3rdparty/collcachelib/coll_cache_lib/run_config.cc:134] using concurrent impl MPS
[2022-12-06 07:46:33.520119: E /samgraph/3rdparty/collcachelib/coll_cache_lib/run_config.cc:134] using concurrent impl MPS
[2022-12-06 07:46:33.520152: E /samgraph/3rdparty/collcachelib/coll_cache_lib/run_config.cc:134] using concurrent impl MPS
[2022-12-06 07:46:33.521266: E /samgraph/3rdparty/collcachelib/coll_cache_lib/coll_cache/asymm_link_desc.cc:196] build symm link desc with 6X NVIDIA A100-SXM4-80GB out of 8
[2022-12-06 07:46:33.521293: E /samgraph/3rdparty/collcachelib/coll_cache_lib/coll_cache/asymm_link_desc.cc:197] remote time is 10.8824
[2022-12-06 07:46:33.521304: E /samgraph/3rdparty/collcachelib/coll_cache_lib/coll_cache/asymm_link_desc.cc:198] cpu time is 41.1111
[2022-12-06 07:46:33.521611: E /samgraph/3rdparty/collcachelib/coll_cache_lib/coll_cache/asymm_link_desc.cc:196] build symm link desc with 6X NVIDIA A100-SXM4-80GB out of 8
[2022-12-06 07:46:33.521631: E /samgraph/3rdparty/collcachelib/coll_cache_lib/coll_cache/asymm_link_desc.cc:197] remote time is 10.8824
[2022-12-06 07:46:33.521643: E /samgraph/3rdparty/collcachelib/coll_cache_lib/coll_cache/asymm_link_desc.cc:198] cpu time is 41.1111
[2022-12-06 07:46:33.522043: E /samgraph/3rdparty/collcachelib/coll_cache_lib/coll_cache/asymm_link_desc.cc:196] build symm link desc with 6X NVIDIA A100-SXM4-80GB out of 8
[2022-12-06 07:46:33.522070: E /samgraph/3rdparty/collcachelib/coll_cache_lib/coll_cache/asymm_link_desc.cc:197] remote time is 10.8824
[2022-12-06 07:46:33.522087: E /samgraph/3rdparty/collcachelib/coll_cache_lib/coll_cache/asymm_link_desc.cc:198] cpu time is 41.1111
[2022-12-06 07:46:33.522163: E /samgraph/3rdparty/collcachelib/coll_cache_lib/coll_cache/asymm_link_desc.cc:196] build symm link desc with 6X NVIDIA A100-SXM4-80GB out of 8
[2022-12-06 07:46:33.522195: E /samgraph/3rdparty/collcachelib/coll_cache_lib/coll_cache/asymm_link_desc.cc:197] remote time is 10.8824
[2022-12-06 07:46:33.522212: E /samgraph/3rdparty/collcachelib/coll_cache_lib/coll_cache/asymm_link_desc.cc:198] cpu time is 41.1111
[2022-12-06 07:46:33.522295: E /samgraph/3rdparty/collcachelib/coll_cache_lib/coll_cache/asymm_link_desc.cc:196] build symm link desc with 6X NVIDIA A100-SXM4-80GB out of 8
[2022-12-06 07:46:33.522318: E /samgraph/3rdparty/collcachelib/coll_cache_lib/coll_cache/asymm_link_desc.cc:197] remote time is 10.8824
[2022-12-06 07:46:33.522330: E /samgraph/3rdparty/collcachelib/coll_cache_lib/coll_cache/asymm_link_desc.cc:198] cpu time is 41.1111
[2022-12-06 07:46:33.522514: E /samgraph/3rdparty/collcachelib/coll_cache_lib/coll_cache/asymm_link_desc.cc:196] build symm link desc with 6X NVIDIA A100-SXM4-80GB out of 8
[2022-12-06 07:46:33.522542: E /samgraph/3rdparty/collcachelib/coll_cache_lib/coll_cache/asymm_link_desc.cc:197] remote time is 10.8824
[2022-12-06 07:46:33.522560: E /samgraph/3rdparty/collcachelib/coll_cache_lib/coll_cache/asymm_link_desc.cc:198] cpu time is 41.1111
[2022-12-06 07:46:34. 68649: E /samgraph/3rdparty/collcachelib/coll_cache_lib/facade.cc:115] solver created. now build & solve
[2022-12-06 07:46:34.122362: E /samgraph/3rdparty/collcachelib/coll_cache_lib/facade.cc:120] solver built. now solve
[2022-12-06 07:46:34.122400: E /samgraph/3rdparty/collcachelib/coll_cache_lib/coll_cache/optimal_solver_class.cc:895] num_cached_nodes = 14649629
[2022-12-06 07:46:35.758009: E /samgraph/3rdparty/collcachelib/coll_cache_lib/facade.cc:124] solver solved
[2022-12-06 07:46:35.758110: E /samgraph/3rdparty/collcachelib/coll_cache_lib/facade.cc:187] 0 solved master
[2022-12-06 07:46:35.758128: E /samgraph/3rdparty/collcachelib/coll_cache_lib/facade.cc:194] 0 solved
[2022-12-06 07:46:35.758149: E /samgraph/3rdparty/collcachelib/coll_cache_lib/facade.cc:197] worker 0 thread 0 initing device 0
[2022-12-06 07:46:35.787160: E /samgraph/3rdparty/collcachelib/coll_cache_lib/facade.cc:194] 5 solved
[2022-12-06 07:46:35.787207: E /samgraph/3rdparty/collcachelib/coll_cache_lib/facade.cc:197] worker 5 thread 5 initing device 5
[2022-12-06 07:46:35.788930: E /samgraph/3rdparty/collcachelib/coll_cache_lib/facade.cc:194] 1 solved
[2022-12-06 07:46:35.788992: E /samgraph/3rdparty/collcachelib/coll_cache_lib/facade.cc:197] worker 1 thread 1 initing device 1
[2022-12-06 07:46:35.813803: E [/samgraph/3rdparty/collcachelib/coll_cache_lib/facade.cc2022-12-06 07:46:35:.194813833] : 4 solvedE
 [/samgraph/3rdparty/collcachelib/coll_cache_lib/facade.cc:[2022-12-06 07:46:351942022-12-06 07:46:35.] .8138402 solved813866: 
: EE  /samgraph/3rdparty/collcachelib/coll_cache_lib/facade.cc[/samgraph/3rdparty/collcachelib/coll_cache_lib/facade.cc:2022-12-06 07:46:35:194.197] 813886] 3 solved: 
E worker 4 thread 4 initing device 4/samgraph/3rdparty/collcachelib/coll_cache_lib/facade.cc
:[1972022-12-06 07:46:35] .813908: E worker 2 thread 2 initing device 2/samgraph/3rdparty/collcachelib/coll_cache_lib/facade.cc
:197] worker 3 thread 3 initing device 3
[2022-12-06 07:46:38.246053: W /samgraph/samgraph/common/cuda/cuda_device.cc:49] GPU[0] alloc cuda memory 492.93 MB
[2022-12-06 07:46:40.207870: W /samgraph/samgraph/common/cuda/cuda_device.cc:49] GPU[0] alloc cuda memory 492.93 MB
/usr/local/lib/python3.8/dist-packages/torch/nn/parallel/scatter_gather.py:9: UserWarning: is_namedtuple is deprecated, please use the python checks instead
  warnings.warn("is_namedtuple is deprecated, please use the python checks instead")
/usr/local/lib/python3.8/dist-packages/torch/nn/parallel/scatter_gather.py:9: UserWarning: is_namedtuple is deprecated, please use the python checks instead
  warnings.warn("is_namedtuple is deprecated, please use the python checks instead")
/usr/local/lib/python3.8/dist-packages/torch/nn/parallel/scatter_gather.py:9: UserWarning: is_namedtuple is deprecated, please use the python checks instead
  warnings.warn("is_namedtuple is deprecated, please use the python checks instead")
/usr/local/lib/python3.8/dist-packages/torch/nn/parallel/scatter_gather.py:9: UserWarning: is_namedtuple is deprecated, please use the python checks instead
  warnings.warn("is_namedtuple is deprecated, please use the python checks instead")
/usr/local/lib/python3.8/dist-packages/torch/nn/parallel/scatter_gather.py:9: UserWarning: is_namedtuple is deprecated, please use the python checks instead
  warnings.warn("is_namedtuple is deprecated, please use the python checks instead")
/usr/local/lib/python3.8/dist-packages/torch/nn/parallel/scatter_gather.py:9: UserWarning: is_namedtuple is deprecated, please use the python checks instead
  warnings.warn("is_namedtuple is deprecated, please use the python checks instead")
