config:eval_tsp="2022-12-06 06:29:18"
config:arch=arch5
config:num_train_worker=6
config:num_sample_worker=2
config:sample_type=khop2
config:root_path=/nvme/graph-learning-copy/samgraph/
config:dataset=mag240m-homo
config:pipeline=False
config:cache_policy=rep
config:cache_percentage=0.02
config:num_epoch=4
config:batch_size=4000
config:num_hidden=256
config:max_sampling_jobs=1
config:max_copying_jobs=1
config:barriered_epoch=1
config:presample_epoch=2
config:omp_thread_num=6
config:unsupervised=False
config:amp=True
config:rolling=0
config:fanout=[25, 10]
config:lr=0.003
config:dropout=0.5
config:single_gpu=False
config:max_num_step=100000
config:validate_configs=False
config:report_acc=0
config:dataset_path=/nvme/graph-learning-copy/samgraph/mag240m-homo
config:torch_thread_num=9
config:train_workers=['cuda:0', 'cuda:1', 'cuda:2', 'cuda:3', 'cuda:4', 'cuda:5']
config:sample_workers=['cuda:6', 'cuda:7']
config:num_fanout=2
config:num_layer=2
config:_run_mode=RunMode.FGNN
config:_log_level=warn
config:_profile_level=3
config:_empty_feat=0
config:_arch=5
config:_sample_type=5
config:_cache_policy=12
test_result:init:input_scale_factor=1.1
0 :  {link #0 : 1}, {link #1 : 2}, {link #2 : 3}, {link #3 : 4}, {link #4 : 5},
1 :  {link #0 : 2}, {link #1 : 3}, {link #2 : 4}, {link #3 : 5}, {link #4 : 0},
2 :  {link #0 : 3}, {link #1 : 4}, {link #2 : 5}, {link #3 : 0}, {link #4 : 1},
3 :  {link #0 : 4}, {link #1 : 5}, {link #2 : 0}, {link #3 : 1}, {link #4 : 2},
4 :  {link #0 : 5}, {link #1 : 0}, {link #2 : 1}, {link #3 : 2}, {link #4 : 3},
5 :  {link #0 : 0}, {link #1 : 1}, {link #2 : 2}, {link #3 : 3}, {link #4 : 4},
0 :  {link #0 : 1}, {link #1 : 2}, {link #2 : 3}, {link #3 : 4}, {link #4 : 5},
1 :  {link #0 : 2}, {link #1 : 3}, {link #2 : 4}, {link #3 : 5}, {link #4 : 0},
2 :  {link #0 : 3}, {link #1 : 4}, {link #2 : 5}, {link #3 : 0}, {link #4 : 1},
3 :  {link #0 : 4}, {link #1 : 5}, {link #2 : 0}, {link #3 : 1}, {link #4 : 2},
4 :  {link #0 : 5}, {link #1 : 0}, {link #2 : 1}, {link #3 : 2}, {link #4 : 3},
5 :  {link #0 : 0}, {link #1 : 1}, {link #2 : 2}, {link #3 : 3}, {link #4 : 4},
0 :  {link #0 : 1}, {link #1 : 2}, {link #2 : 3}, {link #3 : 4}, {link #4 : 5},
1 :  {link #0 : 2}, {link #1 : 3}, {link #2 : 4}, {link #3 : 5}, {link #4 : 0},
2 :  {link #0 : 3}, {link #1 : 4}, {link #2 : 5}, {link #3 : 0}, {link #4 : 1},
3 :  {link #0 : 4}, {link #1 : 5}, {link #2 : 0}, {link #3 : 1}, {link #4 : 2},
4 :  {link #0 : 5}, {link #1 : 0}, {link #2 : 1}, {link #3 : 2}, {link #4 : 3},
5 :  {link #0 : 0}, {link #1 : 1}, {link #2 : 2}, {link #3 : 3}, {link #4 : 4},
0 :  {link #0 : 1}, {link #1 : 2}, {link #2 : 3}, {link #3 : 4}, {link #4 : 5},
1 :  {link #0 : 2}, {link #1 : 3}, {link #2 : 4}, {link #3 : 5}, {link #4 : 0},
2 :  {link #0 : 3}, {link #1 : 4}, {link #2 : 5}, {link #3 : 0}, {link #4 : 1},
3 :  {link #0 : 4}, {link #1 : 5}, {link #2 : 0}, {link #3 : 1}, {link #4 : 2},
4 :  {link #0 : 5}, {link #1 : 0}, {link #2 : 1}, {link #3 : 2}, {link #4 : 3},
5 :  {link #0 : 0}, {link #1 : 1}, {link #2 : 2}, {link #3 : 3}, {link #4 : 4},
0 :  {link #0 : 1}, {link #1 : 2}, {link #2 : 3}, {link #3 : 4}, {link #4 : 5},
1 :  {link #0 : 2}, {link #1 : 3}, {link #2 : 4}, {link #3 : 5}, {link #4 : 0},
2 :  {link #0 : 3}, {link #1 : 4}, {link #2 : 5}, {link #3 : 0}, {link #4 : 1},
3 :  {link #0 : 4}, {link #1 : 5}, {link #2 : 0}, {link #3 : 1}, {link #4 : 2},
4 :  {link #0 : 5}, {link #1 : 0}, {link #2 : 1}, {link #3 : 2}, {link #4 : 3},
5 :  {link #0 : 0}, {link #1 : 1}, {link #2 : 2}, {link #3 : 3}, {link #4 : 4},
0 :  {link #0 : 1}, {link #1 : 2}, {link #2 : 3}, {link #3 : 4}, {link #4 : 5},
1 :  {link #0 : 2}, {link #1 : 3}, {link #2 : 4}, {link #3 : 5}, {link #4 : 0},
2 :  {link #0 : 3}, {link #1 : 4}, {link #2 : 5}, {link #3 : 0}, {link #4 : 1},
3 :  {link #0 : 4}, {link #1 : 5}, {link #2 : 0}, {link #3 : 1}, {link #4 : 2},
4 :  {link #0 : 5}, {link #1 : 0}, {link #2 : 1}, {link #3 : 2}, {link #4 : 3},
5 :  {link #0 : 0}, {link #1 : 1}, {link #2 : 2}, {link #3 : 3}, {link #4 : 4},
coll_cache:optimal_rep_storage=0.02
coll_cache:optimal_part_storage=0
coll_cache:optimal_cpu_storage=0.98
coll_cache:optimal_local_storage=0.02
coll_cache:optimal_remote_storage=0
coll_cache:optimal_local_rate=0.788552
coll_cache:optimal_remote_rate=0
coll_cache:optimal_cpu_rate=0.211448
z=1247.04
test_result:init:feat_nbytes=375030526464
test_result:init:cache_nbytes=7500609024
0 :  {link #0 : 1}, {link #1 : 2}, {link #2 : 3}, {link #3 : 4}, {link #4 : 5},
1 :  {link #0 : 2}, {link #1 : 3}, {link #2 : 4}, {link #3 : 5}, {link #4 : 0},
2 :  {link #0 : 3}, {link #1 : 4}, {link #2 : 5}, {link #3 : 0}, {link #4 : 1},
3 :  {link #0 : 4}, {link #1 : 5}, {link #2 : 0}, {link #3 : 1}, {link #4 : 2},
4 :  {link #0 : 5}, {link #1 : 0}, {link #2 : 1}, {link #3 : 2}, {link #4 : 3},
5 :  {link #0 : 0}, {link #1 : 1}, {link #2 : 2}, {link #3 : 3}, {link #4 : 4},
test_result:init:feat_nbytes=375030526464
test_result:init:cache_nbytes=7500609024
0 :  {link #0 : 1}, {link #1 : 2}, {link #2 : 3}, {link #3 : 4}, {link #4 : 5},
1 :  {link #0 : 2}, {link #1 : 3}, {link #2 : 4}, {link #3 : 5}, {link #4 : 0},
2 :  {link #0 : 3}, {link #1 : 4}, {link #2 : 5}, {link #3 : 0}, {link #4 : 1},
3 :  {link #0 : 4}, {link #1 : 5}, {link #2 : 0}, {link #3 : 1}, {link #4 : 2},
4 :  {link #0 : 5}, {link #1 : 0}, {link #2 : 1}, {link #3 : 2}, {link #4 : 3},
5 :  {link #0 : 0}, {link #1 : 1}, {link #2 : 2}, {link #3 : 3}, {link #4 : 4},
test_result:init:feat_nbytes=375030526464
test_result:init:cache_nbytes=7500609024
0 :  {link #0 : 1}, {link #1 : 2}, {link #2 : 3}, {link #3 : 4}, {link #4 : 5},
1 :  {link #0 : 2}, {link #1 : 3}, {link #2 : 4}, {link #3 : 5}, {link #4 : 0},
2 :  {link #0 : 3}, {link #1 : 4}, {link #2 : 5}, {link #3 : 0}, {link #4 : 1},
3 :  {link #0 : 4}, {link #1 : 5}, {link #2 : 0}, {link #3 : 1}, {link #4 : 2},
4 :  {link #0 : 5}, {link #1 : 0}, {link #2 : 1}, {link #3 : 2}, {link #4 : 3},
5 :  {link #0 : 0}, {link #1 : 1}, {link #2 : 2}, {link #3 : 3}, {link #4 : 4},
test_result:init:feat_nbytes=375030526464
test_result:init:cache_nbytes=7500609024
0 :  {link #0 : 1}, {link #1 : 2}, {link #2 : 3}, {link #3 : 4}, {link #4 : 5},
1 :  {link #0 : 2}, {link #1 : 3}, {link #2 : 4}, {link #3 : 5}, {link #4 : 0},
2 :  {link #0 : 3}, {link #1 : 4}, {link #2 : 5}, {link #3 : 0}, {link #4 : 1},
3 :  {link #0 : 4}, {link #1 : 5}, {link #2 : 0}, {link #3 : 1}, {link #4 : 2},
4 :  {link #0 : 5}, {link #1 : 0}, {link #2 : 1}, {link #3 : 2}, {link #4 : 3},
5 :  {link #0 : 0}, {link #1 : 1}, {link #2 : 2}, {link #3 : 3}, {link #4 : 4},
test_result:init:feat_nbytes=375030526464
test_result:init:cache_nbytes=7500609024
0 :  {link #0 : 1}, {link #1 : 2}, {link #2 : 3}, {link #3 : 4}, {link #4 : 5},
1 :  {link #0 : 2}, {link #1 : 3}, {link #2 : 4}, {link #3 : 5}, {link #4 : 0},
2 :  {link #0 : 3}, {link #1 : 4}, {link #2 : 5}, {link #3 : 0}, {link #4 : 1},
3 :  {link #0 : 4}, {link #1 : 5}, {link #2 : 0}, {link #3 : 1}, {link #4 : 2},
4 :  {link #0 : 5}, {link #1 : 0}, {link #2 : 1}, {link #3 : 2}, {link #4 : 3},
5 :  {link #0 : 0}, {link #1 : 1}, {link #2 : 2}, {link #3 : 3}, {link #4 : 4},
test_result:init:feat_nbytes=375030526464
test_result:init:cache_nbytes=7500609024
0 :  {link #0 : 1}, {link #1 : 2}, {link #2 : 3}, {link #3 : 4}, {link #4 : 5},
1 :  {link #0 : 2}, {link #1 : 3}, {link #2 : 4}, {link #3 : 5}, {link #4 : 0},
2 :  {link #0 : 3}, {link #1 : 4}, {link #2 : 5}, {link #3 : 0}, {link #4 : 1},
3 :  {link #0 : 4}, {link #1 : 5}, {link #2 : 0}, {link #3 : 1}, {link #4 : 2},
4 :  {link #0 : 5}, {link #1 : 0}, {link #2 : 1}, {link #3 : 2}, {link #4 : 3},
5 :  {link #0 : 0}, {link #1 : 1}, {link #2 : 2}, {link #3 : 3}, {link #4 : 4},
coll_cache:optimal_rep_storage=0.02
coll_cache:optimal_part_storage=0
coll_cache:optimal_cpu_storage=0.98
coll_cache:optimal_local_storage=0.02
coll_cache:optimal_remote_storage=0
coll_cache:optimal_local_rate=0.788552
coll_cache:optimal_remote_rate=0
coll_cache:optimal_cpu_rate=0.211448
z=1247.04
test_result:init:cache_nbytes=0
test_result:init:cache_nbytes=0
test_result:init:cache_nbytes=0
test_result:init:cache_nbytes=0
test_result:init:cache_nbytes=0
test_result:init:cache_nbytes=0
[Train  Worker 4/6] Started with PID 100830(NVIDIA A100-SXM4-80GB)
[Train  Worker 4] run train for 4 epochs with 282 steps
[Train  Worker 4] Avg Epoch Time 1.1169 | Train Total Time(Profiler) 0.3672 | Copy Time 0.7464
[Train  Worker 5/6] Started with PID 100833(NVIDIA A100-SXM4-80GB)
[Train  Worker 5] run train for 4 epochs with 282 steps
[Train  Worker 5] Avg Epoch Time 1.1169 | Train Total Time(Profiler) 0.3654 | Copy Time 0.7481
[Train  Worker 3/6] Started with PID 100827(NVIDIA A100-SXM4-80GB)
[Train  Worker 3] run train for 4 epochs with 282 steps
[Train  Worker 3] Avg Epoch Time 1.1169 | Train Total Time(Profiler) 0.3649 | Copy Time 0.7486
[Train  Worker 1/6] Started with PID 100821(NVIDIA A100-SXM4-80GB)
[Train  Worker 1] run train for 4 epochs with 282 steps
[Train  Worker 1] Avg Epoch Time 1.1169 | Train Total Time(Profiler) 0.3664 | Copy Time 0.7473
[Train  Worker 2/6] Started with PID 100824(NVIDIA A100-SXM4-80GB)
[Train  Worker 2] run train for 4 epochs with 282 steps
[Train  Worker 2] Avg Epoch Time 1.1170 | Train Total Time(Profiler) 0.3630 | Copy Time 0.7501
[Train  Worker 0/6] Started with PID 100819(NVIDIA A100-SXM4-80GB)
[Train  Worker 0] run train for 4 epochs with 282 steps
Epoch 00000 | Epoch Time 2.3878 | Total Train Time(Profiler) 1.6263 | Copy Time 0.7576
Epoch 00001 | Epoch Time 1.1201 | Total Train Time(Profiler) 0.3705 | Copy Time 0.7462
Epoch 00002 | Epoch Time 1.1151 | Total Train Time(Profiler) 0.3606 | Copy Time 0.7509
Epoch 00003 | Epoch Time 1.1158 | Total Train Time(Profiler) 0.3653 | Copy Time 0.7468
[Train  Worker 0] Avg Epoch Time 1.1170 | Train Total Time(Profiler) 0.3655 | Copy Time 0.7480
    [Step(average) Profiler Level 1 E3 S140]
        L1  sample           0.001257 | send           0.000464
        L1  recv             0.000000 | copy           0.000000 | convert time 0.000000 | train  0.000000
        L1  feature nbytes 0.00 Bytes | label nbytes 0.00 Bytes
        L1  id nbytes      0.00 Bytes | graph nbytes 0.00 Bytes
        L1  miss nbytes    0.00 Bytes | remote nbytes 0.00 Bytes
        L1  num nodes          575329 | num samples      743985
    [Step(average) Profiler Level 2 E3 S140]
        L2  shuffle     0.000110 | core sample  0.000528 | id remap        0.000510
        L2  graph copy  0.000000 | id copy      0.000000 | cache feat copy 0.000000
        L2  last layer sample time 0.000284 | size 33440.399527
    [Step(average) Profiler Level 3 E3 S140]
        L3  khop sample coo  0.000301 | khop sort coo      0.000000 | khop count edge     0.000036 | khop compact edge 0.000156
        L3  walk sample coo  0.000000 | walk topk total    0.000000 | walk topk step1     0.000000 | walk topk step2   0.000000
        L3  walk topk step3  0.000000 | walk topk step4    0.000000 | walk topk step5     0.000000
        L3  walk topk step6  0.000000 | walk topk step7    0.000000
        L3  remap unique     0.000000 | remap populate     0.000414 | remap mapnode       0.000000 | remap mapedge     0.000096
        L3  cache get_index  0.000000 | cache copy_index   0.000000 | cache extract_miss  0.000000
        L3  cache copy_miss  0.000000 | cache combine_miss 0.000000 | cache combine cache 0.000000 | cache combine remote 0.000000
        L3  label extract  0.000000
[Sample Worker 1/2] Started with PID 100817(NVIDIA A100-SXM4-80GB)
[Sample Worker 1] run sample for 4 epochs with 141 steps
[Sample Worker 1] Avg Sample Total Time 0.2415 | Sampler Total Time(Profiler) 0.2407
    [Init Profiler Level 1]
        L1  init     3.9122 | sampler init    11.7269 | trainer init 0.0000
    [Init Profiler Level 2]
        L2  load ds         5.9430 | init queue           4.5717
        L2  presample       3.3260 | build interal ds     1.7965
        L2  build cache     0.0000
    [Init Profiler Level 3]
        L3  load dataset: mmap     3.9104 | copy         2.0327
        L3  dist queue: alloc      0.0009 | pin          4.5709 | push     0.0000
        L3  presample: init        0.3089
        L3  presample: sample      0.7059 | copy         0.0596
        L3  presample: count       1.4904 | sort         0.3470
        L3  presample: reset       0.0007 | get rank     0.0567
        L3  internal: cuda ctx     1.5976 | cuda stream     0.1949
[Sample Worker 0/2] Started with PID 100816(NVIDIA A100-SXM4-80GB)
[Sample Worker 0] run sample for 4 epochs with 141 steps
[Sample Worker 0] Avg Sample Total Time 0.2435 | Sampler Total Time(Profiler) 0.2427
test_result:sample_time=0.1772
test_result:get_cache_miss_index_time=0.0000
test_result:enqueue_samples_time=0.0655
test_result:epoch_time:sample_total=0.2435
[CUDA] cuda0: usage: 13.74 GB
[SAM] cuda0 data alloc        : 0.00 Bytes
[SAM] cuda0 workspace         : 1.82 GB
[SAM] cuda0 workspace reserve : 932.82 MB
[SAM] cuda0 total             : 1.82 GB
    [Step(average) Profiler Level 1 E3 S281]
        L1  sample           0.000000 | send           0.000000
        L1  recv             0.000693 | copy           0.015917 | convert time 0.000287 | train  0.007487
        L1  feature nbytes  842.99 MB | label nbytes   31.25 KB
        L1  id nbytes      0.00 Bytes | graph nbytes 0.00 Bytes
        L1  miss nbytes    0.00 Bytes | remote nbytes 0.00 Bytes
        L1  num nodes               0 | num samples           0
    [Step(average) Profiler Level 2 E3 S281]
        L2  shuffle     0.000000 | core sample  0.000000 | id remap        0.000000
        L2  graph copy  0.000003 | id copy      0.000000 | cache feat copy 0.015220
        L2  last layer sample time 0.000000 | size 0.000000
    [Step(average) Profiler Level 3 E3 S281]
        L3  khop sample coo  0.000000 | khop sort coo      0.000000 | khop count edge     0.000000 | khop compact edge 0.000000
        L3  walk sample coo  0.000000 | walk topk total    0.000000 | walk topk step1     0.000000 | walk topk step2   0.000000
        L3  walk topk step3  0.000000 | walk topk step4    0.000000 | walk topk step5     0.000000
        L3  walk topk step6  0.000000 | walk topk step7    0.000000
        L3  remap unique     0.000000 | remap populate     0.000000 | remap mapnode       0.000000 | remap mapedge     0.000000
        L3  cache get_index  0.000000 | cache copy_index   0.000000 | cache extract_miss  0.000000
        L3  cache copy_miss  0.000000 | cache combine_miss 0.000000 | cache combine cache 0.015089 | cache combine remote 0.000000
        L3  label extract  0.000125
    [Init Profiler Level 1]
        L1  init     3.9122 | sampler init     0.0000 | trainer init 102.0001
    [Init Profiler Level 2]
        L2  load ds         3.9104 | init queue           4.5994
        L2  presample       0.0000 | build interal ds     1.6085
        L2  build cache    95.7881
    [Init Profiler Level 3]
        L3  load dataset: mmap     3.9104 | copy         0.0000
        L3  dist queue: alloc      0.0009 | pin          4.5986 | push     0.0000
        L3  presample: init        0.0000
        L3  presample: sample      0.0000 | copy         0.0000
        L3  presample: count       0.0000 | sort         0.0000
        L3  presample: reset       0.0000 | get rank     0.0000
        L3  internal: cuda ctx     1.6085 | cuda stream     0.0000
|===========================================================================|
|                  PyTorch CUDA memory summary, device ID 0                 |
|---------------------------------------------------------------------------|
|            CUDA OOMs: 0            |        cudaMalloc retries: 0         |
|===========================================================================|
|        Metric         | Cur Usage  | Peak Usage | Tot Alloc  | Tot Freed  |
|---------------------------------------------------------------------------|
| Allocated memory      |   27243 KB |  399922 KB |  217235 MB |  217208 MB |
|       from large pool |   18351 KB |  397094 KB |  215202 MB |  215184 MB |
|       from small pool |    8892 KB |   11214 KB |    2032 MB |    2023 MB |
|---------------------------------------------------------------------------|
| Active memory         |   27244 KB |  399922 KB |  217235 MB |  217208 MB |
|       from large pool |   18351 KB |  397094 KB |  215202 MB |  215184 MB |
|       from small pool |    8893 KB |   11214 KB |    2032 MB |    2023 MB |
|---------------------------------------------------------------------------|
| GPU reserved memory   |  481280 KB |  481280 KB |  481280 KB |       0 B  |
|       from large pool |  466944 KB |  466944 KB |  466944 KB |       0 B  |
|       from small pool |   14336 KB |   14336 KB |   14336 KB |       0 B  |
|---------------------------------------------------------------------------|
| Non-releasable memory |   79252 KB |  394363 KB |  192376 MB |  192298 MB |
|       from large pool |   77905 KB |  392129 KB |  190155 MB |  190079 MB |
|       from small pool |    1347 KB |    4669 KB |    2220 MB |    2219 MB |
|---------------------------------------------------------------------------|
| Allocations           |      42    |      57    |   22226    |   22184    |
|       from large pool |       7    |      18    |    9779    |    9772    |
|       from small pool |      35    |      41    |   12447    |   12412    |
|---------------------------------------------------------------------------|
| Active allocs         |      43    |      57    |   22226    |   22183    |
|       from large pool |       7    |      18    |    9779    |    9772    |
|       from small pool |      36    |      41    |   12447    |   12411    |
|---------------------------------------------------------------------------|
| GPU reserved segments |      14    |      14    |      14    |       0    |
|       from large pool |       7    |       7    |       7    |       0    |
|       from small pool |       7    |       7    |       7    |       0    |
|---------------------------------------------------------------------------|
| Non-releasable allocs |      19    |      26    |   10999    |   10980    |
|       from large pool |       7    |      12    |    6148    |    6141    |
|       from small pool |      12    |      19    |    4851    |    4839    |
|---------------------------------------------------------------------------|
| Oversize allocations  |       0    |       0    |       0    |       0    |
|---------------------------------------------------------------------------|
| Oversize GPU segments |       0    |       0    |       0    |       0    |
|===========================================================================|

test_result:epoch_time:copy_time=0.7480
test_result:convert_time=0.0145
test_result:train_time=0.3509
test_result:epoch_time:train_total=0.3655
test_result:cache_percentage=0.0200
test_result:cache_hit_rate=1.0000
test_result:run_time=6.7254
