[2022-12-05 16:48:52.841677: W /samgraph/samgraph/common/cpu/mmap_cpu_device.cc:92] mmap allocating space 12.03 GB
[2022-12-05 16:48:52.841749: W /samgraph/samgraph/common/cpu/mmap_cpu_device.cc:97] mmap allocating space 12.03 GB done
[2022-12-05 16:48:56.230497: W /samgraph/samgraph/common/cpu/mmap_cpu_device.cc:92] mmap allocating space 52.96 GB
[2022-12-05 16:48:56.230575: W /samgraph/samgraph/common/cpu/mmap_cpu_device.cc:97] mmap allocating space 52.96 GB done
[2022-12-05 16:48:56.230616: W /samgraph/samgraph/common/cpu/cpu_device.cc:39] WORKER[0] alloc host memory 12.03 GB
[2022-12-05 16:48:57.122201: E /samgraph/samgraph/common/engine.cc:272] Train set size 30.58 MB
[2022-12-05 16:48:57.122608: W /samgraph/samgraph/common/cpu/mmap_cpu_device.cc:92] mmap allocating space 68.50 GB
[2022-12-05 16:48:57.122628: W /samgraph/samgraph/common/cpu/mmap_cpu_device.cc:97] mmap allocating space 68.50 GB done
/usr/lib/python3/dist-packages/requests/__init__.py:89: RequestsDependencyWarning: urllib3 (1.26.12) or chardet (3.0.4) doesn't match a supported version!
  warnings.warn("urllib3 ({}) or chardet ({}) doesn't match a supported "
[2022-12-05 16:48:58.352248: W /samgraph/samgraph/common/dist/dist_engine.cc:662] Trainer[0] initializing...
[2022-12-05 16:48:58.472700: W /samgraph/samgraph/common/dist/dist_engine.cc:662] Trainer[1] initializing...
[2022-12-05 16:48:58.495943: W /samgraph/samgraph/common/dist/dist_engine.cc:662] Trainer[5] initializing...
[2022-12-05 16:48:58.588581: W /samgraph/samgraph/common/dist/dist_engine.cc:662] Trainer[4] initializing...
[2022-12-05 16:48:58.619122: W /samgraph/samgraph/common/dist/dist_engine.cc:662] Trainer[3] initializing...
[2022-12-05 16:48:58.654996: W /samgraph/samgraph/common/dist/dist_engine.cc:662] Trainer[2] initializing...
[2022-12-05 16:48:59.899438: W /samgraph/samgraph/common/dist/dist_engine.cc:666] Trainer[0] pin memory queue...
[2022-12-05 16:48:59.955652: W /samgraph/samgraph/common/dist/dist_engine.cc:666] Trainer[1] pin memory queue...
[2022-12-05 16:48:59.965066: W /samgraph/samgraph/common/dist/dist_engine.cc:666] Trainer[5] pin memory queue...
[2022-12-05 16:48:59.978982: W /samgraph/samgraph/common/dist/dist_engine.cc:666] Trainer[4] pin memory queue...
[2022-12-05 16:48:59.979263: W /samgraph/samgraph/common/dist/dist_engine.cc:666] Trainer[3] pin memory queue...
[2022-12-05 16:48:59.982601: W /samgraph/samgraph/common/dist/dist_engine.cc:666] Trainer[2] pin memory queue...
[[2022-12-05 16:49:192022-12-05 16:49:19..993407993420: : EE  /samgraph/samgraph/common/dist/dist_engine.cc/samgraph/samgraph/common/dist/dist_engine.cc::8585] ] Running on A100Running on A100

[2022-12-05 16:49:19.993721: E /samgraph/samgraph/common/dist/dist_engine.cc:85] Running on A100
[2022-12-05 16:49:19.994540: W /samgraph/samgraph/common/dist/dist_engine.cc:701] Trainer[4] register host memory...
[2022-12-05 16:49:19.994551: W /samgraph/samgraph/common/dist/dist_engine.cc:701] Trainer[2] register host memory...
[2022-12-05 16:49:19.994562: W /samgraph/samgraph/common/dist/dist_engine.cc:701] Trainer[3] register host memory...
[2022-12-05 16:49:20. 20136: E /samgraph/samgraph/common/dist/dist_engine.cc:85] Running on A100
[2022-12-05 16:49:20. 20833: W /samgraph/samgraph/common/dist/dist_engine.cc:701] Trainer[5] register host memory...
[2022-12-05 16:49:20. 46984: E /samgraph/samgraph/common/dist/dist_engine.cc:85] Running on A100
[2022-12-05 16:49:20. 47178: W /samgraph/samgraph/common/dist/dist_engine.cc:701] Trainer[1] register host memory...
[2022-12-05 16:49:20. 57313: E /samgraph/samgraph/common/dist/dist_engine.cc:85] Running on A100
[2022-12-05 16:49:20. 57360: W /samgraph/samgraph/common/dist/dist_engine.cc:701] Trainer[0] register host memory...
[2022-12-05 16:49:20.205005: E /samgraph/samgraph/common/dist/dist_engine.cc:85] Running on A100
[2022-12-05 16:49:20.205112: W /samgraph/samgraph/common/cpu/cpu_device.cc:39] WORKER[0] alloc host memory 30.58 MB
[2022-12-05 16:49:20.205869: E /samgraph/samgraph/common/dist/dist_engine.cc:85] Running on A100
[2022-12-05 16:49:20.214072: W /samgraph/samgraph/common/cuda/cuda_device.cc:49] GPU[6] alloc cuda memory 423.66 MB
[2022-12-05 16:49:20.296114: W /samgraph/samgraph/common/cuda/cuda_device.cc:49] GPU[6] alloc cuda memory 12.03 GB
[2022-12-05 16:49:21.989206: W /samgraph/samgraph/common/cpu/cpu_device.cc:39] WORKER[0] alloc host memory 38.23 MB
[2022-12-05 16:49:21.998715: W /samgraph/samgraph/common/cuda/cuda_device.cc:49] GPU[6] alloc cuda memory 19.12 MB
[2022-12-05 16:49:21.999096: W /samgraph/samgraph/common/cuda/cuda_device.cc:49] GPU[6] alloc cuda memory 256.00 MB
[2022-12-05 16:49:21.999240: W /samgraph/samgraph/common/cuda/cuda_device.cc:49] GPU[6] alloc cuda memory 26.18 MB
[2022-12-05 16:49:21.999682: W /samgraph/samgraph/common/cuda/cuda_device.cc:49] GPU[6] alloc cuda memory 28.56 MB
[2022-12-05 16:49:22.   154: W /samgraph/samgraph/common/cpu/cpu_device.cc:39] WORKER[0] alloc host memory 38.23 MB
[2022-12-05 16:49:22.  8460: E /samgraph/samgraph/common/dist/pre_sampler.cc:41] Dist Presampler making shuffler...
[2022-12-05 16:49:22.  8500: W /samgraph/samgraph/common/cpu/cpu_device.cc:39] WORKER[0] alloc host memory 38.23 MB
[2022-12-05 16:49:22. 17191: W /samgraph/samgraph/common/cuda/cuda_device.cc:49] GPU[6] alloc cuda memory 38.23 MB
[2022-12-05 16:49:22. 17217: E /samgraph/samgraph/common/dist/pre_sampler.cc:44] Dist Presampler making shuffler...Done
[2022-12-05 16:49:22. 17228: W /samgraph/samgraph/common/cpu/cpu_device.cc:39] WORKER[0] alloc host memory 847.32 MB
[2022-12-05 16:49:22.149754: E /samgraph/samgraph/common/dist/pre_sampler.cc:85] Dist Presampler doing presample epoch 0
[2022-12-05 16:49:22.264085: W /samgraph/samgraph/common/cuda/cuda_device.cc:49] GPU[6] alloc cuda memory 27.20 MB
[2022-12-05 16:49:22.264259: W /samgraph/samgraph/common/cuda/cuda_device.cc:49] GPU[6] alloc cuda memory 27.20 MB
[2022-12-05 16:49:22.264390: W /samgraph/samgraph/common/cuda/cuda_device.cc:49] GPU[6] alloc cuda memory 27.20 MB
[2022-12-05 16:49:22.264507: W /samgraph/samgraph/common/cuda/cuda_device.cc:49] GPU[6] alloc cuda memory 27.20 MB
[2022-12-05 16:49:22.268519: W /samgraph/samgraph/common/cuda/cuda_device.cc:49] GPU[6] alloc cuda memory 24.25 MB
[2022-12-05 16:49:22.269107: W /samgraph/samgraph/common/cpu/cpu_device.cc:39] WORKER[0] alloc host memory 20.35 MB
[2022-12-05 16:49:54.749677: E /samgraph/samgraph/common/dist/pre_sampler.cc:129] presample spend 5.71884 on sample, 0.723906 on copy, 26.1468 on count
[2022-12-05 16:49:54.749764: E /samgraph/samgraph/common/dist/pre_sampler.cc:85] Dist Presampler doing presample epoch 1
[2022-12-05 16:50:27.749913: E /samgraph/samgraph/common/dist/pre_sampler.cc:129] presample spend 11.4893 on sample, 1.44612 on copy, 52.6424 on count
[2022-12-05 16:50:27.750011: E /samgraph/samgraph/common/dist/pre_sampler.cc:136] max_num_inputs = 4308886, min_num_inputs = 4248355
[2022-12-05 16:50:27.910838: E /samgraph/samgraph/common/dist/pre_sampler.cc:148] presample spend 0.160757 on sort freq.
[2022-12-05 16:50:28. 80444: E /samgraph/samgraph/common/dist/dist_engine.cc:524] pre sample done, delete it
[[[[[[2022-12-05 16:50:282022-12-05 16:50:282022-12-05 16:50:282022-12-05 16:50:282022-12-05 16:50:282022-12-05 16:50:28...... 97813 97814 97814 97814 97815 97807: : : : : : WWWWWW      /samgraph/samgraph/common/dist/dist_engine.cc/samgraph/samgraph/common/dist/dist_engine.cc/samgraph/samgraph/common/dist/dist_engine.cc/samgraph/samgraph/common/dist/dist_engine.cc/samgraph/samgraph/common/dist/dist_engine.cc/samgraph/samgraph/common/dist/dist_engine.cc::::::711711711711711711] ] ] ] ] ] Trainer[4] building cache...Trainer[3] building cache...Trainer[0] building cache...Trainer[1] building cache...Trainer[5] building cache...Trainer[2] building cache...





[[[2022-12-05 16:50:282022-12-05 16:50:282022-12-05 16:50:28... 99386 99387 99387: : : EEE   /samgraph/3rdparty/collcachelib/coll_cache_lib/run_config.cc/samgraph/3rdparty/collcachelib/coll_cache_lib/run_config.cc/samgraph/3rdparty/collcachelib/coll_cache_lib/run_config.cc:::134134134] ] ] using concurrent impl MPS
using concurrent impl MPSusing concurrent impl MPS

[2022-12-05 16:50:28. 99465: E /samgraph/3rdparty/collcachelib/coll_cache_lib/run_config.cc:134] using concurrent impl MPS
[2022-12-05 16:50:28. 99515: E /samgraph/3rdparty/collcachelib/coll_cache_lib/run_config.cc:134] using concurrent impl MPS
[2022-12-05 16:50:28.100538: E /samgraph/3rdparty/collcachelib/coll_cache_lib/coll_cache/asymm_link_desc.cc:196] build symm link desc with 6X NVIDIA A100-SXM4-80GB out of 8
[2022-12-05 16:50:28.100568: E /samgraph/3rdparty/collcachelib/coll_cache_lib/coll_cache/asymm_link_desc.cc:197] remote time is 10.8824
[2022-12-05 16:50:28.100579: E /samgraph/3rdparty/collcachelib/coll_cache_lib/coll_cache/asymm_link_desc.cc:198] cpu time is 41.1111
[2022-12-05 16:50:28.100927: E /samgraph/3rdparty/collcachelib/coll_cache_lib/coll_cache/asymm_link_desc.cc:196] build symm link desc with 6X NVIDIA A100-SXM4-80GB out of 8
[2022-12-05 16:50:28.100947: E /samgraph/3rdparty/collcachelib/coll_cache_lib/coll_cache/asymm_link_desc.cc:197] remote time is 10.8824
[2022-12-05 16:50:28.100957: E /samgraph/3rdparty/collcachelib/coll_cache_lib/coll_cache/asymm_link_desc.cc:198] cpu time is 41.1111
[2022-12-05 16:50:28.101074: E /samgraph/3rdparty/collcachelib/coll_cache_lib/coll_cache/asymm_link_desc.cc:196] build symm link desc with 6X NVIDIA A100-SXM4-80GB out of 8
[2022-12-05 16:50:28.101093: E /samgraph/3rdparty/collcachelib/coll_cache_lib/coll_cache/asymm_link_desc.cc:197] remote time is 10.8824
[2022-12-05 16:50:28.101104: E /samgraph/3rdparty/collcachelib/coll_cache_lib/coll_cache/asymm_link_desc.cc:198] cpu time is 41.1111
[2022-12-05 16:50:28.101161: E /samgraph/3rdparty/collcachelib/coll_cache_lib/coll_cache/asymm_link_desc.cc:196] build symm link desc with 6X NVIDIA A100-SXM4-80GB out of 8
[2022-12-05 16:50:28.101192: E /samgraph/3rdparty/collcachelib/coll_cache_lib/coll_cache/asymm_link_desc.cc:197] remote time is 10.8824
[2022-12-05 16:50:28.101203: E /samgraph/3rdparty/collcachelib/coll_cache_lib/coll_cache/asymm_link_desc.cc:198] cpu time is 41.1111
[2022-12-05 16:50:28.101315: E /samgraph/3rdparty/collcachelib/coll_cache_lib/coll_cache/asymm_link_desc.cc:196] build symm link desc with 6X NVIDIA A100-SXM4-80GB out of 8
[2022-12-05 16:50:28.101335: E /samgraph/3rdparty/collcachelib/coll_cache_lib/coll_cache/asymm_link_desc.cc:197] remote time is 10.8824
[2022-12-05 16:50:28.101346: E /samgraph/3rdparty/collcachelib/coll_cache_lib/coll_cache/asymm_link_desc.cc:198] cpu time is 41.1111
[2022-12-05 16:50:28.107856: E /samgraph/3rdparty/collcachelib/coll_cache_lib/run_config.cc:134] using concurrent impl MPS
[2022-12-05 16:50:28.108936: E /samgraph/3rdparty/collcachelib/coll_cache_lib/coll_cache/asymm_link_desc.cc:196] build symm link desc with 6X NVIDIA A100-SXM4-80GB out of 8
[2022-12-05 16:50:28.108958: E /samgraph/3rdparty/collcachelib/coll_cache_lib/coll_cache/asymm_link_desc.cc:197] remote time is 10.8824
[2022-12-05 16:50:28.108969: E /samgraph/3rdparty/collcachelib/coll_cache_lib/coll_cache/asymm_link_desc.cc:198] cpu time is 41.1111
[2022-12-05 16:50:41.311009: E /samgraph/3rdparty/collcachelib/coll_cache_lib/facade.cc:115] solver created. now build & solve
[2022-12-05 16:50:41.366875: E /samgraph/3rdparty/collcachelib/coll_cache_lib/facade.cc:120] solver built. now solve
block 0 storage is 00000001
	access is	0	0	0	0	0	0	
block 1 storage is 00000010
	access is	1	1	1	1	1	1	
block 2 storage is 00000100
	access is	2	2	2	2	2	2	
block 3 storage is 00001000
	access is	3	3	3	3	3	3	
block 4 storage is 00010000
	access is	4	4	4	4	4	4	
block 5 storage is 00100000
	access is	5	5	5	5	5	5	
block 6 storage is 00000000
	access is	6	6	6	6	6	6	
[2022-12-05 16:50:42.190741: E /samgraph/3rdparty/collcachelib/coll_cache_lib/facade.cc:124] solver solved
[2022-12-05 16:50:42.190782: E /samgraph/3rdparty/collcachelib/coll_cache_lib/facade.cc:187] 0 solved master
[2022-12-05 16:50:42.190801: E /samgraph/3rdparty/collcachelib/coll_cache_lib/facade.cc:194] 0 solved
[2022-12-05 16:50:42.190811: E /samgraph/3rdparty/collcachelib/coll_cache_lib/facade.cc:197] worker 0 thread 0 initing device 0
[2022-12-05 16:50:42.191491: E /samgraph/3rdparty/collcachelib/coll_cache_lib/cache_context.cu:1762] Building Coll Cache with ... num gpu device is 6
[2022-12-05 16:50:42.205520: E /samgraph/3rdparty/collcachelib/coll_cache_lib/facade.cc:194] 4 solved
[2022-12-05 16:50:42.205571: E /samgraph/3rdparty/collcachelib/coll_cache_lib/facade.cc:197] worker 4 thread 4 initing device 4
[2022-12-05 16:50:42.205821: E /samgraph/3rdparty/collcachelib/coll_cache_lib/facade.cc:194] 5 solved
[2022-12-05 16:50:42.205860: E /samgraph/3rdparty/collcachelib/coll_cache_lib/facade.cc:197] worker 5 thread 5 initing device 5
[2022-12-05 16:50:42.206258: E /samgraph/3rdparty/collcachelib/coll_cache_lib/cache_context.cu:1762] Building Coll Cache with ... num gpu device is 6
[2022-12-05 16:50:42.206783: E /samgraph/3rdparty/collcachelib/coll_cache_lib/cache_context.cu:1762] Building Coll Cache with ... num gpu device is 6
[2022-12-05 16:50:42.206870: E /samgraph/3rdparty/collcachelib/coll_cache_lib/facade.cc:194] 3 solved
[2022-12-05 16:50:42.206903: E /samgraph/3rdparty/collcachelib/coll_cache_lib/facade.cc:197] worker 3 thread 3 initing device 3
[2022-12-05 16:50:42.207850: E /samgraph/3rdparty/collcachelib/coll_cache_lib/cache_context.cu:1762] Building Coll Cache with ... num gpu device is 6
[[2022-12-05 16:50:42.2022-12-05 16:50:42216684.: 216684E:  E/samgraph/3rdparty/collcachelib/coll_cache_lib/facade.cc :/samgraph/3rdparty/collcachelib/coll_cache_lib/facade.cc194:] 194] 1 solved2 solved

[[2022-12-05 16:50:422022-12-05 16:50:42..216743216743: : EE  /samgraph/3rdparty/collcachelib/coll_cache_lib/facade.cc/samgraph/3rdparty/collcachelib/coll_cache_lib/facade.cc::197197] ] worker 1 thread 1 initing device 1worker 2 thread 2 initing device 2

[2022-12-05 16:50:42.217622[: 2022-12-05 16:50:42E. 217633/samgraph/3rdparty/collcachelib/coll_cache_lib/cache_context.cu: :E1762 ] /samgraph/3rdparty/collcachelib/coll_cache_lib/cache_context.cu:Building Coll Cache with ... num gpu device is 61762
] Building Coll Cache with ... num gpu device is 6
[2022-12-05 16:50:42.247216: W /samgraph/3rdparty/collcachelib/coll_cache_lib/cpu/cpu_device.cc:39] WORKER[0] alloc host memory 70.61 MB
[[[[[[2022-12-05 16:50:432022-12-05 16:50:432022-12-05 16:50:432022-12-05 16:50:432022-12-05 16:50:432022-12-05 16:50:43...... 79346 79346 79346 79346 79346 79346: : : : : : EEEEEE      /samgraph/3rdparty/collcachelib/coll_cache_lib/cache_context.cu/samgraph/3rdparty/collcachelib/coll_cache_lib/cache_context.cu/samgraph/3rdparty/collcachelib/coll_cache_lib/cache_context.cu/samgraph/3rdparty/collcachelib/coll_cache_lib/cache_context.cu/samgraph/3rdparty/collcachelib/coll_cache_lib/cache_context.cu/samgraph/3rdparty/collcachelib/coll_cache_lib/cache_context.cu::::::187118711871187118711871] ] Device 1 init p2p of link 2] ] ] ] Device 2 init p2p of link 3
Device 5 init p2p of link 0Device 0 init p2p of link 1Device 3 init p2p of link 4Device 4 init p2p of link 5




[2022-12-05 16:50:43. 85375: E /samgraph/3rdparty/collcachelib/coll_cache_lib/cache_context.cu:1871] Device 1 init p2p of link 3
[2022-12-05 16:50:43. 86725: E /samgraph/3rdparty/collcachelib/coll_cache_lib/cache_context.cu:1871] Device 5 init p2p of link 1
[2022-12-05 16:50:43. 86946: E /samgraph/3rdparty/collcachelib/coll_cache_lib/cache_context.cu:1871] Device 2 init p2p of link 4
[2022-12-05 16:50:43. 87272: E /samgraph/3rdparty/collcachelib/coll_cache_lib/cache_context.cu:1871] Device 4 init p2p of link 0
[2022-12-05 16:50:43. 87378: E /samgraph/3rdparty/collcachelib/coll_cache_lib/cache_context.cu:1871] Device 0 init p2p of link 2
[2022-12-05 16:50:43. 87692: E /samgraph/3rdparty/collcachelib/coll_cache_lib/cache_context.cu:1871] Device 3 init p2p of link 5
[2022-12-05 16:50:43. 89580: E /samgraph/3rdparty/collcachelib/coll_cache_lib/cache_context.cu:1871] Device 1 init p2p of link 4
[2022-12-05 16:50:43. 90969: E /samgraph/3rdparty/collcachelib/coll_cache_lib/cache_context.cu:1871] Device 5 init p2p of link 2
[2022-12-05 16:50:43. 91355: E /samgraph/3rdparty/collcachelib/coll_cache_lib/cache_context.cu:1871] Device 2 init p2p of link 5
[2022-12-05 16:50:43. 92725: E /samgraph/3rdparty/collcachelib/coll_cache_lib/cache_context.cu:1871] Device 4 init p2p of link 1
[2022-12-05 16:50:43. 93270: E /samgraph/3rdparty/collcachelib/coll_cache_lib/cache_context.cu:1871] Device 0 init p2p of link 3
[2022-12-05 16:50:43. 93546: E /samgraph/3rdparty/collcachelib/coll_cache_lib/cache_context.cu:1871] Device 3 init p2p of link 0
[2022-12-05 16:50:43. 94276: E /samgraph/3rdparty/collcachelib/coll_cache_lib/cache_context.cu:1871] Device 1 init p2p of link 5
[2022-12-05 16:50:43. 95966: E /samgraph/3rdparty/collcachelib/coll_cache_lib/cache_context.cu:1871] Device 5 init p2p of link 3
[2022-12-05 16:50:43. 96339: E /samgraph/3rdparty/collcachelib/coll_cache_lib/cache_context.cu:1871] Device 2 init p2p of link 0
[2022-12-05 16:50:43. 97356: E /samgraph/3rdparty/collcachelib/coll_cache_lib/cache_context.cu:1871] Device 4 init p2p of link 2
[2022-12-05 16:50:43. 97768: E /samgraph/3rdparty/collcachelib/coll_cache_lib/cache_context.cu:1871] Device 0 init p2p of link 4
[2022-12-05 16:50:43. 99019: E /samgraph/3rdparty/collcachelib/coll_cache_lib/cache_context.cu:1871] Device 3 init p2p of link 1
[2022-12-05 16:50:43. 99406: E /samgraph/3rdparty/collcachelib/coll_cache_lib/cache_context.cu:1871] Device 1 init p2p of link 0
[2022-12-05 16:50:43.100464: E /samgraph/3rdparty/collcachelib/coll_cache_lib/cache_context.cu:1871] Device 5 init p2p of link 4
[2022-12-05 16:50:43.101210: E /samgraph/3rdparty/collcachelib/coll_cache_lib/cache_context.cu:1871] Device 2 init p2p of link 1
[2022-12-05 16:50:43.102450: E /samgraph/3rdparty/collcachelib/coll_cache_lib/cache_context.cu:1871] Device 4 init p2p of link 3
[2022-12-05 16:50:43.102878: E /samgraph/3rdparty/collcachelib/coll_cache_lib/cache_context.cu:1871] Device 0 init p2p of link 5
[2022-12-05 16:50:43.104015: E /samgraph/3rdparty/collcachelib/coll_cache_lib/cache_context.cu:1871] Device 3 init p2p of link 2
[2022-12-05 16:50:43.104922: E /samgraph/3rdparty/collcachelib/coll_cache_lib/cache_context.cu:1900] Asymm Coll cache (policy: clique_part) | local 18509992 / 111059956 nodes ( 16.67 %~25.00 %) | remote 92549960 / 111059956 nodes ( 83.33 %) | cpu 4 / 111059956 nodes ( 0.00 %) | 8.83 GB | 0.88726 secs 
[2022-12-05 16:50:43.107001: E /samgraph/3rdparty/collcachelib/coll_cache_lib/cache_context.cu:1900] Asymm Coll cache (policy: clique_part) | local 18509992 / 111059956 nodes ( 16.67 %~25.00 %) | remote 92549960 / 111059956 nodes ( 83.33 %) | cpu 4 / 111059956 nodes ( 0.00 %) | 8.83 GB | 0.900195 secs 
[2022-12-05 16:50:43.107501: E /samgraph/3rdparty/collcachelib/coll_cache_lib/cache_context.cu:1900] Asymm Coll cache (policy: clique_part) | local 18509992 / 111059956 nodes ( 16.67 %~25.00 %) | remote 92549960 / 111059956 nodes ( 83.33 %) | cpu 4 / 111059956 nodes ( 0.00 %) | 8.83 GB | 0.889843 secs 
[2022-12-05 16:50:43.108947: E /samgraph/3rdparty/collcachelib/coll_cache_lib/cache_context.cu:1900] Asymm Coll cache (policy: clique_part) | local 18509992 / 111059956 nodes ( 16.67 %~25.00 %) | remote 92549960 / 111059956 nodes ( 83.33 %) | cpu 4 / 111059956 nodes ( 0.00 %) | 8.83 GB | 0.902663 secs 
[2022-12-05 16:50:43.110775: E /samgraph/3rdparty/collcachelib/coll_cache_lib/cache_context.cu:1900] Asymm Coll cache (policy: clique_part) | local 18509992 / 111059956 nodes ( 16.67 %~25.00 %) | remote 92549960 / 111059956 nodes ( 83.33 %) | cpu 4 / 111059956 nodes ( 0.00 %) | 8.83 GB | 0.919259 secs 
[2022-12-05 16:50:43.111587: W /samgraph/3rdparty/collcachelib/coll_cache_lib/cache_context.cu:2004] before create ctx, mem is 10.80 GB
[2022-12-05 16:50:43.114070: E /samgraph/3rdparty/collcachelib/coll_cache_lib/cache_context.cu:1900] Asymm Coll cache (policy: clique_part) | local 18509992 / 111059956 nodes ( 16.67 %~25.00 %) | remote 92549960 / 111059956 nodes ( 83.33 %) | cpu 4 / 111059956 nodes ( 0.00 %) | 8.83 GB | 0.906191 secs 
[2022-12-05 16:50:44.246010: W /samgraph/3rdparty/collcachelib/coll_cache_lib/cache_context.cu:2010] after create ctx, mem is 11.23 GB
[2022-12-05 16:50:44.248373: W /samgraph/3rdparty/collcachelib/coll_cache_lib/cache_context.cu:2017] after create stream, mem is 11.23 GB
[2022-12-05 16:50:44.249802: W /samgraph/3rdparty/collcachelib/coll_cache_lib/cache_context.cu:2004] before create ctx, mem is 11.23 GB
[2022-12-05 16:50:45.372603: W /samgraph/3rdparty/collcachelib/coll_cache_lib/cache_context.cu:2010] after create ctx, mem is 11.65 GB
[2022-12-05 16:50:45.373072: W /samgraph/3rdparty/collcachelib/coll_cache_lib/cache_context.cu:2017] after create stream, mem is 11.65 GB
[2022-12-05 16:50:45.374347: W /samgraph/3rdparty/collcachelib/coll_cache_lib/cache_context.cu:2004] before create ctx, mem is 11.65 GB
[2022-12-05 16:50:46.587336: W /samgraph/3rdparty/collcachelib/coll_cache_lib/cache_context.cu:2010] after create ctx, mem is 12.08 GB
[2022-12-05 16:50:46.587463: W /samgraph/3rdparty/collcachelib/coll_cache_lib/cache_context.cu:2017] after create stream, mem is 12.08 GB
[2022-12-05 16:50:46.587688: W /samgraph/3rdparty/collcachelib/coll_cache_lib/cache_context.cu:2004] before create ctx, mem is 12.08 GB
[2022-12-05 16:50:47.994035: W /samgraph/3rdparty/collcachelib/coll_cache_lib/cache_context.cu:2010] after create ctx, mem is 12.51 GB
[2022-12-05 16:50:47.994979: W /samgraph/3rdparty/collcachelib/coll_cache_lib/cache_context.cu:2017] after create stream, mem is 12.51 GB
[2022-12-05 16:50:47.995218: W /samgraph/3rdparty/collcachelib/coll_cache_lib/cache_context.cu:2004] before create ctx, mem is 12.51 GB
[2022-12-05 16:50:49.267937: W /samgraph/3rdparty/collcachelib/coll_cache_lib/cache_context.cu:2010] after create ctx, mem is 12.93 GB
[2022-12-05 16:50:49.268108: W /samgraph/3rdparty/collcachelib/coll_cache_lib/cache_context.cu:2017] after create stream, mem is 12.93 GB
[2022-12-05 16:50:49.268385: W /samgraph/3rdparty/collcachelib/coll_cache_lib/cache_context.cu:2004] before create ctx, mem is 12.93 GB
[2022-12-05 16:50:50.515667: W /samgraph/3rdparty/collcachelib/coll_cache_lib/cache_context.cu:2010] after create ctx, mem is 13.69 GB
[2022-12-05 16:50:50.515756: W /samgraph/3rdparty/collcachelib/coll_cache_lib/cache_context.cu:2017] after create stream, mem is 13.69 GB
[2022-12-05 16:50:50.515946: W /samgraph/3rdparty/collcachelib/coll_cache_lib/cache_context.cu:2004] before create ctx, mem is 13.69 GB
[2022-12-05 16:50:51.556360: W /samgraph/3rdparty/collcachelib/coll_cache_lib/cache_context.cu:2010] after create ctx, mem is 14.07 GB
[2022-12-05 16:50:51.556468: W /samgraph/3rdparty/collcachelib/coll_cache_lib/cache_context.cu:2017] after create stream, mem is 14.07 GB
[2022-12-05 16:50:59.152088: W /samgraph/samgraph/common/cuda/cuda_device.cc:49] GPU[0] alloc cuda memory 22.27 MB
[2022-12-05 16:50:59.153398: W /samgraph/samgraph/common/cuda/cuda_device.cc:49] GPU[0] alloc cuda memory 26.76 MB
[2022-12-05 16:50:59.154424: W /samgraph/samgraph/common/cuda/cuda_device.cc:49] GPU[0] alloc cuda memory 26.76 MB
[2022-12-05 16:50:59.165298: W /samgraph/samgraph/common/cuda/cuda_device.cc:49] GPU[0] alloc cuda memory 2.23 GB
[2022-12-05 16:50:59.167697: W /samgraph/samgraph/common/cuda/cuda_device.cc:49] GPU[0] alloc cuda memory 22.27 MB
[2022-12-05 16:50:59.168573: W /samgraph/samgraph/common/cuda/cuda_device.cc:49] GPU[0] alloc cuda memory 44.53 MB
[2022-12-05 16:50:59.169206: W /samgraph/samgraph/common/cuda/cuda_device.cc:49] GPU[0] alloc cuda memory 22.27 MB
[2022-12-05 16:50:59.169530: W /samgraph/samgraph/common/cuda/cuda_device.cc:49] GPU[0] alloc cuda memory 44.53 MB
[2022-12-05 16:51:00.456966: W /samgraph/samgraph/common/cuda/cuda_device.cc:49] GPU[0] alloc cuda memory 20.42 MB
[2022-12-05 16:51:00.458262: W /samgraph/samgraph/common/cuda/cuda_device.cc:49] GPU[0] alloc cuda memory 24.33 MB
[2022-12-05 16:51:00.459300: W /samgraph/samgraph/common/cuda/cuda_device.cc:49] GPU[0] alloc cuda memory 24.33 MB
[2022-12-05 16:51:00.472881: W /samgraph/samgraph/common/cuda/cuda_device.cc:49] GPU[0] alloc cuda memory 2.23 GB
[2022-12-05 16:51:00.473639: W /samgraph/samgraph/common/cuda/cuda_device.cc:49] GPU[0] alloc cuda memory 20.42 MB
[2022-12-05 16:51:00.474475: W /samgraph/samgraph/common/cuda/cuda_device.cc:49] GPU[0] alloc cuda memory 40.84 MB
/usr/local/lib/python3.8/dist-packages/torch/nn/parallel/scatter_gather.py:9: UserWarning: is_namedtuple is deprecated, please use the python checks instead
  warnings.warn("is_namedtuple is deprecated, please use the python checks instead")
/usr/local/lib/python3.8/dist-packages/torch/nn/parallel/scatter_gather.py:9: UserWarning: is_namedtuple is deprecated, please use the python checks instead
  warnings.warn("is_namedtuple is deprecated, please use the python checks instead")
/usr/local/lib/python3.8/dist-packages/torch/nn/parallel/scatter_gather.py:9: UserWarning: is_namedtuple is deprecated, please use the python checks instead
  warnings.warn("is_namedtuple is deprecated, please use the python checks instead")
/usr/local/lib/python3.8/dist-packages/torch/nn/parallel/scatter_gather.py:9: UserWarning: is_namedtuple is deprecated, please use the python checks instead
  warnings.warn("is_namedtuple is deprecated, please use the python checks instead")
/usr/local/lib/python3.8/dist-packages/torch/nn/parallel/scatter_gather.py:9: UserWarning: is_namedtuple is deprecated, please use the python checks instead
  warnings.warn("is_namedtuple is deprecated, please use the python checks instead")
/usr/local/lib/python3.8/dist-packages/torch/nn/parallel/scatter_gather.py:9: UserWarning: is_namedtuple is deprecated, please use the python checks instead
  warnings.warn("is_namedtuple is deprecated, please use the python checks instead")
