config:eval_tsp="2022-12-06 04:39:39"
config:arch=arch5
config:num_train_worker=6
config:num_sample_worker=2
config:sample_type=khop2
config:root_path=/nvme/graph-learning-copy/samgraph/
config:dataset=mag240m-homo
config:pipeline=False
config:cache_policy=rep
config:cache_percentage=0.02
config:num_epoch=4
config:batch_size=1000
config:num_hidden=256
config:max_sampling_jobs=1
config:max_copying_jobs=1
config:barriered_epoch=1
config:presample_epoch=2
config:omp_thread_num=6
config:unsupervised=True
config:amp=True
config:rolling=0
config:fanout=[25, 10]
config:lr=0.003
config:dropout=0.5
config:single_gpu=False
config:max_num_step=1000
config:validate_configs=False
config:report_acc=0
config:dataset_path=/nvme/graph-learning-copy/samgraph/mag240m-homo
config:torch_thread_num=9
config:train_workers=['cuda:0', 'cuda:1', 'cuda:2', 'cuda:3', 'cuda:4', 'cuda:5']
config:sample_workers=['cuda:6', 'cuda:7']
config:num_fanout=2
config:num_layer=2
config:_run_mode=RunMode.FGNN
config:_log_level=warn
config:_profile_level=3
config:_empty_feat=0
config:_arch=5
config:_sample_type=5
config:_cache_policy=12
test_result:init:input_scale_factor=1.13744
0 :  {link #0 : 1}, {link #1 : 2}, {link #2 : 3}, {link #3 : 4}, {link #4 : 5},
1 :  {link #0 : 2}, {link #1 : 3}, {link #2 : 4}, {link #3 : 5}, {link #4 : 0},
2 :  {link #0 : 3}, {link #1 : 4}, {link #2 : 5}, {link #3 : 0}, {link #4 : 1},
3 :  {link #0 : 4}, {link #1 : 5}, {link #2 : 0}, {link #3 : 1}, {link #4 : 2},
4 :  {link #0 : 5}, {link #1 : 0}, {link #2 : 1}, {link #3 : 2}, {link #4 : 3},
5 :  {link #0 : 0}, {link #1 : 1}, {link #2 : 2}, {link #3 : 3}, {link #4 : 4},
0 :  {link #0 : 1}, {link #1 : 2}, {link #2 : 3}, {link #3 : 4}, {link #4 : 5},
1 :  {link #0 : 2}, {link #1 : 3}, {link #2 : 4}, {link #3 : 5}, {link #4 : 0},
2 :  {link #0 : 3}, {link #1 : 4}, {link #2 : 5}, {link #3 : 0}, {link #4 : 1},
3 :  {link #0 : 4}, {link #1 : 5}, {link #2 : 0}, {link #3 : 1}, {link #4 : 2},
4 :  {link #0 : 5}, {link #1 : 0}, {link #2 : 1}, {link #3 : 2}, {link #4 : 3},
5 :  {link #0 : 0}, {link #1 : 1}, {link #2 : 2}, {link #3 : 3}, {link #4 : 4},
0 :  {link #0 : 1}, {link #1 : 2}, {link #2 : 3}, {link #3 : 4}, {link #4 : 5},
1 :  {link #0 : 2}, {link #1 : 3}, {link #2 : 4}, {link #3 : 5}, {link #4 : 0},
2 :  {link #0 : 3}, {link #1 : 4}, {link #2 : 5}, {link #3 : 0}, {link #4 : 1},
3 :  {link #0 : 4}, {link #1 : 5}, {link #2 : 0}, {link #3 : 1}, {link #4 : 2},
4 :  {link #0 : 5}, {link #1 : 0}, {link #2 : 1}, {link #3 : 2}, {link #4 : 3},
5 :  {link #0 : 0}, {link #1 : 1}, {link #2 : 2}, {link #3 : 3}, {link #4 : 4},
0 :  {link #0 : 1}, {link #1 : 2}, {link #2 : 3}, {link #3 : 4}, {link #4 : 5},
1 :  {link #0 : 2}, {link #1 : 3}, {link #2 : 4}, {link #3 : 5}, {link #4 : 0},
2 :  {link #0 : 3}, {link #1 : 4}, {link #2 : 5}, {link #3 : 0}, {link #4 : 1},
3 :  {link #0 : 4}, {link #1 : 5}, {link #2 : 0}, {link #3 : 1}, {link #4 : 2},
4 :  {link #0 : 5}, {link #1 : 0}, {link #2 : 1}, {link #3 : 2}, {link #4 : 3},
5 :  {link #0 : 0}, {link #1 : 1}, {link #2 : 2}, {link #3 : 3}, {link #4 : 4},
0 :  {link #0 : 1}, {link #1 : 2}, {link #2 : 3}, {link #3 : 4}, {link #4 : 5},
1 :  {link #0 : 2}, {link #1 : 3}, {link #2 : 4}, {link #3 : 5}, {link #4 : 0},
2 :  {link #0 : 3}, {link #1 : 4}, {link #2 : 5}, {link #3 : 0}, {link #4 : 1},
3 :  {link #0 : 4}, {link #1 : 5}, {link #2 : 0}, {link #3 : 1}, {link #4 : 2},
4 :  {link #0 : 5}, {link #1 : 0}, {link #2 : 1}, {link #3 : 2}, {link #4 : 3},
5 :  {link #0 : 0}, {link #1 : 1}, {link #2 : 2}, {link #3 : 3}, {link #4 : 4},
0 :  {link #0 : 1}, {link #1 : 2}, {link #2 : 3}, {link #3 : 4}, {link #4 : 5},
1 :  {link #0 : 2}, {link #1 : 3}, {link #2 : 4}, {link #3 : 5}, {link #4 : 0},
2 :  {link #0 : 3}, {link #1 : 4}, {link #2 : 5}, {link #3 : 0}, {link #4 : 1},
3 :  {link #0 : 4}, {link #1 : 5}, {link #2 : 0}, {link #3 : 1}, {link #4 : 2},
4 :  {link #0 : 5}, {link #1 : 0}, {link #2 : 1}, {link #3 : 2}, {link #4 : 3},
5 :  {link #0 : 0}, {link #1 : 1}, {link #2 : 2}, {link #3 : 3}, {link #4 : 4},
coll_cache:optimal_rep_storage=0.02
coll_cache:optimal_part_storage=0
coll_cache:optimal_cpu_storage=0.98
coll_cache:optimal_local_storage=0.02
coll_cache:optimal_remote_storage=0
coll_cache:optimal_local_rate=0.329672
coll_cache:optimal_remote_rate=0
coll_cache:optimal_cpu_rate=0.670328
z=11059.3
test_result:init:feat_nbytes=375030526464
test_result:init:cache_nbytes=7500609024
test_result:init:feat_nbytes=375030526464
test_result:init:cache_nbytes=7500609024
test_result:init:feat_nbytes=375030526464
test_result:init:cache_nbytes=7500609024
test_result:init:feat_nbytes=375030526464
test_result:init:cache_nbytes=7500609024
test_result:init:feat_nbytes=375030526464
test_result:init:cache_nbytes=7500609024
test_result:init:feat_nbytes=375030526464
test_result:init:cache_nbytes=7500609024
[Train  Worker 4/6] Started with PID 84106(NVIDIA A100-SXM4-80GB)
[Train  Worker 4] run train for 4 epochs with 1002 steps
[Train  Worker 5/6] Started with PID 84109(NVIDIA A100-SXM4-80GB)
[Train  Worker 5] run train for 4 epochs with 1002 steps
[Train  Worker 3/6] Started with PID 84103(NVIDIA A100-SXM4-80GB)
[Train  Worker 3] run train for 4 epochs with 1002 steps
[Train  Worker 2/6] Started with PID 84100(NVIDIA A100-SXM4-80GB)
[Train  Worker 2] run train for 4 epochs with 1002 steps
[CUDA] cuda0: usage: 16.89 GB
[SAM] cuda0 data alloc        : 0.00 Bytes
[SAM] cuda0 workspace         : 1.65 GB
[SAM] cuda0 workspace reserve : 840.39 MB
[SAM] cuda0 total             : 1.65 GB
[Train  Worker 0/6] Started with PID 84094(NVIDIA A100-SXM4-80GB)
[Train  Worker 0] run train for 4 epochs with 1002 steps
Epoch 00000 | Epoch Time 9.2842 | Total Train Time(Profiler) 2.6168 | Copy Time 6.6554
[Train  Worker 1/6] Started with PID 84097(NVIDIA A100-SXM4-80GB)
[Train  Worker 1] run train for 4 epochs with 1002 steps
[CUDA] cuda0: usage: 16.89 GB
[SAM] cuda0 data alloc        : 0.00 Bytes
[SAM] cuda0 workspace         : 1.65 GB
[SAM] cuda0 workspace reserve : 840.05 MB
[SAM] cuda0 total             : 1.65 GB
Epoch 00001 | Epoch Time 7.9634 | Total Train Time(Profiler) 1.2959 | Copy Time 6.6550
[CUDA] cuda0: usage: 16.89 GB
[SAM] cuda0 data alloc        : 0.00 Bytes
[SAM] cuda0 workspace         : 1.65 GB
[SAM] cuda0 workspace reserve : 840.14 MB
[SAM] cuda0 total             : 1.65 GB
Epoch 00002 | Epoch Time 7.9681 | Total Train Time(Profiler) 1.3284 | Copy Time 6.6270
[CUDA] cuda0: usage: 16.89 GB
[SAM] cuda0 data alloc        : 0.00 Bytes
[SAM] cuda0 workspace         : 1.65 GB
[SAM] cuda0 workspace reserve : 840.79 MB
[SAM] cuda0 total             : 1.65 GB
Epoch 00003 | Epoch Time 7.9837 | Total Train Time(Profiler) 1.3327 | Copy Time 6.6395
[Train  Worker 2] Avg Epoch Time 7.9717 | Train Total Time(Profiler) 1.2935 | Copy Time 6.6669
[Train  Worker 3] Avg Epoch Time 7.9717 | Train Total Time(Profiler) 1.3362 | Copy Time 6.6236
[Train  Worker 5] Avg Epoch Time 7.9718 | Train Total Time(Profiler) 1.2934 | Copy Time 6.6664
[Train  Worker 0] Avg Epoch Time 7.9717 | Train Total Time(Profiler) 1.3190 | Copy Time 6.6405
[Train  Worker 1] Avg Epoch Time 7.9717 | Train Total Time(Profiler) 1.3003 | Copy Time 6.6600
[Train  Worker 4] Avg Epoch Time 7.9716 | Train Total Time(Profiler) 1.3006 | Copy Time 6.6588
[Sample Worker 1/2] Started with PID 84090(NVIDIA A100-SXM4-80GB)
[Sample Worker 1] run sample for 4 epochs with 501 steps
[Sample Worker 1] Avg Sample Total Time 0.7596 | Sampler Total Time(Profiler) 0.7564
    [Step(average) Profiler Level 1 E3 S500]
        L1  sample           0.001147 | send           0.000335
        L1  recv             0.000000 | copy           0.000000 | convert time 0.000000 | train  0.000000
        L1  feature nbytes 0.00 Bytes | label nbytes 0.00 Bytes
        L1  id nbytes      0.00 Bytes | graph nbytes 0.00 Bytes
        L1  miss nbytes    0.00 Bytes | remote nbytes 0.00 Bytes
        L1  num nodes          484062 | num samples      550377
    [Step(average) Profiler Level 2 E3 S500]
        L2  shuffle     0.000037 | core sample  0.000525 | id remap        0.000369
        L2  graph copy  0.000000 | id copy      0.000000 | cache feat copy 0.000000
        L2  last layer sample time 0.000279 | size 24927.221557
    [Step(average) Profiler Level 3 E3 S500]
        L3  khop sample coo  0.000290 | khop sort coo      0.000000 | khop count edge     0.000035 | khop compact edge 0.000152
        L3  walk sample coo  0.000000 | walk topk total    0.000000 | walk topk step1     0.000000 | walk topk step2   0.000000
        L3  walk topk step3  0.000000 | walk topk step4    0.000000 | walk topk step5     0.000000
        L3  walk topk step6  0.000000 | walk topk step7    0.000000
        L3  remap unique     0.000209 | remap populate     0.000302 | remap mapnode       0.000000 | remap mapedge     0.000083
        L3  cache get_index  0.000000 | cache copy_index   0.000000 | cache extract_miss  0.000000
        L3  cache copy_miss  0.000000 | cache combine_miss 0.000000 | cache combine cache 0.000000 | cache combine remote 0.000000
        L3  label extract  0.000000
    [Init Profiler Level 1]
        L1  init     4.4945 | sampler init    32.6902 | trainer init 0.0000
    [Init Profiler Level 2]
        L2  load ds         6.1279 | init queue          19.7571
        L2  presample       9.5021 | build interal ds     1.7961
        L2  build cache     0.0000
    [Init Profiler Level 3]
        L3  load dataset: mmap     4.4931 | copy         1.6348
        L3  dist queue: alloc      0.0003 | pin         19.7567 | push     0.0000
        L3  presample: init        0.3180
        L3  presample: sample      2.4696 | copy         0.1852
        L3  presample: count       5.7771 | sort         0.3276
        L3  presample: reset       0.0011 | get rank     0.0568
        L3  internal: cuda ctx     1.5869 | cuda stream     0.2065
[Sample Worker 0/2] Started with PID 84088(NVIDIA A100-SXM4-80GB)
[Sample Worker 0] run sample for 4 epochs with 501 steps
[Sample Worker 0] Avg Sample Total Time 0.7458 | Sampler Total Time(Profiler) 0.7424
test_result:sample_time=0.5747
test_result:get_cache_miss_index_time=0.0000
test_result:enqueue_samples_time=0.1677
test_result:epoch_time:sample_total=0.7458
[CUDA] cuda0: usage: 16.89 GB
[SAM] cuda0 data alloc        : 0.00 Bytes
[SAM] cuda0 workspace         : 1.65 GB
[SAM] cuda0 workspace reserve : 840.79 MB
[SAM] cuda0 total             : 1.65 GB
    [Step(average) Profiler Level 1 E3 S1001]
        L1  sample           0.000000 | send           0.000000
        L1  recv             0.000608 | copy           0.039837 | convert time 0.000341 | train  0.007487
        L1  feature nbytes  709.16 MB | label nbytes    7.81 KB
        L1  id nbytes      0.00 Bytes | graph nbytes 0.00 Bytes
        L1  miss nbytes     481.50 MB | remote nbytes 0.00 Bytes
        L1  num nodes               0 | num samples           0
    [Step(average) Profiler Level 2 E3 S1001]
        L2  shuffle     0.000000 | core sample  0.000000 | id remap        0.000000
        L2  graph copy  0.000003 | id copy      0.000000 | cache feat copy 0.039225
        L2  last layer sample time 0.000000 | size 0.000000
    [Step(average) Profiler Level 3 E3 S1001]
        L3  khop sample coo  0.000000 | khop sort coo      0.000000 | khop count edge     0.000000 | khop compact edge 0.000000
        L3  walk sample coo  0.000000 | walk topk total    0.000000 | walk topk step1     0.000000 | walk topk step2   0.000000
        L3  walk topk step3  0.000000 | walk topk step4    0.000000 | walk topk step5     0.000000
        L3  walk topk step6  0.000000 | walk topk step7    0.000000
        L3  remap unique     0.000000 | remap populate     0.000000 | remap mapnode       0.000000 | remap mapedge     0.000000
        L3  cache get_index  0.000214 | cache copy_index   0.000000 | cache extract_miss  0.000000
        L3  cache copy_miss  0.000000 | cache combine_miss 0.038985 | cache combine cache 0.000529 | cache combine remote 0.000000
        L3  label extract  0.000017
    [Step(max) Profiler Level 1 E3 S1001]
        L1  sample           0.000000 | send           0.000000
        L1  recv             0.000000 | copy           0.000000 | convert time 0.000000 | train  0.000000
        L1  feature nbytes 0.00 Bytes | label nbytes 0.00 Bytes
        L1  id nbytes      0.00 Bytes | graph nbytes    4.33 MB
        L1  miss nbytes    0.00 Bytes | remote nbytes 0.00 Bytes
        L1  num nodes               0 | num samples           0
    [Step(max) Profiler Level 2 E3 S1001]
        L2  shuffle     0.000000 | core sample  0.000000 | id remap        0.000000
        L2  graph copy  0.000000 | id copy      0.000000 | cache feat copy 0.000000
        L2  last layer sample time 0.000000 | size 0.000000
    [Step(max) Profiler Level 3 E3 S1001]
        L3  khop sample coo  0.000000 | khop sort coo      0.000000 | khop count edge     0.000000 | khop compact edge 0.000000
        L3  walk sample coo  0.000000 | walk topk total    0.000000 | walk topk step1     0.000000 | walk topk step2   0.000000
        L3  walk topk step3  0.000000 | walk topk step4    0.000000 | walk topk step5     0.000000
        L3  walk topk step6  0.000000 | walk topk step7    0.000000
        L3  remap unique     0.000000 | remap populate     0.000000 | remap mapnode       0.000000 | remap mapedge     0.000000
        L3  cache get_index  0.000000 | cache copy_index   0.000000 | cache extract_miss  0.000000
        L3  cache copy_miss  0.000000 | cache combine_miss 0.000000 | cache combine cache 0.000000 | cache combine remote 0.000000
        L3  label extract  0.000000
    [Step(min) Profiler Level 1 E3 S1001]
        L1  sample           0.000000 | send           0.000000
        L1  recv             0.000000 | copy           0.000000 | convert time 0.000000 | train  0.000000
        L1  feature nbytes 0.00 Bytes | label nbytes 0.00 Bytes
        L1  id nbytes      0.00 Bytes | graph nbytes    4.05 MB
        L1  miss nbytes    0.00 Bytes | remote nbytes 0.00 Bytes
        L1  num nodes               0 | num samples           0
    [Step(min) Profiler Level 2 E3 S1001]
        L2  shuffle     0.000000 | core sample  0.000000 | id remap        0.000000
        L2  graph copy  0.000000 | id copy      0.000000 | cache feat copy 0.000000
        L2  last layer sample time 0.000000 | size 0.000000
    [Step(min) Profiler Level 3 E3 S1001]
        L3  khop sample coo  0.000000 | khop sort coo      0.000000 | khop count edge     0.000000 | khop compact edge 0.000000
        L3  walk sample coo  0.000000 | walk topk total    0.000000 | walk topk step1     0.000000 | walk topk step2   0.000000
        L3  walk topk step3  0.000000 | walk topk step4    0.000000 | walk topk step5     0.000000
        L3  walk topk step6  0.000000 | walk topk step7    0.000000
        L3  remap unique     0.000000 | remap populate     0.000000 | remap mapnode       0.000000 | remap mapedge     0.000000
        L3  cache get_index  0.000000 | cache copy_index   0.000000 | cache extract_miss  0.000000
        L3  cache copy_miss  0.000000 | cache combine_miss 0.000000 | cache combine cache 0.000000 | cache combine remote 0.000000
        L3  label extract  0.000000
    [Init Profiler Level 1]
        L1  init     4.4945 | sampler init     0.0000 | trainer init 130.5057
    [Init Profiler Level 2]
        L2  load ds         4.4931 | init queue          19.8213
        L2  presample       0.0000 | build interal ds     1.5547
        L2  build cache   109.1243
    [Init Profiler Level 3]
        L3  load dataset: mmap     4.4931 | copy         0.0000
        L3  dist queue: alloc      0.0003 | pin         19.8210 | push     0.0000
        L3  presample: init        0.0000
        L3  presample: sample      0.0000 | copy         0.0000
        L3  presample: count       0.0000 | sort         0.0000
        L3  presample: reset       0.0000 | get rank     0.0000
        L3  internal: cuda ctx     1.5546 | cuda stream     0.0000
|===========================================================================|
|                  PyTorch CUDA memory summary, device ID 0                 |
|---------------------------------------------------------------------------|
|            CUDA OOMs: 0            |        cudaMalloc retries: 0         |
|===========================================================================|
|        Metric         | Cur Usage  | Peak Usage | Tot Alloc  | Tot Freed  |
|---------------------------------------------------------------------------|
| Allocated memory      |   23368 KB |  348526 KB |  616876 MB |  616853 MB |
|       from large pool |   14655 KB |  345745 KB |  606594 MB |  606580 MB |
|       from small pool |    8713 KB |   11034 KB |   10281 MB |   10273 MB |
|---------------------------------------------------------------------------|
| Active memory         |   23369 KB |  348526 KB |  616876 MB |  616853 MB |
|       from large pool |   14655 KB |  345745 KB |  606594 MB |  606580 MB |
|       from small pool |    8714 KB |   11034 KB |   10281 MB |   10273 MB |
|---------------------------------------------------------------------------|
| GPU reserved memory   |  405504 KB |  405504 KB |  405504 KB |       0 B  |
|       from large pool |  391168 KB |  391168 KB |  391168 KB |       0 B  |
|       from small pool |   14336 KB |   14336 KB |   14336 KB |       0 B  |
|---------------------------------------------------------------------------|
| Non-releasable memory |    7351 KB |  351258 KB |  627010 MB |  627002 MB |
|       from large pool |    5825 KB |  348803 KB |  616035 MB |  616029 MB |
|       from small pool |    1526 KB |    4853 KB |   10974 MB |   10973 MB |
|---------------------------------------------------------------------------|
| Allocations           |      43    |      62    |   96232    |   96189    |
|       from large pool |       7    |      16    |   34077    |   34070    |
|       from small pool |      36    |      47    |   62155    |   62119    |
|---------------------------------------------------------------------------|
| Active allocs         |      44    |      62    |   96232    |   96188    |
|       from large pool |       7    |      16    |   34077    |   34070    |
|       from small pool |      37    |      47    |   62155    |   62118    |
|---------------------------------------------------------------------------|
| GPU reserved segments |      13    |      13    |      13    |       0    |
|       from large pool |       6    |       6    |       6    |       0    |
|       from small pool |       7    |       7    |       7    |       0    |
|---------------------------------------------------------------------------|
| Non-releasable allocs |      16    |      28    |   40015    |   39999    |
|       from large pool |       1    |      12    |   19602    |   19601    |
|       from small pool |      15    |      21    |   20413    |   20398    |
|---------------------------------------------------------------------------|
| Oversize allocations  |       0    |       0    |       0    |       0    |
|---------------------------------------------------------------------------|
| Oversize GPU segments |       0    |       0    |       0    |       0    |
|===========================================================================|

test_result:epoch_time:copy_time=6.6405
test_result:convert_time=0.0569
test_result:train_time=1.2621
test_result:epoch_time:train_total=1.3190
test_result:cache_percentage=0.0200
test_result:cache_hit_rate=1.0000
test_result:run_time=36.2573
