[2022-12-06 04:29:38.534828: W /samgraph/samgraph/common/cpu/mmap_cpu_device.cc:92] mmap allocating space 12.87 GB
[2022-12-06 04:29:38.534910: W /samgraph/samgraph/common/cpu/mmap_cpu_device.cc:97] mmap allocating space 12.87 GB done
[2022-12-06 04:29:42.336011: W /samgraph/samgraph/common/cpu/mmap_cpu_device.cc:92] mmap allocating space 349.28 GB
[2022-12-06 04:29:42.336104: W /samgraph/samgraph/common/cpu/mmap_cpu_device.cc:97] mmap allocating space 349.28 GB done
[2022-12-06 04:29:42.336125: W /samgraph/samgraph/common/cpu/mmap_cpu_device.cc:92] mmap allocating space 1.82 GB
[2022-12-06 04:29:42.336137: W /samgraph/samgraph/common/cpu/mmap_cpu_device.cc:97] mmap allocating space 1.82 GB done
[2022-12-06 04:29:42.336178: W /samgraph/samgraph/common/cpu/cpu_device.cc:39] WORKER[0] alloc host memory 12.87 GB
[2022-12-06 04:29:42.896941: E /samgraph/samgraph/common/engine.cc:272] Train set size 3.82 MB
[2022-12-06 04:29:42.897337: W /samgraph/samgraph/common/cpu/mmap_cpu_device.cc:92] mmap allocating space 68.50 GB
[2022-12-06 04:29:42.897362: W /samgraph/samgraph/common/cpu/mmap_cpu_device.cc:97] mmap allocating space 68.50 GB done
/usr/lib/python3/dist-packages/requests/__init__.py:89: RequestsDependencyWarning: urllib3 (1.26.12) or chardet (3.0.4) doesn't match a supported version!
  warnings.warn("urllib3 ({}) or chardet ({}) doesn't match a supported "
[2022-12-06 04:29:44.111432: W /samgraph/samgraph/common/dist/dist_engine.cc:662] Trainer[0] initializing...
[2022-12-06 04:29:44.166992: W /samgraph/samgraph/common/dist/dist_engine.cc:662] Trainer[1] initializing...
[2022-12-06 04:29:44.224953: W /samgraph/samgraph/common/dist/dist_engine.cc:662] Trainer[5] initializing...
[2022-12-06 04:29:44.264554: W /samgraph/samgraph/common/dist/dist_engine.cc:662] Trainer[2] initializing...
[2022-12-06 04:29:44.343513: W /samgraph/samgraph/common/dist/dist_engine.cc:662] Trainer[3] initializing...
[2022-12-06 04:29:44.399025: W /samgraph/samgraph/common/dist/dist_engine.cc:662] Trainer[4] initializing...
[2022-12-06 04:29:45.635094: W /samgraph/samgraph/common/dist/dist_engine.cc:666] Trainer[0] pin memory queue...
[2022-12-06 04:29:45.675058: W /samgraph/samgraph/common/dist/dist_engine.cc:666] Trainer[1] pin memory queue...
[2022-12-06 04:29:45.684506: W /samgraph/samgraph/common/dist/dist_engine.cc:666] Trainer[5] pin memory queue...
[2022-12-06 04:29:45.690916: W /samgraph/samgraph/common/dist/dist_engine.cc:666] Trainer[2] pin memory queue...
[2022-12-06 04:29:45.691919: W /samgraph/samgraph/common/dist/dist_engine.cc:666] Trainer[4] pin memory queue...
[2022-12-06 04:29:45.711738: W /samgraph/samgraph/common/dist/dist_engine.cc:666] Trainer[3] pin memory queue...
[2022-12-06 04:30:05.878861: E /samgraph/samgraph/common/dist/dist_engine.cc:85] Running on A100
[2022-12-06 04:30:05.879351: E /samgraph/samgraph/common/dist/dist_engine.cc:85] Running on A100
[2022-12-06 04:30:05.880101: W /samgraph/samgraph/common/dist/dist_engine.cc:701] Trainer[5] register host memory...
[2022-12-06 04:30:05.880421: W /samgraph/samgraph/common/dist/dist_engine.cc:701] Trainer[1] register host memory...
[2022-12-06 04:30:05.880600: E /samgraph/samgraph/common/dist/dist_engine.cc:85] Running on A100
[2022-12-06 04:30:05.881356: W /samgraph/samgraph/common/dist/dist_engine.cc:701] Trainer[4] register host memory...
[2022-12-06 04:30:05.904937: E /samgraph/samgraph/common/dist/dist_engine.cc:85] Running on A100
[2022-12-06 04:30:05.905370: W /samgraph/samgraph/common/dist/dist_engine.cc:701] Trainer[0] register host memory...
[2022-12-06 04:30:05.930727: E /samgraph/samgraph/common/dist/dist_engine.cc:85] Running on A100
[2022-12-06 04:30:05.930890: W /samgraph/samgraph/common/dist/dist_engine.cc:701] Trainer[2] register host memory...
[2022-12-06 04:30:05.941184: E /samgraph/samgraph/common/dist/dist_engine.cc:85] Running on A100
[2022-12-06 04:30:05.941247: W /samgraph/samgraph/common/dist/dist_engine.cc:701] Trainer[3] register host memory...
[2022-12-06 04:30:06. 76386: E /samgraph/samgraph/common/dist/dist_engine.cc:85] Running on A100
[2022-12-06 04:30:06. 79421: E /samgraph/samgraph/common/dist/dist_engine.cc:85] Running on A100
[2022-12-06 04:30:06. 81574: W /samgraph/samgraph/common/cuda/cuda_device.cc:49] GPU[6] alloc cuda memory 931.40 MB
[2022-12-06 04:30:06.220203: W /samgraph/samgraph/common/cuda/cuda_device.cc:49] GPU[6] alloc cuda memory 12.87 GB
[2022-12-06 04:30:08. 39304: W /samgraph/samgraph/common/cuda/cuda_device.cc:49] GPU[6] alloc cuda memory 32.00 MB
[2022-12-06 04:30:08. 41203: E /samgraph/samgraph/common/dist/pre_sampler.cc:41] Dist Presampler making shuffler...
[2022-12-06 04:30:08. 42734: E /samgraph/samgraph/common/dist/pre_sampler.cc:44] Dist Presampler making shuffler...Done
[2022-12-06 04:30:08. 42760: W /samgraph/samgraph/common/cpu/cpu_device.cc:39] WORKER[0] alloc host memory 1.82 GB
[2022-12-06 04:30:08.330920: E /samgraph/samgraph/common/dist/pre_sampler.cc:85] Dist Presampler doing presample epoch 0
[2022-12-06 04:30:12.504740: E /samgraph/samgraph/common/dist/pre_sampler.cc:129] presample spend 1.22679 on sample, 0.0925481 on copy, 2.84726 on count
[2022-12-06 04:30:12.504843: E /samgraph/samgraph/common/dist/pre_sampler.cc:85] Dist Presampler doing presample epoch 1
[2022-12-06 04:30:16.824834: E /samgraph/samgraph/common/dist/pre_sampler.cc:129] presample spend 2.50178 on sample, 0.186458 on copy, 5.79138 on count
[2022-12-06 04:30:16.824921: E /samgraph/samgraph/common/dist/pre_sampler.cc:136] max_num_inputs = 503554, min_num_inputs = 466849
[2022-12-06 04:30:17.179751: E /samgraph/samgraph/common/dist/pre_sampler.cc:148] presample spend 0.354749 on sort freq.
[2022-12-06 04:30:17.551353: E /samgraph/samgraph/common/dist/dist_engine.cc:524] pre sample done, delete it
[[[[[[2022-12-06 04:30:172022-12-06 04:30:172022-12-06 04:30:172022-12-06 04:30:172022-12-06 04:30:17.2022-12-06 04:30:17....589596.589596589601589598589604: 589609: : : : W: WWWW W    /samgraph/samgraph/common/dist/dist_engine.cc /samgraph/samgraph/common/dist/dist_engine.cc/samgraph/samgraph/common/dist/dist_engine.cc/samgraph/samgraph/common/dist/dist_engine.cc/samgraph/samgraph/common/dist/dist_engine.cc:/samgraph/samgraph/common/dist/dist_engine.cc::::711:711711711711] 711] ] ] ] Trainer[1] building cache...] Trainer[5] building cache...Trainer[2] building cache...Trainer[4] building cache...Trainer[3] building cache...
Trainer[0] building cache...




[2022-12-06 04:30:17.592203: E /samgraph/3rdparty/collcachelib/coll_cache_lib/coll_cache/asymm_link_desc.cc:196] build symm link desc with 6X NVIDIA A100-SXM4-80GB out of 8
[2022-12-06 04:30:17.592239: E /samgraph/3rdparty/collcachelib/coll_cache_lib/coll_cache/asymm_link_desc.cc:197] remote time is 10.8824
[2022-12-06 04:30:17.592250: E /samgraph/3rdparty/collcachelib/coll_cache_lib/coll_cache/asymm_link_desc.cc:198] cpu time is 41.1111
[2022-12-06 04:30:17.592760: E /samgraph/3rdparty/collcachelib/coll_cache_lib/coll_cache/asymm_link_desc.cc:196] build symm link desc with 6X NVIDIA A100-SXM4-80GB out of 8
[2022-12-06 04:30:17.592786: E /samgraph/3rdparty/collcachelib/coll_cache_lib/coll_cache/asymm_link_desc.cc:197] remote time is 10.8824
[2022-12-06 04:30:17.592797: E /samgraph/3rdparty/collcachelib/coll_cache_lib/coll_cache/asymm_link_desc.cc:198] cpu time is 41.1111
[2022-12-06 04:30:17.592807: E /samgraph/3rdparty/collcachelib/coll_cache_lib/coll_cache/asymm_link_desc.cc:196] build symm link desc with 6X NVIDIA A100-SXM4-80GB out of 8
[2022-12-06 04:30:17.592834: E /samgraph/3rdparty/collcachelib/coll_cache_lib/coll_cache/asymm_link_desc.cc:197] remote time is 10.8824
[2022-12-06 04:30:17.592845: E /samgraph/3rdparty/collcachelib/coll_cache_lib/coll_cache/asymm_link_desc.cc:198] cpu time is 41.1111
[2022-12-06 04:30:17.592920: E /samgraph/3rdparty/collcachelib/coll_cache_lib/coll_cache/asymm_link_desc.cc:196] build symm link desc with 6X NVIDIA A100-SXM4-80GB out of 8
[2022-12-06 04:30:17.592955: E /samgraph/3rdparty/collcachelib/coll_cache_lib/coll_cache/asymm_link_desc.cc:197] remote time is 10.8824
[2022-12-06 04:30:17.592966: E /samgraph/3rdparty/collcachelib/coll_cache_lib/coll_cache/asymm_link_desc.cc:198] cpu time is 41.1111
[2022-12-06 04:30:17.593038: E /samgraph/3rdparty/collcachelib/coll_cache_lib/coll_cache/asymm_link_desc.cc:196] build symm link desc with 6X NVIDIA A100-SXM4-80GB out of 8
[2022-12-06 04:30:17.593066: E /samgraph/3rdparty/collcachelib/coll_cache_lib/coll_cache/asymm_link_desc.cc:197] remote time is 10.8824
[2022-12-06 04:30:17.593077: E /samgraph/3rdparty/collcachelib/coll_cache_lib/coll_cache/asymm_link_desc.cc:198] cpu time is 41.1111
[2022-12-06 04:30:17.667130: E /samgraph/3rdparty/collcachelib/coll_cache_lib/coll_cache/asymm_link_desc.cc:196] build symm link desc with 6X NVIDIA A100-SXM4-80GB out of 8
[2022-12-06 04:30:17.667185: E /samgraph/3rdparty/collcachelib/coll_cache_lib/coll_cache/asymm_link_desc.cc:197] remote time is 10.8824
[2022-12-06 04:30:17.667197: E /samgraph/3rdparty/collcachelib/coll_cache_lib/coll_cache/asymm_link_desc.cc:198] cpu time is 41.1111
[2022-12-06 04:31:44.177630: E /samgraph/3rdparty/collcachelib/coll_cache_lib/facade.cc:115] solver created. now build & solve
[2022-12-06 04:31:44.259387: E /samgraph/3rdparty/collcachelib/coll_cache_lib/facade.cc:120] solver built. now solve
block 0 storage is 00000001
	access is	0	0	0	0	0	0	
block 1 storage is 00000010
	access is	1	1	1	1	1	1	
block 2 storage is 00000100
	access is	2	2	2	2	2	2	
block 3 storage is 00001000
	access is	3	3	3	3	3	3	
block 4 storage is 00010000
	access is	4	4	4	4	4	4	
block 5 storage is 00100000
	access is	5	5	5	5	5	5	
block 6 storage is 00000000
	access is	6	6	6	6	6	6	
[2022-12-06 04:31:45.636562: E /samgraph/3rdparty/collcachelib/coll_cache_lib/facade.cc:124] solver solved
[2022-12-06 04:31:45.636611: E /samgraph/3rdparty/collcachelib/coll_cache_lib/facade.cc:187] 0 solved master
[2022-12-06 04:31:45.636628: E /samgraph/3rdparty/collcachelib/coll_cache_lib/facade.cc:194] 0 solved
[2022-12-06 04:31:45.636638: E /samgraph/3rdparty/collcachelib/coll_cache_lib/facade.cc:197] worker 0 thread 0 initing device 0
[2022-12-06 04:31:45.637376: E /samgraph/3rdparty/collcachelib/coll_cache_lib/cache_context.cu:1762] Building Coll Cache with ... num gpu device is 6
[2022-12-06 04:31:45.669347: E /samgraph/3rdparty/collcachelib/coll_cache_lib/facade.cc:194] 1 solved
[2022-12-06 04:31:45.669398: E /samgraph/3rdparty/collcachelib/coll_cache_lib/facade.cc:197] worker 1 thread 1 initing device 1
[2022-12-06 04:31:45.671606: E /samgraph/3rdparty/collcachelib/coll_cache_lib/cache_context.cu:1762] Building Coll Cache with ... num gpu device is 6
[[2022-12-06 04:31:45.2022-12-06 04:31:45689005.: 689006E:  E/samgraph/3rdparty/collcachelib/coll_cache_lib/facade.cc :/samgraph/3rdparty/collcachelib/coll_cache_lib/facade.cc194:] 194] 2 solved3 solved

[[2022-12-06 04:31:452022-12-06 04:31:45..689072689072: : EE  /samgraph/3rdparty/collcachelib/coll_cache_lib/facade.cc/samgraph/3rdparty/collcachelib/coll_cache_lib/facade.cc::197197] ] worker 2 thread 2 initing device 2worker 3 thread 3 initing device 3

[2022-12-06 04:31:45.689979: E /samgraph/3rdparty/collcachelib/coll_cache_lib/cache_context.cu:1762] Building Coll Cache with ... num gpu device is 6
[2022-12-06 04:31:45.690001: E /samgraph/3rdparty/collcachelib/coll_cache_lib/cache_context.cu:1762] Building Coll Cache with ... num gpu device is 6
[[2022-12-06 04:31:45.2022-12-06 04:31:45694230.: 694230E:  E/samgraph/3rdparty/collcachelib/coll_cache_lib/facade.cc :/samgraph/3rdparty/collcachelib/coll_cache_lib/facade.cc194:] 194] 4 solved5 solved

[[2022-12-06 04:31:452022-12-06 04:31:45..694289694289: : EE  /samgraph/3rdparty/collcachelib/coll_cache_lib/facade.cc/samgraph/3rdparty/collcachelib/coll_cache_lib/facade.cc::197197] ] worker 4 thread 4 initing device 4worker 5 thread 5 initing device 5

[2022-12-06 04:31:45.697814: E /samgraph/3rdparty/collcachelib/coll_cache_lib/cache_context.cu:1762] Building Coll Cache with ... num gpu device is 6
[2022-12-06 04:31:45.697898: E /samgraph/3rdparty/collcachelib/coll_cache_lib/cache_context.cu:1762] Building Coll Cache with ... num gpu device is 6
[2022-12-06 04:31:45.757610: W /samgraph/3rdparty/collcachelib/coll_cache_lib/cpu/cpu_device.cc:39] WORKER[0] alloc host memory 18.63 MB
[[[[[[2022-12-06 04:31:462022-12-06 04:31:462022-12-06 04:31:462022-12-06 04:31:462022-12-06 04:31:462022-12-06 04:31:46......487310487312487310487310487310487310: : : : : : EEEEEE      /samgraph/3rdparty/collcachelib/coll_cache_lib/cache_context.cu/samgraph/3rdparty/collcachelib/coll_cache_lib/cache_context.cu/samgraph/3rdparty/collcachelib/coll_cache_lib/cache_context.cu/samgraph/3rdparty/collcachelib/coll_cache_lib/cache_context.cu/samgraph/3rdparty/collcachelib/coll_cache_lib/cache_context.cu/samgraph/3rdparty/collcachelib/coll_cache_lib/cache_context.cu::::::187118711871187118711871] ] ] ] ] ] Device 0 init p2p of link 1Device 1 init p2p of link 2Device 4 init p2p of link 5Device 5 init p2p of link 0Device 2 init p2p of link 3Device 3 init p2p of link 4





[2022-12-06 04:31:46.494949: E /samgraph/3rdparty/collcachelib/coll_cache_lib/cache_context.cu:1871] Device 0 init p2p of link 2
[2022-12-06 04:31:46.495211: E /samgraph/3rdparty/collcachelib/coll_cache_lib/cache_context.cu:1871] Device 3 init p2p of link 5
[2022-12-06 04:31:46.495291: E /samgraph/3rdparty/collcachelib/coll_cache_lib/cache_context.cu:1871] Device 1 init p2p of link 3
[2022-12-06 04:31:46.495351: E /samgraph/3rdparty/collcachelib/coll_cache_lib/cache_context.cu:1871] [Device 5 init p2p of link 12022-12-06 04:31:46
.495363: E /samgraph/3rdparty/collcachelib/coll_cache_lib/cache_context.cu:1871] Device 2 init p2p of link 4
[2022-12-06 04:31:46.495392: E /samgraph/3rdparty/collcachelib/coll_cache_lib/cache_context.cu:1871] Device 4 init p2p of link 0
[2022-12-06 04:31:46.498187: E /samgraph/3rdparty/collcachelib/coll_cache_lib/cache_context.cu:1871] Device 0 init p2p of link 3
[2022-12-06 04:31:46.498986: E /samgraph/3rdparty/collcachelib/coll_cache_lib/cache_context.cu:1871] Device 3 init p2p of link 0
[2022-12-06 04:31:46.499815: E /samgraph/3rdparty/collcachelib/coll_cache_lib/cache_context.cu:1871] Device 1 init p2p of link 4
[2022-12-06 04:31:46.500005: E /samgraph/3rdparty/collcachelib/coll_cache_lib/cache_context.cu:1871] Device 5 init p2p of link 2
[2022-12-06 04:31:46.500100: E /samgraph/3rdparty/collcachelib/coll_cache_lib/cache_context.cu:1871] Device 4 init p2p of link 1
[2022-12-06 04:31:46.500124: E /samgraph/3rdparty/collcachelib/coll_cache_lib/cache_context.cu:1871] Device 2 init p2p of link 5
[2022-12-06 04:31:46.501657: E /samgraph/3rdparty/collcachelib/coll_cache_lib/cache_context.cu:1871] Device 0 init p2p of link 4
[2022-12-06 04:31:46.502141: E /samgraph/3rdparty/collcachelib/coll_cache_lib/cache_context.cu:1871] Device 3 init p2p of link 1
[2022-12-06 04:31:46.503888: E /samgraph/3rdparty/collcachelib/coll_cache_lib/cache_context.cu:1871] Device 1 init p2p of link 5
[2022-12-06 04:31:46.504098: E /samgraph/3rdparty/collcachelib/coll_cache_lib/cache_context.cu:1871] Device 5 init p2p of link 3
[[2022-12-06 04:31:462022-12-06 04:31:46..504228504231: : EE  /samgraph/3rdparty/collcachelib/coll_cache_lib/cache_context.cu/samgraph/3rdparty/collcachelib/coll_cache_lib/cache_context.cu::18711871] ] Device 2 init p2p of link 0Device 4 init p2p of link 2

[2022-12-06 04:31:46.504959: E /samgraph/3rdparty/collcachelib/coll_cache_lib/cache_context.cu:1871] Device 0 init p2p of link 5
[2022-12-06 04:31:46.505722: E /samgraph/3rdparty/collcachelib/coll_cache_lib/cache_context.cu:1871] Device 3 init p2p of link 2
[2022-12-06 04:31:46.507485: E /samgraph/3rdparty/collcachelib/coll_cache_lib/cache_context.cu:1871] Device 1 init p2p of link 0
[2022-12-06 04:31:46.508006: E /samgraph/3rdparty/collcachelib/coll_cache_lib/cache_context.cu:1871] Device 5 init p2p of link 4
[2022-12-06 04:31:46.508306: E /samgraph/3rdparty/collcachelib/coll_cache_lib/cache_context.cu:1871] Device 2 init p2p of link 1
[2022-12-06 04:31:46.508417: E /samgraph/3rdparty/collcachelib/coll_cache_lib/cache_context.cu:1871] Device 4 init p2p of link 3
[2022-12-06 04:31:46.509376: E /samgraph/3rdparty/collcachelib/coll_cache_lib/cache_context.cu:1900] Asymm Coll cache (policy: clique_part) | local 4883209 / 244160499 nodes ( 2.00 %~2.00 %) | remote 24416045 / 244160499 nodes ( 10.00 %) | cpu 214861245 / 244160499 nodes ( 88.00 %) | 7.02 GB | 0.871972 secs 
[2022-12-06 04:31:46.510025: E /samgraph/3rdparty/collcachelib/coll_cache_lib/cache_context.cu:1900] Asymm Coll cache (policy: clique_part) | local 4883209 / 244160499 nodes ( 2.00 %~2.00 %) | remote 24416045 / 244160499 nodes ( 10.00 %) | cpu 214861245 / 244160499 nodes ( 88.00 %) | 7.02 GB | 0.820001 secs 
[2022-12-06 04:31:46.512915: E /samgraph/3rdparty/collcachelib/coll_cache_lib/cache_context.cu:1900] Asymm Coll cache (policy: clique_part) | local 4883209 / 244160499 nodes ( 2.00 %~2.00 %) | remote 24416045 / 244160499 nodes ( 10.00 %) | cpu 214861245 / 244160499 nodes ( 88.00 %) | 7.02 GB | 0.841279 secs 
[2022-12-06 04:31:46.513788: E /samgraph/3rdparty/collcachelib/coll_cache_lib/cache_context.cu:1900] Asymm Coll cache (policy: clique_part) | local 4883209 / 244160499 nodes ( 2.00 %~2.00 %) | remote 24416045 / 244160499 nodes ( 10.00 %) | cpu 214861245 / 244160499 nodes ( 88.00 %) | 7.02 GB | 0.81586 secs 
[2022-12-06 04:31:46.514481: E /samgraph/3rdparty/collcachelib/coll_cache_lib/cache_context.cu:1900] Asymm Coll cache (policy: clique_part) | local 4883209 / 244160499 nodes ( 2.00 %~2.00 %) | remote 24416045 / 244160499 nodes ( 10.00 %) | cpu 214861245 / 244160499 nodes ( 88.00 %) | 7.02 GB | 0.824477 secs 
[2022-12-06 04:31:46.515064: E /samgraph/3rdparty/collcachelib/coll_cache_lib/cache_context.cu:1900] Asymm Coll cache (policy: clique_part) | local 4883209 / 244160499 nodes ( 2.00 %~2.00 %) | remote 24416045 / 244160499 nodes ( 10.00 %) | cpu 214861245 / 244160499 nodes ( 88.00 %) | 7.02 GB | 0.817217 secs 
[2022-12-06 04:31:49.955151: W /samgraph/samgraph/common/cuda/cuda_device.cc:49] GPU[0] alloc cuda memory 805.91 MB
[2022-12-06 04:31:51.273955: W /samgraph/samgraph/common/cuda/cuda_device.cc:49] GPU[0] alloc cuda memory 805.91 MB
/usr/local/lib/python3.8/dist-packages/torch/nn/parallel/scatter_gather.py:9: UserWarning: is_namedtuple is deprecated, please use the python checks instead
  warnings.warn("is_namedtuple is deprecated, please use the python checks instead")
/usr/local/lib/python3.8/dist-packages/torch/nn/parallel/scatter_gather.py:9: UserWarning: is_namedtuple is deprecated, please use the python checks instead
  warnings.warn("is_namedtuple is deprecated, please use the python checks instead")
/usr/local/lib/python3.8/dist-packages/torch/nn/parallel/scatter_gather.py:9: UserWarning: is_namedtuple is deprecated, please use the python checks instead
  warnings.warn("is_namedtuple is deprecated, please use the python checks instead")
/usr/local/lib/python3.8/dist-packages/torch/nn/parallel/scatter_gather.py:9: UserWarning: is_namedtuple is deprecated, please use the python checks instead
  warnings.warn("is_namedtuple is deprecated, please use the python checks instead")
/usr/local/lib/python3.8/dist-packages/torch/nn/parallel/scatter_gather.py:9: UserWarning: is_namedtuple is deprecated, please use the python checks instead
  warnings.warn("is_namedtuple is deprecated, please use the python checks instead")
/usr/local/lib/python3.8/dist-packages/torch/nn/parallel/scatter_gather.py:9: UserWarning: is_namedtuple is deprecated, please use the python checks instead
  warnings.warn("is_namedtuple is deprecated, please use the python checks instead")
