config:eval_tsp="2022-12-05 19:44:34"
config:arch=arch5
config:num_train_worker=6
config:num_sample_worker=2
config:sample_type=khop2
config:root_path=/nvme/graph-learning-copy/samgraph/
config:dataset=mag240m-homo
config:pipeline=False
config:cache_policy=rep
config:cache_percentage=0.06
config:num_epoch=4
config:batch_size=2000
config:num_hidden=256
config:max_sampling_jobs=1
config:max_copying_jobs=1
config:barriered_epoch=1
config:presample_epoch=2
config:omp_thread_num=6
config:unsupervised=True
config:amp=True
config:rolling=0
config:fanout=[25, 10]
config:lr=0.003
config:dropout=0.5
config:single_gpu=False
config:max_num_step=1000
config:validate_configs=False
config:report_acc=0
config:dataset_path=/nvme/graph-learning-copy/samgraph/mag240m-homo
config:torch_thread_num=9
config:train_workers=['cuda:0', 'cuda:1', 'cuda:2', 'cuda:3', 'cuda:4', 'cuda:5']
config:sample_workers=['cuda:6', 'cuda:7']
config:num_fanout=2
config:num_layer=2
config:_run_mode=RunMode.FGNN
config:_log_level=warn
config:_profile_level=3
config:_empty_feat=0
config:_arch=5
config:_sample_type=5
config:_cache_policy=12
test_result:init:input_scale_factor=1.10265
0 :  {link #0 : 1}, {link #1 : 2}, {link #2 : 3}, {link #3 : 4}, {link #4 : 5},
1 :  {link #0 : 2}, {link #1 : 3}, {link #2 : 4}, {link #3 : 5}, {link #4 : 0},
2 :  {link #0 : 3}, {link #1 : 4}, {link #2 : 5}, {link #3 : 0}, {link #4 : 1},
3 :  {link #0 : 4}, {link #1 : 5}, {link #2 : 0}, {link #3 : 1}, {link #4 : 2},
4 :  {link #0 : 5}, {link #1 : 0}, {link #2 : 1}, {link #3 : 2}, {link #4 : 3},
5 :  {link #0 : 0}, {link #1 : 1}, {link #2 : 2}, {link #3 : 3}, {link #4 : 4},
0 :  {link #0 : 1}, {link #1 : 2}, {link #2 : 3}, {link #3 : 4}, {link #4 : 5},
1 :  {link #0 : 2}, {link #1 : 3}, {link #2 : 4}, {link #3 : 5}, {link #4 : 0},
2 :  {link #0 : 3}, {link #1 : 4}, {link #2 : 5}, {link #3 : 0}, {link #4 : 1},
3 :  {link #0 : 4}, {link #1 : 5}, {link #2 : 0}, {link #3 : 1}, {link #4 : 2},
4 :  {link #0 : 5}, {link #1 : 0}, {link #2 : 1}, {link #3 : 2}, {link #4 : 3},
5 :  {link #0 : 0}, {link #1 : 1}, {link #2 : 2}, {link #3 : 3}, {link #4 : 4},
0 :  {link #0 : 1}, {link #1 : 2}, {link #2 : 3}, {link #3 : 4}, {link #4 : 5},
1 :  {link #0 : 2}, {link #1 : 3}, {link #2 : 4}, {link #3 : 5}, {link #4 : 0},
2 :  {link #0 : 3}, {link #1 : 4}, {link #2 : 5}, {link #3 : 0}, {link #4 : 1},
3 :  {link #0 : 4}, {link #1 : 5}, {link #2 : 0}, {link #3 : 1}, {link #4 : 2},
4 :  {link #0 : 5}, {link #1 : 0}, {link #2 : 1}, {link #3 : 2}, {link #4 : 3},
5 :  {link #0 : 0}, {link #1 : 1}, {link #2 : 2}, {link #3 : 3}, {link #4 : 4},
0 :  {link #0 : 1}, {link #1 : 2}, {link #2 : 3}, {link #3 : 4}, {link #4 : 5},
1 :  {link #0 : 2}, {link #1 : 3}, {link #2 : 4}, {link #3 : 5}, {link #4 : 0},
2 :  {link #0 : 3}, {link #1 : 4}, {link #2 : 5}, {link #3 : 0}, {link #4 : 1},
3 :  {link #0 : 4}, {link #1 : 5}, {link #2 : 0}, {link #3 : 1}, {link #4 : 2},
4 :  {link #0 : 5}, {link #1 : 0}, {link #2 : 1}, {link #3 : 2}, {link #4 : 3},
5 :  {link #0 : 0}, {link #1 : 1}, {link #2 : 2}, {link #3 : 3}, {link #4 : 4},
0 :  {link #0 : 1}, {link #1 : 2}, {link #2 : 3}, {link #3 : 4}, {link #4 : 5},
1 :  {link #0 : 2}, {link #1 : 3}, {link #2 : 4}, {link #3 : 5}, {link #4 : 0},
2 :  {link #0 : 3}, {link #1 : 4}, {link #2 : 5}, {link #3 : 0}, {link #4 : 1},
3 :  {link #0 : 4}, {link #1 : 5}, {link #2 : 0}, {link #3 : 1}, {link #4 : 2},
4 :  {link #0 : 5}, {link #1 : 0}, {link #2 : 1}, {link #3 : 2}, {link #4 : 3},
5 :  {link #0 : 0}, {link #1 : 1}, {link #2 : 2}, {link #3 : 3}, {link #4 : 4},
0 :  {link #0 : 1}, {link #1 : 2}, {link #2 : 3}, {link #3 : 4}, {link #4 : 5},
1 :  {link #0 : 2}, {link #1 : 3}, {link #2 : 4}, {link #3 : 5}, {link #4 : 0},
2 :  {link #0 : 3}, {link #1 : 4}, {link #2 : 5}, {link #3 : 0}, {link #4 : 1},
3 :  {link #0 : 4}, {link #1 : 5}, {link #2 : 0}, {link #3 : 1}, {link #4 : 2},
4 :  {link #0 : 5}, {link #1 : 0}, {link #2 : 1}, {link #3 : 2}, {link #4 : 3},
5 :  {link #0 : 0}, {link #1 : 1}, {link #2 : 2}, {link #3 : 3}, {link #4 : 4},
coll_cache:optimal_rep_storage=0.06
coll_cache:optimal_part_storage=0
coll_cache:optimal_cpu_storage=0.94
coll_cache:optimal_local_storage=0.06
coll_cache:optimal_remote_storage=0
coll_cache:optimal_local_rate=0.569167
coll_cache:optimal_remote_rate=0
coll_cache:optimal_cpu_rate=0.430833
z=14279.8
test_result:init:feat_nbytes=375030526464
test_result:init:cache_nbytes=22501830144
test_result:init:feat_nbytes=375030526464
test_result:init:cache_nbytes=22501830144
test_result:init:feat_nbytes=375030526464
test_result:init:cache_nbytes=22501830144
test_result:init:feat_nbytes=375030526464
test_result:init:cache_nbytes=22501830144
test_result:init:feat_nbytes=375030526464
test_result:init:cache_nbytes=22501830144
test_result:init:feat_nbytes=375030526464
test_result:init:cache_nbytes=22501830144
[Train  Worker 3/6] Started with PID 34659(NVIDIA A100-SXM4-80GB)
[Train  Worker 3] run train for 4 epochs with 1002 steps
[Train  Worker 1/6] Started with PID 34653(NVIDIA A100-SXM4-80GB)
[Train  Worker 1] run train for 4 epochs with 1002 steps
[Train  Worker 4/6] Started with PID 34662(NVIDIA A100-SXM4-80GB)
[Train  Worker 4] run train for 4 epochs with 1002 steps
[Train  Worker 2/6] Started with PID 34656(NVIDIA A100-SXM4-80GB)
[Train  Worker 2] run train for 4 epochs with 1002 steps
[Train  Worker 5/6] Started with PID 34665(NVIDIA A100-SXM4-80GB)
[Train  Worker 5] run train for 4 epochs with 1002 steps
[CUDA] cuda0: usage: 32.66 GB
[SAM] cuda0 data alloc        : 0.00 Bytes
[SAM] cuda0 workspace         : 3.09 GB
[SAM] cuda0 workspace reserve : 1.54 GB
[SAM] cuda0 total             : 3.09 GB
[Train  Worker 0/6] Started with PID 34650(NVIDIA A100-SXM4-80GB)
[Train  Worker 0] run train for 4 epochs with 1002 steps
Epoch 00000 | Epoch Time 13.0287 | Total Train Time(Profiler) 4.3959 | Copy Time 8.6193
[CUDA] cuda0: usage: 32.66 GB
[SAM] cuda0 data alloc        : 0.00 Bytes
[SAM] cuda0 workspace         : 3.09 GB
[SAM] cuda0 workspace reserve : 1.53 GB
[SAM] cuda0 total             : 3.09 GB
Epoch 00001 | Epoch Time 10.5548 | Total Train Time(Profiler) 1.9703 | Copy Time 8.5719
[CUDA] cuda0: usage: 32.66 GB
[SAM] cuda0 data alloc        : 0.00 Bytes
[SAM] cuda0 workspace         : 3.09 GB
[SAM] cuda0 workspace reserve : 1.54 GB
[SAM] cuda0 total             : 3.09 GB
Epoch 00002 | Epoch Time 11.1897 | Total Train Time(Profiler) 2.0128 | Copy Time 9.1642
[CUDA] cuda0: usage: 32.66 GB
[SAM] cuda0 data alloc        : 0.00 Bytes
[SAM] cuda0 workspace         : 3.09 GB
[SAM] cuda0 workspace reserve : 1.54 GB
[SAM] cuda0 total             : 3.09 GB
Epoch 00003 | Epoch Time 10.5366 | Total Train Time(Profiler) 1.9910 | Copy Time 8.5326
[Train  Worker 1] Avg Epoch Time 10.7606 | Train Total Time(Profiler) 1.9465 | Copy Time 8.8013
[Train  Worker 4] Avg Epoch Time 10.7605 | Train Total Time(Profiler) 1.9461 | Copy Time 8.8017
[Train  Worker 5] Avg Epoch Time 10.7605 | Train Total Time(Profiler) 1.9358 | Copy Time 8.8123
[Train  Worker 3] Avg Epoch Time 10.7606 | Train Total Time(Profiler) 1.9763 | Copy Time 8.7711
[Train  Worker 0] Avg Epoch Time 10.7604 | Train Total Time(Profiler) 1.9914 | Copy Time 8.7562
[Train  Worker 2] Avg Epoch Time 10.7606 | Train Total Time(Profiler) 1.9522 | Copy Time 8.7959
[Sample Worker 1/2] Started with PID 34646(NVIDIA A100-SXM4-80GB)
[Sample Worker 1] run sample for 4 epochs with 501 steps
[Sample Worker 1] Avg Sample Total Time 1.1661 | Sampler Total Time(Profiler) 1.1550
    [Step(average) Profiler Level 1 E3 S500]
        L1  sample           0.001623 | send           0.000696
        L1  recv             0.000000 | copy           0.000000 | convert time 0.000000 | train  0.000000
        L1  feature nbytes 0.00 Bytes | label nbytes 0.00 Bytes
        L1  id nbytes      0.00 Bytes | graph nbytes 0.00 Bytes
        L1  miss nbytes    0.00 Bytes | remote nbytes 0.00 Bytes
        L1  num nodes          953775 | num samples     1098731
    [Step(average) Profiler Level 2 E3 S500]
        L2  shuffle     0.000086 | core sample  0.000578 | id remap        0.000738
        L2  graph copy  0.000000 | id copy      0.000000 | cache feat copy 0.000000
        L2  last layer sample time 0.000285 | size 49776.010645
    [Step(average) Profiler Level 3 E3 S500]
        L3  khop sample coo  0.000320 | khop sort coo      0.000000 | khop count edge     0.000036 | khop compact edge 0.000171
        L3  walk sample coo  0.000000 | walk topk total    0.000000 | walk topk step1     0.000000 | walk topk step2   0.000000
        L3  walk topk step3  0.000000 | walk topk step4    0.000000 | walk topk step5     0.000000
        L3  walk topk step6  0.000000 | walk topk step7    0.000000
        L3  remap unique     0.000214 | remap populate     0.000600 | remap mapnode       0.000000 | remap mapedge     0.000153
        L3  cache get_index  0.000000 | cache copy_index   0.000000 | cache extract_miss  0.000000
        L3  cache copy_miss  0.000000 | cache combine_miss 0.000000 | cache combine cache 0.000000 | cache combine remote 0.000000
        L3  label extract  0.000000
    [Init Profiler Level 1]
        L1  init     4.9404 | sampler init    40.0236 | trainer init 0.0000
    [Init Profiler Level 2]
        L2  load ds         6.9079 | init queue          19.8066
        L2  presample      16.4674 | build interal ds     1.7806
        L2  build cache     0.0000
    [Init Profiler Level 3]
        L3  load dataset: mmap     4.9392 | copy         1.9686
        L3  dist queue: alloc      0.0003 | pin         19.8063 | push     0.0000
        L3  presample: init        0.2908
        L3  presample: sample      3.4374 | copy         0.3403
        L3  presample: count      11.6773 | sort         0.3115
        L3  presample: reset       0.0015 | get rank     0.0475
        L3  internal: cuda ctx     1.5717 | cuda stream     0.2048
[Sample Worker 0/2] Started with PID 34644(NVIDIA A100-SXM4-80GB)
[Sample Worker 0] run sample for 4 epochs with 501 steps
[Sample Worker 0] Avg Sample Total Time 1.1656 | Sampler Total Time(Profiler) 1.1619
test_result:sample_time=0.8131
test_result:get_cache_miss_index_time=0.0000
test_result:enqueue_samples_time=0.3488
test_result:epoch_time:sample_total=1.1656
[CUDA] cuda0: usage: 32.66 GB
[SAM] cuda0 data alloc        : 0.00 Bytes
[SAM] cuda0 workspace         : 3.09 GB
[SAM] cuda0 workspace reserve : 1.54 GB
[SAM] cuda0 total             : 3.09 GB
    [Step(average) Profiler Level 1 E3 S1001]
        L1  sample           0.000000 | send           0.000000
        L1  recv             0.002303 | copy           0.052633 | convert time 0.000374 | train  0.011351
        L1  feature nbytes    1.36 GB | label nbytes   15.62 KB
        L1  id nbytes      0.00 Bytes | graph nbytes 0.00 Bytes
        L1  miss nbytes     615.42 MB | remote nbytes 0.00 Bytes
        L1  num nodes               0 | num samples           0
    [Step(average) Profiler Level 2 E3 S1001]
        L2  shuffle     0.000000 | core sample  0.000000 | id remap        0.000000
        L2  graph copy  0.000004 | id copy      0.000000 | cache feat copy 0.050327
        L2  last layer sample time 0.000000 | size 0.000000
    [Step(average) Profiler Level 3 E3 S1001]
        L3  khop sample coo  0.000000 | khop sort coo      0.000000 | khop count edge     0.000000 | khop compact edge 0.000000
        L3  walk sample coo  0.000000 | walk topk total    0.000000 | walk topk step1     0.000000 | walk topk step2   0.000000
        L3  walk topk step3  0.000000 | walk topk step4    0.000000 | walk topk step5     0.000000
        L3  walk topk step6  0.000000 | walk topk step7    0.000000
        L3  remap unique     0.000000 | remap populate     0.000000 | remap mapnode       0.000000 | remap mapedge     0.000000
        L3  cache get_index  0.000339 | cache copy_index   0.000000 | cache extract_miss  0.000000
        L3  cache copy_miss  0.000000 | cache combine_miss 0.049958 | cache combine cache 0.001761 | cache combine remote 0.000000
        L3  label extract  0.000019
    [Step(max) Profiler Level 1 E3 S1001]
        L1  sample           0.000000 | send           0.000000
        L1  recv             0.000000 | copy           0.000000 | convert time 0.000000 | train  0.000000
        L1  feature nbytes 0.00 Bytes | label nbytes 0.00 Bytes
        L1  id nbytes      0.00 Bytes | graph nbytes    8.61 MB
        L1  miss nbytes    0.00 Bytes | remote nbytes 0.00 Bytes
        L1  num nodes               0 | num samples           0
    [Step(max) Profiler Level 2 E3 S1001]
        L2  shuffle     0.000000 | core sample  0.000000 | id remap        0.000000
        L2  graph copy  0.000000 | id copy      0.000000 | cache feat copy 0.000000
        L2  last layer sample time 0.000000 | size 0.000000
    [Step(max) Profiler Level 3 E3 S1001]
        L3  khop sample coo  0.000000 | khop sort coo      0.000000 | khop count edge     0.000000 | khop compact edge 0.000000
        L3  walk sample coo  0.000000 | walk topk total    0.000000 | walk topk step1     0.000000 | walk topk step2   0.000000
        L3  walk topk step3  0.000000 | walk topk step4    0.000000 | walk topk step5     0.000000
        L3  walk topk step6  0.000000 | walk topk step7    0.000000
        L3  remap unique     0.000000 | remap populate     0.000000 | remap mapnode       0.000000 | remap mapedge     0.000000
        L3  cache get_index  0.000000 | cache copy_index   0.000000 | cache extract_miss  0.000000
        L3  cache copy_miss  0.000000 | cache combine_miss 0.000000 | cache combine cache 0.000000 | cache combine remote 0.000000
        L3  label extract  0.000000
    [Step(min) Profiler Level 1 E3 S1001]
        L1  sample           0.000000 | send           0.000000
        L1  recv             0.000000 | copy           0.000000 | convert time 0.000000 | train  0.000000
        L1  feature nbytes 0.00 Bytes | label nbytes 0.00 Bytes
        L1  id nbytes      0.00 Bytes | graph nbytes    8.21 MB
        L1  miss nbytes    0.00 Bytes | remote nbytes 0.00 Bytes
        L1  num nodes               0 | num samples           0
    [Step(min) Profiler Level 2 E3 S1001]
        L2  shuffle     0.000000 | core sample  0.000000 | id remap        0.000000
        L2  graph copy  0.000000 | id copy      0.000000 | cache feat copy 0.000000
        L2  last layer sample time 0.000000 | size 0.000000
    [Step(min) Profiler Level 3 E3 S1001]
        L3  khop sample coo  0.000000 | khop sort coo      0.000000 | khop count edge     0.000000 | khop compact edge 0.000000
        L3  walk sample coo  0.000000 | walk topk total    0.000000 | walk topk step1     0.000000 | walk topk step2   0.000000
        L3  walk topk step3  0.000000 | walk topk step4    0.000000 | walk topk step5     0.000000
        L3  walk topk step6  0.000000 | walk topk step7    0.000000
        L3  remap unique     0.000000 | remap populate     0.000000 | remap mapnode       0.000000 | remap mapedge     0.000000
        L3  cache get_index  0.000000 | cache copy_index   0.000000 | cache extract_miss  0.000000
        L3  cache copy_miss  0.000000 | cache combine_miss 0.000000 | cache combine cache 0.000000 | cache combine remote 0.000000
        L3  label extract  0.000000
    [Init Profiler Level 1]
        L1  init     4.9404 | sampler init     0.0000 | trainer init 139.9123
    [Init Profiler Level 2]
        L2  load ds         4.9392 | init queue          19.8047
        L2  presample       0.0000 | build interal ds     1.5262
        L2  build cache   118.5761
    [Init Profiler Level 3]
        L3  load dataset: mmap     4.9392 | copy         0.0000
        L3  dist queue: alloc      0.0003 | pin         19.8044 | push     0.0000
        L3  presample: init        0.0000
        L3  presample: sample      0.0000 | copy         0.0000
        L3  presample: count       0.0000 | sort         0.0000
        L3  presample: reset       0.0000 | get rank     0.0000
        L3  internal: cuda ctx     1.5262 | cuda stream     0.0000
|===========================================================================|
|                  PyTorch CUDA memory summary, device ID 0                 |
|---------------------------------------------------------------------------|
|            CUDA OOMs: 0            |        cudaMalloc retries: 0         |
|===========================================================================|
|        Metric         | Cur Usage  | Peak Usage | Tot Alloc  | Tot Freed  |
|---------------------------------------------------------------------------|
| Allocated memory      |   34976 KB |  650720 KB |    1187 GB |    1187 GB |
|       from large pool |   25694 KB |  647784 KB |    1178 GB |    1178 GB |
|       from small pool |    9282 KB |   11607 KB |       8 GB |       8 GB |
|---------------------------------------------------------------------------|
| Active memory         |   34976 KB |  650720 KB |    1187 GB |    1187 GB |
|       from large pool |   25694 KB |  647784 KB |    1178 GB |    1178 GB |
|       from small pool |    9282 KB |   11607 KB |       8 GB |       8 GB |
|---------------------------------------------------------------------------|
| GPU reserved memory   |     772 MB |     772 MB |     772 MB |       0 B  |
|       from large pool |     756 MB |     756 MB |     756 MB |       0 B  |
|       from small pool |      16 MB |      16 MB |      16 MB |       0 B  |
|---------------------------------------------------------------------------|
| Non-releasable memory |  102239 KB |  616237 KB |     985 GB |     985 GB |
|       from large pool |   99234 KB |  614489 KB |     974 GB |     974 GB |
|       from small pool |    3005 KB |    5574 KB |      10 GB |      10 GB |
|---------------------------------------------------------------------------|
| Allocations           |      43    |      62    |   97568    |   97525    |
|       from large pool |       7    |      18    |   38079    |   38072    |
|       from small pool |      36    |      47    |   59489    |   59453    |
|---------------------------------------------------------------------------|
| Active allocs         |      44    |      62    |   97568    |   97524    |
|       from large pool |       7    |      18    |   38079    |   38072    |
|       from small pool |      37    |      47    |   59489    |   59452    |
|---------------------------------------------------------------------------|
| GPU reserved segments |      17    |      17    |      17    |       0    |
|       from large pool |       9    |       9    |       9    |       0    |
|       from small pool |       8    |       8    |       8    |       0    |
|---------------------------------------------------------------------------|
| Non-releasable allocs |      18    |      29    |   42668    |   42650    |
|       from large pool |       5    |      13    |   26036    |   26031    |
|       from small pool |      13    |      20    |   16632    |   16619    |
|---------------------------------------------------------------------------|
| Oversize allocations  |       0    |       0    |       0    |       0    |
|---------------------------------------------------------------------------|
| Oversize GPU segments |       0    |       0    |       0    |       0    |
|===========================================================================|

test_result:epoch_time:copy_time=8.7562
test_result:convert_time=0.0621
test_result:train_time=1.9293
test_result:epoch_time:train_total=1.9914
test_result:cache_percentage=0.0600
test_result:cache_hit_rate=1.0000
test_result:run_time=49.9925
