[2022-12-05 20:25:54.340048: W /samgraph/samgraph/common/cpu/mmap_cpu_device.cc:92] mmap allocating space 12.87 GB
[2022-12-05 20:25:54.340120: W /samgraph/samgraph/common/cpu/mmap_cpu_device.cc:97] mmap allocating space 12.87 GB done
[2022-12-05 20:25:58. 15879: W /samgraph/samgraph/common/cpu/mmap_cpu_device.cc:92] mmap allocating space 349.28 GB
[2022-12-05 20:25:58. 15957: W /samgraph/samgraph/common/cpu/mmap_cpu_device.cc:97] mmap allocating space 349.28 GB done
[2022-12-05 20:25:58. 15977: W /samgraph/samgraph/common/cpu/mmap_cpu_device.cc:92] mmap allocating space 1.82 GB
[2022-12-05 20:25:58. 15989: W /samgraph/samgraph/common/cpu/mmap_cpu_device.cc:97] mmap allocating space 1.82 GB done
[2022-12-05 20:25:58. 16023: W /samgraph/samgraph/common/cpu/cpu_device.cc:39] WORKER[0] alloc host memory 12.87 GB
[2022-12-05 20:25:58.652686: E /samgraph/samgraph/common/engine.cc:272] Train set size 7.64 MB
[2022-12-05 20:25:58.653084: W /samgraph/samgraph/common/cpu/mmap_cpu_device.cc:92] mmap allocating space 68.50 GB
[2022-12-05 20:25:58.653105: W /samgraph/samgraph/common/cpu/mmap_cpu_device.cc:97] mmap allocating space 68.50 GB done
/usr/lib/python3/dist-packages/requests/__init__.py:89: RequestsDependencyWarning: urllib3 (1.26.12) or chardet (3.0.4) doesn't match a supported version!
  warnings.warn("urllib3 ({}) or chardet ({}) doesn't match a supported "
[2022-12-05 20:25:59.961981: W /samgraph/samgraph/common/dist/dist_engine.cc:662] Trainer[0] initializing...
[2022-12-05 20:26:00. 15609: W /samgraph/samgraph/common/dist/dist_engine.cc:662] Trainer[1] initializing...
[2022-12-05 20:26:00. 63279: W /samgraph/samgraph/common/dist/dist_engine.cc:662] Trainer[3] initializing...
[2022-12-05 20:26:00.152972: W /samgraph/samgraph/common/dist/dist_engine.cc:662] Trainer[2] initializing...
[2022-12-05 20:26:00.198419: W /samgraph/samgraph/common/dist/dist_engine.cc:662] Trainer[5] initializing...
[2022-12-05 20:26:00.231039: W /samgraph/samgraph/common/dist/dist_engine.cc:662] Trainer[4] initializing...
[2022-12-05 20:26:01.516620: W /samgraph/samgraph/common/dist/dist_engine.cc:666] Trainer[0] pin memory queue...
[2022-12-05 20:26:01.545439: W /samgraph/samgraph/common/dist/dist_engine.cc:666] Trainer[1] pin memory queue...
[2022-12-05 20:26:01.555611: W /samgraph/samgraph/common/dist/dist_engine.cc:666] Trainer[3] pin memory queue...
[2022-12-05 20:26:01.574997: W /samgraph/samgraph/common/dist/dist_engine.cc:666] Trainer[5] pin memory queue...
[2022-12-05 20:26:01.575276: W /samgraph/samgraph/common/dist/dist_engine.cc:666] Trainer[2] pin memory queue...
[2022-12-05 20:26:01.580631: W /samgraph/samgraph/common/dist/dist_engine.cc:666] Trainer[4] pin memory queue...
[2022-12-05 20:26:21.609664: E /samgraph/samgraph/common/dist/dist_engine.cc:85] Running on A100
[2022-12-05 20:26:21.610628: W /samgraph/samgraph/common/dist/dist_engine.cc:701] Trainer[4] register host memory...
[2022-12-05 20:26:21.611892: E /samgraph/samgraph/common/dist/dist_engine.cc:85] Running on A100
[2022-12-05 20:26:21.612899: E /samgraph/samgraph/common/dist/dist_engine.cc:85] Running on A100
[2022-12-05 20:26:21.613064: W /samgraph/samgraph/common/dist/dist_engine.cc:701] Trainer[3] register host memory...
[2022-12-05 20:26:21.613718: W /samgraph/samgraph/common/dist/dist_engine.cc:701] Trainer[2] register host memory...
[2022-12-05 20:26:21.639684: E /samgraph/samgraph/common/dist/dist_engine.cc:85] Running on A100
[2022-12-05 20:26:21.640397: W /samgraph/samgraph/common/dist/dist_engine.cc:701] Trainer[0] register host memory...
[2022-12-05 20:26:21.670217: E /samgraph/samgraph/common/dist/dist_engine.cc:85] Running on A100
[2022-12-05 20:26:21.670379: W /samgraph/samgraph/common/dist/dist_engine.cc:701] Trainer[5] register host memory...
[2022-12-05 20:26:21.677068: E /samgraph/samgraph/common/dist/dist_engine.cc:85] Running on A100
[2022-12-05 20:26:21.677132: W /samgraph/samgraph/common/dist/dist_engine.cc:701] Trainer[1] register host memory...
[2022-12-05 20:26:21.816161: E /samgraph/samgraph/common/dist/dist_engine.cc:85] Running on A100
[2022-12-05 20:26:21.817703: E /samgraph/samgraph/common/dist/dist_engine.cc:85] Running on A100
[2022-12-05 20:26:21.819482: W /samgraph/samgraph/common/cuda/cuda_device.cc:49] GPU[6] alloc cuda memory 931.40 MB
[2022-12-05 20:26:21.934452: W /samgraph/samgraph/common/cuda/cuda_device.cc:49] GPU[6] alloc cuda memory 12.87 GB
[2022-12-05 20:26:23.273206: W /samgraph/samgraph/common/cuda/cuda_device.cc:49] GPU[6] alloc cuda memory 64.00 MB
[2022-12-05 20:26:23.276047: E /samgraph/samgraph/common/dist/pre_sampler.cc:41] Dist Presampler making shuffler...
[2022-12-05 20:26:23.278534: E /samgraph/samgraph/common/dist/pre_sampler.cc:44] Dist Presampler making shuffler...Done
[2022-12-05 20:26:23.278560: W /samgraph/samgraph/common/cpu/cpu_device.cc:39] WORKER[0] alloc host memory 1.82 GB
[2022-12-05 20:26:23.566443: E /samgraph/samgraph/common/dist/pre_sampler.cc:85] Dist Presampler doing presample epoch 0
[2022-12-05 20:26:31.391403: E /samgraph/samgraph/common/dist/pre_sampler.cc:129] presample spend 1.72511 on sample, 0.169772 on copy, 5.92252 on count
[2022-12-05 20:26:31.391487: E /samgraph/samgraph/common/dist/pre_sampler.cc:85] Dist Presampler doing presample epoch 1
[2022-12-05 20:26:39.240303: E /samgraph/samgraph/common/dist/pre_sampler.cc:129] presample spend 3.45484 on sample, 0.340691 on copy, 11.8634 on count
[2022-12-05 20:26:39.240400: E /samgraph/samgraph/common/dist/pre_sampler.cc:136] max_num_inputs = 976717, min_num_inputs = 929889
[2022-12-05 20:26:39.584805: E /samgraph/samgraph/common/dist/pre_sampler.cc:148] presample spend 0.344337 on sort freq.
[2022-12-05 20:26:39.947904: E /samgraph/samgraph/common/dist/dist_engine.cc:524] pre sample done, delete it
[[[[[[2022-12-05 20:26:392022-12-05 20:26:392022-12-05 20:26:392022-12-05 20:26:392022-12-05 20:26:39.2022-12-05 20:26:39....985267.985259985262985262985276: 985270: : : : W: WWWW W    /samgraph/samgraph/common/dist/dist_engine.cc /samgraph/samgraph/common/dist/dist_engine.cc/samgraph/samgraph/common/dist/dist_engine.cc/samgraph/samgraph/common/dist/dist_engine.cc/samgraph/samgraph/common/dist/dist_engine.cc:/samgraph/samgraph/common/dist/dist_engine.cc::::711:711711711711] 711] ] ] ] Trainer[1] building cache...] Trainer[3] building cache...Trainer[0] building cache...
Trainer[2] building cache...Trainer[5] building cache...
Trainer[4] building cache...



[[2022-12-05 20:26:392022-12-05 20:26:39..986765986768: : EE  /samgraph/3rdparty/collcachelib/coll_cache_lib/run_config.cc[/samgraph/3rdparty/collcachelib/coll_cache_lib/run_config.cc2022-12-05 20:26:39::.134134986785] ] : using concurrent impl MPSusing concurrent impl MPSE

 /samgraph/3rdparty/collcachelib/coll_cache_lib/run_config.cc:134] using concurrent impl MPS
[2022-12-05 20:26:39.986836: E /samgraph/3rdparty/collcachelib/coll_cache_lib/run_config.cc:134] using concurrent impl MPS
[2022-12-05 20:26:39.986931: E /samgraph/3rdparty/collcachelib/coll_cache_lib/run_config.cc:134] using concurrent impl MPS
[2022-12-05 20:26:39.988084: E /samgraph/3rdparty/collcachelib/coll_cache_lib/coll_cache/asymm_link_desc.cc:196] build symm link desc with 6X NVIDIA A100-SXM4-80GB out of 8
[2022-12-05 20:26:39.988109: E /samgraph/3rdparty/collcachelib/coll_cache_lib/coll_cache/asymm_link_desc.cc:197] remote time is 10.8824
[2022-12-05 20:26:39.988120: E /samgraph/3rdparty/collcachelib/coll_cache_lib/coll_cache/asymm_link_desc.cc:198] cpu time is 41.1111
[2022-12-05 20:26:39.988187: E /samgraph/3rdparty/collcachelib/coll_cache_lib/coll_cache/asymm_link_desc.cc:196] build symm link desc with 6X NVIDIA A100-SXM4-80GB out of 8
[2022-12-05 20:26:39.988211: E /samgraph/3rdparty/collcachelib/coll_cache_lib/coll_cache/asymm_link_desc.cc:197] remote time is 10.8824
[2022-12-05 20:26:39.988222: E /samgraph/3rdparty/collcachelib/coll_cache_lib/coll_cache/asymm_link_desc.cc:198] cpu time is 41.1111
[2022-12-05 20:26:39.988469: E /samgraph/3rdparty/collcachelib/coll_cache_lib/coll_cache/asymm_link_desc.cc:196] [build symm link desc with 6X NVIDIA A100-SXM4-80GB out of 82022-12-05 20:26:39
.988477: E /samgraph/3rdparty/collcachelib/coll_cache_lib/coll_cache/asymm_link_desc.cc:[1962022-12-05 20:26:39] .build symm link desc with 6X NVIDIA A100-SXM4-80GB out of 8988501
: E /samgraph/3rdparty/collcachelib/coll_cache_lib/coll_cache/asymm_link_desc.cc:197] remote time is 10.8824
[2022-12-05 20:26:39.[9885222022-12-05 20:26:39: .E988524 : /samgraph/3rdparty/collcachelib/coll_cache_lib/coll_cache/asymm_link_desc.ccE: 197/samgraph/3rdparty/collcachelib/coll_cache_lib/coll_cache/asymm_link_desc.cc] :remote time is 10.8824198
] cpu time is 41.1111
[2022-12-05 20:26:39.988560: E /samgraph/3rdparty/collcachelib/coll_cache_lib/coll_cache/asymm_link_desc.cc:198] cpu time is 41.1111
[2022-12-05 20:26:39.988696: E /samgraph/3rdparty/collcachelib/coll_cache_lib/coll_cache/asymm_link_desc.cc:196] build symm link desc with 6X NVIDIA A100-SXM4-80GB out of 8
[2022-12-05 20:26:39.988719: E /samgraph/3rdparty/collcachelib/coll_cache_lib/coll_cache/asymm_link_desc.cc:197] remote time is 10.8824
[2022-12-05 20:26:39.988730: E /samgraph/3rdparty/collcachelib/coll_cache_lib/coll_cache/asymm_link_desc.cc:198] cpu time is 41.1111
[2022-12-05 20:26:40.  9927: E /samgraph/3rdparty/collcachelib/coll_cache_lib/run_config.cc:134] using concurrent impl MPS
[2022-12-05 20:26:40. 11075: E /samgraph/3rdparty/collcachelib/coll_cache_lib/coll_cache/asymm_link_desc.cc:196] build symm link desc with 6X NVIDIA A100-SXM4-80GB out of 8
[2022-12-05 20:26:40. 11102: E /samgraph/3rdparty/collcachelib/coll_cache_lib/coll_cache/asymm_link_desc.cc:197] remote time is 10.8824
[2022-12-05 20:26:40. 11113: E /samgraph/3rdparty/collcachelib/coll_cache_lib/coll_cache/asymm_link_desc.cc:198] cpu time is 41.1111
[2022-12-05 20:28:10.102926: E /samgraph/3rdparty/collcachelib/coll_cache_lib/facade.cc:115] solver created. now build & solve
[2022-12-05 20:28:10.199901: W /samgraph/3rdparty/collcachelib/coll_cache_lib/cpu/cpu_device.cc:39] WORKER[0] alloc host memory 931.40 MB
[2022-12-05 20:28:10.199964: W /samgraph/3rdparty/collcachelib/coll_cache_lib/cpu/cpu_device.cc:39] WORKER[0] alloc host memory 931.40 MB
[2022-12-05 20:28:10.201439: W /samgraph/3rdparty/collcachelib/coll_cache_lib/coll_cache/optimal_solver_class.cc:68] mapping nid to rank...
[2022-12-05 20:28:10.775376: W /samgraph/3rdparty/collcachelib/coll_cache_lib/coll_cache/optimal_solver_class.cc:85] counting slots...
[2022-12-05 20:28:13.375961: W /samgraph/3rdparty/collcachelib/coll_cache_lib/coll_cache/optimal_solver_class.cc:99] Final num slot is 35
[2022-12-05 20:28:13.376016: W /samgraph/3rdparty/collcachelib/coll_cache_lib/coll_cache/optimal_solver_class.cc:103] counting blocks...
[2022-12-05 20:28:23.929680: W /samgraph/3rdparty/collcachelib/coll_cache_lib/coll_cache/optimal_solver_class.cc:112] Final num block is 1018
[2022-12-05 20:28:23.929766: W /samgraph/3rdparty/collcachelib/coll_cache_lib/coll_cache/optimal_solver_class.cc:117] counting freq and density...
[2022-12-05 20:28:26.512575: W /samgraph/3rdparty/collcachelib/coll_cache_lib/coll_cache/optimal_solver_class.cc:148] averaging freq and density...
[2022-12-05 20:28:26.512648: W /samgraph/3rdparty/collcachelib/coll_cache_lib/coll_cache/optimal_solver_class.cc:149] 1018
[2022-12-05 20:28:26.516287: E /samgraph/3rdparty/collcachelib/coll_cache_lib/facade.cc:120] solver built. now solve
[2022-12-05 20:28:26.516316: W /samgraph/3rdparty/collcachelib/coll_cache_lib/coll_cache/optimal_solver_class.cc:348] constructing optimal solver, device=6, stream=1
1018 blocks, 6 devices
[2022-12-05 20:28:32.217750: W /samgraph/3rdparty/collcachelib/coll_cache_lib/coll_cache/optimal_solver_class.cc:503] Add Var...
[2022-12-05 20:28:32.237313: W /samgraph/3rdparty/collcachelib/coll_cache_lib/coll_cache/optimal_solver_class.cc:521] Capacity...
[2022-12-05 20:28:32.238172: W /samgraph/3rdparty/collcachelib/coll_cache_lib/coll_cache/optimal_solver_class.cc:524] Connect CPU...
[2022-12-05 20:28:32.249916: W /samgraph/3rdparty/collcachelib/coll_cache_lib/coll_cache/optimal_solver_class.cc:526] Connect Access To Storage...
[2022-12-05 20:28:32.522814: W /samgraph/3rdparty/collcachelib/coll_cache_lib/coll_cache/optimal_solver_class.cc:530] Time...
[2022-12-05 20:28:55.476707: W /samgraph/3rdparty/collcachelib/coll_cache_lib/coll_cache/optimal_solver_class.cc:545] Coll Cache init block placement array
[2022-12-05 20:28:55.481148: W /samgraph/3rdparty/collcachelib/coll_cache_lib/coll_cache/optimal_solver_class.cc:621] Coll Cache init block placement array done
[2022-12-05 20:28:55.481270: W /samgraph/3rdparty/collcachelib/coll_cache_lib/coll_cache/optimal_solver_class.cc:623] Coll Cache model reset done
[2022-12-05 20:28:55.503828: E /samgraph/3rdparty/collcachelib/coll_cache_lib/facade.cc:124] solver solved
[2022-12-05 20:28:55.503882: E /samgraph/3rdparty/collcachelib/coll_cache_lib/facade.cc:187] 0 solved master
[2022-12-05 20:28:55.503905: E /samgraph/3rdparty/collcachelib/coll_cache_lib/facade.cc:194] 0 solved
[2022-12-05 20:28:55.503915: E /samgraph/3rdparty/collcachelib/coll_cache_lib/facade.cc:197] worker 0 thread 0 initing device 0
[2022-12-05 20:28:55.504955: E /samgraph/3rdparty/collcachelib/coll_cache_lib/cache_context.cu:1762] Building Coll Cache with ... num gpu device is 6
[2022-12-05 20:28:55.539570: E /samgraph/3rdparty/collcachelib/coll_cache_lib/facade.cc:194] 4 solved
[2022-12-05 20:28:55.539662: E /samgraph/3rdparty/collcachelib/coll_cache_lib/facade.cc:197] worker 4 thread 4 initing device 4
[2022-12-05 20:28:55.540724: E /samgraph/3rdparty/collcachelib/coll_cache_lib/cache_context.cu:1762] Building Coll Cache with ... num gpu device is 6
[[[[2022-12-05 20:28:552022-12-05 20:28:552022-12-05 20:28:55...2022-12-05 20:28:55569505569505569505.: : : 569512EEE:    E/samgraph/3rdparty/collcachelib/coll_cache_lib/facade.cc/samgraph/3rdparty/collcachelib/coll_cache_lib/facade.cc/samgraph/3rdparty/collcachelib/coll_cache_lib/facade.cc :::/samgraph/3rdparty/collcachelib/coll_cache_lib/facade.cc194194194:] ] ] 1 solved1943 solved2 solved
] 

5 solved
[2022-12-05 20:28:55.[[5696072022-12-05 20:28:55[2022-12-05 20:28:55: .2022-12-05 20:28:55.E569608.569609 : 569610: /samgraph/3rdparty/collcachelib/coll_cache_lib/facade.ccE: E: E 197/samgraph/3rdparty/collcachelib/coll_cache_lib/facade.cc /samgraph/3rdparty/collcachelib/coll_cache_lib/facade.cc] :/samgraph/3rdparty/collcachelib/coll_cache_lib/facade.cc:worker 1 thread 1 initing device 1197:197
] 197] worker 3 thread 3 initing device 3] worker 2 thread 2 initing device 2
worker 5 thread 5 initing device 5

[[2022-12-05 20:28:552022-12-05 20:28:55..571005571006: : EE  /samgraph/3rdparty/collcachelib/coll_cache_lib/cache_context.cu/samgraph/3rdparty/collcachelib/coll_cache_lib/cache_context.cu::17621762] ] Building Coll Cache with ... num gpu device is 6Building Coll Cache with ... num gpu device is 6

[2022-12-05 20:28:55.571034: E /samgraph/3rdparty/collcachelib/coll_cache_lib/cache_context.cu:1762] Building Coll Cache with ... num gpu device is 6
[2022-12-05 20:28:55.571044: E /samgraph/3rdparty/collcachelib/coll_cache_lib/cache_context.cu:1762] Building Coll Cache with ... num gpu device is 6
[2022-12-05 20:28:55.623110: W /samgraph/3rdparty/collcachelib/coll_cache_lib/cpu/cpu_device.cc:39] WORKER[0] alloc host memory 92.95 MB
[[[[[[2022-12-05 20:28:582022-12-05 20:28:582022-12-05 20:28:582022-12-05 20:28:582022-12-05 20:28:58.2022-12-05 20:28:58....866291.866291866288866288866289: 866292: : : : E: EEEE E    /samgraph/3rdparty/collcachelib/coll_cache_lib/cache_context.cu /samgraph/3rdparty/collcachelib/coll_cache_lib/cache_context.cu/samgraph/3rdparty/collcachelib/coll_cache_lib/cache_context.cu/samgraph/3rdparty/collcachelib/coll_cache_lib/cache_context.cu/samgraph/3rdparty/collcachelib/coll_cache_lib/cache_context.cu:/samgraph/3rdparty/collcachelib/coll_cache_lib/cache_context.cu::::1871:1871187118711871] 1871] ] ] ] Device 2 init p2p of link 3Device 5 init p2p of link 0Device 4 init p2p of link 5] Device 0 init p2p of link 1Device 3 init p2p of link 4


Device 1 init p2p of link 2


[2022-12-05 20:28:58.874349: E /samgraph/3rdparty/collcachelib/coll_cache_lib/cache_context.cu:1871] Device 3 init p2p of link 5
[2022-12-05 20:28:58.874434: E /samgraph/3rdparty/collcachelib/coll_cache_lib/cache_context.cu:1871] Device 2 init p2p of link 4
[2022-12-05 20:28:58.874512: E /samgraph/3rdparty/collcachelib/coll_cache_lib/cache_context.cu:1871] Device 4 init p2p of link 0
[2022-12-05 20:28:58.874568: E /samgraph/3rdparty/collcachelib/coll_cache_lib/cache_context.cu:1871] Device 1 init p2p of link 3
[2022-12-05 20:28:58.874613: E /samgraph/3rdparty/collcachelib/coll_cache_lib/cache_context.cu:1871] Device 5 init p2p of link 1
[2022-12-05 20:28:58.875406: E /samgraph/3rdparty/collcachelib/coll_cache_lib/cache_context.cu:1871] Device 0 init p2p of link 2
[2022-12-05 20:28:58.879779: E /samgraph/3rdparty/collcachelib/coll_cache_lib/cache_context.cu:1871] Device 3 init p2p of link 0
[2022-12-05 20:28:58.880698: E /samgraph/3rdparty/collcachelib/coll_cache_lib/cache_context.cu:1871] Device 2 init p2p of link 5
[2022-12-05 20:28:58.881375: E /samgraph/3rdparty/collcachelib/coll_cache_lib/cache_context.cu:1871] Device 4 init p2p of link 1
[2022-12-05 20:28:58.881499[: 2022-12-05 20:28:58E. 881502/samgraph/3rdparty/collcachelib/coll_cache_lib/cache_context.cu: :E1871 ] /samgraph/3rdparty/collcachelib/coll_cache_lib/cache_context.cuDevice 1 init p2p of link 4:
1871] Device 5 init p2p of link 2
[2022-12-05 20:28:58.881570: E /samgraph/3rdparty/collcachelib/coll_cache_lib/cache_context.cu:1871] Device 0 init p2p of link 3
[2022-12-05 20:28:58.884362: E /samgraph/3rdparty/collcachelib/coll_cache_lib/cache_context.cu:1871] Device 3 init p2p of link 1
[2022-12-05 20:28:58.885112: E /samgraph/3rdparty/collcachelib/coll_cache_lib/cache_context.cu:1871] Device 2 init p2p of link 0
[2022-12-05 20:28:58.887150: E /samgraph/3rdparty/collcachelib/coll_cache_lib/cache_context.cu:1871] Device 4 init p2p of link 2
[2022-12-05 20:28:58.887337: E /samgraph/3rdparty/collcachelib/coll_cache_lib/cache_context.cu:1871] Device 5 init p2p of link 3
[2022-12-05 20:28:58.887535: E /samgraph/3rdparty/collcachelib/coll_cache_lib/cache_context.cu:1871] Device 0 init p2p of link 4
[2022-12-05 20:28:58.887604: E /samgraph/3rdparty/collcachelib/coll_cache_lib/cache_context.cu:1871] Device 1 init p2p of link 5
[2022-12-05 20:28:58.889685: E /samgraph/3rdparty/collcachelib/coll_cache_lib/cache_context.cu:1871] Device 3 init p2p of link 2
[2022-12-05 20:28:58.890334: E /samgraph/3rdparty/collcachelib/coll_cache_lib/cache_context.cu:1871] Device 2 init p2p of link 1
[2022-12-05 20:28:58.892826: E /samgraph/3rdparty/collcachelib/coll_cache_lib/cache_context.cu:1871] Device 4 init p2p of link 3
[2022-12-05 20:28:58.893474: E /samgraph/3rdparty/collcachelib/coll_cache_lib/cache_context.cu:1871] [Device 0 init p2p of link 52022-12-05 20:28:58
.893486: E /samgraph/3rdparty/collcachelib/coll_cache_lib/cache_context.cu:1871] Device 5 init p2p of link 4
[2022-12-05 20:28:58.893668: E /samgraph/3rdparty/collcachelib/coll_cache_lib/cache_context.cu:1871] Device 1 init p2p of link 0
[2022-12-05 20:28:58.895168: E /samgraph/3rdparty/collcachelib/coll_cache_lib/cache_context.cu:1900] Asymm Coll cache (policy: coll_cache_asymm_link) | local 24399628 / 244160499 nodes ( 9.99 %~10.00 %) | remote 70888787 / 244160499 nodes ( 29.03 %) | cpu 148872084 / 244160499 nodes ( 60.97 %) | 34.94 GB | 3.32412 secs 
[2022-12-05 20:28:58.897488: E /samgraph/3rdparty/collcachelib/coll_cache_lib/cache_context.cu:1900] Asymm Coll cache (policy: coll_cache_asymm_link) | local 24411655 / 244160499 nodes ( 10.00 %~10.00 %) | remote 70876760 / 244160499 nodes ( 29.03 %) | cpu 148872084 / 244160499 nodes ( 60.97 %) | 34.96 GB | 3.32642 secs 
[2022-12-05 20:28:58.902961: E /samgraph/3rdparty/collcachelib/coll_cache_lib/cache_context.cu:1900] Asymm Coll cache (policy: coll_cache_asymm_link) | local 24380342 / 244160499 nodes ( 9.99 %~10.00 %) | remote 70908073 / 244160499 nodes ( 29.04 %) | cpu 148872084 / 244160499 nodes ( 60.97 %) | 34.91 GB | 3.33192 secs 
[2022-12-05 20:28:58.904059: E /samgraph/3rdparty/collcachelib/coll_cache_lib/cache_context.cu:1900] Asymm Coll cache (policy: coll_cache_asymm_link) | local 24367168 / 244160499 nodes ( 9.98 %~10.00 %) | remote 70921247 / 244160499 nodes ( 29.05 %) | cpu 148872084 / 244160499 nodes ( 60.97 %) | 34.89 GB | 3.39907 secs 
[2022-12-05 20:28:58.905427: E /samgraph/3rdparty/collcachelib/coll_cache_lib/cache_context.cu:1900] Asymm Coll cache (policy: coll_cache_asymm_link) | local 24408888 / 244160499 nodes ( 10.00 %~10.00 %) | remote 70879527 / 244160499 nodes ( 29.03 %) | cpu 148872084 / 244160499 nodes ( 60.97 %) | 34.95 GB | 3.33437 secs 
[2022-12-05 20:28:58.906024: E /samgraph/3rdparty/collcachelib/coll_cache_lib/cache_context.cu:1900] Asymm Coll cache (policy: coll_cache_asymm_link) | local 24389581 / 244160499 nodes ( 9.99 %~10.00 %) | remote 70898834 / 244160499 nodes ( 29.04 %) | cpu 148872084 / 244160499 nodes ( 60.97 %) | 34.92 GB | 3.36527 secs 
[2022-12-05 20:28:58.906031: W /samgraph/3rdparty/collcachelib/coll_cache_lib/cache_context.cu:2004] before create ctx, mem is 38.44 GB
[2022-12-05 20:29:00.121269: W /samgraph/3rdparty/collcachelib/coll_cache_lib/cache_context.cu:2010] after create ctx, mem is 38.86 GB
[2022-12-05 20:29:00.122525: W /samgraph/3rdparty/collcachelib/coll_cache_lib/cache_context.cu:2017] after create stream, mem is 38.86 GB
[2022-12-05 20:29:00.126285: W /samgraph/3rdparty/collcachelib/coll_cache_lib/cache_context.cu:2004] before create ctx, mem is 38.86 GB
[2022-12-05 20:29:01.348546: W /samgraph/3rdparty/collcachelib/coll_cache_lib/cache_context.cu:2010] after create ctx, mem is 39.29 GB
[2022-12-05 20:29:01.351501: W /samgraph/3rdparty/collcachelib/coll_cache_lib/cache_context.cu:2017] after create stream, mem is 39.29 GB
[2022-12-05 20:29:01.353877: W /samgraph/3rdparty/collcachelib/coll_cache_lib/cache_context.cu:2004] before create ctx, mem is 39.29 GB
[2022-12-05 20:29:03.134492: W /samgraph/3rdparty/collcachelib/coll_cache_lib/cache_context.cu:2010] after create ctx, mem is 39.72 GB
[2022-12-05 20:29:03.134598: W /samgraph/3rdparty/collcachelib/coll_cache_lib/cache_context.cu:2017] after create stream, mem is 39.72 GB
[2022-12-05 20:29:03.134837: W /samgraph/3rdparty/collcachelib/coll_cache_lib/cache_context.cu:2004] before create ctx, mem is 39.72 GB
[2022-12-05 20:29:04.398693: W /samgraph/3rdparty/collcachelib/coll_cache_lib/cache_context.cu:2010] after create ctx, mem is 40.14 GB
[2022-12-05 20:29:04.398798: W /samgraph/3rdparty/collcachelib/coll_cache_lib/cache_context.cu:2017] after create stream, mem is 40.14 GB
[2022-12-05 20:29:04.398976: W /samgraph/3rdparty/collcachelib/coll_cache_lib/cache_context.cu:2004] before create ctx, mem is 40.14 GB
[2022-12-05 20:29:05.624335: W /samgraph/3rdparty/collcachelib/coll_cache_lib/cache_context.cu:2010] after create ctx, mem is 40.57 GB
[2022-12-05 20:29:05.627883: W /samgraph/3rdparty/collcachelib/coll_cache_lib/cache_context.cu:2017] after create stream, mem is 40.57 GB
[2022-12-05 20:29:05.631896: W /samgraph/3rdparty/collcachelib/coll_cache_lib/cache_context.cu:2004] before create ctx, mem is 40.57 GB
[2022-12-05 20:29:06.921714: W /samgraph/3rdparty/collcachelib/coll_cache_lib/cache_context.cu:2010] after create ctx, mem is 41.32 GB
[2022-12-05 20:29:06.922749: W /samgraph/3rdparty/collcachelib/coll_cache_lib/cache_context.cu:2017] after create stream, mem is 41.32 GB
[2022-12-05 20:29:06.922976: W /samgraph/3rdparty/collcachelib/coll_cache_lib/cache_context.cu:2004] before create ctx, mem is 41.32 GB
[2022-12-05 20:29:08.284502: W /samgraph/3rdparty/collcachelib/coll_cache_lib/cache_context.cu:2010] after create ctx, mem is 41.71 GB
[2022-12-05 20:29:08.284584: W /samgraph/3rdparty/collcachelib/coll_cache_lib/cache_context.cu:2017] after create stream, mem is 41.71 GB
[2022-12-05 20:29:11.759016: W /samgraph/samgraph/common/cuda/cuda_device.cc:49] GPU[0] alloc cuda memory 1.48 GB
[2022-12-05 20:29:13.281122: W /samgraph/samgraph/common/cuda/cuda_device.cc:49] GPU[0] alloc cuda memory 1.48 GB
/usr/local/lib/python3.8/dist-packages/torch/nn/parallel/scatter_gather.py:9: UserWarning: is_namedtuple is deprecated, please use the python checks instead
  warnings.warn("is_namedtuple is deprecated, please use the python checks instead")
/usr/local/lib/python3.8/dist-packages/torch/nn/parallel/scatter_gather.py:9: UserWarning: is_namedtuple is deprecated, please use the python checks instead
  warnings.warn("is_namedtuple is deprecated, please use the python checks instead")
/usr/local/lib/python3.8/dist-packages/torch/nn/parallel/scatter_gather.py:9: UserWarning: is_namedtuple is deprecated, please use the python checks instead
  warnings.warn("is_namedtuple is deprecated, please use the python checks instead")
/usr/local/lib/python3.8/dist-packages/torch/nn/parallel/scatter_gather.py:9: UserWarning: is_namedtuple is deprecated, please use the python checks instead
  warnings.warn("is_namedtuple is deprecated, please use the python checks instead")
/usr/local/lib/python3.8/dist-packages/torch/nn/parallel/scatter_gather.py:9: UserWarning: is_namedtuple is deprecated, please use the python checks instead
  warnings.warn("is_namedtuple is deprecated, please use the python checks instead")
/usr/local/lib/python3.8/dist-packages/torch/nn/parallel/scatter_gather.py:9: UserWarning: is_namedtuple is deprecated, please use the python checks instead
  warnings.warn("is_namedtuple is deprecated, please use the python checks instead")
