config:eval_tsp="2022-12-06 05:34:27"
config:arch=arch5
config:num_train_worker=6
config:num_sample_worker=2
config:sample_type=khop2
config:root_path=/nvme/graph-learning-copy/samgraph/
config:dataset=mag240m-homo
config:pipeline=False
config:cache_policy=coll_cache_asymm_link
config:cache_percentage=0.08
config:num_epoch=4
config:batch_size=1000
config:num_hidden=256
config:max_sampling_jobs=1
config:max_copying_jobs=1
config:barriered_epoch=1
config:presample_epoch=2
config:omp_thread_num=6
config:unsupervised=True
config:amp=True
config:rolling=0
config:fanout=[25, 10]
config:lr=0.003
config:dropout=0.5
config:single_gpu=False
config:max_num_step=1000
config:validate_configs=False
config:report_acc=0
config:dataset_path=/nvme/graph-learning-copy/samgraph/mag240m-homo
config:torch_thread_num=9
config:train_workers=['cuda:0', 'cuda:1', 'cuda:2', 'cuda:3', 'cuda:4', 'cuda:5']
config:sample_workers=['cuda:6', 'cuda:7']
config:num_fanout=2
config:num_layer=2
config:_run_mode=RunMode.FGNN
config:_log_level=warn
config:_profile_level=3
config:_empty_feat=0
config:_arch=5
config:_sample_type=5
config:_cache_policy=13
test_result:init:input_scale_factor=1.11608
0 :  {link #0 : 1}, {link #1 : 2}, {link #2 : 3}, {link #3 : 4}, {link #4 : 5},
1 :  {link #0 : 2}, {link #1 : 3}, {link #2 : 4}, {link #3 : 5}, {link #4 : 0},
2 :  {link #0 : 3}, {link #1 : 4}, {link #2 : 5}, {link #3 : 0}, {link #4 : 1},
3 :  {link #0 : 4}, {link #1 : 5}, {link #2 : 0}, {link #3 : 1}, {link #4 : 2},
4 :  {link #0 : 5}, {link #1 : 0}, {link #2 : 1}, {link #3 : 2}, {link #4 : 3},
5 :  {link #0 : 0}, {link #1 : 1}, {link #2 : 2}, {link #3 : 3}, {link #4 : 4},
0 :  {link #0 : 1}, {link #1 : 2}, {link #2 : 3}, {link #3 : 4}, {link #4 : 5},
1 :  {link #0 : 2}, {link #1 : 3}, {link #2 : 4}, {link #3 : 5}, {link #4 : 0},
2 :  {link #0 : 3}, {link #1 : 4}, {link #2 : 5}, {link #3 : 0}, {link #4 : 1},
3 :  {link #0 : 4}, {link #1 : 5}, {link #2 : 0}, {link #3 : 1}, {link #4 : 2},
4 :  {link #0 : 5}, {link #1 : 0}, {link #2 : 1}, {link #3 : 2}, {link #4 : 3},
5 :  {link #0 : 0}, {link #1 : 1}, {link #2 : 2}, {link #3 : 3}, {link #4 : 4},
0 :  {link #0 : 1}, {link #1 : 2}, {link #2 : 3}, {link #3 : 4}, {link #4 : 5},
1 :  {link #0 : 2}, {link #1 : 3}, {link #2 : 4}, {link #3 : 5}, {link #4 : 0},
2 :  {link #0 : 3}, {link #1 : 4}, {link #2 : 5}, {link #3 : 0}, {link #4 : 1},
3 :  {link #0 : 4}, {link #1 : 5}, {link #2 : 0}, {link #3 : 1}, {link #4 : 2},
4 :  {link #0 : 5}, {link #1 : 0}, {link #2 : 1}, {link #3 : 2}, {link #4 : 3},
5 :  {link #0 : 0}, {link #1 : 1}, {link #2 : 2}, {link #3 : 3}, {link #4 : 4},
0 :  {link #0 : 1}, {link #1 : 2}, {link #2 : 3}, {link #3 : 4}, {link #4 : 5},
1 :  {link #0 : 2}, {link #1 : 3}, {link #2 : 4}, {link #3 : 5}, {link #4 : 0},
2 :  {link #0 : 3}, {link #1 : 4}, {link #2 : 5}, {link #3 : 0}, {link #4 : 1},
3 :  {link #0 : 4}, {link #1 : 5}, {link #2 : 0}, {link #3 : 1}, {link #4 : 2},
4 :  {link #0 : 5}, {link #1 : 0}, {link #2 : 1}, {link #3 : 2}, {link #4 : 3},
5 :  {link #0 : 0}, {link #1 : 1}, {link #2 : 2}, {link #3 : 3}, {link #4 : 4},
0 :  {link #0 : 1}, {link #1 : 2}, {link #2 : 3}, {link #3 : 4}, {link #4 : 5},
1 :  {link #0 : 2}, {link #1 : 3}, {link #2 : 4}, {link #3 : 5}, {link #4 : 0},
2 :  {link #0 : 3}, {link #1 : 4}, {link #2 : 5}, {link #3 : 0}, {link #4 : 1},
3 :  {link #0 : 4}, {link #1 : 5}, {link #2 : 0}, {link #3 : 1}, {link #4 : 2},
4 :  {link #0 : 5}, {link #1 : 0}, {link #2 : 1}, {link #3 : 2}, {link #4 : 3},
5 :  {link #0 : 0}, {link #1 : 1}, {link #2 : 2}, {link #3 : 3}, {link #4 : 4},
0 :  {link #0 : 1}, {link #1 : 2}, {link #2 : 3}, {link #3 : 4}, {link #4 : 5},
1 :  {link #0 : 2}, {link #1 : 3}, {link #2 : 4}, {link #3 : 5}, {link #4 : 0},
2 :  {link #0 : 3}, {link #1 : 4}, {link #2 : 5}, {link #3 : 0}, {link #4 : 1},
3 :  {link #0 : 4}, {link #1 : 5}, {link #2 : 0}, {link #3 : 1}, {link #4 : 2},
4 :  {link #0 : 5}, {link #1 : 0}, {link #2 : 1}, {link #3 : 2}, {link #4 : 3},
5 :  {link #0 : 0}, {link #1 : 1}, {link #2 : 2}, {link #3 : 3}, {link #4 : 4},
Set parameter WLSAccessID
Set parameter WLSSecret
Set parameter LicenseID
Set parameter TimeLimit to value 200
Set parameter MIPGap to value 0.05
Set parameter GomoryPasses to value 0
Set parameter Aggregate to value 0
Set parameter LogFile to value "cppsolver.log"
Set parameter Threads to value 12
Academic license - for non-commercial use only - registered to xiaoniu.sxn@sjtu.edu.cn
Gurobi Optimizer version 9.5.1 build v9.5.1rc2 (linux64)
Thread count: 56 physical cores, 112 logical processors, using up to 12 threads
Academic license - for non-commercial use only - registered to xiaoniu.sxn@sjtu.edu.cn
Optimize a model with 188838 rows, 37562 columns and 456798 nonzeros
Model fingerprint: 0x9e1dc544
Variable types: 7 continuous, 37555 integer (37555 binary)
Coefficient statistics:
  Matrix range     [5e-04, 4e+02]
  Objective range  [1e+00, 1e+00]
  Bounds range     [1e+00, 1e+00]
  RHS range        [1e+00, 3e+02]
Found heuristic solution: objective 2.000000e+09
Presolve removed 152255 rows and 0 columns
Presolve time: 0.32s
Presolved: 36583 rows, 37562 columns, 147218 nonzeros
Found heuristic solution: objective 13247.073476
Variable types: 7 continuous, 37555 integer (37555 binary)

Deterministic concurrent LP optimizer: primal and dual simplex
Showing first log only...


Use crossover to convert LP symmetric solution to basic solution...
Concurrent spin time: 0.00s

Solved with dual simplex

Root relaxation: objective 6.251940e+02, 7337 iterations, 0.15 seconds (0.20 work units)
Total elapsed time = 5.07s

    Nodes    |    Current Node    |     Objective Bounds      |     Work
 Expl Unexpl |  Obj  Depth IntInf | Incumbent    BestBd   Gap | It/Node Time

     0     0  625.19396    0   97 13247.0735  625.19396  95.3%     -    6s
H    0     0                     635.6935286  625.19396  1.65%     -    9s

Explored 1 nodes (70188 simplex iterations) in 9.28 seconds (12.64 work units)
Thread count was 12 (of 112 available processors)

Solution count 3: 635.694 13247.1 2e+09 

Optimal solution found (tolerance 5.00e-02)
Best objective 6.356935286424e+02, best bound 6.251939601791e+02, gap 1.6517%
coll_cache:optimal_local_rate=0.482223,0.480522,0.481001,0.481907,0.476226,0.482962,
coll_cache:optimal_remote_rate=0.498843,0.500544,0.500065,0.499159,0.504841,0.498104,
coll_cache:optimal_cpu_rate=0.0189338,0.0189338,0.0189338,0.0189338,0.0189338,0.0189338,
z=635.694
test_result:init:feat_nbytes=375030526464
test_result:init:cache_nbytes=30037807104
test_result:init:feat_nbytes=375030526464
test_result:init:cache_nbytes=30011712000
test_result:init:feat_nbytes=375030526464
test_result:init:cache_nbytes=30013893120
test_result:init:feat_nbytes=375030526464
test_result:init:cache_nbytes=30033280512
test_result:init:feat_nbytes=375030526464
test_result:init:cache_nbytes=30006385152
test_result:init:feat_nbytes=375030526464
test_result:init:cache_nbytes=30028521984
[Train  Worker 1/6] Started with PID 91949(NVIDIA A100-SXM4-80GB)
[Train  Worker 1] run train for 4 epochs with 1002 steps
[Train  Worker 4/6] Started with PID 91958(NVIDIA A100-SXM4-80GB)
[Train  Worker 4] run train for 4 epochs with 1002 steps
[Train  Worker 2/6] Started with PID 91952(NVIDIA A100-SXM4-80GB)
[Train  Worker 2] run train for 4 epochs with 1002 steps
[Train  Worker 5/6] Started with PID 91960(NVIDIA A100-SXM4-80GB)
[Train  Worker 5] run train for 4 epochs with 1002 steps
[Train  Worker 3/6] Started with PID 91955(NVIDIA A100-SXM4-80GB)
[Train  Worker 3] run train for 4 epochs with 1002 steps
[CUDA] cuda0: usage: 37.81 GB
[SAM] cuda0 data alloc        : 0.00 Bytes
[SAM] cuda0 workspace         : 1.59 GB
[SAM] cuda0 workspace reserve : 812.87 MB
[SAM] cuda0 total             : 1.59 GB
[Train  Worker 0/6] Started with PID 91946(NVIDIA A100-SXM4-80GB)
[Train  Worker 0] run train for 4 epochs with 1002 steps
Epoch 00000 | Epoch Time 3.8456 | Total Train Time(Profiler) 3.0612 | Copy Time 0.7711
[CUDA] cuda0: usage: 37.81 GB
[SAM] cuda0 data alloc        : 0.00 Bytes
[SAM] cuda0 workspace         : 1.59 GB
[SAM] cuda0 workspace reserve : 812.52 MB
[SAM] cuda0 total             : 1.59 GB
Epoch 00001 | Epoch Time 2.0009 | Total Train Time(Profiler) 1.2410 | Copy Time 0.7478
[CUDA] cuda0: usage: 37.81 GB
[SAM] cuda0 data alloc        : 0.00 Bytes
[SAM] cuda0 workspace         : 1.59 GB
[SAM] cuda0 workspace reserve : 812.63 MB
[SAM] cuda0 total             : 1.59 GB
Epoch 00002 | Epoch Time 2.0143 | Total Train Time(Profiler) 1.2555 | Copy Time 0.7468
[CUDA] cuda0: usage: 37.84 GB
[SAM] cuda0 data alloc        : 0.00 Bytes
[SAM] cuda0 workspace         : 1.59 GB
[SAM] cuda0 workspace reserve : 813.14 MB
[SAM] cuda0 total             : 1.59 GB
Epoch 00003 | Epoch Time 2.0209 | Total Train Time(Profiler) 1.2582 | Copy Time 0.7507
[Train  Worker 5] Avg Epoch Time 2.0120 | Train Total Time(Profiler) 1.2702 | Copy Time 0.7310
[Train  Worker 0] Avg Epoch Time 2.0120 | Train Total Time(Profiler) 1.2516 | Copy Time 0.7484
[Train  Worker 3] Avg Epoch Time 2.0120 | Train Total Time(Profiler) 1.2715 | Copy Time 0.7289
[Train  Worker 4] Avg Epoch Time 2.0120 | Train Total Time(Profiler) 1.2613 | Copy Time 0.7398
[Train  Worker 2] Avg Epoch Time 2.0121 | Train Total Time(Profiler) 1.3082 | Copy Time 0.6915
[Train  Worker 1] Avg Epoch Time 2.0120 | Train Total Time(Profiler) 1.2670 | Copy Time 0.7328
[Sample Worker 1/2] Started with PID 91942(NVIDIA A100-SXM4-80GB)
[Sample Worker 1] run sample for 4 epochs with 501 steps
[Sample Worker 1] Avg Sample Total Time 0.7635 | Sampler Total Time(Profiler) 0.7562
    [Step(average) Profiler Level 1 E3 S500]
        L1  sample           0.001241 | send           0.000327
        L1  recv             0.000000 | copy           0.000000 | convert time 0.000000 | train  0.000000
        L1  feature nbytes 0.00 Bytes | label nbytes 0.00 Bytes
        L1  id nbytes      0.00 Bytes | graph nbytes 0.00 Bytes
        L1  miss nbytes    0.00 Bytes | remote nbytes 0.00 Bytes
        L1  num nodes          484030 | num samples      550361
    [Step(average) Profiler Level 2 E3 S500]
        L2  shuffle     0.000051 | core sample  0.000552 | id remap        0.000397
        L2  graph copy  0.000000 | id copy      0.000000 | cache feat copy 0.000000
        L2  last layer sample time 0.000304 | size 24928.725216
    [Step(average) Profiler Level 3 E3 S500]
        L3  khop sample coo  0.000295 | khop sort coo      0.000000 | khop count edge     0.000036 | khop compact edge 0.000162
        L3  walk sample coo  0.000000 | walk topk total    0.000000 | walk topk step1     0.000000 | walk topk step2   0.000000
        L3  walk topk step3  0.000000 | walk topk step4    0.000000 | walk topk step5     0.000000
        L3  walk topk step6  0.000000 | walk topk step7    0.000000
        L3  remap unique     0.000232 | remap populate     0.000324 | remap mapnode       0.000000 | remap mapedge     0.000090
        L3  cache get_index  0.000000 | cache copy_index   0.000000 | cache extract_miss  0.000000
        L3  cache copy_miss  0.000000 | cache combine_miss 0.000000 | cache combine cache 0.000000 | cache combine remote 0.000000
        L3  label extract  0.000000
    [Init Profiler Level 1]
        L1  init     4.4810 | sampler init    33.2010 | trainer init 0.0000
    [Init Profiler Level 2]
        L2  load ds         6.1747 | init queue          20.3683
        L2  presample       9.3856 | build interal ds     1.7522
        L2  build cache     0.0000
    [Init Profiler Level 3]
        L3  load dataset: mmap     4.4797 | copy         1.6951
        L3  dist queue: alloc      0.0003 | pin         20.3679 | push     0.0000
        L3  presample: init        0.3007
        L3  presample: sample      2.4486 | copy         0.1844
        L3  presample: count       5.6275 | sort         0.3685
        L3  presample: reset       0.0007 | get rank     0.0741
        L3  internal: cuda ctx     1.5667 | cuda stream     0.1826
[Sample Worker 0/2] Started with PID 91940(NVIDIA A100-SXM4-80GB)
[Sample Worker 0] run sample for 4 epochs with 501 steps
[Sample Worker 0] Avg Sample Total Time 0.7912 | Sampler Total Time(Profiler) 0.7858
test_result:sample_time=0.6219
test_result:get_cache_miss_index_time=0.0000
test_result:enqueue_samples_time=0.1639
test_result:epoch_time:sample_total=0.7912
[CUDA] cuda0: usage: 37.84 GB
[SAM] cuda0 data alloc        : 0.00 Bytes
[SAM] cuda0 workspace         : 1.59 GB
[SAM] cuda0 workspace reserve : 813.14 MB
[SAM] cuda0 total             : 1.59 GB
    [Step(average) Profiler Level 1 E3 S1001]
        L1  sample           0.000000 | send           0.000000
        L1  recv             0.000554 | copy           0.004364 | convert time 0.000387 | train  0.007228
        L1  feature nbytes  709.15 MB | label nbytes    7.81 KB
        L1  id nbytes      0.00 Bytes | graph nbytes 0.00 Bytes
        L1  miss nbytes      30.98 MB | remote nbytes  346.34 MB
        L1  num nodes               0 | num samples           0
    [Step(average) Profiler Level 2 E3 S1001]
        L2  shuffle     0.000000 | core sample  0.000000 | id remap        0.000000
        L2  graph copy  0.000004 | id copy      0.000000 | cache feat copy 0.003806
        L2  last layer sample time 0.000000 | size 0.000000
    [Step(average) Profiler Level 3 E3 S1001]
        L3  khop sample coo  0.000000 | khop sort coo      0.000000 | khop count edge     0.000000 | khop compact edge 0.000000
        L3  walk sample coo  0.000000 | walk topk total    0.000000 | walk topk step1     0.000000 | walk topk step2   0.000000
        L3  walk topk step3  0.000000 | walk topk step4    0.000000 | walk topk step5     0.000000
        L3  walk topk step6  0.000000 | walk topk step7    0.000000
        L3  remap unique     0.000000 | remap populate     0.000000 | remap mapnode       0.000000 | remap mapedge     0.000000
        L3  cache get_index  0.000222 | cache copy_index   0.000000 | cache extract_miss  0.000000
        L3  cache copy_miss  0.000000 | cache combine_miss 0.003553 | cache combine cache 0.000790 | cache combine remote 0.002624
        L3  label extract  0.000017
    [Step(max) Profiler Level 1 E3 S1001]
        L1  sample           0.000000 | send           0.000000
        L1  recv             0.000000 | copy           0.000000 | convert time 0.000000 | train  0.000000
        L1  feature nbytes 0.00 Bytes | label nbytes 0.00 Bytes
        L1  id nbytes      0.00 Bytes | graph nbytes    4.34 MB
        L1  miss nbytes    0.00 Bytes | remote nbytes 0.00 Bytes
        L1  num nodes               0 | num samples           0
    [Step(max) Profiler Level 2 E3 S1001]
        L2  shuffle     0.000000 | core sample  0.000000 | id remap        0.000000
        L2  graph copy  0.000000 | id copy      0.000000 | cache feat copy 0.000000
        L2  last layer sample time 0.000000 | size 0.000000
    [Step(max) Profiler Level 3 E3 S1001]
        L3  khop sample coo  0.000000 | khop sort coo      0.000000 | khop count edge     0.000000 | khop compact edge 0.000000
        L3  walk sample coo  0.000000 | walk topk total    0.000000 | walk topk step1     0.000000 | walk topk step2   0.000000
        L3  walk topk step3  0.000000 | walk topk step4    0.000000 | walk topk step5     0.000000
        L3  walk topk step6  0.000000 | walk topk step7    0.000000
        L3  remap unique     0.000000 | remap populate     0.000000 | remap mapnode       0.000000 | remap mapedge     0.000000
        L3  cache get_index  0.000000 | cache copy_index   0.000000 | cache extract_miss  0.000000
        L3  cache copy_miss  0.000000 | cache combine_miss 0.000000 | cache combine cache 0.000000 | cache combine remote 0.000000
        L3  label extract  0.000000
    [Step(min) Profiler Level 1 E3 S1001]
        L1  sample           0.000000 | send           0.000000
        L1  recv             0.000000 | copy           0.000000 | convert time 0.000000 | train  0.000000
        L1  feature nbytes 0.00 Bytes | label nbytes 0.00 Bytes
        L1  id nbytes      0.00 Bytes | graph nbytes    4.09 MB
        L1  miss nbytes    0.00 Bytes | remote nbytes 0.00 Bytes
        L1  num nodes               0 | num samples           0
    [Step(min) Profiler Level 2 E3 S1001]
        L2  shuffle     0.000000 | core sample  0.000000 | id remap        0.000000
        L2  graph copy  0.000000 | id copy      0.000000 | cache feat copy 0.000000
        L2  last layer sample time 0.000000 | size 0.000000
    [Step(min) Profiler Level 3 E3 S1001]
        L3  khop sample coo  0.000000 | khop sort coo      0.000000 | khop count edge     0.000000 | khop compact edge 0.000000
        L3  walk sample coo  0.000000 | walk topk total    0.000000 | walk topk step1     0.000000 | walk topk step2   0.000000
        L3  walk topk step3  0.000000 | walk topk step4    0.000000 | walk topk step5     0.000000
        L3  walk topk step6  0.000000 | walk topk step7    0.000000
        L3  remap unique     0.000000 | remap populate     0.000000 | remap mapnode       0.000000 | remap mapedge     0.000000
        L3  cache get_index  0.000000 | cache copy_index   0.000000 | cache extract_miss  0.000000
        L3  cache copy_miss  0.000000 | cache combine_miss 0.000000 | cache combine cache 0.000000 | cache combine remote 0.000000
        L3  label extract  0.000000
    [Init Profiler Level 1]
        L1  init     4.4810 | sampler init     0.0000 | trainer init 162.1073
    [Init Profiler Level 2]
        L2  load ds         4.4797 | init queue          20.3223
        L2  presample       0.0000 | build interal ds     1.5265
        L2  build cache   140.2535
    [Init Profiler Level 3]
        L3  load dataset: mmap     4.4797 | copy         0.0000
        L3  dist queue: alloc      0.0003 | pin         20.3219 | push     0.0000
        L3  presample: init        0.0000
        L3  presample: sample      0.0000 | copy         0.0000
        L3  presample: count       0.0000 | sort         0.0000
        L3  presample: reset       0.0000 | get rank     0.0000
        L3  internal: cuda ctx     1.5264 | cuda stream     0.0001
|===========================================================================|
|                  PyTorch CUDA memory summary, device ID 0                 |
|---------------------------------------------------------------------------|
|            CUDA OOMs: 0            |        cudaMalloc retries: 0         |
|===========================================================================|
|        Metric         | Cur Usage  | Peak Usage | Tot Alloc  | Tot Freed  |
|---------------------------------------------------------------------------|
| Allocated memory      |   22644 KB |  338684 KB |  616658 MB |  616636 MB |
|       from large pool |   13930 KB |  335907 KB |  606370 MB |  606357 MB |
|       from small pool |    8714 KB |   11031 KB |   10287 MB |   10279 MB |
|---------------------------------------------------------------------------|
| Active memory         |   22645 KB |  338684 KB |  616658 MB |  616636 MB |
|       from large pool |   13930 KB |  335907 KB |  606370 MB |  606357 MB |
|       from small pool |    8715 KB |   11031 KB |   10287 MB |   10279 MB |
|---------------------------------------------------------------------------|
| GPU reserved memory   |  417792 KB |  417792 KB |  417792 KB |       0 B  |
|       from large pool |  403456 KB |  403456 KB |  403456 KB |       0 B  |
|       from small pool |   14336 KB |   14336 KB |   14336 KB |       0 B  |
|---------------------------------------------------------------------------|
| Non-releasable memory |   42891 KB |  335746 KB |  581760 MB |  581718 MB |
|       from large pool |   41366 KB |  333288 KB |  570473 MB |  570432 MB |
|       from small pool |    1525 KB |    4522 KB |   11287 MB |   11286 MB |
|---------------------------------------------------------------------------|
| Allocations           |      43    |      62    |   96232    |   96189    |
|       from large pool |       7    |      16    |   34071    |   34064    |
|       from small pool |      36    |      47    |   62161    |   62125    |
|---------------------------------------------------------------------------|
| Active allocs         |      44    |      62    |   96232    |   96188    |
|       from large pool |       7    |      16    |   34071    |   34064    |
|       from small pool |      37    |      47    |   62161    |   62124    |
|---------------------------------------------------------------------------|
| GPU reserved segments |      14    |      14    |      14    |       0    |
|       from large pool |       7    |       7    |       7    |       0    |
|       from small pool |       7    |       7    |       7    |       0    |
|---------------------------------------------------------------------------|
| Non-releasable allocs |      17    |      27    |   39713    |   39696    |
|       from large pool |       3    |      12    |   19943    |   19940    |
|       from small pool |      14    |      20    |   19770    |   19756    |
|---------------------------------------------------------------------------|
| Oversize allocations  |       0    |       0    |       0    |       0    |
|---------------------------------------------------------------------------|
| Oversize GPU segments |       0    |       0    |       0    |       0    |
|===========================================================================|

test_result:epoch_time:copy_time=0.7484
test_result:convert_time=0.0701
test_result:train_time=1.1815
test_result:epoch_time:train_total=1.2516
test_result:cache_percentage=0.0800
test_result:cache_hit_rate=1.0000
test_result:run_time=13.0434
