config:eval_tsp="2022-12-05 17:42:07"
config:arch=arch5
config:num_train_worker=6
config:num_sample_worker=2
config:sample_type=khop2
config:root_path=/nvme/graph-learning-copy/samgraph/
config:dataset=com-friendster
config:pipeline=False
config:cache_policy=clique_part
config:cache_percentage=0.15
config:num_epoch=4
config:batch_size=8000
config:num_hidden=256
config:max_sampling_jobs=1
config:max_copying_jobs=1
config:barriered_epoch=1
config:presample_epoch=2
config:omp_thread_num=6
config:unsupervised=True
config:amp=True
config:rolling=0
config:fanout=[25, 10]
config:lr=0.003
config:dropout=0.5
config:single_gpu=False
config:max_num_step=1000
config:validate_configs=False
config:report_acc=0
config:dataset_path=/nvme/graph-learning-copy/samgraph/com-friendster
config:torch_thread_num=9
config:train_workers=['cuda:0', 'cuda:1', 'cuda:2', 'cuda:3', 'cuda:4', 'cuda:5']
config:sample_workers=['cuda:6', 'cuda:7']
config:num_fanout=2
config:num_layer=2
config:_run_mode=RunMode.FGNN
config:_log_level=warn
config:_profile_level=3
config:_empty_feat=0
config:_arch=5
config:_sample_type=5
config:_cache_policy=14
test_result:init:input_scale_factor=1.1
0 :  {link #0 : 1}, {link #1 : 2}, {link #2 : 3}, {link #3 : 4}, {link #4 : 5},
1 :  {link #0 : 2}, {link #1 : 3}, {link #2 : 4}, {link #3 : 5}, {link #4 : 0},
2 :  {link #0 : 3}, {link #1 : 4}, {link #2 : 5}, {link #3 : 0}, {link #4 : 1},
3 :  {link #0 : 4}, {link #1 : 5}, {link #2 : 0}, {link #3 : 1}, {link #4 : 2},
4 :  {link #0 : 5}, {link #1 : 0}, {link #2 : 1}, {link #3 : 2}, {link #4 : 3},
5 :  {link #0 : 0}, {link #1 : 1}, {link #2 : 2}, {link #3 : 3}, {link #4 : 4},
0 :  {link #0 : 1}, {link #1 : 2}, {link #2 : 3}, {link #3 : 4}, {link #4 : 5},
1 :  {link #0 : 2}, {link #1 : 3}, {link #2 : 4}, {link #3 : 5}, {link #4 : 0},
2 :  {link #0 : 3}, {link #1 : 4}, {link #2 : 5}, {link #3 : 0}, {link #4 : 1},
3 :  {link #0 : 4}, {link #1 : 5}, {link #2 : 0}, {link #3 : 1}, {link #4 : 2},
4 :  {link #0 : 5}, {link #1 : 0}, {link #2 : 1}, {link #3 : 2}, {link #4 : 3},
5 :  {link #0 : 0}, {link #1 : 1}, {link #2 : 2}, {link #3 : 3}, {link #4 : 4},
0 :  {link #0 : 1}, {link #1 : 2}, {link #2 : 3}, {link #3 : 4}, {link #4 : 5},
1 :  {link #0 : 2}, {link #1 : 3}, {link #2 : 4}, {link #3 : 5}, {link #4 : 0},
2 :  {link #0 : 3}, {link #1 : 4}, {link #2 : 5}, {link #3 : 0}, {link #4 : 1},
3 :  {link #0 : 4}, {link #1 : 5}, {link #2 : 0}, {link #3 : 1}, {link #4 : 2},
4 :  {link #0 : 5}, {link #1 : 0}, {link #2 : 1}, {link #3 : 2}, {link #4 : 3},
5 :  {link #0 : 0}, {link #1 : 1}, {link #2 : 2}, {link #3 : 3}, {link #4 : 4},
0 :  {link #0 : 1}, {link #1 : 2}, {link #2 : 3}, {link #3 : 4}, {link #4 : 5},
1 :  {link #0 : 2}, {link #1 : 3}, {link #2 : 4}, {link #3 : 5}, {link #4 : 0},
2 :  {link #0 : 3}, {link #1 : 4}, {link #2 : 5}, {link #3 : 0}, {link #4 : 1},
3 :  {link #0 : 4}, {link #1 : 5}, {link #2 : 0}, {link #3 : 1}, {link #4 : 2},
4 :  {link #0 : 5}, {link #1 : 0}, {link #2 : 1}, {link #3 : 2}, {link #4 : 3},
5 :  {link #0 : 0}, {link #1 : 1}, {link #2 : 2}, {link #3 : 3}, {link #4 : 4},
0 :  {link #0 : 1}, {link #1 : 2}, {link #2 : 3}, {link #3 : 4}, {link #4 : 5},
1 :  {link #0 : 2}, {link #1 : 3}, {link #2 : 4}, {link #3 : 5}, {link #4 : 0},
2 :  {link #0 : 3}, {link #1 : 4}, {link #2 : 5}, {link #3 : 0}, {link #4 : 1},
3 :  {link #0 : 4}, {link #1 : 5}, {link #2 : 0}, {link #3 : 1}, {link #4 : 2},
4 :  {link #0 : 5}, {link #1 : 0}, {link #2 : 1}, {link #3 : 2}, {link #4 : 3},
5 :  {link #0 : 0}, {link #1 : 1}, {link #2 : 2}, {link #3 : 3}, {link #4 : 4},
0 :  {link #0 : 1}, {link #1 : 2}, {link #2 : 3}, {link #3 : 4}, {link #4 : 5},
1 :  {link #0 : 2}, {link #1 : 3}, {link #2 : 4}, {link #3 : 5}, {link #4 : 0},
2 :  {link #0 : 3}, {link #1 : 4}, {link #2 : 5}, {link #3 : 0}, {link #4 : 1},
3 :  {link #0 : 4}, {link #1 : 5}, {link #2 : 0}, {link #3 : 1}, {link #4 : 2},
4 :  {link #0 : 5}, {link #1 : 0}, {link #2 : 1}, {link #3 : 2}, {link #4 : 3},
5 :  {link #0 : 0}, {link #1 : 1}, {link #2 : 2}, {link #3 : 3}, {link #4 : 4},
coll_cache:optimal_rep_storage=0
coll_cache:optimal_part_storage=0.9
coll_cache:optimal_cpu_storage=0.1
coll_cache:optimal_local_storage=0.15
coll_cache:optimal_remote_storage=0.75
coll_cache:optimal_local_rate=0.166471
coll_cache:optimal_remote_rate=0.832354
coll_cache:optimal_cpu_rate=0.00117569
z=121513,121513,121513,121513,121513,121513,
test_result:init:feat_nbytes=67182966784
test_result:init:cache_nbytes=10084161536
test_result:init:feat_nbytes=67182966784
test_result:init:cache_nbytes=10084161536
test_result:init:feat_nbytes=67182966784
test_result:init:cache_nbytes=10084161536
test_result:init:feat_nbytes=67182966784
test_result:init:cache_nbytes=10084161536
test_result:init:feat_nbytes=67182966784
test_result:init:cache_nbytes=10084161536
test_result:init:feat_nbytes=67182966784
test_result:init:cache_nbytes=10084161536
[Train  Worker 2/6] Started with PID 18669(NVIDIA A100-SXM4-80GB)
[Train  Worker 2] run train for 4 epochs with 1002 steps
[Train  Worker 4/6] Started with PID 18675(NVIDIA A100-SXM4-80GB)
[Train  Worker 4] run train for 4 epochs with 1002 steps
[Train  Worker 3/6] Started with PID 18672(NVIDIA A100-SXM4-80GB)
[Train  Worker 3] run train for 4 epochs with 1002 steps
[Train  Worker 5/6] Started with PID 18678(NVIDIA A100-SXM4-80GB)
[Train  Worker 5] run train for 4 epochs with 1002 steps
[Train  Worker 1/6] Started with PID 18666(NVIDIA A100-SXM4-80GB)
[Train  Worker 1] run train for 4 epochs with 1002 steps
[CUDA] cuda0: usage: 23.71 GB
[SAM] cuda0 data alloc        : 0.00 Bytes
[SAM] cuda0 workspace         : 9.03 GB
[SAM] cuda0 workspace reserve : 4.51 GB
[SAM] cuda0 total             : 9.03 GB
[Train  Worker 0/6] Started with PID 18663(NVIDIA A100-SXM4-80GB)
[Train  Worker 0] run train for 4 epochs with 1002 steps
Epoch 00000 | Epoch Time 9.1477 | Total Train Time(Profiler) 4.2387 | Copy Time 4.8967
[CUDA] cuda0: usage: 23.71 GB
[SAM] cuda0 data alloc        : 0.00 Bytes
[SAM] cuda0 workspace         : 9.03 GB
[SAM] cuda0 workspace reserve : 4.52 GB
[SAM] cuda0 total             : 9.03 GB
Epoch 00001 | Epoch Time 7.7953 | Total Train Time(Profiler) 2.9332 | Copy Time 4.8507
[CUDA] cuda0: usage: 23.71 GB
[SAM] cuda0 data alloc        : 0.00 Bytes
[SAM] cuda0 workspace         : 9.03 GB
[SAM] cuda0 workspace reserve : 4.51 GB
[SAM] cuda0 total             : 9.03 GB
Epoch 00002 | Epoch Time 7.7915 | Total Train Time(Profiler) 2.9318 | Copy Time 4.8483
[CUDA] cuda0: usage: 23.71 GB
[SAM] cuda0 data alloc        : 0.00 Bytes
[SAM] cuda0 workspace         : 9.03 GB
[SAM] cuda0 workspace reserve : 4.52 GB
[SAM] cuda0 total             : 9.03 GB
Epoch 00003 | Epoch Time 7.7924 | Total Train Time(Profiler) 2.9285 | Copy Time 4.8522
[Train  Worker 3] Avg Epoch Time 7.7931 | Train Total Time(Profiler) 2.9279 | Copy Time 4.8537
[Train  Worker 1] Avg Epoch Time 7.7931 | Train Total Time(Profiler) 2.9010 | Copy Time 4.8810
[Train  Worker 5] Avg Epoch Time 7.7930 | Train Total Time(Profiler) 2.9375 | Copy Time 4.8438
[Train  Worker 0] Avg Epoch Time 7.7931 | Train Total Time(Profiler) 2.9312 | Copy Time 4.8504
[Train  Worker 4] Avg Epoch Time 7.7930 | Train Total Time(Profiler) 2.9389 | Copy Time 4.8423
[Train  Worker 2] Avg Epoch Time 7.7930 | Train Total Time(Profiler) 2.8947 | Copy Time 4.8865
    [Step(average) Profiler Level 1 E3 S500]
        L1  sample           0.005912 | send           0.004405
        L1  recv             0.000000 | copy           0.000000 | convert time 0.000000 | train  0.000000
        L1  feature nbytes 0.00 Bytes | label nbytes 0.00 Bytes
        L1  id nbytes      0.00 Bytes | graph nbytes 0.00 Bytes
        L1  miss nbytes    0.00 Bytes | remote nbytes 0.00 Bytes
        L1  num nodes         4299337 | num samples     5579055
    [Step(average) Profiler Level 2 E3 S500]
        L2  shuffle     0.000264 | core sample  0.002459 | id remap        0.002964
        L2  graph copy  0.000000 | id copy      0.000000 | cache feat copy 0.000000
        L2  last layer sample time 0.000363 | size 228014.213573
    [Step(average) Profiler Level 3 E3 S500]
        L3  khop sample coo  0.001742 | khop sort coo      0.000000 | khop count edge     0.000053 | khop compact edge 0.000611
        L3  walk sample coo  0.000000 | walk topk total    0.000000 | walk topk step1     0.000000 | walk topk step2   0.000000
        L3  walk topk step3  0.000000 | walk topk step4    0.000000 | walk topk step5     0.000000
        L3  walk topk step6  0.000000 | walk topk step7    0.000000
        L3  remap unique     0.000217 | remap populate     0.002368 | remap mapnode       0.000000 | remap mapedge     0.000612
        L3  cache get_index  0.000000 | cache copy_index   0.000000 | cache extract_miss  0.000000
        L3  cache copy_miss  0.000000 | cache combine_miss 0.000000 | cache combine cache 0.000000 | cache combine remote 0.000000
        L3  label extract  0.000000
[Sample Worker 1/2] Started with PID 18660(NVIDIA A100-SXM4-80GB)
[Sample Worker 1] run sample for 4 epochs with 501 steps
[Sample Worker 1] Avg Sample Total Time 5.1728 | Sampler Total Time(Profiler) 5.1515
    [Init Profiler Level 1]
        L1  init     5.3061 | sampler init    90.4144 | trainer init 0.0000
    [Init Profiler Level 2]
        L2  load ds         7.3888 | init queue          20.0536
        L2  presample      66.2218 | build interal ds     1.9654
        L2  build cache     0.0000
    [Init Profiler Level 3]
        L3  load dataset: mmap     5.3048 | copy         2.0840
        L3  dist queue: alloc      0.0003 | pin         20.0533 | push     0.0000
        L3  presample: init        0.0900
        L3  presample: sample     12.9034 | copy         1.4485
        L3  presample: count      51.3742 | sort         0.2540
        L3  presample: reset       0.0025 | get rank     0.0187
        L3  internal: cuda ctx     1.6436 | cuda stream     0.1885
[Sample Worker 0/2] Started with PID 18657(NVIDIA A100-SXM4-80GB)
[Sample Worker 0] run sample for 4 epochs with 501 steps
[Sample Worker 0] Avg Sample Total Time 5.1727 | Sampler Total Time(Profiler) 5.1686
test_result:sample_time=2.9619
test_result:get_cache_miss_index_time=0.0000
test_result:enqueue_samples_time=2.2067
test_result:epoch_time:sample_total=5.1727
[CUDA] cuda0: usage: 23.71 GB
[SAM] cuda0 data alloc        : 0.00 Bytes
[SAM] cuda0 workspace         : 9.03 GB
[SAM] cuda0 workspace reserve : 4.52 GB
[SAM] cuda0 total             : 9.03 GB
    [Step(average) Profiler Level 1 E3 S1001]
        L1  sample           0.000000 | send           0.000000
        L1  recv             0.004912 | copy           0.029100 | convert time 0.000337 | train  0.017159
        L1  feature nbytes    4.10 GB | label nbytes   62.50 KB
        L1  id nbytes      0.00 Bytes | graph nbytes 0.00 Bytes
        L1  miss nbytes    0.00 Bytes | remote nbytes 0.00 Bytes
        L1  num nodes               0 | num samples           0
    [Step(average) Profiler Level 2 E3 S1001]
        L2  shuffle     0.000000 | core sample  0.000000 | id remap        0.000000
        L2  graph copy  0.000004 | id copy      0.000000 | cache feat copy 0.024184
        L2  last layer sample time 0.000000 | size 0.000000
    [Step(average) Profiler Level 3 E3 S1001]
        L3  khop sample coo  0.000000 | khop sort coo      0.000000 | khop count edge     0.000000 | khop compact edge 0.000000
        L3  walk sample coo  0.000000 | walk topk total    0.000000 | walk topk step1     0.000000 | walk topk step2   0.000000
        L3  walk topk step3  0.000000 | walk topk step4    0.000000 | walk topk step5     0.000000
        L3  walk topk step6  0.000000 | walk topk step7    0.000000
        L3  remap unique     0.000000 | remap populate     0.000000 | remap mapnode       0.000000 | remap mapedge     0.000000
        L3  cache get_index  0.000000 | cache copy_index   0.000000 | cache extract_miss  0.000000
        L3  cache copy_miss  0.000000 | cache combine_miss 0.000000 | cache combine cache 0.024161 | cache combine remote 0.000000
        L3  label extract  0.000017
    [Step(max) Profiler Level 1 E3 S1001]
        L1  sample           0.000000 | send           0.000000
        L1  recv             0.000000 | copy           0.000000 | convert time 0.000000 | train  0.000000
        L1  feature nbytes 0.00 Bytes | label nbytes 0.00 Bytes
        L1  id nbytes      0.00 Bytes | graph nbytes   42.97 MB
        L1  miss nbytes    0.00 Bytes | remote nbytes 0.00 Bytes
        L1  num nodes               0 | num samples           0
    [Step(max) Profiler Level 2 E3 S1001]
        L2  shuffle     0.000000 | core sample  0.000000 | id remap        0.000000
        L2  graph copy  0.000000 | id copy      0.000000 | cache feat copy 0.000000
        L2  last layer sample time 0.000000 | size 0.000000
    [Step(max) Profiler Level 3 E3 S1001]
        L3  khop sample coo  0.000000 | khop sort coo      0.000000 | khop count edge     0.000000 | khop compact edge 0.000000
        L3  walk sample coo  0.000000 | walk topk total    0.000000 | walk topk step1     0.000000 | walk topk step2   0.000000
        L3  walk topk step3  0.000000 | walk topk step4    0.000000 | walk topk step5     0.000000
        L3  walk topk step6  0.000000 | walk topk step7    0.000000
        L3  remap unique     0.000000 | remap populate     0.000000 | remap mapnode       0.000000 | remap mapedge     0.000000
        L3  cache get_index  0.000000 | cache copy_index   0.000000 | cache extract_miss  0.000000
        L3  cache copy_miss  0.000000 | cache combine_miss 0.000000 | cache combine cache 0.000000 | cache combine remote 0.000000
        L3  label extract  0.000000
    [Step(min) Profiler Level 1 E3 S1001]
        L1  sample           0.000000 | send           0.000000
        L1  recv             0.000000 | copy           0.000000 | convert time 0.000000 | train  0.000000
        L1  feature nbytes 0.00 Bytes | label nbytes 0.00 Bytes
        L1  id nbytes      0.00 Bytes | graph nbytes   42.45 MB
        L1  miss nbytes    0.00 Bytes | remote nbytes 0.00 Bytes
        L1  num nodes               0 | num samples           0
    [Step(min) Profiler Level 2 E3 S1001]
        L2  shuffle     0.000000 | core sample  0.000000 | id remap        0.000000
        L2  graph copy  0.000000 | id copy      0.000000 | cache feat copy 0.000000
        L2  last layer sample time 0.000000 | size 0.000000
    [Step(min) Profiler Level 3 E3 S1001]
        L3  khop sample coo  0.000000 | khop sort coo      0.000000 | khop count edge     0.000000 | khop compact edge 0.000000
        L3  walk sample coo  0.000000 | walk topk total    0.000000 | walk topk step1     0.000000 | walk topk step2   0.000000
        L3  walk topk step3  0.000000 | walk topk step4    0.000000 | walk topk step5     0.000000
        L3  walk topk step6  0.000000 | walk topk step7    0.000000
        L3  remap unique     0.000000 | remap populate     0.000000 | remap mapnode       0.000000 | remap mapedge     0.000000
        L3  cache get_index  0.000000 | cache copy_index   0.000000 | cache extract_miss  0.000000
        L3  cache copy_miss  0.000000 | cache combine_miss 0.000000 | cache combine cache 0.000000 | cache combine remote 0.000000
        L3  label extract  0.000000
    [Init Profiler Level 1]
        L1  init     5.3061 | sampler init     0.0000 | trainer init 107.3453
    [Init Profiler Level 2]
        L2  load ds         5.3048 | init queue          19.9170
        L2  presample       0.0000 | build interal ds     1.5259
        L2  build cache    85.8967
    [Init Profiler Level 3]
        L3  load dataset: mmap     5.3048 | copy         0.0000
        L3  dist queue: alloc      0.0003 | pin         19.9167 | push     0.0000
        L3  presample: init        0.0000
        L3  presample: sample      0.0000 | copy         0.0000
        L3  presample: count       0.0000 | sort         0.0000
        L3  presample: reset       0.0000 | get rank     0.0000
        L3  internal: cuda ctx     1.5259 | cuda stream     0.0000
|===========================================================================|
|                  PyTorch CUDA memory summary, device ID 0                 |
|---------------------------------------------------------------------------|
|            CUDA OOMs: 0            |        cudaMalloc retries: 0         |
|===========================================================================|
|        Metric         | Cur Usage  | Peak Usage | Tot Alloc  | Tot Freed  |
|---------------------------------------------------------------------------|
| Allocated memory      |   60015 KB |    2627 MB |    3626 GB |    3626 GB |
|       from large pool |   51254 KB |    2626 MB |    3614 GB |    3614 GB |
|       from small pool |    8761 KB |      11 MB |      12 GB |      12 GB |
|---------------------------------------------------------------------------|
| Active memory         |   60016 KB |    2627 MB |    3626 GB |    3626 GB |
|       from large pool |   51254 KB |    2626 MB |    3614 GB |    3614 GB |
|       from small pool |    8762 KB |      11 MB |      12 GB |      12 GB |
|---------------------------------------------------------------------------|
| GPU reserved memory   |    2646 MB |    2646 MB |    2646 MB |       0 B  |
|       from large pool |    2632 MB |    2632 MB |    2632 MB |       0 B  |
|       from small pool |      14 MB |      14 MB |      14 MB |       0 B  |
|---------------------------------------------------------------------------|
| Non-releasable memory |   75152 KB |    2250 MB |    3344 GB |    3343 GB |
|       from large pool |   69578 KB |    2244 MB |    3331 GB |    3331 GB |
|       from small pool |    5574 KB |       8 MB |      12 GB |      12 GB |
|---------------------------------------------------------------------------|
| Allocations           |      39    |      56    |   91555    |   91516    |
|       from large pool |       3    |      14    |   36740    |   36737    |
|       from small pool |      36    |      45    |   54815    |   54779    |
|---------------------------------------------------------------------------|
| Active allocs         |      40    |      56    |   91555    |   91515    |
|       from large pool |       3    |      14    |   36740    |   36737    |
|       from small pool |      37    |      45    |   54815    |   54778    |
|---------------------------------------------------------------------------|
| GPU reserved segments |      15    |      15    |      15    |       0    |
|       from large pool |       8    |       8    |       8    |       0    |
|       from small pool |       7    |       7    |       7    |       0    |
|---------------------------------------------------------------------------|
| Non-releasable allocs |      18    |      27    |   36879    |   36861    |
|       from large pool |       4    |      10    |   20827    |   20823    |
|       from small pool |      14    |      20    |   16052    |   16038    |
|---------------------------------------------------------------------------|
| Oversize allocations  |       0    |       0    |       0    |       0    |
|---------------------------------------------------------------------------|
| Oversize GPU segments |       0    |       0    |       0    |       0    |
|===========================================================================|

test_result:epoch_time:copy_time=4.8504
test_result:convert_time=0.0572
test_result:train_time=2.8740
test_result:epoch_time:train_total=2.9312
test_result:cache_percentage=0.1500
test_result:cache_hit_rate=1.0000
test_result:run_time=53.2101
