config:eval_tsp="2022-12-05 20:25:54"
config:arch=arch5
config:num_train_worker=6
config:num_sample_worker=2
config:sample_type=khop2
config:root_path=/nvme/graph-learning-copy/samgraph/
config:dataset=mag240m-homo
config:pipeline=False
config:cache_policy=coll_cache_asymm_link
config:cache_percentage=0.1
config:num_epoch=4
config:batch_size=2000
config:num_hidden=256
config:max_sampling_jobs=1
config:max_copying_jobs=1
config:barriered_epoch=1
config:presample_epoch=2
config:omp_thread_num=6
config:unsupervised=True
config:amp=True
config:rolling=0
config:fanout=[25, 10]
config:lr=0.003
config:dropout=0.5
config:single_gpu=False
config:max_num_step=1000
config:validate_configs=False
config:report_acc=0
config:dataset_path=/nvme/graph-learning-copy/samgraph/mag240m-homo
config:torch_thread_num=9
config:train_workers=['cuda:0', 'cuda:1', 'cuda:2', 'cuda:3', 'cuda:4', 'cuda:5']
config:sample_workers=['cuda:6', 'cuda:7']
config:num_fanout=2
config:num_layer=2
config:_run_mode=RunMode.FGNN
config:_log_level=warn
config:_profile_level=3
config:_empty_feat=0
config:_arch=5
config:_sample_type=5
config:_cache_policy=13
test_result:init:input_scale_factor=1.10036
0 :  {link #0 : 1}, {link #1 : 2}, {link #2 : 3}, {link #3 : 4}, {link #4 : 5},
1 :  {link #0 : 2}, {link #1 : 3}, {link #2 : 4}, {link #3 : 5}, {link #4 : 0},
2 :  {link #0 : 3}, {link #1 : 4}, {link #2 : 5}, {link #3 : 0}, {link #4 : 1},
3 :  {link #0 : 4}, {link #1 : 5}, {link #2 : 0}, {link #3 : 1}, {link #4 : 2},
4 :  {link #0 : 5}, {link #1 : 0}, {link #2 : 1}, {link #3 : 2}, {link #4 : 3},
5 :  {link #0 : 0}, {link #1 : 1}, {link #2 : 2}, {link #3 : 3}, {link #4 : 4},
0 :  {link #0 : 1}, {link #1 : 2}, {link #2 : 3}, {link #3 : 4}, {link #4 : 5},
1 :  {link #0 : 2}, {link #1 : 3}, {link #2 : 4}, {link #3 : 5}, {link #4 : 0},
2 :  {link #0 : 3}, {link #1 : 4}, {link #2 : 5}, {link #3 : 0}, {link #4 : 1},
3 :  {link #0 : 4}, {link #1 : 5}, {link #2 : 0}, {link #3 : 1}, {link #4 : 2},
4 :  {link #0 : 5}, {link #1 : 0}, {link #2 : 1}, {link #3 : 2}, {link #4 : 3},
5 :  {link #0 : 0}, {link #1 : 1}, {link #2 : 2}, {link #3 : 3}, {link #4 : 4},
0 :  {link #0 : 1}, {link #1 : 2}, {link #2 : 3}, {link #3 : 4}, {link #4 : 5},
1 :  {link #0 : 2}, {link #1 : 3}, {link #2 : 4}, {link #3 : 5}, {link #4 : 0},
2 :  {link #0 : 3}, {link #1 : 4}, {link #2 : 5}, {link #3 : 0}, {link #4 : 1},
3 :  {link #0 : 4}, {link #1 : 5}, {link #2 : 0}, {link #3 : 1}, {link #4 : 2},
4 :  {link #0 : 5}, {link #1 : 0}, {link #2 : 1}, {link #3 : 2}, {link #4 : 3},
5 :  {link #0 : 0}, {link #1 : 1}, {link #2 : 2}, {link #3 : 3}, {link #4 : 4},
0 :  {link #0 : 1}, {link #1 : 2}, {link #2 : 3}, {link #3 : 4}, {link #4 : 5},
1 :  {link #0 : 2}, {link #1 : 3}, {link #2 : 4}, {link #3 : 5}, {link #4 : 0},
2 :  {link #0 : 3}, {link #1 : 4}, {link #2 : 5}, {link #3 : 0}, {link #4 : 1},
3 :  {link #0 : 4}, {link #1 : 5}, {link #2 : 0}, {link #3 : 1}, {link #4 : 2},
4 :  {link #0 : 5}, {link #1 : 0}, {link #2 : 1}, {link #3 : 2}, {link #4 : 3},
5 :  {link #0 : 0}, {link #1 : 1}, {link #2 : 2}, {link #3 : 3}, {link #4 : 4},
0 :  {link #0 : 1}, {link #1 : 2}, {link #2 : 3}, {link #3 : 4}, {link #4 : 5},
1 :  {link #0 : 2}, {link #1 : 3}, {link #2 : 4}, {link #3 : 5}, {link #4 : 0},
2 :  {link #0 : 3}, {link #1 : 4}, {link #2 : 5}, {link #3 : 0}, {link #4 : 1},
3 :  {link #0 : 4}, {link #1 : 5}, {link #2 : 0}, {link #3 : 1}, {link #4 : 2},
4 :  {link #0 : 5}, {link #1 : 0}, {link #2 : 1}, {link #3 : 2}, {link #4 : 3},
5 :  {link #0 : 0}, {link #1 : 1}, {link #2 : 2}, {link #3 : 3}, {link #4 : 4},
0 :  {link #0 : 1}, {link #1 : 2}, {link #2 : 3}, {link #3 : 4}, {link #4 : 5},
1 :  {link #0 : 2}, {link #1 : 3}, {link #2 : 4}, {link #3 : 5}, {link #4 : 0},
2 :  {link #0 : 3}, {link #1 : 4}, {link #2 : 5}, {link #3 : 0}, {link #4 : 1},
3 :  {link #0 : 4}, {link #1 : 5}, {link #2 : 0}, {link #3 : 1}, {link #4 : 2},
4 :  {link #0 : 5}, {link #1 : 0}, {link #2 : 1}, {link #3 : 2}, {link #4 : 3},
5 :  {link #0 : 0}, {link #1 : 1}, {link #2 : 2}, {link #3 : 3}, {link #4 : 4},
Set parameter WLSAccessID
Set parameter WLSSecret
Set parameter LicenseID
Set parameter TimeLimit to value 200
Set parameter MIPGap to value 0.05
Set parameter GomoryPasses to value 0
Set parameter Aggregate to value 0
Set parameter LogFile to value "cppsolver.log"
Set parameter Threads to value 12
Academic license - for non-commercial use only - registered to xiaoniu.sxn@sjtu.edu.cn
Gurobi Optimizer version 9.5.1 build v9.5.1rc2 (linux64)
Thread count: 56 physical cores, 112 logical processors, using up to 12 threads
Academic license - for non-commercial use only - registered to xiaoniu.sxn@sjtu.edu.cn
Optimize a model with 189396 rows, 37673 columns and 458148 nonzeros
Model fingerprint: 0xba94023e
Variable types: 7 continuous, 37666 integer (37666 binary)
Coefficient statistics:
  Matrix range     [6e-04, 7e+02]
  Objective range  [1e+00, 1e+00]
  Bounds range     [1e+00, 1e+00]
  RHS range        [1e+00, 6e+02]
Found heuristic solution: objective 27768.453576
Presolve removed 152705 rows and 0 columns
Presolve time: 0.31s
Presolved: 36691 rows, 37673 columns, 147653 nonzeros
Variable types: 7 continuous, 37666 integer (37666 binary)

Deterministic concurrent LP optimizer: primal and dual simplex
Showing first log only...


Use crossover to convert LP symmetric solution to basic solution...
Concurrent spin time: 0.00s

Solved with primal simplex

Root relaxation: objective 1.160187e+03, 7868 iterations, 0.16 seconds (0.23 work units)
Total elapsed time = 7.65s
Total elapsed time = 10.23s

    Nodes    |    Current Node    |     Objective Bounds      |     Work
 Expl Unexpl |  Obj  Depth IntInf | Incumbent    BestBd   Gap | It/Node Time

     0     0 1160.18670    0  108 27768.4536 1160.18670  95.8%     -   14s
H    0     0                    1161.8936244 1160.18670  0.15%     -   22s

Explored 1 nodes (82592 simplex iterations) in 22.49 seconds (33.10 work units)
Thread count was 12 (of 112 available processors)

Solution count 2: 1161.89 27768.5 

Optimal solution found (tolerance 5.00e-02)
Best objective 1.161893624397e+03, best bound 1.160186698561e+03, gap 0.1469%
coll_cache:optimal_local_rate=0.558339,0.558096,0.558137,0.558185,0.558179,0.558114,
coll_cache:optimal_remote_rate=0.425542,0.425785,0.425745,0.425697,0.425702,0.425767,
coll_cache:optimal_cpu_rate=0.0161186,0.0161186,0.0161186,0.0161186,0.0161186,0.0161186,
z=1161.89
test_result:init:feat_nbytes=375030526464
test_result:init:cache_nbytes=37465473024
test_result:init:feat_nbytes=375030526464
test_result:init:cache_nbytes=37529554944
test_result:init:feat_nbytes=375030526464
test_result:init:cache_nbytes=37499899392
test_result:init:feat_nbytes=375030526464
test_result:init:cache_nbytes=37485708288
test_result:init:feat_nbytes=375030526464
test_result:init:cache_nbytes=37533805056
test_result:init:feat_nbytes=375030526464
test_result:init:cache_nbytes=37515331584
[Train  Worker 2/6] Started with PID 40069(NVIDIA A100-SXM4-80GB)
[Train  Worker 2] run train for 4 epochs with 1002 steps
[Train  Worker 5/6] Started with PID 40077(NVIDIA A100-SXM4-80GB)
[Train  Worker 5] run train for 4 epochs with 1002 steps
[Train  Worker 4/6] Started with PID 40075(NVIDIA A100-SXM4-80GB)
[Train  Worker 4] run train for 4 epochs with 1002 steps
[Train  Worker 3/6] Started with PID 40072(NVIDIA A100-SXM4-80GB)
[Train  Worker 3] run train for 4 epochs with 1002 steps
[Train  Worker 1/6] Started with PID 40066(NVIDIA A100-SXM4-80GB)
[Train  Worker 1] run train for 4 epochs with 1002 steps
[CUDA] cuda0: usage: 46.53 GB
[SAM] cuda0 data alloc        : 0.00 Bytes
[SAM] cuda0 workspace         : 3.03 GB
[SAM] cuda0 workspace reserve : 1.51 GB
[SAM] cuda0 total             : 3.03 GB
[Train  Worker 0/6] Started with PID 40063(NVIDIA A100-SXM4-80GB)
[Train  Worker 0] run train for 4 epochs with 1002 steps
Epoch 00000 | Epoch Time 4.7647 | Total Train Time(Profiler) 3.3146 | Copy Time 1.4372
[CUDA] cuda0: usage: 46.53 GB
[SAM] cuda0 data alloc        : 0.00 Bytes
[SAM] cuda0 workspace         : 3.03 GB
[SAM] cuda0 workspace reserve : 1.51 GB
[SAM] cuda0 total             : 3.03 GB
Epoch 00001 | Epoch Time 3.2154 | Total Train Time(Profiler) 1.7828 | Copy Time 1.4208
[CUDA] cuda0: usage: 46.53 GB
[SAM] cuda0 data alloc        : 0.00 Bytes
[SAM] cuda0 workspace         : 3.03 GB
[SAM] cuda0 workspace reserve : 1.51 GB
[SAM] cuda0 total             : 3.03 GB
Epoch 00002 | Epoch Time 3.2060 | Total Train Time(Profiler) 1.7862 | Copy Time 1.4079
[CUDA] cuda0: usage: 46.53 GB
[SAM] cuda0 data alloc        : 0.00 Bytes
[SAM] cuda0 workspace         : 3.03 GB
[SAM] cuda0 workspace reserve : 1.51 GB
[SAM] cuda0 total             : 3.03 GB
Epoch 00003 | Epoch Time 3.2149 | Total Train Time(Profiler) 1.7883 | Copy Time 1.4153
[Train  Worker 3] Avg Epoch Time 3.2120 | Train Total Time(Profiler) 1.7907 | Copy Time 1.4098
[Train  Worker 2] Avg Epoch Time 3.2121 | Train Total Time(Profiler) 1.8111 | Copy Time 1.3892
[Train  Worker 5] Avg Epoch Time 3.2120 | Train Total Time(Profiler) 1.7939 | Copy Time 1.4064
[Train  Worker 1] Avg Epoch Time 3.2121 | Train Total Time(Profiler) 1.8061 | Copy Time 1.3942
[Train  Worker 0] Avg Epoch Time 3.2121 | Train Total Time(Profiler) 1.7858 | Copy Time 1.4147
[Train  Worker 4] Avg Epoch Time 3.2121 | Train Total Time(Profiler) 1.7932 | Copy Time 1.4072
    [Step(average) Profiler Level 1 E3 S500]
        L1  sample           0.001592 | send           0.000700
        L1  recv             0.000000 | copy           0.000000 | convert time 0.000000 | train  0.000000
        L1  feature nbytes 0.00 Bytes | label nbytes 0.00 Bytes
        L1  id nbytes      0.00 Bytes | graph nbytes 0.00 Bytes
        L1  miss nbytes    0.00 Bytes | remote nbytes 0.00 Bytes
        L1  num nodes          953770 | num samples     1098774
    [Step(average) Profiler Level 2 E3 S500]
        L2  shuffle     0.000065 | core sample  0.000575 | id remap        0.000733
        L2  graph copy  0.000000 | id copy      0.000000 | cache feat copy 0.000000
        L2  last layer sample time 0.000281 | size 49776.333333
    [Step(average) Profiler Level 3 E3 S500]
        L3  khop sample coo  0.000320 | khop sort coo      0.000000 | khop count edge     0.000035 | khop compact edge 0.000170
        L3  walk sample coo  0.000000 | walk topk total    0.000000 | walk topk step1     0.000000 | walk topk step2   0.000000
        L3  walk topk step3  0.000000 | walk topk step4    0.000000 | walk topk step5     0.000000
        L3  walk topk step6  0.000000 | walk topk step7    0.000000
        L3  remap unique     0.000211 | remap populate     0.000597 | remap mapnode       0.000000 | remap mapedge     0.000151
        L3  cache get_index  0.000000 | cache copy_index   0.000000 | cache extract_miss  0.000000
        L3  cache copy_miss  0.000000 | cache combine_miss 0.000000 | cache combine cache 0.000000 | cache combine remote 0.000000
        L3  label extract  0.000000
[Sample Worker 1/2] Started with PID 40059(NVIDIA A100-SXM4-80GB)
[Sample Worker 1] run sample for 4 epochs with 501 steps
[Sample Worker 1] Avg Sample Total Time 1.1622 | Sampler Total Time(Profiler) 1.1586
    [Init Profiler Level 1]
        L1  init     4.5838 | sampler init    40.1057 | trainer init 0.0000
    [Init Profiler Level 2]
        L2  load ds         6.0361 | init queue          20.1045
        L2  presample      16.7113 | build interal ds     1.8358
        L2  build cache     0.0000
    [Init Profiler Level 3]
        L3  load dataset: mmap     4.5827 | copy         1.4535
        L3  dist queue: alloc      0.0003 | pin         20.1042 | push     0.0000
        L3  presample: init        0.2904
        L3  presample: sample      3.4548 | copy         0.3407
        L3  presample: count      11.8634 | sort         0.3443
        L3  presample: reset       0.0008 | get rank     0.0570
        L3  internal: cuda ctx     1.6252 | cuda stream     0.2066
[Sample Worker 0/2] Started with PID 40057(NVIDIA A100-SXM4-80GB)
[Sample Worker 0] run sample for 4 epochs with 501 steps
[Sample Worker 0] Avg Sample Total Time 1.1556 | Sampler Total Time(Profiler) 1.1481
test_result:sample_time=0.7974
test_result:get_cache_miss_index_time=0.0000
test_result:enqueue_samples_time=0.3507
test_result:epoch_time:sample_total=1.1556
[CUDA] cuda0: usage: 46.53 GB
[SAM] cuda0 data alloc        : 0.00 Bytes
[SAM] cuda0 workspace         : 3.03 GB
[SAM] cuda0 workspace reserve : 1.51 GB
[SAM] cuda0 total             : 3.03 GB
    [Step(average) Profiler Level 1 E3 S1001]
        L1  sample           0.000000 | send           0.000000
        L1  recv             0.001070 | copy           0.008405 | convert time 0.000339 | train  0.010420
        L1  feature nbytes    1.36 GB | label nbytes   15.62 KB
        L1  id nbytes      0.00 Bytes | graph nbytes 0.00 Bytes
        L1  miss nbytes      43.00 MB | remote nbytes  586.43 MB
        L1  num nodes               0 | num samples           0
    [Step(average) Profiler Level 2 E3 S1001]
        L2  shuffle     0.000000 | core sample  0.000000 | id remap        0.000000
        L2  graph copy  0.000003 | id copy      0.000000 | cache feat copy 0.007331
        L2  last layer sample time 0.000000 | size 0.000000
    [Step(average) Profiler Level 3 E3 S1001]
        L3  khop sample coo  0.000000 | khop sort coo      0.000000 | khop count edge     0.000000 | khop compact edge 0.000000
        L3  walk sample coo  0.000000 | walk topk total    0.000000 | walk topk step1     0.000000 | walk topk step2   0.000000
        L3  walk topk step3  0.000000 | walk topk step4    0.000000 | walk topk step5     0.000000
        L3  walk topk step6  0.000000 | walk topk step7    0.000000
        L3  remap unique     0.000000 | remap populate     0.000000 | remap mapnode       0.000000 | remap mapedge     0.000000
        L3  cache get_index  0.000340 | cache copy_index   0.000000 | cache extract_miss  0.000000
        L3  cache copy_miss  0.000000 | cache combine_miss 0.005555 | cache combine cache 0.001771 | cache combine remote 0.005195
        L3  label extract  0.000016
    [Step(max) Profiler Level 1 E3 S1001]
        L1  sample           0.000000 | send           0.000000
        L1  recv             0.000000 | copy           0.000000 | convert time 0.000000 | train  0.000000
        L1  feature nbytes 0.00 Bytes | label nbytes 0.00 Bytes
        L1  id nbytes      0.00 Bytes | graph nbytes    8.58 MB
        L1  miss nbytes    0.00 Bytes | remote nbytes 0.00 Bytes
        L1  num nodes               0 | num samples           0
    [Step(max) Profiler Level 2 E3 S1001]
        L2  shuffle     0.000000 | core sample  0.000000 | id remap        0.000000
        L2  graph copy  0.000000 | id copy      0.000000 | cache feat copy 0.000000
        L2  last layer sample time 0.000000 | size 0.000000
    [Step(max) Profiler Level 3 E3 S1001]
        L3  khop sample coo  0.000000 | khop sort coo      0.000000 | khop count edge     0.000000 | khop compact edge 0.000000
        L3  walk sample coo  0.000000 | walk topk total    0.000000 | walk topk step1     0.000000 | walk topk step2   0.000000
        L3  walk topk step3  0.000000 | walk topk step4    0.000000 | walk topk step5     0.000000
        L3  walk topk step6  0.000000 | walk topk step7    0.000000
        L3  remap unique     0.000000 | remap populate     0.000000 | remap mapnode       0.000000 | remap mapedge     0.000000
        L3  cache get_index  0.000000 | cache copy_index   0.000000 | cache extract_miss  0.000000
        L3  cache copy_miss  0.000000 | cache combine_miss 0.000000 | cache combine cache 0.000000 | cache combine remote 0.000000
        L3  label extract  0.000000
    [Step(min) Profiler Level 1 E3 S1001]
        L1  sample           0.000000 | send           0.000000
        L1  recv             0.000000 | copy           0.000000 | convert time 0.000000 | train  0.000000
        L1  feature nbytes 0.00 Bytes | label nbytes 0.00 Bytes
        L1  id nbytes      0.00 Bytes | graph nbytes    8.20 MB
        L1  miss nbytes    0.00 Bytes | remote nbytes 0.00 Bytes
        L1  num nodes               0 | num samples           0
    [Step(min) Profiler Level 2 E3 S1001]
        L2  shuffle     0.000000 | core sample  0.000000 | id remap        0.000000
        L2  graph copy  0.000000 | id copy      0.000000 | cache feat copy 0.000000
        L2  last layer sample time 0.000000 | size 0.000000
    [Step(min) Profiler Level 3 E3 S1001]
        L3  khop sample coo  0.000000 | khop sort coo      0.000000 | khop count edge     0.000000 | khop compact edge 0.000000
        L3  walk sample coo  0.000000 | walk topk total    0.000000 | walk topk step1     0.000000 | walk topk step2   0.000000
        L3  walk topk step3  0.000000 | walk topk step4    0.000000 | walk topk step5     0.000000
        L3  walk topk step6  0.000000 | walk topk step7    0.000000
        L3  remap unique     0.000000 | remap populate     0.000000 | remap mapnode       0.000000 | remap mapedge     0.000000
        L3  cache get_index  0.000000 | cache copy_index   0.000000 | cache extract_miss  0.000000
        L3  cache copy_miss  0.000000 | cache combine_miss 0.000000 | cache combine cache 0.000000 | cache combine remote 0.000000
        L3  label extract  0.000000
    [Init Profiler Level 1]
        L1  init     4.5838 | sampler init     0.0000 | trainer init 188.7389
    [Init Profiler Level 2]
        L2  load ds         4.5827 | init queue          20.1195
        L2  presample       0.0000 | build interal ds     1.5547
        L2  build cache   167.0603
    [Init Profiler Level 3]
        L3  load dataset: mmap     4.5827 | copy         0.0000
        L3  dist queue: alloc      0.0003 | pin         20.1193 | push     0.0000
        L3  presample: init        0.0000
        L3  presample: sample      0.0000 | copy         0.0000
        L3  presample: count       0.0000 | sort         0.0000
        L3  presample: reset       0.0000 | get rank     0.0000
        L3  internal: cuda ctx     1.5546 | cuda stream     0.0001
|===========================================================================|
|                  PyTorch CUDA memory summary, device ID 0                 |
|---------------------------------------------------------------------------|
|            CUDA OOMs: 0            |        cudaMalloc retries: 0         |
|===========================================================================|
|        Metric         | Cur Usage  | Peak Usage | Tot Alloc  | Tot Freed  |
|---------------------------------------------------------------------------|
| Allocated memory      |   35963 KB |  641524 KB |    1186 GB |    1186 GB |
|       from large pool |   26669 KB |  638593 KB |    1177 GB |    1177 GB |
|       from small pool |    9294 KB |   11602 KB |       8 GB |       8 GB |
|---------------------------------------------------------------------------|
| Active memory         |   35963 KB |  641524 KB |    1186 GB |    1186 GB |
|       from large pool |   26669 KB |  638593 KB |    1177 GB |    1177 GB |
|       from small pool |    9294 KB |   11602 KB |       8 GB |       8 GB |
|---------------------------------------------------------------------------|
| GPU reserved memory   |  782336 KB |  782336 KB |  782336 KB |       0 B  |
|       from large pool |  765952 KB |  765952 KB |  765952 KB |       0 B  |
|       from small pool |   16384 KB |   16384 KB |   16384 KB |       0 B  |
|---------------------------------------------------------------------------|
| Non-releasable memory |   31620 KB |  584894 KB |     905 GB |     904 GB |
|       from large pool |   28627 KB |  580896 KB |     895 GB |     895 GB |
|       from small pool |    2993 KB |    5580 KB |       9 GB |       9 GB |
|---------------------------------------------------------------------------|
| Allocations           |      43    |      62    |   97568    |   97525    |
|       from large pool |       7    |      18    |   38079    |   38072    |
|       from small pool |      36    |      47    |   59489    |   59453    |
|---------------------------------------------------------------------------|
| Active allocs         |      44    |      62    |   97568    |   97524    |
|       from large pool |       7    |      18    |   38079    |   38072    |
|       from small pool |      37    |      47    |   59489    |   59452    |
|---------------------------------------------------------------------------|
| GPU reserved segments |      17    |      17    |      17    |       0    |
|       from large pool |       9    |       9    |       9    |       0    |
|       from small pool |       8    |       8    |       8    |       0    |
|---------------------------------------------------------------------------|
| Non-releasable allocs |      17    |      30    |   41128    |   41111    |
|       from large pool |       3    |      12    |   26045    |   26042    |
|       from small pool |      14    |      21    |   15083    |   15069    |
|---------------------------------------------------------------------------|
| Oversize allocations  |       0    |       0    |       0    |       0    |
|---------------------------------------------------------------------------|
| Oversize GPU segments |       0    |       0    |       0    |       0    |
|===========================================================================|

test_result:epoch_time:copy_time=1.4147
test_result:convert_time=0.0553
test_result:train_time=1.7305
test_result:epoch_time:train_total=1.7858
test_result:cache_percentage=0.1000
test_result:cache_hit_rate=1.0000
test_result:run_time=19.0711
