config:eval_tsp="2022-12-05 16:39:06"
config:arch=arch5
config:num_train_worker=6
config:num_sample_worker=2
config:sample_type=khop2
config:root_path=/nvme/graph-learning-copy/samgraph/
config:dataset=papers100M-undir
config:pipeline=False
config:cache_policy=rep
config:cache_percentage=0.2
config:num_epoch=4
config:batch_size=8000
config:num_hidden=256
config:max_sampling_jobs=1
config:max_copying_jobs=1
config:barriered_epoch=1
config:presample_epoch=2
config:omp_thread_num=6
config:unsupervised=True
config:amp=True
config:rolling=0
config:fanout=[25, 10]
config:lr=0.003
config:dropout=0.5
config:single_gpu=False
config:max_num_step=1000
config:validate_configs=False
config:report_acc=0
config:dataset_path=/nvme/graph-learning-copy/samgraph/papers100M-undir
config:torch_thread_num=9
config:train_workers=['cuda:0', 'cuda:1', 'cuda:2', 'cuda:3', 'cuda:4', 'cuda:5']
config:sample_workers=['cuda:6', 'cuda:7']
config:num_fanout=2
config:num_layer=2
config:_run_mode=RunMode.FGNN
config:_log_level=warn
config:_profile_level=3
config:_empty_feat=0
config:_arch=5
config:_sample_type=5
config:_cache_policy=12
test_result:init:input_scale_factor=1.1
0 :  {link #0 : 1}, {link #1 : 2}, {link #2 : 3}, {link #3 : 4}, {link #4 : 5},
1 :  {link #0 : 2}, {link #1 : 3}, {link #2 : 4}, {link #3 : 5}, {link #4 : 0},
2 :  {link #0 : 3}, {link #1 : 4}, {link #2 : 5}, {link #3 : 0}, {link #4 : 1},
3 :  {link #0 : 4}, {link #1 : 5}, {link #2 : 0}, {link #3 : 1}, {link #4 : 2},
4 :  {link #0 : 5}, {link #1 : 0}, {link #2 : 1}, {link #3 : 2}, {link #4 : 3},
5 :  {link #0 : 0}, {link #1 : 1}, {link #2 : 2}, {link #3 : 3}, {link #4 : 4},
0 :  {link #0 : 1}, {link #1 : 2}, {link #2 : 3}, {link #3 : 4}, {link #4 : 5},
1 :  {link #0 : 2}, {link #1 : 3}, {link #2 : 4}, {link #3 : 5}, {link #4 : 0},
2 :  {link #0 : 3}, {link #1 : 4}, {link #2 : 5}, {link #3 : 0}, {link #4 : 1},
3 :  {link #0 : 4}, {link #1 : 5}, {link #2 : 0}, {link #3 : 1}, {link #4 : 2},
4 :  {link #0 : 5}, {link #1 : 0}, {link #2 : 1}, {link #3 : 2}, {link #4 : 3},
5 :  {link #0 : 0}, {link #1 : 1}, {link #2 : 2}, {link #3 : 3}, {link #4 : 4},
0 :  {link #0 : 1}, {link #1 : 2}, {link #2 : 3}, {link #3 : 4}, {link #4 : 5},
1 :  {link #0 : 2}, {link #1 : 3}, {link #2 : 4}, {link #3 : 5}, {link #4 : 0},
2 :  {link #0 : 3}, {link #1 : 4}, {link #2 : 5}, {link #3 : 0}, {link #4 : 1},
3 :  {link #0 : 4}, {link #1 : 5}, {link #2 : 0}, {link #3 : 1}, {link #4 : 2},
4 :  {link #0 : 5}, {link #1 : 0}, {link #2 : 1}, {link #3 : 2}, {link #4 : 3},
5 :  {link #0 : 0}, {link #1 : 1}, {link #2 : 2}, {link #3 : 3}, {link #4 : 4},
0 :  {link #0 : 1}, {link #1 : 2}, {link #2 : 3}, {link #3 : 4}, {link #4 : 5},
1 :  {link #0 : 2}, {link #1 : 3}, {link #2 : 4}, {link #3 : 5}, {link #4 : 0},
2 :  {link #0 : 3}, {link #1 : 4}, {link #2 : 5}, {link #3 : 0}, {link #4 : 1},
3 :  {link #0 : 4}, {link #1 : 5}, {link #2 : 0}, {link #3 : 1}, {link #4 : 2},
4 :  {link #0 : 5}, {link #1 : 0}, {link #2 : 1}, {link #3 : 2}, {link #4 : 3},
5 :  {link #0 : 0}, {link #1 : 1}, {link #2 : 2}, {link #3 : 3}, {link #4 : 4},
0 :  {link #0 : 1}, {link #1 : 2}, {link #2 : 3}, {link #3 : 4}, {link #4 : 5},
1 :  {link #0 : 2}, {link #1 : 3}, {link #2 : 4}, {link #3 : 5}, {link #4 : 0},
2 :  {link #0 : 3}, {link #1 : 4}, {link #2 : 5}, {link #3 : 0}, {link #4 : 1},
3 :  {link #0 : 4}, {link #1 : 5}, {link #2 : 0}, {link #3 : 1}, {link #4 : 2},
4 :  {link #0 : 5}, {link #1 : 0}, {link #2 : 1}, {link #3 : 2}, {link #4 : 3},
5 :  {link #0 : 0}, {link #1 : 1}, {link #2 : 2}, {link #3 : 3}, {link #4 : 4},
0 :  {link #0 : 1}, {link #1 : 2}, {link #2 : 3}, {link #3 : 4}, {link #4 : 5},
1 :  {link #0 : 2}, {link #1 : 3}, {link #2 : 4}, {link #3 : 5}, {link #4 : 0},
2 :  {link #0 : 3}, {link #1 : 4}, {link #2 : 5}, {link #3 : 0}, {link #4 : 1},
3 :  {link #0 : 4}, {link #1 : 5}, {link #2 : 0}, {link #3 : 1}, {link #4 : 2},
4 :  {link #0 : 5}, {link #1 : 0}, {link #2 : 1}, {link #3 : 2}, {link #4 : 3},
5 :  {link #0 : 0}, {link #1 : 1}, {link #2 : 2}, {link #3 : 3}, {link #4 : 4},
coll_cache:optimal_rep_storage=0.2
coll_cache:optimal_part_storage=0
coll_cache:optimal_cpu_storage=0.8
coll_cache:optimal_local_storage=0.2
coll_cache:optimal_remote_storage=0
coll_cache:optimal_local_rate=0.668616
coll_cache:optimal_remote_rate=0
coll_cache:optimal_cpu_rate=0.331384
z=110130
test_result:init:feat_nbytes=56862697472
test_result:init:cache_nbytes=11372539392
test_result:init:feat_nbytes=56862697472
test_result:init:cache_nbytes=11372539392
test_result:init:feat_nbytes=56862697472
test_result:init:cache_nbytes=11372539392
test_result:init:feat_nbytes=56862697472
test_result:init:cache_nbytes=11372539392
test_result:init:feat_nbytes=56862697472
test_result:init:cache_nbytes=11372539392
test_result:init:feat_nbytes=56862697472
test_result:init:cache_nbytes=11372539392
[Train  Worker 1/6] Started with PID 10263(NVIDIA A100-SXM4-80GB)
[Train  Worker 1] run train for 4 epochs with 1002 steps
[Train  Worker 2/6] Started with PID 10266(NVIDIA A100-SXM4-80GB)
[Train  Worker 2] run train for 4 epochs with 1002 steps
[Train  Worker 4/6] Started with PID 10272(NVIDIA A100-SXM4-80GB)
[Train  Worker 4] run train for 4 epochs with 1002 steps
[Train  Worker 3/6] Started with PID 10269(NVIDIA A100-SXM4-80GB)
[Train  Worker 3] run train for 4 epochs with 1002 steps
[CUDA] cuda0: usage: 23.33 GB
[SAM] cuda0 data alloc        : 0.00 Bytes
[SAM] cuda0 workspace         : 4.79 GB
[SAM] cuda0 workspace reserve : 2.37 GB
[SAM] cuda0 total             : 4.79 GB
[Train  Worker 5/6] Started with PID 10275(NVIDIA A100-SXM4-80GB)
[Train  Worker 5] run train for 4 epochs with 1002 steps
[Train  Worker 0/6] Started with PID 10260(NVIDIA A100-SXM4-80GB)
[Train  Worker 0] run train for 4 epochs with 1002 steps
Epoch 00000 | Epoch Time 15.5215 | Total Train Time(Profiler) 3.6594 | Copy Time 11.8483
[CUDA] cuda0: usage: 23.33 GB
[SAM] cuda0 data alloc        : 0.00 Bytes
[SAM] cuda0 workspace         : 4.79 GB
[SAM] cuda0 workspace reserve : 2.36 GB
[SAM] cuda0 total             : 4.79 GB
Epoch 00001 | Epoch Time 14.1123 | Total Train Time(Profiler) 2.2948 | Copy Time 11.8049
[CUDA] cuda0: usage: 23.33 GB
[SAM] cuda0 data alloc        : 0.00 Bytes
[SAM] cuda0 workspace         : 4.79 GB
[SAM] cuda0 workspace reserve : 2.36 GB
[SAM] cuda0 total             : 4.79 GB
Epoch 00002 | Epoch Time 14.1171 | Total Train Time(Profiler) 2.2855 | Copy Time 11.8194
[CUDA] cuda0: usage: 23.33 GB
[SAM] cuda0 data alloc        : 0.00 Bytes
[SAM] cuda0 workspace         : 4.79 GB
[SAM] cuda0 workspace reserve : 2.36 GB
[SAM] cuda0 total             : 4.79 GB
Epoch 00003 | Epoch Time 14.1063 | Total Train Time(Profiler) 2.2820 | Copy Time 11.8116
[Train  Worker 1] Avg Epoch Time 14.1118 | Train Total Time(Profiler) 2.2829 | Copy Time 11.8158
[Train  Worker 5] Avg Epoch Time 14.1120 | Train Total Time(Profiler) 2.2753 | Copy Time 11.8247
[Train  Worker 0] Avg Epoch Time 14.1119 | Train Total Time(Profiler) 2.2875 | Copy Time 11.8120
[Train  Worker 4] Avg Epoch Time 14.1119 | Train Total Time(Profiler) 2.2797 | Copy Time 11.8189
[Train  Worker 2] Avg Epoch Time 14.1119 | Train Total Time(Profiler) 2.2832 | Copy Time 11.8160
[Train  Worker 3] Avg Epoch Time 14.1118 | Train Total Time(Profiler) 2.2754 | Copy Time 11.8229
[Sample Worker 1/2] Started with PID 10256(NVIDIA A100-SXM4-80GB)
[Sample Worker 1] run sample for 4 epochs with 501 steps
[Sample Worker 1] Avg Sample Total Time 4.4979 | Sampler Total Time(Profiler) 4.4378
    [Step(average) Profiler Level 1 E3 S500]
        L1  sample           0.005412 | send           0.003542
        L1  recv             0.000000 | copy           0.000000 | convert time 0.000000 | train  0.000000
        L1  feature nbytes 0.00 Bytes | label nbytes 0.00 Bytes
        L1  id nbytes      0.00 Bytes | graph nbytes 0.00 Bytes
        L1  miss nbytes    0.00 Bytes | remote nbytes 0.00 Bytes
        L1  num nodes         4279064 | num samples     5311350
    [Step(average) Profiler Level 2 E3 S500]
        L2  shuffle     0.000430 | core sample  0.001920 | id remap        0.002847
        L2  graph copy  0.000000 | id copy      0.000000 | cache feat copy 0.000000
        L2  last layer sample time 0.000354 | size 228619.113772
    [Step(average) Profiler Level 3 E3 S500]
        L3  khop sample coo  0.001245 | khop sort coo      0.000000 | khop count edge     0.000054 | khop compact edge 0.000569
        L3  walk sample coo  0.000000 | walk topk total    0.000000 | walk topk step1     0.000000 | walk topk step2   0.000000
        L3  walk topk step3  0.000000 | walk topk step4    0.000000 | walk topk step5     0.000000
        L3  walk topk step6  0.000000 | walk topk step7    0.000000
        L3  remap unique     0.000208 | remap populate     0.002284 | remap mapnode       0.000000 | remap mapedge     0.000579
        L3  cache get_index  0.000000 | cache copy_index   0.000000 | cache extract_miss  0.000000
        L3  cache copy_miss  0.000000 | cache combine_miss 0.000000 | cache combine cache 0.000000 | cache combine remote 0.000000
        L3  label extract  0.000000
    [Init Profiler Level 1]
        L1  init     4.5318 | sampler init    90.1354 | trainer init 0.0000
    [Init Profiler Level 2]
        L2  load ds         6.3184 | init queue          20.1900
        L2  presample      66.3744 | build interal ds     1.7828
        L2  build cache     0.0000
    [Init Profiler Level 3]
        L3  load dataset: mmap     4.5307 | copy         1.7877
        L3  dist queue: alloc      0.0003 | pin         20.1898 | push     0.0000
        L3  presample: init        0.1410
        L3  presample: sample     11.4695 | copy         1.4467
        L3  presample: count      52.9039 | sort         0.1636
        L3  presample: reset       0.0033 | get rank     0.0385
        L3  internal: cuda ctx     1.5548 | cuda stream     0.2170
[Sample Worker 0/2] Started with PID 10254(NVIDIA A100-SXM4-80GB)
[Sample Worker 0] run sample for 4 epochs with 501 steps
[Sample Worker 0] Avg Sample Total Time 4.5027 | Sampler Total Time(Profiler) 4.4860
test_result:sample_time=2.7116
test_result:get_cache_miss_index_time=0.0000
test_result:enqueue_samples_time=1.7744
test_result:epoch_time:sample_total=4.5027
[CUDA] cuda0: usage: 23.33 GB
[SAM] cuda0 data alloc        : 0.00 Bytes
[SAM] cuda0 workspace         : 4.79 GB
[SAM] cuda0 workspace reserve : 2.36 GB
[SAM] cuda0 total             : 4.79 GB
    [Step(average) Profiler Level 1 E3 S1001]
        L1  sample           0.000000 | send           0.000000
        L1  recv             0.004785 | copy           0.070769 | convert time 0.000347 | train  0.013310
        L1  feature nbytes    2.04 GB | label nbytes   62.50 KB
        L1  id nbytes      0.00 Bytes | graph nbytes 0.00 Bytes
        L1  miss nbytes     697.75 MB | remote nbytes 0.00 Bytes
        L1  num nodes               0 | num samples           0
    [Step(average) Profiler Level 2 E3 S1001]
        L2  shuffle     0.000000 | core sample  0.000000 | id remap        0.000000
        L2  graph copy  0.000004 | id copy      0.000000 | cache feat copy 0.065980
        L2  last layer sample time 0.000000 | size 0.000000
    [Step(average) Profiler Level 3 E3 S1001]
        L3  khop sample coo  0.000000 | khop sort coo      0.000000 | khop count edge     0.000000 | khop compact edge 0.000000
        L3  walk sample coo  0.000000 | walk topk total    0.000000 | walk topk step1     0.000000 | walk topk step2   0.000000
        L3  walk topk step3  0.000000 | walk topk step4    0.000000 | walk topk step5     0.000000
        L3  walk topk step6  0.000000 | walk topk step7    0.000000
        L3  remap unique     0.000000 | remap populate     0.000000 | remap mapnode       0.000000 | remap mapedge     0.000000
        L3  cache get_index  0.001014 | cache copy_index   0.000000 | cache extract_miss  0.000000
        L3  cache copy_miss  0.000000 | cache combine_miss 0.064937 | cache combine cache 0.002964 | cache combine remote 0.000000
        L3  label extract  0.000018
    [Step(max) Profiler Level 1 E3 S1001]
        L1  sample           0.000000 | send           0.000000
        L1  recv             0.000000 | copy           0.000000 | convert time 0.000000 | train  0.000000
        L1  feature nbytes 0.00 Bytes | label nbytes 0.00 Bytes
        L1  id nbytes      0.00 Bytes | graph nbytes   40.94 MB
        L1  miss nbytes    0.00 Bytes | remote nbytes 0.00 Bytes
        L1  num nodes               0 | num samples           0
    [Step(max) Profiler Level 2 E3 S1001]
        L2  shuffle     0.000000 | core sample  0.000000 | id remap        0.000000
        L2  graph copy  0.000000 | id copy      0.000000 | cache feat copy 0.000000
        L2  last layer sample time 0.000000 | size 0.000000
    [Step(max) Profiler Level 3 E3 S1001]
        L3  khop sample coo  0.000000 | khop sort coo      0.000000 | khop count edge     0.000000 | khop compact edge 0.000000
        L3  walk sample coo  0.000000 | walk topk total    0.000000 | walk topk step1     0.000000 | walk topk step2   0.000000
        L3  walk topk step3  0.000000 | walk topk step4    0.000000 | walk topk step5     0.000000
        L3  walk topk step6  0.000000 | walk topk step7    0.000000
        L3  remap unique     0.000000 | remap populate     0.000000 | remap mapnode       0.000000 | remap mapedge     0.000000
        L3  cache get_index  0.000000 | cache copy_index   0.000000 | cache extract_miss  0.000000
        L3  cache copy_miss  0.000000 | cache combine_miss 0.000000 | cache combine cache 0.000000 | cache combine remote 0.000000
        L3  label extract  0.000000
    [Step(min) Profiler Level 1 E3 S1001]
        L1  sample           0.000000 | send           0.000000
        L1  recv             0.000000 | copy           0.000000 | convert time 0.000000 | train  0.000000
        L1  feature nbytes 0.00 Bytes | label nbytes 0.00 Bytes
        L1  id nbytes      0.00 Bytes | graph nbytes   40.39 MB
        L1  miss nbytes    0.00 Bytes | remote nbytes 0.00 Bytes
        L1  num nodes               0 | num samples           0
    [Step(min) Profiler Level 2 E3 S1001]
        L2  shuffle     0.000000 | core sample  0.000000 | id remap        0.000000
        L2  graph copy  0.000000 | id copy      0.000000 | cache feat copy 0.000000
        L2  last layer sample time 0.000000 | size 0.000000
    [Step(min) Profiler Level 3 E3 S1001]
        L3  khop sample coo  0.000000 | khop sort coo      0.000000 | khop count edge     0.000000 | khop compact edge 0.000000
        L3  walk sample coo  0.000000 | walk topk total    0.000000 | walk topk step1     0.000000 | walk topk step2   0.000000
        L3  walk topk step3  0.000000 | walk topk step4    0.000000 | walk topk step5     0.000000
        L3  walk topk step6  0.000000 | walk topk step7    0.000000
        L3  remap unique     0.000000 | remap populate     0.000000 | remap mapnode       0.000000 | remap mapedge     0.000000
        L3  cache get_index  0.000000 | cache copy_index   0.000000 | cache extract_miss  0.000000
        L3  cache copy_miss  0.000000 | cache combine_miss 0.000000 | cache combine cache 0.000000 | cache combine remote 0.000000
        L3  label extract  0.000000
    [Init Profiler Level 1]
        L1  init     4.5318 | sampler init     0.0000 | trainer init 114.9095
    [Init Profiler Level 2]
        L2  load ds         4.5307 | init queue          20.2410
        L2  presample       0.0000 | build interal ds     1.5252
        L2  build cache    93.1423
    [Init Profiler Level 3]
        L3  load dataset: mmap     4.5307 | copy         0.0000
        L3  dist queue: alloc      0.0003 | pin         20.2407 | push     0.0000
        L3  presample: init        0.0000
        L3  presample: sample      0.0000 | copy         0.0000
        L3  presample: count       0.0000 | sort         0.0000
        L3  presample: reset       0.0000 | get rank     0.0000
        L3  internal: cuda ctx     1.5252 | cuda stream     0.0000
|===========================================================================|
|                  PyTorch CUDA memory summary, device ID 0                 |
|---------------------------------------------------------------------------|
|            CUDA OOMs: 0            |        cudaMalloc retries: 0         |
|===========================================================================|
|        Metric         | Cur Usage  | Peak Usage | Tot Alloc  | Tot Freed  |
|---------------------------------------------------------------------------|
| Allocated memory      |   65166 KB |    1420 MB |    2929 GB |    2929 GB |
|       from large pool |   56905 KB |    1419 MB |    2917 GB |    2917 GB |
|       from small pool |    8261 KB |      10 MB |      11 GB |      11 GB |
|---------------------------------------------------------------------------|
| Active memory         |   65166 KB |    1420 MB |    2929 GB |    2929 GB |
|       from large pool |   56905 KB |    1419 MB |    2917 GB |    2917 GB |
|       from small pool |    8261 KB |      10 MB |      11 GB |      11 GB |
|---------------------------------------------------------------------------|
| GPU reserved memory   |    1686 MB |    1686 MB |    1686 MB |       0 B  |
|       from large pool |    1670 MB |    1670 MB |    1670 MB |       0 B  |
|       from small pool |      16 MB |      16 MB |      16 MB |       0 B  |
|---------------------------------------------------------------------------|
| Non-releasable memory |   35185 KB |    1198 MB |    3153 GB |    3153 GB |
|       from large pool |   33207 KB |    1194 MB |    3141 GB |    3141 GB |
|       from small pool |    1978 KB |       9 MB |      12 GB |      12 GB |
|---------------------------------------------------------------------------|
| Allocations           |      39    |      56    |   91555    |   91516    |
|       from large pool |       3    |      14    |   36740    |   36737    |
|       from small pool |      36    |      45    |   54815    |   54779    |
|---------------------------------------------------------------------------|
| Active allocs         |      40    |      56    |   91555    |   91515    |
|       from large pool |       3    |      14    |   36740    |   36737    |
|       from small pool |      37    |      45    |   54815    |   54778    |
|---------------------------------------------------------------------------|
| GPU reserved segments |      17    |      17    |      17    |       0    |
|       from large pool |       9    |       9    |       9    |       0    |
|       from small pool |       8    |       8    |       8    |       0    |
|---------------------------------------------------------------------------|
| Non-releasable allocs |      15    |      31    |   37389    |   37374    |
|       from large pool |       3    |      13    |   21617    |   21614    |
|       from small pool |      12    |      20    |   15772    |   15760    |
|---------------------------------------------------------------------------|
| Oversize allocations  |       0    |       0    |       0    |       0    |
|---------------------------------------------------------------------------|
| Oversize GPU segments |       0    |       0    |       0    |       0    |
|===========================================================================|

test_result:epoch_time:copy_time=11.8120
test_result:convert_time=0.0571
test_result:train_time=2.2303
test_result:epoch_time:train_total=2.2875
test_result:cache_percentage=0.2000
test_result:cache_hit_rate=1.0000
test_result:run_time=76.2183
