[2022-12-05 18:27:13.657938: W /samgraph/samgraph/common/cpu/mmap_cpu_device.cc:92] mmap allocating space 13.46 GB
[2022-12-05 18:27:13.658016: W /samgraph/samgraph/common/cpu/mmap_cpu_device.cc:97] mmap allocating space 13.46 GB done
[2022-12-05 18:27:17.842321: W /samgraph/samgraph/common/cpu/mmap_cpu_device.cc:92] mmap allocating space 62.57 GB
[2022-12-05 18:27:17.842432: W /samgraph/samgraph/common/cpu/mmap_cpu_device.cc:97] mmap allocating space 62.57 GB done
[2022-12-05 18:27:17.842494: W /samgraph/samgraph/common/cpu/cpu_device.cc:39] WORKER[0] alloc host memory 13.46 GB
[2022-12-05 18:27:18.802226: E /samgraph/samgraph/common/engine.cc:272] Train set size 30.58 MB
[2022-12-05 18:27:18.802617: W /samgraph/samgraph/common/cpu/mmap_cpu_device.cc:92] mmap allocating space 68.50 GB
[2022-12-05 18:27:18.802640: W /samgraph/samgraph/common/cpu/mmap_cpu_device.cc:97] mmap allocating space 68.50 GB done
/usr/lib/python3/dist-packages/requests/__init__.py:89: RequestsDependencyWarning: urllib3 (1.26.12) or chardet (3.0.4) doesn't match a supported version!
  warnings.warn("urllib3 ({}) or chardet ({}) doesn't match a supported "
[2022-12-05 18:27:20. 46769: W /samgraph/samgraph/common/dist/dist_engine.cc:662] Trainer[3] initializing...
[2022-12-05 18:27:20.111247: W /samgraph/samgraph/common/dist/dist_engine.cc:662] Trainer[1] initializing...
[2022-12-05 18:27:20.168214: W /samgraph/samgraph/common/dist/dist_engine.cc:662] Trainer[4] initializing...
[2022-12-05 18:27:20.217449: W /samgraph/samgraph/common/dist/dist_engine.cc:662] Trainer[2] initializing...
[2022-12-05 18:27:20.259679: W /samgraph/samgraph/common/dist/dist_engine.cc:662] Trainer[0] initializing...
[2022-12-05 18:27:20.317575: W /samgraph/samgraph/common/dist/dist_engine.cc:662] Trainer[5] initializing...
[2022-12-05 18:27:21.608851: W /samgraph/samgraph/common/dist/dist_engine.cc:666] Trainer[3] pin memory queue...
[2022-12-05 18:27:21.616727: W /samgraph/samgraph/common/dist/dist_engine.cc:666] Trainer[1] pin memory queue...
[2022-12-05 18:27:21.617678: W /samgraph/samgraph/common/dist/dist_engine.cc:666] Trainer[4] pin memory queue...
[2022-12-05 18:27:21.636576: W /samgraph/samgraph/common/dist/dist_engine.cc:666] Trainer[2] pin memory queue...
[2022-12-05 18:27:21.637732: W /samgraph/samgraph/common/dist/dist_engine.cc:666] Trainer[0] pin memory queue...
[2022-12-05 18:27:21.641840: W /samgraph/samgraph/common/dist/dist_engine.cc:666] Trainer[5] pin memory queue...
[2022-12-05 18:27:42. 88097: E /samgraph/samgraph/common/dist/dist_engine.cc:85] Running on A100
[2022-12-05 18:27:42. 89366: E /samgraph/samgraph/common/dist/dist_engine.cc:85] Running on A100
[2022-12-05 18:27:42. 89675: W /samgraph/samgraph/common/dist/dist_engine.cc:701] Trainer[5] register host memory...
[2022-12-05 18:27:42. 90120: E /samgraph/samgraph/common/dist/dist_engine.cc:85] Running on A100
[2022-12-05 18:27:42. 90612: E /samgraph/samgraph/common/dist/dist_engine.cc:85] Running on A100
[2022-12-05 18:27:42. 91155: W /samgraph/samgraph/common/dist/dist_engine.cc:701] Trainer[4] register host memory...
[2022-12-05 18:27:42. 91267: W /samgraph/samgraph/common/dist/dist_engine.cc:701] Trainer[0] register host memory...
[2022-12-05 18:27:42. 91525: W /samgraph/samgraph/common/dist/dist_engine.cc:701] Trainer[1] register host memory...
[2022-12-05 18:27:42.115804: E /samgraph/samgraph/common/dist/dist_engine.cc:85] Running on A100
[2022-12-05 18:27:42.116467: W /samgraph/samgraph/common/dist/dist_engine.cc:701] Trainer[2] register host memory...
[2022-12-05 18:27:42.164518: E /samgraph/samgraph/common/dist/dist_engine.cc:85] Running on A100
[2022-12-05 18:27:42.164569: W /samgraph/samgraph/common/dist/dist_engine.cc:701] Trainer[3] register host memory...
[2022-12-05 18:27:43.469603: E /samgraph/samgraph/common/dist/dist_engine.cc:85] Running on A100
[2022-12-05 18:27:43.480327: E /samgraph/samgraph/common/dist/dist_engine.cc:85] Running on A100
[2022-12-05 18:27:43.480736: W /samgraph/samgraph/common/cpu/cpu_device.cc:39] WORKER[0] alloc host memory 30.58 MB
[2022-12-05 18:27:43.491414: W /samgraph/samgraph/common/cuda/cuda_device.cc:49] GPU[6] alloc cuda memory 250.28 MB
[2022-12-05 18:27:43.542818: W /samgraph/samgraph/common/cuda/cuda_device.cc:49] GPU[6] alloc cuda memory 13.46 GB
[2022-12-05 18:27:45.416737: W /samgraph/samgraph/common/cpu/cpu_device.cc:39] WORKER[0] alloc host memory 38.23 MB
[2022-12-05 18:27:45.425768: W /samgraph/samgraph/common/cuda/cuda_device.cc:49] GPU[6] alloc cuda memory 19.12 MB
[2022-12-05 18:27:45.426125: W /samgraph/samgraph/common/cuda/cuda_device.cc:49] GPU[6] alloc cuda memory 256.00 MB
[2022-12-05 18:27:45.426266: W /samgraph/samgraph/common/cuda/cuda_device.cc:49] GPU[6] alloc cuda memory 26.18 MB
[2022-12-05 18:27:45.426618: W /samgraph/samgraph/common/cuda/cuda_device.cc:49] GPU[6] alloc cuda memory 28.56 MB
[2022-12-05 18:27:45.426664: W /samgraph/samgraph/common/cpu/cpu_device.cc:39] WORKER[0] alloc host memory 38.23 MB
[2022-12-05 18:27:45.435271: E /samgraph/samgraph/common/dist/pre_sampler.cc:41] Dist Presampler making shuffler...
[2022-12-05 18:27:45.435322: W /samgraph/samgraph/common/cpu/cpu_device.cc:39] WORKER[0] alloc host memory 38.23 MB
[2022-12-05 18:27:45.454366: W /samgraph/samgraph/common/cuda/cuda_device.cc:49] GPU[6] alloc cuda memory 38.23 MB
[2022-12-05 18:27:45.454402: E /samgraph/samgraph/common/dist/pre_sampler.cc:44] Dist Presampler making shuffler...Done
[2022-12-05 18:27:45.454413: W /samgraph/samgraph/common/cpu/cpu_device.cc:39] WORKER[0] alloc host memory 500.55 MB
[2022-12-05 18:27:45.534381: E /samgraph/samgraph/common/dist/pre_sampler.cc:85] Dist Presampler doing presample epoch 0
[2022-12-05 18:27:45.640976: W /samgraph/samgraph/common/cuda/cuda_device.cc:49] GPU[6] alloc cuda memory 27.21 MB
[2022-12-05 18:27:45.641376: W /samgraph/samgraph/common/cuda/cuda_device.cc:49] GPU[6] alloc cuda memory 27.21 MB
[2022-12-05 18:27:45.641852: W /samgraph/samgraph/common/cuda/cuda_device.cc:49] GPU[6] alloc cuda memory 27.21 MB
[2022-12-05 18:27:45.642168: W /samgraph/samgraph/common/cuda/cuda_device.cc:49] GPU[6] alloc cuda memory 27.21 MB
[2022-12-05 18:27:45.647071: W /samgraph/samgraph/common/cuda/cuda_device.cc:49] GPU[6] alloc cuda memory 25.66 MB
[2022-12-05 18:27:45.647695: W /samgraph/samgraph/common/cpu/cpu_device.cc:39] WORKER[0] alloc host memory 20.52 MB
[2022-12-05 18:28:18.219249: E /samgraph/samgraph/common/dist/pre_sampler.cc:129] presample spend 6.39001 on sample, 0.723255 on copy, 25.5602 on count
[2022-12-05 18:28:18.219336: E /samgraph/samgraph/common/dist/pre_sampler.cc:85] Dist Presampler doing presample epoch 1
[2022-12-05 18:28:51.344240: E /samgraph/samgraph/common/dist/pre_sampler.cc:129] presample spend 12.8795 on sample, 1.45104 on copy, 51.4536 on count
[2022-12-05 18:28:51.344334: E /samgraph/samgraph/common/dist/pre_sampler.cc:136] max_num_inputs = 4324472, min_num_inputs = 4266713
[2022-12-05 18:28:51.449824: E /samgraph/samgraph/common/dist/pre_sampler.cc:148] presample spend 0.105414 on sort freq.
[2022-12-05 18:28:51.543766: E /samgraph/samgraph/common/dist/dist_engine.cc:524] pre sample done, delete it
[[[[[[2022-12-05 18:28:512022-12-05 18:28:512022-12-05 18:28:512022-12-05 18:28:512022-12-05 18:28:512022-12-05 18:28:51......554709554709554710554710554710554710: : : : : : WWWWWW      /samgraph/samgraph/common/dist/dist_engine.cc/samgraph/samgraph/common/dist/dist_engine.cc/samgraph/samgraph/common/dist/dist_engine.cc/samgraph/samgraph/common/dist/dist_engine.cc/samgraph/samgraph/common/dist/dist_engine.cc/samgraph/samgraph/common/dist/dist_engine.cc::::::711711711711711711] ] ] ] ] Trainer[3] building cache...] Trainer[1] building cache...Trainer[4] building cache...Trainer[0] building cache...Trainer[5] building cache...

Trainer[2] building cache...



[[[2022-12-05 18:28:512022-12-05 18:28:512022-12-05 18:28:51...556137556137556137: : : EEE   /samgraph/3rdparty/collcachelib/coll_cache_lib/run_config.cc/samgraph/3rdparty/collcachelib/coll_cache_lib/run_config.cc/samgraph/3rdparty/collcachelib/coll_cache_lib/run_config.cc:::134134[134] ] [2022-12-05 18:28:51] using concurrent impl MPSusing concurrent impl MPSusing concurrent impl MPS2022-12-05 18:28:51.


.556175556181: : EE  /samgraph/3rdparty/collcachelib/coll_cache_lib/run_config.cc/samgraph/3rdparty/collcachelib/coll_cache_lib/run_config.cc::134134] ] using concurrent impl MPSusing concurrent impl MPS

[2022-12-05 18:28:51[.2022-12-05 18:28:51557674.: 557675E:  E/samgraph/3rdparty/collcachelib/coll_cache_lib/coll_cache/asymm_link_desc.cc :/samgraph/3rdparty/collcachelib/coll_cache_lib/coll_cache/asymm_link_desc.cc196:] 196build symm link desc with 6X NVIDIA A100-SXM4-80GB out of 8] 
build symm link desc with 6X NVIDIA A100-SXM4-80GB out of 8
[[2022-12-05 18:28:512022-12-05 18:28:51..557714557714: : EE  /samgraph/3rdparty/collcachelib/coll_cache_lib/coll_cache/asymm_link_desc.cc/samgraph/3rdparty/collcachelib/coll_cache_lib/coll_cache/asymm_link_desc.cc::197197] ] remote time is 10.8824remote time is 10.8824

[[2022-12-05 18:28:512022-12-05 18:28:51..557735557735: : EE  /samgraph/3rdparty/collcachelib/coll_cache_lib/coll_cache/asymm_link_desc.cc/samgraph/3rdparty/collcachelib/coll_cache_lib/coll_cache/asymm_link_desc.cc::198198] ] cpu time is 41.1111cpu time is 41.1111

[2022-12-05 18:28:51.557810: E /samgraph/3rdparty/collcachelib/coll_cache_lib/coll_cache/asymm_link_desc.cc:196] build symm link desc with 6X NVIDIA A100-SXM4-80GB out of 8
[2022-12-05 18:28:51.557830: E /samgraph/3rdparty/collcachelib/coll_cache_lib/coll_cache/asymm_link_desc.cc:197] remote time is 10.8824
[2022-12-05 18:28:51.557841: E /samgraph/3rdparty/collcachelib/coll_cache_lib/coll_cache/asymm_link_desc.cc:198] cpu time is 41.1111
[2022-12-05 18:28:51.557898: E /samgraph/3rdparty/collcachelib/coll_cache_lib/coll_cache/asymm_link_desc.cc:196] build symm link desc with 6X NVIDIA A100-SXM4-80GB out of 8
[2022-12-05 18:28:51.557917: E /samgraph/3rdparty/collcachelib/coll_cache_lib/coll_cache/asymm_link_desc.cc:197] remote time is 10.8824
[2022-12-05 18:28:51.557927: E /samgraph/3rdparty/collcachelib/coll_cache_lib/coll_cache/asymm_link_desc.cc:198] cpu time is 41.1111
[2022-12-05 18:28:51.558224: E /samgraph/3rdparty/collcachelib/coll_cache_lib/coll_cache/asymm_link_desc.cc:196] build symm link desc with 6X NVIDIA A100-SXM4-80GB out of 8
[2022-12-05 18:28:51.558256: E /samgraph/3rdparty/collcachelib/coll_cache_lib/coll_cache/asymm_link_desc.cc:197] remote time is 10.8824
[2022-12-05 18:28:51.558266: E /samgraph/3rdparty/collcachelib/coll_cache_lib/coll_cache/asymm_link_desc.cc:198] cpu time is 41.1111
[2022-12-05 18:28:51.667987: E /samgraph/3rdparty/collcachelib/coll_cache_lib/run_config.cc:134] using concurrent impl MPS
[2022-12-05 18:28:51.669094: E /samgraph/3rdparty/collcachelib/coll_cache_lib/coll_cache/asymm_link_desc.cc:196] build symm link desc with 6X NVIDIA A100-SXM4-80GB out of 8
[2022-12-05 18:28:51.669120: E /samgraph/3rdparty/collcachelib/coll_cache_lib/coll_cache/asymm_link_desc.cc:197] remote time is 10.8824
[2022-12-05 18:28:51.669131: E /samgraph/3rdparty/collcachelib/coll_cache_lib/coll_cache/asymm_link_desc.cc:198] cpu time is 41.1111
[2022-12-05 18:29:07.138951: E /samgraph/3rdparty/collcachelib/coll_cache_lib/facade.cc:115] solver created. now build & solve
[2022-12-05 18:29:07.166502: E /samgraph/3rdparty/collcachelib/coll_cache_lib/facade.cc:120] solver built. now solve
[2022-12-05 18:29:07.166532: E /samgraph/3rdparty/collcachelib/coll_cache_lib/coll_cache/optimal_solver_class.cc:895] num_cached_nodes = 16402091
[2022-12-05 18:29:07.676119: E /samgraph/3rdparty/collcachelib/coll_cache_lib/facade.cc:124] solver solved
[2022-12-05 18:29:07.676212: E /samgraph/3rdparty/collcachelib/coll_cache_lib/facade.cc:187] 0 solved master
[2022-12-05 18:29:07.676237: E /samgraph/3rdparty/collcachelib/coll_cache_lib/facade.cc:194] 0 solved
[2022-12-05 18:29:07.676248: E /samgraph/3rdparty/collcachelib/coll_cache_lib/facade.cc:197] worker 0 thread 0 initing device 0
[2022-12-05 18:29:07.683037: E /samgraph/3rdparty/collcachelib/coll_cache_lib/facade.cc:194] 3 solved
[2022-12-05 18:29:07.683090: E /samgraph/3rdparty/collcachelib/coll_cache_lib/facade.cc:197] worker 3 thread 3 initing device 3
[2022-12-05 18:29:07.685180: E /samgraph/3rdparty/collcachelib/coll_cache_lib/facade.cc:194] 2 solved
[2022-12-05 18:29:07.685222: E /samgraph/3rdparty/collcachelib/coll_cache_lib/facade.cc:197] worker 2 thread 2 initing device 2
[2022-12-05 18:29:07.685428: E /samgraph/3rdparty/collcachelib/coll_cache_lib/facade.cc:194] 1 solved
[2022-12-05 18:29:07.685458: E /samgraph/3rdparty/collcachelib/coll_cache_lib/facade.cc:197] worker 1 thread 1 initing device 1
[2022-12-05 18:29:07.687433: [E /samgraph/3rdparty/collcachelib/coll_cache_lib/facade.cc2022-12-05 18:29:07:.194687439] : 5 solvedE
 /samgraph/3rdparty/collcachelib/coll_cache_lib/facade.cc:194] [4 solved2022-12-05 18:29:07
.687485: E /samgraph/3rdparty/collcachelib/coll_cache_lib/facade.cc:197[] 2022-12-05 18:29:07worker 5 thread 5 initing device 5.
687496: E /samgraph/3rdparty/collcachelib/coll_cache_lib/facade.cc:197] worker 4 thread 4 initing device 4
[2022-12-05 18:29:09.128196: E /samgraph/3rdparty/collcachelib/coll_cache_lib/cache_context.cu:1740] Collaborative GPU cache (policy: rep_cache) | local 16402091 / 65608366 nodes ( 25.00 %~25.00 %) | remote 0 / 65608366 nodes ( 0.00 %) | cpu 49206275 / 65608366 nodes ( 75.00 %) | 15.64 GB | 1.45123 secs 
[2022-12-05 18:29:09.128438: E /samgraph/3rdparty/collcachelib/coll_cache_lib/cache_context.cu:1740] Collaborative GPU cache (policy: rep_cache) | local 16402091 / 65608366 nodes ( 25.00 %~25.00 %) | remote 0 / 65608366 nodes ( 0.00 %) | cpu 49206275 / 65608366 nodes ( 75.00 %) | 15.64 GB | 1.4402 secs 
[2022-12-05 18:29:09.128622: E /samgraph/3rdparty/collcachelib/coll_cache_lib/cache_context.cu:1740] Collaborative GPU cache (policy: rep_cache) | local 16402091 / 65608366 nodes ( 25.00 %~25.00 %) | remote 0 / 65608366 nodes ( 0.00 %) | cpu 49206275 / 65608366 nodes ( 75.00 %) | 15.64 GB | 1.44484 secs 
[2022-12-05 18:29:09.128654: W /samgraph/3rdparty/collcachelib/coll_cache_lib/cache_context.cu:2004] before create ctx, mem is 17.29 GB
[2022-12-05 18:29:09.131538: E /samgraph/3rdparty/collcachelib/coll_cache_lib/cache_context.cu:1740] Collaborative GPU cache (policy: rep_cache) | local 16402091 / 65608366 nodes ( 25.00 %~25.00 %) | remote 0 / 65608366 nodes ( 0.00 %) | cpu 49206275 / 65608366 nodes ( 75.00 %) | 15.64 GB | 1.44324 secs 
[2022-12-05 18:29:09.131738: E /samgraph/3rdparty/collcachelib/coll_cache_lib/cache_context.cu:1740] Collaborative GPU cache (policy: rep_cache) | local 16402091 / 65608366 nodes ( 25.00 %~25.00 %) | remote 0 / 65608366 nodes ( 0.00 %) | cpu 49206275 / 65608366 nodes ( 75.00 %) | 15.64 GB | 1.44589 secs 
[2022-12-05 18:29:09.131914: E /samgraph/3rdparty/collcachelib/coll_cache_lib/cache_context.cu:1740] Collaborative GPU cache (policy: rep_cache) | local 16402091 / 65608366 nodes ( 25.00 %~25.00 %) | remote 0 / 65608366 nodes ( 0.00 %) | cpu 49206275 / 65608366 nodes ( 75.00 %) | 15.64 GB | 1.44562 secs 
[2022-12-05 18:29:10.198571: W /samgraph/3rdparty/collcachelib/coll_cache_lib/cache_context.cu:2010] after create ctx, mem is 17.72 GB
[2022-12-05 18:29:10.199110: W /samgraph/3rdparty/collcachelib/coll_cache_lib/cache_context.cu:2017] after create stream, mem is 17.72 GB
[2022-12-05 18:29:10.201830: W /samgraph/3rdparty/collcachelib/coll_cache_lib/cache_context.cu:2004] before create ctx, mem is 17.72 GB
[2022-12-05 18:29:11.308445: W /samgraph/3rdparty/collcachelib/coll_cache_lib/cache_context.cu:2010] after create ctx, mem is 18.15 GB
[2022-12-05 18:29:11.308805: W /samgraph/3rdparty/collcachelib/coll_cache_lib/cache_context.cu:2017] after create stream, mem is 18.15 GB
[2022-12-05 18:29:11.308977: W /samgraph/3rdparty/collcachelib/coll_cache_lib/cache_context.cu:2004] before create ctx, mem is 18.15 GB
[2022-12-05 18:29:12.587295: W /samgraph/3rdparty/collcachelib/coll_cache_lib/cache_context.cu:2010] after create ctx, mem is 18.57 GB
[2022-12-05 18:29:12.588524: W /samgraph/3rdparty/collcachelib/coll_cache_lib/cache_context.cu:2017] after create stream, mem is 18.57 GB
[2022-12-05 18:29:12.589393: W /samgraph/3rdparty/collcachelib/coll_cache_lib/cache_context.cu:2004] before create ctx, mem is 18.57 GB
[2022-12-05 18:29:13.808202: W /samgraph/3rdparty/collcachelib/coll_cache_lib/cache_context.cu:2010] after create ctx, mem is 19.00 GB
[2022-12-05 18:29:13.808302: W /samgraph/3rdparty/collcachelib/coll_cache_lib/cache_context.cu:2017] after create stream, mem is 19.00 GB
[2022-12-05 18:29:13.809333: W /samgraph/3rdparty/collcachelib/coll_cache_lib/cache_context.cu:2004] before create ctx, mem is 19.00 GB
[2022-12-05 18:29:14.958965: W /samgraph/3rdparty/collcachelib/coll_cache_lib/cache_context.cu:2010] after create ctx, mem is 19.43 GB
[2022-12-05 18:29:14.959076: W /samgraph/3rdparty/collcachelib/coll_cache_lib/cache_context.cu:2017] after create stream, mem is 19.43 GB
[2022-12-05 18:29:14.960176: W /samgraph/3rdparty/collcachelib/coll_cache_lib/cache_context.cu:2004] before create ctx, mem is 19.43 GB
[2022-12-05 18:29:16.172187: W /samgraph/3rdparty/collcachelib/coll_cache_lib/cache_context.cu:2010] after create ctx, mem is 20.18 GB
[2022-12-05 18:29:16.175011: W /samgraph/3rdparty/collcachelib/coll_cache_lib/cache_context.cu:2017] after create stream, mem is 20.18 GB
[2022-12-05 18:29:16.175782: W /samgraph/3rdparty/collcachelib/coll_cache_lib/cache_context.cu:2004] before create ctx, mem is 20.18 GB
[2022-12-05 18:29:17.293233: W /samgraph/3rdparty/collcachelib/coll_cache_lib/cache_context.cu:2010] after create ctx, mem is 20.57 GB
[2022-12-05 18:29:17.293471: W /samgraph/3rdparty/collcachelib/coll_cache_lib/cache_context.cu:2017] after create stream, mem is 20.57 GB
[2022-12-05 18:29:25.610671: W /samgraph/samgraph/common/cuda/cuda_device.cc:49] GPU[0] alloc cuda memory 22.14 MB
[2022-12-05 18:29:25.612124: W /samgraph/samgraph/common/cuda/cuda_device.cc:49] GPU[0] alloc cuda memory 28.15 MB
[2022-12-05 18:29:25.613055: W /samgraph/samgraph/common/cuda/cuda_device.cc:49] GPU[0] alloc cuda memory 28.15 MB
[2022-12-05 18:29:25.634807: W /samgraph/samgraph/common/cuda/cuda_device.cc:49] GPU[0] alloc cuda memory 4.43 GB
[2022-12-05 18:29:25.635811: W /samgraph/samgraph/common/cuda/cuda_device.cc:49] GPU[0] alloc cuda memory 22.14 MB
[2022-12-05 18:29:25.640524: W /samgraph/samgraph/common/cuda/cuda_device.cc:49] GPU[0] alloc cuda memory 44.28 MB
[2022-12-05 18:29:25.647818: W /samgraph/samgraph/common/cuda/cuda_device.cc:49] GPU[0] alloc cuda memory 22.14 MB
[2022-12-05 18:29:25.648563: W /samgraph/samgraph/common/cuda/cuda_device.cc:49] GPU[0] alloc cuda memory 44.28 MB
[2022-12-05 18:29:27.104460: W /samgraph/samgraph/common/cuda/cuda_device.cc:49] GPU[0] alloc cuda memory 20.48 MB
[2022-12-05 18:29:27.105688: W /samgraph/samgraph/common/cuda/cuda_device.cc:49] GPU[0] alloc cuda memory 25.58 MB
[2022-12-05 18:29:27.106733: W /samgraph/samgraph/common/cuda/cuda_device.cc:49] GPU[0] alloc cuda memory 25.58 MB
[2022-12-05 18:29:27.125445: W /samgraph/samgraph/common/cuda/cuda_device.cc:49] GPU[0] alloc cuda memory 4.43 GB
[2022-12-05 18:29:27.126443: W /samgraph/samgraph/common/cuda/cuda_device.cc:49] GPU[0] alloc cuda memory 20.48 MB
[2022-12-05 18:29:27.130690: W /samgraph/samgraph/common/cuda/cuda_device.cc:49] GPU[0] alloc cuda memory 40.97 MB
/usr/local/lib/python3.8/dist-packages/torch/nn/parallel/scatter_gather.py:9: UserWarning: is_namedtuple is deprecated, please use the python checks instead
  warnings.warn("is_namedtuple is deprecated, please use the python checks instead")
/usr/local/lib/python3.8/dist-packages/torch/nn/parallel/scatter_gather.py:9: UserWarning: is_namedtuple is deprecated, please use the python checks instead
  warnings.warn("is_namedtuple is deprecated, please use the python checks instead")
/usr/local/lib/python3.8/dist-packages/torch/nn/parallel/scatter_gather.py:9: UserWarning: is_namedtuple is deprecated, please use the python checks instead
  warnings.warn("is_namedtuple is deprecated, please use the python checks instead")
/usr/local/lib/python3.8/dist-packages/torch/nn/parallel/scatter_gather.py:9: UserWarning: is_namedtuple is deprecated, please use the python checks instead
  warnings.warn("is_namedtuple is deprecated, please use the python checks instead")
/usr/local/lib/python3.8/dist-packages/torch/nn/parallel/scatter_gather.py:9: UserWarning: is_namedtuple is deprecated, please use the python checks instead
  warnings.warn("is_namedtuple is deprecated, please use the python checks instead")
/usr/local/lib/python3.8/dist-packages/torch/nn/parallel/scatter_gather.py:9: UserWarning: is_namedtuple is deprecated, please use the python checks instead
  warnings.warn("is_namedtuple is deprecated, please use the python checks instead")
