[2022-12-05 18:20:33.532004: W /samgraph/samgraph/common/cpu/mmap_cpu_device.cc:92] mmap allocating space 13.46 GB
[2022-12-05 18:20:33.532079: W /samgraph/samgraph/common/cpu/mmap_cpu_device.cc:97] mmap allocating space 13.46 GB done
[2022-12-05 18:20:37.720270: W /samgraph/samgraph/common/cpu/mmap_cpu_device.cc:92] mmap allocating space 62.57 GB
[2022-12-05 18:20:37.720373: W /samgraph/samgraph/common/cpu/mmap_cpu_device.cc:97] mmap allocating space 62.57 GB done
[2022-12-05 18:20:37.720430: W /samgraph/samgraph/common/cpu/cpu_device.cc:39] WORKER[0] alloc host memory 13.46 GB
[2022-12-05 18:20:38.656493: E /samgraph/samgraph/common/engine.cc:272] Train set size 30.58 MB
[2022-12-05 18:20:38.656840: W /samgraph/samgraph/common/cpu/mmap_cpu_device.cc:92] mmap allocating space 68.50 GB
[2022-12-05 18:20:38.656861: W /samgraph/samgraph/common/cpu/mmap_cpu_device.cc:97] mmap allocating space 68.50 GB done
/usr/lib/python3/dist-packages/requests/__init__.py:89: RequestsDependencyWarning: urllib3 (1.26.12) or chardet (3.0.4) doesn't match a supported version!
  warnings.warn("urllib3 ({}) or chardet ({}) doesn't match a supported "
[2022-12-05 18:20:39.938851: W /samgraph/samgraph/common/dist/dist_engine.cc:662] Trainer[1] initializing...
[2022-12-05 18:20:39.952271: W /samgraph/samgraph/common/dist/dist_engine.cc:662] Trainer[0] initializing...
[2022-12-05 18:20:40. 35959: W /samgraph/samgraph/common/dist/dist_engine.cc:662] Trainer[4] initializing...
[2022-12-05 18:20:40. 94459: W /samgraph/samgraph/common/dist/dist_engine.cc:662] Trainer[5] initializing...
[2022-12-05 18:20:40.125988: W /samgraph/samgraph/common/dist/dist_engine.cc:662] Trainer[3] initializing...
[2022-12-05 18:20:40.164690: W /samgraph/samgraph/common/dist/dist_engine.cc:662] Trainer[2] initializing...
[2022-12-05 18:20:41.467824: W /samgraph/samgraph/common/dist/dist_engine.cc:666] Trainer[1] pin memory queue...
[2022-12-05 18:20:41.488164: W /samgraph/samgraph/common/dist/dist_engine.cc:666] Trainer[0] pin memory queue...
[2022-12-05 18:20:41.495199: W /samgraph/samgraph/common/dist/dist_engine.cc:666] Trainer[5] pin memory queue...
[2022-12-05 18:20:41.495808: W /samgraph/samgraph/common/dist/dist_engine.cc:666] Trainer[4] pin memory queue...
[2022-12-05 18:20:41.513412: W /samgraph/samgraph/common/dist/dist_engine.cc:666] Trainer[3] pin memory queue...
[2022-12-05 18:20:41.522126: W /samgraph/samgraph/common/dist/dist_engine.cc:666] Trainer[2] pin memory queue...
[2022-12-05 18:21:01.433119: E /samgraph/samgraph/common/dist/dist_engine.cc:85] Running on A100
[2022-12-05 18:21:01.434626: W /samgraph/samgraph/common/dist/dist_engine.cc:701] Trainer[2] register host memory...
[2022-12-05 18:21:01.435202: E /samgraph/samgraph/common/dist/dist_engine.cc:85] Running on A100
[2022-12-05 18:21:01.435276: E /samgraph/samgraph/common/dist/dist_engine.cc:85] Running on A100
[2022-12-05 18:21:01.436085: W /samgraph/samgraph/common/dist/dist_engine.cc:701] Trainer[4] register host memory...
[2022-12-05 18:21:01.436094: W /samgraph/samgraph/common/dist/dist_engine.cc:701] Trainer[1] register host memory...
[2022-12-05 18:21:01.436197: E /samgraph/samgraph/common/dist/dist_engine.cc:85] Running on A100
[2022-12-05 18:21:01.437046: W /samgraph/samgraph/common/dist/dist_engine.cc:701] Trainer[0] register host memory...
[2022-12-05 18:21:01.483631: E /samgraph/samgraph/common/dist/dist_engine.cc:85] Running on A100
[2022-12-05 18:21:01.483786: W /samgraph/samgraph/common/dist/dist_engine.cc:701] Trainer[5] register host memory...
[2022-12-05 18:21:01.492506: E /samgraph/samgraph/common/dist/dist_engine.cc:85] Running on A100
[2022-12-05 18:21:01.492556: W /samgraph/samgraph/common/dist/dist_engine.cc:701] Trainer[3] register host memory...
[2022-12-05 18:21:01.643728: E /samgraph/samgraph/common/dist/dist_engine.cc:85] Running on A100
[2022-12-05 18:21:01.650642: E /samgraph/samgraph/common/dist/dist_engine.cc:85] Running on A100
[2022-12-05 18:21:01.650765: W /samgraph/samgraph/common/cpu/cpu_device.cc:39] WORKER[0] alloc host memory 30.58 MB
[2022-12-05 18:21:01.659700: W /samgraph/samgraph/common/cuda/cuda_device.cc:49] GPU[6] alloc cuda memory 250.28 MB
[2022-12-05 18:21:01.704297: W /samgraph/samgraph/common/cuda/cuda_device.cc:49] GPU[6] alloc cuda memory 13.46 GB
[2022-12-05 18:21:03.625808: W /samgraph/samgraph/common/cpu/cpu_device.cc:39] WORKER[0] alloc host memory 38.23 MB
[2022-12-05 18:21:03.634853: W /samgraph/samgraph/common/cuda/cuda_device.cc:49] GPU[6] alloc cuda memory 19.12 MB
[2022-12-05 18:21:03.635219: W /samgraph/samgraph/common/cuda/cuda_device.cc:49] GPU[6] alloc cuda memory 256.00 MB
[2022-12-05 18:21:03.635357: W /samgraph/samgraph/common/cuda/cuda_device.cc:49] GPU[6] alloc cuda memory 26.18 MB
[2022-12-05 18:21:03.635756: W /samgraph/samgraph/common/cuda/cuda_device.cc:49] GPU[6] alloc cuda memory 28.56 MB
[2022-12-05 18:21:03.636269: W /samgraph/samgraph/common/cpu/cpu_device.cc:39] WORKER[0] alloc host memory 38.23 MB
[2022-12-05 18:21:03.644902: E /samgraph/samgraph/common/dist/pre_sampler.cc:41] Dist Presampler making shuffler...
[2022-12-05 18:21:03.644942: W /samgraph/samgraph/common/cpu/cpu_device.cc:39] WORKER[0] alloc host memory 38.23 MB
[2022-12-05 18:21:03.653783: W /samgraph/samgraph/common/cuda/cuda_device.cc:49] GPU[6] alloc cuda memory 38.23 MB
[2022-12-05 18:21:03.653809: E /samgraph/samgraph/common/dist/pre_sampler.cc:44] Dist Presampler making shuffler...Done
[2022-12-05 18:21:03.653821: W /samgraph/samgraph/common/cpu/cpu_device.cc:39] WORKER[0] alloc host memory 500.55 MB
[2022-12-05 18:21:03.734993: E /samgraph/samgraph/common/dist/pre_sampler.cc:85] Dist Presampler doing presample epoch 0
[2022-12-05 18:21:03.842188: W /samgraph/samgraph/common/cuda/cuda_device.cc:49] GPU[6] alloc cuda memory 27.23 MB
[2022-12-05 18:21:03.842346: W /samgraph/samgraph/common/cuda/cuda_device.cc:49] GPU[6] alloc cuda memory 27.23 MB
[2022-12-05 18:21:03.842473: W /samgraph/samgraph/common/cuda/cuda_device.cc:49] GPU[6] alloc cuda memory 27.23 MB
[2022-12-05 18:21:03.842594: W /samgraph/samgraph/common/cuda/cuda_device.cc:49] GPU[6] alloc cuda memory 27.23 MB
[2022-12-05 18:21:03.847259: W /samgraph/samgraph/common/cuda/cuda_device.cc:49] GPU[6] alloc cuda memory 25.67 MB
[2022-12-05 18:21:03.847908: W /samgraph/samgraph/common/cpu/cpu_device.cc:39] WORKER[0] alloc host memory 20.54 MB
[2022-12-05 18:21:36.848012: E /samgraph/samgraph/common/dist/pre_sampler.cc:129] presample spend 6.46688 on sample, 0.726999 on copy, 25.9046 on count
[2022-12-05 18:21:36.848122: E /samgraph/samgraph/common/dist/pre_sampler.cc:85] Dist Presampler doing presample epoch 1
[2022-12-05 18:22:10. 27053: E /samgraph/samgraph/common/dist/pre_sampler.cc:129] presample spend 12.9681 on sample, 1.45333 on copy, 51.8433 on count
[2022-12-05 18:22:10. 27171: E /samgraph/samgraph/common/dist/pre_sampler.cc:136] max_num_inputs = 4328367, min_num_inputs = 4272713
[2022-12-05 18:22:10.122034: E /samgraph/samgraph/common/dist/pre_sampler.cc:148] presample spend 0.094786 on sort freq.
[2022-12-05 18:22:10.223179: E /samgraph/samgraph/common/dist/dist_engine.cc:524] pre sample done, delete it
[[[[[[2022-12-05 18:22:102022-12-05 18:22:102022-12-05 18:22:102022-12-05 18:22:102022-12-05 18:22:10.2022-12-05 18:22:10....233704.233704233700233700233696: 233704: : : : W: WWWW W    /samgraph/samgraph/common/dist/dist_engine.cc /samgraph/samgraph/common/dist/dist_engine.cc/samgraph/samgraph/common/dist/dist_engine.cc/samgraph/samgraph/common/dist/dist_engine.cc/samgraph/samgraph/common/dist/dist_engine.cc:/samgraph/samgraph/common/dist/dist_engine.cc::::711:711711711711] 711] ] ] ] Trainer[5] building cache...Trainer[0] building cache...] Trainer[1] building cache...Trainer[3] building cache...Trainer[2] building cache...

Trainer[4] building cache...



[[2022-12-05 18:22:102022-12-05 18:22:10..235207235207: : EE  /samgraph/3rdparty/collcachelib/coll_cache_lib/run_config.cc/samgraph/3rdparty/collcachelib/coll_cache_lib/run_config.cc::134134] ] using concurrent impl MPSusing concurrent impl MPS

[2022-12-05 18:22:10.235237: E /samgraph/3rdparty/collcachelib/coll_cache_lib/run_config.cc:134] using concurrent impl MPS
[[2022-12-05 18:22:102022-12-05 18:22:10..235284235283: : EE  /samgraph/3rdparty/collcachelib/coll_cache_lib/run_config.cc/samgraph/3rdparty/collcachelib/coll_cache_lib/run_config.cc::134134] ] using concurrent impl MPSusing concurrent impl MPS

[2022-12-05 18:22:10.236507: E /samgraph/3rdparty/collcachelib/coll_cache_lib/coll_cache/asymm_link_desc.cc:196] build symm link desc with 6X NVIDIA A100-SXM4-80GB out of 8
[2022-12-05 18:22:10.236536: E /samgraph/3rdparty/collcachelib/coll_cache_lib/coll_cache/asymm_link_desc.cc:197] remote time is 10.8824
[2022-12-05 18:22:10.236547: E /samgraph/3rdparty/collcachelib/coll_cache_lib/coll_cache/asymm_link_desc.cc:198] cpu time is 41.1111
[2022-12-05 18:22:10.236589: E /samgraph/3rdparty/collcachelib/coll_cache_lib/coll_cache/asymm_link_desc.cc:196] build symm link desc with 6X NVIDIA A100-SXM4-80GB out of 8
[2022-12-05 18:22:10.236609: E /samgraph/3rdparty/collcachelib/coll_cache_lib/coll_cache/asymm_link_desc.cc:197] remote time is 10.8824
[2022-12-05 18:22:10.236620: E /samgraph/3rdparty/collcachelib/coll_cache_lib/coll_cache/asymm_link_desc.cc:198] cpu time is 41.1111
[2022-12-05 18:22:10.236902: E /samgraph/3rdparty/collcachelib/coll_cache_lib/coll_cache/asymm_link_desc.cc:196] build symm link desc with 6X NVIDIA A100-SXM4-80GB out of 8
[2022-12-05 18:22:10.236920: E /samgraph/3rdparty/collcachelib/coll_cache_lib/coll_cache/asymm_link_desc.cc:197] remote time is 10.8824
[2022-12-05 18:22:10.236931: E /samgraph/3rdparty/collcachelib/coll_cache_lib/coll_cache/asymm_link_desc.cc:198] cpu time is 41.1111
[2022-12-05 18:22:10.237074: E /samgraph/3rdparty/collcachelib/coll_cache_lib/coll_cache/asymm_link_desc.cc:196] build symm link desc with 6X NVIDIA A100-SXM4-80GB out of 8
[2022-12-05 18:22:10.237100: E /samgraph/3rdparty/collcachelib/coll_cache_lib/coll_cache/asymm_link_desc.cc:197] remote time is 10.8824
[2022-12-05 18:22:10.237111: E /samgraph/3rdparty/collcachelib/coll_cache_lib/coll_cache/asymm_link_desc.cc:198] cpu time is 41.1111
[2022-12-05 18:22:10.237212: E /samgraph/3rdparty/collcachelib/coll_cache_lib/coll_cache/asymm_link_desc.cc:196] build symm link desc with 6X NVIDIA A100-SXM4-80GB out of 8
[2022-12-05 18:22:10.237240: E /samgraph/3rdparty/collcachelib/coll_cache_lib/coll_cache/asymm_link_desc.cc:197] remote time is 10.8824
[2022-12-05 18:22:10.237251: E /samgraph/3rdparty/collcachelib/coll_cache_lib/coll_cache/asymm_link_desc.cc:198] cpu time is 41.1111
[2022-12-05 18:22:10.243919: E /samgraph/3rdparty/collcachelib/coll_cache_lib/run_config.cc:134] using concurrent impl MPS
[2022-12-05 18:22:10.245154: E /samgraph/3rdparty/collcachelib/coll_cache_lib/coll_cache/asymm_link_desc.cc:196] build symm link desc with 6X NVIDIA A100-SXM4-80GB out of 8
[2022-12-05 18:22:10.245179: E /samgraph/3rdparty/collcachelib/coll_cache_lib/coll_cache/asymm_link_desc.cc:197] remote time is 10.8824
[2022-12-05 18:22:10.245190: E /samgraph/3rdparty/collcachelib/coll_cache_lib/coll_cache/asymm_link_desc.cc:198] cpu time is 41.1111
[2022-12-05 18:22:26. 85710: E /samgraph/3rdparty/collcachelib/coll_cache_lib/facade.cc:115] solver created. now build & solve
[2022-12-05 18:22:26.113350: E /samgraph/3rdparty/collcachelib/coll_cache_lib/facade.cc:120] solver built. now solve
block 0 storage is 00000001
	access is	0	0	0	0	0	0	
block 1 storage is 00000010
	access is	1	1	1	1	1	1	
block 2 storage is 00000100
	access is	2	2	2	2	2	2	
block 3 storage is 00001000
	access is	3	3	3	3	3	3	
block 4 storage is 00010000
	access is	4	4	4	4	4	4	
block 5 storage is 00100000
	access is	5	5	5	5	5	5	
block 6 storage is 00000000
	access is	6	6	6	6	6	6	
[2022-12-05 18:22:26.701682: E /samgraph/3rdparty/collcachelib/coll_cache_lib/facade.cc:124] solver solved
[2022-12-05 18:22:26.701728: E /samgraph/3rdparty/collcachelib/coll_cache_lib/facade.cc:187] 0 solved master
[2022-12-05 18:22:26.701747: E /samgraph/3rdparty/collcachelib/coll_cache_lib/facade.cc:194] 0 solved
[2022-12-05 18:22:26.701757: E /samgraph/3rdparty/collcachelib/coll_cache_lib/facade.cc:197] worker 0 thread 0 initing device 0
[2022-12-05 18:22:26.702497: E /samgraph/3rdparty/collcachelib/coll_cache_lib/cache_context.cu:1762] Building Coll Cache with ... num gpu device is 6
[2022-12-05 18:22:26.708404: E /samgraph/3rdparty/collcachelib/coll_cache_lib/facade.cc:194] 2 solved
[2022-12-05 18:22:26.708435: E /samgraph/3rdparty/collcachelib/coll_cache_lib/facade.cc:197] worker 2 thread 2 initing device 2
[2022-12-05 18:22:26.709136: E /samgraph/3rdparty/collcachelib/coll_cache_lib/cache_context.cu:1762] Building Coll Cache with ... num gpu device is 6
[[2022-12-05 18:22:26.2022-12-05 18:22:26713177.: 713190E:  E[/samgraph/3rdparty/collcachelib/coll_cache_lib/facade.cc :2022-12-05 18:22:26[/samgraph/3rdparty/collcachelib/coll_cache_lib/facade.cc194.:2022-12-05 18:22:26] 713210194.1 solved: ] 713215
E3 solved:  
E/samgraph/3rdparty/collcachelib/coll_cache_lib/facade.cc[ :2022-12-05 18:22:26/samgraph/3rdparty/collcachelib/coll_cache_lib/facade.cc[194.:2022-12-05 18:22:26] 713247194.4 solved: ] 713251
E5 solved:  
E/samgraph/3rdparty/collcachelib/coll_cache_lib/facade.cc[ :2022-12-05 18:22:26/samgraph/3rdparty/collcachelib/coll_cache_lib/facade.cc[197.:2022-12-05 18:22:26] 713267197.worker 1 thread 1 initing device 1: ] 713271
Eworker 3 thread 3 initing device 3:  
E/samgraph/3rdparty/collcachelib/coll_cache_lib/facade.cc :/samgraph/3rdparty/collcachelib/coll_cache_lib/facade.cc197:] 197worker 4 thread 4 initing device 4] 
worker 5 thread 5 initing device 5
[2022-12-05 18:22:26.715815: E /samgraph/3rdparty/collcachelib/coll_cache_lib/cache_context.cu:1762] Building Coll Cache with ... num gpu device is 6
[2022-12-05 18:22:26.715847: E /samgraph/3rdparty/collcachelib/coll_cache_lib/cache_context.cu:1762] Building Coll Cache with ... num gpu device is 6
[2022-12-05 18:22:26.715865: E /samgraph/3rdparty/collcachelib/coll_cache_lib/cache_context.cu:1762] Building Coll Cache with ... num gpu device is 6
[2022-12-05 18:22:26.715948: E /samgraph/3rdparty/collcachelib/coll_cache_lib/cache_context.cu:1762] Building Coll Cache with ... num gpu device is 6
[2022-12-05 18:22:26.737749: W /samgraph/3rdparty/collcachelib/coll_cache_lib/cpu/cpu_device.cc:39] WORKER[0] alloc host memory 41.71 MB
[[[[[[2022-12-05 18:22:272022-12-05 18:22:272022-12-05 18:22:272022-12-05 18:22:272022-12-05 18:22:272022-12-05 18:22:27......701576701576701576701576701576701575: : : : : : EEEEEE      /samgraph/3rdparty/collcachelib/coll_cache_lib/cache_context.cu/samgraph/3rdparty/collcachelib/coll_cache_lib/cache_context.cu/samgraph/3rdparty/collcachelib/coll_cache_lib/cache_context.cu/samgraph/3rdparty/collcachelib/coll_cache_lib/cache_context.cu/samgraph/3rdparty/collcachelib/coll_cache_lib/cache_context.cu/samgraph/3rdparty/collcachelib/coll_cache_lib/cache_context.cu::::::187118711871187118711871] ] ] ] ] ] Device 2 init p2p of link 3Device 1 init p2p of link 2Device 0 init p2p of link 1Device 3 init p2p of link 4Device 5 init p2p of link 0Device 4 init p2p of link 5





[2022-12-05 18:22:27.707563: E /samgraph/3rdparty/collcachelib/coll_cache_lib/cache_context.cu:1871] Device 2 init p2p of link 4
[2022-12-05 18:22:27.708141: E /samgraph/3rdparty/collcachelib/coll_cache_lib/cache_context.cu:1871] Device 0 init p2p of link 2
[2022-12-05 18:22:27.708487: E /samgraph/3rdparty/collcachelib/coll_cache_lib/cache_context.cu:1871] Device 5 init p2p of link 1
[2022-12-05 18:22:27.708720: E /samgraph/3rdparty/collcachelib/coll_cache_lib/cache_context.cu:1871] Device 3 init p2p of link 5
[2022-12-05 18:22:27.708869: E /samgraph/3rdparty/collcachelib/coll_cache_lib/cache_context.cu:1871] Device 4 init p2p of link 0
[2022-12-05 18:22:27.708978: E /samgraph/3rdparty/collcachelib/coll_cache_lib/cache_context.cu:1871] Device 1 init p2p of link 3
[2022-12-05 18:22:27.711098: E /samgraph/3rdparty/collcachelib/coll_cache_lib/cache_context.cu:1871] Device 2 init p2p of link 5
[2022-12-05 18:22:27.712202: E /samgraph/3rdparty/collcachelib/coll_cache_lib/cache_context.cu:1871] Device 0 init p2p of link 3
[2022-12-05 18:22:27.712829: E /samgraph/3rdparty/collcachelib/coll_cache_lib/cache_context.cu:1871] Device 5 init p2p of link 2
[2022-12-05 18:22:27.713720: E /samgraph/3rdparty/collcachelib/coll_cache_lib/cache_context.cu:1871] Device 3 init p2p of link 0
[2022-12-05 18:22:27.714281: E /samgraph/3rdparty/collcachelib/coll_cache_lib/cache_context.cu:1871] Device 4 init p2p of link 1
[2022-12-05 18:22:27.714596: E /samgraph/3rdparty/collcachelib/coll_cache_lib/cache_context.cu:1871] Device 1 init p2p of link 4
[2022-12-05 18:22:27.715705: E /samgraph/3rdparty/collcachelib/coll_cache_lib/cache_context.cu:1871] Device 2 init p2p of link 0
[2022-12-05 18:22:27.716592: E /samgraph/3rdparty/collcachelib/coll_cache_lib/cache_context.cu:1871] Device 0 init p2p of link 4
[2022-12-05 18:22:27.717794: E /samgraph/3rdparty/collcachelib/coll_cache_lib/cache_context.cu:1871] Device 5 init p2p of link 3
[2022-12-05 18:22:27.718475: E /samgraph/3rdparty/collcachelib/coll_cache_lib/cache_context.cu:1871] Device 3 init p2p of link 1
[2022-12-05 18:22:27.718905: E /samgraph/3rdparty/collcachelib/coll_cache_lib/cache_context.cu:1871] Device 4 init p2p of link 2
[2022-12-05 18:22:27.719793: E /samgraph/3rdparty/collcachelib/coll_cache_lib/cache_context.cu:1871] Device 1 init p2p of link 5
[2022-12-05 18:22:27.720603: E /samgraph/3rdparty/collcachelib/coll_cache_lib/cache_context.cu:1871] Device 2 init p2p of link 1
[2022-12-05 18:22:27.721587: E /samgraph/3rdparty/collcachelib/coll_cache_lib/cache_context.cu:1871] Device 0 init p2p of link 5
[2022-12-05 18:22:27.722388: E /samgraph/3rdparty/collcachelib/coll_cache_lib/cache_context.cu:1871] Device 5 init p2p of link 4
[2022-12-05 18:22:27.723553: E /samgraph/3rdparty/collcachelib/coll_cache_lib/cache_context.cu:1871] Device 3 init p2p of link 2
[2022-12-05 18:22:27.723977: E /samgraph/3rdparty/collcachelib/coll_cache_lib/cache_context.cu:1871] Device 4 init p2p of link 3
[2022-12-05 18:22:27.724715: E /samgraph/3rdparty/collcachelib/coll_cache_lib/cache_context.cu:1871] Device 1 init p2p of link 0
[2022-12-05 18:22:27.726366: E /samgraph/3rdparty/collcachelib/coll_cache_lib/cache_context.cu:1900] Asymm Coll cache (policy: clique_part) | local 10934727 / 65608366 nodes ( 16.67 %~25.00 %) | remote 54673635 / 65608366 nodes ( 83.33 %) | cpu 4 / 65608366 nodes ( 0.00 %) | 10.43 GB | 1.0172 secs 
[2022-12-05 18:22:27.727380: E /samgraph/3rdparty/collcachelib/coll_cache_lib/cache_context.cu:1900] Asymm Coll cache (policy: clique_part) | local 10934727 / 65608366 nodes ( 16.67 %~25.00 %) | remote 54673635 / 65608366 nodes ( 83.33 %) | cpu 4 / 65608366 nodes ( 0.00 %) | 10.43 GB | 1.02486 secs 
[2022-12-05 18:22:27.728199: W /samgraph/3rdparty/collcachelib/coll_cache_lib/cache_context.cu:2004] before create ctx, mem is 12.09 GB
[2022-12-05 18:22:27.729059: E /samgraph/3rdparty/collcachelib/coll_cache_lib/cache_context.cu:1900] Asymm Coll cache (policy: clique_part) | local 10934727 / 65608366 nodes ( 16.67 %~25.00 %) | remote 54673635 / 65608366 nodes ( 83.33 %) | cpu 4 / 65608366 nodes ( 0.00 %) | 10.43 GB | 1.01309 secs 
[2022-12-05 18:22:27.731840: E /samgraph/3rdparty/collcachelib/coll_cache_lib/cache_context.cu:1900] Asymm Coll cache (policy: clique_part) | local 10934727 / 65608366 nodes ( 16.67 %~25.00 %) | remote 54673635 / 65608366 nodes ( 83.33 %) | cpu 4 / 65608366 nodes ( 0.00 %) | 10.43 GB | 1.01597 secs 
[2022-12-05 18:22:27.732111: E /samgraph/3rdparty/collcachelib/coll_cache_lib/cache_context.cu:1900] Asymm Coll cache (policy: clique_part) | local 10934727 / 65608366 nodes ( 16.67 %~25.00 %) | remote 54673635 / 65608366 nodes ( 83.33 %) | cpu 4 / 65608366 nodes ( 0.00 %) | 10.43 GB | 1.01627 secs 
[2022-12-05 18:22:27.734949: E /samgraph/3rdparty/collcachelib/coll_cache_lib/cache_context.cu:1900] Asymm Coll cache (policy: clique_part) | local 10934727 / 65608366 nodes ( 16.67 %~25.00 %) | remote 54673635 / 65608366 nodes ( 83.33 %) | cpu 4 / 65608366 nodes ( 0.00 %) | 10.43 GB | 1.01906 secs 
[2022-12-05 18:22:28.864080: W /samgraph/3rdparty/collcachelib/coll_cache_lib/cache_context.cu:2010] after create ctx, mem is 12.51 GB
[2022-12-05 18:22:28.864294: W /samgraph/3rdparty/collcachelib/coll_cache_lib/cache_context.cu:2017] after create stream, mem is 12.51 GB
[2022-12-05 18:22:28.864434: W /samgraph/3rdparty/collcachelib/coll_cache_lib/cache_context.cu:2004] before create ctx, mem is 12.51 GB
[2022-12-05 18:22:29.861715: W /samgraph/3rdparty/collcachelib/coll_cache_lib/cache_context.cu:2010] after create ctx, mem is 12.94 GB
[2022-12-05 18:22:29.861800: W /samgraph/3rdparty/collcachelib/coll_cache_lib/cache_context.cu:2017] after create stream, mem is 12.94 GB
[2022-12-05 18:22:29.861974: W /samgraph/3rdparty/collcachelib/coll_cache_lib/cache_context.cu:2004] before create ctx, mem is 12.94 GB
[2022-12-05 18:22:30.970541: W /samgraph/3rdparty/collcachelib/coll_cache_lib/cache_context.cu:2010] after create ctx, mem is 13.37 GB
[2022-12-05 18:22:30.970839: W /samgraph/3rdparty/collcachelib/coll_cache_lib/cache_context.cu:2017] after create stream, mem is 13.37 GB
[2022-12-05 18:22:30.970977: W /samgraph/3rdparty/collcachelib/coll_cache_lib/cache_context.cu:2004] before create ctx, mem is 13.37 GB
[2022-12-05 18:22:32.177989: W /samgraph/3rdparty/collcachelib/coll_cache_lib/cache_context.cu:2010] after create ctx, mem is 13.80 GB
[2022-12-05 18:22:32.180562: W /samgraph/3rdparty/collcachelib/coll_cache_lib/cache_context.cu:2017] after create stream, mem is 13.80 GB
[2022-12-05 18:22:32.181248: W /samgraph/3rdparty/collcachelib/coll_cache_lib/cache_context.cu:2004] before create ctx, mem is 13.80 GB
[2022-12-05 18:22:33.585944: W /samgraph/3rdparty/collcachelib/coll_cache_lib/cache_context.cu:2010] after create ctx, mem is 14.22 GB
[2022-12-05 18:22:33.586079: W /samgraph/3rdparty/collcachelib/coll_cache_lib/cache_context.cu:2017] after create stream, mem is 14.22 GB
[2022-12-05 18:22:33.586363: W /samgraph/3rdparty/collcachelib/coll_cache_lib/cache_context.cu:2004] before create ctx, mem is 14.22 GB
[2022-12-05 18:22:34.669264: W /samgraph/3rdparty/collcachelib/coll_cache_lib/cache_context.cu:2010] after create ctx, mem is 14.97 GB
[2022-12-05 18:22:34.669853: W /samgraph/3rdparty/collcachelib/coll_cache_lib/cache_context.cu:2017] after create stream, mem is 14.97 GB
[2022-12-05 18:22:34.670194: W /samgraph/3rdparty/collcachelib/coll_cache_lib/cache_context.cu:2004] before create ctx, mem is 14.97 GB
[2022-12-05 18:22:35.614774: W /samgraph/3rdparty/collcachelib/coll_cache_lib/cache_context.cu:2010] after create ctx, mem is 15.36 GB
[2022-12-05 18:22:35.614859: W /samgraph/3rdparty/collcachelib/coll_cache_lib/cache_context.cu:2017] after create stream, mem is 15.36 GB
[2022-12-05 18:22:45.969836: W /samgraph/samgraph/common/cuda/cuda_device.cc:49] GPU[0] alloc cuda memory 22.15 MB
[2022-12-05 18:22:45.973432: W /samgraph/samgraph/common/cuda/cuda_device.cc:49] GPU[0] alloc cuda memory 28.12 MB
[2022-12-05 18:22:45.974516: W /samgraph/samgraph/common/cuda/cuda_device.cc:49] GPU[0] alloc cuda memory 28.12 MB
[2022-12-05 18:22:45.987479: W /samgraph/samgraph/common/cuda/cuda_device.cc:49] GPU[0] alloc cuda memory 4.43 GB
[2022-12-05 18:22:45.987973: W /samgraph/samgraph/common/cuda/cuda_device.cc:49] GPU[0] alloc cuda memory 22.15 MB
[2022-12-05 18:22:45.988470: W /samgraph/samgraph/common/cuda/cuda_device.cc:49] GPU[0] alloc cuda memory 44.30 MB
[2022-12-05 18:22:45.988856: W /samgraph/samgraph/common/cuda/cuda_device.cc:49] GPU[0] alloc cuda memory 22.15 MB
[2022-12-05 18:22:45.989266: W /samgraph/samgraph/common/cuda/cuda_device.cc:49] GPU[0] alloc cuda memory 44.30 MB
[2022-12-05 18:22:47.344841: W /samgraph/samgraph/common/cuda/cuda_device.cc:49] GPU[0] alloc cuda memory 20.52 MB
[2022-12-05 18:22:47.346090: W /samgraph/samgraph/common/cuda/cuda_device.cc:49] GPU[0] alloc cuda memory 25.66 MB
[2022-12-05 18:22:47.353017: W /samgraph/samgraph/common/cuda/cuda_device.cc:49] GPU[0] alloc cuda memory 25.66 MB
[2022-12-05 18:22:47.369320: W /samgraph/samgraph/common/cuda/cuda_device.cc:49] GPU[0] alloc cuda memory 4.43 GB
[2022-12-05 18:22:47.369686: W /samgraph/samgraph/common/cuda/cuda_device.cc:49] GPU[0] alloc cuda memory 20.52 MB
[2022-12-05 18:22:47.370241: W /samgraph/samgraph/common/cuda/cuda_device.cc:49] GPU[0] alloc cuda memory 41.04 MB
/usr/local/lib/python3.8/dist-packages/torch/nn/parallel/scatter_gather.py:9: UserWarning: is_namedtuple is deprecated, please use the python checks instead
  warnings.warn("is_namedtuple is deprecated, please use the python checks instead")
/usr/local/lib/python3.8/dist-packages/torch/nn/parallel/scatter_gather.py:9: UserWarning: is_namedtuple is deprecated, please use the python checks instead
  warnings.warn("is_namedtuple is deprecated, please use the python checks instead")
/usr/local/lib/python3.8/dist-packages/torch/nn/parallel/scatter_gather.py:9: UserWarning: is_namedtuple is deprecated, please use the python checks instead
  warnings.warn("is_namedtuple is deprecated, please use the python checks instead")
/usr/local/lib/python3.8/dist-packages/torch/nn/parallel/scatter_gather.py:9: UserWarning: is_namedtuple is deprecated, please use the python checks instead
  warnings.warn("is_namedtuple is deprecated, please use the python checks instead")
/usr/local/lib/python3.8/dist-packages/torch/nn/parallel/scatter_gather.py:9: UserWarning: is_namedtuple is deprecated, please use the python checks instead
  warnings.warn("is_namedtuple is deprecated, please use the python checks instead")
/usr/local/lib/python3.8/dist-packages/torch/nn/parallel/scatter_gather.py:9: UserWarning: is_namedtuple is deprecated, please use the python checks instead
  warnings.warn("is_namedtuple is deprecated, please use the python checks instead")
