config:eval_tsp="2022-12-05 17:26:11"
config:arch=arch5
config:num_train_worker=6
config:num_sample_worker=2
config:sample_type=khop2
config:root_path=/nvme/graph-learning-copy/samgraph/
config:dataset=com-friendster
config:pipeline=False
config:cache_policy=clique_part
config:cache_percentage=0.1
config:num_epoch=4
config:batch_size=8000
config:num_hidden=256
config:max_sampling_jobs=1
config:max_copying_jobs=1
config:barriered_epoch=1
config:presample_epoch=2
config:omp_thread_num=6
config:unsupervised=True
config:amp=True
config:rolling=0
config:fanout=[25, 10]
config:lr=0.003
config:dropout=0.5
config:single_gpu=False
config:max_num_step=1000
config:validate_configs=False
config:report_acc=0
config:dataset_path=/nvme/graph-learning-copy/samgraph/com-friendster
config:torch_thread_num=9
config:train_workers=['cuda:0', 'cuda:1', 'cuda:2', 'cuda:3', 'cuda:4', 'cuda:5']
config:sample_workers=['cuda:6', 'cuda:7']
config:num_fanout=2
config:num_layer=2
config:_run_mode=RunMode.FGNN
config:_log_level=warn
config:_profile_level=3
config:_empty_feat=0
config:_arch=5
config:_sample_type=5
config:_cache_policy=14
test_result:init:input_scale_factor=1.1
0 :  {link #0 : 1}, {link #1 : 2}, {link #2 : 3}, {link #3 : 4}, {link #4 : 5},
1 :  {link #0 : 2}, {link #1 : 3}, {link #2 : 4}, {link #3 : 5}, {link #4 : 0},
2 :  {link #0 : 3}, {link #1 : 4}, {link #2 : 5}, {link #3 : 0}, {link #4 : 1},
3 :  {link #0 : 4}, {link #1 : 5}, {link #2 : 0}, {link #3 : 1}, {link #4 : 2},
4 :  {link #0 : 5}, {link #1 : 0}, {link #2 : 1}, {link #3 : 2}, {link #4 : 3},
5 :  {link #0 : 0}, {link #1 : 1}, {link #2 : 2}, {link #3 : 3}, {link #4 : 4},
0 :  {link #0 : 1}, {link #1 : 2}, {link #2 : 3}, {link #3 : 4}, {link #4 : 5},
1 :  {link #0 : 2}, {link #1 : 3}, {link #2 : 4}, {link #3 : 5}, {link #4 : 0},
2 :  {link #0 : 3}, {link #1 : 4}, {link #2 : 5}, {link #3 : 0}, {link #4 : 1},
3 :  {link #0 : 4}, {link #1 : 5}, {link #2 : 0}, {link #3 : 1}, {link #4 : 2},
4 :  {link #0 : 5}, {link #1 : 0}, {link #2 : 1}, {link #3 : 2}, {link #4 : 3},
5 :  {link #0 : 0}, {link #1 : 1}, {link #2 : 2}, {link #3 : 3}, {link #4 : 4},
0 :  {link #0 : 1}, {link #1 : 2}, {link #2 : 3}, {link #3 : 4}, {link #4 : 5},
1 :  {link #0 : 2}, {link #1 : 3}, {link #2 : 4}, {link #3 : 5}, {link #4 : 0},
2 :  {link #0 : 3}, {link #1 : 4}, {link #2 : 5}, {link #3 : 0}, {link #4 : 1},
3 :  {link #0 : 4}, {link #1 : 5}, {link #2 : 0}, {link #3 : 1}, {link #4 : 2},
4 :  {link #0 : 5}, {link #1 : 0}, {link #2 : 1}, {link #3 : 2}, {link #4 : 3},
5 :  {link #0 : 0}, {link #1 : 1}, {link #2 : 2}, {link #3 : 3}, {link #4 : 4},
0 :  {link #0 : 1}, {link #1 : 2}, {link #2 : 3}, {link #3 : 4}, {link #4 : 5},
1 :  {link #0 : 2}, {link #1 : 3}, {link #2 : 4}, {link #3 : 5}, {link #4 : 0},
2 :  {link #0 : 3}, {link #1 : 4}, {link #2 : 5}, {link #3 : 0}, {link #4 : 1},
3 :  {link #0 : 4}, {link #1 : 5}, {link #2 : 0}, {link #3 : 1}, {link #4 : 2},
4 :  {link #0 : 5}, {link #1 : 0}, {link #2 : 1}, {link #3 : 2}, {link #4 : 3},
5 :  {link #0 : 0}, {link #1 : 1}, {link #2 : 2}, {link #3 : 3}, {link #4 : 4},
0 :  {link #0 : 1}, {link #1 : 2}, {link #2 : 3}, {link #3 : 4}, {link #4 : 5},
1 :  {link #0 : 2}, {link #1 : 3}, {link #2 : 4}, {link #3 : 5}, {link #4 : 0},
2 :  {link #0 : 3}, {link #1 : 4}, {link #2 : 5}, {link #3 : 0}, {link #4 : 1},
3 :  {link #0 : 4}, {link #1 : 5}, {link #2 : 0}, {link #3 : 1}, {link #4 : 2},
4 :  {link #0 : 5}, {link #1 : 0}, {link #2 : 1}, {link #3 : 2}, {link #4 : 3},
5 :  {link #0 : 0}, {link #1 : 1}, {link #2 : 2}, {link #3 : 3}, {link #4 : 4},
0 :  {link #0 : 1}, {link #1 : 2}, {link #2 : 3}, {link #3 : 4}, {link #4 : 5},
1 :  {link #0 : 2}, {link #1 : 3}, {link #2 : 4}, {link #3 : 5}, {link #4 : 0},
2 :  {link #0 : 3}, {link #1 : 4}, {link #2 : 5}, {link #3 : 0}, {link #4 : 1},
3 :  {link #0 : 4}, {link #1 : 5}, {link #2 : 0}, {link #3 : 1}, {link #4 : 2},
4 :  {link #0 : 5}, {link #1 : 0}, {link #2 : 1}, {link #3 : 2}, {link #4 : 3},
5 :  {link #0 : 0}, {link #1 : 1}, {link #2 : 2}, {link #3 : 3}, {link #4 : 4},
coll_cache:optimal_rep_storage=0
coll_cache:optimal_part_storage=0.6
coll_cache:optimal_cpu_storage=0.4
coll_cache:optimal_local_storage=0.1
coll_cache:optimal_remote_storage=0.5
coll_cache:optimal_local_rate=0.16383
coll_cache:optimal_remote_rate=0.819149
coll_cache:optimal_cpu_rate=0.0170217
z=128129,128129,128129,128129,128129,128129,
test_result:init:feat_nbytes=67182966784
test_result:init:cache_nbytes=6725013504
test_result:init:feat_nbytes=67182966784
test_result:init:cache_nbytes=6725013504
test_result:init:feat_nbytes=67182966784
test_result:init:cache_nbytes=6725013504
test_result:init:feat_nbytes=67182966784
test_result:init:cache_nbytes=6725013504
test_result:init:feat_nbytes=67182966784
test_result:init:cache_nbytes=6725013504
test_result:init:feat_nbytes=67182966784
test_result:init:cache_nbytes=6725013504
[Train  Worker 3/6] Started with PID 16642(NVIDIA A100-SXM4-80GB)
[Train  Worker 3] run train for 4 epochs with 1002 steps
[Train  Worker 1/6] Started with PID 16636(NVIDIA A100-SXM4-80GB)
[Train  Worker 1] run train for 4 epochs with 1002 steps
[Train  Worker 2/6] Started with PID 16639(NVIDIA A100-SXM4-80GB)
[Train  Worker 2] run train for 4 epochs with 1002 steps
[Train  Worker 4/6] Started with PID 16645(NVIDIA A100-SXM4-80GB)
[Train  Worker 4] run train for 4 epochs with 1002 steps
[Train  Worker 5/6] Started with PID 16648(NVIDIA A100-SXM4-80GB)
[Train  Worker 5] run train for 4 epochs with 1002 steps
[CUDA] cuda0: usage: 24.03 GB
[SAM] cuda0 data alloc        : 0.00 Bytes
[SAM] cuda0 workspace         : 9.20 GB
[SAM] cuda0 workspace reserve : 4.57 GB
[SAM] cuda0 total             : 9.20 GB
[Train  Worker 0/6] Started with PID 16633(NVIDIA A100-SXM4-80GB)
[Train  Worker 0] run train for 4 epochs with 1002 steps
Epoch 00000 | Epoch Time 8.4187 | Total Train Time(Profiler) 4.4842 | Copy Time 3.9223
[CUDA] cuda0: usage: 24.03 GB
[SAM] cuda0 data alloc        : 0.00 Bytes
[SAM] cuda0 workspace         : 9.20 GB
[SAM] cuda0 workspace reserve : 4.56 GB
[SAM] cuda0 total             : 9.20 GB
Epoch 00001 | Epoch Time 7.0845 | Total Train Time(Profiler) 3.2170 | Copy Time 3.8552
[CUDA] cuda0: usage: 24.03 GB
[SAM] cuda0 data alloc        : 0.00 Bytes
[SAM] cuda0 workspace         : 9.20 GB
[SAM] cuda0 workspace reserve : 4.57 GB
[SAM] cuda0 total             : 9.20 GB
Epoch 00002 | Epoch Time 7.0271 | Total Train Time(Profiler) 3.1582 | Copy Time 3.8566
[CUDA] cuda0: usage: 24.03 GB
[SAM] cuda0 data alloc        : 0.00 Bytes
[SAM] cuda0 workspace         : 9.20 GB
[SAM] cuda0 workspace reserve : 4.57 GB
[SAM] cuda0 total             : 9.20 GB
Epoch 00003 | Epoch Time 7.0411 | Total Train Time(Profiler) 3.1786 | Copy Time 3.8506
[Train  Worker 4] Avg Epoch Time 7.0508 | Train Total Time(Profiler) 3.1488 | Copy Time 3.8895
[Train  Worker 3] Avg Epoch Time 7.0508 | Train Total Time(Profiler) 2.9170 | Copy Time 4.1201
[Train  Worker 2] Avg Epoch Time 7.0508 | Train Total Time(Profiler) 2.9177 | Copy Time 4.1191
[Train  Worker 1] Avg Epoch Time 7.0507 | Train Total Time(Profiler) 3.1896 | Copy Time 3.8474
[Train  Worker 0] Avg Epoch Time 7.0509 | Train Total Time(Profiler) 3.1846 | Copy Time 3.8542
[Train  Worker 5] Avg Epoch Time 7.0506 | Train Total Time(Profiler) 3.1532 | Copy Time 3.8853
[Sample Worker 1/2] Started with PID 16629(NVIDIA A100-SXM4-80GB)
[Sample Worker 1] run sample for 4 epochs with 501 steps
[Sample Worker 1] Avg Sample Total Time 4.9663 | Sampler Total Time(Profiler) 4.9621
    [Step(average) Profiler Level 1 E3 S500]
        L1  sample           0.005955 | send           0.003930
        L1  recv             0.000000 | copy           0.000000 | convert time 0.000000 | train  0.000000
        L1  feature nbytes 0.00 Bytes | label nbytes 0.00 Bytes
        L1  id nbytes      0.00 Bytes | graph nbytes 0.00 Bytes
        L1  miss nbytes    0.00 Bytes | remote nbytes 0.00 Bytes
        L1  num nodes         4298967 | num samples     5578576
    [Step(average) Profiler Level 2 E3 S500]
        L2  shuffle     0.000295 | core sample  0.002462 | id remap        0.002962
        L2  graph copy  0.000000 | id copy      0.000000 | cache feat copy 0.000000
        L2  last layer sample time 0.000367 | size 227997.925482
    [Step(average) Profiler Level 3 E3 S500]
        L3  khop sample coo  0.001745 | khop sort coo      0.000000 | khop count edge     0.000053 | khop compact edge 0.000611
        L3  walk sample coo  0.000000 | walk topk total    0.000000 | walk topk step1     0.000000 | walk topk step2   0.000000
        L3  walk topk step3  0.000000 | walk topk step4    0.000000 | walk topk step5     0.000000
        L3  walk topk step6  0.000000 | walk topk step7    0.000000
        L3  remap unique     0.000229 | remap populate     0.002363 | remap mapnode       0.000000 | remap mapedge     0.000615
        L3  cache get_index  0.000000 | cache copy_index   0.000000 | cache extract_miss  0.000000
        L3  cache copy_miss  0.000000 | cache combine_miss 0.000000 | cache combine cache 0.000000 | cache combine remote 0.000000
        L3  label extract  0.000000
    [Init Profiler Level 1]
        L1  init     5.2035 | sampler init    90.2684 | trainer init 0.0000
    [Init Profiler Level 2]
        L2  load ds         7.1639 | init queue          19.9436
        L2  presample      66.5822 | build interal ds     1.7801
        L2  build cache     0.0000
    [Init Profiler Level 3]
        L3  load dataset: mmap     5.2023 | copy         1.9616
        L3  dist queue: alloc      0.0003 | pin         19.9433 | push     0.0000
        L3  presample: init        0.0882
        L3  presample: sample     12.8421 | copy         1.4456
        L3  presample: count      51.9588 | sort         0.1081
        L3  presample: reset       0.0009 | get rank     0.0129
        L3  internal: cuda ctx     1.5594 | cuda stream     0.2104
[Sample Worker 0/2] Started with PID 16627(NVIDIA A100-SXM4-80GB)
[Sample Worker 0] run sample for 4 epochs with 501 steps
[Sample Worker 0] Avg Sample Total Time 4.9678 | Sampler Total Time(Profiler) 4.9523
test_result:sample_time=2.9836
test_result:get_cache_miss_index_time=0.0000
test_result:enqueue_samples_time=1.9687
test_result:epoch_time:sample_total=4.9678
[CUDA] cuda0: usage: 24.03 GB
[SAM] cuda0 data alloc        : 0.00 Bytes
[SAM] cuda0 workspace         : 9.20 GB
[SAM] cuda0 workspace reserve : 4.57 GB
[SAM] cuda0 total             : 9.20 GB
    [Step(average) Profiler Level 1 E3 S1001]
        L1  sample           0.000000 | send           0.000000
        L1  recv             0.004914 | copy           0.023669 | convert time 0.000364 | train  0.018109
        L1  feature nbytes    4.10 GB | label nbytes   62.50 KB
        L1  id nbytes      0.00 Bytes | graph nbytes 0.00 Bytes
        L1  miss nbytes      76.44 MB | remote nbytes    3.35 GB
        L1  num nodes               0 | num samples           0
    [Step(average) Profiler Level 2 E3 S1001]
        L2  shuffle     0.000000 | core sample  0.000000 | id remap        0.000000
        L2  graph copy  0.000004 | id copy      0.000000 | cache feat copy 0.018751
        L2  last layer sample time 0.000000 | size 0.000000
    [Step(average) Profiler Level 3 E3 S1001]
        L3  khop sample coo  0.000000 | khop sort coo      0.000000 | khop count edge     0.000000 | khop compact edge 0.000000
        L3  walk sample coo  0.000000 | walk topk total    0.000000 | walk topk step1     0.000000 | walk topk step2   0.000000
        L3  walk topk step3  0.000000 | walk topk step4    0.000000 | walk topk step5     0.000000
        L3  walk topk step6  0.000000 | walk topk step7    0.000000
        L3  remap unique     0.000000 | remap populate     0.000000 | remap mapnode       0.000000 | remap mapedge     0.000000
        L3  cache get_index  0.001013 | cache copy_index   0.000000 | cache extract_miss  0.000000
        L3  cache copy_miss  0.000000 | cache combine_miss 0.006243 | cache combine cache 0.001613 | cache combine remote 0.016098
        L3  label extract  0.000017
    [Step(max) Profiler Level 1 E3 S1001]
        L1  sample           0.000000 | send           0.000000
        L1  recv             0.000000 | copy           0.000000 | convert time 0.000000 | train  0.000000
        L1  feature nbytes 0.00 Bytes | label nbytes 0.00 Bytes
        L1  id nbytes      0.00 Bytes | graph nbytes   42.94 MB
        L1  miss nbytes    0.00 Bytes | remote nbytes 0.00 Bytes
        L1  num nodes               0 | num samples           0
    [Step(max) Profiler Level 2 E3 S1001]
        L2  shuffle     0.000000 | core sample  0.000000 | id remap        0.000000
        L2  graph copy  0.000000 | id copy      0.000000 | cache feat copy 0.000000
        L2  last layer sample time 0.000000 | size 0.000000
    [Step(max) Profiler Level 3 E3 S1001]
        L3  khop sample coo  0.000000 | khop sort coo      0.000000 | khop count edge     0.000000 | khop compact edge 0.000000
        L3  walk sample coo  0.000000 | walk topk total    0.000000 | walk topk step1     0.000000 | walk topk step2   0.000000
        L3  walk topk step3  0.000000 | walk topk step4    0.000000 | walk topk step5     0.000000
        L3  walk topk step6  0.000000 | walk topk step7    0.000000
        L3  remap unique     0.000000 | remap populate     0.000000 | remap mapnode       0.000000 | remap mapedge     0.000000
        L3  cache get_index  0.000000 | cache copy_index   0.000000 | cache extract_miss  0.000000
        L3  cache copy_miss  0.000000 | cache combine_miss 0.000000 | cache combine cache 0.000000 | cache combine remote 0.000000
        L3  label extract  0.000000
    [Step(min) Profiler Level 1 E3 S1001]
        L1  sample           0.000000 | send           0.000000
        L1  recv             0.000000 | copy           0.000000 | convert time 0.000000 | train  0.000000
        L1  feature nbytes 0.00 Bytes | label nbytes 0.00 Bytes
        L1  id nbytes      0.00 Bytes | graph nbytes   42.45 MB
        L1  miss nbytes    0.00 Bytes | remote nbytes 0.00 Bytes
        L1  num nodes               0 | num samples           0
    [Step(min) Profiler Level 2 E3 S1001]
        L2  shuffle     0.000000 | core sample  0.000000 | id remap        0.000000
        L2  graph copy  0.000000 | id copy      0.000000 | cache feat copy 0.000000
        L2  last layer sample time 0.000000 | size 0.000000
    [Step(min) Profiler Level 3 E3 S1001]
        L3  khop sample coo  0.000000 | khop sort coo      0.000000 | khop count edge     0.000000 | khop compact edge 0.000000
        L3  walk sample coo  0.000000 | walk topk total    0.000000 | walk topk step1     0.000000 | walk topk step2   0.000000
        L3  walk topk step3  0.000000 | walk topk step4    0.000000 | walk topk step5     0.000000
        L3  walk topk step6  0.000000 | walk topk step7    0.000000
        L3  remap unique     0.000000 | remap populate     0.000000 | remap mapnode       0.000000 | remap mapedge     0.000000
        L3  cache get_index  0.000000 | cache copy_index   0.000000 | cache extract_miss  0.000000
        L3  cache copy_miss  0.000000 | cache combine_miss 0.000000 | cache combine cache 0.000000 | cache combine remote 0.000000
        L3  label extract  0.000000
    [Init Profiler Level 1]
        L1  init     5.2035 | sampler init     0.0000 | trainer init 115.8625
    [Init Profiler Level 2]
        L2  load ds         5.2023 | init queue          19.9535
        L2  presample       0.0000 | build interal ds     1.5285
        L2  build cache    94.3796
    [Init Profiler Level 3]
        L3  load dataset: mmap     5.2023 | copy         0.0000
        L3  dist queue: alloc      0.0003 | pin         19.9532 | push     0.0000
        L3  presample: init        0.0000
        L3  presample: sample      0.0000 | copy         0.0000
        L3  presample: count       0.0000 | sort         0.0000
        L3  presample: reset       0.0000 | get rank     0.0000
        L3  internal: cuda ctx     1.5284 | cuda stream     0.0001
|===========================================================================|
|                  PyTorch CUDA memory summary, device ID 0                 |
|---------------------------------------------------------------------------|
|            CUDA OOMs: 0            |        cudaMalloc retries: 0         |
|===========================================================================|
|        Metric         | Cur Usage  | Peak Usage | Tot Alloc  | Tot Freed  |
|---------------------------------------------------------------------------|
| Allocated memory      |   60098 KB |    2619 MB |    3627 GB |    3627 GB |
|       from large pool |   51331 KB |    2617 MB |    3615 GB |    3615 GB |
|       from small pool |    8767 KB |      11 MB |      12 GB |      12 GB |
|---------------------------------------------------------------------------|
| Active memory         |   60099 KB |    2619 MB |    3627 GB |    3627 GB |
|       from large pool |   51331 KB |    2617 MB |    3615 GB |    3615 GB |
|       from small pool |    8768 KB |      11 MB |      12 GB |      12 GB |
|---------------------------------------------------------------------------|
| GPU reserved memory   |    2644 MB |    2644 MB |    2644 MB |       0 B  |
|       from large pool |    2628 MB |    2628 MB |    2628 MB |       0 B  |
|       from small pool |      16 MB |      16 MB |      16 MB |       0 B  |
|---------------------------------------------------------------------------|
| Non-releasable memory |   73021 KB |    2246 MB |    3336 GB |    3336 GB |
|       from large pool |   69501 KB |    2240 MB |    3324 GB |    3324 GB |
|       from small pool |    3520 KB |      10 MB |      12 GB |      12 GB |
|---------------------------------------------------------------------------|
| Allocations           |      39    |      56    |   91555    |   91516    |
|       from large pool |       3    |      14    |   36740    |   36737    |
|       from small pool |      36    |      45    |   54815    |   54779    |
|---------------------------------------------------------------------------|
| Active allocs         |      40    |      56    |   91555    |   91515    |
|       from large pool |       3    |      14    |   36740    |   36737    |
|       from small pool |      37    |      45    |   54815    |   54778    |
|---------------------------------------------------------------------------|
| GPU reserved segments |      16    |      16    |      16    |       0    |
|       from large pool |       8    |       8    |       8    |       0    |
|       from small pool |       8    |       8    |       8    |       0    |
|---------------------------------------------------------------------------|
| Non-releasable allocs |      18    |      28    |   35889    |   35871    |
|       from large pool |       4    |      10    |   20859    |   20855    |
|       from small pool |      14    |      21    |   15030    |   15016    |
|---------------------------------------------------------------------------|
| Oversize allocations  |       0    |       0    |       0    |       0    |
|---------------------------------------------------------------------------|
| Oversize GPU segments |       0    |       0    |       0    |       0    |
|===========================================================================|

test_result:epoch_time:copy_time=3.8542
test_result:convert_time=0.0566
test_result:train_time=3.1280
test_result:epoch_time:train_total=3.1846
test_result:cache_percentage=0.1000
test_result:cache_hit_rate=1.0000
test_result:run_time=49.6533
