[2022-12-05 16:35:33.859116: W /samgraph/samgraph/common/cpu/mmap_cpu_device.cc:92] mmap allocating space 12.03 GB
[2022-12-05 16:35:33.859199: W /samgraph/samgraph/common/cpu/mmap_cpu_device.cc:97] mmap allocating space 12.03 GB done
[2022-12-05 16:35:37.417240: W /samgraph/samgraph/common/cpu/mmap_cpu_device.cc:92] mmap allocating space 52.96 GB
[2022-12-05 16:35:37.417337: W /samgraph/samgraph/common/cpu/mmap_cpu_device.cc:97] mmap allocating space 52.96 GB done
[2022-12-05 16:35:37.417390: W /samgraph/samgraph/common/cpu/cpu_device.cc:39] WORKER[0] alloc host memory 12.03 GB
[2022-12-05 16:35:38.335777: E /samgraph/samgraph/common/engine.cc:272] Train set size 30.58 MB
[2022-12-05 16:35:38.336130: W /samgraph/samgraph/common/cpu/mmap_cpu_device.cc:92] mmap allocating space 68.50 GB
[2022-12-05 16:35:38.336162: W /samgraph/samgraph/common/cpu/mmap_cpu_device.cc:97] mmap allocating space 68.50 GB done
/usr/lib/python3/dist-packages/requests/__init__.py:89: RequestsDependencyWarning: urllib3 (1.26.12) or chardet (3.0.4) doesn't match a supported version!
  warnings.warn("urllib3 ({}) or chardet ({}) doesn't match a supported "
[2022-12-05 16:35:39.613510: W /samgraph/samgraph/common/dist/dist_engine.cc:662] Trainer[0] initializing...
[2022-12-05 16:35:39.646861: W /samgraph/samgraph/common/dist/dist_engine.cc:662] Trainer[1] initializing...
[2022-12-05 16:35:39.705952: W /samgraph/samgraph/common/dist/dist_engine.cc:662] Trainer[5] initializing...
[2022-12-05 16:35:39.761110: W /samgraph/samgraph/common/dist/dist_engine.cc:662] Trainer[2] initializing...
[2022-12-05 16:35:39.814283: W /samgraph/samgraph/common/dist/dist_engine.cc:662] Trainer[3] initializing...
[2022-12-05 16:35:39.855133: W /samgraph/samgraph/common/dist/dist_engine.cc:662] Trainer[4] initializing...
[2022-12-05 16:35:41.147046: W /samgraph/samgraph/common/dist/dist_engine.cc:666] Trainer[0] pin memory queue...
[2022-12-05 16:35:41.154026: W /samgraph/samgraph/common/dist/dist_engine.cc:666] Trainer[1] pin memory queue...
[2022-12-05 16:35:41.170940: W /samgraph/samgraph/common/dist/dist_engine.cc:666] Trainer[5] pin memory queue...
[2022-12-05 16:35:41.181797: W /samgraph/samgraph/common/dist/dist_engine.cc:666] Trainer[3] pin memory queue...
[2022-12-05 16:35:41.185157: W /samgraph/samgraph/common/dist/dist_engine.cc:666] Trainer[2] pin memory queue...
[2022-12-05 16:35:41.193645: W /samgraph/samgraph/common/dist/dist_engine.cc:666] Trainer[4] pin memory queue...
[2022-12-05 16:36:01.210519: E /samgraph/samgraph/common/dist/dist_engine.cc:85] Running on A100
[2022-12-05 16:36:01.210608: E /samgraph/samgraph/common/dist/dist_engine.cc:85] Running on A100
[2022-12-05 16:36:01.211872: W /samgraph/samgraph/common/dist/dist_engine.cc:701] Trainer[3] register host memory...
[2022-12-05 16:36:01.211885: W /samgraph/samgraph/common/dist/dist_engine.cc:701] Trainer[2] register host memory...
[2022-12-05 16:36:01.212047: E /samgraph/samgraph/common/dist/dist_engine.cc:85] Running on A100
[2022-12-05 16:36:01.212977: W /samgraph/samgraph/common/dist/dist_engine.cc:701] Trainer[5] register host memory...
[2022-12-05 16:36:01.213185: E /samgraph/samgraph/common/dist/dist_engine.cc:85] Running on A100
[2022-12-05 16:36:01.213966: W /samgraph/samgraph/common/dist/dist_engine.cc:701] Trainer[0] register host memory...
[2022-12-05 16:36:01.230156: E /samgraph/samgraph/common/dist/dist_engine.cc:85] Running on A100
[2022-12-05 16:36:01.230656: W /samgraph/samgraph/common/dist/dist_engine.cc:701] Trainer[4] register host memory...
[2022-12-05 16:36:01.256827: E /samgraph/samgraph/common/dist/dist_engine.cc:85] Running on A100
[2022-12-05 16:36:01.257030: W /samgraph/samgraph/common/dist/dist_engine.cc:701] Trainer[1] register host memory...
[2022-12-05 16:36:01.416418: E /samgraph/samgraph/common/dist/dist_engine.cc:85] Running on A100
[2022-12-05 16:36:01.438081: E /samgraph/samgraph/common/dist/dist_engine.cc:85] Running on A100
[2022-12-05 16:36:01.438195: W /samgraph/samgraph/common/cpu/cpu_device.cc:39] WORKER[0] alloc host memory 30.58 MB
[2022-12-05 16:36:01.447379: W /samgraph/samgraph/common/cuda/cuda_device.cc:49] GPU[6] alloc cuda memory 423.66 MB
[2022-12-05 16:36:01.510311: W /samgraph/samgraph/common/cuda/cuda_device.cc:49] GPU[6] alloc cuda memory 12.03 GB
[2022-12-05 16:36:03.206912: W /samgraph/samgraph/common/cpu/cpu_device.cc:39] WORKER[0] alloc host memory 38.23 MB
[2022-12-05 16:36:03.216694: W /samgraph/samgraph/common/cuda/cuda_device.cc:49] GPU[6] alloc cuda memory 19.12 MB
[2022-12-05 16:36:03.217081: W /samgraph/samgraph/common/cuda/cuda_device.cc:49] GPU[6] alloc cuda memory 256.00 MB
[2022-12-05 16:36:03.217322: W /samgraph/samgraph/common/cuda/cuda_device.cc:49] GPU[6] alloc cuda memory 26.18 MB
[2022-12-05 16:36:03.217674: W /samgraph/samgraph/common/cuda/cuda_device.cc:49] GPU[6] alloc cuda memory 28.56 MB
[2022-12-05 16:36:03.218151: W /samgraph/samgraph/common/cpu/cpu_device.cc:39] WORKER[0] alloc host memory 38.23 MB
[2022-12-05 16:36:03.226716: E /samgraph/samgraph/common/dist/pre_sampler.cc:41] Dist Presampler making shuffler...
[2022-12-05 16:36:03.226751: W /samgraph/samgraph/common/cpu/cpu_device.cc:39] WORKER[0] alloc host memory 38.23 MB
[2022-12-05 16:36:03.235450: W /samgraph/samgraph/common/cuda/cuda_device.cc:49] GPU[6] alloc cuda memory 38.23 MB
[2022-12-05 16:36:03.235477: E /samgraph/samgraph/common/dist/pre_sampler.cc:44] Dist Presampler making shuffler...Done
[2022-12-05 16:36:03.235488: W /samgraph/samgraph/common/cpu/cpu_device.cc:39] WORKER[0] alloc host memory 847.32 MB
[2022-12-05 16:36:03.368638: E /samgraph/samgraph/common/dist/pre_sampler.cc:85] Dist Presampler doing presample epoch 0
[2022-12-05 16:36:03.472796: W /samgraph/samgraph/common/cuda/cuda_device.cc:49] GPU[6] alloc cuda memory 27.37 MB
[2022-12-05 16:36:03.472956: W /samgraph/samgraph/common/cuda/cuda_device.cc:49] GPU[6] alloc cuda memory 27.37 MB
[2022-12-05 16:36:03.473091: W /samgraph/samgraph/common/cuda/cuda_device.cc:49] GPU[6] alloc cuda memory 27.37 MB
[2022-12-05 16:36:03.473218: W /samgraph/samgraph/common/cuda/cuda_device.cc:49] GPU[6] alloc cuda memory 27.37 MB
[2022-12-05 16:36:03.477281: W /samgraph/samgraph/common/cuda/cuda_device.cc:49] GPU[6] alloc cuda memory 24.43 MB
[2022-12-05 16:36:03.477872: W /samgraph/samgraph/common/cpu/cpu_device.cc:39] WORKER[0] alloc host memory 20.52 MB
[2022-12-05 16:36:36.535459: E /samgraph/samgraph/common/dist/pre_sampler.cc:129] presample spend 5.7154 on sample, 0.722872 on copy, 26.7173 on count
[2022-12-05 16:36:36.535534: E /samgraph/samgraph/common/dist/pre_sampler.cc:85] Dist Presampler doing presample epoch 1
[2022-12-05 16:37:09.901343: E /samgraph/samgraph/common/dist/pre_sampler.cc:129] presample spend 11.4889 on sample, 1.44558 on copy, 53.5767 on count
[2022-12-05 16:37:09.901471: E /samgraph/samgraph/common/dist/pre_sampler.cc:136] max_num_inputs = 4310501, min_num_inputs = 4243419
[2022-12-05 16:37:10.105025: E /samgraph/samgraph/common/dist/pre_sampler.cc:148] presample spend 0.20347 on sort freq.
[2022-12-05 16:37:10.268423: E /samgraph/samgraph/common/dist/dist_engine.cc:524] pre sample done, delete it
[2022-12-05 16:37:10.[[[286433[[2022-12-05 16:37:102022-12-05 16:37:102022-12-05 16:37:10: 2022-12-05 16:37:102022-12-05 16:37:10...W..286437286437286437 286438286437: : : /samgraph/samgraph/common/dist/dist_engine.cc: : WWW:WW   711  /samgraph/samgraph/common/dist/dist_engine.cc/samgraph/samgraph/common/dist/dist_engine.cc/samgraph/samgraph/common/dist/dist_engine.cc] /samgraph/samgraph/common/dist/dist_engine.ccTrainer[2] building cache.../samgraph/samgraph/common/dist/dist_engine.cc::::
:711711711711711] ] ] ] ] Trainer[1] building cache...Trainer[4] building cache...Trainer[0] building cache...Trainer[5] building cache...Trainer[3] building cache...




[2022-12-05 16:37:10.289313: E /samgraph/3rdparty/collcachelib/coll_cache_lib/coll_cache/asymm_link_desc.cc:196] build symm link desc with 6X NVIDIA A100-SXM4-80GB out of 8
[2022-12-05 16:37:10.289351: E /samgraph/3rdparty/collcachelib/coll_cache_lib/coll_cache/asymm_link_desc.cc:197] remote time is 10.8824
[2022-12-05 16:37:10.289362: E /samgraph/3rdparty/collcachelib/coll_cache_lib/coll_cache/asymm_link_desc.cc:198] cpu time is 41.1111
[2022-12-05 16:37:10.289452: E /samgraph/3rdparty/collcachelib/coll_cache_lib/coll_cache/asymm_link_desc.cc:196] build symm link desc with 6X NVIDIA A100-SXM4-80GB out of 8
[2022-12-05 16:37:10.289480: E /samgraph/3rdparty/collcachelib/coll_cache_lib/coll_cache/asymm_link_desc.cc:197] remote time is 10.8824
[2022-12-05 16:37:10.289491: E /samgraph/3rdparty/collcachelib/coll_cache_lib/coll_cache/asymm_link_desc.cc:198] cpu time is 41.1111
[2022-12-05 16:37:10.289499: E /samgraph/3rdparty/collcachelib/coll_cache_lib/coll_cache/asymm_link_desc.cc:196] build symm link desc with 6X NVIDIA A100-SXM4-80GB out of 8
[2022-12-05 16:37:10.289511: E [/samgraph/3rdparty/collcachelib/coll_cache_lib/coll_cache/asymm_link_desc.cc2022-12-05 16:37:10:.196289525] : build symm link desc with 6X NVIDIA A100-SXM4-80GB out of 8E
 /samgraph/3rdparty/collcachelib/coll_cache_lib/coll_cache/asymm_link_desc.cc:197] remote time is 10.8824
[[2022-12-05 16:37:102022-12-05 16:37:10..289541289542: : EE  /samgraph/3rdparty/collcachelib/coll_cache_lib/coll_cache/asymm_link_desc.cc/samgraph/3rdparty/collcachelib/coll_cache_lib/coll_cache/asymm_link_desc.cc::197198] ] remote time is 10.8824cpu time is 41.1111

[2022-12-05 16:37:10.289562: E /samgraph/3rdparty/collcachelib/coll_cache_lib/coll_cache/asymm_link_desc.cc:198] cpu time is 41.1111
[2022-12-05 16:37:10.289843: E /samgraph/3rdparty/collcachelib/coll_cache_lib/coll_cache/asymm_link_desc.cc:196] build symm link desc with 6X NVIDIA A100-SXM4-80GB out of 8
[2022-12-05 16:37:10.289875: E /samgraph/3rdparty/collcachelib/coll_cache_lib/coll_cache/asymm_link_desc.cc:197] remote time is 10.8824
[2022-12-05 16:37:10.289886: E /samgraph/3rdparty/collcachelib/coll_cache_lib/coll_cache/asymm_link_desc.cc:198] cpu time is 41.1111
[2022-12-05 16:37:10.303895: E /samgraph/3rdparty/collcachelib/coll_cache_lib/coll_cache/asymm_link_desc.cc:196] build symm link desc with 6X NVIDIA A100-SXM4-80GB out of 8
[2022-12-05 16:37:10.303930: E /samgraph/3rdparty/collcachelib/coll_cache_lib/coll_cache/asymm_link_desc.cc:197] remote time is 10.8824
[2022-12-05 16:37:10.303941: E /samgraph/3rdparty/collcachelib/coll_cache_lib/coll_cache/asymm_link_desc.cc:198] cpu time is 41.1111
[2022-12-05 16:37:23.733411: E /samgraph/3rdparty/collcachelib/coll_cache_lib/facade.cc:115] solver created. now build & solve
[2022-12-05 16:37:23.782548: E /samgraph/3rdparty/collcachelib/coll_cache_lib/facade.cc:120] solver built. now solve
[2022-12-05 16:37:23.782580: E /samgraph/3rdparty/collcachelib/coll_cache_lib/coll_cache/optimal_solver_class.cc:895] num_cached_nodes = 22211991
[2022-12-05 16:37:24.610532: E /samgraph/3rdparty/collcachelib/coll_cache_lib/facade.cc:124] solver solved
[2022-12-05 16:37:24.610621: E /samgraph/3rdparty/collcachelib/coll_cache_lib/facade.cc:187] 0 solved master
[2022-12-05 16:37:24.610640: E /samgraph/3rdparty/collcachelib/coll_cache_lib/facade.cc:194] 0 solved
[2022-12-05 16:37:24.610651: E /samgraph/3rdparty/collcachelib/coll_cache_lib/facade.cc:197] worker 0 thread 0 initing device 0
[2022-12-05 16:37:24.624876: E /samgraph/3rdparty/collcachelib/coll_cache_lib/facade.cc:194] 2 solved
[2022-12-05 16:37:24.624927: E /samgraph/3rdparty/collcachelib/coll_cache_lib/facade.cc:197] worker 2 thread 2 initing device 2
[[[[2022-12-05 16:37:242022-12-05 16:37:242022-12-05 16:37:242022-12-05 16:37:24....633837633837633837633837: : : : EEEE    /samgraph/3rdparty/collcachelib/coll_cache_lib/facade.cc/samgraph/3rdparty/collcachelib/coll_cache_lib/facade.cc/samgraph/3rdparty/collcachelib/coll_cache_lib/facade.cc/samgraph/3rdparty/collcachelib/coll_cache_lib/facade.cc::::194194194194] ] ] ] 5 solved3 solved4 solved1 solved



[[[[2022-12-05 16:37:242022-12-05 16:37:242022-12-05 16:37:242022-12-05 16:37:24....633926633926633927633928: : : : EEEE    /samgraph/3rdparty/collcachelib/coll_cache_lib/facade.cc/samgraph/3rdparty/collcachelib/coll_cache_lib/facade.cc/samgraph/3rdparty/collcachelib/coll_cache_lib/facade.cc/samgraph/3rdparty/collcachelib/coll_cache_lib/facade.cc::::197197197197] ] ] ] worker 1 thread 1 initing device 1worker 5 thread 5 initing device 5worker 3 thread 3 initing device 3worker 4 thread 4 initing device 4



[2022-12-05 16:37:25.642682: E /samgraph/3rdparty/collcachelib/coll_cache_lib/cache_context.cu:1740] Collaborative GPU cache (policy: rep_cache) | local 22211991 / 111059956 nodes ( 20.00 %~20.00 %) | remote 0 / 111059956 nodes ( 0.00 %) | cpu 88847965 / 111059956 nodes ( 80.00 %) | 10.59 GB | 1.00756 secs 
[2022-12-05 16:37:25.642944: E /samgraph/3rdparty/collcachelib/coll_cache_lib/cache_context.cu:1740] Collaborative GPU cache (policy: rep_cache) | local 22211991 / 111059956 nodes ( 20.00 %~20.00 %) | remote 0 / 111059956 nodes ( 0.00 %) | cpu 88847965 / 111059956 nodes ( 80.00 %) | 10.59 GB | 1.00788 secs 
[2022-12-05 16:37:25.643389: E /samgraph/3rdparty/collcachelib/coll_cache_lib/cache_context.cu:1740] Collaborative GPU cache (policy: rep_cache) | local 22211991 / 111059956 nodes ( 20.00 %~20.00 %) | remote 0 / 111059956 nodes ( 0.00 %) | cpu 88847965 / 111059956 nodes ( 80.00 %) | 10.59 GB | 1.0083 secs 
[2022-12-05 16:37:25.643915: E /samgraph/3rdparty/collcachelib/coll_cache_lib/cache_context.cu:1740] Collaborative GPU cache (policy: rep_cache) | local 22211991 / 111059956 nodes ( 20.00 %~20.00 %) | remote 0 / 111059956 nodes ( 0.00 %) | cpu 88847965 / 111059956 nodes ( 80.00 %) | 10.59 GB | 1.0183 secs 
[2022-12-05 16:37:25.644181: E /samgraph/3rdparty/collcachelib/coll_cache_lib/cache_context.cu:1740] Collaborative GPU cache (policy: rep_cache) | local 22211991 / 111059956 nodes ( 20.00 %~20.00 %) | remote 0 / 111059956 nodes ( 0.00 %) | cpu 88847965 / 111059956 nodes ( 80.00 %) | 10.59 GB | 1.03284 secs 
[2022-12-05 16:37:25.644453: E /samgraph/3rdparty/collcachelib/coll_cache_lib/cache_context.cu:1740] Collaborative GPU cache (policy: rep_cache) | local 22211991 / 111059956 nodes ( 20.00 %~20.00 %) | remote 0 / 111059956 nodes ( 0.00 %) | cpu 88847965 / 111059956 nodes ( 80.00 %) | 10.59 GB | 1.0093 secs 
[2022-12-05 16:37:32.925766: W /samgraph/samgraph/common/cuda/cuda_device.cc:49] GPU[0] alloc cuda memory 22.25 MB
[2022-12-05 16:37:32.926925: W /samgraph/samgraph/common/cuda/cuda_device.cc:49] GPU[0] alloc cuda memory 26.73 MB
[2022-12-05 16:37:32.927991: W /samgraph/samgraph/common/cuda/cuda_device.cc:49] GPU[0] alloc cuda memory 26.73 MB
[2022-12-05 16:37:32.940044: W /samgraph/samgraph/common/cuda/cuda_device.cc:49] GPU[0] alloc cuda memory 2.22 GB
[2022-12-05 16:37:34.325593: W /samgraph/samgraph/common/cuda/cuda_device.cc:49] GPU[0] alloc cuda memory 20.38 MB
[2022-12-05 16:37:34.326737: W /samgraph/samgraph/common/cuda/cuda_device.cc:49] GPU[0] alloc cuda memory 24.29 MB
[2022-12-05 16:37:34.327805: W /samgraph/samgraph/common/cuda/cuda_device.cc:49] GPU[0] alloc cuda memory 24.29 MB
[2022-12-05 16:37:34.338485: W /samgraph/samgraph/common/cuda/cuda_device.cc:49] GPU[0] alloc cuda memory 2.22 GB
/usr/local/lib/python3.8/dist-packages/torch/nn/parallel/scatter_gather.py:9: UserWarning: is_namedtuple is deprecated, please use the python checks instead
  warnings.warn("is_namedtuple is deprecated, please use the python checks instead")
/usr/local/lib/python3.8/dist-packages/torch/nn/parallel/scatter_gather.py:9: UserWarning: is_namedtuple is deprecated, please use the python checks instead
  warnings.warn("is_namedtuple is deprecated, please use the python checks instead")
/usr/local/lib/python3.8/dist-packages/torch/nn/parallel/scatter_gather.py:9: UserWarning: is_namedtuple is deprecated, please use the python checks instead
  warnings.warn("is_namedtuple is deprecated, please use the python checks instead")
/usr/local/lib/python3.8/dist-packages/torch/nn/parallel/scatter_gather.py:9: UserWarning: is_namedtuple is deprecated, please use the python checks instead
  warnings.warn("is_namedtuple is deprecated, please use the python checks instead")
/usr/local/lib/python3.8/dist-packages/torch/nn/parallel/scatter_gather.py:9: UserWarning: is_namedtuple is deprecated, please use the python checks instead
  warnings.warn("is_namedtuple is deprecated, please use the python checks instead")
/usr/local/lib/python3.8/dist-packages/torch/nn/parallel/scatter_gather.py:9: UserWarning: is_namedtuple is deprecated, please use the python checks instead
  warnings.warn("is_namedtuple is deprecated, please use the python checks instead")
