[2022-12-05 15:52:45.461336: W /samgraph/samgraph/common/cpu/mmap_cpu_device.cc:92] mmap allocating space 12.03 GB
[2022-12-05 15:52:45.461411: W /samgraph/samgraph/common/cpu/mmap_cpu_device.cc:97] mmap allocating space 12.03 GB done
[2022-12-05 15:52:48.921123: W /samgraph/samgraph/common/cpu/mmap_cpu_device.cc:92] mmap allocating space 52.96 GB
[2022-12-05 15:52:48.921205: W /samgraph/samgraph/common/cpu/mmap_cpu_device.cc:97] mmap allocating space 52.96 GB done
[2022-12-05 15:52:48.921258: W /samgraph/samgraph/common/cpu/cpu_device.cc:39] WORKER[0] alloc host memory 12.03 GB
[2022-12-05 15:52:49.839695: E /samgraph/samgraph/common/engine.cc:272] Train set size 30.58 MB
[2022-12-05 15:52:49.840077: W /samgraph/samgraph/common/cpu/mmap_cpu_device.cc:92] mmap allocating space 68.50 GB
[2022-12-05 15:52:49.840099: W /samgraph/samgraph/common/cpu/mmap_cpu_device.cc:97] mmap allocating space 68.50 GB done
/usr/lib/python3/dist-packages/requests/__init__.py:89: RequestsDependencyWarning: urllib3 (1.26.12) or chardet (3.0.4) doesn't match a supported version!
  warnings.warn("urllib3 ({}) or chardet ({}) doesn't match a supported "
[2022-12-05 15:52:51.110782: W /samgraph/samgraph/common/dist/dist_engine.cc:662] Trainer[2] initializing...
[2022-12-05 15:52:51.131141: W /samgraph/samgraph/common/dist/dist_engine.cc:662] Trainer[5] initializing...
[2022-12-05 15:52:51.184394: W /samgraph/samgraph/common/dist/dist_engine.cc:662] Trainer[4] initializing...
[2022-12-05 15:52:51.225774: W /samgraph/samgraph/common/dist/dist_engine.cc:662] Trainer[0] initializing...
[2022-12-05 15:52:51.252742: W /samgraph/samgraph/common/dist/dist_engine.cc:662] Trainer[1] initializing...
[2022-12-05 15:52:51.320498: W /samgraph/samgraph/common/dist/dist_engine.cc:662] Trainer[3] initializing...
[2022-12-05 15:52:52.603091: W /samgraph/samgraph/common/dist/dist_engine.cc:666] Trainer[5] pin memory queue...
[2022-12-05 15:52:52.611002: W /samgraph/samgraph/common/dist/dist_engine.cc:666] Trainer[2] pin memory queue...
[2022-12-05 15:52:52.617776: W /samgraph/samgraph/common/dist/dist_engine.cc:666] Trainer[0] pin memory queue...
[2022-12-05 15:52:52.617915: W /samgraph/samgraph/common/dist/dist_engine.cc:666] Trainer[4] pin memory queue...
[2022-12-05 15:52:52.628320: W /samgraph/samgraph/common/dist/dist_engine.cc:666] Trainer[1] pin memory queue...
[2022-12-05 15:52:52.647117: W /samgraph/samgraph/common/dist/dist_engine.cc:666] Trainer[3] pin memory queue...
[2022-12-05 15:53:12.638570: E /samgraph/samgraph/common/dist/dist_engine.cc:85] Running on A100
[2022-12-05 15:53:12.638888: E /samgraph/samgraph/common/dist/dist_engine.cc:85] Running on A100
[2022-12-05 15:53:12.639238: E /samgraph/samgraph/common/dist/dist_engine.cc:85] Running on A100
[2022-12-05 15:53:12.639843: W /samgraph/samgraph/common/dist/dist_engine.cc:701] Trainer[5] register host memory...[
2022-12-05 15:53:12.639852: W /samgraph/samgraph/common/dist/dist_engine.cc:701] Trainer[3] register host memory...
[2022-12-05 15:53:12.640273: W /samgraph/samgraph/common/dist/dist_engine.cc:701] Trainer[1] register host memory...
[2022-12-05 15:53:12.660970: E /samgraph/samgraph/common/dist/dist_engine.cc:85] Running on A100
[2022-12-05 15:53:12.661605: W /samgraph/samgraph/common/dist/dist_engine.cc:701] Trainer[4] register host memory...
[2022-12-05 15:53:12.691338: E /samgraph/samgraph/common/dist/dist_engine.cc:85] Running on A100
[2022-12-05 15:53:12.691506: W /samgraph/samgraph/common/dist/dist_engine.cc:701] Trainer[2] register host memory...
[2022-12-05 15:53:12.700456: E /samgraph/samgraph/common/dist/dist_engine.cc:85] Running on A100
[2022-12-05 15:53:12.700518: W /samgraph/samgraph/common/dist/dist_engine.cc:701] Trainer[0] register host memory...
[2022-12-05 15:53:12.845093: E /samgraph/samgraph/common/dist/dist_engine.cc:85] Running on A100
[2022-12-05 15:53:12.845208: W /samgraph/samgraph/common/cpu/cpu_device.cc:39] WORKER[0] alloc host memory 30.58 MB
[2022-12-05 15:53:12.852391: E /samgraph/samgraph/common/dist/dist_engine.cc:85] Running on A100
[2022-12-05 15:53:12.853461: W /samgraph/samgraph/common/cuda/cuda_device.cc:49] GPU[6] alloc cuda memory 423.66 MB
[2022-12-05 15:53:12.907030: W /samgraph/samgraph/common/cuda/cuda_device.cc:49] GPU[6] alloc cuda memory 12.03 GB
[2022-12-05 15:53:14.179656: W /samgraph/samgraph/common/cpu/cpu_device.cc:39] WORKER[0] alloc host memory 38.23 MB
[2022-12-05 15:53:14.189283: W /samgraph/samgraph/common/cuda/cuda_device.cc:49] GPU[6] alloc cuda memory 19.12 MB
[2022-12-05 15:53:14.189651: W /samgraph/samgraph/common/cuda/cuda_device.cc:49] GPU[6] alloc cuda memory 256.00 MB
[2022-12-05 15:53:14.189784: W /samgraph/samgraph/common/cuda/cuda_device.cc:49] GPU[6] alloc cuda memory 26.18 MB
[2022-12-05 15:53:14.190136: W /samgraph/samgraph/common/cuda/cuda_device.cc:49] GPU[6] alloc cuda memory 28.56 MB
[2022-12-05 15:53:14.190191: W /samgraph/samgraph/common/cpu/cpu_device.cc:39] WORKER[0] alloc host memory 38.23 MB
[2022-12-05 15:53:14.199281: E /samgraph/samgraph/common/dist/pre_sampler.cc:41] Dist Presampler making shuffler...
[2022-12-05 15:53:14.199328: W /samgraph/samgraph/common/cpu/cpu_device.cc:39] WORKER[0] alloc host memory 38.23 MB
[2022-12-05 15:53:14.208742: W /samgraph/samgraph/common/cuda/cuda_device.cc:49] GPU[6] alloc cuda memory 38.23 MB
[2022-12-05 15:53:14.208778: E /samgraph/samgraph/common/dist/pre_sampler.cc:44] Dist Presampler making shuffler...Done
[2022-12-05 15:53:14.208790: W /samgraph/samgraph/common/cpu/cpu_device.cc:39] WORKER[0] alloc host memory 847.32 MB
[2022-12-05 15:53:14.351331: E /samgraph/samgraph/common/dist/pre_sampler.cc:85] Dist Presampler doing presample epoch 0
[2022-12-05 15:53:14.458454: W /samgraph/samgraph/common/cuda/cuda_device.cc:49] GPU[6] alloc cuda memory 27.22 MB
[2022-12-05 15:53:14.458615: W /samgraph/samgraph/common/cuda/cuda_device.cc:49] GPU[6] alloc cuda memory 27.22 MB
[2022-12-05 15:53:14.458738: W /samgraph/samgraph/common/cuda/cuda_device.cc:49] GPU[6] alloc cuda memory 27.22 MB
[2022-12-05 15:53:14.458856: W /samgraph/samgraph/common/cuda/cuda_device.cc:49] GPU[6] alloc cuda memory 27.22 MB
[2022-12-05 15:53:14.462907: W /samgraph/samgraph/common/cuda/cuda_device.cc:49] GPU[6] alloc cuda memory 24.26 MB
[2022-12-05 15:53:14.463491: W /samgraph/samgraph/common/cpu/cpu_device.cc:39] WORKER[0] alloc host memory 20.35 MB
[2022-12-05 15:53:46.844122: E /samgraph/samgraph/common/dist/pre_sampler.cc:129] presample spend 5.69145 on sample, 0.722127 on copy, 26.0698 on count
[2022-12-05 15:53:46.844200: E /samgraph/samgraph/common/dist/pre_sampler.cc:85] Dist Presampler doing presample epoch 1
[2022-12-05 15:54:19.735911: E /samgraph/samgraph/common/dist/pre_sampler.cc:129] presample spend 11.4536 on sample, 1.4446 on copy, 52.4657 on count
[2022-12-05 15:54:19.735999: E /samgraph/samgraph/common/dist/pre_sampler.cc:136] max_num_inputs = 4313099, min_num_inputs = 4245681
[2022-12-05 15:54:19.912395: E /samgraph/samgraph/common/dist/pre_sampler.cc:148] presample spend 0.176321 on sort freq.
[2022-12-05 15:54:20. 71903: E /samgraph/samgraph/common/dist/dist_engine.cc:524] pre sample done, delete it
[[[[[[2022-12-05 15:54:202022-12-05 15:54:202022-12-05 15:54:202022-12-05 15:54:202022-12-05 15:54:202022-12-05 15:54:20..... 89970. 89969 89972 89970 89970:  89970: : : : W: WWWW W    /samgraph/samgraph/common/dist/dist_engine.cc /samgraph/samgraph/common/dist/dist_engine.cc/samgraph/samgraph/common/dist/dist_engine.cc/samgraph/samgraph/common/dist/dist_engine.cc/samgraph/samgraph/common/dist/dist_engine.cc:/samgraph/samgraph/common/dist/dist_engine.cc::::711:711711711711] 711] ] ] ] Trainer[5] building cache...] Trainer[1] building cache...Trainer[0] building cache...Trainer[3] building cache...Trainer[4] building cache...
Trainer[2] building cache...




[[[2022-12-05 15:54:202022-12-05 15:54:202022-12-05 15:54:20... 91479 91479 91484: : : EEE   /samgraph/3rdparty/collcachelib/coll_cache_lib/run_config.cc/samgraph/3rdparty/collcachelib/coll_cache_lib/run_config.cc[/samgraph/3rdparty/collcachelib/coll_cache_lib/run_config.cc::2022-12-05 15:54:20:134134.134] ]  91510] using concurrent impl MPSusing concurrent impl MPS: using concurrent impl MPS

E
 /samgraph/3rdparty/collcachelib/coll_cache_lib/run_config.cc:134] [using concurrent impl MPS2022-12-05 15:54:20
. 91544: E /samgraph/3rdparty/collcachelib/coll_cache_lib/run_config.cc:134] using concurrent impl MPS
[2022-12-05 15:54:20. 92795: E /samgraph/3rdparty/collcachelib/coll_cache_lib/coll_cache/asymm_link_desc.cc:196] build symm link desc with 6X NVIDIA A100-SXM4-80GB out of 8
[2022-12-05 15:54:20. 92829: E /samgraph/3rdparty/collcachelib/coll_cache_lib/coll_cache/asymm_link_desc.cc:197] remote time is 10.8824
[2022-12-05 15:54:20. 92840: E /samgraph/3rdparty/collcachelib/coll_cache_lib/coll_cache/asymm_link_desc.cc:198] cpu time is 41.1111
[2022-12-05 15:54:20. 92892: E /samgraph/3rdparty/collcachelib/coll_cache_lib/coll_cache/asymm_link_desc.cc:196] build symm link desc with 6X NVIDIA A100-SXM4-80GB out of 8
[2022-12-05 15:54:20. 92913: E /samgraph/3rdparty/collcachelib/coll_cache_lib/coll_cache/asymm_link_desc.cc:197] remote time is 10.8824
[2022-12-05 15:54:20. 92924: E /samgraph/3rdparty/collcachelib/coll_cache_lib/coll_cache/asymm_link_desc.cc:198] cpu time is 41.1111
[2022-12-05 15:54:20. 93032: E /samgraph/3rdparty/collcachelib/coll_cache_lib/coll_cache/asymm_link_desc.cc:196] build symm link desc with 6X NVIDIA A100-SXM4-80GB out of 8
[2022-12-05 15:54:20. 93052: E /samgraph/3rdparty/collcachelib/coll_cache_lib/coll_cache/asymm_link_desc.cc:197] remote time is 10.8824
[2022-12-05 15:54:20. 93063: E /samgraph/3rdparty/collcachelib/coll_cache_lib/coll_cache/asymm_link_desc.cc:198] cpu time is 41.1111
[2022-12-05 15:54:20. 93271: E /samgraph/3rdparty/collcachelib/coll_cache_lib/coll_cache/asymm_link_desc.cc:196] build symm link desc with 6X NVIDIA A100-SXM4-80GB out of 8
[2022-12-05 15:54:20. 93294: E /samgraph/3rdparty/collcachelib/coll_cache_lib/coll_cache/asymm_link_desc.cc:197] remote time is 10.8824
[2022-12-05 15:54:20. 93305: E /samgraph/3rdparty/collcachelib/coll_cache_lib/coll_cache/asymm_link_desc.cc:198] cpu time is 41.1111
[2022-12-05 15:54:20. 93429: E /samgraph/3rdparty/collcachelib/coll_cache_lib/coll_cache/asymm_link_desc.cc:196] build symm link desc with 6X NVIDIA A100-SXM4-80GB out of 8
[2022-12-05 15:54:20. 93452: E /samgraph/3rdparty/collcachelib/coll_cache_lib/coll_cache/asymm_link_desc.cc:197] remote time is 10.8824
[2022-12-05 15:54:20. 93462: E /samgraph/3rdparty/collcachelib/coll_cache_lib/coll_cache/asymm_link_desc.cc:198] cpu time is 41.1111
[2022-12-05 15:54:20.105968: E /samgraph/3rdparty/collcachelib/coll_cache_lib/run_config.cc:134] using concurrent impl MPS
[2022-12-05 15:54:20.107015: E /samgraph/3rdparty/collcachelib/coll_cache_lib/coll_cache/asymm_link_desc.cc:196] build symm link desc with 6X NVIDIA A100-SXM4-80GB out of 8
[2022-12-05 15:54:20.107040: E /samgraph/3rdparty/collcachelib/coll_cache_lib/coll_cache/asymm_link_desc.cc:197] remote time is 10.8824
[2022-12-05 15:54:20.107051: E /samgraph/3rdparty/collcachelib/coll_cache_lib/coll_cache/asymm_link_desc.cc:198] cpu time is 41.1111
[2022-12-05 15:54:33. 63511: E /samgraph/3rdparty/collcachelib/coll_cache_lib/facade.cc:115] solver created. now build & solve
[2022-12-05 15:54:33.107946: W /samgraph/3rdparty/collcachelib/coll_cache_lib/cpu/cpu_device.cc:39] WORKER[0] alloc host memory 423.66 MB
[2022-12-05 15:54:33.107985: W /samgraph/3rdparty/collcachelib/coll_cache_lib/cpu/cpu_device.cc:39] WORKER[0] alloc host memory 423.66 MB
[2022-12-05 15:54:33.109209: W /samgraph/3rdparty/collcachelib/coll_cache_lib/coll_cache/optimal_solver_class.cc:68] mapping nid to rank...
[2022-12-05 15:54:33.407246: W /samgraph/3rdparty/collcachelib/coll_cache_lib/coll_cache/optimal_solver_class.cc:85] counting slots...
[2022-12-05 15:54:34.982558: W /samgraph/3rdparty/collcachelib/coll_cache_lib/coll_cache/optimal_solver_class.cc:99] Final num slot is 54
[2022-12-05 15:54:34.982620: W /samgraph/3rdparty/collcachelib/coll_cache_lib/coll_cache/optimal_solver_class.cc:103] counting blocks...
[2022-12-05 15:54:38. 68736: W /samgraph/3rdparty/collcachelib/coll_cache_lib/coll_cache/optimal_solver_class.cc:112] Final num block is 1030
[2022-12-05 15:54:38. 68843: W /samgraph/3rdparty/collcachelib/coll_cache_lib/coll_cache/optimal_solver_class.cc:117] counting freq and density...
[2022-12-05 15:54:40.128871: W /samgraph/3rdparty/collcachelib/coll_cache_lib/coll_cache/optimal_solver_class.cc:148] averaging freq and density...
[2022-12-05 15:54:40.128962: W /samgraph/3rdparty/collcachelib/coll_cache_lib/coll_cache/optimal_solver_class.cc:149] 1030
[2022-12-05 15:54:40.130994: E /samgraph/3rdparty/collcachelib/coll_cache_lib/facade.cc:120] solver built. now solve
[2022-12-05 15:54:40.131027: W /samgraph/3rdparty/collcachelib/coll_cache_lib/coll_cache/optimal_solver_class.cc:348] constructing optimal solver, device=6, stream=1
1030 blocks, 6 devices
[2022-12-05 15:54:40.927270: W /samgraph/3rdparty/collcachelib/coll_cache_lib/coll_cache/optimal_solver_class.cc:503] Add Var...
[2022-12-05 15:54:40.947236: W /samgraph/3rdparty/collcachelib/coll_cache_lib/coll_cache/optimal_solver_class.cc:521] Capacity...
[2022-12-05 15:54:40.948090: W /samgraph/3rdparty/collcachelib/coll_cache_lib/coll_cache/optimal_solver_class.cc:524] Connect CPU...
[2022-12-05 15:54:40.959914: W /samgraph/3rdparty/collcachelib/coll_cache_lib/coll_cache/optimal_solver_class.cc:526] Connect Access To Storage...
[2022-12-05 15:54:41.221157: W /samgraph/3rdparty/collcachelib/coll_cache_lib/coll_cache/optimal_solver_class.cc:530] Time...
[2022-12-05 15:54:42.890325: W /samgraph/3rdparty/collcachelib/coll_cache_lib/coll_cache/optimal_solver_class.cc:545] Coll Cache init block placement array
[2022-12-05 15:54:42.894764: W /samgraph/3rdparty/collcachelib/coll_cache_lib/coll_cache/optimal_solver_class.cc:621] Coll Cache init block placement array done
[2022-12-05 15:54:42.894879: W /samgraph/3rdparty/collcachelib/coll_cache_lib/coll_cache/optimal_solver_class.cc:623] Coll Cache model reset done
[2022-12-05 15:54:42.918500: E /samgraph/3rdparty/collcachelib/coll_cache_lib/facade.cc:124] solver solved
[2022-12-05 15:54:42.918545: E /samgraph/3rdparty/collcachelib/coll_cache_lib/facade.cc:187] 0 solved master
[2022-12-05 15:54:42.918570: E /samgraph/3rdparty/collcachelib/coll_cache_lib/facade.cc:194] 0 solved
[2022-12-05 15:54:42.918580: E /samgraph/3rdparty/collcachelib/coll_cache_lib/facade.cc:197] worker 0 thread 0 initing device 0
[2022-12-05 15:54:42.922837: E /samgraph/3rdparty/collcachelib/coll_cache_lib/cache_context.cu:1762] Building Coll Cache with ... num gpu device is 6
[2022-12-05 15:54:42.932742: E /samgraph/3rdparty/collcachelib/coll_cache_lib/facade.cc:194] 3 solved
[2022-12-05 15:54:42.932782: E /samgraph/3rdparty/collcachelib/coll_cache_lib/facade.cc:197] worker 3 thread 3 initing device 3
[2022-12-05 15:54:42.933459: E /samgraph/3rdparty/collcachelib/coll_cache_lib/cache_context.cu:1762] Building Coll Cache with ... num gpu device is 6
[[[[2022-12-05 15:54:422022-12-05 15:54:422022-12-05 15:54:42...2022-12-05 15:54:42942782942783942783.: : : 942783EEE:    E/samgraph/3rdparty/collcachelib/coll_cache_lib/facade.cc/samgraph/3rdparty/collcachelib/coll_cache_lib/facade.cc/samgraph/3rdparty/collcachelib/coll_cache_lib/facade.cc :::/samgraph/3rdparty/collcachelib/coll_cache_lib/facade.cc194194194:] ] ] 1944 solved2 solved5 solved] 


1 solved
[2022-12-05 15:54:42[[.[2022-12-05 15:54:422022-12-05 15:54:429428622022-12-05 15:54:42..: .942863942864E942865: :  : EE/samgraph/3rdparty/collcachelib/coll_cache_lib/facade.ccE  : /samgraph/3rdparty/collcachelib/coll_cache_lib/facade.cc/samgraph/3rdparty/collcachelib/coll_cache_lib/facade.cc197/samgraph/3rdparty/collcachelib/coll_cache_lib/facade.cc::] :197197worker 5 thread 5 initing device 5197] ] 
] worker 4 thread 4 initing device 4worker 2 thread 2 initing device 2worker 1 thread 1 initing device 1


[2022-12-05 15:54:42.943979: E /samgraph/3rdparty/collcachelib/coll_cache_lib/cache_context.cu:1762] Building Coll Cache with ... num gpu device is 6
[2022-12-05 15:54:42.943999: E /samgraph/3rdparty/collcachelib/coll_cache_lib/cache_context.cu:1762] Building Coll Cache with ... num gpu device is 6
[2022-12-05 15:54:42.944029: E /samgraph/3rdparty/collcachelib/coll_cache_lib/cache_context.cu:1762] Building Coll Cache with ... num gpu device is 6
[2022-12-05 15:54:42.944200: E /samgraph/3rdparty/collcachelib/coll_cache_lib/cache_context.cu:1762] Building Coll Cache with ... num gpu device is 6
[2022-12-05 15:54:42.986308: W /samgraph/3rdparty/collcachelib/coll_cache_lib/cpu/cpu_device.cc:39] WORKER[0] alloc host memory 21.16 MB
[[[[[[2022-12-05 15:54:432022-12-05 15:54:432022-12-05 15:54:432022-12-05 15:54:432022-12-05 15:54:432022-12-05 15:54:43......259122259117259114259114259114259115: : : : : : EEEEEE      /samgraph/3rdparty/collcachelib/coll_cache_lib/cache_context.cu/samgraph/3rdparty/collcachelib/coll_cache_lib/cache_context.cu/samgraph/3rdparty/collcachelib/coll_cache_lib/cache_context.cu/samgraph/3rdparty/collcachelib/coll_cache_lib/cache_context.cu/samgraph/3rdparty/collcachelib/coll_cache_lib/cache_context.cu/samgraph/3rdparty/collcachelib/coll_cache_lib/cache_context.cu::::::187118711871187118711871] ] ] ] ] ] Device 0 init p2p of link 1Device 3 init p2p of link 4Device 2 init p2p of link 3Device 4 init p2p of link 5Device 5 init p2p of link 0Device 1 init p2p of link 2





[2022-12-05 15:54:43.263974: E /samgraph/3rdparty/collcachelib/coll_cache_lib/cache_context.cu:1871] Device 4 init p2p of link 0
[2022-12-05 15:54:43.264454: E /samgraph/3rdparty/collcachelib/coll_cache_lib/cache_context.cu:1871] Device 5 init p2p of link 1
[2022-12-05 15:54:43.266242: E /samgraph/3rdparty/collcachelib/coll_cache_lib/cache_context.cu:1871] Device 0 init p2p of link 2
[2022-12-05 15:54:43.266503: E /samgraph/3rdparty/collcachelib/coll_cache_lib/cache_context.cu:1871] Device 1 init p2p of link 3
[2022-12-05 15:54:43.266644: E /samgraph/3rdparty/collcachelib/coll_cache_lib/cache_context.cu:1871] Device 3 init p2p of link 5
[2022-12-05 15:54:43.266847: E /samgraph/3rdparty/collcachelib/coll_cache_lib/cache_context.cu:1871] Device 2 init p2p of link 4
[2022-12-05 15:54:43.268922: E /samgraph/3rdparty/collcachelib/coll_cache_lib/cache_context.cu:1871] Device 4 init p2p of link 1
[2022-12-05 15:54:43.269423: E /samgraph/3rdparty/collcachelib/coll_cache_lib/cache_context.cu:1871] Device 5 init p2p of link 2
[2022-12-05 15:54:43.270326: E /samgraph/3rdparty/collcachelib/coll_cache_lib/cache_context.cu:1871] Device 0 init p2p of link 3
[2022-12-05 15:54:43.271475: E /samgraph/3rdparty/collcachelib/coll_cache_lib/cache_context.cu:1871] Device 1 init p2p of link 4
[2022-12-05 15:54:43.271781: E /samgraph/3rdparty/collcachelib/coll_cache_lib/cache_context.cu:1871] Device 3 init p2p of link 0
[2022-12-05 15:54:43.272009: E /samgraph/3rdparty/collcachelib/coll_cache_lib/cache_context.cu:1871] Device 2 init p2p of link 5
[2022-12-05 15:54:43.272966: E /samgraph/3rdparty/collcachelib/coll_cache_lib/cache_context.cu:1871] Device 4 init p2p of link 2
[2022-12-05 15:54:43.274307: E /samgraph/3rdparty/collcachelib/coll_cache_lib/cache_context.cu:1871] Device 5 init p2p of link 3
[2022-12-05 15:54:43.274819: E /samgraph/3rdparty/collcachelib/coll_cache_lib/cache_context.cu:1871] Device 0 init p2p of link 4
[2022-12-05 15:54:43.275876: E /samgraph/3rdparty/collcachelib/coll_cache_lib/cache_context.cu:1871] Device 1 init p2p of link 5
[2022-12-05 15:54:43.276443: E /samgraph/3rdparty/collcachelib/coll_cache_lib/cache_context.cu:1871] Device 3 init p2p of link 1
[2022-12-05 15:54:43.276720: E /samgraph/3rdparty/collcachelib/coll_cache_lib/cache_context.cu:1871] Device 2 init p2p of link 0
[2022-12-05 15:54:43.277520: E /samgraph/3rdparty/collcachelib/coll_cache_lib/cache_context.cu:1871] Device 4 init p2p of link 3
[2022-12-05 15:54:43.278434: E /samgraph/3rdparty/collcachelib/coll_cache_lib/cache_context.cu:1871] Device 5 init p2p of link 4
[2022-12-05 15:54:43.279405: E /samgraph/3rdparty/collcachelib/coll_cache_lib/cache_context.cu:1871] Device 0 init p2p of link 5
[2022-12-05 15:54:43.280435: E /samgraph/3rdparty/collcachelib/coll_cache_lib/cache_context.cu:1871] Device 1 init p2p of link 0
[2022-12-05 15:54:43.280994: E /samgraph/3rdparty/collcachelib/coll_cache_lib/cache_context.cu:1871] Device 3 init p2p of link 2
[2022-12-05 15:54:43.281410: E /samgraph/3rdparty/collcachelib/coll_cache_lib/cache_context.cu:1871] Device 2 init p2p of link 1
[2022-12-05 15:54:43.282628: E /samgraph/3rdparty/collcachelib/coll_cache_lib/cache_context.cu:1900] Asymm Coll cache (policy: coll_cache_asymm_link) | local 5552950 / 111059956 nodes ( 5.00 %~5.00 %) | remote 27733140 / 111059956 nodes ( 24.97 %) | cpu 77773866 / 111059956 nodes ( 70.03 %) | 2.65 GB | 0.338568 secs 
[2022-12-05 15:54:43.283756: E /samgraph/3rdparty/collcachelib/coll_cache_lib/cache_context.cu:1900] Asymm Coll cache (policy: coll_cache_asymm_link) | local 5543979 / 111059956 nodes ( 4.99 %~5.00 %) | remote 27742111 / 111059956 nodes ( 24.98 %) | cpu 77773866 / 111059956 nodes ( 70.03 %) | 2.65 GB | 0.339753 secs 
[2022-12-05 15:54:43.286301: E /samgraph/3rdparty/collcachelib/coll_cache_lib/cache_context.cu:1900] Asymm Coll cache (policy: coll_cache_asymm_link) | local 5546240 / 111059956 nodes ( 4.99 %~5.00 %) | remote 27739850 / 111059956 nodes ( 24.98 %) | cpu 77773866 / 111059956 nodes ( 70.03 %) | 2.65 GB | 0.363435 secs 
[2022-12-05 15:54:43.287224: E /samgraph/3rdparty/collcachelib/coll_cache_lib/cache_context.cu:1900] Asymm Coll cache (policy: coll_cache_asymm_link) | local 5551020 / 111059956 nodes ( 5.00 %~5.00 %) | remote 27735070 / 111059956 nodes ( 24.97 %) | cpu 77773866 / 111059956 nodes ( 70.03 %) | 2.65 GB | 0.342996 secs 
[2022-12-05 15:54:43.287665: W /samgraph/3rdparty/collcachelib/coll_cache_lib/cache_context.cu:2004] before create ctx, mem is 4.62 GB
[2022-12-05 15:54:43.290658: E /samgraph/3rdparty/collcachelib/coll_cache_lib/cache_context.cu:1900] Asymm Coll cache (policy: coll_cache_asymm_link) | local 5551420 / 111059956 nodes ( 5.00 %~5.00 %) | remote 27734670 / 111059956 nodes ( 24.97 %) | cpu 77773866 / 111059956 nodes ( 70.03 %) | 2.65 GB | 0.357173 secs 
[2022-12-05 15:54:43.290927: E /samgraph/3rdparty/collcachelib/coll_cache_lib/cache_context.cu:1900] Asymm Coll cache (policy: coll_cache_asymm_link) | local 5548816 / 111059956 nodes ( 5.00 %~5.00 %) | remote 27737274 / 111059956 nodes ( 24.98 %) | cpu 77773866 / 111059956 nodes ( 70.03 %) | 2.65 GB | 0.346906 secs 
[2022-12-05 15:54:45. 25212: W /samgraph/3rdparty/collcachelib/coll_cache_lib/cache_context.cu:2010] after create ctx, mem is 5.05 GB
[2022-12-05 15:54:45. 25321: W /samgraph/3rdparty/collcachelib/coll_cache_lib/cache_context.cu:2017] after create stream, mem is 5.05 GB
[2022-12-05 15:54:45. 25522: W /samgraph/3rdparty/collcachelib/coll_cache_lib/cache_context.cu:2004] before create ctx, mem is 5.05 GB
[2022-12-05 15:54:46. 57013: W /samgraph/3rdparty/collcachelib/coll_cache_lib/cache_context.cu:2010] after create ctx, mem is 5.47 GB
[2022-12-05 15:54:46. 57106: W /samgraph/3rdparty/collcachelib/coll_cache_lib/cache_context.cu:2017] after create stream, mem is 5.47 GB
[2022-12-05 15:54:46. 57268: W /samgraph/3rdparty/collcachelib/coll_cache_lib/cache_context.cu:2004] before create ctx, mem is 5.47 GB
[2022-12-05 15:54:47. 48804: W /samgraph/3rdparty/collcachelib/coll_cache_lib/cache_context.cu:2010] after create ctx, mem is 5.90 GB
[2022-12-05 15:54:47. 48965: W /samgraph/3rdparty/collcachelib/coll_cache_lib/cache_context.cu:2017] after create stream, mem is 5.90 GB
[2022-12-05 15:54:47. 49126: W /samgraph/3rdparty/collcachelib/coll_cache_lib/cache_context.cu:2004] before create ctx, mem is 5.90 GB
[2022-12-05 15:54:48. 42863: W /samgraph/3rdparty/collcachelib/coll_cache_lib/cache_context.cu:2010] after create ctx, mem is 6.33 GB
[2022-12-05 15:54:48. 43019: W /samgraph/3rdparty/collcachelib/coll_cache_lib/cache_context.cu:2017] after create stream, mem is 6.33 GB
[2022-12-05 15:54:48. 45281: W /samgraph/3rdparty/collcachelib/coll_cache_lib/cache_context.cu:2004] before create ctx, mem is 6.33 GB
[2022-12-05 15:54:49. 64097: W /samgraph/3rdparty/collcachelib/coll_cache_lib/cache_context.cu:2010] after create ctx, mem is 6.75 GB
[2022-12-05 15:54:49. 64837: W /samgraph/3rdparty/collcachelib/coll_cache_lib/cache_context.cu:2017] after create stream, mem is 6.75 GB
[2022-12-05 15:54:49. 65041: W /samgraph/3rdparty/collcachelib/coll_cache_lib/cache_context.cu:2004] before create ctx, mem is 6.75 GB
[2022-12-05 15:54:50.154373: W /samgraph/3rdparty/collcachelib/coll_cache_lib/cache_context.cu:2010] after create ctx, mem is 7.50 GB
[2022-12-05 15:54:50.154949: W /samgraph/3rdparty/collcachelib/coll_cache_lib/cache_context.cu:2017] after create stream, mem is 7.50 GB
[2022-12-05 15:54:50.155159: W /samgraph/3rdparty/collcachelib/coll_cache_lib/cache_context.cu:2004] before create ctx, mem is 7.50 GB
[2022-12-05 15:54:51. 87641: W /samgraph/3rdparty/collcachelib/coll_cache_lib/cache_context.cu:2010] after create ctx, mem is 7.89 GB
[2022-12-05 15:54:51. 87720: W /samgraph/3rdparty/collcachelib/coll_cache_lib/cache_context.cu:2017] after create stream, mem is 7.89 GB
[2022-12-05 15:54:57.640327: W /samgraph/samgraph/common/cuda/cuda_device.cc:49] GPU[0] alloc cuda memory 22.22 MB
[2022-12-05 15:54:57.641470: W /samgraph/samgraph/common/cuda/cuda_device.cc:49] GPU[0] alloc cuda memory 26.70 MB
[2022-12-05 15:54:57.642654: W /samgraph/samgraph/common/cuda/cuda_device.cc:49] GPU[0] alloc cuda memory 26.70 MB
[2022-12-05 15:54:57.648423: W /samgraph/samgraph/common/cuda/cuda_device.cc:49] GPU[0] alloc cuda memory 2.22 GB
[2022-12-05 15:54:57.650716: W /samgraph/samgraph/common/cuda/cuda_device.cc:49] GPU[0] alloc cuda memory 22.22 MB
[2022-12-05 15:54:57.651436: W /samgraph/samgraph/common/cuda/cuda_device.cc:49] GPU[0] alloc cuda memory 44.43 MB
[2022-12-05 15:54:57.653653: W /samgraph/samgraph/common/cuda/cuda_device.cc:49] GPU[0] alloc cuda memory 22.22 MB
[2022-12-05 15:54:57.654198: W /samgraph/samgraph/common/cuda/cuda_device.cc:49] GPU[0] alloc cuda memory 44.43 MB
[2022-12-05 15:54:58.957903: W /samgraph/samgraph/common/cuda/cuda_device.cc:49] GPU[0] alloc cuda memory 20.49 MB
[2022-12-05 15:54:58.959116: W /samgraph/samgraph/common/cuda/cuda_device.cc:49] GPU[0] alloc cuda memory 24.40 MB
[2022-12-05 15:54:58.960175: W /samgraph/samgraph/common/cuda/cuda_device.cc:49] GPU[0] alloc cuda memory 24.40 MB
[2022-12-05 15:54:58.972215: W /samgraph/samgraph/common/cuda/cuda_device.cc:49] GPU[0] alloc cuda memory 2.22 GB
[2022-12-05 15:54:58.972873: W /samgraph/samgraph/common/cuda/cuda_device.cc:49] GPU[0] alloc cuda memory 20.49 MB
[2022-12-05 15:54:58.973378: W /samgraph/samgraph/common/cuda/cuda_device.cc:49] GPU[0] alloc cuda memory 40.98 MB
/usr/local/lib/python3.8/dist-packages/torch/nn/parallel/scatter_gather.py:9: UserWarning: is_namedtuple is deprecated, please use the python checks instead
  warnings.warn("is_namedtuple is deprecated, please use the python checks instead")
/usr/local/lib/python3.8/dist-packages/torch/nn/parallel/scatter_gather.py:9: UserWarning: is_namedtuple is deprecated, please use the python checks instead
  warnings.warn("is_namedtuple is deprecated, please use the python checks instead")
/usr/local/lib/python3.8/dist-packages/torch/nn/parallel/scatter_gather.py:9: UserWarning: is_namedtuple is deprecated, please use the python checks instead
  warnings.warn("is_namedtuple is deprecated, please use the python checks instead")
/usr/local/lib/python3.8/dist-packages/torch/nn/parallel/scatter_gather.py:9: UserWarning: is_namedtuple is deprecated, please use the python checks instead
  warnings.warn("is_namedtuple is deprecated, please use the python checks instead")
/usr/local/lib/python3.8/dist-packages/torch/nn/parallel/scatter_gather.py:9: UserWarning: is_namedtuple is deprecated, please use the python checks instead
  warnings.warn("is_namedtuple is deprecated, please use the python checks instead")
/usr/local/lib/python3.8/dist-packages/torch/nn/parallel/scatter_gather.py:9: UserWarning: is_namedtuple is deprecated, please use the python checks instead
  warnings.warn("is_namedtuple is deprecated, please use the python checks instead")
