[2022-12-05 18:50:42.  5048: W /samgraph/samgraph/common/cpu/mmap_cpu_device.cc:92] mmap allocating space 12.87 GB
[2022-12-05 18:50:42.  5117: W /samgraph/samgraph/common/cpu/mmap_cpu_device.cc:97] mmap allocating space 12.87 GB done
[2022-12-05 18:50:46.392794: W /samgraph/samgraph/common/cpu/mmap_cpu_device.cc:92] mmap allocating space 349.28 GB
[2022-12-05 18:50:46.392853: W /samgraph/samgraph/common/cpu/mmap_cpu_device.cc:97] mmap allocating space 349.28 GB done
[2022-12-05 18:50:46.392872: W /samgraph/samgraph/common/cpu/mmap_cpu_device.cc:92] mmap allocating space 1.82 GB
[2022-12-05 18:50:46.392885: W /samgraph/samgraph/common/cpu/mmap_cpu_device.cc:97] mmap allocating space 1.82 GB done
[2022-12-05 18:50:46.392923: W /samgraph/samgraph/common/cpu/cpu_device.cc:39] WORKER[0] alloc host memory 12.87 GB
[2022-12-05 18:50:46.981561: E /samgraph/samgraph/common/engine.cc:272] Train set size 7.64 MB
[2022-12-05 18:50:46.981890: W /samgraph/samgraph/common/cpu/mmap_cpu_device.cc:92] mmap allocating space 68.50 GB
[2022-12-05 18:50:46.981910: W /samgraph/samgraph/common/cpu/mmap_cpu_device.cc:97] mmap allocating space 68.50 GB done
/usr/lib/python3/dist-packages/requests/__init__.py:89: RequestsDependencyWarning: urllib3 (1.26.12) or chardet (3.0.4) doesn't match a supported version!
  warnings.warn("urllib3 ({}) or chardet ({}) doesn't match a supported "
[2022-12-05 18:50:48.243408: W /samgraph/samgraph/common/dist/dist_engine.cc:662] Trainer[0] initializing...
[2022-12-05 18:50:48.264996: W /samgraph/samgraph/common/dist/dist_engine.cc:662] Trainer[2] initializing...
[2022-12-05 18:50:48.298334: W /samgraph/samgraph/common/dist/dist_engine.cc:662] Trainer[3] initializing...
[2022-12-05 18:50:48.323310: W /samgraph/samgraph/common/dist/dist_engine.cc:662] Trainer[1] initializing...
[2022-12-05 18:50:48.431199: W /samgraph/samgraph/common/dist/dist_engine.cc:662] Trainer[5] initializing...
[2022-12-05 18:50:48.460989: W /samgraph/samgraph/common/dist/dist_engine.cc:662] Trainer[4] initializing...
[2022-12-05 18:50:49.772109: W /samgraph/samgraph/common/dist/dist_engine.cc:666] Trainer[0] pin memory queue...
[[2022-12-05 18:50:49.2022-12-05 18:50:49779664.: 779667W:  W/samgraph/samgraph/common/dist/dist_engine.cc :/samgraph/samgraph/common/dist/dist_engine.cc666:] 666] Trainer[1] pin memory queue...Trainer[3] pin memory queue...

[2022-12-05 18:50:49.787319: W /samgraph/samgraph/common/dist/dist_engine.cc:666] Trainer[2] pin memory queue...
[2022-12-05 18:50:49.795248: W /samgraph/samgraph/common/dist/dist_engine.cc:666] Trainer[5] pin memory queue...
[2022-12-05 18:50:49.796379: W /samgraph/samgraph/common/dist/dist_engine.cc:666] Trainer[4] pin memory queue...
[2022-12-05 18:51:09.649279: E /samgraph/samgraph/common/dist/dist_engine.cc:85] Running on A100
[2022-12-05 18:51:09.650578: W /samgraph/samgraph/common/dist/dist_engine.cc:701] Trainer[2] register host memory...
[2022-12-05 18:51:09.651518: E /samgraph/samgraph/common/dist/dist_engine.cc:85] Running on A100
[2022-12-05 18:51:09.652369: W /samgraph/samgraph/common/dist/dist_engine.cc:701] Trainer[1] register host memory...
[2022-12-05 18:51:09.654665: E /samgraph/samgraph/common/dist/dist_engine.cc:85] Running on A100
[2022-12-05 18:51:09.655395: W /samgraph/samgraph/common/dist/dist_engine.cc:701] Trainer[5] register host memory...
[2022-12-05 18:51:09.679516: E /samgraph/samgraph/common/dist/dist_engine.cc:85] Running on A100
[2022-12-05 18:51:09.680089: W /samgraph/samgraph/common/dist/dist_engine.cc:701] Trainer[4] register host memory...
[2022-12-05 18:51:09.708990: E /samgraph/samgraph/common/dist/dist_engine.cc:85] Running on A100
[2022-12-05 18:51:09.709218: W /samgraph/samgraph/common/dist/dist_engine.cc:701] Trainer[3] register host memory...
[2022-12-05 18:51:09.719474: E /samgraph/samgraph/common/dist/dist_engine.cc:85] Running on A100
[2022-12-05 18:51:09.719528: W /samgraph/samgraph/common/dist/dist_engine.cc:701] Trainer[0] register host memory...
[2022-12-05 18:51:09.857714: E /samgraph/samgraph/common/dist/dist_engine.cc:85] Running on A100
[2022-12-05 18:51:09.857807: E /samgraph/samgraph/common/dist/dist_engine.cc:85] Running on A100
[2022-12-05 18:51:09.861734: W /samgraph/samgraph/common/cuda/cuda_device.cc:49] GPU[6] alloc cuda memory 931.40 MB
[2022-12-05 18:51:09.979978: W /samgraph/samgraph/common/cuda/cuda_device.cc:49] GPU[6] alloc cuda memory 12.87 GB
[2022-12-05 18:51:11.577823: W /samgraph/samgraph/common/cuda/cuda_device.cc:49] GPU[6] alloc cuda memory 64.00 MB
[2022-12-05 18:51:11.581159: E /samgraph/samgraph/common/dist/pre_sampler.cc:41] Dist Presampler making shuffler...
[2022-12-05 18:51:11.583853: E /samgraph/samgraph/common/dist/pre_sampler.cc:44] Dist Presampler making shuffler...Done
[2022-12-05 18:51:11.583880: W /samgraph/samgraph/common/cpu/cpu_device.cc:39] WORKER[0] alloc host memory 1.82 GB
[2022-12-05 18:51:11.884491: E /samgraph/samgraph/common/dist/pre_sampler.cc:85] Dist Presampler doing presample epoch 0
[2022-12-05 18:51:19.419281: E /samgraph/samgraph/common/dist/pre_sampler.cc:129] presample spend 1.72642 on sample, 0.170808 on copy, 5.62996 on count
[2022-12-05 18:51:19.419354: E /samgraph/samgraph/common/dist/pre_sampler.cc:85] Dist Presampler doing presample epoch 1
[2022-12-05 18:51:27.170626: E /samgraph/samgraph/common/dist/pre_sampler.cc:129] presample spend 3.48271 on sample, 0.342289 on copy, 11.446 on count
[2022-12-05 18:51:27.170712: E /samgraph/samgraph/common/dist/pre_sampler.cc:136] max_num_inputs = 978903, min_num_inputs = 929380
[2022-12-05 18:51:27.512403: E /samgraph/samgraph/common/dist/pre_sampler.cc:148] presample spend 0.341632 on sort freq.
[2022-12-05 18:51:27.858815: E /samgraph/samgraph/common/dist/dist_engine.cc:524] pre sample done, delete it
[[2022-12-05 18:51:27[[[[2022-12-05 18:51:272022-12-05 18:51:27.2022-12-05 18:51:272022-12-05 18:51:272022-12-05 18:51:27..899955...899958899967: 899967899967899966: : W: : : WW WWW  /samgraph/samgraph/common/dist/dist_engine.cc   /samgraph/samgraph/common/dist/dist_engine.cc/samgraph/samgraph/common/dist/dist_engine.cc:/samgraph/samgraph/common/dist/dist_engine.cc/samgraph/samgraph/common/dist/dist_engine.cc/samgraph/samgraph/common/dist/dist_engine.cc::711:::711711] 711711711] ] Trainer[1] building cache...] ] ] Trainer[4] building cache...Trainer[2] building cache...
Trainer[3] building cache...Trainer[0] building cache...Trainer[5] building cache...




[2022-12-05 18:51:27.[9012602022-12-05 18:51:27: .E901273 : /samgraph/3rdparty/collcachelib/coll_cache_lib/run_config.ccE: 134/samgraph/3rdparty/collcachelib/coll_cache_lib/run_config.cc[[] :2022-12-05 18:51:272022-12-05 18:51:27using concurrent impl MPS134[.2022-12-05 18:51:27.
] 901294.901296using concurrent impl MPS: 901306: 
E: E E /samgraph/3rdparty/collcachelib/coll_cache_lib/run_config.cc /samgraph/3rdparty/collcachelib/coll_cache_lib/run_config.cc:/samgraph/3rdparty/collcachelib/coll_cache_lib/run_config.cc:134:134] 134using concurrent impl MPS] ] 
using concurrent impl MPSusing concurrent impl MPS

[2022-12-05 18:51:27[.2022-12-05 18:51:27902716.: 902717E:  E/samgraph/3rdparty/collcachelib/coll_cache_lib/coll_cache/asymm_link_desc.cc :/samgraph/3rdparty/collcachelib/coll_cache_lib/coll_cache/asymm_link_desc.cc196:] 196build symm link desc with 6X NVIDIA A100-SXM4-80GB out of 8] 
build symm link desc with 6X NVIDIA A100-SXM4-80GB out of 8
[2022-12-05 18:51:27.902773: [E2022-12-05 18:51:27 ./samgraph/3rdparty/collcachelib/coll_cache_lib/coll_cache/asymm_link_desc.cc902775:: 197E]  remote time is 10.8824/samgraph/3rdparty/collcachelib/coll_cache_lib/coll_cache/asymm_link_desc.cc
:197] remote time is 10.8824
[2022-12-05 18:51:27.902804: E[ 2022-12-05 18:51:27/samgraph/3rdparty/collcachelib/coll_cache_lib/coll_cache/asymm_link_desc.cc.:902808198: ] Ecpu time is 41.1111 
/samgraph/3rdparty/collcachelib/coll_cache_lib/coll_cache/asymm_link_desc.cc:198] cpu time is 41.1111
[2022-12-05 18:51:27.902918: E /samgraph/3rdparty/collcachelib/coll_cache_lib/coll_cache/asymm_link_desc.cc:196] build symm link desc with 6X NVIDIA A100-SXM4-80GB out of 8
[2022-12-05 18:51:27.902942: E /samgraph/3rdparty/collcachelib/coll_cache_lib/coll_cache/asymm_link_desc.cc:197] remote time is 10.8824
[2022-12-05 18:51:27.902962: E /samgraph/3rdparty/collcachelib/coll_cache_lib/coll_cache/asymm_link_desc.cc:198] cpu time is 41.1111
[2022-12-05 18:51:27.903035: E /samgraph/3rdparty/collcachelib/coll_cache_lib/coll_cache/asymm_link_desc.cc:196] build symm link desc with 6X NVIDIA A100-SXM4-80GB out of 8
[2022-12-05 18:51:27.903056: E /samgraph/3rdparty/collcachelib/coll_cache_lib/coll_cache/asymm_link_desc.cc:197] remote time is 10.8824
[2022-12-05 18:51:27.903067: E /samgraph/3rdparty/collcachelib/coll_cache_lib/coll_cache/asymm_link_desc.cc:198] cpu time is 41.1111
[2022-12-05 18:51:27.903249: E /samgraph/3rdparty/collcachelib/coll_cache_lib/coll_cache/asymm_link_desc.cc:196] build symm link desc with 6X NVIDIA A100-SXM4-80GB out of 8
[2022-12-05 18:51:27.903275: E /samgraph/3rdparty/collcachelib/coll_cache_lib/coll_cache/asymm_link_desc.cc:197] remote time is 10.8824
[2022-12-05 18:51:27.903286: E /samgraph/3rdparty/collcachelib/coll_cache_lib/coll_cache/asymm_link_desc.cc:198] cpu time is 41.1111
[2022-12-05 18:51:27.933946: E /samgraph/3rdparty/collcachelib/coll_cache_lib/run_config.cc:134] using concurrent impl MPS
[2022-12-05 18:51:27.935013: E /samgraph/3rdparty/collcachelib/coll_cache_lib/coll_cache/asymm_link_desc.cc:196] build symm link desc with 6X NVIDIA A100-SXM4-80GB out of 8
[2022-12-05 18:51:27.935040: E /samgraph/3rdparty/collcachelib/coll_cache_lib/coll_cache/asymm_link_desc.cc:197] remote time is 10.8824
[2022-12-05 18:51:27.935051: E /samgraph/3rdparty/collcachelib/coll_cache_lib/coll_cache/asymm_link_desc.cc:198] cpu time is 41.1111
[2022-12-05 18:52:58.807807: E /samgraph/3rdparty/collcachelib/coll_cache_lib/facade.cc:115] solver created. now build & solve
[2022-12-05 18:52:58.905929: W /samgraph/3rdparty/collcachelib/coll_cache_lib/cpu/cpu_device.cc:39] WORKER[0] alloc host memory 931.40 MB
[2022-12-05 18:52:58.905986: W /samgraph/3rdparty/collcachelib/coll_cache_lib/cpu/cpu_device.cc:39] WORKER[0] alloc host memory 931.40 MB
[2022-12-05 18:52:58.906943: W /samgraph/3rdparty/collcachelib/coll_cache_lib/coll_cache/optimal_solver_class.cc:68] mapping nid to rank...
[2022-12-05 18:52:59.586076: W /samgraph/3rdparty/collcachelib/coll_cache_lib/coll_cache/optimal_solver_class.cc:85] counting slots...
[2022-12-05 18:53:02.295586: W /samgraph/3rdparty/collcachelib/coll_cache_lib/coll_cache/optimal_solver_class.cc:99] Final num slot is 35
[2022-12-05 18:53:02.295653: W /samgraph/3rdparty/collcachelib/coll_cache_lib/coll_cache/optimal_solver_class.cc:103] counting blocks...
[2022-12-05 18:53:13.449022: W /samgraph/3rdparty/collcachelib/coll_cache_lib/coll_cache/optimal_solver_class.cc:112] Final num block is 1018
[2022-12-05 18:53:13.449091: W /samgraph/3rdparty/collcachelib/coll_cache_lib/coll_cache/optimal_solver_class.cc:117] counting freq and density...
[2022-12-05 18:53:16.323094: W /samgraph/3rdparty/collcachelib/coll_cache_lib/coll_cache/optimal_solver_class.cc:148] averaging freq and density...
[2022-12-05 18:53:16.323166: W /samgraph/3rdparty/collcachelib/coll_cache_lib/coll_cache/optimal_solver_class.cc:149] 1018
[2022-12-05 18:53:16.406600: E /samgraph/3rdparty/collcachelib/coll_cache_lib/facade.cc:120] solver built. now solve
[2022-12-05 18:53:16.406652: W /samgraph/3rdparty/collcachelib/coll_cache_lib/coll_cache/optimal_solver_class.cc:348] constructing optimal solver, device=6, stream=1
1018 blocks, 6 devices
[2022-12-05 18:53:17.103097: W /samgraph/3rdparty/collcachelib/coll_cache_lib/coll_cache/optimal_solver_class.cc:503] Add Var...
[2022-12-05 18:53:17.121970: W /samgraph/3rdparty/collcachelib/coll_cache_lib/coll_cache/optimal_solver_class.cc:521] Capacity...
[2022-12-05 18:53:17.122848: W /samgraph/3rdparty/collcachelib/coll_cache_lib/coll_cache/optimal_solver_class.cc:524] Connect CPU...
[2022-12-05 18:53:17.134739: W /samgraph/3rdparty/collcachelib/coll_cache_lib/coll_cache/optimal_solver_class.cc:526] Connect Access To Storage...
[2022-12-05 18:53:17.396597: W /samgraph/3rdparty/collcachelib/coll_cache_lib/coll_cache/optimal_solver_class.cc:530] Time...
[2022-12-05 18:53:18.901742: W /samgraph/3rdparty/collcachelib/coll_cache_lib/coll_cache/optimal_solver_class.cc:545] Coll Cache init block placement array
[2022-12-05 18:53:18.904793: W /samgraph/3rdparty/collcachelib/coll_cache_lib/coll_cache/optimal_solver_class.cc:621] Coll Cache init block placement array done
[2022-12-05 18:53:18.904905: W /samgraph/3rdparty/collcachelib/coll_cache_lib/coll_cache/optimal_solver_class.cc:623] Coll Cache model reset done
[2022-12-05 18:53:18.923526: E /samgraph/3rdparty/collcachelib/coll_cache_lib/facade.cc:124] solver solved
[2022-12-05 18:53:18.923580: E /samgraph/3rdparty/collcachelib/coll_cache_lib/facade.cc:187] 0 solved master
[2022-12-05 18:53:18.923606: E /samgraph/3rdparty/collcachelib/coll_cache_lib/facade.cc:194] 0 solved
[2022-12-05 18:53:18.923617: E /samgraph/3rdparty/collcachelib/coll_cache_lib/facade.cc:197] worker 0 thread 0 initing device 0
[2022-12-05 18:53:18.925591: E /samgraph/3rdparty/collcachelib/coll_cache_lib/cache_context.cu:1762] Building Coll Cache with ... num gpu device is 6
[2022-12-05 18:53:18.958811: E /samgraph/3rdparty/collcachelib/coll_cache_lib/facade.cc:194] 1 solved
[2022-12-05 18:53:18.958874: E /samgraph/3rdparty/collcachelib/coll_cache_lib/facade.cc:197] worker 1 thread 1 initing device 1
[2022-12-05 18:53:18.959792: E /samgraph/3rdparty/collcachelib/coll_cache_lib/cache_context.cu:1762] Building Coll Cache with ... num gpu device is 6
[2022-12-05 18:53:18.961347: E /samgraph/3rdparty/collcachelib/coll_cache_lib/facade.cc:194] 2 solved
[2022-12-05 18:53:18.961426: E /samgraph/3rdparty/collcachelib/coll_cache_lib/facade.cc:197] worker 2 thread 2 initing device 2
[2022-12-05 18:53:18.962440: E /samgraph/3rdparty/collcachelib/coll_cache_lib/cache_context.cu:1762] Building Coll Cache with ... num gpu device is 6
[2022-12-05 18:53:18.962711: E /samgraph/3rdparty/collcachelib/coll_cache_lib/facade.cc:194] 5 solved
[2022-12-05 18:53:18.962755: E /samgraph/3rdparty/collcachelib/coll_cache_lib/facade.cc:197] worker 5 thread 5 initing device 5
[2022-12-05 18:53:18.964758: E /samgraph/3rdparty/collcachelib/coll_cache_lib/cache_context.cu:1762] Building Coll Cache with ... num gpu device is 6
[[2022-12-05 18:53:18.983167: 2022-12-05 18:53:18E. 983167/samgraph/3rdparty/collcachelib/coll_cache_lib/facade.cc: :E194 ] /samgraph/3rdparty/collcachelib/coll_cache_lib/facade.cc:3 solved194
] 4 solved
[2022-12-05 18:53:18.[9832412022-12-05 18:53:18: .E983243 : /samgraph/3rdparty/collcachelib/coll_cache_lib/facade.ccE: 197/samgraph/3rdparty/collcachelib/coll_cache_lib/facade.cc] :worker 3 thread 3 initing device 3197
] worker 4 thread 4 initing device 4
[2022-12-05 18:53:18.984303: E /samgraph/3rdparty/collcachelib/coll_cache_lib/cache_context.cu:1762] Building Coll Cache with ... num gpu device is 6
[2022-12-05 18:53:18.985933: E /samgraph/3rdparty/collcachelib/coll_cache_lib/cache_context.cu:1762] Building Coll Cache with ... num gpu device is 6
[[[[[[2022-12-05 18:53:192022-12-05 18:53:192022-12-05 18:53:192022-12-05 18:53:192022-12-05 18:53:192022-12-05 18:53:19......430454430454430454430454430456430454: : : : : : EEEEEE      /samgraph/3rdparty/collcachelib/coll_cache_lib/cache_context.cu/samgraph/3rdparty/collcachelib/coll_cache_lib/cache_context.cu/samgraph/3rdparty/collcachelib/coll_cache_lib/cache_context.cu/samgraph/3rdparty/collcachelib/coll_cache_lib/cache_context.cu/samgraph/3rdparty/collcachelib/coll_cache_lib/cache_context.cu/samgraph/3rdparty/collcachelib/coll_cache_lib/cache_context.cu::::::187118711871187118711871] ] ] ] ] ] Device 4 init p2p of link 5Device 0 init p2p of link 1
Device 3 init p2p of link 4Device 5 init p2p of link 0Device 1 init p2p of link 2Device 2 init p2p of link 3




[2022-12-05 18:53:19.437490: E /samgraph/3rdparty/collcachelib/coll_cache_lib/cache_context.cu:1871] Device 3 init p2p of link 5
[2022-12-05 18:53:19.437583: E /samgraph/3rdparty/collcachelib/coll_cache_lib/cache_context.cu:1871] Device 5 init p2p of link 1
[2022-12-05 18:53:19.437702: E /samgraph/3rdparty/collcachelib/coll_cache_lib/cache_context.cu:1871] Device 4 init p2p of link 0
[2022-12-05 18:53:19.437721: E /samgraph/3rdparty/collcachelib/coll_cache_lib/cache_context.cu:1871] Device 0 init p2p of link 2
[2022-12-05 18:53:19.437812: E /samgraph/3rdparty/collcachelib/coll_cache_lib/cache_context.cu:[18712022-12-05 18:53:19] .Device 2 init p2p of link 4437821
: E /samgraph/3rdparty/collcachelib/coll_cache_lib/cache_context.cu:1871] Device 1 init p2p of link 3
[2022-12-05 18:53:19.440733: E /samgraph/3rdparty/collcachelib/coll_cache_lib/cache_context.cu:1871] Device 3 init p2p of link 0
[2022-12-05 18:53:19.441055: E /samgraph/3rdparty/collcachelib/coll_cache_lib/cache_context.cu:1871] Device 5 init p2p of link 2
[2022-12-05 18:53:19.441846: E /samgraph/3rdparty/collcachelib/coll_cache_lib/cache_context.cu:1871] Device 4 init p2p of link 1
[2022-12-05 18:53:19.441887: E /samgraph/3rdparty/collcachelib/coll_cache_lib/cache_context.cu:1871] Device 0 init p2p of link 3
[2022-12-05 18:53:19.441977: E /samgraph/3rdparty/collcachelib/coll_cache_lib/cache_context.cu:1871] Device 1 init p2p of link 4
[2022-12-05 18:53:19.442053: E /samgraph/3rdparty/collcachelib/coll_cache_lib/cache_context.cu:1871] Device 2 init p2p of link 5
[2022-12-05 18:53:19.443843: E /samgraph/3rdparty/collcachelib/coll_cache_lib/cache_context.cu:1871] Device 3 init p2p of link 1
[2022-12-05 18:53:19.444103: E /samgraph/3rdparty/collcachelib/coll_cache_lib/cache_context.cu:1871] Device 5 init p2p of link 3
[2022-12-05 18:53:19.445357: E /samgraph/3rdparty/collcachelib/coll_cache_lib/cache_context.cu:1871] Device 4 init p2p of link 2
[2022-12-05 18:53:19.445714: E /samgraph/3rdparty/collcachelib/coll_cache_lib/cache_context.cu:1871] Device 0 init p2p of link 4
[2022-12-05 18:53:19.445773: E[ 2022-12-05 18:53:19/samgraph/3rdparty/collcachelib/coll_cache_lib/cache_context.cu.:4457781871: ] EDevice 1 init p2p of link 5 
/samgraph/3rdparty/collcachelib/coll_cache_lib/cache_context.cu:1871] Device 2 init p2p of link 0
[2022-12-05 18:53:19.447105: E /samgraph/3rdparty/collcachelib/coll_cache_lib/cache_context.cu:1871] Device 3 init p2p of link 2
[2022-12-05 18:53:19.447236: E /samgraph/3rdparty/collcachelib/coll_cache_lib/cache_context.cu:1871] Device 5 init p2p of link 4
[2022-12-05 18:53:19.448103: E /samgraph/3rdparty/collcachelib/coll_cache_lib/cache_context.cu:1871] Device 4 init p2p of link 3
[2022-12-05 18:53:19.449102: E /samgraph/3rdparty/collcachelib/coll_cache_lib/cache_context.cu:1871] Device 0 init p2p of link 5
[2022-12-05 18:53:19.449229: E /samgraph/3rdparty/collcachelib/coll_cache_lib/cache_context.cu:1871] Device 1 init p2p of link 0
[2022-12-05 18:53:19.449270: E /samgraph/3rdparty/collcachelib/coll_cache_lib/cache_context.cu:1871] Device 2 init p2p of link 1
[2022-12-05 18:53:19.450964: E /samgraph/3rdparty/collcachelib/coll_cache_lib/cache_context.cu:1900] Asymm Coll cache (policy: coll_cache_asymm_link) | local 2441600 / 244160499 nodes ( 1.00 %~1.00 %) | remote 12187674 / 244160499 nodes ( 4.99 %) | cpu 229531225 / 244160499 nodes ( 94.01 %) | 3.53 GB | 0.465 secs 
[2022-12-05 18:53:19.451817: E /samgraph/3rdparty/collcachelib/coll_cache_lib/cache_context.cu:1900] Asymm Coll cache (policy: coll_cache_asymm_link) | local 2441600 / 244160499 nodes ( 1.00 %~1.00 %) | remote 12187674 / 244160499 nodes ( 4.99 %) | cpu 229531225 / 244160499 nodes ( 94.01 %) | 3.53 GB | 0.487029 secs 
[2022-12-05 18:53:19.456674: E /samgraph/3rdparty/collcachelib/coll_cache_lib/cache_context.cu:1900] Asymm Coll cache (policy: coll_cache_asymm_link) | local 2433333 / 244160499 nodes ( 1.00 %~1.00 %) | remote 12195941 / 244160499 nodes ( 5.00 %) | cpu 229531225 / 244160499 nodes ( 94.01 %) | 3.52 GB | 0.47234 secs 
[2022-12-05 18:53:19.457359: E /samgraph/3rdparty/collcachelib/coll_cache_lib/cache_context.cu:1900] Asymm Coll cache (policy: coll_cache_asymm_link) | local 2440662 / 244160499 nodes ( 1.00 %~1.00 %) | remote 12188612 / 244160499 nodes ( 4.99 %) | cpu 229531225 / 244160499 nodes ( 94.01 %) | 3.53 GB | 0.531737 secs 
[2022-12-05 18:53:19.457981: E /samgraph/3rdparty/collcachelib/coll_cache_lib/cache_context.cu:1900] Asymm Coll cache (policy: coll_cache_asymm_link) | local 2439602 / 244160499 nodes ( 1.00 %~1.00 %) | remote 12189672 / 244160499 nodes ( 4.99 %) | cpu 229531225 / 244160499 nodes ( 94.01 %) | 3.52 GB | 0.495512 secs 
[2022-12-05 18:53:19.458669: E /samgraph/3rdparty/collcachelib/coll_cache_lib/cache_context.cu:1900] Asymm Coll cache (policy: coll_cache_asymm_link) | local 2441409 / 244160499 nodes ( 1.00 %~1.00 %) | remote 12187865 / 244160499 nodes ( 4.99 %) | cpu 229531225 / 244160499 nodes ( 94.01 %) | 3.53 GB | 0.49885 secs 
[2022-12-05 18:53:19.458911: W /samgraph/3rdparty/collcachelib/coll_cache_lib/cache_context.cu:2004] before create ctx, mem is 7.07 GB
[2022-12-05 18:53:20.664017: W /samgraph/3rdparty/collcachelib/coll_cache_lib/cache_context.cu:2010] after create ctx, mem is 7.50 GB
[2022-12-05 18:53:20.665896: W /samgraph/3rdparty/collcachelib/coll_cache_lib/cache_context.cu:2017] after create stream, mem is 7.50 GB
[2022-12-05 18:53:20.667500: W /samgraph/3rdparty/collcachelib/coll_cache_lib/cache_context.cu:2004] before create ctx, mem is 7.50 GB
[2022-12-05 18:53:21.726786: W /samgraph/3rdparty/collcachelib/coll_cache_lib/cache_context.cu:2010] after create ctx, mem is 7.92 GB
[2022-12-05 18:53:21.727048: W /samgraph/3rdparty/collcachelib/coll_cache_lib/cache_context.cu:2017] after create stream, mem is 7.92 GB
[2022-12-05 18:53:21.727274: W /samgraph/3rdparty/collcachelib/coll_cache_lib/cache_context.cu:2004] before create ctx, mem is 7.92 GB
[2022-12-05 18:53:22.996760: W /samgraph/3rdparty/collcachelib/coll_cache_lib/cache_context.cu:2010] after create ctx, mem is 8.35 GB
[2022-12-05 18:53:22.996858: W /samgraph/3rdparty/collcachelib/coll_cache_lib/cache_context.cu:2017] after create stream, mem is 8.35 GB
[2022-12-05 18:53:22.997881: W /samgraph/3rdparty/collcachelib/coll_cache_lib/cache_context.cu:2004] before create ctx, mem is 8.35 GB
[2022-12-05 18:53:24.133720: W /samgraph/3rdparty/collcachelib/coll_cache_lib/cache_context.cu:2010] after create ctx, mem is 8.78 GB
[2022-12-05 18:53:24.133879: W /samgraph/3rdparty/collcachelib/coll_cache_lib/cache_context.cu:2017] after create stream, mem is 8.78 GB
[2022-12-05 18:53:24.135495: W /samgraph/3rdparty/collcachelib/coll_cache_lib/cache_context.cu:2004] before create ctx, mem is 8.78 GB
[2022-12-05 18:53:25.341976: W /samgraph/3rdparty/collcachelib/coll_cache_lib/cache_context.cu:2010] after create ctx, mem is 9.20 GB
[2022-12-05 18:53:25.342238: W /samgraph/3rdparty/collcachelib/coll_cache_lib/cache_context.cu:2017] after create stream, mem is 9.20 GB
[2022-12-05 18:53:25.342514: W /samgraph/3rdparty/collcachelib/coll_cache_lib/cache_context.cu:2004] before create ctx, mem is 9.20 GB
[2022-12-05 18:53:26.508841: W /samgraph/3rdparty/collcachelib/coll_cache_lib/cache_context.cu:2010] after create ctx, mem is 9.96 GB
[2022-12-05 18:53:26.509190: W /samgraph/3rdparty/collcachelib/coll_cache_lib/cache_context.cu:2017] after create stream, mem is 9.96 GB
[2022-12-05 18:53:26.510191: W /samgraph/3rdparty/collcachelib/coll_cache_lib/cache_context.cu:2004] before create ctx, mem is 9.96 GB
[2022-12-05 18:53:27.713670: W /samgraph/3rdparty/collcachelib/coll_cache_lib/cache_context.cu:2010] after create ctx, mem is 10.34 GB
[2022-12-05 18:53:27.713754: W /samgraph/3rdparty/collcachelib/coll_cache_lib/cache_context.cu:2017] after create stream, mem is 10.34 GB
[2022-12-05 18:53:31.996026: W /samgraph/samgraph/common/cuda/cuda_device.cc:49] GPU[0] alloc cuda memory 1.51 GB
[2022-12-05 18:53:31.997570: W /samgraph/samgraph/common/cuda/cuda_device.cc:49] GPU[0] alloc cuda memory 10.04 MB
[2022-12-05 18:53:31.998823: W /samgraph/samgraph/common/cuda/cuda_device.cc:49] GPU[0] alloc cuda memory 10.04 MB
[2022-12-05 18:53:33.397702: W /samgraph/samgraph/common/cuda/cuda_device.cc:49] GPU[0] alloc cuda memory 1.51 GB
/usr/local/lib/python3.8/dist-packages/torch/nn/parallel/scatter_gather.py:9: UserWarning: is_namedtuple is deprecated, please use the python checks instead
  warnings.warn("is_namedtuple is deprecated, please use the python checks instead")
/usr/local/lib/python3.8/dist-packages/torch/nn/parallel/scatter_gather.py:9: UserWarning: is_namedtuple is deprecated, please use the python checks instead
  warnings.warn("is_namedtuple is deprecated, please use the python checks instead")
/usr/local/lib/python3.8/dist-packages/torch/nn/parallel/scatter_gather.py:9: UserWarning: is_namedtuple is deprecated, please use the python checks instead
  warnings.warn("is_namedtuple is deprecated, please use the python checks instead")
/usr/local/lib/python3.8/dist-packages/torch/nn/parallel/scatter_gather.py:9: UserWarning: is_namedtuple is deprecated, please use the python checks instead
  warnings.warn("is_namedtuple is deprecated, please use the python checks instead")
/usr/local/lib/python3.8/dist-packages/torch/nn/parallel/scatter_gather.py:9: UserWarning: is_namedtuple is deprecated, please use the python checks instead
  warnings.warn("is_namedtuple is deprecated, please use the python checks instead")
/usr/local/lib/python3.8/dist-packages/torch/nn/parallel/scatter_gather.py:9: UserWarning: is_namedtuple is deprecated, please use the python checks instead
  warnings.warn("is_namedtuple is deprecated, please use the python checks instead")
