[2022-12-05 19:33:48.646834: W /samgraph/samgraph/common/cpu/mmap_cpu_device.cc:92] mmap allocating space 12.87 GB
[2022-12-05 19:33:48.646914: W /samgraph/samgraph/common/cpu/mmap_cpu_device.cc:97] mmap allocating space 12.87 GB done
[2022-12-05 19:33:52.354377: W /samgraph/samgraph/common/cpu/mmap_cpu_device.cc:92] mmap allocating space 349.28 GB
[2022-12-05 19:33:52.354477: W /samgraph/samgraph/common/cpu/mmap_cpu_device.cc:97] mmap allocating space 349.28 GB done
[2022-12-05 19:33:52.354496: W /samgraph/samgraph/common/cpu/mmap_cpu_device.cc:92] mmap allocating space 1.82 GB
[2022-12-05 19:33:52.354508: W /samgraph/samgraph/common/cpu/mmap_cpu_device.cc:97] mmap allocating space 1.82 GB done
[2022-12-05 19:33:52.354550: W /samgraph/samgraph/common/cpu/cpu_device.cc:39] WORKER[0] alloc host memory 12.87 GB
[2022-12-05 19:33:52.983905: E /samgraph/samgraph/common/engine.cc:272] Train set size 7.64 MB
[2022-12-05 19:33:52.984262: W /samgraph/samgraph/common/cpu/mmap_cpu_device.cc:92] mmap allocating space 68.50 GB
[2022-12-05 19:33:52.984286: W /samgraph/samgraph/common/cpu/mmap_cpu_device.cc:97] mmap allocating space 68.50 GB done
/usr/lib/python3/dist-packages/requests/__init__.py:89: RequestsDependencyWarning: urllib3 (1.26.12) or chardet (3.0.4) doesn't match a supported version!
  warnings.warn("urllib3 ({}) or chardet ({}) doesn't match a supported "
[2022-12-05 19:33:54.272851: W /samgraph/samgraph/common/dist/dist_engine.cc:662] Trainer[2] initializing...
[2022-12-05 19:33:54.301881: W /samgraph/samgraph/common/dist/dist_engine.cc:662] Trainer[0] initializing...
[2022-12-05 19:33:54.363359: W /samgraph/samgraph/common/dist/dist_engine.cc:662] Trainer[1] initializing...
[2022-12-05 19:33:54.408324: W /samgraph/samgraph/common/dist/dist_engine.cc:662] Trainer[4] initializing...
[2022-12-05 19:33:54.431902: W /samgraph/samgraph/common/dist/dist_engine.cc:662] Trainer[3] initializing...
[2022-12-05 19:33:54.467474: W /samgraph/samgraph/common/dist/dist_engine.cc:662] Trainer[5] initializing...
[2022-12-05 19:33:55.818296: W /samgraph/samgraph/common/dist/dist_engine.cc:666] Trainer[2] pin memory queue...
[2022-12-05 19:33:55.818413: W /samgraph/samgraph/common/dist/dist_engine.cc:666] Trainer[0] pin memory queue...
[2022-12-05 19:33:55.832736: W /samgraph/samgraph/common/dist/dist_engine.cc:666] Trainer[1] pin memory queue...
[2022-12-05 19:33:55.843986: W /samgraph/samgraph/common/dist/dist_engine.cc:666] Trainer[4] pin memory queue...
[2022-12-05 19:33:55.845440: W /samgraph/samgraph/common/dist/dist_engine.cc:666] Trainer[3] pin memory queue...
[2022-12-05 19:33:55.847901: W /samgraph/samgraph/common/dist/dist_engine.cc:666] Trainer[5] pin memory queue...
[2022-12-05 19:34:15.574746: E /samgraph/samgraph/common/dist/dist_engine.cc:85] Running on A100
[2022-12-05 19:34:15.575427: E /samgraph/samgraph/common/dist/dist_engine.cc:85] Running on A100
[2022-12-05 19:34:15.575607: E /samgraph/samgraph/common/dist/dist_engine.cc:85] Running on A100
[2022-12-05 19:34:15.576795: W /samgraph/samgraph/common/dist/dist_engine.cc:701] Trainer[2] register host memory...
[2022-12-05 19:34:15.576808: W /samgraph/samgraph/common/dist/dist_engine.cc:701[] 2022-12-05 19:34:15Trainer[1] register host memory....
576815: W /samgraph/samgraph/common/dist/dist_engine.cc:701] Trainer[3] register host memory...
[2022-12-05 19:34:15.577590: E /samgraph/samgraph/common/dist/dist_engine.cc:85] Running on A100
[2022-12-05 19:34:15.578334: W /samgraph/samgraph/common/dist/dist_engine.cc:701] Trainer[0] register host memory...
[2022-12-05 19:34:15.627318: E /samgraph/samgraph/common/dist/dist_engine.cc:85] Running on A100
[2022-12-05 19:34:15.627481: W /samgraph/samgraph/common/dist/dist_engine.cc:701] Trainer[4] register host memory...
[2022-12-05 19:34:15.638482: E /samgraph/samgraph/common/dist/dist_engine.cc:85] Running on A100
[2022-12-05 19:34:15.638538: W /samgraph/samgraph/common/dist/dist_engine.cc:701] Trainer[5] register host memory...
[2022-12-05 19:34:15.777424: E /samgraph/samgraph/common/dist/dist_engine.cc:85] Running on A100
[2022-12-05 19:34:15.785357: E /samgraph/samgraph/common/dist/dist_engine.cc:85] Running on A100
[2022-12-05 19:34:15.788497: W /samgraph/samgraph/common/cuda/cuda_device.cc:49] GPU[6] alloc cuda memory 931.40 MB
[2022-12-05 19:34:15.901126: W /samgraph/samgraph/common/cuda/cuda_device.cc:49] GPU[6] alloc cuda memory 12.87 GB
[2022-12-05 19:34:17.258770: W /samgraph/samgraph/common/cuda/cuda_device.cc:49] GPU[6] alloc cuda memory 64.00 MB
[2022-12-05 19:34:17.262054: E /samgraph/samgraph/common/dist/pre_sampler.cc:41] Dist Presampler making shuffler...
[2022-12-05 19:34:17.264611: E /samgraph/samgraph/common/dist/pre_sampler.cc:44] Dist Presampler making shuffler...Done
[2022-12-05 19:34:17.264636: W /samgraph/samgraph/common/cpu/cpu_device.cc:39] WORKER[0] alloc host memory 1.82 GB
[2022-12-05 19:34:17.552774: E /samgraph/samgraph/common/dist/pre_sampler.cc:85] Dist Presampler doing presample epoch 0
[2022-12-05 19:34:25.174357: E /samgraph/samgraph/common/dist/pre_sampler.cc:129] presample spend 1.71726 on sample, 0.169675 on copy, 5.72729 on count
[2022-12-05 19:34:25.174465: E /samgraph/samgraph/common/dist/pre_sampler.cc:85] Dist Presampler doing presample epoch 1
[2022-12-05 19:34:32.956100: E /samgraph/samgraph/common/dist/pre_sampler.cc:129] presample spend 3.44877 on sample, 0.340699 on copy, 11.5992 on count
[2022-12-05 19:34:32.956197: E /samgraph/samgraph/common/dist/pre_sampler.cc:136] max_num_inputs = 975108, min_num_inputs = 930143
[2022-12-05 19:34:33.264890: E /samgraph/samgraph/common/dist/pre_sampler.cc:148] presample spend 0.308623 on sort freq.
[2022-12-05 19:34:33.627250: E /samgraph/samgraph/common/dist/dist_engine.cc:524] pre sample done, delete it
[[[[[[2022-12-05 19:34:332022-12-05 19:34:332022-12-05 19:34:332022-12-05 19:34:332022-12-05 19:34:33.2022-12-05 19:34:33....664653.664660664656664661664667: 664664: : : : W: WWWW W    /samgraph/samgraph/common/dist/dist_engine.cc /samgraph/samgraph/common/dist/dist_engine.cc/samgraph/samgraph/common/dist/dist_engine.cc/samgraph/samgraph/common/dist/dist_engine.cc/samgraph/samgraph/common/dist/dist_engine.cc:/samgraph/samgraph/common/dist/dist_engine.cc::::711:711711711711] 711] ] ] ] Trainer[1] building cache...] Trainer[4] building cache...Trainer[3] building cache...Trainer[5] building cache...Trainer[0] building cache...
Trainer[2] building cache...




[2022-12-05 19:34:33.667474[: 2022-12-05 19:34:33E. 667484/samgraph/3rdparty/collcachelib/coll_cache_lib/coll_cache/asymm_link_desc.cc: :E196 ] /samgraph/3rdparty/collcachelib/coll_cache_lib/coll_cache/asymm_link_desc.cc:build symm link desc with 6X NVIDIA A100-SXM4-80GB out of 8196
] build symm link desc with 6X NVIDIA A100-SXM4-80GB out of 8
[2022-12-05 19:34:33.[6675162022-12-05 19:34:33: .E667518 : /samgraph/3rdparty/collcachelib/coll_cache_lib/coll_cache/asymm_link_desc.ccE: 197/samgraph/3rdparty/collcachelib/coll_cache_lib/coll_cache/asymm_link_desc.cc] :remote time is 10.8824197
] remote time is 10.8824
[2022-12-05 19:34:33.667534[: 2022-12-05 19:34:33E. 667537/samgraph/3rdparty/collcachelib/coll_cache_lib/coll_cache/asymm_link_desc.cc: :E198 ] /samgraph/3rdparty/collcachelib/coll_cache_lib/coll_cache/asymm_link_desc.cccpu time is 41.1111:
198] cpu time is 41.1111
[2022-12-05 19:34:33.667625: E /samgraph/3rdparty/collcachelib/coll_cache_lib/coll_cache/asymm_link_desc.cc:196] build symm link desc with 6X NVIDIA A100-SXM4-80GB out of 8
[2022-12-05 19:34:33.667650: E /samgraph/3rdparty/collcachelib/coll_cache_lib/coll_cache/asymm_link_desc.cc:197] remote time is 10.8824
[2022-12-05 19:34:33.667661: E /samgraph/3rdparty/collcachelib/coll_cache_lib/coll_cache/asymm_link_desc.cc:198] cpu time is 41.1111
[2022-12-05 19:34:33.667846: E /samgraph/3rdparty/collcachelib/coll_cache_lib/coll_cache/asymm_link_desc.cc:196] build symm link desc with 6X NVIDIA A100-SXM4-80GB out of 8
[2022-12-05 19:34:33.667881: E /samgraph/3rdparty/collcachelib/coll_cache_lib/coll_cache/asymm_link_desc.cc:197] remote time is 10.8824
[2022-12-05 19:34:33.667892: E /samgraph/3rdparty/collcachelib/coll_cache_lib/coll_cache/asymm_link_desc.cc:198] cpu time is 41.1111
[2022-12-05 19:34:33.668017: E /samgraph/3rdparty/collcachelib/coll_cache_lib/coll_cache/asymm_link_desc.cc:196] build symm link desc with 6X NVIDIA A100-SXM4-80GB out of 8
[2022-12-05 19:34:33.668046: E /samgraph/3rdparty/collcachelib/coll_cache_lib/coll_cache/asymm_link_desc.cc:197] remote time is 10.8824
[2022-12-05 19:34:33.668058: E /samgraph/3rdparty/collcachelib/coll_cache_lib/coll_cache/asymm_link_desc.cc:198] cpu time is 41.1111
[2022-12-05 19:34:33.767040: E /samgraph/3rdparty/collcachelib/coll_cache_lib/coll_cache/asymm_link_desc.cc:196] build symm link desc with 6X NVIDIA A100-SXM4-80GB out of 8
[2022-12-05 19:34:33.767099: E /samgraph/3rdparty/collcachelib/coll_cache_lib/coll_cache/asymm_link_desc.cc:197] remote time is 10.8824
[2022-12-05 19:34:33.767110: E /samgraph/3rdparty/collcachelib/coll_cache_lib/coll_cache/asymm_link_desc.cc:198] cpu time is 41.1111
[2022-12-05 19:36:02.409617: E /samgraph/3rdparty/collcachelib/coll_cache_lib/facade.cc:115] solver created. now build & solve
[2022-12-05 19:36:02.513666: E /samgraph/3rdparty/collcachelib/coll_cache_lib/facade.cc:120] solver built. now solve
block 0 storage is 00000001
	access is	0	0	0	0	0	0	
block 1 storage is 00000010
	access is	1	1	1	1	1	1	
block 2 storage is 00000100
	access is	2	2	2	2	2	2	
block 3 storage is 00001000
	access is	3	3	3	3	3	3	
block 4 storage is 00010000
	access is	4	4	4	4	4	4	
block 5 storage is 00100000
	access is	5	5	5	5	5	5	
block 6 storage is 00000000
	access is	6	6	6	6	6	6	
[2022-12-05 19:36:04.397398: E /samgraph/3rdparty/collcachelib/coll_cache_lib/facade.cc:124] solver solved
[2022-12-05 19:36:04.397442: E /samgraph/3rdparty/collcachelib/coll_cache_lib/facade.cc:187] 0 solved master
[2022-12-05 19:36:04.397459: E /samgraph/3rdparty/collcachelib/coll_cache_lib/facade.cc:194] 0 solved
[2022-12-05 19:36:04.397469: E /samgraph/3rdparty/collcachelib/coll_cache_lib/facade.cc:197] worker 0 thread 0 initing device 0
[2022-12-05 19:36:04.398156: E /samgraph/3rdparty/collcachelib/coll_cache_lib/cache_context.cu:1762] Building Coll Cache with ... num gpu device is 6
[2022-12-05 19:36:04.440043: E /samgraph/3rdparty/collcachelib/coll_cache_lib/facade.cc:194] 2 solved
[2022-12-05 19:36:04.440101: E /samgraph/3rdparty/collcachelib/coll_cache_lib/facade.cc:197] worker 2 thread 2 initing device 2
[2022-12-05 19:36:04.440825: E /samgraph/3rdparty/collcachelib/coll_cache_lib/cache_context.cu:1762] Building Coll Cache with ... num gpu device is 6
[[2022-12-05 19:36:04.2022-12-05 19:36:04467123.: 467143E:  E/samgraph/3rdparty/collcachelib/coll_cache_lib/facade.cc :/samgraph/3rdparty/collcachelib/coll_cache_lib/facade.cc194:] 194] 1 solved5 solved

[[2022-12-05 19:36:042022-12-05 19:36:04..467188467189: : EE  /samgraph/3rdparty/collcachelib/coll_cache_lib/facade.cc/samgraph/3rdparty/collcachelib/coll_cache_lib/facade.cc::197197] ] worker 1 thread 1 initing device 1worker 5 thread 5 initing device 5

[2022-12-05 19:36:04.468009: E /samgraph/3rdparty/collcachelib/coll_cache_lib/cache_context.cu:1762] Building Coll Cache with ... num gpu device is 6
[2022-12-05 19:36:04.468031: E /samgraph/3rdparty/collcachelib/coll_cache_lib/cache_context.cu:1762] Building Coll Cache with ... num gpu device is 6
[[2022-12-05 19:36:04.2022-12-05 19:36:04471574.: 471574E:  E/samgraph/3rdparty/collcachelib/coll_cache_lib/facade.cc :/samgraph/3rdparty/collcachelib/coll_cache_lib/facade.cc194:] 194] 4 solved3 solved

[[2022-12-05 19:36:042022-12-05 19:36:04..471633471633: : EE  /samgraph/3rdparty/collcachelib/coll_cache_lib/facade.cc/samgraph/3rdparty/collcachelib/coll_cache_lib/facade.cc::197197] ] worker 4 thread 4 initing device 4worker 3 thread 3 initing device 3

[2022-12-05 19:36:04.472661: E /samgraph/3rdparty/collcachelib/coll_cache_lib/cache_context.cu:1762] Building Coll Cache with ... num gpu device is 6
[2022-12-05 19:36:04.472737: E /samgraph/3rdparty/collcachelib/coll_cache_lib/cache_context.cu:1762] Building Coll Cache with ... num gpu device is 6
[2022-12-05 19:36:04.529433: W /samgraph/3rdparty/collcachelib/coll_cache_lib/cpu/cpu_device.cc:39] WORKER[0] alloc host memory 55.88 MB
[[[[[[2022-12-05 19:36:062022-12-05 19:36:062022-12-05 19:36:062022-12-05 19:36:062022-12-05 19:36:062022-12-05 19:36:06......444024444024444025444024444024444025: : : : : : EEEEEE  /samgraph/3rdparty/collcachelib/coll_cache_lib/cache_context.cu    /samgraph/3rdparty/collcachelib/coll_cache_lib/cache_context.cu:/samgraph/3rdparty/collcachelib/coll_cache_lib/cache_context.cu/samgraph/3rdparty/collcachelib/coll_cache_lib/cache_context.cu/samgraph/3rdparty/collcachelib/coll_cache_lib/cache_context.cu/samgraph/3rdparty/collcachelib/coll_cache_lib/cache_context.cu:1871::::1871] 1871187118711871] Device 5 init p2p of link 0] ] ] ] Device 4 init p2p of link 5
Device 0 init p2p of link 1Device 1 init p2p of link 2Device 3 init p2p of link 4Device 2 init p2p of link 3




[2022-12-05 19:36:06.452424: E /samgraph/3rdparty/collcachelib/coll_cache_lib/cache_context.cu:1871] Device 5 init p2p of link 1
[2022-12-05 19:36:06.452633: E /samgraph/3rdparty/collcachelib/coll_cache_lib/cache_context.cu:1871] Device 0 init p2p of link 2
[2022-12-05 19:36:06.452668: E /samgraph/3rdparty/collcachelib/coll_cache_lib/cache_context.cu:1871] Device 1 init p2p of link 3
[2022-12-05 19:36:06.452704: E /samgraph/3rdparty/collcachelib/coll_cache_lib/cache_context.cu:1871] Device 4 init p2p of link 0
[2022-12-05 19:36:06.452783: E /samgraph/3rdparty/collcachelib/coll_cache_lib/cache_context.cu:1871] Device 2 init p2p of link 4
[2022-12-05 19:36:06.452801: E /samgraph/3rdparty/collcachelib/coll_cache_lib/cache_context.cu:1871] Device 3 init p2p of link 5
[2022-12-05 19:36:06.457058: E /samgraph/3rdparty/collcachelib/coll_cache_lib/cache_context.cu:1871] Device 5 init p2p of link 2
[2022-12-05 19:36:06.458872: E /samgraph/3rdparty/collcachelib/coll_cache_lib/cache_context.cu:1871] Device 0 init p2p of link 3
[2022-12-05 19:36:06.459043: E /samgraph/3rdparty/collcachelib/coll_cache_lib/cache_context.cu:1871] Device 1 init p2p of link 4
[2022-12-05 19:36:06.459242: E /samgraph/3rdparty/collcachelib/coll_cache_lib/cache_context.cu:1871] Device 4 init p2p of link 1
[2022-12-05 19:36:06[.2022-12-05 19:36:06459370.: 459373E:  E/samgraph/3rdparty/collcachelib/coll_cache_lib/cache_context.cu :/samgraph/3rdparty/collcachelib/coll_cache_lib/cache_context.cu1871:] 1871Device 3 init p2p of link 0] 
Device 2 init p2p of link 5
[2022-12-05 19:36:06.461805: E /samgraph/3rdparty/collcachelib/coll_cache_lib/cache_context.cu:1871] Device 5 init p2p of link 3
[2022-12-05 19:36:06.464080: E /samgraph/3rdparty/collcachelib/coll_cache_lib/cache_context.cu:1871] Device 0 init p2p of link 4
[2022-12-05 19:36:06.464490: E /samgraph/3rdparty/collcachelib/coll_cache_lib/cache_context.cu:1871] Device 1 init p2p of link 5
[2022-12-05 19:36:06.464947: E /samgraph/3rdparty/collcachelib/coll_cache_lib/cache_context.cu:1871] Device 4 init p2p of link 2
[2022-12-05 19:36:06.464967: E /samgraph/3rdparty/collcachelib/coll_cache_lib/cache_context.cu:1871] Device 2 init p2p of link 0
[2022-12-05 19:36:06.465084: E /samgraph/3rdparty/collcachelib/coll_cache_lib/cache_context.cu:1871] Device 3 init p2p of link 1
[2022-12-05 19:36:06.466712: E /samgraph/3rdparty/collcachelib/coll_cache_lib/cache_context.cu:1871] Device 5 init p2p of link 4
[2022-12-05 19:36:06.468522: E /samgraph/3rdparty/collcachelib/coll_cache_lib/cache_context.cu:1871] Device 0 init p2p of link 5
[2022-12-05 19:36:06.469549: E /samgraph/3rdparty/collcachelib/coll_cache_lib/cache_context.cu:1871] Device 1 init p2p of link 0
[2022-12-05 19:36:06.470519: E /samgraph/3rdparty/collcachelib/coll_cache_lib/cache_context.cu:1871] Device 3 init p2p of link 2
[2022-12-05 19:36:06.470602: E /samgraph/3rdparty/collcachelib/coll_cache_lib/cache_context.cu:1871] Device 4 init p2p of link 3
[2022-12-05 19:36:06.470648: E /samgraph/3rdparty/collcachelib/coll_cache_lib/cache_context.cu:1871] Device 2 init p2p of link 1
[2022-12-05 19:36:06.472192: E /samgraph/3rdparty/collcachelib/coll_cache_lib/cache_context.cu:1900] Asymm Coll cache (policy: clique_part) | local 14649629 / 244160499 nodes ( 6.00 %~6.00 %) | remote 73248145 / 244160499 nodes ( 30.00 %) | cpu 156262725 / 244160499 nodes ( 64.00 %) | 20.99 GB | 2.00414 secs 
[2022-12-05 19:36:06.474361: E /samgraph/3rdparty/collcachelib/coll_cache_lib/cache_context.cu:1900] Asymm Coll cache (policy: clique_part) | local 14649629 / 244160499 nodes ( 6.00 %~6.00 %) | remote 73248145 / 244160499 nodes ( 30.00 %) | cpu 156262725 / 244160499 nodes ( 64.00 %) | 20.99 GB | 2.07618 secs 
[2022-12-05 19:36:06.475615: E /samgraph/3rdparty/collcachelib/coll_cache_lib/cache_context.cu:1900] Asymm Coll cache (policy: clique_part) | local 14649629 / 244160499 nodes ( 6.00 %~6.00 %) | remote 73248145 / 244160499 nodes ( 30.00 %) | cpu 156262725 / 244160499 nodes ( 64.00 %) | 20.99 GB | 2.00758 secs 
[2022-12-05 19:36:06.477824: E /samgraph/3rdparty/collcachelib/coll_cache_lib/cache_context.cu:1900] Asymm Coll cache (policy: clique_part) | local 14649629 / 244160499 nodes ( 6.00 %~6.00 %) | remote 73248145 / 244160499 nodes ( 30.00 %) | cpu 156262725 / 244160499 nodes ( 64.00 %) | 20.99 GB | 2.00506 secs 
[2022-12-05 19:36:06.478484: E /samgraph/3rdparty/collcachelib/coll_cache_lib/cache_context.cu:1900] Asymm Coll cache (policy: clique_part) | local 14649629 / 244160499 nodes ( 6.00 %~6.00 %) | remote 73248145 / 244160499 nodes ( 30.00 %) | cpu 156262725 / 244160499 nodes ( 64.00 %) | 20.99 GB | 2.0058 secs 
[2022-12-05 19:36:06.479124: E /samgraph/3rdparty/collcachelib/coll_cache_lib/cache_context.cu:1900] Asymm Coll cache (policy: clique_part) | local 14649629 / 244160499 nodes ( 6.00 %~6.00 %) | remote 73248145 / 244160499 nodes ( 30.00 %) | cpu 156262725 / 244160499 nodes ( 64.00 %) | 20.99 GB | 2.03827 secs 
[2022-12-05 19:36:10.251697: W /samgraph/samgraph/common/cuda/cuda_device.cc:49] GPU[0] alloc cuda memory 1.51 GB
[2022-12-05 19:36:11.496043: W /samgraph/samgraph/common/cuda/cuda_device.cc:49] GPU[0] alloc cuda memory 1.51 GB
/usr/local/lib/python3.8/dist-packages/torch/nn/parallel/scatter_gather.py:9: UserWarning: is_namedtuple is deprecated, please use the python checks instead
  warnings.warn("is_namedtuple is deprecated, please use the python checks instead")
/usr/local/lib/python3.8/dist-packages/torch/nn/parallel/scatter_gather.py:9: UserWarning: is_namedtuple is deprecated, please use the python checks instead
  warnings.warn("is_namedtuple is deprecated, please use the python checks instead")
/usr/local/lib/python3.8/dist-packages/torch/nn/parallel/scatter_gather.py:9: UserWarning: is_namedtuple is deprecated, please use the python checks instead
  warnings.warn("is_namedtuple is deprecated, please use the python checks instead")
/usr/local/lib/python3.8/dist-packages/torch/nn/parallel/scatter_gather.py:9: UserWarning: is_namedtuple is deprecated, please use the python checks instead
  warnings.warn("is_namedtuple is deprecated, please use the python checks instead")
/usr/local/lib/python3.8/dist-packages/torch/nn/parallel/scatter_gather.py:9: UserWarning: is_namedtuple is deprecated, please use the python checks instead
  warnings.warn("is_namedtuple is deprecated, please use the python checks instead")
/usr/local/lib/python3.8/dist-packages/torch/nn/parallel/scatter_gather.py:9: UserWarning: is_namedtuple is deprecated, please use the python checks instead
  warnings.warn("is_namedtuple is deprecated, please use the python checks instead")
