[2022-12-05 18:46:16.356952: W /samgraph/samgraph/common/cpu/mmap_cpu_device.cc:92] mmap allocating space 12.87 GB
[2022-12-05 18:46:16.357025: W /samgraph/samgraph/common/cpu/mmap_cpu_device.cc:97] mmap allocating space 12.87 GB done
[2022-12-05 18:46:19.911590: W /samgraph/samgraph/common/cpu/mmap_cpu_device.cc:92] mmap allocating space 349.28 GB
[2022-12-05 18:46:19.911687: W /samgraph/samgraph/common/cpu/mmap_cpu_device.cc:97] mmap allocating space 349.28 GB done
[2022-12-05 18:46:19.911708: W /samgraph/samgraph/common/cpu/mmap_cpu_device.cc:92] mmap allocating space 1.82 GB
[2022-12-05 18:46:19.911721: W /samgraph/samgraph/common/cpu/mmap_cpu_device.cc:97] mmap allocating space 1.82 GB done
[2022-12-05 18:46:19.911763: W /samgraph/samgraph/common/cpu/cpu_device.cc:39] WORKER[0] alloc host memory 12.87 GB
[2022-12-05 18:46:20.497703: E /samgraph/samgraph/common/engine.cc:272] Train set size 7.64 MB
[2022-12-05 18:46:20.498084: W /samgraph/samgraph/common/cpu/mmap_cpu_device.cc:92] mmap allocating space 68.50 GB
[2022-12-05 18:46:20.498105: W /samgraph/samgraph/common/cpu/mmap_cpu_device.cc:97] mmap allocating space 68.50 GB done
/usr/lib/python3/dist-packages/requests/__init__.py:89: RequestsDependencyWarning: urllib3 (1.26.12) or chardet (3.0.4) doesn't match a supported version!
  warnings.warn("urllib3 ({}) or chardet ({}) doesn't match a supported "
[2022-12-05 18:46:21.743862: W /samgraph/samgraph/common/dist/dist_engine.cc:662] Trainer[0] initializing...
[2022-12-05 18:46:21.820545: W /samgraph/samgraph/common/dist/dist_engine.cc:662] Trainer[2] initializing...
[2022-12-05 18:46:21.861958: W /samgraph/samgraph/common/dist/dist_engine.cc:662] Trainer[1] initializing...
[2022-12-05 18:46:21.907904: W /samgraph/samgraph/common/dist/dist_engine.cc:662] Trainer[4] initializing...
[2022-12-05 18:46:21.964168: W /samgraph/samgraph/common/dist/dist_engine.cc:662] Trainer[5] initializing...
[2022-12-05 18:46:22.  4055: W /samgraph/samgraph/common/dist/dist_engine.cc:662] Trainer[3] initializing...
[2022-12-05 18:46:23.282932: W /samgraph/samgraph/common/dist/dist_engine.cc:666] Trainer[0] pin memory queue...
[2022-12-05 18:46:23.315368: W /samgraph/samgraph/common/dist/dist_engine.cc:666] Trainer[4] pin memory queue...
[2022-12-05 18:46:23.319826: W /samgraph/samgraph/common/dist/dist_engine.cc:666] Trainer[2] pin memory queue...
[2022-12-05 18:46:23.320168: W /samgraph/samgraph/common/dist/dist_engine.cc:666] Trainer[5] pin memory queue...
[2022-12-05 18:46:23.321153: W /samgraph/samgraph/common/dist/dist_engine.cc:666] Trainer[1] pin memory queue...
[2022-12-05 18:46:23.331953: W /samgraph/samgraph/common/dist/dist_engine.cc:666] Trainer[3] pin memory queue...
[2022-12-05 18:46:43.518173: E /samgraph/samgraph/common/dist/dist_engine.cc:85] Running on A100
[2022-12-05 18:46:43.519055: E /samgraph/samgraph/common/dist/dist_engine.cc:85] Running on A100
[2022-12-05 18:46:43.519752: W /samgraph/samgraph/common/dist/dist_engine.cc:701] Trainer[5] register host memory...
[2022-12-05 18:46:43.519932: E /samgraph/samgraph/common/dist/dist_engine.cc:85] Running on A100
[2022-12-05 18:46:43.520199: W /samgraph/samgraph/common/dist/dist_engine.cc:701] Trainer[3] register host memory...
[2022-12-05 18:46:43.520612: E /samgraph/samgraph/common/dist/dist_engine.cc:85] Running on A100
[2022-12-05 18:46:43.520781: W /samgraph/samgraph/common/dist/dist_engine.cc:701] Trainer[4] register host memory...
[2022-12-05 18:46:43.521272: W /samgraph/samgraph/common/dist/dist_engine.cc:701] Trainer[2] register host memory...
[2022-12-05 18:46:43.539277: E /samgraph/samgraph/common/dist/dist_engine.cc:85] Running on A100
[2022-12-05 18:46:43.539747: W /samgraph/samgraph/common/dist/dist_engine.cc:701] Trainer[1] register host memory...
[2022-12-05 18:46:43.564943: E /samgraph/samgraph/common/dist/dist_engine.cc:85] Running on A100
[2022-12-05 18:46:43.565109: W /samgraph/samgraph/common/dist/dist_engine.cc:701] Trainer[0] register host memory...
[2022-12-05 18:46:43.725219: E /samgraph/samgraph/common/dist/dist_engine.cc:85] Running on A100
[2022-12-05 18:46:43.746469: E /samgraph/samgraph/common/dist/dist_engine.cc:85] Running on A100
[2022-12-05 18:46:43.749914: W /samgraph/samgraph/common/cuda/cuda_device.cc:49] GPU[6] alloc cuda memory 931.40 MB
[2022-12-05 18:46:43.876573: W /samgraph/samgraph/common/cuda/cuda_device.cc:49] GPU[6] alloc cuda memory 12.87 GB
[2022-12-05 18:46:45.686353: W /samgraph/samgraph/common/cuda/cuda_device.cc:49] GPU[6] alloc cuda memory 64.00 MB
[2022-12-05 18:46:45.689736: E /samgraph/samgraph/common/dist/pre_sampler.cc:41] Dist Presampler making shuffler...
[2022-12-05 18:46:45.692283: E /samgraph/samgraph/common/dist/pre_sampler.cc:44] Dist Presampler making shuffler...Done
[2022-12-05 18:46:45.692308: W /samgraph/samgraph/common/cpu/cpu_device.cc:39] WORKER[0] alloc host memory 1.82 GB
[2022-12-05 18:46:45.980846: E /samgraph/samgraph/common/dist/pre_sampler.cc:85] Dist Presampler doing presample epoch 0
[2022-12-05 18:46:53.557233: E /samgraph/samgraph/common/dist/pre_sampler.cc:129] presample spend 1.70169 on sample, 0.169379 on copy, 5.69777 on count
[2022-12-05 18:46:53.557353: E /samgraph/samgraph/common/dist/pre_sampler.cc:85] Dist Presampler doing presample epoch 1
[2022-12-05 18:47:01.335580: E /samgraph/samgraph/common/dist/pre_sampler.cc:129] presample spend 3.47137 on sample, 0.34105 on copy, 11.5272 on count
[2022-12-05 18:47:01.335686: E /samgraph/samgraph/common/dist/pre_sampler.cc:136] max_num_inputs = 982982, min_num_inputs = 925819
[2022-12-05 18:47:01.708718: E /samgraph/samgraph/common/dist/pre_sampler.cc:148] presample spend 0.37297 on sort freq.
[2022-12-05 18:47:02. 48541: E /samgraph/samgraph/common/dist/dist_engine.cc:524] pre sample done, delete it
[[[[[[2022-12-05 18:47:022022-12-05 18:47:022022-12-05 18:47:022022-12-05 18:47:022022-12-05 18:47:022022-12-05 18:47:02.... 88971.. 88971 88971 88971:  88971 88968: : : W: : WWW WW   /samgraph/samgraph/common/dist/dist_engine.cc  /samgraph/samgraph/common/dist/dist_engine.cc/samgraph/samgraph/common/dist/dist_engine.cc/samgraph/samgraph/common/dist/dist_engine.cc:/samgraph/samgraph/common/dist/dist_engine.cc/samgraph/samgraph/common/dist/dist_engine.cc:::711::711711711] 711Trainer[4] building cache...711] ] ] ] Trainer[5] building cache...
] Trainer[0] building cache...Trainer[2] building cache...Trainer[1] building cache...
Trainer[3] building cache...



[2022-12-05 18:47:02. 90624: [E2022-12-05 18:47:02 ./samgraph/3rdparty/collcachelib/coll_cache_lib/run_config.cc 90633:: 134E]  using concurrent impl MPS/samgraph/3rdparty/collcachelib/coll_cache_lib/run_config.cc
:134] using concurrent impl MPS
[2022-12-05 18:47:02. 90653: E /samgraph/3rdparty/collcachelib/coll_cache_lib/run_config.cc:134] using concurrent impl MPS
[2022-12-05 18:47:02. 90666: E /samgraph/3rdparty/collcachelib/coll_cache_lib/run_config.cc:134] using concurrent impl MPS
[2022-12-05 18:47:02. 90731: E /samgraph/3rdparty/collcachelib/coll_cache_lib/run_config.cc:134] using concurrent impl MPS
[2022-12-05 18:47:02. 92101: E [/samgraph/3rdparty/collcachelib/coll_cache_lib/coll_cache/asymm_link_desc.cc2022-12-05 18:47:02:.196 92113] : build symm link desc with 6X NVIDIA A100-SXM4-80GB out of 8E
 /samgraph/3rdparty/collcachelib/coll_cache_lib/coll_cache/asymm_link_desc.cc:196] build symm link desc with 6X NVIDIA A100-SXM4-80GB out of 8
[2022-12-05 18:47:02.[ 921362022-12-05 18:47:02: .E 92138 : /samgraph/3rdparty/collcachelib/coll_cache_lib/coll_cache/asymm_link_desc.ccE: 197/samgraph/3rdparty/collcachelib/coll_cache_lib/coll_cache/asymm_link_desc.cc] :remote time is 10.8824197
] remote time is 10.8824
[2022-12-05 18:47:02.[ 921572022-12-05 18:47:02: .E 92159 : /samgraph/3rdparty/collcachelib/coll_cache_lib/coll_cache/asymm_link_desc.ccE: 198/samgraph/3rdparty/collcachelib/coll_cache_lib/coll_cache/asymm_link_desc.cc] :cpu time is 41.1111198
] cpu time is 41.1111
[2022-12-05 18:47:02. 92260: E /samgraph/3rdparty/collcachelib/coll_cache_lib/coll_cache/asymm_link_desc.cc:196] build symm link desc with 6X NVIDIA A100-SXM4-80GB out of 8
[2022-12-05 18:47:02. 92281: E /samgraph/3rdparty/collcachelib/coll_cache_lib/coll_cache/asymm_link_desc.cc:197] remote time is 10.8824
[2022-12-05 18:47:02. 92300: E /samgraph/3rdparty/collcachelib/coll_cache_lib/coll_cache/asymm_link_desc.cc:198] cpu time is 41.1111
[2022-12-05 18:47:02. 92451: E /samgraph/3rdparty/collcachelib/coll_cache_lib/coll_cache/asymm_link_desc.cc:196] build symm link desc with 6X NVIDIA A100-SXM4-80GB out of 8
[2022-12-05 18:47:02. 92475: E /samgraph/3rdparty/collcachelib/coll_cache_lib/coll_cache/asymm_link_desc.cc:197] remote time is 10.8824
[2022-12-05 18:47:02. 92486: E /samgraph/3rdparty/collcachelib/coll_cache_lib/coll_cache/asymm_link_desc.cc:198] cpu time is 41.1111
[2022-12-05 18:47:02. 92650: E /samgraph/3rdparty/collcachelib/coll_cache_lib/coll_cache/asymm_link_desc.cc:196] build symm link desc with 6X NVIDIA A100-SXM4-80GB out of 8
[2022-12-05 18:47:02. 92672: E /samgraph/3rdparty/collcachelib/coll_cache_lib/coll_cache/asymm_link_desc.cc:197] remote time is 10.8824
[2022-12-05 18:47:02. 92683: E /samgraph/3rdparty/collcachelib/coll_cache_lib/coll_cache/asymm_link_desc.cc:198] cpu time is 41.1111
[2022-12-05 18:47:02.128862: E /samgraph/3rdparty/collcachelib/coll_cache_lib/run_config.cc:134] using concurrent impl MPS
[2022-12-05 18:47:02.129904: E /samgraph/3rdparty/collcachelib/coll_cache_lib/coll_cache/asymm_link_desc.cc:196] build symm link desc with 6X NVIDIA A100-SXM4-80GB out of 8
[2022-12-05 18:47:02.129928: E /samgraph/3rdparty/collcachelib/coll_cache_lib/coll_cache/asymm_link_desc.cc:197] remote time is 10.8824
[2022-12-05 18:47:02.129939: E /samgraph/3rdparty/collcachelib/coll_cache_lib/coll_cache/asymm_link_desc.cc:198] cpu time is 41.1111
[2022-12-05 18:48:30.212634: E /samgraph/3rdparty/collcachelib/coll_cache_lib/facade.cc:115] solver created. now build & solve
[2022-12-05 18:48:30.325473: E /samgraph/3rdparty/collcachelib/coll_cache_lib/facade.cc:120] solver built. now solve
[2022-12-05 18:48:30.325515: E /samgraph/3rdparty/collcachelib/coll_cache_lib/coll_cache/optimal_solver_class.cc:895] num_cached_nodes = 2441604
[2022-12-05 18:48:32.225680: E /samgraph/3rdparty/collcachelib/coll_cache_lib/facade.cc:124] solver solved
[2022-12-05 18:48:32.225771: E /samgraph/3rdparty/collcachelib/coll_cache_lib/facade.cc:187] 0 solved master
[2022-12-05 18:48:32.225790: E /samgraph/3rdparty/collcachelib/coll_cache_lib/facade.cc:194] 0 solved
[2022-12-05 18:48:32.225800: E /samgraph/3rdparty/collcachelib/coll_cache_lib/facade.cc:197] worker 0 thread 0 initing device 0
[2022-12-05 18:48:32.268129: E /samgraph/3rdparty/collcachelib/coll_cache_lib/facade.cc:194] 2 solved
[2022-12-05 18:48:32.268194: E /samgraph/3rdparty/collcachelib/coll_cache_lib/facade.cc:197] worker 2 thread 2 initing device 2
[[2022-12-05 18:48:322022-12-05 18:48:32..296870296878: : EE  /samgraph/3rdparty/collcachelib/coll_cache_lib/facade.cc/samgraph/3rdparty/collcachelib/coll_cache_lib/facade.cc::194194] ] 4 solved5 solved

[[2022-12-05 18:48:322022-12-05 18:48:32..296937296937: : EE  /samgraph/3rdparty/collcachelib/coll_cache_lib/facade.cc/samgraph/3rdparty/collcachelib/coll_cache_lib/facade.cc::197197] ] worker 5 thread 5 initing device 5worker 4 thread 4 initing device 4

[2022-12-05 18:48:32.300024: [E 2022-12-05 18:48:32/samgraph/3rdparty/collcachelib/coll_cache_lib/facade.cc.:300049194: ] E 1 solved/samgraph/3rdparty/collcachelib/coll_cache_lib/facade.cc
:194] 3 solved
[2022-12-05 18:48:32.300083: E [/samgraph/3rdparty/collcachelib/coll_cache_lib/facade.cc2022-12-05 18:48:32:.197300087] : worker 1 thread 1 initing device 1E
 /samgraph/3rdparty/collcachelib/coll_cache_lib/facade.cc:197] worker 3 thread 3 initing device 3
[2022-12-05 18:48:32.764380: E /samgraph/3rdparty/collcachelib/coll_cache_lib/cache_context.cu:1740] Collaborative GPU cache (policy: rep_cache) | local 2441604 / 244160499 nodes ( 1.00 %~1.00 %) | remote 0 / 244160499 nodes ( 0.00 %) | cpu 241718895 / 244160499 nodes ( 99.00 %) | 3.49 GB | 0.466577 secs 
[2022-12-05 18:48:32.765501: E /samgraph/3rdparty/collcachelib/coll_cache_lib/cache_context.cu:1740] Collaborative GPU cache (policy: rep_cache) | local 2441604 / 244160499 nodes ( 1.00 %~1.00 %) | remote 0 / 244160499 nodes ( 0.00 %) | cpu 241718895 / 244160499 nodes ( 99.00 %) | 3.49 GB | 0.539001 secs 
[2022-12-05 18:48:32.766117: E /samgraph/3rdparty/collcachelib/coll_cache_lib/cache_context.cu:1740] Collaborative GPU cache (policy: rep_cache) | local 2441604 / 244160499 nodes ( 1.00 %~1.00 %) | remote 0 / 244160499 nodes ( 0.00 %) | cpu 241718895 / 244160499 nodes ( 99.00 %) | 3.49 GB | 0.468339 secs 
[2022-12-05 18:48:32.766857: W /samgraph/3rdparty/collcachelib/coll_cache_lib/cache_context.cu:2004] before create ctx, mem is 7.04 GB
[2022-12-05 18:48:32.769580: E /samgraph/3rdparty/collcachelib/coll_cache_lib/cache_context.cu:1740] Collaborative GPU cache (policy: rep_cache) | local 2441604 / 244160499 nodes ( 1.00 %~1.00 %) | remote 0 / 244160499 nodes ( 0.00 %) | cpu 241718895 / 244160499 nodes ( 99.00 %) | 3.49 GB | 0.467366 secs 
[2022-12-05 18:48:32.770642: E /samgraph/3rdparty/collcachelib/coll_cache_lib/cache_context.cu:1740] Collaborative GPU cache (policy: rep_cache) | local 2441604 / 244160499 nodes ( 1.00 %~1.00 %) | remote 0 / 244160499 nodes ( 0.00 %) | cpu 241718895 / 244160499 nodes ( 99.00 %) | 3.49 GB | 0.501748 secs 
[2022-12-05 18:48:32.771327: E /samgraph/3rdparty/collcachelib/coll_cache_lib/cache_context.cu:1740] Collaborative GPU cache (policy: rep_cache) | local 2441604 / 244160499 nodes ( 1.00 %~1.00 %) | remote 0 / 244160499 nodes ( 0.00 %) | cpu 241718895 / 244160499 nodes ( 99.00 %) | 3.49 GB | 0.469058 secs 
[2022-12-05 18:48:33.879457: W /samgraph/3rdparty/collcachelib/coll_cache_lib/cache_context.cu:2010] after create ctx, mem is 7.46 GB
[2022-12-05 18:48:33.881220: W /samgraph/3rdparty/collcachelib/coll_cache_lib/cache_context.cu:2017] after create stream, mem is 7.46 GB
[2022-12-05 18:48:33.883139: W /samgraph/3rdparty/collcachelib/coll_cache_lib/cache_context.cu:2004] before create ctx, mem is 7.46 GB
[2022-12-05 18:48:34.919982: W /samgraph/3rdparty/collcachelib/coll_cache_lib/cache_context.cu:2010] after create ctx, mem is 7.89 GB
[2022-12-05 18:48:34.920076: W /samgraph/3rdparty/collcachelib/coll_cache_lib/cache_context.cu:2017] after create stream, mem is 7.89 GB
[2022-12-05 18:48:34.921107: W /samgraph/3rdparty/collcachelib/coll_cache_lib/cache_context.cu:2004] before create ctx, mem is 7.89 GB
[2022-12-05 18:48:36.142092: W /samgraph/3rdparty/collcachelib/coll_cache_lib/cache_context.cu:2010] after create ctx, mem is 8.32 GB
[2022-12-05 18:48:36.143055: W /samgraph/3rdparty/collcachelib/coll_cache_lib/cache_context.cu:2017] after create stream, mem is 8.32 GB
[2022-12-05 18:48:36.143813: W /samgraph/3rdparty/collcachelib/coll_cache_lib/cache_context.cu:2004] before create ctx, mem is 8.32 GB
[2022-12-05 18:48:37.152979: W /samgraph/3rdparty/collcachelib/coll_cache_lib/cache_context.cu:2010] after create ctx, mem is 8.74 GB
[2022-12-05 18:48:37.153058: W /samgraph/3rdparty/collcachelib/coll_cache_lib/cache_context.cu:2017] after create stream, mem is 8.74 GB
[2022-12-05 18:48:37.153241: W /samgraph/3rdparty/collcachelib/coll_cache_lib/cache_context.cu:2004] before create ctx, mem is 8.74 GB
[2022-12-05 18:48:38.173140: W /samgraph/3rdparty/collcachelib/coll_cache_lib/cache_context.cu:2010] after create ctx, mem is 9.17 GB
[2022-12-05 18:48:38.173294: W /samgraph/3rdparty/collcachelib/coll_cache_lib/cache_context.cu:2017] after create stream, mem is 9.17 GB
[2022-12-05 18:48:38.173466: W /samgraph/3rdparty/collcachelib/coll_cache_lib/cache_context.cu:2004] before create ctx, mem is 9.17 GB
[2022-12-05 18:48:39.228538: W /samgraph/3rdparty/collcachelib/coll_cache_lib/cache_context.cu:2010] after create ctx, mem is 9.92 GB
[2022-12-05 18:48:39.231301: W /samgraph/3rdparty/collcachelib/coll_cache_lib/cache_context.cu:2017] after create stream, mem is 9.92 GB
[2022-12-05 18:48:39.232079: W /samgraph/3rdparty/collcachelib/coll_cache_lib/cache_context.cu:2004] before create ctx, mem is 9.92 GB
[2022-12-05 18:48:40.430112: W /samgraph/3rdparty/collcachelib/coll_cache_lib/cache_context.cu:2010] after create ctx, mem is 10.31 GB
[2022-12-05 18:48:40.430194: W /samgraph/3rdparty/collcachelib/coll_cache_lib/cache_context.cu:2017] after create stream, mem is 10.31 GB
[2022-12-05 18:48:45.131851: W /samgraph/samgraph/common/cuda/cuda_device.cc:49] GPU[0] alloc cuda memory 1.52 GB
[2022-12-05 18:48:45.133104: W /samgraph/samgraph/common/cuda/cuda_device.cc:49] GPU[0] alloc cuda memory 10.14 MB
[2022-12-05 18:48:45.133609: W /samgraph/samgraph/common/cuda/cuda_device.cc:49] GPU[0] alloc cuda memory 10.14 MB
[2022-12-05 18:48:46.574609: W /samgraph/samgraph/common/cuda/cuda_device.cc:49] GPU[0] alloc cuda memory 1.52 GB
/usr/local/lib/python3.8/dist-packages/torch/nn/parallel/scatter_gather.py:9: UserWarning: is_namedtuple is deprecated, please use the python checks instead
  warnings.warn("is_namedtuple is deprecated, please use the python checks instead")
/usr/local/lib/python3.8/dist-packages/torch/nn/parallel/scatter_gather.py:9: UserWarning: is_namedtuple is deprecated, please use the python checks instead
  warnings.warn("is_namedtuple is deprecated, please use the python checks instead")
/usr/local/lib/python3.8/dist-packages/torch/nn/parallel/scatter_gather.py:9: UserWarning: is_namedtuple is deprecated, please use the python checks instead
  warnings.warn("is_namedtuple is deprecated, please use the python checks instead")
/usr/local/lib/python3.8/dist-packages/torch/nn/parallel/scatter_gather.py:9: UserWarning: is_namedtuple is deprecated, please use the python checks instead
  warnings.warn("is_namedtuple is deprecated, please use the python checks instead")
/usr/local/lib/python3.8/dist-packages/torch/nn/parallel/scatter_gather.py:9: UserWarning: is_namedtuple is deprecated, please use the python checks instead
  warnings.warn("is_namedtuple is deprecated, please use the python checks instead")
/usr/local/lib/python3.8/dist-packages/torch/nn/parallel/scatter_gather.py:9: UserWarning: is_namedtuple is deprecated, please use the python checks instead
  warnings.warn("is_namedtuple is deprecated, please use the python checks instead")
