config:eval_tsp="2022-12-05 17:19:30"
config:arch=arch5
config:num_train_worker=6
config:num_sample_worker=2
config:sample_type=khop2
config:root_path=/nvme/graph-learning-copy/samgraph/
config:dataset=com-friendster
config:pipeline=False
config:cache_policy=coll_cache_asymm_link
config:cache_percentage=0.05
config:num_epoch=4
config:batch_size=8000
config:num_hidden=256
config:max_sampling_jobs=1
config:max_copying_jobs=1
config:barriered_epoch=1
config:presample_epoch=2
config:omp_thread_num=6
config:unsupervised=True
config:amp=True
config:rolling=0
config:fanout=[25, 10]
config:lr=0.003
config:dropout=0.5
config:single_gpu=False
config:max_num_step=1000
config:validate_configs=False
config:report_acc=0
config:dataset_path=/nvme/graph-learning-copy/samgraph/com-friendster
config:torch_thread_num=9
config:train_workers=['cuda:0', 'cuda:1', 'cuda:2', 'cuda:3', 'cuda:4', 'cuda:5']
config:sample_workers=['cuda:6', 'cuda:7']
config:num_fanout=2
config:num_layer=2
config:_run_mode=RunMode.FGNN
config:_log_level=warn
config:_profile_level=3
config:_empty_feat=0
config:_arch=5
config:_sample_type=5
config:_cache_policy=13
test_result:init:input_scale_factor=1.1
0 :  {link #0 : 1}, {link #1 : 2}, {link #2 : 3}, {link #3 : 4}, {link #4 : 5},
1 :  {link #0 : 2}, {link #1 : 3}, {link #2 : 4}, {link #3 : 5}, {link #4 : 0},
2 :  {link #0 : 3}, {link #1 : 4}, {link #2 : 5}, {link #3 : 0}, {link #4 : 1},
3 :  {link #0 : 4}, {link #1 : 5}, {link #2 : 0}, {link #3 : 1}, {link #4 : 2},
4 :  {link #0 : 5}, {link #1 : 0}, {link #2 : 1}, {link #3 : 2}, {link #4 : 3},
5 :  {link #0 : 0}, {link #1 : 1}, {link #2 : 2}, {link #3 : 3}, {link #4 : 4},
0 :  {link #0 : 1}, {link #1 : 2}, {link #2 : 3}, {link #3 : 4}, {link #4 : 5},
1 :  {link #0 : 2}, {link #1 : 3}, {link #2 : 4}, {link #3 : 5}, {link #4 : 0},
2 :  {link #0 : 3}, {link #1 : 4}, {link #2 : 5}, {link #3 : 0}, {link #4 : 1},
3 :  {link #0 : 4}, {link #1 : 5}, {link #2 : 0}, {link #3 : 1}, {link #4 : 2},
4 :  {link #0 : 5}, {link #1 : 0}, {link #2 : 1}, {link #3 : 2}, {link #4 : 3},
5 :  {link #0 : 0}, {link #1 : 1}, {link #2 : 2}, {link #3 : 3}, {link #4 : 4},
0 :  {link #0 : 1}, {link #1 : 2}, {link #2 : 3}, {link #3 : 4}, {link #4 : 5},
1 :  {link #0 : 2}, {link #1 : 3}, {link #2 : 4}, {link #3 : 5}, {link #4 : 0},
2 :  {link #0 : 3}, {link #1 : 4}, {link #2 : 5}, {link #3 : 0}, {link #4 : 1},
3 :  {link #0 : 4}, {link #1 : 5}, {link #2 : 0}, {link #3 : 1}, {link #4 : 2},
4 :  {link #0 : 5}, {link #1 : 0}, {link #2 : 1}, {link #3 : 2}, {link #4 : 3},
5 :  {link #0 : 0}, {link #1 : 1}, {link #2 : 2}, {link #3 : 3}, {link #4 : 4},
0 :  {link #0 : 1}, {link #1 : 2}, {link #2 : 3}, {link #3 : 4}, {link #4 : 5},
1 :  {link #0 : 2}, {link #1 : 3}, {link #2 : 4}, {link #3 : 5}, {link #4 : 0},
2 :  {link #0 : 3}, {link #1 : 4}, {link #2 : 5}, {link #3 : 0}, {link #4 : 1},
3 :  {link #0 : 4}, {link #1 : 5}, {link #2 : 0}, {link #3 : 1}, {link #4 : 2},
4 :  {link #0 : 5}, {link #1 : 0}, {link #2 : 1}, {link #3 : 2}, {link #4 : 3},
5 :  {link #0 : 0}, {link #1 : 1}, {link #2 : 2}, {link #3 : 3}, {link #4 : 4},
0 :  {link #0 : 1}, {link #1 : 2}, {link #2 : 3}, {link #3 : 4}, {link #4 : 5},
1 :  {link #0 : 2}, {link #1 : 3}, {link #2 : 4}, {link #3 : 5}, {link #4 : 0},
2 :  {link #0 : 3}, {link #1 : 4}, {link #2 : 5}, {link #3 : 0}, {link #4 : 1},
3 :  {link #0 : 4}, {link #1 : 5}, {link #2 : 0}, {link #3 : 1}, {link #4 : 2},
4 :  {link #0 : 5}, {link #1 : 0}, {link #2 : 1}, {link #3 : 2}, {link #4 : 3},
5 :  {link #0 : 0}, {link #1 : 1}, {link #2 : 2}, {link #3 : 3}, {link #4 : 4},
0 :  {link #0 : 1}, {link #1 : 2}, {link #2 : 3}, {link #3 : 4}, {link #4 : 5},
1 :  {link #0 : 2}, {link #1 : 3}, {link #2 : 4}, {link #3 : 5}, {link #4 : 0},
2 :  {link #0 : 3}, {link #1 : 4}, {link #2 : 5}, {link #3 : 0}, {link #4 : 1},
3 :  {link #0 : 4}, {link #1 : 5}, {link #2 : 0}, {link #3 : 1}, {link #4 : 2},
4 :  {link #0 : 5}, {link #1 : 0}, {link #2 : 1}, {link #3 : 2}, {link #4 : 3},
5 :  {link #0 : 0}, {link #1 : 1}, {link #2 : 2}, {link #3 : 3}, {link #4 : 4},
Set parameter WLSAccessID
Set parameter WLSSecret
Set parameter LicenseID
Set parameter TimeLimit to value 200
Set parameter MIPGap to value 0.05
Set parameter GomoryPasses to value 0
Set parameter Aggregate to value 0
Set parameter LogFile to value "cppsolver.log"
Set parameter Threads to value 12
Academic license - for non-commercial use only - registered to xiaoniu.sxn@sjtu.edu.cn
Gurobi Optimizer version 9.5.1 build v9.5.1rc2 (linux64)
Thread count: 56 physical cores, 112 logical processors, using up to 12 threads
Academic license - for non-commercial use only - registered to xiaoniu.sxn@sjtu.edu.cn
Optimize a model with 192372 rows, 38265 columns and 465348 nonzeros
Model fingerprint: 0xebc74866
Variable types: 7 continuous, 38258 integer (38258 binary)
Coefficient statistics:
  Matrix range     [2e-04, 6e+03]
  Objective range  [1e+00, 1e+00]
  Bounds range     [1e+00, 1e+00]
  RHS range        [1e+00, 1e+04]
Found heuristic solution: objective 501122.49125
Presolve removed 155105 rows and 0 columns
Presolve time: 0.31s
Presolved: 37267 rows, 38265 columns, 149973 nonzeros
Variable types: 7 continuous, 38258 integer (38258 binary)

Deterministic concurrent LP optimizer: primal and dual simplex
Showing first log only...


Use crossover to convert LP symmetric solution to basic solution...
Concurrent spin time: 0.15s

Solved with dual simplex

Root relaxation: objective 7.490882e+04, 8435 iterations, 0.33 seconds (0.21 work units)

    Nodes    |    Current Node    |     Objective Bounds      |     Work
 Expl Unexpl |  Obj  Depth IntInf | Incumbent    BestBd   Gap | It/Node Time

     0     0 74908.8169    0   49 501122.491 74908.8169  85.1%     -    1s
H    0     0                    75092.938759 74908.8169  0.25%     -    1s

Explored 1 nodes (38342 simplex iterations) in 1.27 seconds (1.35 work units)
Thread count was 12 (of 112 available processors)

Solution count 2: 75092.9 501122 

Optimal solution found (tolerance 5.00e-02)
Best objective 7.509293875916e+04, best bound 7.490881685411e+04, gap 0.2452%
coll_cache:optimal_local_rate=0.150015,0.161397,0.14059,0.121352,0.14417,0.163805,
coll_cache:optimal_remote_rate=0.730604,0.719222,0.740029,0.759267,0.736449,0.716814,
coll_cache:optimal_cpu_rate=0.119381,0.119381,0.119381,0.119381,0.119381,0.119381,
z=75092.9
test_result:init:feat_nbytes=67182966784
test_result:init:cache_nbytes=3362322432
test_result:init:feat_nbytes=67182966784
test_result:init:cache_nbytes=3364766720
test_result:init:feat_nbytes=67182966784
test_result:init:cache_nbytes=3365554176
test_result:init:feat_nbytes=67182966784
test_result:init:cache_nbytes=3361852416
test_result:init:feat_nbytes=67182966784
test_result:init:cache_nbytes=3360917504
test_result:init:feat_nbytes=67182966784
test_result:init:cache_nbytes=3365680128
[Train  Worker 2/6] Started with PID 15679(NVIDIA A100-SXM4-80GB)
[Train  Worker 2] run train for 4 epochs with 1002 steps
[Train  Worker 4/6] Started with PID 15685(NVIDIA A100-SXM4-80GB)
[Train  Worker 4] run train for 4 epochs with 1002 steps
[Train  Worker 3/6] Started with PID 15682(NVIDIA A100-SXM4-80GB)
[Train  Worker 3] run train for 4 epochs with 1002 steps
[Train  Worker 5/6] Started with PID 15688(NVIDIA A100-SXM4-80GB)
[Train  Worker 5] run train for 4 epochs with 1002 steps
[Train  Worker 1/6] Started with PID 15676(NVIDIA A100-SXM4-80GB)
[Train  Worker 1] run train for 4 epochs with 1002 steps
[CUDA] cuda0: usage: 20.92 GB
[SAM] cuda0 data alloc        : 0.00 Bytes
[SAM] cuda0 workspace         : 9.23 GB
[SAM] cuda0 workspace reserve : 4.58 GB
[SAM] cuda0 total             : 9.23 GB
[Train  Worker 0/6] Started with PID 15673(NVIDIA A100-SXM4-80GB)
[Train  Worker 0] run train for 4 epochs with 1002 steps
Epoch 00000 | Epoch Time 12.2364 | Total Train Time(Profiler) 4.3147 | Copy Time 7.9081
[CUDA] cuda0: usage: 20.92 GB
[SAM] cuda0 data alloc        : 0.00 Bytes
[SAM] cuda0 workspace         : 9.23 GB
[SAM] cuda0 workspace reserve : 4.58 GB
[SAM] cuda0 total             : 9.23 GB
Epoch 00001 | Epoch Time 10.8518 | Total Train Time(Profiler) 2.9821 | Copy Time 7.8575
[CUDA] cuda0: usage: 20.92 GB
[SAM] cuda0 data alloc        : 0.00 Bytes
[SAM] cuda0 workspace         : 9.23 GB
[SAM] cuda0 workspace reserve : 4.58 GB
[SAM] cuda0 total             : 9.23 GB
Epoch 00002 | Epoch Time 10.8586 | Total Train Time(Profiler) 2.9854 | Copy Time 7.8609
[CUDA] cuda0: usage: 20.92 GB
[SAM] cuda0 data alloc        : 0.00 Bytes
[SAM] cuda0 workspace         : 9.23 GB
[SAM] cuda0 workspace reserve : 4.58 GB
[SAM] cuda0 total             : 9.23 GB
Epoch 00003 | Epoch Time 12.3987 | Total Train Time(Profiler) 2.9731 | Copy Time 9.4127
[Train  Worker 5] Avg Epoch Time 11.3695 | Train Total Time(Profiler) 3.0223 | Copy Time 8.3346
[Train  Worker 3] Avg Epoch Time 11.3697 | Train Total Time(Profiler) 3.0208 | Copy Time 8.3366
[Train  Worker 2] Avg Epoch Time 11.3696 | Train Total Time(Profiler) 3.0242 | Copy Time 8.3332
[Train  Worker 1] Avg Epoch Time 11.3698 | Train Total Time(Profiler) 3.0264 | Copy Time 8.3305
[Train  Worker 4] Avg Epoch Time 11.3697 | Train Total Time(Profiler) 3.0496 | Copy Time 8.3076
[Train  Worker 0] Avg Epoch Time 11.3697 | Train Total Time(Profiler) 2.9802 | Copy Time 8.3771
[Sample Worker 1/2] Started with PID 15669(NVIDIA A100-SXM4-80GB)
[Sample Worker 1] run sample for 4 epochs with 501 steps
[Sample Worker 1] Avg Sample Total Time 5.0103 | Sampler Total Time(Profiler) 5.0054
    [Step(average) Profiler Level 1 E3 S500]
        L1  sample           0.005903 | send           0.004092
        L1  recv             0.000000 | copy           0.000000 | convert time 0.000000 | train  0.000000
        L1  feature nbytes 0.00 Bytes | label nbytes 0.00 Bytes
        L1  id nbytes      0.00 Bytes | graph nbytes 0.00 Bytes
        L1  miss nbytes    0.00 Bytes | remote nbytes 0.00 Bytes
        L1  num nodes         4299309 | num samples     5579047
    [Step(average) Profiler Level 2 E3 S500]
        L2  shuffle     0.000231 | core sample  0.002470 | id remap        0.002979
        L2  graph copy  0.000000 | id copy      0.000000 | cache feat copy 0.000000
        L2  last layer sample time 0.000371 | size 228011.962741
    [Step(average) Profiler Level 3 E3 S500]
        L3  khop sample coo  0.001746 | khop sort coo      0.000000 | khop count edge     0.000054 | khop compact edge 0.000616
        L3  walk sample coo  0.000000 | walk topk total    0.000000 | walk topk step1     0.000000 | walk topk step2   0.000000
        L3  walk topk step3  0.000000 | walk topk step4    0.000000 | walk topk step5     0.000000
        L3  walk topk step6  0.000000 | walk topk step7    0.000000
        L3  remap unique     0.000215 | remap populate     0.002376 | remap mapnode       0.000000 | remap mapedge     0.000621
        L3  cache get_index  0.000000 | cache copy_index   0.000000 | cache extract_miss  0.000000
        L3  cache copy_miss  0.000000 | cache combine_miss 0.000000 | cache combine cache 0.000000 | cache combine remote 0.000000
        L3  label extract  0.000000
    [Init Profiler Level 1]
        L1  init     5.0222 | sampler init    90.0960 | trainer init 0.0000
    [Init Profiler Level 2]
        L2  load ds         6.9139 | init queue          19.9337
        L2  presample      66.4636 | build interal ds     1.8054
        L2  build cache     0.0000
    [Init Profiler Level 3]
        L3  load dataset: mmap     5.0211 | copy         1.8929
        L3  dist queue: alloc      0.0003 | pin         19.9334 | push     0.0000
        L3  presample: init        0.0882
        L3  presample: sample     12.9384 | copy         1.4533
        L3  presample: count      51.6410 | sort         0.1910
        L3  presample: reset       0.0015 | get rank     0.0173
        L3  internal: cuda ctx     1.5845 | cuda stream     0.2103
[Sample Worker 0/2] Started with PID 15667(NVIDIA A100-SXM4-80GB)
[Sample Worker 0] run sample for 4 epochs with 501 steps
[Sample Worker 0] Avg Sample Total Time 5.0132 | Sampler Total Time(Profiler) 5.0075
test_result:sample_time=2.9572
test_result:get_cache_miss_index_time=0.0000
test_result:enqueue_samples_time=2.0503
test_result:epoch_time:sample_total=5.0132
[CUDA] cuda0: usage: 20.92 GB
[SAM] cuda0 data alloc        : 0.00 Bytes
[SAM] cuda0 workspace         : 9.23 GB
[SAM] cuda0 workspace reserve : 4.58 GB
[SAM] cuda0 total             : 9.23 GB
    [Step(average) Profiler Level 1 E3 S1001]
        L1  sample           0.000000 | send           0.000000
        L1  recv             0.007631 | copy           0.049921 | convert time 0.000348 | train  0.017740
        L1  feature nbytes    4.10 GB | label nbytes   62.50 KB
        L1  id nbytes      0.00 Bytes | graph nbytes 0.00 Bytes
        L1  miss nbytes     505.61 MB | remote nbytes    3.00 GB
        L1  num nodes               0 | num samples           0
    [Step(average) Profiler Level 2 E3 S1001]
        L2  shuffle     0.000000 | core sample  0.000000 | id remap        0.000000
        L2  graph copy  0.000004 | id copy      0.000000 | cache feat copy 0.042286
        L2  last layer sample time 0.000000 | size 0.000000
    [Step(average) Profiler Level 3 E3 S1001]
        L3  khop sample coo  0.000000 | khop sort coo      0.000000 | khop count edge     0.000000 | khop compact edge 0.000000
        L3  walk sample coo  0.000000 | walk topk total    0.000000 | walk topk step1     0.000000 | walk topk step2   0.000000
        L3  walk topk step3  0.000000 | walk topk step4    0.000000 | walk topk step5     0.000000
        L3  walk topk step6  0.000000 | walk topk step7    0.000000
        L3  remap unique     0.000000 | remap populate     0.000000 | remap mapnode       0.000000 | remap mapedge     0.000000
        L3  cache get_index  0.001012 | cache copy_index   0.000000 | cache extract_miss  0.000000
        L3  cache copy_miss  0.000000 | cache combine_miss 0.041179 | cache combine cache 0.001532 | cache combine remote 0.015575
        L3  label extract  0.000017
    [Step(max) Profiler Level 1 E3 S1001]
        L1  sample           0.000000 | send           0.000000
        L1  recv             0.000000 | copy           0.000000 | convert time 0.000000 | train  0.000000
        L1  feature nbytes 0.00 Bytes | label nbytes 0.00 Bytes
        L1  id nbytes      0.00 Bytes | graph nbytes   42.93 MB
        L1  miss nbytes    0.00 Bytes | remote nbytes 0.00 Bytes
        L1  num nodes               0 | num samples           0
    [Step(max) Profiler Level 2 E3 S1001]
        L2  shuffle     0.000000 | core sample  0.000000 | id remap        0.000000
        L2  graph copy  0.000000 | id copy      0.000000 | cache feat copy 0.000000
        L2  last layer sample time 0.000000 | size 0.000000
    [Step(max) Profiler Level 3 E3 S1001]
        L3  khop sample coo  0.000000 | khop sort coo      0.000000 | khop count edge     0.000000 | khop compact edge 0.000000
        L3  walk sample coo  0.000000 | walk topk total    0.000000 | walk topk step1     0.000000 | walk topk step2   0.000000
        L3  walk topk step3  0.000000 | walk topk step4    0.000000 | walk topk step5     0.000000
        L3  walk topk step6  0.000000 | walk topk step7    0.000000
        L3  remap unique     0.000000 | remap populate     0.000000 | remap mapnode       0.000000 | remap mapedge     0.000000
        L3  cache get_index  0.000000 | cache copy_index   0.000000 | cache extract_miss  0.000000
        L3  cache copy_miss  0.000000 | cache combine_miss 0.000000 | cache combine cache 0.000000 | cache combine remote 0.000000
        L3  label extract  0.000000
    [Step(min) Profiler Level 1 E3 S1001]
        L1  sample           0.000000 | send           0.000000
        L1  recv             0.000000 | copy           0.000000 | convert time 0.000000 | train  0.000000
        L1  feature nbytes 0.00 Bytes | label nbytes 0.00 Bytes
        L1  id nbytes      0.00 Bytes | graph nbytes   42.45 MB
        L1  miss nbytes    0.00 Bytes | remote nbytes 0.00 Bytes
        L1  num nodes               0 | num samples           0
    [Step(min) Profiler Level 2 E3 S1001]
        L2  shuffle     0.000000 | core sample  0.000000 | id remap        0.000000
        L2  graph copy  0.000000 | id copy      0.000000 | cache feat copy 0.000000
        L2  last layer sample time 0.000000 | size 0.000000
    [Step(min) Profiler Level 3 E3 S1001]
        L3  khop sample coo  0.000000 | khop sort coo      0.000000 | khop count edge     0.000000 | khop compact edge 0.000000
        L3  walk sample coo  0.000000 | walk topk total    0.000000 | walk topk step1     0.000000 | walk topk step2   0.000000
        L3  walk topk step3  0.000000 | walk topk step4    0.000000 | walk topk step5     0.000000
        L3  walk topk step6  0.000000 | walk topk step7    0.000000
        L3  remap unique     0.000000 | remap populate     0.000000 | remap mapnode       0.000000 | remap mapedge     0.000000
        L3  cache get_index  0.000000 | cache copy_index   0.000000 | cache extract_miss  0.000000
        L3  cache copy_miss  0.000000 | cache combine_miss 0.000000 | cache combine cache 0.000000 | cache combine remote 0.000000
        L3  label extract  0.000000
    [Init Profiler Level 1]
        L1  init     5.0222 | sampler init     0.0000 | trainer init 121.2318
    [Init Profiler Level 2]
        L2  load ds         5.0211 | init queue          19.9069
        L2  presample       0.0000 | build interal ds     1.5375
        L2  build cache    99.7819
    [Init Profiler Level 3]
        L3  load dataset: mmap     5.0211 | copy         0.0000
        L3  dist queue: alloc      0.0003 | pin         19.9066 | push     0.0000
        L3  presample: init        0.0000
        L3  presample: sample      0.0000 | copy         0.0000
        L3  presample: count       0.0000 | sort         0.0000
        L3  presample: reset       0.0000 | get rank     0.0000
        L3  internal: cuda ctx     1.5374 | cuda stream     0.0000
|===========================================================================|
|                  PyTorch CUDA memory summary, device ID 0                 |
|---------------------------------------------------------------------------|
|            CUDA OOMs: 0            |        cudaMalloc retries: 0         |
|===========================================================================|
|        Metric         | Cur Usage  | Peak Usage | Tot Alloc  | Tot Freed  |
|---------------------------------------------------------------------------|
| Allocated memory      |   60723 KB |    2627 MB |    3627 GB |    3627 GB |
|       from large pool |   51950 KB |    2626 MB |    3615 GB |    3615 GB |
|       from small pool |    8773 KB |      11 MB |      12 GB |      12 GB |
|---------------------------------------------------------------------------|
| Active memory         |   60724 KB |    2627 MB |    3627 GB |    3627 GB |
|       from large pool |   51950 KB |    2626 MB |    3615 GB |    3615 GB |
|       from small pool |    8774 KB |      11 MB |      12 GB |      12 GB |
|---------------------------------------------------------------------------|
| GPU reserved memory   |    2646 MB |    2646 MB |    2646 MB |       0 B  |
|       from large pool |    2632 MB |    2632 MB |    2632 MB |       0 B  |
|       from small pool |      14 MB |      14 MB |      14 MB |       0 B  |
|---------------------------------------------------------------------------|
| Non-releasable memory |   72396 KB |    2250 MB |    3344 GB |    3344 GB |
|       from large pool |   68882 KB |    2244 MB |    3332 GB |    3332 GB |
|       from small pool |    3514 KB |       8 MB |      12 GB |      12 GB |
|---------------------------------------------------------------------------|
| Allocations           |      39    |      56    |   91555    |   91516    |
|       from large pool |       3    |      14    |   36740    |   36737    |
|       from small pool |      36    |      45    |   54815    |   54779    |
|---------------------------------------------------------------------------|
| Active allocs         |      40    |      56    |   91555    |   91515    |
|       from large pool |       3    |      14    |   36740    |   36737    |
|       from small pool |      37    |      45    |   54815    |   54778    |
|---------------------------------------------------------------------------|
| GPU reserved segments |      15    |      15    |      15    |       0    |
|       from large pool |       8    |       8    |       8    |       0    |
|       from small pool |       7    |       7    |       7    |       0    |
|---------------------------------------------------------------------------|
| Non-releasable allocs |      16    |      28    |   35571    |   35555    |
|       from large pool |       3    |      10    |   20927    |   20924    |
|       from small pool |      13    |      21    |   14644    |   14631    |
|---------------------------------------------------------------------------|
| Oversize allocations  |       0    |       0    |       0    |       0    |
|---------------------------------------------------------------------------|
| Oversize GPU segments |       0    |       0    |       0    |       0    |
|===========================================================================|

test_result:epoch_time:copy_time=8.3771
test_result:convert_time=0.0575
test_result:train_time=2.9226
test_result:epoch_time:train_total=2.9802
test_result:cache_percentage=0.0500
test_result:cache_hit_rate=1.0000
test_result:run_time=66.4656
