succeed=True
config:eval_tsp="2023-04-15 16:28:00"
config:arch=arch5
config:num_train_worker=3
config:num_sample_worker=1
config:sample_type=khop2
config:root_path=/nvme/graph-learning-copy/samgraph/
config:dataset=mag240m-homo
config:pipeline=True
config:cache_policy=rep
config:cache_percentage=0.02
config:num_epoch=4
config:batch_size=8000
config:num_hidden=256
config:max_sampling_jobs=1
config:max_copying_jobs=1
config:barriered_epoch=1
config:presample_epoch=2
config:omp_thread_num=40
config:unsupervised=False
config:amp=True
config:rolling=0
config:fanout=[25, 10]
config:lr=0.003
config:dropout=0.5
config:single_gpu=False
config:max_num_step=100000
config:validate_configs=False
config:report_acc=0
config:dataset_path=/nvme/graph-learning-copy/samgraph/mag240m-homo
config:torch_thread_num=13
config:train_workers=['cuda:0', 'cuda:1', 'cuda:2']
config:sample_workers=['cuda:3']
config:num_fanout=2
config:num_layer=2
config:_run_mode=RunMode.FGNN
config:_log_level=warn
config:_profile_level=3
config:_empty_feat=25
config:_arch=5
config:_sample_type=5
config:_cache_policy=12
test_result:init:input_scale_factor=1.1
0 :  {link #0 : 1}, {link #1 : 2},
1 :  {link #0 : 2}, {link #1 : 0},
2 :  {link #0 : 0}, {link #1 : 1},
0 :  {link #0 : 1}, {link #1 : 2},
1 :  {link #0 : 2}, {link #1 : 0},
2 :  {link #0 : 0}, {link #1 : 1},
0 : local 80, cpu 0 {link #0 : g1 0}, {link #1 : g2 0},
1 : local 80, cpu 0 {link #0 : g2 0}, {link #1 : g0 0},
2 : local 80, cpu 0 {link #0 : g0 0}, {link #1 : g1 0},
0 : local 80, cpu 0 {link #0 : g1 0}, {link #1 : g2 0},
1 : local 80, cpu 0 {link #0 : g2 0}, {link #1 : g0 0},
2 : local 80, cpu 0 {link #0 : g0 0}, {link #1 : g1 0},
0 :  {link #0 : 1}, {link #1 : 2},
1 :  {link #0 : 2}, {link #1 : 0},
2 :  {link #0 : 0}, {link #1 : 1},
0 : local 80, cpu 0 {link #0 : g1 0}, {link #1 : g2 0},
1 : local 80, cpu 0 {link #0 : g2 0}, {link #1 : g0 0},
2 : local 80, cpu 0 {link #0 : g0 0}, {link #1 : g1 0},
coll_cache:optimal_rep_storage=0.02
coll_cache:optimal_part_storage=0
coll_cache:optimal_cpu_storage=0.98
coll_cache:optimal_local_storage=0.02
coll_cache:optimal_remote_storage=0
coll_cache:optimal_local_rate=0.772974
coll_cache:optimal_remote_rate=0
coll_cache:optimal_cpu_rate=0.227026
z=965.262
test_result:init:feat_nbytes=375030526464
test_result:init:cache_nbytes=7875640320
test_result:init:feat_nbytes=375030526464
test_result:init:cache_nbytes=7875640320
test_result:init:feat_nbytes=375030526464
test_result:init:cache_nbytes=7875640320
0 :  {link #0 : 1}, {link #1 : 2},
1 :  {link #0 : 2}, {link #1 : 0},
2 :  {link #0 : 0}, {link #1 : 1},
0 :  {link #0 : 1}, {link #1 : 2},
1 :  {link #0 : 2}, {link #1 : 0},
2 :  {link #0 : 0}, {link #1 : 1},
0 : local 80, cpu 0 {link #0 : g1 0}, {link #1 : g2 0},
1 : local 80, cpu 0 {link #0 : g2 0}, {link #1 : g0 0},
2 : local 80, cpu 0 {link #0 : g0 0}, {link #1 : g1 0},
0 : local 80, cpu 0 {link #0 : g1 0}, {link #1 : g2 0},
1 : local 80, cpu 0 {link #0 : g2 0}, {link #1 : g0 0},
2 : local 80, cpu 0 {link #0 : g0 0}, {link #1 : g1 0},
0 :  {link #0 : 1}, {link #1 : 2},
1 :  {link #0 : 2}, {link #1 : 0},
2 :  {link #0 : 0}, {link #1 : 1},
0 : local 80, cpu 0 {link #0 : g1 0}, {link #1 : g2 0},
1 : local 80, cpu 0 {link #0 : g2 0}, {link #1 : g0 0},
2 : local 80, cpu 0 {link #0 : g0 0}, {link #1 : g1 0},
test_result:init:cache_nbytes=0
test_result:init:cache_nbytes=0
test_result:init:cache_nbytes=0
[Train  Worker 0/3] Started with PID 48695(Tesla V100-SXM2-16GB)
[Train  Worker 0] run train for 4 epochs with 141 steps
Epoch 00000 | Epoch Time 4.3173 | Total Train Time(Profiler) 4.1072 | Copy Time 3.1104
Epoch 00001 | Epoch Time 2.9170 | Total Train Time(Profiler) 2.7466 | Copy Time 2.8878
Epoch 00002 | Epoch Time 3.3240 | Total Train Time(Profiler) 2.8382 | Copy Time 3.2970
Epoch 00003 | Epoch Time 3.0068 | Total Train Time(Profiler) 2.7761 | Copy Time 2.9783
[Train  Worker 0] Avg Epoch Time 3.0826 | Train Total Time(Profiler) 2.7870 | Copy Time 3.0544
[Train  Worker 2/3] Started with PID 48698(Tesla V100-SXM2-16GB)
[Train  Worker 2] run train for 4 epochs with 141 steps
[Train  Worker 2] Avg Epoch Time 3.0826 | Train Total Time(Profiler) 2.8984 | Copy Time 3.0521
[Train  Worker 1/3] Started with PID 48696(Tesla V100-SXM2-16GB)
[Train  Worker 1] run train for 4 epochs with 141 steps
[Train  Worker 1] Avg Epoch Time 3.0826 | Train Total Time(Profiler) 2.5942 | Copy Time 3.0550
    [Step(average) Profiler Level 1 E3 S140]
        L1  sample           0.004741 | send           0.001235
        L1  recv             0.002448 | copy           0.065002 | convert time 0.000489 | train  0.058319
        L1  feature nbytes    1.51 GB | label nbytes   62.50 KB
        L1  id nbytes      0.00 Bytes | graph nbytes   11.14 MB
        L1  miss nbytes    0.00 Bytes | remote nbytes 0.00 Bytes
        L1  num nodes         1052434 | num samples     1459910
    [Step(average) Profiler Level 2 E3 S140]
        L2  shuffle     0.000292 | core sample  0.001509 | id remap        0.002843
        L2  graph copy  0.000003 | id copy      0.000000 | cache feat copy 0.062551
        L2  last layer sample time 0.000293 | size 65739.075829
    [Step(average) Profiler Level 3 E3 S140]
        L3  khop sample coo  0.001227 | khop sort coo      0.000000 | khop count edge     0.000036 | khop compact edge 0.000207
        L3  walk sample coo  0.000000 | walk topk total    0.000000 | walk topk step1     0.000000 | walk topk step2   0.000000
        L3  walk topk step3  0.000000 | walk topk step4    0.000000 | walk topk step5     0.000000
        L3  walk topk step6  0.000000 | walk topk step7    0.000000
        L3  remap unique     0.000000 | remap populate     0.002394 | remap mapnode       0.000000 | remap mapedge     0.000449
        L3  cache get_index  0.018733 | cache copy_index   0.000000 | cache extract_miss  0.000000
        L3  cache copy_miss  0.000000 | cache combine_miss 0.000000 | cache combine cache 0.036453 | cache combine remote 0.000000
        L3  label extract  0.000293
    [Init Profiler Level 1]
        L1  init    11.7863 | sampler init    12.1856 | trainer init 0.0000
    [Init Profiler Level 2]
        L2  load ds        14.9903 | init queue           3.1531
        L2  presample       4.0303 | build interal ds     1.7953
        L2  build cache     0.0000
    [Init Profiler Level 3]
        L3  load dataset: mmap    11.7816 | copy         3.2087
        L3  dist queue: alloc      0.0026 | pin          3.1505 | push     0.0000
        L3  presample: init        0.6372
        L3  presample: sample      1.3588 | copy         0.0953
        L3  presample: count       0.5908 | sort         0.5549
        L3  presample: reset       0.0006 | get rank     0.0815
        L3  internal: cuda ctx     1.5555 | cuda stream     0.2356
[Sample Worker 0/1] Started with PID 48693(Tesla V100-SXM2-16GB)
[Sample Worker 0] run sample for 4 epochs with 141 steps
[Sample Worker 0] Avg Sample Total Time 0.8441 | Sampler Total Time(Profiler) 0.8426
test_result:sample_time=0.6684
test_result:get_cache_miss_index_time=0.0000
test_result:enqueue_samples_time=0.1742
test_result:epoch_time:sample_total=0.8441
test_result:pipeline_sample_epoch_time=3.0828
[CUDA] cuda0: usage: 13.02 GB
[SAM] cuda0 data alloc        : 0.00 Bytes
[SAM] cuda0 workspace         : 3.33 GB
[SAM] cuda0 workspace reserve : 1.66 GB
[SAM] cuda0 total             : 3.33 GB
    [Step(average) Profiler Level 1 E3 S140]
        L1  sample           0.004741 | send           0.001235
        L1  recv             0.002448 | copy           0.065002 | convert time 0.000489 | train  0.058319
        L1  feature nbytes    1.51 GB | label nbytes   62.50 KB
        L1  id nbytes      0.00 Bytes | graph nbytes   11.14 MB
        L1  miss nbytes    0.00 Bytes | remote nbytes 0.00 Bytes
        L1  num nodes         1052434 | num samples     1459910
        L1  seq duration     0.000000 | refresh duration   0.000000
    [Step(average) Profiler Level 2 E3 S140]
        L2  shuffle     0.000292 | core sample  0.001509 | id remap        0.002843
        L2  graph copy  0.000003 | id copy      0.000000 | cache feat copy 0.062551
        L2  last layer sample time 0.000293 | size 65739.075829
    [Step(average) Profiler Level 3 E3 S140]
        L3  khop sample coo  0.001227 | khop sort coo      0.000000 | khop count edge     0.000036 | khop compact edge 0.000207
        L3  walk sample coo  0.000000 | walk topk total    0.000000 | walk topk step1     0.000000 | walk topk step2   0.000000
        L3  walk topk step3  0.000000 | walk topk step4    0.000000 | walk topk step5     0.000000
        L3  walk topk step6  0.000000 | walk topk step7    0.000000
        L3  remap unique     0.000000 | remap populate     0.002394 | remap mapnode       0.000000 | remap mapedge     0.000449
        L3  cache get_index  0.018733 | cache copy_index   0.000000 | cache extract_miss  0.000000
        L3  cache copy_miss  0.000000 | cache combine_miss 0.000000 | cache combine cache 0.036453 | cache combine remote 0.000000
        L3  label extract  0.000293
    [Init Profiler Level 1]
        L1  init    11.7863 | sampler init     0.0000 | trainer init 21.4790
    [Init Profiler Level 2]
        L2  load ds        11.7816 | init queue           3.1464
        L2  presample       0.0000 | build interal ds     1.5006
        L2  build cache    16.8336
    [Init Profiler Level 3]
        L3  load dataset: mmap    11.7816 | copy         0.0000
        L3  dist queue: alloc      0.0026 | pin          3.1438 | push     0.0000
        L3  presample: init        0.0000
        L3  presample: sample      0.0000 | copy         0.0000
        L3  presample: count       0.0000 | sort         0.0000
        L3  presample: reset       0.0000 | get rank     0.0000
        L3  internal: cuda ctx     1.5005 | cuda stream     0.0000
|===========================================================================|
|                  PyTorch CUDA memory summary, device ID 0                 |
|---------------------------------------------------------------------------|
|            CUDA OOMs: 0            |        cudaMalloc retries: 0         |
|===========================================================================|
|        Metric         | Cur Usage  | Peak Usage | Tot Alloc  | Tot Freed  |
|---------------------------------------------------------------------------|
| Allocated memory      |   43147 KB |  730133 KB |  401041 MB |  400999 MB |
|       from large pool |   33517 KB |  727100 KB |  398232 MB |  398199 MB |
|       from small pool |    9630 KB |   11961 KB |    2809 MB |    2800 MB |
|---------------------------------------------------------------------------|
| Active memory         |   43148 KB |  730133 KB |  401041 MB |  400999 MB |
|       from large pool |   33517 KB |  727100 KB |  398232 MB |  398199 MB |
|       from small pool |    9630 KB |   11961 KB |    2809 MB |    2800 MB |
|---------------------------------------------------------------------------|
| GPU reserved memory   |     882 MB |     882 MB |     882 MB |       0 B  |
|       from large pool |     866 MB |     866 MB |     866 MB |       0 B  |
|       from small pool |      16 MB |      16 MB |      16 MB |       0 B  |
|---------------------------------------------------------------------------|
| Non-releasable memory |  112500 KB |  647644 KB |  293452 MB |  293342 MB |
|       from large pool |  109842 KB |  642717 KB |  290475 MB |  290367 MB |
|       from small pool |    2657 KB |    5983 KB |    2977 MB |    2974 MB |
|---------------------------------------------------------------------------|
| Allocations           |      42    |      57    |   22597    |   22555    |
|       from large pool |       7    |      18    |    9779    |    9772    |
|       from small pool |      35    |      41    |   12818    |   12783    |
|---------------------------------------------------------------------------|
| Active allocs         |      43    |      57    |   22597    |   22554    |
|       from large pool |       7    |      18    |    9779    |    9772    |
|       from small pool |      36    |      41    |   12818    |   12782    |
|---------------------------------------------------------------------------|
| GPU reserved segments |      18    |      18    |      18    |       0    |
|       from large pool |      10    |      10    |      10    |       0    |
|       from small pool |       8    |       8    |       8    |       0    |
|---------------------------------------------------------------------------|
| Non-releasable allocs |      18    |      29    |   10619    |   10601    |
|       from large pool |       6    |      13    |    6380    |    6374    |
|       from small pool |      12    |      21    |    4239    |    4227    |
|---------------------------------------------------------------------------|
| Oversize allocations  |       0    |       0    |       0    |       0    |
|---------------------------------------------------------------------------|
| Oversize GPU segments |       0    |       0    |       0    |       0    |
|===========================================================================|

test_result:epoch_time:copy_time=3.0544
test_result:convert_time=0.0226
test_result:train_time=2.7644
test_result:epoch_time:train_total=2.7870
test_result:cache_percentage=0.0200
test_result:cache_hit_rate=1.0000
test_result:run_time=13.5682
test_result:pipeline_train_epoch_time=3.0826

