succeed=True
config:eval_tsp="2023-04-15 16:21:12"
config:arch=arch5
config:num_train_worker=3
config:num_sample_worker=1
config:sample_type=khop2
config:root_path=/nvme/graph-learning-copy/samgraph/
config:dataset=mag240m-homo
config:pipeline=True
config:cache_policy=rep
config:cache_percentage=0.02
config:num_epoch=4
config:batch_size=2000
config:num_hidden=256
config:max_sampling_jobs=1
config:max_copying_jobs=1
config:barriered_epoch=1
config:presample_epoch=2
config:omp_thread_num=40
config:unsupervised=True
config:amp=True
config:rolling=0
config:fanout=[25, 10]
config:lr=0.003
config:dropout=0.5
config:single_gpu=False
config:max_num_step=1000
config:validate_configs=False
config:report_acc=0
config:dataset_path=/nvme/graph-learning-copy/samgraph/mag240m-homo
config:torch_thread_num=13
config:train_workers=['cuda:0', 'cuda:1', 'cuda:2']
config:sample_workers=['cuda:3']
config:num_fanout=2
config:num_layer=2
config:_run_mode=RunMode.FGNN
config:_log_level=warn
config:_profile_level=3
config:_empty_feat=25
config:_arch=5
config:_sample_type=5
config:_cache_policy=12
test_result:init:input_scale_factor=1.10038
0 :  {link #0 : 1}, {link #1 : 2},
1 :  {link #0 : 2}, {link #1 : 0},
2 :  {link #0 : 0}, {link #1 : 1},
0 : local 80, cpu 0 {link #0 : g1 0}, {link #1 : g2 0},
1 : local 80, cpu 0 {link #0 : g2 0}, {link #1 : g0 0},
2 : local 80, cpu 0 {link #0 : g0 0}, {link #1 : g1 0},
0 :  {link #0 : 1}, {link #1 : 2},
1 :  {link #0 : 2}, {link #1 : 0},
2 :  {link #0 : 0}, {link #1 : 1},
0 : local 80, cpu 0 {link #0 : g1 0}, {link #1 : g2 0},
1 : local 80, cpu 0 {link #0 : g2 0}, {link #1 : g0 0},
2 : local 80, cpu 0 {link #0 : g0 0}, {link #1 : g1 0},
0 :  {link #0 : 1}, {link #1 : 2},
1 :  {link #0 : 2}, {link #1 : 0},
2 :  {link #0 : 0}, {link #1 : 1},
0 : local 80, cpu 0 {link #0 : g1 0}, {link #1 : g2 0},
1 : local 80, cpu 0 {link #0 : g2 0}, {link #1 : g0 0},
2 : local 80, cpu 0 {link #0 : g0 0}, {link #1 : g1 0},
coll_cache:optimal_rep_storage=0.02
coll_cache:optimal_part_storage=0
coll_cache:optimal_cpu_storage=0.98
coll_cache:optimal_local_storage=0.02
coll_cache:optimal_remote_storage=0
coll_cache:optimal_local_rate=0.320813
coll_cache:optimal_remote_rate=0
coll_cache:optimal_cpu_rate=0.679187
z=17133.5
test_result:init:feat_nbytes=375030526464
test_result:init:cache_nbytes=7875640320
test_result:init:feat_nbytes=375030526464
test_result:init:cache_nbytes=7875640320
test_result:init:feat_nbytes=375030526464
test_result:init:cache_nbytes=7875640320
[Train  Worker 2/3] Started with PID 47281(Tesla V100-SXM2-16GB)
[Train  Worker 2] run train for 4 epochs with 1002 steps
[Train  Worker 1/3] Started with PID 47277(Tesla V100-SXM2-16GB)
[Train  Worker 1] run train for 4 epochs with 1002 steps
[CUDA] cuda0: usage: 12.77 GB
[SAM] cuda0 data alloc        : 0.00 Bytes
[SAM] cuda0 workspace         : 3.08 GB
[SAM] cuda0 workspace reserve : 1.53 GB
[SAM] cuda0 total             : 3.08 GB
[Train  Worker 0/3] Started with PID 47275(Tesla V100-SXM2-16GB)
[Train  Worker 0] run train for 4 epochs with 1002 steps
Epoch 00000 | Epoch Time 49.0558 | Total Train Time(Profiler) 37.4233 | Copy Time 47.4310
[CUDA] cuda0: usage: 12.77 GB
[SAM] cuda0 data alloc        : 0.00 Bytes
[SAM] cuda0 workspace         : 3.08 GB
[SAM] cuda0 workspace reserve : 1.53 GB
[SAM] cuda0 total             : 3.08 GB
Epoch 00001 | Epoch Time 45.0325 | Total Train Time(Profiler) 35.3537 | Copy Time 44.8240
[CUDA] cuda0: usage: 12.77 GB
[SAM] cuda0 data alloc        : 0.00 Bytes
[SAM] cuda0 workspace         : 3.08 GB
[SAM] cuda0 workspace reserve : 1.53 GB
[SAM] cuda0 total             : 3.08 GB
Epoch 00002 | Epoch Time 48.1963 | Total Train Time(Profiler) 35.7942 | Copy Time 48.0320
[CUDA] cuda0: usage: 12.77 GB
[SAM] cuda0 data alloc        : 0.00 Bytes
[SAM] cuda0 workspace         : 3.08 GB
[SAM] cuda0 workspace reserve : 1.53 GB
[SAM] cuda0 total             : 3.08 GB
Epoch 00003 | Epoch Time 47.8482 | Total Train Time(Profiler) 38.0513 | Copy Time 47.6689
[Train  Worker 2] Avg Epoch Time 47.0255 | Train Total Time(Profiler) 41.5742 | Copy Time 46.8277
[Train  Worker 1] Avg Epoch Time 47.0256 | Train Total Time(Profiler) 39.3638 | Copy Time 46.8323
[Train  Worker 0] Avg Epoch Time 47.0257 | Train Total Time(Profiler) 36.3997 | Copy Time 46.8416
    [Step(average) Profiler Level 1 E3 S1001]
        L1  sample           0.003696 | send           0.000988
        L1  recv             0.001415 | copy           0.140207 | convert time 0.000605 | train  0.116531
        L1  feature nbytes    1.36 GB | label nbytes   15.62 KB
        L1  id nbytes      0.00 Bytes | graph nbytes    8.41 MB
        L1  miss nbytes    0.00 Bytes | remote nbytes 0.00 Bytes
        L1  num nodes          953740 | num samples     1098706
    [Step(average) Profiler Level 2 E3 S1001]
        L2  shuffle     0.000095 | core sample  0.001057 | id remap        0.002358
        L2  graph copy  0.000006 | id copy      0.000000 | cache feat copy 0.138786
        L2  last layer sample time 0.000279 | size 49774.477205
    [Step(average) Profiler Level 3 E3 S1001]
        L3  khop sample coo  0.000772 | khop sort coo      0.000000 | khop count edge     0.000034 | khop compact edge 0.000200
        L3  walk sample coo  0.000000 | walk topk total    0.000000 | walk topk step1     0.000000 | walk topk step2   0.000000
        L3  walk topk step3  0.000000 | walk topk step4    0.000000 | walk topk step5     0.000000
        L3  walk topk step6  0.000000 | walk topk step7    0.000000
        L3  remap unique     0.000176 | remap populate     0.002009 | remap mapnode       0.000000 | remap mapedge     0.000362
        L3  cache get_index  0.009092 | cache copy_index   0.000000 | cache extract_miss  0.000000
        L3  cache copy_miss  0.000000 | cache combine_miss 0.000000 | cache combine cache 0.097981 | cache combine remote 0.000000
        L3  label extract  0.004434
    [Init Profiler Level 1]
        L1  init    12.4587 | sampler init    66.3326 | trainer init 0.0000
    [Init Profiler Level 2]
        L2  load ds        15.6993 | init queue          41.7984
        L2  presample      19.5224 | build interal ds     1.7687
        L2  build cache     0.0000
    [Init Profiler Level 3]
        L3  load dataset: mmap    12.4558 | copy         3.2435
        L3  dist queue: alloc      0.0008 | pin         41.7976 | push     0.0000
        L3  presample: init        1.2989
        L3  presample: sample      7.6584 | copy         0.6092
        L3  presample: count       7.2550 | sort         1.0178
        L3  presample: reset       0.0016 | get rank     0.0822
        L3  internal: cuda ctx     1.4641 | cuda stream     0.2945
[Sample Worker 0/1] Started with PID 47273(Tesla V100-SXM2-16GB)
[Sample Worker 0] run sample for 4 epochs with 1002 steps
[Sample Worker 0] Avg Sample Total Time 4.7051 | Sampler Total Time(Profiler) 4.6942
test_result:sample_time=3.7038
test_result:get_cache_miss_index_time=0.0000
test_result:enqueue_samples_time=0.9903
test_result:epoch_time:sample_total=4.7051
test_result:pipeline_sample_epoch_time=47.0259
[CUDA] cuda0: usage: 12.77 GB
[SAM] cuda0 data alloc        : 0.00 Bytes
[SAM] cuda0 workspace         : 3.08 GB
[SAM] cuda0 workspace reserve : 1.53 GB
[SAM] cuda0 total             : 3.08 GB
    [Step(average) Profiler Level 1 E3 S1001]
        L1  sample           0.003696 | send           0.000988
        L1  recv             0.001415 | copy           0.140207 | convert time 0.000605 | train  0.116531
        L1  feature nbytes    1.36 GB | label nbytes   15.62 KB
        L1  id nbytes      0.00 Bytes | graph nbytes    8.41 MB
        L1  miss nbytes    0.00 Bytes | remote nbytes 0.00 Bytes
        L1  num nodes          953740 | num samples     1098706
        L1  seq duration     0.000000 | refresh duration 258635603891673578032499465471040368692917689553174382624255442899804235057945098996725259703462428934340533923706672323218496852159962373383961948407597700743168.000000
    [Step(average) Profiler Level 2 E3 S1001]
        L2  shuffle     0.000095 | core sample  0.001057 | id remap        0.002358
        L2  graph copy  0.000006 | id copy      0.000000 | cache feat copy 0.138786
        L2  last layer sample time 0.000279 | size 49774.477205
    [Step(average) Profiler Level 3 E3 S1001]
        L3  khop sample coo  0.000772 | khop sort coo      0.000000 | khop count edge     0.000034 | khop compact edge 0.000200
        L3  walk sample coo  0.000000 | walk topk total    0.000000 | walk topk step1     0.000000 | walk topk step2   0.000000
        L3  walk topk step3  0.000000 | walk topk step4    0.000000 | walk topk step5     0.000000
        L3  walk topk step6  0.000000 | walk topk step7    0.000000
        L3  remap unique     0.000176 | remap populate     0.002009 | remap mapnode       0.000000 | remap mapedge     0.000362
        L3  cache get_index  0.009092 | cache copy_index   0.000000 | cache extract_miss  0.000000
        L3  cache copy_miss  0.000000 | cache combine_miss 0.000000 | cache combine cache 0.097981 | cache combine remote 0.000000
        L3  label extract  0.004434
    [Step(max) Profiler Level 1 E3 S1001]
        L1  sample           0.113087 | send           0.001019
        L1  recv             0.124916 | copy           0.206608 | convert time 0.002711 | train  0.185070
        L1  feature nbytes    1.41 GB | label nbytes   15.62 KB
        L1  id nbytes      0.00 Bytes | graph nbytes    8.64 MB
        L1  miss nbytes    0.00 Bytes | remote nbytes 0.00 Bytes
        L1  num nodes          983043 | num samples     1128826
    [Step(max) Profiler Level 2 E3 S1001]
        L2  shuffle     0.109099 | core sample  0.001207 | id remap        0.002482
        L2  graph copy  0.000050 | id copy      0.000000 | cache feat copy 0.184213
        L2  last layer sample time 0.000378 | size 50653.000000
    [Step(max) Profiler Level 3 E3 S1001]
        L3  khop sample coo  0.000873 | khop sort coo      0.000000 | khop count edge     0.000045 | khop compact edge 0.000245
        L3  walk sample coo  0.000000 | walk topk total    0.000000 | walk topk step1     0.000000 | walk topk step2   0.000000
        L3  walk topk step3  0.000000 | walk topk step4    0.000000 | walk topk step5     0.000000
        L3  walk topk step6  0.000000 | walk topk step7    0.000000
        L3  remap unique     0.000285 | remap populate     0.002120 | remap mapnode       0.000000 | remap mapedge     0.000412
        L3  cache get_index  0.101498 | cache copy_index   0.000000 | cache extract_miss  0.000000
        L3  cache copy_miss  0.000000 | cache combine_miss 0.000000 | cache combine cache 0.175028 | cache combine remote 0.000000
        L3  label extract  0.013908
    [Step(min) Profiler Level 1 E3 S1001]
        L1  sample           0.003484 | send           0.000961
        L1  recv             0.001059 | copy           0.099468 | convert time 0.000407 | train  0.018762
        L1  feature nbytes    1.32 GB | label nbytes   15.62 KB
        L1  id nbytes      0.00 Bytes | graph nbytes    8.19 MB
        L1  miss nbytes    0.00 Bytes | remote nbytes 0.00 Bytes
        L1  num nodes          925257 | num samples     1068895
    [Step(min) Profiler Level 2 E3 S1001]
        L2  shuffle     0.000011 | core sample  0.000987 | id remap        0.002288
        L2  graph copy  0.000002 | id copy      0.000000 | cache feat copy 0.081538
        L2  last layer sample time 0.000268 | size 48876.000000
    [Step(min) Profiler Level 3 E3 S1001]
        L3  khop sample coo  0.000708 | khop sort coo      0.000000 | khop count edge     0.000032 | khop compact edge 0.000192
        L3  walk sample coo  0.000000 | walk topk total    0.000000 | walk topk step1     0.000000 | walk topk step2   0.000000
        L3  walk topk step3  0.000000 | walk topk step4    0.000000 | walk topk step5     0.000000
        L3  walk topk step6  0.000000 | walk topk step7    0.000000
        L3  remap unique     0.000169 | remap populate     0.001951 | remap mapnode       0.000000 | remap mapedge     0.000348
        L3  cache get_index  0.000547 | cache copy_index   0.000000 | cache extract_miss  0.000000
        L3  cache copy_miss  0.000000 | cache combine_miss 0.000000 | cache combine cache 0.079326 | cache combine remote 0.000000
        L3  label extract  0.000017
    [Init Profiler Level 1]
        L1  init    12.4587 | sampler init     0.0000 | trainer init 75.7667
    [Init Profiler Level 2]
        L2  load ds        12.4558 | init queue          41.6901
        L2  presample       0.0000 | build interal ds     1.4628
        L2  build cache    32.6093
    [Init Profiler Level 3]
        L3  load dataset: mmap    12.4558 | copy         0.0000
        L3  dist queue: alloc      0.0008 | pin         41.6893 | push     0.0000
        L3  presample: init        0.0000
        L3  presample: sample      0.0000 | copy         0.0000
        L3  presample: count       0.0000 | sort         0.0000
        L3  presample: reset       0.0000 | get rank     0.0000
        L3  internal: cuda ctx     1.4627 | cuda stream     0.0001
|===========================================================================|
|                  PyTorch CUDA memory summary, device ID 0                 |
|---------------------------------------------------------------------------|
|            CUDA OOMs: 0            |        cudaMalloc retries: 0         |
|===========================================================================|
|        Metric         | Cur Usage  | Peak Usage | Tot Alloc  | Tot Freed  |
|---------------------------------------------------------------------------|
| Allocated memory      |   35113 KB |  650359 KB |    2351 GB |    2351 GB |
|       from large pool |   25822 KB |  647425 KB |    2333 GB |    2333 GB |
|       from small pool |    9291 KB |   11607 KB |      17 GB |      17 GB |
|---------------------------------------------------------------------------|
| Active memory         |   35113 KB |  650359 KB |    2351 GB |    2351 GB |
|       from large pool |   25822 KB |  647425 KB |    2333 GB |    2333 GB |
|       from small pool |    9291 KB |   11607 KB |      17 GB |      17 GB |
|---------------------------------------------------------------------------|
| GPU reserved memory   |     772 MB |     772 MB |     772 MB |       0 B  |
|       from large pool |     756 MB |     756 MB |     756 MB |       0 B  |
|       from small pool |      16 MB |      16 MB |      16 MB |       0 B  |
|---------------------------------------------------------------------------|
| Non-releasable memory |   95958 KB |  650508 KB |    1972 GB |    1972 GB |
|       from large pool |   92962 KB |  649297 KB |    1952 GB |    1951 GB |
|       from small pool |    2996 KB |    5580 KB |      20 GB |      20 GB |
|---------------------------------------------------------------------------|
| Allocations           |      43    |      62    |  195093    |  195050    |
|       from large pool |       7    |      18    |   76155    |   76148    |
|       from small pool |      36    |      47    |  118938    |  118902    |
|---------------------------------------------------------------------------|
| Active allocs         |      44    |      62    |  195093    |  195049    |
|       from large pool |       7    |      18    |   76155    |   76148    |
|       from small pool |      37    |      47    |  118938    |  118901    |
|---------------------------------------------------------------------------|
| GPU reserved segments |      17    |      17    |      17    |       0    |
|       from large pool |       9    |       9    |       9    |       0    |
|       from small pool |       8    |       8    |       8    |       0    |
|---------------------------------------------------------------------------|
| Non-releasable allocs |      21    |      29    |   87672    |   87651    |
|       from large pool |       6    |      13    |   51764    |   51758    |
|       from small pool |      15    |      23    |   35908    |   35893    |
|---------------------------------------------------------------------------|
| Oversize allocations  |       0    |       0    |       0    |       0    |
|---------------------------------------------------------------------------|
| Oversize GPU segments |       0    |       0    |       0    |       0    |
|===========================================================================|

test_result:epoch_time:copy_time=46.8416
test_result:convert_time=0.2115
test_result:train_time=36.1883
test_result:epoch_time:train_total=36.3997
test_result:cache_percentage=0.0200
test_result:cache_hit_rate=1.0000
test_result:run_time=190.1362
test_result:pipeline_train_epoch_time=47.0257

