succeed=True
config:eval_tsp="2023-04-15 16:15:56"
config:arch=arch5
config:num_train_worker=3
config:num_sample_worker=1
config:sample_type=khop2
config:root_path=/nvme/graph-learning-copy/samgraph/
config:dataset=papers100M-undir
config:pipeline=True
config:cache_policy=rep
config:cache_percentage=0.19
config:num_epoch=4
config:batch_size=2000
config:num_hidden=256
config:max_sampling_jobs=1
config:max_copying_jobs=1
config:barriered_epoch=1
config:presample_epoch=2
config:omp_thread_num=40
config:unsupervised=True
config:amp=True
config:rolling=0
config:fanout=[25, 10]
config:lr=0.003
config:dropout=0.5
config:single_gpu=False
config:max_num_step=1000
config:validate_configs=False
config:report_acc=0
config:dataset_path=/nvme/graph-learning-copy/samgraph/papers100M-undir
config:torch_thread_num=13
config:train_workers=['cuda:0', 'cuda:1', 'cuda:2']
config:sample_workers=['cuda:3']
config:num_fanout=2
config:num_layer=2
config:_run_mode=RunMode.FGNN
config:_log_level=warn
config:_profile_level=3
config:_empty_feat=25
config:_arch=5
config:_sample_type=5
config:_cache_policy=12
test_result:init:input_scale_factor=1.1
0 :  {link #0 : 1}, {link #1 : 2},
1 :  {link #0 : 2}, {link #1 : 0},
2 :  {link #0 : 0}, {link #1 : 1},
0 :  {link #0 : 1}, {link #1 : 2},
1 :  {link #0 : 2}, {link #1 : 0},
2 :  {link #0 : 0}, {link #1 : 1},
0 : local 80, cpu 0 {link #0 : g1 0}, {link #1 : g2 0},
1 : local 80, cpu 0 {link #0 : g2 0}, {link #1 : g0 0},
2 : local 80, cpu 0 {link #0 : g0 0}, {link #1 : g1 0},
0 : local 80, cpu 0 {link #0 : g1 0}, {link #1 : g2 0},
1 : local 80, cpu 0 {link #0 : g2 0}, {link #1 : g0 0},
2 : local 80, cpu 0 {link #0 : g0 0}, {link #1 : g1 0},
0 :  {link #0 : 1}, {link #1 : 2},
1 :  {link #0 : 2}, {link #1 : 0},
2 :  {link #0 : 0}, {link #1 : 1},
0 : local 80, cpu 0 {link #0 : g1 0}, {link #1 : g2 0},
1 : local 80, cpu 0 {link #0 : g2 0}, {link #1 : g0 0},
2 : local 80, cpu 0 {link #0 : g0 0}, {link #1 : g1 0},
coll_cache:optimal_rep_storage=0.19
coll_cache:optimal_part_storage=0
coll_cache:optimal_cpu_storage=0.81
coll_cache:optimal_local_storage=0.19
coll_cache:optimal_remote_storage=0
coll_cache:optimal_local_rate=0.675764
coll_cache:optimal_remote_rate=0
coll_cache:optimal_cpu_rate=0.324236
z=22892.7
test_result:init:feat_nbytes=56862697472
test_result:init:cache_nbytes=10860774912
test_result:init:feat_nbytes=56862697472
test_result:init:cache_nbytes=10860774912
test_result:init:feat_nbytes=56862697472
test_result:init:cache_nbytes=10860774912
[Train  Worker 2/3] Started with PID 46309(Tesla V100-SXM2-16GB)
[Train  Worker 2] run train for 4 epochs with 1002 steps
[Train  Worker 1/3] Started with PID 46306(Tesla V100-SXM2-16GB)
[Train  Worker 1] run train for 4 epochs with 1002 steps
[CUDA] cuda0: usage: 13.76 GB
[SAM] cuda0 data alloc        : 0.00 Bytes
[SAM] cuda0 workspace         : 1.28 GB
[SAM] cuda0 workspace reserve : 639.13 MB
[SAM] cuda0 total             : 1.28 GB
[Train  Worker 0/3] Started with PID 46304(Tesla V100-SXM2-16GB)
[Train  Worker 0] run train for 4 epochs with 1002 steps
Epoch 00000 | Epoch Time 10.1071 | Total Train Time(Profiler) 9.8806 | Copy Time 8.4253
[CUDA] cuda0: usage: 13.78 GB
[SAM] cuda0 data alloc        : 0.00 Bytes
[SAM] cuda0 workspace         : 1.29 GB
[SAM] cuda0 workspace reserve : 651.49 MB
[SAM] cuda0 total             : 1.29 GB
Epoch 00001 | Epoch Time 8.6313 | Total Train Time(Profiler) 8.4496 | Copy Time 8.3604
[CUDA] cuda0: usage: 13.78 GB
[SAM] cuda0 data alloc        : 0.00 Bytes
[SAM] cuda0 workspace         : 1.29 GB
[SAM] cuda0 workspace reserve : 650.75 MB
[SAM] cuda0 total             : 1.29 GB
Epoch 00002 | Epoch Time 8.5850 | Total Train Time(Profiler) 8.4526 | Copy Time 8.3200
[CUDA] cuda0: usage: 13.78 GB
[SAM] cuda0 data alloc        : 0.00 Bytes
[SAM] cuda0 workspace         : 1.29 GB
[SAM] cuda0 workspace reserve : 650.75 MB
[SAM] cuda0 total             : 1.29 GB
Epoch 00003 | Epoch Time 8.5957 | Total Train Time(Profiler) 8.4450 | Copy Time 8.3285
[Train  Worker 0] Avg Epoch Time 8.6040 | Train Total Time(Profiler) 8.4491 | Copy Time 8.3363
[Train  Worker 2] Avg Epoch Time 8.6040 | Train Total Time(Profiler) 8.4486 | Copy Time 8.3403
[Train  Worker 1] Avg Epoch Time 8.6040 | Train Total Time(Profiler) 8.4480 | Copy Time 8.3237
    [Step(average) Profiler Level 1 E3 S1001]
        L1  sample           0.004569 | send           0.001196
        L1  recv             0.001619 | copy           0.024951 | convert time 0.000452 | train  0.024850
        L1  feature nbytes  564.70 MB | label nbytes   15.62 KB
        L1  id nbytes      0.00 Bytes | graph nbytes   10.24 MB
        L1  miss nbytes    0.00 Bytes | remote nbytes 0.00 Bytes
        L1  num nodes         1156514 | num samples     1337912
    [Step(average) Profiler Level 2 E3 S1001]
        L2  shuffle     0.000082 | core sample  0.001361 | id remap        0.002944
        L2  graph copy  0.000003 | id copy      0.000000 | cache feat copy 0.023329
        L2  last layer sample time 0.000292 | size 57564.865890
    [Step(average) Profiler Level 3 E3 S1001]
        L3  khop sample coo  0.001066 | khop sort coo      0.000000 | khop count edge     0.000035 | khop compact edge 0.000210
        L3  walk sample coo  0.000000 | walk topk total    0.000000 | walk topk step1     0.000000 | walk topk step2   0.000000
        L3  walk topk step3  0.000000 | walk topk step4    0.000000 | walk topk step5     0.000000
        L3  walk topk step6  0.000000 | walk topk step7    0.000000
        L3  remap unique     0.000172 | remap populate     0.002504 | remap mapnode       0.000000 | remap mapedge     0.000453
        L3  cache get_index  0.001771 | cache copy_index   0.000000 | cache extract_miss  0.000000
        L3  cache copy_miss  0.000000 | cache combine_miss 0.000000 | cache combine cache 0.017724 | cache combine remote 0.000000
        L3  label extract  0.003615
    [Init Profiler Level 1]
        L1  init     9.0427 | sampler init    64.4582 | trainer init 0.0000
    [Init Profiler Level 2]
        L2  load ds        11.9314 | init queue          39.8544
        L2  presample      19.8604 | build interal ds     1.8521
        L2  build cache     0.0000
    [Init Profiler Level 3]
        L3  load dataset: mmap     9.0398 | copy         2.8916
        L3  dist queue: alloc      0.0008 | pin         39.8536 | push     0.0000
        L3  presample: init        0.5936
        L3  presample: sample      9.2349 | copy         0.7308
        L3  presample: count       8.0623 | sort         0.4475
        L3  presample: reset       0.0020 | get rank     0.0415
        L3  internal: cuda ctx     1.5445 | cuda stream     0.2976
[Sample Worker 0/1] Started with PID 46302(Tesla V100-SXM2-16GB)
[Sample Worker 0] run sample for 4 epochs with 1002 steps
[Sample Worker 0] Avg Sample Total Time 5.7875 | Sampler Total Time(Profiler) 5.7766
test_result:sample_time=4.5780
test_result:get_cache_miss_index_time=0.0000
test_result:enqueue_samples_time=1.1986
test_result:epoch_time:sample_total=5.7875
test_result:pipeline_sample_epoch_time=8.6041
[CUDA] cuda0: usage: 13.78 GB
[SAM] cuda0 data alloc        : 0.00 Bytes
[SAM] cuda0 workspace         : 1.29 GB
[SAM] cuda0 workspace reserve : 650.75 MB
[SAM] cuda0 total             : 1.29 GB
    [Step(average) Profiler Level 1 E3 S1001]
        L1  sample           0.004569 | send           0.001196
        L1  recv             0.001619 | copy           0.024951 | convert time 0.000452 | train  0.024850
        L1  feature nbytes  564.70 MB | label nbytes   15.62 KB
        L1  id nbytes      0.00 Bytes | graph nbytes   10.24 MB
        L1  miss nbytes    0.00 Bytes | remote nbytes 0.00 Bytes
        L1  num nodes         1156514 | num samples     1337912
        L1  seq duration     0.000000 | refresh duration   0.000000
    [Step(average) Profiler Level 2 E3 S1001]
        L2  shuffle     0.000082 | core sample  0.001361 | id remap        0.002944
        L2  graph copy  0.000003 | id copy      0.000000 | cache feat copy 0.023329
        L2  last layer sample time 0.000292 | size 57564.865890
    [Step(average) Profiler Level 3 E3 S1001]
        L3  khop sample coo  0.001066 | khop sort coo      0.000000 | khop count edge     0.000035 | khop compact edge 0.000210
        L3  walk sample coo  0.000000 | walk topk total    0.000000 | walk topk step1     0.000000 | walk topk step2   0.000000
        L3  walk topk step3  0.000000 | walk topk step4    0.000000 | walk topk step5     0.000000
        L3  walk topk step6  0.000000 | walk topk step7    0.000000
        L3  remap unique     0.000172 | remap populate     0.002504 | remap mapnode       0.000000 | remap mapedge     0.000453
        L3  cache get_index  0.001771 | cache copy_index   0.000000 | cache extract_miss  0.000000
        L3  cache copy_miss  0.000000 | cache combine_miss 0.000000 | cache combine cache 0.017724 | cache combine remote 0.000000
        L3  label extract  0.003615
    [Step(max) Profiler Level 1 E3 S1001]
        L1  sample           0.076050 | send           0.001848
        L1  recv             0.089982 | copy           0.107983 | convert time 0.001805 | train  0.025955
        L1  feature nbytes  574.40 MB | label nbytes   15.62 KB
        L1  id nbytes      0.00 Bytes | graph nbytes   10.40 MB
        L1  miss nbytes    0.00 Bytes | remote nbytes 0.00 Bytes
        L1  num nodes         1176366 | num samples     1358855
    [Step(max) Profiler Level 2 E3 S1001]
        L2  shuffle     0.071538 | core sample  0.002368 | id remap        0.003923
        L2  graph copy  0.000016 | id copy      0.000000 | cache feat copy 0.042601
        L2  last layer sample time 0.001253 | size 58204.000000
    [Step(max) Profiler Level 3 E3 S1001]
        L3  khop sample coo  0.001183 | khop sort coo      0.000000 | khop count edge     0.000074 | khop compact edge 0.001130
        L3  walk sample coo  0.000000 | walk topk total    0.000000 | walk topk step1     0.000000 | walk topk step2   0.000000
        L3  walk topk step3  0.000000 | walk topk step4    0.000000 | walk topk step5     0.000000
        L3  walk topk step6  0.000000 | walk topk step7    0.000000
        L3  remap unique     0.000482 | remap populate     0.003478 | remap mapnode       0.000000 | remap mapedge     0.000712
        L3  cache get_index  0.002614 | cache copy_index   0.000000 | cache extract_miss  0.000000
        L3  cache copy_miss  0.000000 | cache combine_miss 0.000000 | cache combine cache 0.018335 | cache combine remote 0.000000
        L3  label extract  0.004381
    [Step(min) Profiler Level 1 E3 S1001]
        L1  sample           0.004332 | send           0.001178
        L1  recv             0.001288 | copy           0.024155 | convert time 0.000410 | train  0.006739
        L1  feature nbytes  555.40 MB | label nbytes   15.62 KB
        L1  id nbytes      0.00 Bytes | graph nbytes   10.08 MB
        L1  miss nbytes    0.00 Bytes | remote nbytes 0.00 Bytes
        L1  num nodes         1137463 | num samples     1316593
    [Step(min) Profiler Level 2 E3 S1001]
        L2  shuffle     0.000011 | core sample  0.001267 | id remap        0.002872
        L2  graph copy  0.000002 | id copy      0.000000 | cache feat copy 0.017783
        L2  last layer sample time 0.000284 | size 56877.000000
    [Step(min) Profiler Level 3 E3 S1001]
        L3  khop sample coo  0.000975 | khop sort coo      0.000000 | khop count edge     0.000034 | khop compact edge 0.000204
        L3  walk sample coo  0.000000 | walk topk total    0.000000 | walk topk step1     0.000000 | walk topk step2   0.000000
        L3  walk topk step3  0.000000 | walk topk step4    0.000000 | walk topk step5     0.000000
        L3  walk topk step6  0.000000 | walk topk step7    0.000000
        L3  remap unique     0.000167 | remap populate     0.002441 | remap mapnode       0.000000 | remap mapedge     0.000441
        L3  cache get_index  0.000784 | cache copy_index   0.000000 | cache extract_miss  0.000000
        L3  cache copy_miss  0.000000 | cache combine_miss 0.000000 | cache combine cache 0.016788 | cache combine remote 0.000000
        L3  label extract  0.000018
    [Init Profiler Level 1]
        L1  init     9.0427 | sampler init     0.0000 | trainer init 69.3977
    [Init Profiler Level 2]
        L2  load ds         9.0398 | init queue          39.8335
        L2  presample       0.0000 | build interal ds     1.4971
        L2  build cache    28.0575
    [Init Profiler Level 3]
        L3  load dataset: mmap     9.0398 | copy         0.0000
        L3  dist queue: alloc      0.0008 | pin         39.8328 | push     0.0000
        L3  presample: init        0.0000
        L3  presample: sample      0.0000 | copy         0.0000
        L3  presample: count       0.0000 | sort         0.0000
        L3  presample: reset       0.0000 | get rank     0.0000
        L3  internal: cuda ctx     1.4970 | cuda stream     0.0000
|===========================================================================|
|                  PyTorch CUDA memory summary, device ID 0                 |
|---------------------------------------------------------------------------|
|            CUDA OOMs: 0            |        cudaMalloc retries: 0         |
|===========================================================================|
|        Metric         | Cur Usage  | Peak Usage | Tot Alloc  | Tot Freed  |
|---------------------------------------------------------------------------|
| Allocated memory      |   18405 KB |  390636 KB |    1572 GB |    1572 GB |
|       from large pool |   14076 KB |  389432 KB |    1560 GB |    1560 GB |
|       from small pool |    4329 KB |    6138 KB |      11 GB |      11 GB |
|---------------------------------------------------------------------------|
| Active memory         |   18406 KB |  390636 KB |    1572 GB |    1572 GB |
|       from large pool |   14076 KB |  389432 KB |    1560 GB |    1560 GB |
|       from small pool |    4329 KB |    6138 KB |      11 GB |      11 GB |
|---------------------------------------------------------------------------|
| GPU reserved memory   |  468992 KB |  468992 KB |  468992 KB |       0 B  |
|       from large pool |  460800 KB |  460800 KB |  460800 KB |       0 B  |
|       from small pool |    8192 KB |    8192 KB |    8192 KB |       0 B  |
|---------------------------------------------------------------------------|
| Non-releasable memory |   32794 KB |  350837 KB |    1698 GB |    1698 GB |
|       from large pool |   30979 KB |  348542 KB |    1685 GB |    1685 GB |
|       from small pool |    1814 KB |    3437 KB |      13 GB |      13 GB |
|---------------------------------------------------------------------------|
| Allocations           |      39    |      56    |  183068    |  183029    |
|       from large pool |       3    |      14    |   65464    |   65461    |
|       from small pool |      36    |      45    |  117604    |  117568    |
|---------------------------------------------------------------------------|
| Active allocs         |      40    |      56    |  183068    |  183028    |
|       from large pool |       3    |      14    |   65464    |   65461    |
|       from small pool |      37    |      45    |  117604    |  117567    |
|---------------------------------------------------------------------------|
| GPU reserved segments |      11    |      11    |      11    |       0    |
|       from large pool |       7    |       7    |       7    |       0    |
|       from small pool |       4    |       4    |       4    |       0    |
|---------------------------------------------------------------------------|
| Non-releasable allocs |      17    |      25    |   72755    |   72738    |
|       from large pool |       5    |      10    |   36330    |   36325    |
|       from small pool |      12    |      17    |   36425    |   36413    |
|---------------------------------------------------------------------------|
| Oversize allocations  |       0    |       0    |       0    |       0    |
|---------------------------------------------------------------------------|
| Oversize GPU segments |       0    |       0    |       0    |       0    |
|===========================================================================|

test_result:epoch_time:copy_time=8.3363
test_result:convert_time=0.1501
test_result:train_time=8.2990
test_result:epoch_time:train_total=8.4491
test_result:cache_percentage=0.1900
test_result:cache_hit_rate=1.0000
test_result:run_time=35.9213
test_result:pipeline_train_epoch_time=8.6040

