succeed=True
config:eval_tsp="2023-03-30 16:35:20"
config:arch=arch6
config:num_worker=4
config:sample_type=khop2
config:root_path=/nvme/graph-learning-copy/samgraph/
config:dataset=mag240m-homo
config:pipeline=False
config:cache_policy=clique_part
config:cache_percentage=0.01
config:num_epoch=4
config:batch_size=8000
config:num_hidden=256
config:max_sampling_jobs=1
config:max_copying_jobs=1
config:barriered_epoch=1
config:presample_epoch=2
config:omp_thread_num=40
config:unsupervised=False
config:amp=True
config:rolling=0
config:fanout=[25, 10]
config:lr=0.003
config:dropout=0.5
config:max_num_step=100000
config:validate_configs=False
config:report_acc=0
config:dataset_path=/nvme/graph-learning-copy/samgraph/mag240m-homo
config:workers=['cuda:0', 'cuda:1', 'cuda:2', 'cuda:3']
config:num_fanout=2
config:num_layer=2
config:_run_mode=RunMode.SGNN
config:_log_level=warn
config:_profile_level=3
config:_empty_feat=25
config:_arch=6
config:_sample_type=5
config:_cache_policy=14
test_result:init:input_scale_factor=1.1
0 :  {link #0 : 1}, {link #1 : 2}, {link #2 : 3},
1 :  {link #0 : 2}, {link #1 : 3}, {link #2 : 0},
2 :  {link #0 : 3}, {link #1 : 0}, {link #2 : 1},
3 :  {link #0 : 0}, {link #1 : 1}, {link #2 : 2},
0 :  {link #0 : 1}, {link #1 : 2}, {link #2 : 3},
1 :  {link #0 : 2}, {link #1 : 3}, {link #2 : 0},
2 :  {link #0 : 3}, {link #1 : 0}, {link #2 : 1},
3 :  {link #0 : 0}, {link #1 : 1}, {link #2 : 2},
0 :  {link #0 : 1}, {link #1 : 2}, {link #2 : 3},
1 :  {link #0 : 2}, {link #1 : 3}, {link #2 : 0},
2 :  {link #0 : 3}, {link #1 : 0}, {link #2 : 1},
3 :  {link #0 : 0}, {link #1 : 1}, {link #2 : 2},
0 :  {link #0 : 1}, {link #1 : 2}, {link #2 : 3},
1 :  {link #0 : 2}, {link #1 : 3}, {link #2 : 0},
2 :  {link #0 : 3}, {link #1 : 0}, {link #2 : 1},
3 :  {link #0 : 0}, {link #1 : 1}, {link #2 : 2},
coll_cache:optimal_rep_storage=0
coll_cache:optimal_part_storage=0.04
coll_cache:optimal_cpu_storage=0.96
coll_cache:optimal_local_storage=0.01
coll_cache:optimal_remote_storage=0.03
coll_cache:optimal_local_rate=0.227594
coll_cache:optimal_remote_rate=0.682781
coll_cache:optimal_cpu_rate=0.0896254
z=1067.75,1067.75,1067.75,1067.75,
test_result:init:feat_nbytes=375030526464
test_result:init:cache_nbytes=4125335040
test_result:init:feat_nbytes=375030526464
test_result:init:cache_nbytes=4125335040
test_result:init:feat_nbytes=375030526464
test_result:init:cache_nbytes=4125335040
test_result:init:feat_nbytes=375030526464
test_result:init:cache_nbytes=4125335040
0 :  {link #0 : 1}, {link #1 : 2}, {link #2 : 3},
1 :  {link #0 : 2}, {link #1 : 3}, {link #2 : 0},
2 :  {link #0 : 3}, {link #1 : 0}, {link #2 : 1},
3 :  {link #0 : 0}, {link #1 : 1}, {link #2 : 2},
0 :  {link #0 : 1}, {link #1 : 2}, {link #2 : 3},
1 :  {link #0 : 2}, {link #1 : 3}, {link #2 : 0},
2 :  {link #0 : 3}, {link #1 : 0}, {link #2 : 1},
3 :  {link #0 : 0}, {link #1 : 1}, {link #2 : 2},
0 :  {link #0 : 1}, {link #1 : 2}, {link #2 : 3},
1 :  {link #0 : 2}, {link #1 : 3}, {link #2 : 0},
2 :  {link #0 : 3}, {link #1 : 0}, {link #2 : 1},
3 :  {link #0 : 0}, {link #1 : 1}, {link #2 : 2},
0 :  {link #0 : 1}, {link #1 : 2}, {link #2 : 3},
1 :  {link #0 : 2}, {link #1 : 3}, {link #2 : 0},
2 :  {link #0 : 3}, {link #1 : 0}, {link #2 : 1},
3 :  {link #0 : 0}, {link #1 : 1}, {link #2 : 2},
test_result:init:cache_nbytes=0
test_result:init:cache_nbytes=0
test_result:init:cache_nbytes=0
test_result:init:cache_nbytes=0
[CUDA] cuda0: usage: 10.92 GB
[SAM] cuda0 data alloc        : 146.25 MB
[SAM] cuda0 workspace         : 4.27 GB
[SAM] cuda0 workspace reserve : 1.67 GB
[SAM] cuda0 total             : 4.42 GB
    [Step(average) Profiler Level 1 E3 S34]
        L1  sample           0.062670 | send           0.000000
        L1  recv             0.000000 | copy           0.030912 | convert time 0.000459 | train  0.021850
        L1  feature nbytes    1.51 GB | label nbytes   62.50 KB
        L1  id nbytes      0.00 Bytes | graph nbytes 0.00 Bytes
        L1  miss nbytes    0.00 Bytes | remote nbytes 0.00 Bytes
        L1  num nodes         1052496 | num samples     1460084
    [Step(average) Profiler Level 2 E3 S34]
        L2  shuffle     0.000199 | core sample  0.059446 | id remap        0.002887
        L2  graph copy  0.000000 | id copy      0.000000 | cache feat copy 0.029713
        L2  last layer sample time 0.000750 | size 65745.308917
    [Step(average) Profiler Level 3 E3 S34]
        L3  khop sample coo  0.059130 | khop sort coo      0.000000 | khop count edge     0.000044 | khop compact edge 0.000224
        L3  walk sample coo  0.000000 | walk topk total    0.000000 | walk topk step1     0.000000 | walk topk step2   0.000000
        L3  walk topk step3  0.000000 | walk topk step4    0.000000 | walk topk step5     0.000000
        L3  walk topk step6  0.000000 | walk topk step7    0.000000
        L3  remap unique     0.000000 | remap populate     0.002424 | remap mapnode       0.000000 | remap mapedge     0.000462
        L3  cache get_index  0.000783 | cache copy_index   0.000000 | cache extract_miss  0.000000
        L3  cache copy_miss  0.000000 | cache combine_miss 0.000000 | cache combine cache 0.028928 | cache combine remote 0.000000
        L3  label extract  0.000181
    [Init Profiler Level 1]
        L1  init    12.0303 | sampler init    17.0446 | trainer init 11.3658
    [Init Profiler Level 2]
        L2  load ds        22.0605 | init queue           0.0000
        L2  presample       5.2035 | build interal ds     1.8086
        L2  build cache    11.3643
    [Init Profiler Level 3]
        L3  load dataset: mmap    12.0281 | copy         0.0000
        L3  dist queue: alloc      0.0000 | pin          0.0000 | push     0.0000
        L3  presample: init        0.6481
        L3  presample: sample      1.3551 | copy         0.0953
        L3  presample: count       0.5942 | sort         0.5503
        L3  presample: reset       0.0012 | get rank     0.0681
        L3  internal: cuda ctx     0.0001 | cuda stream     0.0000
[Worker 3/4] Started with PID 32953(Tesla V100-SXM2-16GB)
worker 3 at process 32953
[Worker 3] run for 4 epochs with 35 steps
[Train  Worker 3] Avg Epoch 4.0601 | Sample 2.1958 | Copy 1.0714 | Train Total (Profiler) 0.7889
[Worker 2/4] Started with PID 32952(Tesla V100-SXM2-16GB)
worker 2 at process 32952
[Worker 2] run for 4 epochs with 35 steps
[Train  Worker 2] Avg Epoch 4.0599 | Sample 2.1942 | Copy 1.0833 | Train Total (Profiler) 0.7787
[Worker 1/4] Started with PID 32950(Tesla V100-SXM2-16GB)
worker 1 at process 32950
[Worker 1] run for 4 epochs with 35 steps
[Train  Worker 1] Avg Epoch 4.0599 | Sample 2.1937 | Copy 1.0839 | Train Total (Profiler) 0.7785
[Worker 0/4] Started with PID 32949(Tesla V100-SXM2-16GB)
worker 0 at process 32949
[Worker 0] run for 4 epochs with 35 steps
Epoch 00000 | Epoch Time 5.0170 | Sample 2.2198 | Copy 1.1070 | Total Train(Profiler) 1.6861
Epoch 00001 | Epoch Time 4.0605 | Sample 2.1892 | Copy 1.0887 | Total Train(Profiler) 0.7790
Epoch 00002 | Epoch Time 4.0593 | Sample 2.1898 | Copy 1.0882 | Total Train(Profiler) 0.7778
Epoch 00003 | Epoch Time 4.0600 | Sample 2.1894 | Copy 1.0909 | Total Train(Profiler) 0.7756
[Train  Worker 0] Avg Epoch 4.0599 | Sample 2.1895 | Copy 1.0893 | Train Total (Profiler) 0.7775
|===========================================================================|
|                  PyTorch CUDA memory summary, device ID 0                 |
|---------------------------------------------------------------------------|
|            CUDA OOMs: 0            |        cudaMalloc retries: 0         |
|===========================================================================|
|        Metric         | Cur Usage  | Peak Usage | Tot Alloc  | Tot Freed  |
|---------------------------------------------------------------------------|
| Allocated memory      |   42448 KB |  734707 KB |  298553 MB |  298512 MB |
|       from large pool |   32804 KB |  731669 KB |  296459 MB |  296427 MB |
|       from small pool |    9644 KB |   11953 KB |    2093 MB |    2084 MB |
|---------------------------------------------------------------------------|
| Active memory         |   42449 KB |  734707 KB |  298553 MB |  298512 MB |
|       from large pool |   32804 KB |  731669 KB |  296459 MB |  296427 MB |
|       from small pool |    9644 KB |   11953 KB |    2093 MB |    2084 MB |
|---------------------------------------------------------------------------|
| GPU reserved memory   |     884 MB |     884 MB |     884 MB |       0 B  |
|       from large pool |     868 MB |     868 MB |     868 MB |       0 B  |
|       from small pool |      16 MB |      16 MB |      16 MB |       0 B  |
|---------------------------------------------------------------------------|
| Non-releasable memory |   39471 KB |  647342 KB |  224426 MB |  224388 MB |
|       from large pool |   36827 KB |  642415 KB |  222209 MB |  222173 MB |
|       from small pool |    2643 KB |    5986 KB |    2217 MB |    2214 MB |
|---------------------------------------------------------------------------|
| Allocations           |      42    |      57    |   16838    |   16796    |
|       from large pool |       7    |      18    |    7283    |    7276    |
|       from small pool |      35    |      41    |    9555    |    9520    |
|---------------------------------------------------------------------------|
| Active allocs         |      43    |      57    |   16838    |   16795    |
|       from large pool |       7    |      18    |    7283    |    7276    |
|       from small pool |      36    |      41    |    9555    |    9519    |
|---------------------------------------------------------------------------|
| GPU reserved segments |      18    |      18    |      18    |       0    |
|       from large pool |      10    |      10    |      10    |       0    |
|       from small pool |       8    |       8    |       8    |       0    |
|---------------------------------------------------------------------------|
| Non-releasable allocs |      20    |      28    |    8132    |    8112    |
|       from large pool |       5    |      14    |    4830    |    4825    |
|       from small pool |      15    |      21    |    3302    |    3287    |
|---------------------------------------------------------------------------|
| Oversize allocations  |       0    |       0    |       0    |       0    |
|---------------------------------------------------------------------------|
| Oversize GPU segments |       0    |       0    |       0    |       0    |
|===========================================================================|

test_result:sample_time=nan
test_result:epoch_time:sample_total=2.1895
test_result:epoch_time:copy_time=1.0893
test_result:convert_time=0.0156
test_result:train_time=0.7618
test_result:epoch_time:train_total=0.7775
test_result:cache_percentage=0.0100
test_result:cache_hit_rate=1.0000
test_result:epoch_time:total=4.0599
test_result:run_time=17.1988

