[2023-03-31 05:42:50.331502: W /samgraph/samgraph/common/cpu/mmap_cpu_device.cc:113] mmap allocating space 12.87 GB
[2023-03-31 05:42:50.331594: W /samgraph/samgraph/common/cpu/mmap_cpu_device.cc:118] mmap allocating space 12.87 GB done
[2023-03-31 05:42:50.331624: E /samgraph/samgraph/common/common.cc:229] From MMAP reading disk 12.87 GB
[2023-03-31 05:42:56. 75659: E /samgraph/samgraph/common/common.cc:243] From MMAP reading done
[2023-03-31 05:43:02. 35764: W /samgraph/samgraph/common/cpu/mmap_cpu_device.cc:113] mmap allocating space 1.82 GB
[2023-03-31 05:43:02. 35859: W /samgraph/samgraph/common/cpu/mmap_cpu_device.cc:118] mmap allocating space 1.82 GB done
/usr/lib/python3/dist-packages/requests/__init__.py:89: RequestsDependencyWarning: urllib3 (1.26.12) or chardet (3.0.4) doesn't match a supported version!
  warnings.warn("urllib3 ({}) or chardet ({}) doesn't match a supported "
[2023-03-31 05:43:08.968723: E /samgraph/samgraph/common/dist/dist_engine.cc:85] Running on V100
[2023-03-31 05:43:08.968940: E /samgraph/samgraph/common/dist/dist_engine.cc:85] Running on V100
[2023-03-31 05:43:08.969023: E /samgraph/samgraph/common/dist/dist_engine.cc:85] Running on V100
[2023-03-31 05:43:08.969173: E /samgraph/samgraph/common/dist/dist_engine.cc:85] Running on V100
[2023-03-31 05:43:08.976809: W /samgraph/samgraph/common/cuda/cuda_device.cc:49] GPU[0] alloc cuda memory 931.40 MB
[2023-03-31 05:43:09.207463: W /samgraph/samgraph/common/cpu/cpu_device.cc:39] WORKER[0] alloc host memory 16.09 GB
[2023-03-31 05:43:19.483838: W /samgraph/samgraph/common/cuda/cuda_device.cc:49] GPU[0] alloc cuda memory 64.00 MB
[2023-03-31 05:43:19.487451: E /samgraph/samgraph/common/dist/pre_sampler.cc:41] Dist Presampler making shuffler...
[2023-03-31 05:43:19.490643: E /samgraph/samgraph/common/dist/pre_sampler.cc:44] Dist Presampler making shuffler...Done
[2023-03-31 05:43:19.490693: W /samgraph/samgraph/common/cpu/cpu_device.cc:39] WORKER[0] alloc host memory 1.82 GB
[2023-03-31 05:43:20.129890: E /samgraph/samgraph/common/dist/dist_engine.cc:531] worker 0 placing graph to gpu
[2023-03-31 05:43:21.272662: E /samgraph/samgraph/common/dist/pre_sampler.cc:85] Dist Presampler doing presample epoch 0
[2023-03-31 05:43:22.328002: E /samgraph/samgraph/common/dist/pre_sampler.cc:129] presample spend 0.682638 on sample, 0.0537634 on copy, 0.315617 on count
[2023-03-31 05:43:22.328102: E /samgraph/samgraph/common/dist/pre_sampler.cc:85] Dist Presampler doing presample epoch 1
[2023-03-31 05:43:23.381989: E /samgraph/samgraph/common/dist/pre_sampler.cc:129] presample spend 1.36648 on sample, 0.106113 on copy, 0.630121 on count
[2023-03-31 05:43:23.382114: E /samgraph/samgraph/common/dist/pre_sampler.cc:136] max_num_inputs = 588322, min_num_inputs = 564343
[2023-03-31 05:43:23.994630: E /samgraph/samgraph/common/dist/pre_sampler.cc:148] presample spend 0.612373 on sort freq.
[2023-03-31 05:43:24.753802: E /samgraph/samgraph/common/dist/dist_engine.cc:549] pre sample done, delete it
[[[2023-03-31 05:43:242023-03-31 05:43:242023-03-31 05:43:24...811389811390811394: : : WWW   /samgraph/samgraph/common/dist/dist_engine.cc/samgraph/samgraph/common/dist/dist_engine.cc/samgraph/samgraph/common/dist/dist_engine.cc:::687687687] ] ] Trainer[3] initializing...Trainer[0] initializing...Trainer[2] initializing...


[2023-03-31 05:43:24.811546: W /samgraph/samgraph/common/dist/dist_engine.cc:[6912023-03-31 05:43:24] .Trainer[3] pin memory queue...[811562
2023-03-31 05:43:24: .W811573 : /samgraph/samgraph/common/dist/dist_engine.ccW: 691/samgraph/samgraph/common/dist/dist_engine.cc] :Trainer[0] pin memory queue...691
] Trainer[2] pin memory queue...
[2023-03-31 05:43:24.812319: E /samgraph/samgraph/common/dist/dist_engine.cc:85] Running on V100
[2023-03-31 05:43:24.812386: E /samgraph/samgraph/common/dist/dist_engine.cc:85] Running on V100
[2023-03-31 05:43:24.812417: W /samgraph/samgraph/common/dist/dist_engine.cc:726] Trainer[3] register host memory...
[2023-03-31 05:43:24.812440[: 2023-03-31 05:43:24E. 812449/samgraph/samgraph/common/dist/dist_engine.cc: :W85 ] /samgraph/samgraph/common/dist/dist_engine.ccRunning on V100:
726] Trainer[2] register host memory...
[2023-03-31 05:43:24.812522: W /samgraph/samgraph/common/dist/dist_engine.cc:726] Trainer[0] register host memory...
[2023-03-31 05:43:24.812519: W /samgraph/samgraph/common/dist/dist_engine.cc:687] Trainer[1] initializing...
[2023-03-31 05:43:24.812738: W /samgraph/samgraph/common/dist/dist_engine.cc:691] Trainer[1] pin memory queue...
[2023-03-31 05:43:24.813408: E /samgraph/samgraph/common/dist/dist_engine.cc:85] Running on V100
[2023-03-31 05:43:24.813535: W /samgraph/samgraph/common/dist/dist_engine.cc:726] Trainer[1] register host memory...
[[[[2023-03-31 05:43:242023-03-31 05:43:242023-03-31 05:43:242023-03-31 05:43:24....813622813621813623813625: : : : WWWW    /samgraph/samgraph/common/dist/dist_engine.cc/samgraph/samgraph/common/dist/dist_engine.cc/samgraph/samgraph/common/dist/dist_engine.cc/samgraph/samgraph/common/dist/dist_engine.cc::::736736736736] ] ] ] Trainer[3] building cache...Trainer[1] building cache...Trainer[2] building cache...Trainer[0] building cache...



[[[2023-03-31 05:43:242023-03-31 05:43:242023-03-31 05:43:24...814692814696814698: : : EEE   /samgraph/3rdparty/collcachelib/coll_cache_lib/run_config.cc/samgraph/3rdparty/collcachelib/coll_cache_lib/run_config.cc/samgraph/3rdparty/collcachelib/coll_cache_lib/run_config.cc:::139139139] ] ] using concurrent impl MPSPhaseusing concurrent impl MPSPhaseusing concurrent impl MPSPhase


[2023-03-31 05:43:24.815535: E /samgraph/3rdparty/collcachelib/coll_cache_lib/coll_cache/asymm_link_desc.cc:196] assigning 8 to cpu[
2023-03-31 05:43:24.815557: E /samgraph/3rdparty/collcachelib/coll_cache_lib/coll_cache/asymm_link_desc.cc:196] [assigning 8 to cpu2023-03-31 05:43:24[
.2023-03-31 05:43:24815580.: 815582E:  E/samgraph/3rdparty/collcachelib/coll_cache_lib/coll_cache/asymm_link_desc.cc [:/samgraph/3rdparty/collcachelib/coll_cache_lib/coll_cache/asymm_link_desc.cc2023-03-31 05:43:24196:.] 212815610assigning 8 to cpu] : 
build symm link desc with 4X Tesla V100-SXM2-16GB out of 4E
 /samgraph/3rdparty/collcachelib/coll_cache_lib/coll_cache/asymm_link_desc.cc:212] build symm link desc with 4X Tesla V100-SXM2-16GB out of 4[
[2023-03-31 05:43:242023-03-31 05:43:24..815658[815658: 2023-03-31 05:43:24: E.E 815673 /samgraph/3rdparty/collcachelib/coll_cache_lib/coll_cache/asymm_link_desc.cc: /samgraph/3rdparty/collcachelib/coll_cache_lib/coll_cache/asymm_link_desc.cc:E:213 212] /samgraph/3rdparty/collcachelib/coll_cache_lib/coll_cache/asymm_link_desc.cc] remote time is 8.68421:build symm link desc with 4X Tesla V100-SXM2-16GB out of 4
213
] remote time is 8.68421[
2023-03-31 05:43:24[.2023-03-31 05:43:24[815733.2023-03-31 05:43:24: 815740.E: 815744 E: /samgraph/3rdparty/collcachelib/coll_cache_lib/coll_cache/asymm_link_desc.cc E:/samgraph/3rdparty/collcachelib/coll_cache_lib/coll_cache/asymm_link_desc.cc 214:/samgraph/3rdparty/collcachelib/coll_cache_lib/coll_cache/asymm_link_desc.cc] 213:cpu time is 30] 214
remote time is 8.68421] 
cpu time is 30
[[2023-03-31 05:43:242023-03-31 05:43:24.[.8158102023-03-31 05:43:24815811: .: E815818E :  /samgraph/3rdparty/collcachelib/coll_cache_lib/facade.ccE/samgraph/3rdparty/collcachelib/coll_cache_lib/coll_cache/asymm_link_desc.cc: :255/samgraph/3rdparty/collcachelib/coll_cache_lib/facade.cc214] :] registering cpu data with 48.00 GB255cpu time is 30
] 
registering cpu data with 48.00 GB
[2023-03-31 05:43:24.815890: E /samgraph/3rdparty/collcachelib/coll_cache_lib/facade.cc:255] registering cpu data with 48.00 GB
[2023-03-31 05:43:24.816377: E /samgraph/3rdparty/collcachelib/coll_cache_lib/run_config.cc:139] using concurrent impl MPSPhase
[2023-03-31 05:43:24.816918: E /samgraph/3rdparty/collcachelib/coll_cache_lib/coll_cache/asymm_link_desc.cc:196] assigning 8 to cpu
[2023-03-31 05:43:24.817042: E /samgraph/3rdparty/collcachelib/coll_cache_lib/coll_cache/asymm_link_desc.cc:212] build symm link desc with 4X Tesla V100-SXM2-16GB out of 4
[2023-03-31 05:43:24.817144: E /samgraph/3rdparty/collcachelib/coll_cache_lib/coll_cache/asymm_link_desc.cc:213] remote time is 8.68421
[2023-03-31 05:43:24.817238: E /samgraph/3rdparty/collcachelib/coll_cache_lib/coll_cache/asymm_link_desc.cc:214] cpu time is 30
[2023-03-31 05:43:24.817330: E /samgraph/3rdparty/collcachelib/coll_cache_lib/facade.cc:255] registering cpu data with 48.00 GB
[2023-03-31 05:43:34.587399: E /samgraph/3rdparty/collcachelib/coll_cache_lib/facade.cc:257] registering cpu data done.
[2023-03-31 05:43:34.588155: E /samgraph/3rdparty/collcachelib/coll_cache_lib/facade.cc:257] registering cpu data done.
[2023-03-31 05:43:34.588486: E /samgraph/3rdparty/collcachelib/coll_cache_lib/facade.cc:257] registering cpu data done.
[2023-03-31 05:43:34.602651: E /samgraph/3rdparty/collcachelib/coll_cache_lib/facade.cc:257] registering cpu data done.
[2023-03-31 05:43:34.602710: E /samgraph/3rdparty/collcachelib/coll_cache_lib/facade.cc:78] creating solver
[2023-03-31 05:43:34.602742: E /samgraph/3rdparty/collcachelib/coll_cache_lib/facade.cc:118] solver created. now build & solve
[2023-03-31 05:43:34.703331: E /samgraph/3rdparty/collcachelib/coll_cache_lib/facade.cc:123] solver built. now solve
block 0 storage is 00000001
	access is	0	0	0	0	
block 1 storage is 00000010
	access is	1	1	1	1	
block 2 storage is 00000100
	access is	2	2	2	2	
block 3 storage is 00001000
	access is	3	3	3	3	
block 4 storage is 00000000
	access is	4	4	4	4	
[2023-03-31 05:43:35.139654: E /samgraph/3rdparty/collcachelib/coll_cache_lib/facade.cc:127] solver solved
[2023-03-31 05:43:35.139741: E /samgraph/3rdparty/collcachelib/coll_cache_lib/facade.cc:267] 0 solved master
[2023-03-31 05:43:35.139791: E /samgraph/3rdparty/collcachelib/coll_cache_lib/facade.cc:274] 0 solved
[2023-03-31 05:43:35.139824: E /samgraph/3rdparty/collcachelib/coll_cache_lib/facade.cc:277] worker 0 thread 0 initing device 0
[2023-03-31 05:43:35.141631: E /samgraph/3rdparty/collcachelib/coll_cache_lib/cache_context.cu:2265] Building Coll Cache with ... num gpu device is 4
[2023-03-31 05:43:35.142339: E /samgraph/3rdparty/collcachelib/coll_cache_lib/cuda/cache_hashtable.cuh:611] per src size local is 5371629
[2023-03-31 05:43:35.218958: E /samgraph/3rdparty/collcachelib/coll_cache_lib/facade.cc:274] 2 solved
[2023-03-31 05:43:35.219030: E /samgraph/3rdparty/collcachelib/coll_cache_lib/facade.cc:277] worker 2 thread 2 initing device 2
[2023-03-31 05:43:35.220484: E /samgraph/3rdparty/collcachelib/coll_cache_lib/cache_context.cu:2265] Building Coll Cache with ... num gpu device is 4
[2023-03-31 05:43:35.234878: E /samgraph/3rdparty/collcachelib/coll_cache_lib/facade.cc:274] 1 solved
[2023-03-31 05:43:35.234958: E /samgraph/3rdparty/collcachelib/coll_cache_lib/facade.cc:277] worker 1 thread 1 initing device 1
[2023-03-31 05:43:35.237514: E /samgraph/3rdparty/collcachelib/coll_cache_lib/cache_context.cu:2265] Building Coll Cache with ... num gpu device is 4
[2023-03-31 05:43:35.245427: E /samgraph/3rdparty/collcachelib/coll_cache_lib/facade.cc:274] 3 solved
[2023-03-31 05:43:35.245517: E /samgraph/3rdparty/collcachelib/coll_cache_lib/facade.cc:277] worker 3 thread 3 initing device 3
[2023-03-31 05:43:35.247233: E /samgraph/3rdparty/collcachelib/coll_cache_lib/cache_context.cu:2265] Building Coll Cache with ... num gpu device is 4
[2023-03-31 05:43:35.320260: E /samgraph/3rdparty/collcachelib/coll_cache_lib/cache_context.cu:2307] num cpu nodes is 224627663
[2023-03-31 05:43:35.372227: E /samgraph/3rdparty/collcachelib/coll_cache_lib/cache_context.cu:2307] num cpu nodes is 224627663
[2023-03-31 05:43:35.390152: E /samgraph/3rdparty/collcachelib/coll_cache_lib/cache_context.cu:2307] num cpu nodes is 224627663
[2023-03-31 05:43:35.400712: E /samgraph/3rdparty/collcachelib/coll_cache_lib/cache_context.cu:2307] num cpu nodes is 224627663
[2023-03-31 05:43:35.943567: E /samgraph/3rdparty/collcachelib/coll_cache_lib/cuda/cache_hashtable.cu:355] create a hashtable with 19532836 possible elem, scale to 67108864
[2023-03-31 05:43:35.943655: E /samgraph/3rdparty/collcachelib/coll_cache_lib/cuda/cache_hashtable.cu:360] SimpleHashTable allocating 512.00 MB
[2023-03-31 05:43:35.993136: E /samgraph/3rdparty/collcachelib/coll_cache_lib/cuda/cache_hashtable.cu:355] create a hashtable with 19532836 possible elem, scale to 67108864
[2023-03-31 05:43:35.993217: E /samgraph/3rdparty/collcachelib/coll_cache_lib/cuda/cache_hashtable.cu:360] SimpleHashTable allocating 512.00 MB
[2023-03-31 05:43:36. 10689: E /samgraph/3rdparty/collcachelib/coll_cache_lib/cuda/cache_hashtable.cu:355] create a hashtable with 19532836 possible elem, scale to 67108864
[2023-03-31 05:43:36. 10772: E /samgraph/3rdparty/collcachelib/coll_cache_lib/cuda/cache_hashtable.cu:360] SimpleHashTable allocating 512.00 MB
[2023-03-31 05:43:36. 22627: E /samgraph/3rdparty/collcachelib/coll_cache_lib/cuda/cache_hashtable.cu:355] create a hashtable with 19532836 possible elem, scale to 67108864
[2023-03-31 05:43:36. 22682: E /samgraph/3rdparty/collcachelib/coll_cache_lib/cuda/cache_hashtable.cu:360] SimpleHashTable allocating 512.00 MB
[2023-03-31 05:43:36.101331: E /samgraph/3rdparty/collcachelib/coll_cache_lib/common.cc:107] too many mem allocated for forcescale?5127370->244161
[2023-03-31 05:43:36.102605: E /samgraph/3rdparty/collcachelib/coll_cache_lib/cache_context.cu:2383] Asymm Coll cache (policy: clique_part) | local 4883209 / 244160499 nodes ( 2.00 %~2.00 %) | remote 14649627 / 244160499 nodes ( 6.00 %) | cpu 224627663 / 244160499 nodes ( 92.00 %) | 7.33 GB | 0.865044 secs 
[2023-03-31 05:43:36.102907: E /samgraph/3rdparty/collcachelib/coll_cache_lib/common.cc:107] too many mem allocated for forcescale?5127370->244161
[2023-03-31 05:43:36.103025: E /samgraph/3rdparty/collcachelib/coll_cache_lib/common.cc:107] too many mem allocated for forcescale?5127370->244161
[2023-03-31 05:43:36.103120: E /samgraph/3rdparty/collcachelib/coll_cache_lib/common.cc:107] too many mem allocated for forcescale?5127370->244161
[2023-03-31 05:43:36.147198: E /samgraph/3rdparty/collcachelib/coll_cache_lib/cache_context.cu:2383] Asymm Coll cache (policy: clique_part) | local 4883209 / 244160499 nodes ( 2.00 %~2.00 %) | remote 14649627 / 244160499 nodes ( 6.00 %) | cpu 224627663 / 244160499 nodes ( 92.00 %) | 7.33 GB | 1.00552 secs 
[2023-03-31 05:43:36.147975: W /samgraph/3rdparty/collcachelib/coll_cache_lib/cache_context.cu:3902] before create ctx, mem is 9.75 GB
[2023-03-31 05:43:36.154542: E /samgraph/3rdparty/collcachelib/coll_cache_lib/cache_context.cu:2383] Asymm Coll cache (policy: clique_part) | local 4883209 / 244160499 nodes ( 2.00 %~2.00 %) | remote 14649627 / 244160499 nodes ( 6.00 %) | cpu 224627663 / 244160499 nodes ( 92.00 %) | 7.33 GB | 0.907265 secs 
[2023-03-31 05:43:36.162553: E /samgraph/3rdparty/collcachelib/coll_cache_lib/cache_context.cu:2383] Asymm Coll cache (policy: clique_part) | local 4883209 / 244160499 nodes ( 2.00 %~2.00 %) | remote 14649627 / 244160499 nodes ( 6.00 %) | cpu 224627663 / 244160499 nodes ( 92.00 %) | 7.33 GB | 0.942027 secs 
[2023-03-31 05:43:36.166705: W /samgraph/3rdparty/collcachelib/coll_cache_lib/cache_context.cu:3902] before create ctx, mem is 9.75 GB
[2023-03-31 05:43:36.175613: W /samgraph/3rdparty/collcachelib/coll_cache_lib/cache_context.cu:3902] before create ctx, mem is 9.75 GB
[2023-03-31 05:43:36.175827: W /samgraph/3rdparty/collcachelib/coll_cache_lib/cache_context.cu:3902] before create ctx, mem is 9.75 GB
[2023-03-31 05:43:42.120784: W /samgraph/3rdparty/collcachelib/coll_cache_lib/cache_context.cu:3902] after create ctx, mem is 11.34 GB
[2023-03-31 05:43:42.120997: W /samgraph/3rdparty/collcachelib/coll_cache_lib/cache_context.cu:3902] after create stream, mem is 11.34 GB
[2023-03-31 05:43:42.215182: W /samgraph/3rdparty/collcachelib/coll_cache_lib/cache_context.cu:3902] after create ctx, mem is 11.38 GB
[2023-03-31 05:43:42.215299: W /samgraph/3rdparty/collcachelib/coll_cache_lib/cache_context.cu:3902] after create stream, mem is 11.38 GB
[2023-03-31 05:43:42.317395: W /samgraph/3rdparty/collcachelib/coll_cache_lib/cache_context.cu:3902] after create ctx, mem is 11.42 GB
[2023-03-31 05:43:42.317486: W /samgraph/3rdparty/collcachelib/coll_cache_lib/cache_context.cu:3902] after create stream, mem is 11.42 GB
[2023-03-31 05:43:42.423820: W /samgraph/3rdparty/collcachelib/coll_cache_lib/cache_context.cu:3902] after create ctx, mem is 11.46 GB
[2023-03-31 05:43:42.423926: W /samgraph/3rdparty/collcachelib/coll_cache_lib/cache_context.cu:3902] after create stream, mem is 11.46 GB
[2023-03-31 05:43:42.424679: E /samgraph/3rdparty/collcachelib/coll_cache_lib/run_config.cc:139] using concurrent impl MPSPhase
[2023-03-31 05:43:42.424743: E /samgraph/3rdparty/collcachelib/coll_cache_lib/run_config.cc:139] using concurrent impl MPSPhase
[2023-03-31 05:43:42.424811: E /samgraph/3rdparty/collcachelib/coll_cache_lib/run_config.cc:139] using concurrent impl MPSPhase
[2023-03-31 05:43:42.424937: E /samgraph/3rdparty/collcachelib/coll_cache_lib/run_config.cc:139] using concurrent impl MPSPhase
[2023-03-31 05:43:42.425707: E /samgraph/3rdparty/collcachelib/coll_cache_lib/coll_cache/asymm_link_desc.cc:196] assigning 8 to cpu
[[2023-03-31 05:43:422023-03-31 05:43:42..425751425753: : EE  /samgraph/3rdparty/collcachelib/coll_cache_lib/coll_cache/asymm_link_desc.cc/samgraph/3rdparty/collcachelib/coll_cache_lib/coll_cache/asymm_link_desc.cc::212196] ] build symm link desc with 4X Tesla V100-SXM2-16GB out of 4assigning 8 to cpu

[2023-03-31 05:43:42.[4258192023-03-31 05:43:42: .E425820 : /samgraph/3rdparty/collcachelib/coll_cache_lib/coll_cache/asymm_link_desc.ccE: 213/samgraph/3rdparty/collcachelib/coll_cache_lib/coll_cache/asymm_link_desc.cc] :remote time is 8.68421212
] build symm link desc with 4X Tesla V100-SXM2-16GB out of 4[
[2023-03-31 05:43:422023-03-31 05:43:42..425861425870: [: E2023-03-31 05:43:42E . /samgraph/3rdparty/collcachelib/coll_cache_lib/coll_cache/asymm_link_desc.cc425883/samgraph/3rdparty/collcachelib/coll_cache_lib/coll_cache/asymm_link_desc.cc:: :196E214]  ] assigning 8 to cpu/samgraph/3rdparty/collcachelib/coll_cache_lib/coll_cache/asymm_link_desc.cccpu time is 30
:
[2132023-03-31 05:43:42] .[remote time is 8.68421[4259282023-03-31 05:43:42
2023-03-31 05:43:42: ..[E4259474259472023-03-31 05:43:42 : : ./samgraph/3rdparty/collcachelib/coll_cache_lib/coll_cache/asymm_link_desc.ccEE425982:  : 196/samgraph/3rdparty/collcachelib/coll_cache_lib/facade.cc/samgraph/3rdparty/collcachelib/coll_cache_lib/coll_cache/asymm_link_desc.ccE] :: assigning 8 to cpu255212/samgraph/3rdparty/collcachelib/coll_cache_lib/coll_cache/asymm_link_desc.cc
] ] :registering cpu data with 1.82 GBbuild symm link desc with 4X Tesla V100-SXM2-16GB out of 4214

] cpu time is 30
[2023-03-31 05:43:42[.[2023-03-31 05:43:424260952023-03-31 05:43:42.: .426107E426112:  : E/samgraph/3rdparty/collcachelib/coll_cache_lib/coll_cache/asymm_link_desc.ccE : /samgraph/3rdparty/collcachelib/coll_cache_lib/coll_cache/asymm_link_desc.cc212/samgraph/3rdparty/collcachelib/coll_cache_lib/facade.cc:] :213build symm link desc with 4X Tesla V100-SXM2-16GB out of 4255] 
] remote time is 8.68421registering cpu data with 1.82 GB

[[2023-03-31 05:43:422023-03-31 05:43:42..426239426240: : EE  /samgraph/3rdparty/collcachelib/coll_cache_lib/coll_cache/asymm_link_desc.cc/samgraph/3rdparty/collcachelib/coll_cache_lib/coll_cache/asymm_link_desc.cc::213214] ] remote time is 8.68421cpu time is 30

[2023-03-31 05:43:42.426343: E[ 2023-03-31 05:43:42/samgraph/3rdparty/collcachelib/coll_cache_lib/coll_cache/asymm_link_desc.cc.:426355214: ] Ecpu time is 30 
/samgraph/3rdparty/collcachelib/coll_cache_lib/facade.cc:255] registering cpu data with 1.82 GB
[2023-03-31 05:43:42.426436: E /samgraph/3rdparty/collcachelib/coll_cache_lib/facade.cc:255] registering cpu data with 1.82 GB
[2023-03-31 05:43:45.527071: E /samgraph/3rdparty/collcachelib/coll_cache_lib/facade.cc:257] registering cpu data done.
[2023-03-31 05:43:45.527523: E /samgraph/3rdparty/collcachelib/coll_cache_lib/facade.cc:257] registering cpu data done.
[2023-03-31 05:43:45.527765: E /samgraph/3rdparty/collcachelib/coll_cache_lib/facade.cc:257] registering cpu data done.
[2023-03-31 05:43:45.529725: E /samgraph/3rdparty/collcachelib/coll_cache_lib/facade.cc:257] registering cpu data done.
[[[2023-03-31 05:43:45[2023-03-31 05:43:452023-03-31 05:43:45.2023-03-31 05:43:45..529846.529847529847: 529846: : E: EE E  /samgraph/3rdparty/collcachelib/coll_cache_lib/facade.cc /samgraph/3rdparty/collcachelib/coll_cache_lib/facade.cc/samgraph/3rdparty/collcachelib/coll_cache_lib/facade.cc:/samgraph/3rdparty/collcachelib/coll_cache_lib/facade.cc::274:274274] 274] ] 2 solved] 3 solved0 solved
1 solved


[[2023-03-31 05:43:45[2023-03-31 05:43:45.[2023-03-31 05:43:45.5300432023-03-31 05:43:45.530051: .530055: E530060: E : E /samgraph/3rdparty/collcachelib/coll_cache_lib/facade.ccE /samgraph/3rdparty/collcachelib/coll_cache_lib/facade.cc: /samgraph/3rdparty/collcachelib/coll_cache_lib/facade.cc:277/samgraph/3rdparty/collcachelib/coll_cache_lib/facade.cc:277] :277] worker 2 thread 2 initing device 2277] worker 3 thread 3 initing device 3
] worker 0 thread 0 initing device 0
worker 1 thread 1 initing device 1

[2023-03-31 05:43:47.379997: W /samgraph/samgraph/common/cuda/cuda_device.cc:49] GPU[0] alloc cuda memory 926.92 MB
[2023-03-31 05:43:48.512862: W /samgraph/samgraph/common/cuda/cuda_device.cc:49] GPU[0] alloc cuda memory 926.92 MB
/usr/local/lib/python3.8/dist-packages/torch/nn/parallel/scatter_gather.py:9: UserWarning: is_namedtuple is deprecated, please use the python checks instead
  warnings.warn("is_namedtuple is deprecated, please use the python checks instead")
/usr/local/lib/python3.8/dist-packages/torch/nn/parallel/scatter_gather.py:9: UserWarning: is_namedtuple is deprecated, please use the python checks instead
  warnings.warn("is_namedtuple is deprecated, please use the python checks instead")
/usr/local/lib/python3.8/dist-packages/torch/nn/parallel/scatter_gather.py:9: UserWarning: is_namedtuple is deprecated, please use the python checks instead
  warnings.warn("is_namedtuple is deprecated, please use the python checks instead")
/usr/local/lib/python3.8/dist-packages/torch/nn/parallel/scatter_gather.py:9: UserWarning: is_namedtuple is deprecated, please use the python checks instead
  warnings.warn("is_namedtuple is deprecated, please use the python checks instead")
/usr/local/lib/python3.8/dist-packages/numpy/core/fromnumeric.py:3474: RuntimeWarning: Mean of empty slice.
  return _methods._mean(a, axis=axis, dtype=dtype,
/usr/local/lib/python3.8/dist-packages/numpy/core/_methods.py:189: RuntimeWarning: invalid value encountered in double_scalars
  ret = ret.dtype.type(ret / rcount)
