succeed=False
config:eval_tsp="2023-03-30 15:12:09"
config:arch=arch6
config:num_worker=4
config:sample_type=khop2
config:root_path=/nvme/graph-learning-copy/samgraph/
config:dataset=mag240m-homo
config:pipeline=False
config:cache_policy=coll_cache_asymm_link
config:cache_percentage=0.02
config:num_epoch=4
config:batch_size=2000
config:num_hidden=256
config:max_sampling_jobs=1
config:max_copying_jobs=1
config:barriered_epoch=1
config:presample_epoch=2
config:omp_thread_num=40
config:unsupervised=True
config:amp=True
config:rolling=0
config:fanout=[25, 10]
config:lr=0.003
config:dropout=0.5
config:max_num_step=1000
config:validate_configs=False
config:report_acc=0
config:dataset_path=/nvme/graph-learning-copy/samgraph/mag240m-homo
config:workers=['cuda:0', 'cuda:1', 'cuda:2', 'cuda:3']
config:num_fanout=2
config:num_layer=2
config:_run_mode=RunMode.SGNN
config:_log_level=warn
config:_profile_level=3
config:_empty_feat=25
config:_arch=6
config:_sample_type=5
config:_cache_policy=13
test_result:init:input_scale_factor=1.10129
0 :  {link #0 : 1}, {link #1 : 2}, {link #2 : 3},
1 :  {link #0 : 2}, {link #1 : 3}, {link #2 : 0},
2 :  {link #0 : 3}, {link #1 : 0}, {link #2 : 1},
3 :  {link #0 : 0}, {link #1 : 1}, {link #2 : 2},
0 :  {link #0 : 1}, {link #1 : 2}, {link #2 : 3},
1 :  {link #0 : 2}, {link #1 : 3}, {link #2 : 0},
2 :  {link #0 : 3}, {link #1 : 0}, {link #2 : 1},
3 :  {link #0 : 0}, {link #1 : 1}, {link #2 : 2},
0 :  {link #0 : 1}, {link #1 : 2}, {link #2 : 3},
1 :  {link #0 : 2}, {link #1 : 3}, {link #2 : 0},
2 :  {link #0 : 3}, {link #1 : 0}, {link #2 : 1},
3 :  {link #0 : 0}, {link #1 : 1}, {link #2 : 2},
0 :  {link #0 : 1}, {link #1 : 2}, {link #2 : 3},
1 :  {link #0 : 2}, {link #1 : 3}, {link #2 : 0},
2 :  {link #0 : 3}, {link #1 : 0}, {link #2 : 1},
3 :  {link #0 : 0}, {link #1 : 1}, {link #2 : 2},
Set parameter WLSAccessID
Set parameter WLSSecret
Set parameter LicenseID
Set parameter TimeLimit to value 200
Set parameter MIPGap to value 0.05
Set parameter LogFile to value "cppsolver.log"
Set parameter Threads to value 40
Academic license - for non-commercial use only - registered to xiaoniu.sxn@sjtu.edu.cn
Gurobi Optimizer version 9.5.1 build v9.5.1rc2 (linux64)
Thread count: 40 physical cores, 80 logical processors, using up to 40 threads
Academic license - for non-commercial use only - registered to xiaoniu.sxn@sjtu.edu.cn
Optimize a model with 7932 rows, 2589 columns and 24344 nonzeros
Model fingerprint: 0xaeb8f6f1
Variable types: 5 continuous, 2584 integer (2584 binary)
Coefficient statistics:
  Matrix range     [2e-04, 1e+04]
  Objective range  [1e+00, 1e+00]
  Bounds range     [1e+00, 1e+00]
  RHS range        [1e+00, 4e+03]
Found heuristic solution: objective 18209.549921
Presolve removed 5595 rows and 123 columns
Presolve time: 0.04s
Presolved: 2337 rows, 2466 columns, 8858 nonzeros
Variable types: 1 continuous, 2465 integer (2465 binary)

Root relaxation: objective 8.647311e+03, 1921 iterations, 0.02 seconds (0.01 work units)

    Nodes    |    Current Node    |     Objective Bounds      |     Work
 Expl Unexpl |  Obj  Depth IntInf | Incumbent    BestBd   Gap | It/Node Time

     0     0 8647.31054    0   29 18209.5499 8647.31054  52.5%     -    0s
H    0     0                    8976.6067494 8647.31054  3.67%     -    0s

Explored 1 nodes (2686 simplex iterations) in 0.09 seconds (0.04 work units)
Thread count was 40 (of 80 available processors)

Solution count 2: 8976.61 18209.5 

Optimal solution found (tolerance 5.00e-02)
Best objective 8.976606749372e+03, best bound 8.647310543194e+03, gap 3.6684%
coll_cache:optimal_local_rate=0.161455,0.138416,0.165838,0.177678,
coll_cache:optimal_remote_rate=0.475848,0.498887,0.471464,0.459624,
coll_cache:optimal_cpu_rate=0.362697,0.362697,0.362697,0.362697,
z=8976.61
test_result:init:feat_nbytes=375030526464
test_result:init:cache_nbytes=7875640320
test_result:init:feat_nbytes=375030526464
test_result:init:cache_nbytes=7875640320
test_result:init:feat_nbytes=375030526464
test_result:init:cache_nbytes=7875640320
test_result:init:feat_nbytes=375030526464
test_result:init:cache_nbytes=7875640320

