succeed=True
config:eval_tsp="2023-03-30 16:47:28"
config:arch=arch6
config:num_worker=4
config:sample_type=khop2
config:root_path=/nvme/graph-learning-copy/samgraph/
config:dataset=mag240m-homo
config:pipeline=False
config:cache_policy=rep
config:cache_percentage=0.01
config:num_epoch=4
config:batch_size=2000
config:num_hidden=256
config:max_sampling_jobs=1
config:max_copying_jobs=1
config:barriered_epoch=1
config:presample_epoch=2
config:omp_thread_num=40
config:unsupervised=True
config:amp=True
config:rolling=0
config:fanout=[25, 10]
config:lr=0.003
config:dropout=0.5
config:max_num_step=1000
config:validate_configs=False
config:report_acc=0
config:dataset_path=/nvme/graph-learning-copy/samgraph/mag240m-homo
config:workers=['cuda:0', 'cuda:1', 'cuda:2', 'cuda:3']
config:num_fanout=2
config:num_layer=2
config:_run_mode=RunMode.SGNN
config:_log_level=warn
config:_profile_level=3
config:_empty_feat=25
config:_arch=6
config:_sample_type=5
config:_cache_policy=12
test_result:init:input_scale_factor=1.1
0 :  {link #0 : 1}, {link #1 : 2}, {link #2 : 3},
1 :  {link #0 : 2}, {link #1 : 3}, {link #2 : 0},
2 :  {link #0 : 3}, {link #1 : 0}, {link #2 : 1},
3 :  {link #0 : 0}, {link #1 : 1}, {link #2 : 2},
0 :  {link #0 : 1}, {link #1 : 2}, {link #2 : 3},
1 :  {link #0 : 2}, {link #1 : 3}, {link #2 : 0},
2 :  {link #0 : 3}, {link #1 : 0}, {link #2 : 1},
3 :  {link #0 : 0}, {link #1 : 1}, {link #2 : 2},
0 :  {link #0 : 1}, {link #1 : 2}, {link #2 : 3},
1 :  {link #0 : 2}, {link #1 : 3}, {link #2 : 0},
2 :  {link #0 : 3}, {link #1 : 0}, {link #2 : 1},
3 :  {link #0 : 0}, {link #1 : 1}, {link #2 : 2},
0 :  {link #0 : 1}, {link #1 : 2}, {link #2 : 3},
1 :  {link #0 : 2}, {link #1 : 3}, {link #2 : 0},
2 :  {link #0 : 3}, {link #1 : 0}, {link #2 : 1},
3 :  {link #0 : 0}, {link #1 : 1}, {link #2 : 2},
coll_cache:optimal_rep_storage=0.01
coll_cache:optimal_part_storage=0
coll_cache:optimal_cpu_storage=0.99
coll_cache:optimal_local_storage=0.01
coll_cache:optimal_remote_storage=0
coll_cache:optimal_local_rate=0.219974
coll_cache:optimal_remote_rate=0
coll_cache:optimal_cpu_rate=0.780026
z=18451.3
test_result:init:feat_nbytes=375030526464
test_result:init:cache_nbytes=4125335040
test_result:init:feat_nbytes=375030526464
test_result:init:cache_nbytes=4125335040
test_result:init:feat_nbytes=375030526464
test_result:init:cache_nbytes=4125335040
test_result:init:feat_nbytes=375030526464
test_result:init:cache_nbytes=4125335040
[CUDA] cuda0: usage: 10.30 GB
[SAM] cuda0 data alloc        : 77.69 MB
[SAM] cuda0 workspace         : 4.02 GB
[SAM] cuda0 workspace reserve : 1.54 GB
[SAM] cuda0 total             : 4.10 GB
    [Step(average) Profiler Level 1 E3 S999]
        L1  sample           0.042043 | send           0.000000
        L1  recv             0.000000 | copy           0.094803 | convert time 0.000564 | train  0.019028
        L1  feature nbytes    1.36 GB | label nbytes   15.62 KB
        L1  id nbytes      0.00 Bytes | graph nbytes 0.00 Bytes
        L1  miss nbytes    0.00 Bytes | remote nbytes 0.00 Bytes
        L1  num nodes          953723 | num samples     1098675
    [Step(average) Profiler Level 2 E3 S999]
        L2  shuffle     0.000075 | core sample  0.039256 | id remap        0.002389
        L2  graph copy  0.000000 | id copy      0.000000 | cache feat copy 0.093545
        L2  last layer sample time 0.000797 | size 49772.152051
    [Step(average) Profiler Level 3 E3 S999]
        L3  khop sample coo  0.038936 | khop sort coo      0.000000 | khop count edge     0.000042 | khop compact edge 0.000214
        L3  walk sample coo  0.000000 | walk topk total    0.000000 | walk topk step1     0.000000 | walk topk step2   0.000000
        L3  walk topk step3  0.000000 | walk topk step4    0.000000 | walk topk step5     0.000000
        L3  walk topk step6  0.000000 | walk topk step7    0.000000
        L3  remap unique     0.000303 | remap populate     0.002033 | remap mapnode       0.000000 | remap mapedge     0.000370
        L3  cache get_index  0.000526 | cache copy_index   0.000000 | cache extract_miss  0.000000
        L3  cache copy_miss  0.000000 | cache combine_miss 0.000000 | cache combine cache 0.093016 | cache combine remote 0.000000
        L3  label extract  0.000050
    [Init Profiler Level 1]
        L1  init    12.7863 | sampler init    32.8551 | trainer init 11.9803
    [Init Profiler Level 2]
        L2  load ds        23.4023 | init queue           0.0000
        L2  presample      20.3785 | build interal ds     1.8574
        L2  build cache    11.9771
    [Init Profiler Level 3]
        L3  load dataset: mmap    12.7841 | copy         0.0000
        L3  dist queue: alloc      0.0000 | pin          0.0000 | push     0.0000
        L3  presample: init        1.3346
        L3  presample: sample      7.5615 | copy         0.6080
        L3  presample: count       6.8462 | sort         1.0043
        L3  presample: reset       0.0025 | get rank     0.0840
        L3  internal: cuda ctx     0.0002 | cuda stream     0.0000
[Worker 2/4] Started with PID 35423(Tesla V100-SXM2-16GB)
worker 2 at process 35423
[Worker 2] run for 4 epochs with 250 steps
[Train  Worker 2] Avg Epoch 39.1416 | Sample 10.5055 | Copy 23.7098 | Train Total (Profiler) 4.8943
[Worker 1/4] Started with PID 35421(Tesla V100-SXM2-16GB)
worker 1 at process 35421
[Worker 1] run for 4 epochs with 250 steps
[Train  Worker 1] Avg Epoch 39.1417 | Sample 10.5147 | Copy 23.6848 | Train Total (Profiler) 4.9089
[Worker 3/4] Started with PID 35426(Tesla V100-SXM2-16GB)
worker 3 at process 35426
[Worker 3] run for 4 epochs with 250 steps
[Train  Worker 3] Avg Epoch 39.1417 | Sample 10.5009 | Copy 23.7048 | Train Total (Profiler) 4.9029
[Worker 0/4] Started with PID 35419(Tesla V100-SXM2-16GB)
worker 0 at process 35419
[Worker 0] run for 4 epochs with 250 steps
Epoch 00000 | Epoch Time 40.3764 | Sample 10.5733 | Copy 23.7316 | Total Train(Profiler) 6.0387
Epoch 00001 | Epoch Time 39.1754 | Sample 10.5255 | Copy 23.7192 | Total Train(Profiler) 4.8978
Epoch 00002 | Epoch Time 39.1344 | Sample 10.5216 | Copy 23.6998 | Total Train(Profiler) 4.8821
Epoch 00003 | Epoch Time 39.1151 | Sample 10.5180 | Copy 23.6917 | Total Train(Profiler) 4.8771
[Train  Worker 0] Avg Epoch 39.1416 | Sample 10.5217 | Copy 23.7036 | Train Total (Profiler) 4.8857
|===========================================================================|
|                  PyTorch CUDA memory summary, device ID 0                 |
|---------------------------------------------------------------------------|
|            CUDA OOMs: 0            |        cudaMalloc retries: 0         |
|===========================================================================|
|        Metric         | Cur Usage  | Peak Usage | Tot Alloc  | Tot Freed  |
|---------------------------------------------------------------------------|
| Allocated memory      |   35881 KB |  654868 KB |    1760 GB |    1760 GB |
|       from large pool |   26608 KB |  651932 KB |    1747 GB |    1747 GB |
|       from small pool |    9273 KB |   11607 KB |      13 GB |      13 GB |
|---------------------------------------------------------------------------|
| Active memory         |   35881 KB |  654868 KB |    1760 GB |    1760 GB |
|       from large pool |   26608 KB |  651932 KB |    1747 GB |    1747 GB |
|       from small pool |    9273 KB |   11607 KB |      13 GB |      13 GB |
|---------------------------------------------------------------------------|
| GPU reserved memory   |     776 MB |     776 MB |     776 MB |       0 B  |
|       from large pool |     760 MB |     760 MB |     760 MB |       0 B  |
|       from small pool |      16 MB |      16 MB |      16 MB |       0 B  |
|---------------------------------------------------------------------------|
| Non-releasable memory |   46038 KB |  620520 KB |    1510 GB |    1510 GB |
|       from large pool |   43024 KB |  618781 KB |    1495 GB |    1495 GB |
|       from small pool |    3014 KB |    5574 KB |      15 GB |      15 GB |
|---------------------------------------------------------------------------|
| Allocations           |      43    |      62    |  146038    |  145995    |
|       from large pool |       7    |      18    |   57003    |   56996    |
|       from small pool |      36    |      47    |   89035    |   88999    |
|---------------------------------------------------------------------------|
| Active allocs         |      44    |      62    |  146038    |  145994    |
|       from large pool |       7    |      18    |   57003    |   56996    |
|       from small pool |      37    |      47    |   89035    |   88998    |
|---------------------------------------------------------------------------|
| GPU reserved segments |      17    |      17    |      17    |       0    |
|       from large pool |       9    |       9    |       9    |       0    |
|       from small pool |       8    |       8    |       8    |       0    |
|---------------------------------------------------------------------------|
| Non-releasable allocs |      16    |      28    |   63988    |   63972    |
|       from large pool |       3    |      12    |   38795    |   38792    |
|       from small pool |      13    |      22    |   25193    |   25180    |
|---------------------------------------------------------------------------|
| Oversize allocations  |       0    |       0    |       0    |       0    |
|---------------------------------------------------------------------------|
| Oversize GPU segments |       0    |       0    |       0    |       0    |
|===========================================================================|

test_result:sample_time=nan
test_result:epoch_time:sample_total=10.5217
test_result:epoch_time:copy_time=23.7036
test_result:convert_time=0.1394
test_result:train_time=4.7462
test_result:epoch_time:train_total=4.8857
test_result:cache_percentage=0.0100
test_result:cache_hit_rate=1.0000
test_result:epoch_time:total=39.1416
test_result:run_time=157.8041

