[2023-03-30 14:37:24.682477: W /samgraph/samgraph/common/cpu/mmap_cpu_device.cc:113] mmap allocating space 12.87 GB
[2023-03-30 14:37:24.682589: W /samgraph/samgraph/common/cpu/mmap_cpu_device.cc:118] mmap allocating space 12.87 GB done
[2023-03-30 14:37:24.682620: E /samgraph/samgraph/common/common.cc:229] From MMAP reading disk 12.87 GB
[2023-03-30 14:37:30. 76048: E /samgraph/samgraph/common/common.cc:243] From MMAP reading done
[2023-03-30 14:37:36. 50354: W /samgraph/samgraph/common/cpu/mmap_cpu_device.cc:113] mmap allocating space 1.82 GB
[2023-03-30 14:37:36. 50435: W /samgraph/samgraph/common/cpu/mmap_cpu_device.cc:118] mmap allocating space 1.82 GB done
[2023-03-30 14:37:36. 50529: W /samgraph/samgraph/common/cpu/cpu_device.cc:39] WORKER[0] alloc host memory 12.87 GB
[2023-03-30 14:37:36.657942: E /samgraph/samgraph/common/engine.cc:277] Train set size 7.63 MB
/usr/lib/python3/dist-packages/requests/__init__.py:89: RequestsDependencyWarning: urllib3 (1.26.12) or chardet (3.0.4) doesn't match a supported version!
  warnings.warn("urllib3 ({}) or chardet ({}) doesn't match a supported "
[2023-03-30 14:37:43.591731: E /samgraph/samgraph/common/dist/dist_engine.cc:85] Running on V100
[2023-03-30 14:37:43.597781: W /samgraph/samgraph/common/cuda/cuda_device.cc:49] GPU[0] alloc cuda memory 931.40 MB
[2023-03-30 14:37:43.612469: E /samgraph/samgraph/common/dist/dist_engine.cc:85] Running on V100
[2023-03-30 14:37:43.612957: E /samgraph/samgraph/common/dist/dist_engine.cc:85] Running on V100
[2023-03-30 14:37:43.620477: E /samgraph/samgraph/common/dist/dist_engine.cc:85] Running on V100
[2023-03-30 14:37:43.790790: W /samgraph/samgraph/common/cpu/cpu_device.cc:39] WORKER[0] alloc host memory 16.09 GB
[2023-03-30 14:37:52.198499: W /samgraph/samgraph/common/cuda/cuda_device.cc:49] GPU[0] alloc cuda memory 64.00 MB
[2023-03-30 14:37:52.204110: E /samgraph/samgraph/common/dist/pre_sampler.cc:41] Dist Presampler making shuffler...
[2023-03-30 14:37:52.209152: E /samgraph/samgraph/common/dist/pre_sampler.cc:44] Dist Presampler making shuffler...Done
[2023-03-30 14:37:52.209200: W /samgraph/samgraph/common/cpu/cpu_device.cc:39] WORKER[0] alloc host memory 1.82 GB
[2023-03-30 14:37:54.221035: E /samgraph/samgraph/common/dist/dist_engine.cc:531] worker 0 placing graph to gpu
[2023-03-30 14:37:55.370516: E /samgraph/samgraph/common/dist/pre_sampler.cc:85] Dist Presampler doing presample epoch 0
[2023-03-30 14:38:03.152882: E /samgraph/samgraph/common/dist/pre_sampler.cc:129] presample spend 3.75997 on sample, 0.307986 on copy, 3.70006 on count
[2023-03-30 14:38:03.152958: E /samgraph/samgraph/common/dist/pre_sampler.cc:85] Dist Presampler doing presample epoch 1
[2023-03-30 14:38:10.295493: E /samgraph/samgraph/common/dist/pre_sampler.cc:129] presample spend 7.46045 on sample, 0.610922 on copy, 6.82791 on count
[2023-03-30 14:38:10.295663: E /samgraph/samgraph/common/dist/pre_sampler.cc:136] max_num_inputs = 975500, min_num_inputs = 924845
[2023-03-30 14:38:11.352125: E /samgraph/samgraph/common/dist/pre_sampler.cc:148] presample spend 1.05636 on sort freq.
[2023-03-30 14:38:12.126176: E /samgraph/samgraph/common/dist/dist_engine.cc:549] pre sample done, delete it
[2023-03-30 14:38:12.184082: W /samgraph/samgraph/common/dist/dist_engine.cc:687] Trainer[3] initializing...
[2023-03-30 14:38:12.184177: W /samgraph/samgraph/common/dist/dist_engine.cc:691] Trainer[3] pin memory queue...
[2023-03-30 14:38:12.[184359: 2023-03-30 14:38:12W. 184392/samgraph/samgraph/common/dist/dist_engine.cc: :[W6872023-03-30 14:38:12 ] ./samgraph/samgraph/common/dist/dist_engine.cc184491Trainer[2] initializing...[:: 
2023-03-30 14:38:12687E.]  184502Trainer[1] initializing.../samgraph/samgraph/common/dist/dist_engine.cc
: :W85 ] /samgraph/samgraph/common/dist/dist_engine.ccRunning on V100:[
6872023-03-30 14:38:12] .Trainer[0] initializing...184617
[: [2023-03-30 14:38:122023-03-30 14:38:12W.. 184667184663/samgraph/samgraph/common/dist/dist_engine.cc: [: :W2023-03-30 14:38:12W691 . ] /samgraph/samgraph/common/dist/dist_engine.cc184711/samgraph/samgraph/common/dist/dist_engine.ccTrainer[2] pin memory queue...:: :
726W691]  ] Trainer[3] register host memory.../samgraph/samgraph/common/dist/dist_engine.ccTrainer[1] pin memory queue...
:
691] Trainer[0] pin memory queue...
[2023-03-30 14:38:12.186191: E /samgraph/samgraph/common/dist/dist_engine.cc[:2023-03-30 14:38:1285.] 186248Running on V100: 
E /samgraph/samgraph/common/dist/dist_engine.cc:85] Running on V100[
2023-03-30 14:38:12.186300: E /samgraph/samgraph/common/dist/dist_engine.cc:85] [[Running on V1002023-03-30 14:38:122023-03-30 14:38:12
..186371186366: : WW  /samgraph/samgraph/common/dist/dist_engine.cc/samgraph/samgraph/common/dist/dist_engine.cc::726[726] 2023-03-30 14:38:12] Trainer[0] register host memory....Trainer[2] register host memory...
186466
: W /samgraph/samgraph/common/dist/dist_engine.cc:726] Trainer[1] register host memory...
[[2023-03-30 14:38:122023-03-30 14:38:12[.[.2023-03-30 14:38:121866132023-03-30 14:38:12186614.: .: 186616W186621W:  :  W/samgraph/samgraph/common/dist/dist_engine.ccW/samgraph/samgraph/common/dist/dist_engine.cc : :/samgraph/samgraph/common/dist/dist_engine.cc736/samgraph/samgraph/common/dist/dist_engine.cc736:] :] 736Trainer[3] building cache...736Trainer[0] building cache...] 
] 
Trainer[1] building cache...Trainer[2] building cache...

[2023-03-30 14:38:12.188609: E /samgraph/3rdparty/collcachelib/coll_cache_lib/coll_cache/asymm_link_desc.cc:196] assigning 0 to cpu
[2023-03-30 14:38:12.188665[: 2023-03-30 14:38:12E. 188668/samgraph/3rdparty/collcachelib/coll_cache_lib/coll_cache/asymm_link_desc.cc: :E212 ] /samgraph/3rdparty/collcachelib/coll_cache_lib/coll_cache/asymm_link_desc.ccbuild symm link desc with 4X Tesla V100-SXM2-16GB out of 4:
196] assigning 0 to cpu
[2023-03-30 14:38:12.188764: [E2023-03-30 14:38:12 ./samgraph/3rdparty/collcachelib/coll_cache_lib/coll_cache/asymm_link_desc.cc188770:: 213E]  remote time is 8.68421/samgraph/3rdparty/collcachelib/coll_cache_lib/coll_cache/asymm_link_desc.cc
:212] build symm link desc with 4X Tesla V100-SXM2-16GB out of 4[
2023-03-30 14:38:12.188840: E /samgraph/3rdparty/collcachelib/coll_cache_lib/coll_cache/asymm_link_desc.cc[:2023-03-30 14:38:12214.] 188861cpu time is 30: 
E /samgraph/3rdparty/collcachelib/coll_cache_lib/coll_cache/asymm_link_desc.cc:213] remote time is 8.68421
[2023-03-30 14:38:12.[1889132023-03-30 14:38:12: .E188920 : /samgraph/3rdparty/collcachelib/coll_cache_lib/facade.ccE: 255/samgraph/3rdparty/collcachelib/coll_cache_lib/coll_cache/asymm_link_desc.cc] :registering cpu data with 48.00 GB214
] cpu time is 30
[2023-03-30 14:38:12.189017: E /samgraph/3rdparty/collcachelib/coll_cache_lib/facade.cc:255] registering cpu data with 48.00 GB
[2023-03-30 14:38:12.191621: E[ 2023-03-30 14:38:12/samgraph/3rdparty/collcachelib/coll_cache_lib/coll_cache/asymm_link_desc.cc.:191661196: ] Eassigning 0 to cpu 
/samgraph/3rdparty/collcachelib/coll_cache_lib/coll_cache/asymm_link_desc.cc:196] assigning 0 to cpu
[2023-03-30 14:38:12.191786: E[ 2023-03-30 14:38:12/samgraph/3rdparty/collcachelib/coll_cache_lib/coll_cache/asymm_link_desc.cc.:191815212: ] E build symm link desc with 4X Tesla V100-SXM2-16GB out of 4/samgraph/3rdparty/collcachelib/coll_cache_lib/coll_cache/asymm_link_desc.cc
:212] build symm link desc with 4X Tesla V100-SXM2-16GB out of 4
[2023-03-30 14:38:12.191921: E[ 2023-03-30 14:38:12/samgraph/3rdparty/collcachelib/coll_cache_lib/coll_cache/asymm_link_desc.cc.:191947213: ] Eremote time is 8.68421 
/samgraph/3rdparty/collcachelib/coll_cache_lib/coll_cache/asymm_link_desc.cc:213] [remote time is 8.684212023-03-30 14:38:12
.192023: E[ 2023-03-30 14:38:12/samgraph/3rdparty/collcachelib/coll_cache_lib/coll_cache/asymm_link_desc.cc.:192058214: ] Ecpu time is 30 
/samgraph/3rdparty/collcachelib/coll_cache_lib/coll_cache/asymm_link_desc.cc:214] cpu time is 30
[2023-03-30 14:38:12.192148: E[ 2023-03-30 14:38:12/samgraph/3rdparty/collcachelib/coll_cache_lib/facade.cc.:192175255: ] Eregistering cpu data with 48.00 GB 
/samgraph/3rdparty/collcachelib/coll_cache_lib/facade.cc:255] registering cpu data with 48.00 GB
[2023-03-30 14:38:23.175939: E /samgraph/3rdparty/collcachelib/coll_cache_lib/facade.cc:257] registering cpu data done.
[2023-03-30 14:38:23.176071: E /samgraph/3rdparty/collcachelib/coll_cache_lib/facade.cc:78] creating solver
[2023-03-30 14:38:23.176124: E /samgraph/3rdparty/collcachelib/coll_cache_lib/facade.cc:118] solver created. now build & solve
[2023-03-30 14:38:23.176569: E /samgraph/3rdparty/collcachelib/coll_cache_lib/facade.cc:257] registering cpu data done.
[2023-03-30 14:38:23.177089: E /samgraph/3rdparty/collcachelib/coll_cache_lib/facade.cc:257] registering cpu data done.
[2023-03-30 14:38:23.196008: E /samgraph/3rdparty/collcachelib/coll_cache_lib/facade.cc:257] registering cpu data done.
[2023-03-30 14:38:23.278716: E /samgraph/3rdparty/collcachelib/coll_cache_lib/facade.cc:123] solver built. now solve
block 0 storage is 00000001
	access is	0	0	0	0	
block 1 storage is 00000010
	access is	1	1	1	1	
block 2 storage is 00000100
	access is	2	2	2	2	
block 3 storage is 00001000
	access is	3	3	3	3	
block 4 storage is 00000000
	access is	4	4	4	4	
[2023-03-30 14:38:23.895422: E /samgraph/3rdparty/collcachelib/coll_cache_lib/facade.cc:127] solver solved
[2023-03-30 14:38:23.895509: E /samgraph/3rdparty/collcachelib/coll_cache_lib/facade.cc:267] 0 solved master
[2023-03-30 14:38:23.895555: E /samgraph/3rdparty/collcachelib/coll_cache_lib/facade.cc:274] 0 solved
[2023-03-30 14:38:23.895583: E /samgraph/3rdparty/collcachelib/coll_cache_lib/facade.cc:277] worker 0 thread 0 initing device 0
[2023-03-30 14:38:23.897975: E /samgraph/3rdparty/collcachelib/coll_cache_lib/cache_context.cu:2265] Building Coll Cache with ... num gpu device is 4
[2023-03-30 14:38:23.899223: E /samgraph/3rdparty/collcachelib/coll_cache_lib/cuda/cache_hashtable.cuh:611] per src size local is 5371629
[2023-03-30 14:38:23.982978: E /samgraph/3rdparty/collcachelib/coll_cache_lib/facade.cc:274] 2 solved
[2023-03-30 14:38:23.983047: E /samgraph/3rdparty/collcachelib/coll_cache_lib/facade.cc:277] worker 2 thread 2 initing device 2
[2023-03-30 14:38:23.983180: E /samgraph/3rdparty/collcachelib/coll_cache_lib/facade.cc:274] 1 solved
[2023-03-30 14:38:23.983294: E /samgraph/3rdparty/collcachelib/coll_cache_lib/facade.cc:277] worker 1 thread 1 initing device 1
[2023-03-30 14:38:23.985034: E /samgraph/3rdparty/collcachelib/coll_cache_lib/cache_context.cu:2265] Building Coll Cache with ... num gpu device is 4
[2023-03-30 14:38:23.986814: E /samgraph/3rdparty/collcachelib/coll_cache_lib/cache_context.cu:2265] Building Coll Cache with ... num gpu device is 4
[2023-03-30 14:38:23.989567: E /samgraph/3rdparty/collcachelib/coll_cache_lib/facade.cc:274] 3 solved
[2023-03-30 14:38:23.989616: E /samgraph/3rdparty/collcachelib/coll_cache_lib/facade.cc:277] worker 3 thread 3 initing device 3
[2023-03-30 14:38:23.991524: E /samgraph/3rdparty/collcachelib/coll_cache_lib/cache_context.cu:2265] Building Coll Cache with ... num gpu device is 4
[2023-03-30 14:38:24. 74542: E /samgraph/3rdparty/collcachelib/coll_cache_lib/cache_context.cu:2307] num cpu nodes is 224627663
[2023-03-30 14:38:24.224442: E /samgraph/3rdparty/collcachelib/coll_cache_lib/cache_context.cu:2307] num cpu nodes is 224627663
[2023-03-30 14:38:24.226404: E /samgraph/3rdparty/collcachelib/coll_cache_lib/cache_context.cu:2307] num cpu nodes is 224627663
[2023-03-30 14:38:24.233731: E /samgraph/3rdparty/collcachelib/coll_cache_lib/cache_context.cu:2307] num cpu nodes is 224627663
[2023-03-30 14:38:24.695589: E /samgraph/3rdparty/collcachelib/coll_cache_lib/cuda/cache_hashtable.cu:355] create a hashtable with 19532836 possible elem, scale to 67108864
[2023-03-30 14:38:24.695674: E /samgraph/3rdparty/collcachelib/coll_cache_lib/cuda/cache_hashtable.cu:360] SimpleHashTable allocating 512.00 MB
[2023-03-30 14:38:24.861507: E /samgraph/3rdparty/collcachelib/coll_cache_lib/cuda/cache_hashtable.cu:355] create a hashtable with 19532836 possible elem, scale to 67108864
[2023-03-30 14:38:24.861565: E /samgraph/3rdparty/collcachelib/coll_cache_lib/cuda/cache_hashtable.cu:360] SimpleHashTable allocating 512.00 MB
[2023-03-30 14:38:24.862088: E /samgraph/3rdparty/collcachelib/coll_cache_lib/cuda/cache_hashtable.cu:355] create a hashtable with 19532836 possible elem, scale to 67108864
[2023-03-30 14:38:24.862153: E /samgraph/3rdparty/collcachelib/coll_cache_lib/cuda/cache_hashtable.cu:360] SimpleHashTable allocating 512.00 MB
[2023-03-30 14:38:24.862642: E /samgraph/3rdparty/collcachelib/coll_cache_lib/cuda/cache_hashtable.cu:355] create a hashtable with 19532836 possible elem, scale to 67108864
[2023-03-30 14:38:24.862695: E /samgraph/3rdparty/collcachelib/coll_cache_lib/cuda/cache_hashtable.cu:360] SimpleHashTable allocating 512.00 MB
[2023-03-30 14:38:24.947205: E /samgraph/3rdparty/collcachelib/coll_cache_lib/common.cc:107] too many mem allocated for forcescale?5127370->244161
[2023-03-30 14:38:24.947424: E /samgraph/3rdparty/collcachelib/coll_cache_lib/common.cc:107] too many mem allocated for forcescale?5127370->244161
[2023-03-30 14:38:24.947609: E /samgraph/3rdparty/collcachelib/coll_cache_lib/common.cc:107] too many mem allocated for forcescale?5127370->244161
[2023-03-30 14:38:24.949164: E /samgraph/3rdparty/collcachelib/coll_cache_lib/common.cc:107] too many mem allocated for forcescale?5127370->244161
[2023-03-30 14:38:24.962537: E /samgraph/3rdparty/collcachelib/coll_cache_lib/cache_context.cu:2382] Asymm Coll cache (policy: clique_part) | local 4883209 / 244160499 nodes ( 2.00 %~2.00 %) | remote 14649627 / 244160499 nodes ( 6.00 %) | cpu 224627663 / 244160499 nodes ( 92.00 %) | 7.33 GB | 1.06452 secs 
[2023-03-30 14:38:24.991859: E /samgraph/3rdparty/collcachelib/coll_cache_lib/cache_context.cu:2382] Asymm Coll cache (policy: clique_part) | local 4883209 / 244160499 nodes ( 2.00 %~2.00 %) | remote 14649627 / 244160499 nodes ( 6.00 %) | cpu 224627663 / 244160499 nodes ( 92.00 %) | 7.33 GB | 1.00494 secs 
[2023-03-30 14:38:24.994230: E /samgraph/3rdparty/collcachelib/coll_cache_lib/cache_context.cu:2382] Asymm Coll cache (policy: clique_part) | local 4883209 / 244160499 nodes ( 2.00 %~2.00 %) | remote 14649627 / 244160499 nodes ( 6.00 %) | cpu 224627663 / 244160499 nodes ( 92.00 %) | 7.33 GB | 1.00915 secs 
[2023-03-30 14:38:25.  2533: E /samgraph/3rdparty/collcachelib/coll_cache_lib/cache_context.cu:2382] Asymm Coll cache (policy: clique_part) | local 4883209 / 244160499 nodes ( 2.00 %~2.00 %) | remote 14649627 / 244160499 nodes ( 6.00 %) | cpu 224627663 / 244160499 nodes ( 92.00 %) | 7.33 GB | 1.01097 secs 
[2023-03-30 14:38:25.851705: W /samgraph/samgraph/common/cuda/cuda_device.cc:49] GPU[0] alloc cuda memory 1.53 GB
[2023-03-30 14:38:25.851989: W /samgraph/samgraph/common/cuda/cuda_device.cc:49] GPU[0] alloc cuda memory 10.21 MB
[2023-03-30 14:38:27. 63376: W /samgraph/samgraph/common/cuda/cuda_device.cc:49] GPU[0] alloc cuda memory 1.53 GB
/usr/local/lib/python3.8/dist-packages/torch/nn/parallel/scatter_gather.py:9: UserWarning: is_namedtuple is deprecated, please use the python checks instead
  warnings.warn("is_namedtuple is deprecated, please use the python checks instead")
/usr/local/lib/python3.8/dist-packages/torch/nn/parallel/scatter_gather.py:9: UserWarning: is_namedtuple is deprecated, please use the python checks instead
  warnings.warn("is_namedtuple is deprecated, please use the python checks instead")
/usr/local/lib/python3.8/dist-packages/torch/nn/parallel/scatter_gather.py:9: UserWarning: is_namedtuple is deprecated, please use the python checks instead
  warnings.warn("is_namedtuple is deprecated, please use the python checks instead")
/usr/local/lib/python3.8/dist-packages/torch/nn/parallel/scatter_gather.py:9: UserWarning: is_namedtuple is deprecated, please use the python checks instead
  warnings.warn("is_namedtuple is deprecated, please use the python checks instead")
/usr/local/lib/python3.8/dist-packages/numpy/core/fromnumeric.py:3474: RuntimeWarning: Mean of empty slice.
  return _methods._mean(a, axis=axis, dtype=dtype,
/usr/local/lib/python3.8/dist-packages/numpy/core/_methods.py:189: RuntimeWarning: invalid value encountered in double_scalars
  ret = ret.dtype.type(ret / rcount)
