succeed=True
config:eval_tsp="2023-04-16 02:51:58"
config:arch=arch5
config:num_train_worker=6
config:num_sample_worker=2
config:sample_type=khop2
config:root_path=/nvme/songxiaoniu/graph-learning/samgraph/
config:dataset=papers100M-undir
config:pipeline=True
config:cache_policy=rep
config:cache_percentage=0.35
config:num_epoch=4
config:batch_size=8000
config:num_hidden=256
config:max_sampling_jobs=1
config:max_copying_jobs=1
config:barriered_epoch=1
config:presample_epoch=2
config:omp_thread_num=40
config:unsupervised=False
config:amp=True
config:rolling=0
config:fanout=[25, 10]
config:lr=0.003
config:dropout=0.5
config:single_gpu=False
config:max_num_step=100000
config:validate_configs=False
config:report_acc=0
config:dataset_path=/nvme/songxiaoniu/graph-learning/samgraph/papers100M-undir
config:torch_thread_num=8
config:train_workers=['cuda:0', 'cuda:1', 'cuda:2', 'cuda:3', 'cuda:4', 'cuda:5']
config:sample_workers=['cuda:6', 'cuda:7']
config:num_fanout=2
config:num_layer=2
config:_run_mode=RunMode.FGNN
config:_log_level=warn
config:_profile_level=3
config:_empty_feat=25
config:_arch=5
config:_sample_type=5
config:_cache_policy=12
test_result:init:input_scale_factor=1.1
0 : local 80, cpu 0 {link #0 : g1 0}, {link #1 : g5 0}, {link #2 : g2 0},
1 : local 80, cpu 0 {link #0 : g0 0}, {link #1 : g2 0}, {link #2 : g3 0},
2 : local 80, cpu 0 {link #0 : g1 0}, {link #1 : g0 0}, {link #2 : g4 0},
3 : local 80, cpu 0 {link #0 : g4 0}, {link #1 : g5 0}, {link #2 : g1 0},
4 : local 80, cpu 0 {link #0 : g3 0}, {link #1 : g2 0}, {link #2 : g5 0},
5 : local 80, cpu 0 {link #0 : g0 0}, {link #1 : g3 0}, {link #2 : g4 0},
0 : local 80, cpu 0 {link #0 : g1 0}, {link #1 : g5 0}, {link #2 : g2 0},
1 : local 80, cpu 0 {link #0 : g0 0}, {link #1 : g2 0}, {link #2 : g3 0},
2 : local 80, cpu 0 {link #0 : g1 0}, {link #1 : g0 0}, {link #2 : g4 0},
3 : local 80, cpu 0 {link #0 : g4 0}, {link #1 : g5 0}, {link #2 : g1 0},
4 : local 80, cpu 0 {link #0 : g3 0}, {link #1 : g2 0}, {link #2 : g5 0},
5 : local 80, cpu 0 {link #0 : g0 0}, {link #1 : g3 0}, {link #2 : g4 0},
0 : local 80, cpu 0 {link #0 : g1 0}, {link #1 : g5 0}, {link #2 : g2 0},
1 : local 80, cpu 0 {link #0 : g0 0}, {link #1 : g2 0}, {link #2 : g3 0},
2 : local 80, cpu 0 {link #0 : g1 0}, {link #1 : g0 0}, {link #2 : g4 0},
3 : local 80, cpu 0 {link #0 : g4 0}, {link #1 : g5 0}, {link #2 : g1 0},
4 : local 80, cpu 0 {link #0 : g3 0}, {link #1 : g2 0}, {link #2 : g5 0},
5 : local 80, cpu 0 {link #0 : g0 0}, {link #1 : g3 0}, {link #2 : g4 0},
0 : local 80, cpu 0 {link #0 : g1 0}, {link #1 : g5 0}, {link #2 : g2 0},
1 : local 80, cpu 0 {link #0 : g0 0}, {link #1 : g2 0}, {link #2 : g3 0},
2 : local 80, cpu 0 {link #0 : g1 0}, {link #1 : g0 0}, {link #2 : g4 0},
3 : local 80, cpu 0 {link #0 : g4 0}, {link #1 : g5 0}, {link #2 : g1 0},
4 : local 80, cpu 0 {link #0 : g3 0}, {link #1 : g2 0}, {link #2 : g5 0},
5 : local 80, cpu 0 {link #0 : g0 0}, {link #1 : g3 0}, {link #2 : g4 0},
0 : local 80, cpu 0 {link #0 : g1 0}, {link #1 : g5 0}, {link #2 : g2 0},
1 : local 80, cpu 0 {link #0 : g0 0}, {link #1 : g2 0}, {link #2 : g3 0},
2 : local 80, cpu 0 {link #0 : g1 0}, {link #1 : g0 0}, {link #2 : g4 0},
3 : local 80, cpu 0 {link #0 : g4 0}, {link #1 : g5 0}, {link #2 : g1 0},
4 : local 80, cpu 0 {link #0 : g3 0}, {link #1 : g2 0}, {link #2 : g5 0},
5 : local 80, cpu 0 {link #0 : g0 0}, {link #1 : g3 0}, {link #2 : g4 0},
0 : local 80, cpu 0 {link #0 : g1 0}, {link #1 : g5 0}, {link #2 : g2 0},
1 : local 80, cpu 0 {link #0 : g0 0}, {link #1 : g2 0}, {link #2 : g3 0},
2 : local 80, cpu 0 {link #0 : g1 0}, {link #1 : g0 0}, {link #2 : g4 0},
3 : local 80, cpu 0 {link #0 : g4 0}, {link #1 : g5 0}, {link #2 : g1 0},
4 : local 80, cpu 0 {link #0 : g3 0}, {link #1 : g2 0}, {link #2 : g5 0},
5 : local 80, cpu 0 {link #0 : g0 0}, {link #1 : g3 0}, {link #2 : g4 0},
coll_cache:optimal_rep_storage=0.35
coll_cache:optimal_part_storage=0
coll_cache:optimal_cpu_storage=0.65
coll_cache:optimal_local_storage=0.35
coll_cache:optimal_remote_storage=0
coll_cache:optimal_local_rate=1
coll_cache:optimal_remote_rate=0
coll_cache:optimal_cpu_rate=0
z=299.806
test_result:init:feat_nbytes=56862697472
test_result:init:cache_nbytes=19958806528
test_result:init:feat_nbytes=56862697472
test_result:init:cache_nbytes=19958806528
test_result:init:feat_nbytes=56862697472
test_result:init:cache_nbytes=19958806528
test_result:init:feat_nbytes=56862697472
test_result:init:cache_nbytes=19958806528
test_result:init:feat_nbytes=56862697472
test_result:init:cache_nbytes=19958806528
test_result:init:feat_nbytes=56862697472
test_result:init:cache_nbytes=19958806528
0 : local 80, cpu 0 {link #0 : g1 0}, {link #1 : g5 0}, {link #2 : g2 0},
1 : local 80, cpu 0 {link #0 : g0 0}, {link #1 : g2 0}, {link #2 : g3 0},
2 : local 80, cpu 0 {link #0 : g1 0}, {link #1 : g0 0}, {link #2 : g4 0},
3 : local 80, cpu 0 {link #0 : g4 0}, {link #1 : g5 0}, {link #2 : g1 0},
4 : local 80, cpu 0 {link #0 : g3 0}, {link #1 : g2 0}, {link #2 : g5 0},
5 : local 80, cpu 0 {link #0 : g0 0}, {link #1 : g3 0}, {link #2 : g4 0},
0 : local 80, cpu 0 {link #0 : g1 0}, {link #1 : g5 0}, {link #2 : g2 0},
1 : local 80, cpu 0 {link #0 : g0 0}, {link #1 : g2 0}, {link #2 : g3 0},
2 : local 80, cpu 0 {link #0 : g1 0}, {link #1 : g0 0}, {link #2 : g4 0},
3 : local 80, cpu 0 {link #0 : g4 0}, {link #1 : g5 0}, {link #2 : g1 0},
4 : local 80, cpu 0 {link #0 : g3 0}, {link #1 : g2 0}, {link #2 : g5 0},
5 : local 80, cpu 0 {link #0 : g0 0}, {link #1 : g3 0}, {link #2 : g4 0},
0 : local 80, cpu 0 {link #0 : g1 0}, {link #1 : g5 0}, {link #2 : g2 0},
1 : local 80, cpu 0 {link #0 : g0 0}, {link #1 : g2 0}, {link #2 : g3 0},
2 : local 80, cpu 0 {link #0 : g1 0}, {link #1 : g0 0}, {link #2 : g4 0},
3 : local 80, cpu 0 {link #0 : g4 0}, {link #1 : g5 0}, {link #2 : g1 0},
4 : local 80, cpu 0 {link #0 : g3 0}, {link #1 : g2 0}, {link #2 : g5 0},
5 : local 80, cpu 0 {link #0 : g0 0}, {link #1 : g3 0}, {link #2 : g4 0},
0 : local 80, cpu 0 {link #0 : g1 0}, {link #1 : g5 0}, {link #2 : g2 0},
1 : local 80, cpu 0 {link #0 : g0 0}, {link #1 : g2 0}, {link #2 : g3 0},
2 : local 80, cpu 0 {link #0 : g1 0}, {link #1 : g0 0}, {link #2 : g4 0},
3 : local 80, cpu 0 {link #0 : g4 0}, {link #1 : g5 0}, {link #2 : g1 0},
4 : local 80, cpu 0 {link #0 : g3 0}, {link #1 : g2 0}, {link #2 : g5 0},
5 : local 80, cpu 0 {link #0 : g0 0}, {link #1 : g3 0}, {link #2 : g4 0},
0 : local 80, cpu 0 {link #0 : g1 0}, {link #1 : g5 0}, {link #2 : g2 0},
1 : local 80, cpu 0 {link #0 : g0 0}, {link #1 : g2 0}, {link #2 : g3 0},
2 : local 80, cpu 0 {link #0 : g1 0}, {link #1 : g0 0}, {link #2 : g4 0},
3 : local 80, cpu 0 {link #0 : g4 0}, {link #1 : g5 0}, {link #2 : g1 0},
4 : local 80, cpu 0 {link #0 : g3 0}, {link #1 : g2 0}, {link #2 : g5 0},
5 : local 80, cpu 0 {link #0 : g0 0}, {link #1 : g3 0}, {link #2 : g4 0},
0 : local 80, cpu 0 {link #0 : g1 0}, {link #1 : g5 0}, {link #2 : g2 0},
1 : local 80, cpu 0 {link #0 : g0 0}, {link #1 : g2 0}, {link #2 : g3 0},
2 : local 80, cpu 0 {link #0 : g1 0}, {link #1 : g0 0}, {link #2 : g4 0},
3 : local 80, cpu 0 {link #0 : g4 0}, {link #1 : g5 0}, {link #2 : g1 0},
4 : local 80, cpu 0 {link #0 : g3 0}, {link #1 : g2 0}, {link #2 : g5 0},
5 : local 80, cpu 0 {link #0 : g0 0}, {link #1 : g3 0}, {link #2 : g4 0},
test_result:init:cache_nbytes=0
test_result:init:cache_nbytes=0
test_result:init:cache_nbytes=0
test_result:init:cache_nbytes=0
test_result:init:cache_nbytes=0
test_result:init:cache_nbytes=0
[Train  Worker 5/6] Started with PID 99385(Tesla V100-SXM2-32GB)
[Train  Worker 5] run train for 4 epochs with 156 steps
[Train  Worker 5] Avg Epoch Time 0.6429 | Train Total Time(Profiler) 0.3542 | Copy Time 0.6324
[Train  Worker 4/6] Started with PID 99382(Tesla V100-SXM2-32GB)
[Train  Worker 4] run train for 4 epochs with 156 steps
[Train  Worker 4] Avg Epoch Time 0.6429 | Train Total Time(Profiler) 0.3569 | Copy Time 0.6324
[Train  Worker 2/6] Started with PID 99376(Tesla V100-SXM2-32GB)
[Train  Worker 2] run train for 4 epochs with 156 steps
[Train  Worker 2] Avg Epoch Time 0.6429 | Train Total Time(Profiler) 0.3528 | Copy Time 0.6324
[Train  Worker 0/6] Started with PID 99371(Tesla V100-SXM2-32GB)
[Train  Worker 0] run train for 4 epochs with 156 steps
Epoch 00000 | Epoch Time 2.3768 | Total Train Time(Profiler) 2.2636 | Copy Time 0.5169
Epoch 00001 | Epoch Time 0.6421 | Total Train Time(Profiler) 0.3526 | Copy Time 0.6316
Epoch 00002 | Epoch Time 0.6438 | Total Train Time(Profiler) 0.3560 | Copy Time 0.6332
Epoch 00003 | Epoch Time 0.6428 | Total Train Time(Profiler) 0.3519 | Copy Time 0.6323
[Train  Worker 0] Avg Epoch Time 0.6429 | Train Total Time(Profiler) 0.3535 | Copy Time 0.6324
[Train  Worker 1/6] Started with PID 99373(Tesla V100-SXM2-32GB)
[Train  Worker 1] run train for 4 epochs with 156 steps
[Train  Worker 1] Avg Epoch Time 0.6429 | Train Total Time(Profiler) 0.3590 | Copy Time 0.6324
[Train  Worker 3/6] Started with PID 99379(Tesla V100-SXM2-32GB)
[Train  Worker 3] run train for 4 epochs with 156 steps
[Train  Worker 3] Avg Epoch Time 0.6429 | Train Total Time(Profiler) 0.3493 | Copy Time 0.6324
[Sample Worker 1/2] Started with PID 99369(Tesla V100-SXM2-32GB)
[Sample Worker 1] run sample for 4 epochs with 78 steps
[Sample Worker 1] Avg Sample Total Time 0.6102 | Sampler Total Time(Profiler) 0.6089
    [Step(average) Profiler Level 1 E3 S77]
        L1  sample           0.006076 | send           0.001861
        L1  recv             0.010816 | copy           0.024321 | convert time 0.000424 | train  0.013171
        L1  feature nbytes  536.95 MB | label nbytes   62.50 KB
        L1  id nbytes      0.00 Bytes | graph nbytes   13.04 MB
        L1  miss nbytes    0.00 Bytes | remote nbytes 0.00 Bytes
        L1  num nodes         1099676 | num samples     1709047
    [Step(average) Profiler Level 2 E3 S77]
        L2  shuffle     0.000525 | core sample  0.002094 | id remap        0.003338
        L2  graph copy  0.000004 | id copy      0.000000 | cache feat copy 0.013501
        L2  last layer sample time 0.000364 | size 72322.737789
    [Step(average) Profiler Level 3 E3 S77]
        L3  khop sample coo  0.001756 | khop sort coo      0.000000 | khop count edge     0.000045 | khop compact edge 0.000247
        L3  walk sample coo  0.000000 | walk topk total    0.000000 | walk topk step1     0.000000 | walk topk step2   0.000000
        L3  walk topk step3  0.000000 | walk topk step4    0.000000 | walk topk step5     0.000000
        L3  walk topk step6  0.000000 | walk topk step7    0.000000
        L3  remap unique     0.000000 | remap populate     0.002731 | remap mapnode       0.000000 | remap mapedge     0.000607
        L3  cache get_index  0.001737 | cache copy_index   0.000000 | cache extract_miss  0.000000
        L3  cache copy_miss  0.000000 | cache combine_miss 0.000000 | cache combine cache 0.004344 | cache combine remote 0.000000
        L3  label extract  0.001162
    [Init Profiler Level 1]
        L1  init    11.4553 | sampler init    22.6247 | trainer init 0.0000
    [Init Profiler Level 2]
        L2  load ds        15.3992 | init queue          11.8654
        L2  presample       4.2896 | build interal ds     2.5241
        L2  build cache     0.0000
    [Init Profiler Level 3]
        L3  load dataset: mmap    11.4537 | copy         3.9455
        L3  dist queue: alloc      0.0016 | pin         11.8638 | push     0.0000
        L3  presample: init        0.4614
        L3  presample: sample      1.8165 | copy         0.1155
        L3  presample: count       1.0127 | sort         0.2768
        L3  presample: reset       0.0005 | get rank     0.0155
        L3  internal: cuda ctx     2.2268 | cuda stream     0.2907
[Sample Worker 0/2] Started with PID 99367(Tesla V100-SXM2-32GB)
[Sample Worker 0] run sample for 4 epochs with 78 steps
[Sample Worker 0] Avg Sample Total Time 0.6262 | Sampler Total Time(Profiler) 0.6254
test_result:sample_time=0.4803
test_result:get_cache_miss_index_time=0.0000
test_result:enqueue_samples_time=0.1452
test_result:epoch_time:sample_total=0.6262
test_result:pipeline_sample_epoch_time=0.6431
[CUDA] cuda0: usage: 22.60 GB
[SAM] cuda0 data alloc        : 0.00 Bytes
[SAM] cuda0 workspace         : 1.23 GB
[SAM] cuda0 workspace reserve : 619.87 MB
[SAM] cuda0 total             : 1.23 GB
    [Step(average) Profiler Level 1 E3 S155]
        L1  sample           0.006052 | send           0.001862
        L1  recv             0.010788 | copy           0.024316 | convert time 0.000423 | train  0.013213
        L1  feature nbytes  536.90 MB | label nbytes   62.50 KB
        L1  id nbytes      0.00 Bytes | graph nbytes   13.04 MB
        L1  miss nbytes    0.00 Bytes | remote nbytes 0.00 Bytes
        L1  num nodes         1099576 | num samples     1708971
        L1  seq duration     0.000000 | refresh duration   0.000000
    [Step(average) Profiler Level 2 E3 S155]
        L2  shuffle     0.000523 | core sample  0.002084 | id remap        0.003326
        L2  graph copy  0.000004 | id copy      0.000000 | cache feat copy 0.013525
        L2  last layer sample time 0.000362 | size 72320.710921
    [Step(average) Profiler Level 3 E3 S155]
        L3  khop sample coo  0.001748 | khop sort coo      0.000000 | khop count edge     0.000045 | khop compact edge 0.000246
        L3  walk sample coo  0.000000 | walk topk total    0.000000 | walk topk step1     0.000000 | walk topk step2   0.000000
        L3  walk topk step3  0.000000 | walk topk step4    0.000000 | walk topk step5     0.000000
        L3  walk topk step6  0.000000 | walk topk step7    0.000000
        L3  remap unique     0.000000 | remap populate     0.002722 | remap mapnode       0.000000 | remap mapedge     0.000604
        L3  cache get_index  0.001795 | cache copy_index   0.000000 | cache extract_miss  0.000000
        L3  cache copy_miss  0.000000 | cache combine_miss 0.000000 | cache combine cache 0.004332 | cache combine remote 0.000000
        L3  label extract  0.001161
    [Init Profiler Level 1]
        L1  init    11.4553 | sampler init     0.0000 | trainer init 30.7925
    [Init Profiler Level 2]
        L2  load ds        11.4537 | init queue          11.6615
        L2  presample       0.0000 | build interal ds     2.1746
        L2  build cache    16.9518
    [Init Profiler Level 3]
        L3  load dataset: mmap    11.4537 | copy         0.0000
        L3  dist queue: alloc      0.0016 | pin         11.6599 | push     0.0000
        L3  presample: init        0.0000
        L3  presample: sample      0.0000 | copy         0.0000
        L3  presample: count       0.0000 | sort         0.0000
        L3  presample: reset       0.0000 | get rank     0.0000
        L3  internal: cuda ctx     2.1746 | cuda stream     0.0000
|===========================================================================|
|                  PyTorch CUDA memory summary, device ID 0                 |
|---------------------------------------------------------------------------|
|            CUDA OOMs: 0            |        cudaMalloc retries: 0         |
|===========================================================================|
|        Metric         | Cur Usage  | Peak Usage | Tot Alloc  | Tot Freed  |
|---------------------------------------------------------------------------|
| Allocated memory      |   22817 KB |  403072 KB |  145123 MB |  145101 MB |
|       from large pool |   18148 KB |  399686 KB |  144045 MB |  144028 MB |
|       from small pool |    4669 KB |    7117 KB |    1077 MB |    1073 MB |
|---------------------------------------------------------------------------|
| Active memory         |   22817 KB |  403072 KB |  145123 MB |  145101 MB |
|       from large pool |   18148 KB |  399686 KB |  144045 MB |  144028 MB |
|       from small pool |    4669 KB |    7117 KB |    1077 MB |    1073 MB |
|---------------------------------------------------------------------------|
| GPU reserved memory   |  579584 KB |  579584 KB |  579584 KB |       0 B  |
|       from large pool |  569344 KB |  569344 KB |  569344 KB |       0 B  |
|       from small pool |   10240 KB |   10240 KB |   10240 KB |       0 B  |
|---------------------------------------------------------------------------|
| Non-releasable memory |   24286 KB |  368964 KB |  171131 MB |  171107 MB |
|       from large pool |   22812 KB |  367143 KB |  169896 MB |  169874 MB |
|       from small pool |    1474 KB |    3846 KB |    1235 MB |    1233 MB |
|---------------------------------------------------------------------------|
| Allocations           |      38    |      51    |   11583    |   11545    |
|       from large pool |       3    |      14    |    4576    |    4573    |
|       from small pool |      35    |      39    |    7007    |    6972    |
|---------------------------------------------------------------------------|
| Active allocs         |      39    |      51    |   11583    |   11544    |
|       from large pool |       3    |      14    |    4576    |    4573    |
|       from small pool |      36    |      39    |    7007    |    6971    |
|---------------------------------------------------------------------------|
| GPU reserved segments |      14    |      14    |      14    |       0    |
|       from large pool |       9    |       9    |       9    |       0    |
|       from small pool |       5    |       5    |       5    |       0    |
|---------------------------------------------------------------------------|
| Non-releasable allocs |      12    |      23    |    5297    |    5285    |
|       from large pool |       4    |      12    |    2620    |    2616    |
|       from small pool |       8    |      15    |    2677    |    2669    |
|---------------------------------------------------------------------------|
| Oversize allocations  |       0    |       0    |       0    |       0    |
|---------------------------------------------------------------------------|
| Oversize GPU segments |       0    |       0    |       0    |       0    |
|===========================================================================|

test_result:epoch_time:copy_time=0.6324
test_result:convert_time=0.0109
test_result:train_time=0.3426
test_result:epoch_time:train_total=0.3535
test_result:cache_percentage=0.3500
test_result:cache_hit_rate=1.0000
test_result:run_time=4.3084
test_result:pipeline_train_epoch_time=0.6429

