succeed=True
config:eval_tsp="2023-04-15 16:31:26"
config:arch=arch5
config:num_train_worker=6
config:num_sample_worker=2
config:sample_type=khop2
config:root_path=/nvme/songxiaoniu/graph-learning/samgraph/
config:dataset=papers100M-undir
config:pipeline=True
config:cache_policy=rep
config:cache_percentage=0.35
config:num_epoch=4
config:batch_size=4000
config:num_hidden=256
config:max_sampling_jobs=1
config:max_copying_jobs=1
config:barriered_epoch=1
config:presample_epoch=2
config:omp_thread_num=40
config:unsupervised=True
config:amp=True
config:rolling=0
config:fanout=[25, 10]
config:lr=0.003
config:dropout=0.5
config:single_gpu=False
config:max_num_step=1000
config:validate_configs=False
config:report_acc=0
config:dataset_path=/nvme/songxiaoniu/graph-learning/samgraph/papers100M-undir
config:torch_thread_num=8
config:train_workers=['cuda:0', 'cuda:1', 'cuda:2', 'cuda:3', 'cuda:4', 'cuda:5']
config:sample_workers=['cuda:6', 'cuda:7']
config:num_fanout=2
config:num_layer=2
config:_run_mode=RunMode.FGNN
config:_log_level=warn
config:_profile_level=3
config:_empty_feat=25
config:_arch=5
config:_sample_type=5
config:_cache_policy=12
test_result:init:input_scale_factor=1.1
0 : local 80, cpu 0 {link #0 : g1 0}, {link #1 : g5 0}, {link #2 : g2 0},
1 : local 80, cpu 0 {link #0 : g0 0}, {link #1 : g2 0}, {link #2 : g3 0},
2 : local 80, cpu 0 {link #0 : g1 0}, {link #1 : g0 0}, {link #2 : g4 0},
3 : local 80, cpu 0 {link #0 : g4 0}, {link #1 : g5 0}, {link #2 : g1 0},
4 : local 80, cpu 0 {link #0 : g3 0}, {link #1 : g2 0}, {link #2 : g5 0},
5 : local 80, cpu 0 {link #0 : g0 0}, {link #1 : g3 0}, {link #2 : g4 0},
0 : local 80, cpu 0 {link #0 : g1 0}, {link #1 : g5 0}, {link #2 : g2 0},
1 : local 80, cpu 0 {link #0 : g0 0}, {link #1 : g2 0}, {link #2 : g3 0},
2 : local 80, cpu 0 {link #0 : g1 0}, {link #1 : g0 0}, {link #2 : g4 0},
3 : local 80, cpu 0 {link #0 : g4 0}, {link #1 : g5 0}, {link #2 : g1 0},
4 : local 80, cpu 0 {link #0 : g3 0}, {link #1 : g2 0}, {link #2 : g5 0},
5 : local 80, cpu 0 {link #0 : g0 0}, {link #1 : g3 0}, {link #2 : g4 0},
0 : local 80, cpu 0 {link #0 : g1 0}, {link #1 : g5 0}, {link #2 : g2 0},
1 : local 80, cpu 0 {link #0 : g0 0}, {link #1 : g2 0}, {link #2 : g3 0},
2 : local 80, cpu 0 {link #0 : g1 0}, {link #1 : g0 0}, {link #2 : g4 0},
3 : local 80, cpu 0 {link #0 : g4 0}, {link #1 : g5 0}, {link #2 : g1 0},
4 : local 80, cpu 0 {link #0 : g3 0}, {link #1 : g2 0}, {link #2 : g5 0},
5 : local 80, cpu 0 {link #0 : g0 0}, {link #1 : g3 0}, {link #2 : g4 0},
0 : local 80, cpu 0 {link #0 : g1 0}, {link #1 : g5 0}, {link #2 : g2 0},
1 : local 80, cpu 0 {link #0 : g0 0}, {link #1 : g2 0}, {link #2 : g3 0},
2 : local 80, cpu 0 {link #0 : g1 0}, {link #1 : g0 0}, {link #2 : g4 0},
3 : local 80, cpu 0 {link #0 : g4 0}, {link #1 : g5 0}, {link #2 : g1 0},
4 : local 80, cpu 0 {link #0 : g3 0}, {link #1 : g2 0}, {link #2 : g5 0},
5 : local 80, cpu 0 {link #0 : g0 0}, {link #1 : g3 0}, {link #2 : g4 0},
0 : local 80, cpu 0 {link #0 : g1 0}, {link #1 : g5 0}, {link #2 : g2 0},
1 : local 80, cpu 0 {link #0 : g0 0}, {link #1 : g2 0}, {link #2 : g3 0},
2 : local 80, cpu 0 {link #0 : g1 0}, {link #1 : g0 0}, {link #2 : g4 0},
3 : local 80, cpu 0 {link #0 : g4 0}, {link #1 : g5 0}, {link #2 : g1 0},
4 : local 80, cpu 0 {link #0 : g3 0}, {link #1 : g2 0}, {link #2 : g5 0},
5 : local 80, cpu 0 {link #0 : g0 0}, {link #1 : g3 0}, {link #2 : g4 0},
0 : local 80, cpu 0 {link #0 : g1 0}, {link #1 : g5 0}, {link #2 : g2 0},
1 : local 80, cpu 0 {link #0 : g0 0}, {link #1 : g2 0}, {link #2 : g3 0},
2 : local 80, cpu 0 {link #0 : g1 0}, {link #1 : g0 0}, {link #2 : g4 0},
3 : local 80, cpu 0 {link #0 : g4 0}, {link #1 : g5 0}, {link #2 : g1 0},
4 : local 80, cpu 0 {link #0 : g3 0}, {link #1 : g2 0}, {link #2 : g5 0},
5 : local 80, cpu 0 {link #0 : g0 0}, {link #1 : g3 0}, {link #2 : g4 0},
coll_cache:optimal_rep_storage=0.35
coll_cache:optimal_part_storage=0
coll_cache:optimal_cpu_storage=0.65
coll_cache:optimal_local_storage=0.35
coll_cache:optimal_remote_storage=0
coll_cache:optimal_local_rate=0.853126
coll_cache:optimal_remote_rate=0
coll_cache:optimal_cpu_rate=0.146874
z=64621.5
test_result:init:feat_nbytes=56862697472
test_result:init:cache_nbytes=19958806528
test_result:init:feat_nbytes=56862697472
test_result:init:cache_nbytes=19958806528
test_result:init:feat_nbytes=56862697472
test_result:init:cache_nbytes=19958806528
test_result:init:feat_nbytes=56862697472
test_result:init:cache_nbytes=19958806528
test_result:init:feat_nbytes=56862697472
test_result:init:cache_nbytes=19958806528
test_result:init:feat_nbytes=56862697472
test_result:init:cache_nbytes=19958806528
[Train  Worker 3/6] Started with PID 93552(Tesla V100-SXM2-32GB)
[Train  Worker 3] run train for 4 epochs with 1002 steps
[Train  Worker 2/6] Started with PID 93546(Tesla V100-SXM2-32GB)
[Train  Worker 2] run train for 4 epochs with 1002 steps
[Train  Worker 4/6] Started with PID 93558(Tesla V100-SXM2-32GB)
[Train  Worker 4] run train for 4 epochs with 1002 steps
[Train  Worker 5/6] Started with PID 93562(Tesla V100-SXM2-32GB)
[Train  Worker 5] run train for 4 epochs with 1002 steps
[Train  Worker 1/6] Started with PID 93540(Tesla V100-SXM2-32GB)
[Train  Worker 1] run train for 4 epochs with 1002 steps
[CUDA] cuda0: usage: 24.45 GB
[SAM] cuda0 data alloc        : 0.00 Bytes
[SAM] cuda0 workspace         : 2.49 GB
[SAM] cuda0 workspace reserve : 1.21 GB
[SAM] cuda0 total             : 2.49 GB
[Train  Worker 0/6] Started with PID 93535(Tesla V100-SXM2-32GB)
[Train  Worker 0] run train for 4 epochs with 1002 steps
Epoch 00000 | Epoch Time 17.0402 | Total Train Time(Profiler) 13.4667 | Copy Time 14.3950
[CUDA] cuda0: usage: 24.45 GB
[SAM] cuda0 data alloc        : 0.00 Bytes
[SAM] cuda0 workspace         : 2.49 GB
[SAM] cuda0 workspace reserve : 1.21 GB
[SAM] cuda0 total             : 2.49 GB
Epoch 00001 | Epoch Time 13.7900 | Total Train Time(Profiler) 10.3947 | Copy Time 13.5996
[CUDA] cuda0: usage: 24.48 GB
[SAM] cuda0 data alloc        : 0.00 Bytes
[SAM] cuda0 workspace         : 2.52 GB
[SAM] cuda0 workspace reserve : 1.24 GB
[SAM] cuda0 total             : 2.52 GB
Epoch 00002 | Epoch Time 13.7296 | Total Train Time(Profiler) 10.0533 | Copy Time 13.5563
[CUDA] cuda0: usage: 24.48 GB
[SAM] cuda0 data alloc        : 0.00 Bytes
[SAM] cuda0 workspace         : 2.52 GB
[SAM] cuda0 workspace reserve : 1.24 GB
[SAM] cuda0 total             : 2.52 GB
Epoch 00003 | Epoch Time 13.7568 | Total Train Time(Profiler) 10.1112 | Copy Time 13.4929
[Train  Worker 2] Avg Epoch Time 13.7587 | Train Total Time(Profiler) 10.2029 | Copy Time 13.5350
[Train  Worker 3] Avg Epoch Time 13.7587 | Train Total Time(Profiler) 10.1600 | Copy Time 13.4990
[Train  Worker 4] Avg Epoch Time 13.7587 | Train Total Time(Profiler) 10.1415 | Copy Time 13.5592
[Train  Worker 1] Avg Epoch Time 13.7587 | Train Total Time(Profiler) 10.1546 | Copy Time 13.5498
[Train  Worker 0] Avg Epoch Time 13.7588 | Train Total Time(Profiler) 10.1864 | Copy Time 13.5496
[Train  Worker 5] Avg Epoch Time 13.7588 | Train Total Time(Profiler) 10.1767 | Copy Time 13.5497
[Sample Worker 1/2] Started with PID 93531(Tesla V100-SXM2-32GB)
[Sample Worker 1] run sample for 4 epochs with 501 steps
[Sample Worker 1] Avg Sample Total Time 6.7997 | Sampler Total Time(Profiler) 6.7915
    [Step(average) Profiler Level 1 E3 S500]
        L1  sample           0.010761 | send           0.002955
        L1  recv             0.013516 | copy           0.081124 | convert time 0.000531 | train  0.060452
        L1  feature nbytes    1.07 GB | label nbytes   31.25 KB
        L1  id nbytes      0.00 Bytes | graph nbytes   20.42 MB
        L1  miss nbytes    0.00 Bytes | remote nbytes 0.00 Bytes
        L1  num nodes         2246863 | num samples     2668635
    [Step(average) Profiler Level 2 E3 S500]
        L2  shuffle     0.000330 | core sample  0.003991 | id remap        0.006214
        L2  graph copy  0.000004 | id copy      0.000000 | cache feat copy 0.067604
        L2  last layer sample time 0.000460 | size 114835.650559
    [Step(average) Profiler Level 3 E3 S500]
        L3  khop sample coo  0.003293 | khop sort coo      0.000000 | khop count edge     0.000054 | khop compact edge 0.000578
        L3  walk sample coo  0.000000 | walk topk total    0.000000 | walk topk step1     0.000000 | walk topk step2   0.000000
        L3  walk topk step3  0.000000 | walk topk step4    0.000000 | walk topk step5     0.000000
        L3  walk topk step6  0.000000 | walk topk step7    0.000000
        L3  remap unique     0.000212 | remap populate     0.005171 | remap mapnode       0.000000 | remap mapedge     0.001061
        L3  cache get_index  0.007428 | cache copy_index   0.000000 | cache extract_miss  0.000000
        L3  cache copy_miss  0.000000 | cache combine_miss 0.000000 | cache combine cache 0.056610 | cache combine remote 0.000000
        L3  label extract  0.000047
    [Init Profiler Level 1]
        L1  init    13.5570 | sampler init   248.7820 | trainer init 0.0000
    [Init Profiler Level 2]
        L2  load ds        16.8842 | init queue         205.0539
        L2  presample      37.2038 | build interal ds     3.1963
        L2  build cache     0.0000
    [Init Profiler Level 3]
        L3  load dataset: mmap    13.5567 | copy         3.3275
        L3  dist queue: alloc      0.0003 | pin        205.0536 | push     0.0000
        L3  presample: init        0.5192
        L3  presample: sample     21.5069 | copy         1.4905
        L3  presample: count      12.3287 | sort         0.3810
        L3  presample: reset       0.0018 | get rank     0.0143
        L3  internal: cuda ctx     2.5133 | cuda stream     0.6660
[Sample Worker 0/2] Started with PID 93525(Tesla V100-SXM2-32GB)
[Sample Worker 0] run sample for 4 epochs with 501 steps
[Sample Worker 0] Avg Sample Total Time 6.9655 | Sampler Total Time(Profiler) 6.9362
test_result:sample_time=5.4560
test_result:get_cache_miss_index_time=0.0000
test_result:enqueue_samples_time=1.4802
test_result:epoch_time:sample_total=6.9655
test_result:pipeline_sample_epoch_time=13.7590
[CUDA] cuda0: usage: 24.48 GB
[SAM] cuda0 data alloc        : 0.00 Bytes
[SAM] cuda0 workspace         : 2.52 GB
[SAM] cuda0 workspace reserve : 1.24 GB
[SAM] cuda0 total             : 2.52 GB
    [Step(average) Profiler Level 1 E3 S1001]
        L1  sample           0.010746 | send           0.002954
        L1  recv             0.013649 | copy           0.081081 | convert time 0.000534 | train  0.060361
        L1  feature nbytes    1.07 GB | label nbytes   31.25 KB
        L1  id nbytes      0.00 Bytes | graph nbytes   20.42 MB
        L1  miss nbytes    0.00 Bytes | remote nbytes 0.00 Bytes
        L1  num nodes         2246784 | num samples     2668566
        L1  seq duration     0.000000 | refresh duration 258635603891673578032499465471040368692917689553174382624255442899804235057945098996725259703462428934340533923706672323218496852159962373383961948407597700743168.000000
    [Step(average) Profiler Level 2 E3 S1001]
        L2  shuffle     0.000346 | core sample  0.003983 | id remap        0.006191
        L2  graph copy  0.000005 | id copy      0.000000 | cache feat copy 0.067428
        L2  last layer sample time 0.000458 | size 114832.802662
    [Step(average) Profiler Level 3 E3 S1001]
        L3  khop sample coo  0.003286 | khop sort coo      0.000000 | khop count edge     0.000054 | khop compact edge 0.000577
        L3  walk sample coo  0.000000 | walk topk total    0.000000 | walk topk step1     0.000000 | walk topk step2   0.000000
        L3  walk topk step3  0.000000 | walk topk step4    0.000000 | walk topk step5     0.000000
        L3  walk topk step6  0.000000 | walk topk step7    0.000000
        L3  remap unique     0.000211 | remap populate     0.005154 | remap mapnode       0.000000 | remap mapedge     0.001055
        L3  cache get_index  0.007387 | cache copy_index   0.000000 | cache extract_miss  0.000000
        L3  cache copy_miss  0.000000 | cache combine_miss 0.000000 | cache combine cache 0.056650 | cache combine remote 0.000000
        L3  label extract  0.000051
    [Step(max) Profiler Level 1 E3 S1001]
        L1  sample           0.215475 | send           0.004949
        L1  recv             0.249056 | copy           0.276244 | convert time 0.002877 | train  0.120855
        L1  feature nbytes    1.08 GB | label nbytes   31.25 KB
        L1  id nbytes      0.00 Bytes | graph nbytes   20.67 MB
        L1  miss nbytes    0.00 Bytes | remote nbytes 0.00 Bytes
        L1  num nodes         2271669 | num samples     2700979
    [Step(max) Profiler Level 2 E3 S1001]
        L2  shuffle     0.205069 | core sample  0.004313 | id remap        0.006489
        L2  graph copy  0.000029 | id copy      0.000000 | cache feat copy 0.130465
        L2  last layer sample time 0.000655 | size 115717.000000
    [Step(max) Profiler Level 3 E3 S1001]
        L3  khop sample coo  0.003541 | khop sort coo      0.000000 | khop count edge     0.000080 | khop compact edge 0.000658
        L3  walk sample coo  0.000000 | walk topk total    0.000000 | walk topk step1     0.000000 | walk topk step2   0.000000
        L3  walk topk step3  0.000000 | walk topk step4    0.000000 | walk topk step5     0.000000
        L3  walk topk step6  0.000000 | walk topk step7    0.000000
        L3  remap unique     0.000328 | remap populate     0.005403 | remap mapnode       0.000000 | remap mapedge     0.001120
        L3  cache get_index  0.041002 | cache copy_index   0.000000 | cache extract_miss  0.000000
        L3  cache copy_miss  0.000000 | cache combine_miss 0.000000 | cache combine cache 0.087340 | cache combine remote 0.000000
        L3  label extract  0.007154
    [Step(min) Profiler Level 1 E3 S1001]
        L1  sample           0.010037 | send           0.002451
        L1  recv             0.002840 | copy           0.060833 | convert time 0.000432 | train  0.012554
        L1  feature nbytes    1.06 GB | label nbytes   31.25 KB
        L1  id nbytes      0.00 Bytes | graph nbytes   20.19 MB
        L1  miss nbytes    0.00 Bytes | remote nbytes 0.00 Bytes
        L1  num nodes         2220386 | num samples     2638518
    [Step(min) Profiler Level 2 E3 S1001]
        L2  shuffle     0.000014 | core sample  0.003799 | id remap        0.005988
        L2  graph copy  0.000003 | id copy      0.000000 | cache feat copy 0.026302
        L2  last layer sample time 0.000432 | size 113941.000000
    [Step(min) Profiler Level 3 E3 S1001]
        L3  khop sample coo  0.003130 | khop sort coo      0.000000 | khop count edge     0.000049 | khop compact edge 0.000534
        L3  walk sample coo  0.000000 | walk topk total    0.000000 | walk topk step1     0.000000 | walk topk step2   0.000000
        L3  walk topk step3  0.000000 | walk topk step4    0.000000 | walk topk step5     0.000000
        L3  walk topk step6  0.000000 | walk topk step7    0.000000
        L3  remap unique     0.000196 | remap populate     0.004987 | remap mapnode       0.000000 | remap mapedge     0.001012
        L3  cache get_index  0.001772 | cache copy_index   0.000000 | cache extract_miss  0.000000
        L3  cache copy_miss  0.000000 | cache combine_miss 0.000000 | cache combine cache 0.024002 | cache combine remote 0.000000
        L3  label extract  0.000017
    [Init Profiler Level 1]
        L1  init    13.5570 | sampler init     0.0000 | trainer init 256.9157
    [Init Profiler Level 2]
        L2  load ds        13.5567 | init queue         204.7807
        L2  presample       0.0000 | build interal ds     2.4829
        L2  build cache    49.6165
    [Init Profiler Level 3]
        L3  load dataset: mmap    13.5567 | copy         0.0000
        L3  dist queue: alloc      0.0003 | pin        204.7804 | push     0.0000
        L3  presample: init        0.0000
        L3  presample: sample      0.0000 | copy         0.0000
        L3  presample: count       0.0000 | sort         0.0000
        L3  presample: reset       0.0000 | get rank     0.0000
        L3  internal: cuda ctx     2.4828 | cuda stream     0.0001
|===========================================================================|
|                  PyTorch CUDA memory summary, device ID 0                 |
|---------------------------------------------------------------------------|
|            CUDA OOMs: 0            |        cudaMalloc retries: 0         |
|===========================================================================|
|        Metric         | Cur Usage  | Peak Usage | Tot Alloc  | Tot Freed  |
|---------------------------------------------------------------------------|
| Allocated memory      |   33804 KB |  761162 KB |    1505 GB |    1505 GB |
|       from large pool |   28153 KB |  759958 KB |    1496 GB |    1496 GB |
|       from small pool |    5651 KB |    8378 KB |       8 GB |       8 GB |
|---------------------------------------------------------------------------|
| Active memory         |   33805 KB |  761162 KB |    1505 GB |    1505 GB |
|       from large pool |   28153 KB |  759958 KB |    1496 GB |    1496 GB |
|       from small pool |    5651 KB |    8378 KB |       8 GB |       8 GB |
|---------------------------------------------------------------------------|
| GPU reserved memory   |     884 MB |     884 MB |     884 MB |       0 B  |
|       from large pool |     872 MB |     872 MB |     872 MB |       0 B  |
|       from small pool |      12 MB |      12 MB |      12 MB |       0 B  |
|---------------------------------------------------------------------------|
| Non-releasable memory |   21491 KB |  663381 KB |    1646 GB |    1646 GB |
|       from large pool |   18950 KB |  658818 KB |    1636 GB |    1636 GB |
|       from small pool |    2540 KB |    6284 KB |       9 GB |       9 GB |
|---------------------------------------------------------------------------|
| Allocations           |      39    |      56    |   91555    |   91516    |
|       from large pool |       3    |      14    |   34068    |   34065    |
|       from small pool |      36    |      45    |   57487    |   57451    |
|---------------------------------------------------------------------------|
| Active allocs         |      40    |      56    |   91555    |   91515    |
|       from large pool |       3    |      14    |   34068    |   34065    |
|       from small pool |      37    |      45    |   57487    |   57450    |
|---------------------------------------------------------------------------|
| GPU reserved segments |      15    |      15    |      15    |       0    |
|       from large pool |       9    |       9    |       9    |       0    |
|       from small pool |       6    |       6    |       6    |       0    |
|---------------------------------------------------------------------------|
| Non-releasable allocs |      12    |      26    |   40525    |   40513    |
|       from large pool |       3    |      12    |   22272    |   22269    |
|       from small pool |       9    |      19    |   18253    |   18244    |
|---------------------------------------------------------------------------|
| Oversize allocations  |       0    |       0    |       0    |       0    |
|---------------------------------------------------------------------------|
| Oversize GPU segments |       0    |       0    |       0    |       0    |
|===========================================================================|

test_result:epoch_time:copy_time=13.5496
test_result:convert_time=0.0958
test_result:train_time=10.0906
test_result:epoch_time:train_total=10.1864
test_result:cache_percentage=0.3500
test_result:cache_hit_rate=1.0000
test_result:run_time=58.3199
test_result:pipeline_train_epoch_time=13.7588

