[2022-12-07 04:02:41.770096: W /samgraph/samgraph/common/cpu/mmap_cpu_device.cc:92] mmap allocating space 12.03 GB
[2022-12-07 04:02:41.770200: W /samgraph/samgraph/common/cpu/mmap_cpu_device.cc:97] mmap allocating space 12.03 GB done
[2022-12-07 04:02:48.454225: W /samgraph/samgraph/common/cpu/mmap_cpu_device.cc:92] mmap allocating space 52.96 GB
[2022-12-07 04:02:48.454317: W /samgraph/samgraph/common/cpu/mmap_cpu_device.cc:97] mmap allocating space 52.96 GB done
[2022-12-07 04:02:48.920043: W /samgraph/samgraph/common/cpu/mmap_cpu_device.cc:92] mmap allocating space 10.67 GB
[2022-12-07 04:02:48.920117: W /samgraph/samgraph/common/cpu/mmap_cpu_device.cc:97] mmap allocating space 10.67 GB done
/usr/lib/python3/dist-packages/requests/__init__.py:89: RequestsDependencyWarning: urllib3 (1.26.12) or chardet (3.0.4) doesn't match a supported version!
  warnings.warn("urllib3 ({}) or chardet ({}) doesn't match a supported "
[2022-12-07 04:02:49.460463: W /samgraph/samgraph/common/dist/dist_engine.cc:662] Trainer[0] initializing...
[2022-12-07 04:02:49.643028: W /samgraph/samgraph/common/dist/dist_engine.cc:662] Trainer[2] initializing...
[2022-12-07 04:02:49.664639: W /samgraph/samgraph/common/dist/dist_engine.cc:662] Trainer[5] initializing...
[2022-12-07 04:02:49.687177: W /samgraph/samgraph/common/dist/dist_engine.cc:662] Trainer[3] initializing...
[2022-12-07 04:02:49.809428: W /samgraph/samgraph/common/dist/dist_engine.cc:662] Trainer[1] initializing...
[2022-12-07 04:02:49.837485: W /samgraph/samgraph/common/dist/dist_engine.cc:662] Trainer[4] initializing...
[2022-12-07 04:02:51.644815: W /samgraph/samgraph/common/dist/dist_engine.cc:666] Trainer[0] pin memory queue...
[2022-12-07 04:02:51.712550: W /samgraph/samgraph/common/dist/dist_engine.cc:666] Trainer[5] pin memory queue...
[2022-12-07 04:02:51.728191: W /samgraph/samgraph/common/dist/dist_engine.cc:666] Trainer[4] pin memory queue...
[2022-12-07 04:02:51.743702: W /samgraph/samgraph/common/dist/dist_engine.cc:666] Trainer[3] pin memory queue...
[2022-12-07 04:02:51.755769: W /samgraph/samgraph/common/dist/dist_engine.cc:666] Trainer[2] pin memory queue...
[2022-12-07 04:02:51.756993: W /samgraph/samgraph/common/dist/dist_engine.cc:666] Trainer[1] pin memory queue...
[2022-12-07 04:02:57.226229: E /samgraph/samgraph/common/dist/dist_engine.cc:85[] 2022-12-07 04:02:57Running on V100.
226276: E /samgraph/samgraph/common/dist/dist_engine.cc:[852022-12-07 04:02:57] .Running on V100226327
: E /samgraph/samgraph/common/dist/dist_engine.cc:85] Running on V100
[2022-12-07 04:02:57.226414: E /samgraph/samgraph/common/dist/dist_engine.cc:85] Running on V100
[2022-12-07 04:02:57.226463: E /samgraph/samgraph/common/dist/dist_engine.cc:85] Running on V100
[2022-12-07 04:02:57.226581: W /samgraph/samgraph/common/dist/dist_engine.cc:701] Trainer[2] register host memory...
[2022-12-07 04:02:57.[2266232022-12-07 04:02:57: .E226645 [: /samgraph/samgraph/common/dist/dist_engine.cc2022-12-07 04:02:57W[:. 2022-12-07 04:02:5785226662/samgraph/samgraph/common/dist/dist_engine.cc.] : :226673Running on V100W701: 
 ] W/samgraph/samgraph/common/dist/dist_engine.ccTrainer[4] register host memory... :
/samgraph/samgraph/common/dist/dist_engine.cc701:] 701Trainer[0] register host memory...] 
Trainer[1] register host memory...
[2022-12-07 04:02:57.226795: W /samgraph/samgraph/common/dist/dist_engine.cc:701] Trainer[3] register host memory...
[2022-12-07 04:02:57.226905: W /samgraph/samgraph/common/dist/dist_engine.cc:701] Trainer[5] register host memory...
[2022-12-07 04:02:57.485685: E /samgraph/samgraph/common/dist/dist_engine.cc:85] Running on V100
[2022-12-07 04:02:57.489114: E /samgraph/samgraph/common/dist/dist_engine.cc:85] Running on V100
[2022-12-07 04:02:57.494560: W /samgraph/samgraph/common/cuda/cuda_device.cc:49] GPU[6] alloc cuda memory 423.66 MB
[2022-12-07 04:02:57.601097: W /samgraph/samgraph/common/cuda/cuda_device.cc:49] GPU[6] alloc cuda memory 12.03 GB
[2022-12-07 04:03:00.214124: W /samgraph/samgraph/common/cuda/cuda_device.cc:49] GPU[6] alloc cuda memory 128.00 MB
[2022-12-07 04:03:00.220126: E /samgraph/samgraph/common/dist/pre_sampler.cc:41] Dist Presampler making shuffler...
[2022-12-07 04:03:00.224581: E /samgraph/samgraph/common/dist/pre_sampler.cc:44] Dist Presampler making shuffler...Done
[2022-12-07 04:03:00.224631: W /samgraph/samgraph/common/cpu/cpu_device.cc:39] WORKER[0] alloc host memory 847.32 MB
[2022-12-07 04:03:00.596443: E /samgraph/samgraph/common/dist/pre_sampler.cc:85] Dist Presampler doing presample epoch 0
[2022-12-07 04:03:02.850374: E /samgraph/samgraph/common/dist/pre_sampler.cc:129] presample spend 0.905358 on sample, 0.0587574 on copy, 1.28785 on count
[2022-12-07 04:03:02.850465: E /samgraph/samgraph/common/dist/pre_sampler.cc:85] Dist Presampler doing presample epoch 1
[2022-12-07 04:03:05. 90075: E /samgraph/samgraph/common/dist/pre_sampler.cc:129] presample spend 1.80494 on sample, 0.114716 on copy, 2.57015 on count
[2022-12-07 04:03:05. 90193: E /samgraph/samgraph/common/dist/pre_sampler.cc:136] max_num_inputs = 1115172, min_num_inputs = 1087222
[2022-12-07 04:03:05.413545: E /samgraph/samgraph/common/dist/pre_sampler.cc:148] presample spend 0.323252 on sort freq.
[2022-12-07 04:03:05.813052: E /samgraph/samgraph/common/dist/dist_engine.cc:524] pre sample done, delete it
[[[[[[2022-12-07 04:03:052022-12-07 04:03:052022-12-07 04:03:052022-12-07 04:03:052022-12-07 04:03:052022-12-07 04:03:05......840061840061840062840067840075840077: : : : : : WWWWWW      /samgraph/samgraph/common/dist/dist_engine.cc/samgraph/samgraph/common/dist/dist_engine.cc/samgraph/samgraph/common/dist/dist_engine.cc/samgraph/samgraph/common/dist/dist_engine.cc/samgraph/samgraph/common/dist/dist_engine.cc/samgraph/samgraph/common/dist/dist_engine.cc::::::711711711711711711] ] ] ] Trainer[0] building cache...] ] Trainer[2] building cache...Trainer[4] building cache...Trainer[1] building cache...
Trainer[5] building cache...Trainer[3] building cache...




[2022-12-07 04:03:05.844217: E /samgraph/3rdparty/collcachelib/coll_cache_lib/coll_cache/asymm_link_desc.cc:196] build asymm link desc with 6X Tesla V100-SXM2-32GB out of 8
[2022-12-07 04:03:05[.2022-12-07 04:03:05844271.: 844262E:  E/samgraph/3rdparty/collcachelib/coll_cache_lib/coll_cache/asymm_link_desc.cc[ :2022-12-07 04:03:05/samgraph/3rdparty/collcachelib/coll_cache_lib/coll_cache/asymm_link_desc.cc197.:] 844301[196remote time is 8.68421: 2022-12-07 04:03:05] 
E.build asymm link desc with 6X Tesla V100-SXM2-32GB out of 8 844342[
/samgraph/3rdparty/collcachelib/coll_cache_lib/coll_cache/asymm_link_desc.cc: 2022-12-07 04:03:05[:E.[2022-12-07 04:03:05196 8443842022-12-07 04:03:05.] /samgraph/3rdparty/collcachelib/coll_cache_lib/coll_cache/asymm_link_desc.cc: [.844387build asymm link desc with 6X Tesla V100-SXM2-32GB out of 8:E2022-12-07 04:03:05844409: 
196 .: E] /samgraph/3rdparty/collcachelib/coll_cache_lib/coll_cache/asymm_link_desc.cc844426E[ build asymm link desc with 6X Tesla V100-SXM2-32GB out of 8::  2022-12-07 04:03:05/samgraph/3rdparty/collcachelib/coll_cache_lib/coll_cache/asymm_link_desc.cc
198] cpu time is 30E/samgraph/3rdparty/collcachelib/coll_cache_lib/coll_cache/asymm_link_desc.cc.: 
:844487[196/samgraph/3rdparty/collcachelib/coll_cache_lib/coll_cache/asymm_link_desc.cc197: 2022-12-07 04:03:05] :] E.build asymm link desc with 6X Tesla V100-SXM2-32GB out of 8196remote time is 8.68421 844536
] 
/samgraph/3rdparty/collcachelib/coll_cache_lib/coll_cache/asymm_link_desc.cc: build asymm link desc with 6X Tesla V100-SXM2-32GB out of 8:E
[197[ 2022-12-07 04:03:05] 2022-12-07 04:03:05/samgraph/3rdparty/collcachelib/coll_cache_lib/coll_cache/asymm_link_desc.cc.remote time is 8.68421[.:844591
2022-12-07 04:03:05844592197: .: ] [E844607Eremote time is 8.684212022-12-07 04:03:05 :  
./samgraph/3rdparty/collcachelib/coll_cache_lib/coll_cache/asymm_link_desc.ccE/samgraph/3rdparty/collcachelib/coll_cache_lib/coll_cache/asymm_link_desc.cc844631: [:: 198/samgraph/3rdparty/collcachelib/coll_cache_lib/coll_cache/asymm_link_desc.cc2022-12-07 04:03:05197E] :.]  cpu time is 30197844661remote time is 8.68421/samgraph/3rdparty/collcachelib/coll_cache_lib/coll_cache/asymm_link_desc.cc
] : 
:remote time is 8.68421E198
[ ] 2022-12-07 04:03:05/samgraph/3rdparty/collcachelib/coll_cache_lib/coll_cache/asymm_link_desc.cccpu time is 30[.:
2022-12-07 04:03:05844724198.: ] 844734Ecpu time is 30:  
E/samgraph/3rdparty/collcachelib/coll_cache_lib/coll_cache/asymm_link_desc.cc :/samgraph/3rdparty/collcachelib/coll_cache_lib/coll_cache/asymm_link_desc.cc198:] 198cpu time is 30] 
cpu time is 30
[2022-12-07 04:03:29.998398: E /samgraph/3rdparty/collcachelib/coll_cache_lib/facade.cc:115] solver created. now build & solve
[2022-12-07 04:03:30. 44849: E /samgraph/3rdparty/collcachelib/coll_cache_lib/facade.cc:120] solver built. now solve
[2022-12-07 04:03:30. 44909: E /samgraph/3rdparty/collcachelib/coll_cache_lib/coll_cache/optimal_solver_class.cc:895] num_cached_nodes = 33317986
[2022-12-07 04:03:31.  2576: E /samgraph/3rdparty/collcachelib/coll_cache_lib/facade.cc:124] solver solved
[2022-12-07 04:03:31.  2678: E /samgraph/3rdparty/collcachelib/coll_cache_lib/facade.cc:187] 0 solved master
[2022-12-07 04:03:31.  2726: E /samgraph/3rdparty/collcachelib/coll_cache_lib/facade.cc:194] 0 solved
[2022-12-07 04:03:31.  2756: E /samgraph/3rdparty/collcachelib/coll_cache_lib/facade.cc:197] worker 0 thread 0 initing device 0
[2022-12-07 04:03:31. 26307: E /samgraph/3rdparty/collcachelib/coll_cache_lib/facade.cc:194] 4 solved
[2022-12-07 04:03:31. 26385: E /samgraph/3rdparty/collcachelib/coll_cache_lib/facade.cc:197] worker 4 thread 4 initing device 4
[2022-12-07 04:03:31. 26422: E /samgraph/3rdparty/collcachelib/coll_cache_lib/facade.cc:194] 1 solved
[2022-12-07 04:03:31. 26484: E /samgraph/3rdparty/collcachelib/coll_cache_lib/facade.cc:197] worker 1 thread 1 initing device 1
[2022-12-07 04:03:31. 27820: E /samgraph/3rdparty/collcachelib/coll_cache_lib/facade.cc:194] 5 solved
[2022-12-07 04:03:31. 27876: E /samgraph/3rdparty/collcachelib/coll_cache_lib/facade.cc:197] worker 5 thread 5 initing device 5
[2022-12-07 04:03:31. 30643: E /samgraph/3rdparty/collcachelib/coll_cache_lib/facade.cc:194] 2 solved
[2022-12-07 04:03:31. 30717: E /samgraph/3rdparty/collcachelib/coll_cache_lib/facade.cc:197] worker 2 thread 2 initing device 2
[2022-12-07 04:03:31. 30773: E /samgraph/3rdparty/collcachelib/coll_cache_lib/facade.cc:194] 3 solved
[2022-12-07 04:03:31. 30834: E /samgraph/3rdparty/collcachelib/coll_cache_lib/facade.cc:197] worker 3 thread 3 initing device 3
[2022-12-07 04:03:33.963599: E /samgraph/3rdparty/collcachelib/coll_cache_lib/cache_context.cu:1740] Collaborative GPU cache (policy: rep_cache) | local 33317986 / 111059956 nodes ( 30.00 %~30.00 %) | remote 0 / 111059956 nodes ( 0.00 %) | cpu 77741970 / 111059956 nodes ( 70.00 %) | 15.89 GB | 2.9299 secs 
[2022-12-07 04:03:33.964354: E /samgraph/3rdparty/collcachelib/coll_cache_lib/cache_context.cu:1740] Collaborative GPU cache (policy: rep_cache) | local 33317986 / 111059956 nodes ( 30.00 %~30.00 %) | remote 0 / 111059956 nodes ( 0.00 %) | cpu 77741970 / 111059956 nodes ( 70.00 %) | 15.89 GB | 2.93603 secs 
[2022-12-07 04:03:33.964883: E /samgraph/3rdparty/collcachelib/coll_cache_lib/cache_context.cu:1740] Collaborative GPU cache (policy: rep_cache) | local 33317986 / 111059956 nodes ( 30.00 %~30.00 %) | remote 0 / 111059956 nodes ( 0.00 %) | cpu 77741970 / 111059956 nodes ( 70.00 %) | 15.89 GB | 2.93735 secs 
[2022-12-07 04:03:33.966118: E /samgraph/3rdparty/collcachelib/coll_cache_lib/cache_context.cu:1740] Collaborative GPU cache (policy: rep_cache) | local 33317986 / 111059956 nodes ( 30.00 %~30.00 %) | remote 0 / 111059956 nodes ( 0.00 %) | cpu 77741970 / 111059956 nodes ( 70.00 %) | 15.89 GB | 2.96193 secs 
[2022-12-07 04:03:33.966661: E /samgraph/3rdparty/collcachelib/coll_cache_lib/cache_context.cu:1740] Collaborative GPU cache (policy: rep_cache) | local 33317986 / 111059956 nodes ( 30.00 %~30.00 %) | remote 0 / 111059956 nodes ( 0.00 %) | cpu 77741970 / 111059956 nodes ( 70.00 %) | 15.89 GB | 2.93671 secs 
[2022-12-07 04:03:33.967577: E /samgraph/3rdparty/collcachelib/coll_cache_lib/cache_context.cu:1740] Collaborative GPU cache (policy: rep_cache) | local 33317986 / 111059956 nodes ( 30.00 %~30.00 %) | remote 0 / 111059956 nodes ( 0.00 %) | cpu 77741970 / 111059956 nodes ( 70.00 %) | 15.89 GB | 2.93373 secs 
[2022-12-07 04:03:33.970961: E /samgraph/3rdparty/collcachelib/coll_cache_lib/coll_cache/asymm_link_desc.cc:196] build asymm link desc with 6X Tesla V100-SXM2-32GB out of 8
[2022-12-07 04:03:33[.2022-12-07 04:03:33971014.: 971004E:  E/samgraph/3rdparty/collcachelib/coll_cache_lib/coll_cache/asymm_link_desc.cc :/samgraph/3rdparty/collcachelib/coll_cache_lib/coll_cache/asymm_link_desc.cc197:] 196remote time is 8.68421] 
build asymm link desc with 6X Tesla V100-SXM2-32GB out of 8
[[2022-12-07 04:03:33[2022-12-07 04:03:33.2022-12-07 04:03:33.971067.971053: 971074: E: [E E2022-12-07 04:03:33 /samgraph/3rdparty/collcachelib/coll_cache_lib/coll_cache/asymm_link_desc.cc ./samgraph/3rdparty/collcachelib/coll_cache_lib/coll_cache/asymm_link_desc.cc:/samgraph/3rdparty/collcachelib/coll_cache_lib/coll_cache/asymm_link_desc.cc971099:198:: 196[] 197E] 2022-12-07 04:03:33cpu time is 30]  build asymm link desc with 6X Tesla V100-SXM2-32GB out of 8.
[remote time is 8.68421/samgraph/3rdparty/collcachelib/coll_cache_lib/coll_cache/asymm_link_desc.cc
9711492022-12-07 04:03:33
:: .[196E[9711912022-12-07 04:03:33]  2022-12-07 04:03:33: .build asymm link desc with 6X Tesla V100-SXM2-32GB out of 8/samgraph/3rdparty/collcachelib/coll_cache_lib/coll_cache/asymm_link_desc.cc.E971241
:971247 : 196: /samgraph/3rdparty/collcachelib/coll_cache_lib/coll_cache/asymm_link_desc.cc[E] E:2022-12-07 04:03:33 build asymm link desc with 6X Tesla V100-SXM2-32GB out of 8 196./samgraph/3rdparty/collcachelib/coll_cache_lib/coll_cache/asymm_link_desc.cc
/samgraph/3rdparty/collcachelib/coll_cache_lib/coll_cache/asymm_link_desc.cc] 971309::build asymm link desc with 6X Tesla V100-SXM2-32GB out of 8: 197[198
E] 2022-12-07 04:03:33]  remote time is 8.68421[.cpu time is 30/samgraph/3rdparty/collcachelib/coll_cache_lib/coll_cache/asymm_link_desc.cc
2022-12-07 04:03:33971372
:.: [197971406E2022-12-07 04:03:33] :  .remote time is 8.68421E/samgraph/3rdparty/collcachelib/coll_cache_lib/coll_cache/asymm_link_desc.cc971439
 :: /samgraph/3rdparty/collcachelib/coll_cache_lib/coll_cache/asymm_link_desc.cc197E[:]  2022-12-07 04:03:33197remote time is 8.68421/samgraph/3rdparty/collcachelib/coll_cache_lib/coll_cache/asymm_link_desc.cc.] 
:971482remote time is 8.68421198: 
] [Ecpu time is 302022-12-07 04:03:33 [
./samgraph/3rdparty/collcachelib/coll_cache_lib/coll_cache/asymm_link_desc.cc2022-12-07 04:03:33971515:.: 198971527E] :  cpu time is 30E/samgraph/3rdparty/collcachelib/coll_cache_lib/coll_cache/asymm_link_desc.cc
 :/samgraph/3rdparty/collcachelib/coll_cache_lib/coll_cache/asymm_link_desc.cc198:] 198cpu time is 30] 
cpu time is 30
[2022-12-07 04:03:34.140696: E /samgraph/3rdparty/collcachelib/coll_cache_lib/facade.cc:115] solver created. now build & solve
[2022-12-07 04:03:34.170704: E /samgraph/3rdparty/collcachelib/coll_cache_lib/facade.cc:120] solver built. now solve
[2022-12-07 04:03:34.170767: E /samgraph/3rdparty/collcachelib/coll_cache_lib/coll_cache/optimal_solver_class.cc:895] num_cached_nodes = 33317986
[2022-12-07 04:03:35.185064: E /samgraph/3rdparty/collcachelib/coll_cache_lib/facade.cc:124] solver solved
[2022-12-07 04:03:35.185145: E /samgraph/3rdparty/collcachelib/coll_cache_lib/facade.cc:187] 0 solved master
[2022-12-07 04:03:35.185174: E /samgraph/3rdparty/collcachelib/coll_cache_lib/facade.cc:194] 0 solved
[2022-12-07 04:03:35.185201: E /samgraph/3rdparty/collcachelib/coll_cache_lib/facade.cc:197] worker 0 thread 0 initing device 0
[2022-12-07 04:03:35.204795: E /samgraph/3rdparty/collcachelib/coll_cache_lib/facade.cc:194] 5 solved
[2022-12-07 04:03:35.204861: E /samgraph/3rdparty/collcachelib/coll_cache_lib/facade.cc:197] worker 5 thread 5 initing device 5
[[2022-12-07 04:03:352022-12-07 04:03:35..205047205056: : EE  /samgraph/3rdparty/collcachelib/coll_cache_lib/facade.cc/samgraph/3rdparty/collcachelib/coll_cache_lib/facade.cc::194194] ] 2 solved3 solved

[[2022-12-07 04:03:352022-12-07 04:03:35..205125205127: : EE  /samgraph/3rdparty/collcachelib/coll_cache_lib/facade.cc/samgraph/3rdparty/collcachelib/coll_cache_lib/facade.cc::197197] ] worker 2 thread 2 initing device 2worker 3 thread 3 initing device 3

[2022-12-07 04:03:35.211802: E /samgraph/3rdparty/collcachelib/coll_cache_lib/facade.cc:194] 1 solved
[2022-12-07 04:03:35.211861: E /samgraph/3rdparty/collcachelib/coll_cache_lib/facade.cc:197] worker 1 thread 1 initing device 1
[2022-12-07 04:03:35.211946: E /samgraph/3rdparty/collcachelib/coll_cache_lib/facade.cc:194] 4 solved
[2022-12-07 04:03:35.211997: E /samgraph/3rdparty/collcachelib/coll_cache_lib/facade.cc:197] worker 4 thread 4 initing device 4
[2022-12-07 04:03:37. 12446: W /samgraph/samgraph/common/cuda/cuda_device.cc:49] GPU[0] alloc cuda memory 579.43 MB
[2022-12-07 04:03:38.423358: W /samgraph/samgraph/common/cuda/cuda_device.cc:49] GPU[0] alloc cuda memory 579.43 MB
/usr/local/lib/python3.8/dist-packages/torch/nn/parallel/scatter_gather.py:9: UserWarning: is_namedtuple is deprecated, please use the python checks instead
  warnings.warn("is_namedtuple is deprecated, please use the python checks instead")
/usr/local/lib/python3.8/dist-packages/torch/nn/parallel/scatter_gather.py:9: UserWarning: is_namedtuple is deprecated, please use the python checks instead
  warnings.warn("is_namedtuple is deprecated, please use the python checks instead")
/usr/local/lib/python3.8/dist-packages/torch/nn/parallel/scatter_gather.py:9: UserWarning: is_namedtuple is deprecated, please use the python checks instead
  warnings.warn("is_namedtuple is deprecated, please use the python checks instead")
/usr/local/lib/python3.8/dist-packages/torch/nn/parallel/scatter_gather.py:9: UserWarning: is_namedtuple is deprecated, please use the python checks instead
  warnings.warn("is_namedtuple is deprecated, please use the python checks instead")
/usr/local/lib/python3.8/dist-packages/torch/nn/parallel/scatter_gather.py:9: UserWarning: is_namedtuple is deprecated, please use the python checks instead
  warnings.warn("is_namedtuple is deprecated, please use the python checks instead")
/usr/local/lib/python3.8/dist-packages/torch/nn/parallel/scatter_gather.py:9: UserWarning: is_namedtuple is deprecated, please use the python checks instead
  warnings.warn("is_namedtuple is deprecated, please use the python checks instead")
