config:eval_tsp="2022-12-07 04:40:43"
config:arch=arch5
config:num_train_worker=6
config:num_sample_worker=2
config:sample_type=khop2
config:root_path=/nvme/samgraph/
config:dataset=com-friendster
config:pipeline=False
config:cache_policy=rep
config:cache_percentage=0.2
config:num_epoch=4
config:batch_size=8000
config:num_hidden=256
config:max_sampling_jobs=1
config:max_copying_jobs=1
config:barriered_epoch=1
config:presample_epoch=2
config:omp_thread_num=6
config:unsupervised=False
config:amp=True
config:rolling=0
config:fanout=[25, 10]
config:lr=0.003
config:dropout=0.5
config:single_gpu=False
config:max_num_step=100000
config:validate_configs=False
config:report_acc=0
config:dataset_path=/nvme/samgraph/com-friendster
config:torch_thread_num=8
config:train_workers=['cuda:0', 'cuda:1', 'cuda:2', 'cuda:3', 'cuda:4', 'cuda:5']
config:sample_workers=['cuda:6', 'cuda:7']
config:num_fanout=2
config:num_layer=2
config:_run_mode=RunMode.FGNN
config:_log_level=warn
config:_profile_level=3
config:_empty_feat=0
config:_arch=5
config:_sample_type=5
config:_cache_policy=12
test_result:init:input_scale_factor=1.1
coll_cache:optimal_rep_storage=0.2
coll_cache:optimal_part_storage=0
coll_cache:optimal_cpu_storage=0.8
coll_cache:optimal_local_storage=0.2
coll_cache:optimal_remote_storage=0
coll_cache:optimal_local_rate=0.775932
coll_cache:optimal_remote_rate=0
coll_cache:optimal_cpu_rate=0.224068
z=3396.58
test_result:init:feat_nbytes=67182966784
test_result:init:cache_nbytes=13436593152
test_result:init:feat_nbytes=67182966784
test_result:init:cache_nbytes=13436593152
test_result:init:feat_nbytes=67182966784
test_result:init:cache_nbytes=13436593152
test_result:init:feat_nbytes=67182966784
test_result:init:cache_nbytes=13436593152
test_result:init:feat_nbytes=67182966784
test_result:init:cache_nbytes=13436593152
test_result:init:feat_nbytes=67182966784
test_result:init:cache_nbytes=13436593152
coll_cache:optimal_rep_storage=0.2
coll_cache:optimal_part_storage=0
coll_cache:optimal_cpu_storage=0.8
coll_cache:optimal_local_storage=0.2
coll_cache:optimal_remote_storage=0
coll_cache:optimal_local_rate=0.775932
coll_cache:optimal_remote_rate=0
coll_cache:optimal_cpu_rate=0.224068
z=3396.58
test_result:init:cache_nbytes=0
test_result:init:cache_nbytes=0
test_result:init:cache_nbytes=0
test_result:init:cache_nbytes=0
test_result:init:cache_nbytes=0
test_result:init:cache_nbytes=0
[Train  Worker 3/6] Started with PID 51988(Tesla V100-SXM2-32GB)
[Train  Worker 3] run train for 4 epochs with 126 steps
[Train  Worker 3] Avg Epoch Time 2.1179 | Train Total Time(Profiler) 0.2331 | Copy Time 1.8823
[Train  Worker 4/6] Started with PID 51990(Tesla V100-SXM2-32GB)
[Train  Worker 4] run train for 4 epochs with 126 steps
[Train  Worker 4] Avg Epoch Time 2.1179 | Train Total Time(Profiler) 0.2293 | Copy Time 1.8861
[Train  Worker 5/6] Started with PID 51994(Tesla V100-SXM2-32GB)
[Train  Worker 5] run train for 4 epochs with 126 steps
[Train  Worker 5] Avg Epoch Time 2.1178 | Train Total Time(Profiler) 1.0520 | Copy Time 1.0635
[Train  Worker 0/6] Started with PID 51980(Tesla V100-SXM2-32GB)
[Train  Worker 0] run train for 4 epochs with 126 steps
Epoch 00000 | Epoch Time 3.5992 | Total Train Time(Profiler) 2.4885 | Copy Time 1.1076
Epoch 00001 | Epoch Time 2.1240 | Total Train Time(Profiler) 1.0676 | Copy Time 1.0540
Epoch 00002 | Epoch Time 2.1197 | Total Train Time(Profiler) 1.0672 | Copy Time 1.0502
Epoch 00003 | Epoch Time 2.1098 | Total Train Time(Profiler) 1.0431 | Copy Time 1.0643
[Train  Worker 0] Avg Epoch Time 2.1178 | Train Total Time(Profiler) 1.0593 | Copy Time 1.0562
[Train  Worker 1/6] Started with PID 51981(Tesla V100-SXM2-32GB)
[Train  Worker 1] run train for 4 epochs with 126 steps
[Train  Worker 1] Avg Epoch Time 2.1178 | Train Total Time(Profiler) 0.2310 | Copy Time 1.8844
[Train  Worker 2/6] Started with PID 51985(Tesla V100-SXM2-32GB)
[Train  Worker 2] run train for 4 epochs with 126 steps
[Train  Worker 2] Avg Epoch Time 2.1179 | Train Total Time(Profiler) 0.2336 | Copy Time 1.8819
[Sample Worker 1/2] Started with PID 51978(Tesla V100-SXM2-32GB)
[Sample Worker 1] run sample for 4 epochs with 63 steps
[Sample Worker 1] Avg Sample Total Time 0.4448 | Sampler Total Time(Profiler) 0.4439
    [Step(average) Profiler Level 1 E3 S62]
        L1  sample           0.005789 | send           0.001272
        L1  recv             0.000000 | copy           0.000000 | convert time 0.000000 | train  0.000000
        L1  feature nbytes 0.00 Bytes | label nbytes 0.00 Bytes
        L1  id nbytes      0.00 Bytes | graph nbytes 0.00 Bytes
        L1  miss nbytes    0.00 Bytes | remote nbytes 0.00 Bytes
        L1  num nodes         1189185 | num samples     1335702
    [Step(average) Profiler Level 2 E3 S62]
        L2  shuffle     0.000517 | core sample  0.001720 | id remap        0.003437
        L2  graph copy  0.000000 | id copy      0.000000 | cache feat copy 0.000000
        L2  last layer sample time 0.000327 | size 58940.671958
    [Step(average) Profiler Level 3 E3 S62]
        L3  khop sample coo  0.001416 | khop sort coo      0.000000 | khop count edge     0.000042 | khop compact edge 0.000220
        L3  walk sample coo  0.000000 | walk topk total    0.000000 | walk topk step1     0.000000 | walk topk step2   0.000000
        L3  walk topk step3  0.000000 | walk topk step4    0.000000 | walk topk step5     0.000000
        L3  walk topk step6  0.000000 | walk topk step7    0.000000
        L3  remap unique     0.000000 | remap populate     0.002899 | remap mapnode       0.000000 | remap mapedge     0.000539
        L3  cache get_index  0.000000 | cache copy_index   0.000000 | cache extract_miss  0.000000
        L3  cache copy_miss  0.000000 | cache combine_miss 0.000000 | cache combine cache 0.000000 | cache combine remote 0.000000
        L3  label extract  0.000000
    [Init Profiler Level 1]
        L1  init     7.5328 | sampler init    14.2167 | trainer init 0.0000
    [Init Profiler Level 2]
        L2  load ds        10.1714 | init queue           4.4197
        L2  presample       4.7202 | build interal ds     2.4343
        L2  build cache     0.0000
    [Init Profiler Level 3]
        L3  load dataset: mmap     7.5280 | copy         2.6434
        L3  dist queue: alloc      0.0018 | pin          4.4179 | push     0.0000
        L3  presample: init        0.2241
        L3  presample: sample      1.3980 | copy         0.1016
        L3  presample: count       2.5357 | sort         0.2028
        L3  presample: reset       0.0005 | get rank     0.0143
        L3  internal: cuda ctx     2.1589 | cuda stream     0.2699
[Sample Worker 0/2] Started with PID 51977(Tesla V100-SXM2-32GB)
[Sample Worker 0] run sample for 4 epochs with 63 steps
[Sample Worker 0] Avg Sample Total Time 0.4457 | Sampler Total Time(Profiler) 0.4448
test_result:sample_time=0.3647
test_result:get_cache_miss_index_time=0.0000
test_result:enqueue_samples_time=0.0801
test_result:epoch_time:sample_total=0.4457
[CUDA] cuda0: usage: 20.12 GB
[SAM] cuda0 data alloc        : 0.00 Bytes
[SAM] cuda0 workspace         : 2.54 GB
[SAM] cuda0 workspace reserve : 1.26 GB
[SAM] cuda0 total             : 2.54 GB
    [Step(average) Profiler Level 1 E3 S125]
        L1  sample           0.000000 | send           0.000000
        L1  recv             0.002235 | copy           0.076588 | convert time 0.000421 | train  0.023727
        L1  feature nbytes    1.13 GB | label nbytes   62.50 KB
        L1  id nbytes      0.00 Bytes | graph nbytes 0.00 Bytes
        L1  miss nbytes     291.52 MB | remote nbytes 0.00 Bytes
        L1  num nodes               0 | num samples           0
    [Step(average) Profiler Level 2 E3 S125]
        L2  shuffle     0.000000 | core sample  0.000000 | id remap        0.000000
        L2  graph copy  0.000004 | id copy      0.000000 | cache feat copy 0.074349
        L2  last layer sample time 0.000000 | size 0.000000
    [Step(average) Profiler Level 3 E3 S125]
        L3  khop sample coo  0.000000 | khop sort coo      0.000000 | khop count edge     0.000000 | khop compact edge 0.000000
        L3  walk sample coo  0.000000 | walk topk total    0.000000 | walk topk step1     0.000000 | walk topk step2   0.000000
        L3  walk topk step3  0.000000 | walk topk step4    0.000000 | walk topk step5     0.000000
        L3  walk topk step6  0.000000 | walk topk step7    0.000000
        L3  remap unique     0.000000 | remap populate     0.000000 | remap mapnode       0.000000 | remap mapedge     0.000000
        L3  cache get_index  0.000862 | cache copy_index   0.000000 | cache extract_miss  0.000000
        L3  cache copy_miss  0.000000 | cache combine_miss 0.073075 | cache combine cache 0.002924 | cache combine remote 0.000000
        L3  label extract  0.000399
    [Init Profiler Level 1]
        L1  init     7.5328 | sampler init     0.0000 | trainer init 55.2468
    [Init Profiler Level 2]
        L2  load ds         7.5280 | init queue           4.2008
        L2  presample       0.0000 | build interal ds     2.1524
        L2  build cache    48.8881
    [Init Profiler Level 3]
        L3  load dataset: mmap     7.5280 | copy         0.0000
        L3  dist queue: alloc      0.0018 | pin          4.1990 | push     0.0000
        L3  presample: init        0.0000
        L3  presample: sample      0.0000 | copy         0.0000
        L3  presample: count       0.0000 | sort         0.0000
        L3  presample: reset       0.0000 | get rank     0.0000
        L3  internal: cuda ctx     2.1523 | cuda stream     0.0000
|===========================================================================|
|                  PyTorch CUDA memory summary, device ID 0                 |
|---------------------------------------------------------------------------|
|            CUDA OOMs: 0            |        cudaMalloc retries: 0         |
|===========================================================================|
|        Metric         | Cur Usage  | Peak Usage | Tot Alloc  | Tot Freed  |
|---------------------------------------------------------------------------|
| Allocated memory      |   18588 KB |  730037 KB |  128357 MB |  128339 MB |
|       from large pool |   13729 KB |  728610 KB |  127606 MB |  127593 MB |
|       from small pool |    4859 KB |    6575 KB |     751 MB |     746 MB |
|---------------------------------------------------------------------------|
| Active memory         |   18589 KB |  730037 KB |  128357 MB |  128339 MB |
|       from large pool |   13729 KB |  728610 KB |  127606 MB |  127593 MB |
|       from small pool |    4860 KB |    6575 KB |     751 MB |     746 MB |
|---------------------------------------------------------------------------|
| GPU reserved memory   |  745472 KB |  745472 KB |  745472 KB |       0 B  |
|       from large pool |  737280 KB |  737280 KB |  737280 KB |       0 B  |
|       from small pool |    8192 KB |    8192 KB |    8192 KB |       0 B  |
|---------------------------------------------------------------------------|
| Non-releasable memory |   18275 KB |  645522 KB |  121133 MB |  121116 MB |
|       from large pool |   16991 KB |  643863 KB |  120172 MB |  120156 MB |
|       from small pool |    1284 KB |    3142 KB |     961 MB |     960 MB |
|---------------------------------------------------------------------------|
| Allocations           |      38    |      51    |    9363    |    9325    |
|       from large pool |       3    |      14    |    3696    |    3693    |
|       from small pool |      35    |      39    |    5667    |    5632    |
|---------------------------------------------------------------------------|
| Active allocs         |      39    |      51    |    9363    |    9324    |
|       from large pool |       3    |      14    |    3696    |    3693    |
|       from small pool |      36    |      39    |    5667    |    5631    |
|---------------------------------------------------------------------------|
| GPU reserved segments |      10    |      10    |      10    |       0    |
|       from large pool |       6    |       6    |       6    |       0    |
|       from small pool |       4    |       4    |       4    |       0    |
|---------------------------------------------------------------------------|
| Non-releasable allocs |      12    |      21    |    4235    |    4223    |
|       from large pool |       2    |       9    |    2166    |    2164    |
|       from small pool |      10    |      16    |    2069    |    2059    |
|---------------------------------------------------------------------------|
| Oversize allocations  |       0    |       0    |       0    |       0    |
|---------------------------------------------------------------------------|
| Oversize GPU segments |       0    |       0    |       0    |       0    |
|===========================================================================|

test_result:epoch_time:copy_time=1.0562
test_result:convert_time=0.0086
test_result:train_time=1.0507
test_result:epoch_time:train_total=1.0593
test_result:cache_percentage=0.2000
test_result:cache_hit_rate=1.0000
test_result:run_time=11.7737
