[2022-12-07 03:30:56.121594: W /samgraph/samgraph/common/cpu/mmap_cpu_device.cc:92] mmap allocating space 12.03 GB
[2022-12-07 03:30:56.121700: W /samgraph/samgraph/common/cpu/mmap_cpu_device.cc:97] mmap allocating space 12.03 GB done
[2022-12-07 03:31:02.994199: W /samgraph/samgraph/common/cpu/mmap_cpu_device.cc:92] mmap allocating space 52.96 GB
[2022-12-07 03:31:02.994291: W /samgraph/samgraph/common/cpu/mmap_cpu_device.cc:97] mmap allocating space 52.96 GB done
[2022-12-07 03:31:03.459619: W /samgraph/samgraph/common/cpu/mmap_cpu_device.cc:92] mmap allocating space 10.67 GB
[2022-12-07 03:31:03.459692: W /samgraph/samgraph/common/cpu/mmap_cpu_device.cc:97] mmap allocating space 10.67 GB done
/usr/lib/python3/dist-packages/requests/__init__.py:89: RequestsDependencyWarning: urllib3 (1.26.12) or chardet (3.0.4) doesn't match a supported version!
  warnings.warn("urllib3 ({}) or chardet ({}) doesn't match a supported "
[2022-12-07 03:31:04. 95544: W /samgraph/samgraph/common/dist/dist_engine.cc:662] Trainer[2] initializing...
[2022-12-07 03:31:04.157062: W /samgraph/samgraph/common/dist/dist_engine.cc:662] Trainer[0] initializing...
[2022-12-07 03:31:04.223394: W /samgraph/samgraph/common/dist/dist_engine.cc:662] Trainer[1] initializing...
[2022-12-07 03:31:04.245065: W /samgraph/samgraph/common/dist/dist_engine.cc:662] Trainer[5] initializing...
[2022-12-07 03:31:04.283298: W /samgraph/samgraph/common/dist/dist_engine.cc:662] Trainer[3] initializing...
[2022-12-07 03:31:04.334296: W /samgraph/samgraph/common/dist/dist_engine.cc:662] Trainer[4] initializing...
[2022-12-07 03:31:06.225276: W /samgraph/samgraph/common/dist/dist_engine.cc:666] Trainer[1] pin memory queue...
[2022-12-07 03:31:06.236475: W /samgraph/samgraph/common/dist/dist_engine.cc:666] Trainer[0] pin memory queue...
[2022-12-07 03:31:06.253639: W /samgraph/samgraph/common/dist/dist_engine.cc:666] Trainer[2] pin memory queue...
[2022-12-07 03:31:06.256851: W /samgraph/samgraph/common/dist/dist_engine.cc:666] Trainer[4] pin memory queue...
[2022-12-07 03:31:06.293143: W /samgraph/samgraph/common/dist/dist_engine.cc:666] Trainer[5] pin memory queue...
[2022-12-07 03:31:06.308448: W /samgraph/samgraph/common/dist/dist_engine.cc:666] Trainer[3] pin memory queue...
[2022-12-07 03:31:11.432278: E /samgraph/samgraph/common/dist/dist_engine.cc:85] Running on V100
[2022-12-07 03:31:11.432324: E /samgraph/samgraph/common/dist/dist_engine.cc:85] Running on V100
[2022-12-07 03:31:11.432374: E /samgraph/samgraph/common/dist/dist_engine.cc:85] Running on V100
[2022-12-07 03:31:11.432518: E /samgraph/samgraph/common/dist/dist_engine.cc:85] Running on V100
[2022-12-07 03:31:11.432630: W /samgraph/samgraph/common/dist/dist_engine.cc:701] Trainer[1] register host memory...
[2022-12-07 03:31:11.432700: W /samgraph/samgraph/common/dist/dist_engine.cc:701] [Trainer[3] register host memory...2022-12-07 03:31:11
.432722: W /samgraph/samgraph/common/dist/dist_engine.cc:701] Trainer[5] register host memory...
[2022-12-07 03:31:11.432770: E /samgraph/samgraph/common/dist/dist_engine.cc:85] Running on V100
[2022-12-07 03:31:11.432833: W /samgraph/samgraph/common/dist/dist_engine.cc:701] Trainer[2] register host memory...
[2022-12-07 03:31:11.432998: W /samgraph/samgraph/common/dist/dist_engine.cc:701] Trainer[0] register host memory...
[2022-12-07 03:31:11.433494: E /samgraph/samgraph/common/dist/dist_engine.cc:85] Running on V100
[2022-12-07 03:31:11.433653: W /samgraph/samgraph/common/dist/dist_engine.cc:701] Trainer[4] register host memory...
[2022-12-07 03:31:11.704897: E /samgraph/samgraph/common/dist/dist_engine.cc:85] Running on V100
[2022-12-07 03:31:11.705086: E /samgraph/samgraph/common/dist/dist_engine.cc:85] Running on V100
[2022-12-07 03:31:11.712430: W /samgraph/samgraph/common/cuda/cuda_device.cc:49] GPU[6] alloc cuda memory 423.66 MB
[2022-12-07 03:31:11.821369: W /samgraph/samgraph/common/cuda/cuda_device.cc:49] GPU[6] alloc cuda memory 12.03 GB
[2022-12-07 03:31:14.487876: W /samgraph/samgraph/common/cuda/cuda_device.cc:49] GPU[6] alloc cuda memory 128.00 MB
[2022-12-07 03:31:14.493879: E /samgraph/samgraph/common/dist/pre_sampler.cc:41] Dist Presampler making shuffler...
[2022-12-07 03:31:14.498334: E /samgraph/samgraph/common/dist/pre_sampler.cc:44] Dist Presampler making shuffler...Done
[2022-12-07 03:31:14.498386: W /samgraph/samgraph/common/cpu/cpu_device.cc:39] WORKER[0] alloc host memory 847.32 MB
[2022-12-07 03:31:14.869913: E /samgraph/samgraph/common/dist/pre_sampler.cc:85] Dist Presampler doing presample epoch 0
[2022-12-07 03:31:17.118957: E /samgraph/samgraph/common/dist/pre_sampler.cc:129] presample spend 0.906065 on sample, 0.0588418 on copy, 1.28218 on count
[2022-12-07 03:31:17.119050: E /samgraph/samgraph/common/dist/pre_sampler.cc:85] Dist Presampler doing presample epoch 1
[2022-12-07 03:31:19.355723: E /samgraph/samgraph/common/dist/pre_sampler.cc:129] presample spend 1.80701 on sample, 0.114774 on copy, 2.56014 on count
[2022-12-07 03:31:19.355846: E /samgraph/samgraph/common/dist/pre_sampler.cc:136] max_num_inputs = 1120886, min_num_inputs = 1086954
[2022-12-07 03:31:19.663170: E /samgraph/samgraph/common/dist/pre_sampler.cc:148] presample spend 0.307233 on sort freq.
[2022-12-07 03:31:20. 62946: E /samgraph/samgraph/common/dist/dist_engine.cc:524] pre sample done, delete it
[[[2022-12-07 03:31:20[[[2022-12-07 03:31:202022-12-07 03:31:20.2022-12-07 03:31:202022-12-07 03:31:202022-12-07 03:31:20.. 90311... 90309 90309:  90344 90342 90324: : W: : : WW WWW  /samgraph/samgraph/common/dist/dist_engine.cc   /samgraph/samgraph/common/dist/dist_engine.cc/samgraph/samgraph/common/dist/dist_engine.cc:/samgraph/samgraph/common/dist/dist_engine.cc/samgraph/samgraph/common/dist/dist_engine.cc/samgraph/samgraph/common/dist/dist_engine.cc::711:::711711] 711711711] ] Trainer[2] building cache...] ] ] Trainer[5] building cache...Trainer[1] building cache...Trainer[3] building cache...
Trainer[4] building cache...Trainer[0] building cache...




[2022-12-07 03:31:20. 94407: E /samgraph/3rdparty/collcachelib/coll_cache_lib/coll_cache/asymm_link_desc.cc:196] build asymm link desc with 6X Tesla V100-SXM2-32GB out of 8
[[2022-12-07 03:31:202022-12-07 03:31:20.. 94451 94462: : EE  /samgraph/3rdparty/collcachelib/coll_cache_lib/coll_cache/asymm_link_desc.cc/samgraph/3rdparty/collcachelib/coll_cache_lib/coll_cache/asymm_link_desc.cc::196197] ] build asymm link desc with 6X Tesla V100-SXM2-32GB out of 8remote time is 8.68421

[2022-12-07 03:31:20[.[2022-12-07 03:31:20 945042022-12-07 03:31:20.: . 94521E 94525[:  : 2022-12-07 03:31:20E[/samgraph/3rdparty/collcachelib/coll_cache_lib/coll_cache/asymm_link_desc.ccE. 2022-12-07 03:31:20:  94548/samgraph/3rdparty/collcachelib/coll_cache_lib/coll_cache/asymm_link_desc.cc.196/samgraph/3rdparty/collcachelib/coll_cache_lib/coll_cache/asymm_link_desc.cc: [: 94596] :E2022-12-07 03:31:20198: build asymm link desc with 6X Tesla V100-SXM2-32GB out of 8197 .] E
] /samgraph/3rdparty/collcachelib/coll_cache_lib/coll_cache/asymm_link_desc.cc 94634cpu time is 30[ remote time is 8.68421:: 
2022-12-07 03:31:20/samgraph/3rdparty/collcachelib/coll_cache_lib/coll_cache/asymm_link_desc.cc
196E.:]   94730[196build asymm link desc with 6X Tesla V100-SXM2-32GB out of 8/samgraph/3rdparty/collcachelib/coll_cache_lib/coll_cache/asymm_link_desc.cc: 2022-12-07 03:31:20] 
:E.build asymm link desc with 6X Tesla V100-SXM2-32GB out of 8196  94770
[] /samgraph/3rdparty/collcachelib/coll_cache_lib/coll_cache/asymm_link_desc.cc: 2022-12-07 03:31:20build asymm link desc with 6X Tesla V100-SXM2-32GB out of 8:E[.
197 2022-12-07 03:31:20 94815] /samgraph/3rdparty/collcachelib/coll_cache_lib/coll_cache/asymm_link_desc.cc.[: remote time is 8.68421: 948392022-12-07 03:31:20E
198: . ] [E 94869/samgraph/3rdparty/collcachelib/coll_cache_lib/coll_cache/asymm_link_desc.cccpu time is 302022-12-07 03:31:20 : :
./samgraph/3rdparty/collcachelib/coll_cache_lib/coll_cache/asymm_link_desc.ccE197 94908: ] : 197/samgraph/3rdparty/collcachelib/coll_cache_lib/coll_cache/asymm_link_desc.ccremote time is 8.68421E] :
 remote time is 8.68421197/samgraph/3rdparty/collcachelib/coll_cache_lib/coll_cache/asymm_link_desc.cc
] [:remote time is 8.684212022-12-07 03:31:20[198
.2022-12-07 03:31:20]  94983.cpu time is 30[:  95003
2022-12-07 03:31:20E: . E 95018/samgraph/3rdparty/collcachelib/coll_cache_lib/coll_cache/asymm_link_desc.cc : :/samgraph/3rdparty/collcachelib/coll_cache_lib/coll_cache/asymm_link_desc.ccE198: ] 198/samgraph/3rdparty/collcachelib/coll_cache_lib/coll_cache/asymm_link_desc.cccpu time is 30] :
cpu time is 30198
] cpu time is 30
[2022-12-07 03:31:43.656636: E /samgraph/3rdparty/collcachelib/coll_cache_lib/facade.cc:115] solver created. now build & solve
[2022-12-07 03:31:43.703023: E /samgraph/3rdparty/collcachelib/coll_cache_lib/facade.cc:120] solver built. now solve
block 0 storage is 00001001
	access is	0	0	0	3	3	3	
block 1 storage is 00010010
	access is	1	1	1	4	4	4	
block 2 storage is 00100100
	access is	2	2	2	5	5	5	
block 3 storage is 00000000
	access is	6	6	6	6	6	6	
[2022-12-07 03:31:44.713489: E /samgraph/3rdparty/collcachelib/coll_cache_lib/facade.cc:124] solver solved
[2022-12-07 03:31:44.713571: E /samgraph/3rdparty/collcachelib/coll_cache_lib/facade.cc:187] 0 solved master
[2022-12-07 03:31:44.713625: E /samgraph/3rdparty/collcachelib/coll_cache_lib/facade.cc:194] 0 solved
[2022-12-07 03:31:44.713655: E /samgraph/3rdparty/collcachelib/coll_cache_lib/facade.cc:197] worker 0 thread 0 initing device 0
[2022-12-07 03:31:44.715003: E /samgraph/3rdparty/collcachelib/coll_cache_lib/cache_context.cu:1762] Building Coll Cache with ... num gpu device is 6
[2022-12-07 03:31:44.733864: E /samgraph/3rdparty/collcachelib/coll_cache_lib/facade.cc:194] 3 solved
[2022-12-07 03:31:44.733936: E /samgraph/3rdparty/collcachelib/coll_cache_lib/facade.cc:197] worker 3 thread 3 initing device 3
[2022-12-07 03:31:44.733963: E /samgraph/3rdparty/collcachelib/coll_cache_lib/facade.cc:194] 4 solved
[2022-12-07 03:31:44.734023: E /samgraph/3rdparty/collcachelib/coll_cache_lib/facade.cc:197] worker 4 thread 4 initing device 4
[2022-12-07 03:31:44.735131: E /samgraph/3rdparty/collcachelib/coll_cache_lib/facade.cc:194] 5 solved
[2022-12-07 03:31:44.735189: E /samgraph/3rdparty/collcachelib/coll_cache_lib/facade.cc:197] worker 5 thread 5 initing device 5
[2022-12-07 03:31:44.735609: E /samgraph/3rdparty/collcachelib/coll_cache_lib/cache_context.cu:1762] Building Coll Cache with ... num gpu device is 6
[2022-12-07 03:31:44.735707: E /samgraph/3rdparty/collcachelib/coll_cache_lib/cache_context.cu:1762] Building Coll Cache with ... num gpu device is 6
[2022-12-07 03:31:44.737470: E /samgraph/3rdparty/collcachelib/coll_cache_lib/cache_context.cu:1762] Building Coll Cache with ... num gpu device is 6
[2022-12-07 03:31:44.738029: E /samgraph/3rdparty/collcachelib/coll_cache_lib/facade.cc:194] 1 solved
[2022-12-07 03:31:44.738084: E /samgraph/3rdparty/collcachelib/coll_cache_lib/facade.cc:197] worker 1 thread 1 initing device 1
[2022-12-07 03:31:44.738107: E /samgraph/3rdparty/collcachelib/coll_cache_lib/facade.cc:194] 2 solved
[2022-12-07 03:31:44.738162: E /samgraph/3rdparty/collcachelib/coll_cache_lib/facade.cc:197] worker 2 thread 2 initing device 2
[2022-12-07 03:31:44.740246: E /samgraph/3rdparty/collcachelib/coll_cache_lib/cache_context.cu:1762] Building Coll Cache with ... num gpu device is 6
[2022-12-07 03:31:44.740795: E /samgraph/3rdparty/collcachelib/coll_cache_lib/cache_context.cu:1762] Building Coll Cache with ... num gpu device is 6
[2022-12-07 03:31:44.810114: W /samgraph/3rdparty/collcachelib/coll_cache_lib/cpu/cpu_device.cc:39] WORKER[0] alloc host memory 42.37 MB
[[[[[[2022-12-07 03:31:452022-12-07 03:31:452022-12-07 03:31:452022-12-07 03:31:452022-12-07 03:31:452022-12-07 03:31:45......840618840614840614840614840619840614: : : : : : EEEEEE      /samgraph/3rdparty/collcachelib/coll_cache_lib/cache_context.cu/samgraph/3rdparty/collcachelib/coll_cache_lib/cache_context.cu/samgraph/3rdparty/collcachelib/coll_cache_lib/cache_context.cu/samgraph/3rdparty/collcachelib/coll_cache_lib/cache_context.cu/samgraph/3rdparty/collcachelib/coll_cache_lib/cache_context.cu/samgraph/3rdparty/collcachelib/coll_cache_lib/cache_context.cu::::::187118711871187118711871] ] ] ] ] ] Device 5 init p2p of link 0Device 3 init p2p of link 4Device 2 init p2p of link 1Device 1 init p2p of link 0Device 0 init p2p of link 1Device 4 init p2p of link 3





[2022-12-07 03:31:45.853264: E /samgraph/3rdparty/collcachelib/coll_cache_lib/cache_context.cu:1871] Device 5 init p2p of link 3
[2022-12-07 03:31:45.860873: E /samgraph/3rdparty/collcachelib/coll_cache_lib/cache_context.cu:1871] Device 2 init p2p of link 0
[2022-12-07 03:31:45.862171: E /samgraph/3rdparty/collcachelib/coll_cache_lib/cache_context.cu:1871] Device 1 init p2p of link 2
[2022-12-07 03:31:45.862603: E /samgraph/3rdparty/collcachelib/coll_cache_lib/cache_context.cu:1871] Device 3 init p2p of link 5
[2022-12-07 03:31:45.862955: E /samgraph/3rdparty/collcachelib/coll_cache_lib/cache_context.cu:1871] Device 4 init p2p of link 2
[2022-12-07 03:31:45.863386: E /samgraph/3rdparty/collcachelib/coll_cache_lib/cache_context.cu:1871] Device 0 init p2p of link 5
[2022-12-07 03:31:45.865052: E /samgraph/3rdparty/collcachelib/coll_cache_lib/cache_context.cu:1871] Device 5 init p2p of link 4
[2022-12-07 03:31:45.874932: E /samgraph/3rdparty/collcachelib/coll_cache_lib/cache_context.cu:1871] Device 4 init p2p of link 5
[2022-12-07 03:31:45.875164: E /samgraph/3rdparty/collcachelib/coll_cache_lib/cache_context.cu:1871] Device 0 init p2p of link 2
[2022-12-07 03:31:45.877530: E /samgraph/3rdparty/collcachelib/coll_cache_lib/cache_context.cu:1871] Device 2 init p2p of link 4
[2022-12-07 03:31:45.878434: E /samgraph/3rdparty/collcachelib/coll_cache_lib/cache_context.cu:1871] Device 1 init p2p of link 3
[2022-12-07 03:31:45.879997: E /samgraph/3rdparty/collcachelib/coll_cache_lib/cache_context.cu:1871] Device 3 init p2p of link 1
[2022-12-07 03:31:45.888647: E /samgraph/3rdparty/collcachelib/coll_cache_lib/cache_context.cu:1900] Asymm Coll cache (policy: clique_part) | local 11105995 / 111059956 nodes ( 10.00 %~10.00 %) | remote 22211990 / 111059956 nodes ( 20.00 %) | cpu 77741971 / 111059956 nodes ( 70.00 %) | 5.30 GB | 1.14781 secs 
[2022-12-07 03:31:45.889595: E /samgraph/3rdparty/collcachelib/coll_cache_lib/cache_context.cu:1900] Asymm Coll cache (policy: clique_part) | local 11105995 / 111059956 nodes ( 10.00 %~10.00 %) | remote 22211990 / 111059956 nodes ( 20.00 %) | cpu 77741971 / 111059956 nodes ( 70.00 %) | 5.30 GB | 1.1493 secs 
[2022-12-07 03:31:45.890356: E /samgraph/3rdparty/collcachelib/coll_cache_lib/cache_context.cu:1900] Asymm Coll cache (policy: clique_part) | local 11105995 / 111059956 nodes ( 10.00 %~10.00 %) | remote 22211990 / 111059956 nodes ( 20.00 %) | cpu 77741971 / 111059956 nodes ( 70.00 %) | 5.30 GB | 1.1547 secs 
[2022-12-07 03:31:45.890888: E /samgraph/3rdparty/collcachelib/coll_cache_lib/cache_context.cu:1900] Asymm Coll cache (policy: clique_part) | local 11105995 / 111059956 nodes ( 10.00 %~10.00 %) | remote 22211990 / 111059956 nodes ( 20.00 %) | cpu 77741971 / 111059956 nodes ( 70.00 %) | 5.30 GB | 1.15337 secs 
[2022-12-07 03:31:45.894977: E /samgraph/3rdparty/collcachelib/coll_cache_lib/cache_context.cu:1900] Asymm Coll cache (policy: clique_part) | local 11105995 / 111059956 nodes ( 10.00 %~10.00 %) | remote 22211990 / 111059956 nodes ( 20.00 %) | cpu 77741971 / 111059956 nodes ( 70.00 %) | 5.30 GB | 1.17993 secs 
[2022-12-07 03:31:45.895638: E /samgraph/3rdparty/collcachelib/coll_cache_lib/cache_context.cu:1900] Asymm Coll cache (policy: clique_part) | local 11105995 / 111059956 nodes ( 10.00 %~10.00 %) | remote 22211990 / 111059956 nodes ( 20.00 %) | cpu 77741971 / 111059956 nodes ( 70.00 %) | 5.30 GB | 1.15989 secs 
[2022-12-07 03:31:45.899058: E /samgraph/3rdparty/collcachelib/coll_cache_lib/coll_cache/asymm_link_desc.cc:196] build asymm link desc with 6X Tesla V100-SXM2-32GB out of 8
[2022-12-07 03:31:45.899106: [E2022-12-07 03:31:45 ./samgraph/3rdparty/collcachelib/coll_cache_lib/coll_cache/asymm_link_desc.cc899102:: 197E]  remote time is 8.68421/samgraph/3rdparty/collcachelib/coll_cache_lib/coll_cache/asymm_link_desc.cc
:196] build asymm link desc with 6X Tesla V100-SXM2-32GB out of 8[[
2022-12-07 03:31:452022-12-07 03:31:45..899151899147: [: E2022-12-07 03:31:45E . /samgraph/3rdparty/collcachelib/coll_cache_lib/coll_cache/asymm_link_desc.cc899177/samgraph/3rdparty/collcachelib/coll_cache_lib/coll_cache/asymm_link_desc.cc:: :198E196]  ] cpu time is 30[/samgraph/3rdparty/collcachelib/coll_cache_lib/coll_cache/asymm_link_desc.ccbuild asymm link desc with 6X Tesla V100-SXM2-32GB out of 8
2022-12-07 03:31:45:
.197899196] : remote time is 8.68421E[
 2022-12-07 03:31:45/samgraph/3rdparty/collcachelib/coll_cache_lib/coll_cache/asymm_link_desc.cc.[:[8992442022-12-07 03:31:451962022-12-07 03:31:45: .] .E899257build asymm link desc with 6X Tesla V100-SXM2-32GB out of 8899242 : [
: /samgraph/3rdparty/collcachelib/coll_cache_lib/coll_cache/asymm_link_desc.ccE2022-12-07 03:31:45E: [. 197/samgraph/3rdparty/collcachelib/coll_cache_lib/coll_cache/asymm_link_desc.cc2022-12-07 03:31:45899286/samgraph/3rdparty/collcachelib/coll_cache_lib/coll_cache/asymm_link_desc.cc] :.: :remote time is 8.68421198899333E196
] :  ] cpu time is 30[E/samgraph/3rdparty/collcachelib/coll_cache_lib/coll_cache/asymm_link_desc.ccbuild asymm link desc with 6X Tesla V100-SXM2-32GB out of 8
2022-12-07 03:31:45 :
./samgraph/3rdparty/collcachelib/coll_cache_lib/coll_cache/asymm_link_desc.cc196899408:[] : 1972022-12-07 03:31:45build asymm link desc with 6X Tesla V100-SXM2-32GB out of 8E] .
 remote time is 8.68421899453/samgraph/3rdparty/collcachelib/coll_cache_lib/coll_cache/asymm_link_desc.cc
[: :2022-12-07 03:31:45[E198] .899503: 2022-12-07 03:31:45 cpu time is 30E./samgraph/3rdparty/collcachelib/coll_cache_lib/coll_cache/asymm_link_desc.cc
 899515:/samgraph/3rdparty/collcachelib/coll_cache_lib/coll_cache/asymm_link_desc.cc: 197:E] 197 remote time is 8.68421] /samgraph/3rdparty/collcachelib/coll_cache_lib/coll_cache/asymm_link_desc.cc
remote time is 8.68421:
198[] 2022-12-07 03:31:45[cpu time is 30.2022-12-07 03:31:45
899638.: 899647E:  E/samgraph/3rdparty/collcachelib/coll_cache_lib/coll_cache/asymm_link_desc.cc :/samgraph/3rdparty/collcachelib/coll_cache_lib/coll_cache/asymm_link_desc.cc198:] 198cpu time is 30] 
cpu time is 30
[2022-12-07 03:31:46. 71774: E /samgraph/3rdparty/collcachelib/coll_cache_lib/facade.cc:115] solver created. now build & solve
[2022-12-07 03:31:46. 90957: E /samgraph/3rdparty/collcachelib/coll_cache_lib/facade.cc:120] solver built. now solve
block 0 storage is 00001001
	access is	0	0	0	3	3	3	
block 1 storage is 00010010
	access is	1	1	1	4	4	4	
block 2 storage is 00100100
	access is	2	2	2	5	5	5	
block 3 storage is 00000000
	access is	6	6	6	6	6	6	
[2022-12-07 03:31:47. 64796: E /samgraph/3rdparty/collcachelib/coll_cache_lib/facade.cc:124] solver solved
[2022-12-07 03:31:47. 64852: E /samgraph/3rdparty/collcachelib/coll_cache_lib/facade.cc:187] 0 solved master
[2022-12-07 03:31:47. 64879: E /samgraph/3rdparty/collcachelib/coll_cache_lib/facade.cc:194] 0 solved
[2022-12-07 03:31:47. 64906: E /samgraph/3rdparty/collcachelib/coll_cache_lib/facade.cc:197] worker 0 thread 0 initing device 0
[2022-12-07 03:31:47. 84607: E /samgraph/3rdparty/collcachelib/coll_cache_lib/facade.cc:194] 2 solved
[2022-12-07 03:31:47. 84663: E /samgraph/3rdparty/collcachelib/coll_cache_lib/facade.cc:197] worker 2 thread 2 initing device 2
[2022-12-07 03:31:47. 84766[: 2022-12-07 03:31:47E.  84778/samgraph/3rdparty/collcachelib/coll_cache_lib/facade.cc: :E194 ] /samgraph/3rdparty/collcachelib/coll_cache_lib/facade.cc4 solved:
194] 1 solved
[2022-12-07 03:31:47. 84836[: 2022-12-07 03:31:47E.  84843/samgraph/3rdparty/collcachelib/coll_cache_lib/facade.cc: :E197 ] /samgraph/3rdparty/collcachelib/coll_cache_lib/facade.ccworker 4 thread 4 initing device 4:
197] worker 1 thread 1 initing device 1
[2022-12-07 03:31:47. 92875: E /samgraph/3rdparty/collcachelib/coll_cache_lib/facade.cc:194] 5 solved
[2022-12-07 03:31:47. 92941: E /samgraph/3rdparty/collcachelib/coll_cache_lib/facade.cc:197] worker 5 thread 5 initing device 5
[2022-12-07 03:31:47. 93017: E /samgraph/3rdparty/collcachelib/coll_cache_lib/facade.cc:194] 3 solved
[2022-12-07 03:31:47. 93071: E /samgraph/3rdparty/collcachelib/coll_cache_lib/facade.cc:197] worker 3 thread 3 initing device 3
[2022-12-07 03:31:48.918960: W /samgraph/samgraph/common/cuda/cuda_device.cc:49] GPU[0] alloc cuda memory 575.34 MB
[2022-12-07 03:31:50.264830: W /samgraph/samgraph/common/cuda/cuda_device.cc:49] GPU[0] alloc cuda memory 575.34 MB
/usr/local/lib/python3.8/dist-packages/torch/nn/parallel/scatter_gather.py:9: UserWarning: is_namedtuple is deprecated, please use the python checks instead
  warnings.warn("is_namedtuple is deprecated, please use the python checks instead")
/usr/local/lib/python3.8/dist-packages/torch/nn/parallel/scatter_gather.py:9: UserWarning: is_namedtuple is deprecated, please use the python checks instead
  warnings.warn("is_namedtuple is deprecated, please use the python checks instead")
/usr/local/lib/python3.8/dist-packages/torch/nn/parallel/scatter_gather.py:9: UserWarning: is_namedtuple is deprecated, please use the python checks instead
  warnings.warn("is_namedtuple is deprecated, please use the python checks instead")
/usr/local/lib/python3.8/dist-packages/torch/nn/parallel/scatter_gather.py:9: UserWarning: is_namedtuple is deprecated, please use the python checks instead
  warnings.warn("is_namedtuple is deprecated, please use the python checks instead")
/usr/local/lib/python3.8/dist-packages/torch/nn/parallel/scatter_gather.py:9: UserWarning: is_namedtuple is deprecated, please use the python checks instead
  warnings.warn("is_namedtuple is deprecated, please use the python checks instead")
/usr/local/lib/python3.8/dist-packages/torch/nn/parallel/scatter_gather.py:9: UserWarning: is_namedtuple is deprecated, please use the python checks instead
  warnings.warn("is_namedtuple is deprecated, please use the python checks instead")
