config:eval_tsp="2022-12-09 04:49:48"
config:arch=arch5
config:num_train_worker=6
config:num_sample_worker=2
config:sample_type=khop2
config:root_path=/nvme/samgraph/
config:dataset=mag240m-homo
config:pipeline=False
config:cache_policy=coll_cache_asymm_link
config:cache_percentage=0.06
config:num_epoch=4
config:batch_size=8000
config:num_hidden=256
config:max_sampling_jobs=1
config:max_copying_jobs=1
config:barriered_epoch=1
config:presample_epoch=2
config:omp_thread_num=6
config:unsupervised=False
config:amp=True
config:rolling=0
config:fanout=[25, 10]
config:lr=0.003
config:dropout=0.5
config:single_gpu=False
config:max_num_step=100000
config:validate_configs=False
config:report_acc=0
config:dataset_path=/nvme/samgraph/mag240m-homo
config:torch_thread_num=8
config:train_workers=['cuda:0', 'cuda:1', 'cuda:2', 'cuda:3', 'cuda:4', 'cuda:5']
config:sample_workers=['cuda:6', 'cuda:7']
config:num_fanout=2
config:num_layer=2
config:_run_mode=RunMode.FGNN
config:_log_level=warn
config:_profile_level=3
config:_empty_feat=25
config:_arch=5
config:_sample_type=5
config:_cache_policy=13
test_result:init:input_scale_factor=1.1
Set parameter WLSAccessID
Set parameter WLSSecret
Set parameter LicenseID
Set parameter TimeLimit to value 200
Set parameter MIPGap to value 0.05
Set parameter GomoryPasses to value 0
Set parameter Aggregate to value 0
Set parameter LogFile to value "cppsolver.log"
Set parameter Threads to value 12
Academic license - for non-commercial use only - registered to xiaoniu.sxn@sjtu.edu.cn
Gurobi Optimizer version 9.5.2 build v9.5.2rc0 (linux64)
Thread count: 48 physical cores, 96 logical processors, using up to 12 threads
Academic license - for non-commercial use only - registered to xiaoniu.sxn@sjtu.edu.cn
Optimize a model with 115404 rows, 25307 columns and 285420 nonzeros
Model fingerprint: 0x3969df3b
Variable types: 7 continuous, 25300 integer (25300 binary)
Coefficient statistics:
  Matrix range     [9e-04, 7e+02]
  Objective range  [1e+00, 1e+00]
  Bounds range     [1e+00, 1e+00]
  RHS range        [1e+00, 2e+02]
Presolve removed 91085 rows and 0 columns
Presolve time: 0.29s
Presolved: 24319 rows, 25307 columns, 98195 nonzeros
Variable types: 7 continuous, 25300 integer (25300 binary)
Found heuristic solution: objective 626.6203825

Root simplex log...

Iteration    Objective       Primal Inf.    Dual Inf.      Time
   34949    3.0913624e+02   6.950523e+03   0.000000e+00      5s
   41265    3.1110655e+02   0.000000e+00   0.000000e+00      8s

Root relaxation: objective 3.111066e+02, 41265 iterations, 7.14 seconds (8.04 work units)
Total elapsed time = 10.02s

    Nodes    |    Current Node    |     Objective Bounds      |     Work
 Expl Unexpl |  Obj  Depth IntInf | Incumbent    BestBd   Gap | It/Node Time

     0     0  311.10655    0 5277  626.62038  311.10655  50.4%     -   11s
H    0     0                     320.0854284  311.10655  2.81%     -   11s

Explored 1 nodes (57965 simplex iterations) in 11.60 seconds (13.12 work units)
Thread count was 12 (of 96 available processors)

Solution count 2: 320.085 626.62 

Optimal solution found (tolerance 5.00e-02)
Best objective 3.200854284214e+02, best bound 3.111065531923e+02, gap 2.8051%
coll_cache:optimal_local_rate=0.583905,0.46512,0.573342,0.354306,0.65916,0.490551,
coll_cache:optimal_remote_rate=0.408975,0.527759,0.419538,0.638573,0.333719,0.502329,
coll_cache:optimal_cpu_rate=0.00712068,0.00712068,0.00712068,0.00712068,0.00712068,0.00712068,
z=320.085
test_result:init:feat_nbytes=375030526464
test_result:init:cache_nbytes=22481341440
test_result:init:feat_nbytes=375030526464
test_result:init:cache_nbytes=22538465280
test_result:init:feat_nbytes=375030526464
test_result:init:cache_nbytes=22345486848
test_result:init:feat_nbytes=375030526464
test_result:init:cache_nbytes=22082915328
test_result:init:feat_nbytes=375030526464
test_result:init:cache_nbytes=22166848512
test_result:init:feat_nbytes=375030526464
test_result:init:cache_nbytes=22424199168
test_result:init:cache_nbytes=0
test_result:init:cache_nbytes=0
test_result:init:cache_nbytes=0
test_result:init:cache_nbytes=0
test_result:init:cache_nbytes=0
test_result:init:cache_nbytes=0
[Train  Worker 0/6] Started with PID 18641(Tesla V100-SXM2-32GB)
[Train  Worker 0] run train for 4 epochs with 144 steps
Epoch 00000 | Epoch Time 2.4897 | Total Train Time(Profiler) 2.1129 | Copy Time 0.3736
Epoch 00001 | Epoch Time 0.9644 | Total Train Time(Profiler) 0.6402 | Copy Time 0.3218
Epoch 00002 | Epoch Time 0.9653 | Total Train Time(Profiler) 0.6393 | Copy Time 0.3236
Epoch 00003 | Epoch Time 0.9660 | Total Train Time(Profiler) 0.6421 | Copy Time 0.3214
[Train  Worker 0] Avg Epoch Time 0.9652 | Train Total Time(Profiler) 0.6405 | Copy Time 0.3223
[Train  Worker 5/6] Started with PID 18656(Tesla V100-SXM2-32GB)
[Train  Worker 5] run train for 4 epochs with 144 steps
[Train  Worker 5] Avg Epoch Time 0.9652 | Train Total Time(Profiler) 0.6189 | Copy Time 0.3428
[Train  Worker 3/6] Started with PID 18650(Tesla V100-SXM2-32GB)
[Train  Worker 3] run train for 4 epochs with 144 steps
[Train  Worker 3] Avg Epoch Time 0.9652 | Train Total Time(Profiler) 0.5828 | Copy Time 0.3801
[Train  Worker 1/6] Started with PID 18643(Tesla V100-SXM2-32GB)
[Train  Worker 1] run train for 4 epochs with 144 steps
[Train  Worker 1] Avg Epoch Time 0.9652 | Train Total Time(Profiler) 0.5998 | Copy Time 0.3630
[Train  Worker 4/6] Started with PID 18653(Tesla V100-SXM2-32GB)
[Train  Worker 4] run train for 4 epochs with 144 steps
[Train  Worker 4] Avg Epoch Time 0.9653 | Train Total Time(Profiler) 0.6029 | Copy Time 0.3595
[Train  Worker 2/6] Started with PID 18647(Tesla V100-SXM2-32GB)
[Train  Worker 2] run train for 4 epochs with 144 steps
[Train  Worker 2] Avg Epoch Time 0.9652 | Train Total Time(Profiler) 0.5785 | Copy Time 0.3843
    [Step(average) Profiler Level 1 E3 S71]
        L1  sample           0.005245 | send           0.001305
        L1  recv             0.000000 | copy           0.000000 | convert time 0.000000 | train  0.000000
        L1  feature nbytes 0.00 Bytes | label nbytes 0.00 Bytes
        L1  id nbytes      0.00 Bytes | graph nbytes 0.00 Bytes
        L1  miss nbytes    0.00 Bytes | remote nbytes 0.00 Bytes
        L1  num nodes         1052589 | num samples     1460223
    [Step(average) Profiler Level 2 E3 S71]
        L2  shuffle     0.000504 | core sample  0.001630 | id remap        0.002998
        L2  graph copy  0.000000 | id copy      0.000000 | cache feat copy 0.000000
        L2  last layer sample time 0.000338 | size 65751.097222
    [Step(average) Profiler Level 3 E3 S71]
        L3  khop sample coo  0.001323 | khop sort coo      0.000000 | khop count edge     0.000043 | khop compact edge 0.000222
        L3  walk sample coo  0.000000 | walk topk total    0.000000 | walk topk step1     0.000000 | walk topk step2   0.000000
        L3  walk topk step3  0.000000 | walk topk step4    0.000000 | walk topk step5     0.000000
        L3  walk topk step6  0.000000 | walk topk step7    0.000000
        L3  remap unique     0.000000 | remap populate     0.002473 | remap mapnode       0.000000 | remap mapedge     0.000524
        L3  cache get_index  0.000000 | cache copy_index   0.000000 | cache extract_miss  0.000000
        L3  cache copy_miss  0.000000 | cache combine_miss 0.000000 | cache combine cache 0.000000 | cache combine remote 0.000000
        L3  label extract  0.000000
[Sample Worker 1/2] Started with PID 18639(Tesla V100-SXM2-32GB)
[Sample Worker 1] run sample for 4 epochs with 72 steps
[Sample Worker 1] Avg Sample Total Time 0.4715 | Sampler Total Time(Profiler) 0.4705
    [Init Profiler Level 1]
        L1  init     7.5493 | sampler init    16.7108 | trainer init 0.0000
    [Init Profiler Level 2]
        L2  load ds        10.5828 | init queue           5.1844
        L2  presample       6.0799 | build interal ds     2.4092
        L2  build cache     0.0000
    [Init Profiler Level 3]
        L3  load dataset: mmap     7.5446 | copy         3.0382
        L3  dist queue: alloc      0.0018 | pin          5.1827 | push     0.0000
        L3  presample: init        0.8087
        L3  presample: sample      1.4113 | copy         0.1019
        L3  presample: count       2.3102 | sort         0.5158
        L3  presample: reset       0.0007 | get rank     0.0524
        L3  internal: cuda ctx     2.1365 | cuda stream     0.2660
[Sample Worker 0/2] Started with PID 18638(Tesla V100-SXM2-32GB)
[Sample Worker 0] run sample for 4 epochs with 72 steps
[Sample Worker 0] Avg Sample Total Time 0.4732 | Sampler Total Time(Profiler) 0.4716
test_result:sample_time=0.3777
test_result:get_cache_miss_index_time=0.0000
test_result:enqueue_samples_time=0.0939
test_result:epoch_time:sample_total=0.4732
[CUDA] cuda0: usage: 30.77 GB
[SAM] cuda0 data alloc        : 0.00 Bytes
[SAM] cuda0 workspace         : 3.32 GB
[SAM] cuda0 workspace reserve : 1.65 GB
[SAM] cuda0 total             : 3.32 GB
    [Step(average) Profiler Level 1 E3 S143]
        L1  sample           0.000000 | send           0.000000
        L1  recv             0.002384 | copy           0.014943 | convert time 0.000418 | train  0.024748
        L1  feature nbytes    1.51 GB | label nbytes   62.50 KB
        L1  id nbytes      0.00 Bytes | graph nbytes 0.00 Bytes
        L1  miss nbytes      28.81 MB | remote nbytes  718.48 MB
        L1  num nodes               0 | num samples           0
    [Step(average) Profiler Level 2 E3 S143]
        L2  shuffle     0.000000 | core sample  0.000000 | id remap        0.000000
        L2  graph copy  0.000004 | id copy      0.000000 | cache feat copy 0.012554
        L2  last layer sample time 0.000000 | size 0.000000
    [Step(average) Profiler Level 3 E3 S143]
        L3  khop sample coo  0.000000 | khop sort coo      0.000000 | khop count edge     0.000000 | khop compact edge 0.000000
        L3  walk sample coo  0.000000 | walk topk total    0.000000 | walk topk step1     0.000000 | walk topk step2   0.000000
        L3  walk topk step3  0.000000 | walk topk step4    0.000000 | walk topk step5     0.000000
        L3  walk topk step6  0.000000 | walk topk step7    0.000000
        L3  remap unique     0.000000 | remap populate     0.000000 | remap mapnode       0.000000 | remap mapedge     0.000000
        L3  cache get_index  0.000766 | cache copy_index   0.000000 | cache extract_miss  0.000000
        L3  cache copy_miss  0.000000 | cache combine_miss 0.006727 | cache combine cache 0.002901 | cache combine remote 0.008488
        L3  label extract  0.000387
    [Init Profiler Level 1]
        L1  init     7.5493 | sampler init     0.0000 | trainer init 99.7697
    [Init Profiler Level 2]
        L2  load ds         7.5446 | init queue           4.9977
        L2  presample       0.0000 | build interal ds     2.1048
        L2  build cache    92.6625
    [Init Profiler Level 3]
        L3  load dataset: mmap     7.5446 | copy         0.0000
        L3  dist queue: alloc      0.0018 | pin          4.9959 | push     0.0000
        L3  presample: init        0.0000
        L3  presample: sample      0.0000 | copy         0.0000
        L3  presample: count       0.0000 | sort         0.0000
        L3  presample: reset       0.0000 | get rank     0.0000
        L3  internal: cuda ctx     2.1047 | cuda stream     0.0001
|===========================================================================|
|                  PyTorch CUDA memory summary, device ID 0                 |
|---------------------------------------------------------------------------|
|            CUDA OOMs: 0            |        cudaMalloc retries: 0         |
|===========================================================================|
|        Metric         | Cur Usage  | Peak Usage | Tot Alloc  | Tot Freed  |
|---------------------------------------------------------------------------|
| Allocated memory      |   41884 KB |  725419 KB |  204873 MB |  204832 MB |
|       from large pool |   32241 KB |  722386 KB |  203435 MB |  203404 MB |
|       from small pool |    9643 KB |   11953 KB |    1437 MB |    1428 MB |
|---------------------------------------------------------------------------|
| Active memory         |   41885 KB |  725419 KB |  204873 MB |  204832 MB |
|       from large pool |   32241 KB |  722386 KB |  203435 MB |  203404 MB |
|       from small pool |    9643 KB |   11953 KB |    1437 MB |    1428 MB |
|---------------------------------------------------------------------------|
| GPU reserved memory   |     874 MB |     874 MB |     874 MB |       0 B  |
|       from large pool |     858 MB |     858 MB |     858 MB |       0 B  |
|       from small pool |      16 MB |      16 MB |      16 MB |       0 B  |
|---------------------------------------------------------------------------|
| Non-releasable memory |   52323 KB |  657216 KB |  147773 MB |  147722 MB |
|       from large pool |   47630 KB |  653944 KB |  146249 MB |  146202 MB |
|       from small pool |    4692 KB |    5992 KB |    1524 MB |    1519 MB |
|---------------------------------------------------------------------------|
| Allocations           |      42    |      57    |   11560    |   11518    |
|       from large pool |       7    |      18    |    4995    |    4988    |
|       from small pool |      35    |      41    |    6565    |    6530    |
|---------------------------------------------------------------------------|
| Active allocs         |      43    |      57    |   11560    |   11517    |
|       from large pool |       7    |      18    |    4995    |    4988    |
|       from small pool |      36    |      41    |    6565    |    6529    |
|---------------------------------------------------------------------------|
| GPU reserved segments |      18    |      18    |      18    |       0    |
|       from large pool |      10    |      10    |      10    |       0    |
|       from small pool |       8    |       8    |       8    |       0    |
|---------------------------------------------------------------------------|
| Non-releasable allocs |      21    |      28    |    5546    |    5525    |
|       from large pool |       6    |      13    |    3397    |    3391    |
|       from small pool |      15    |      20    |    2149    |    2134    |
|---------------------------------------------------------------------------|
| Oversize allocations  |       0    |       0    |       0    |       0    |
|---------------------------------------------------------------------------|
| Oversize GPU segments |       0    |       0    |       0    |       0    |
|===========================================================================|

test_result:epoch_time:copy_time=0.3223
test_result:convert_time=0.0100
test_result:train_time=0.6305
test_result:epoch_time:train_total=0.6405
test_result:cache_percentage=0.0600
test_result:cache_hit_rate=1.0000
test_result:run_time=7.2999
