config:eval_tsp="2022-12-07 03:24:23"
config:arch=arch5
config:num_train_worker=6
config:num_sample_worker=2
config:sample_type=khop2
config:root_path=/nvme/samgraph/
config:dataset=papers100M-undir
config:pipeline=False
config:cache_policy=rep
config:cache_percentage=0.05
config:num_epoch=4
config:batch_size=8000
config:num_hidden=256
config:max_sampling_jobs=1
config:max_copying_jobs=1
config:barriered_epoch=1
config:presample_epoch=2
config:omp_thread_num=6
config:unsupervised=False
config:amp=True
config:rolling=0
config:fanout=[25, 10]
config:lr=0.003
config:dropout=0.5
config:single_gpu=False
config:max_num_step=100000
config:validate_configs=False
config:report_acc=0
config:dataset_path=/nvme/samgraph/papers100M-undir
config:torch_thread_num=8
config:train_workers=['cuda:0', 'cuda:1', 'cuda:2', 'cuda:3', 'cuda:4', 'cuda:5']
config:sample_workers=['cuda:6', 'cuda:7']
config:num_fanout=2
config:num_layer=2
config:_run_mode=RunMode.FGNN
config:_log_level=warn
config:_profile_level=3
config:_empty_feat=0
config:_arch=5
config:_sample_type=5
config:_cache_policy=12
test_result:init:input_scale_factor=1.1
coll_cache:optimal_rep_storage=0.05
coll_cache:optimal_part_storage=0
coll_cache:optimal_cpu_storage=0.95
coll_cache:optimal_local_storage=0.05
coll_cache:optimal_remote_storage=0
coll_cache:optimal_local_rate=0.851884
coll_cache:optimal_remote_rate=0
coll_cache:optimal_cpu_rate=0.148116
z=1587.59
test_result:init:feat_nbytes=56862697472
test_result:init:cache_nbytes=2843134464
test_result:init:feat_nbytes=56862697472
test_result:init:cache_nbytes=2843134464
test_result:init:feat_nbytes=56862697472
test_result:init:cache_nbytes=2843134464
test_result:init:feat_nbytes=56862697472
test_result:init:cache_nbytes=2843134464
test_result:init:feat_nbytes=56862697472
test_result:init:cache_nbytes=2843134464
test_result:init:feat_nbytes=56862697472
test_result:init:cache_nbytes=2843134464
coll_cache:optimal_rep_storage=0.05
coll_cache:optimal_part_storage=0
coll_cache:optimal_cpu_storage=0.95
coll_cache:optimal_local_storage=0.05
coll_cache:optimal_remote_storage=0
coll_cache:optimal_local_rate=0.851884
coll_cache:optimal_remote_rate=0
coll_cache:optimal_cpu_rate=0.148116
z=1587.59
test_result:init:cache_nbytes=0
test_result:init:cache_nbytes=0
test_result:init:cache_nbytes=0
test_result:init:cache_nbytes=0
test_result:init:cache_nbytes=0
test_result:init:cache_nbytes=0
[Train  Worker 3/6] Started with PID 31841(Tesla V100-SXM2-32GB)
[Train  Worker 3] run train for 4 epochs with 156 steps
[Train  Worker 3] Avg Epoch Time 1.3272 | Train Total Time(Profiler) 0.2439 | Copy Time 1.0807
[Train  Worker 2/6] Started with PID 31838(Tesla V100-SXM2-32GB)
[Train  Worker 2] run train for 4 epochs with 156 steps
[Train  Worker 2] Avg Epoch Time 1.3272 | Train Total Time(Profiler) 0.2403 | Copy Time 1.0837
[Train  Worker 4/6] Started with PID 31844(Tesla V100-SXM2-32GB)
[Train  Worker 4] run train for 4 epochs with 156 steps
[Train  Worker 4] Avg Epoch Time 1.3271 | Train Total Time(Profiler) 0.2452 | Copy Time 1.0793
[Train  Worker 5/6] Started with PID 31847(Tesla V100-SXM2-32GB)
[Train  Worker 5] run train for 4 epochs with 156 steps
[Train  Worker 5] Avg Epoch Time 1.3271 | Train Total Time(Profiler) 0.7909 | Copy Time 0.5335
[Train  Worker 0/6] Started with PID 31832(Tesla V100-SXM2-32GB)
[Train  Worker 0] run train for 4 epochs with 156 steps
Epoch 00000 | Epoch Time 2.6943 | Total Train Time(Profiler) 2.1333 | Copy Time 0.5579
Epoch 00001 | Epoch Time 1.3276 | Total Train Time(Profiler) 0.7916 | Copy Time 0.5336
Epoch 00002 | Epoch Time 1.3291 | Total Train Time(Profiler) 0.7902 | Copy Time 0.5363
Epoch 00003 | Epoch Time 1.3245 | Total Train Time(Profiler) 0.7859 | Copy Time 0.5359
[Train  Worker 0] Avg Epoch Time 1.3271 | Train Total Time(Profiler) 0.7892 | Copy Time 0.5352
[Train  Worker 1/6] Started with PID 31835(Tesla V100-SXM2-32GB)
[Train  Worker 1] run train for 4 epochs with 156 steps
[Train  Worker 1] Avg Epoch Time 1.3272 | Train Total Time(Profiler) 0.2410 | Copy Time 1.0836
[Sample Worker 1/2] Started with PID 31830(Tesla V100-SXM2-32GB)
[Sample Worker 1] run sample for 4 epochs with 78 steps
[Sample Worker 1] Avg Sample Total Time 0.5953 | Sampler Total Time(Profiler) 0.5924
    [Step(average) Profiler Level 1 E3 S77]
        L1  sample           0.006141 | send           0.001483
        L1  recv             0.000000 | copy           0.000000 | convert time 0.000000 | train  0.000000
        L1  feature nbytes 0.00 Bytes | label nbytes 0.00 Bytes
        L1  id nbytes      0.00 Bytes | graph nbytes 0.00 Bytes
        L1  miss nbytes    0.00 Bytes | remote nbytes 0.00 Bytes
        L1  num nodes         1099582 | num samples     1708814
    [Step(average) Profiler Level 2 E3 S77]
        L2  shuffle     0.000513 | core sample  0.002132 | id remap        0.003381
        L2  graph copy  0.000000 | id copy      0.000000 | cache feat copy 0.000000
        L2  last layer sample time 0.000363 | size 72314.735043
    [Step(average) Profiler Level 3 E3 S77]
        L3  khop sample coo  0.001795 | khop sort coo      0.000000 | khop count edge     0.000044 | khop compact edge 0.000250
        L3  walk sample coo  0.000000 | walk topk total    0.000000 | walk topk step1     0.000000 | walk topk step2   0.000000
        L3  walk topk step3  0.000000 | walk topk step4    0.000000 | walk topk step5     0.000000
        L3  walk topk step6  0.000000 | walk topk step7    0.000000
        L3  remap unique     0.000000 | remap populate     0.002761 | remap mapnode       0.000000 | remap mapedge     0.000620
        L3  cache get_index  0.000000 | cache copy_index   0.000000 | cache extract_miss  0.000000
        L3  cache copy_miss  0.000000 | cache combine_miss 0.000000 | cache combine cache 0.000000 | cache combine remote 0.000000
        L3  label extract  0.000000
    [Init Profiler Level 1]
        L1  init     7.7819 | sampler init    16.4015 | trainer init 0.0000
    [Init Profiler Level 2]
        L2  load ds        10.4792 | init queue           5.6876
        L2  presample       5.5121 | build interal ds     2.5003
        L2  build cache     0.0000
    [Init Profiler Level 3]
        L3  load dataset: mmap     7.7770 | copy         2.7021
        L3  dist queue: alloc      0.0019 | pin          5.6857 | push     0.0000
        L3  presample: init        0.3774
        L3  presample: sample      1.8056 | copy         0.1149
        L3  presample: count       2.5559 | sort         0.2300
        L3  presample: reset       0.0006 | get rank     0.0239
        L3  internal: cuda ctx     2.1535 | cuda stream     0.3407
[Sample Worker 0/2] Started with PID 31829(Tesla V100-SXM2-32GB)
[Sample Worker 0] run sample for 4 epochs with 78 steps
[Sample Worker 0] Avg Sample Total Time 0.5954 | Sampler Total Time(Profiler) 0.5947
test_result:sample_time=0.4790
test_result:get_cache_miss_index_time=0.0000
test_result:enqueue_samples_time=0.1157
test_result:epoch_time:sample_total=0.5954
[CUDA] cuda0: usage: 6.71 GB
[SAM] cuda0 data alloc        : 0.00 Bytes
[SAM] cuda0 workspace         : 1.18 GB
[SAM] cuda0 workspace reserve : 603.86 MB
[SAM] cuda0 total             : 1.18 GB
    [Step(average) Profiler Level 1 E3 S155]
        L1  sample           0.000000 | send           0.000000
        L1  recv             0.002626 | copy           0.034574 | convert time 0.000416 | train  0.015950
        L1  feature nbytes  536.87 MB | label nbytes   62.50 KB
        L1  id nbytes      0.00 Bytes | graph nbytes 0.00 Bytes
        L1  miss nbytes    0.00 Bytes | remote nbytes 0.00 Bytes
        L1  num nodes               0 | num samples           0
    [Step(average) Profiler Level 2 E3 S155]
        L2  shuffle     0.000000 | core sample  0.000000 | id remap        0.000000
        L2  graph copy  0.000004 | id copy      0.000000 | cache feat copy 0.031945
        L2  last layer sample time 0.000000 | size 0.000000
    [Step(average) Profiler Level 3 E3 S155]
        L3  khop sample coo  0.000000 | khop sort coo      0.000000 | khop count edge     0.000000 | khop compact edge 0.000000
        L3  walk sample coo  0.000000 | walk topk total    0.000000 | walk topk step1     0.000000 | walk topk step2   0.000000
        L3  walk topk step3  0.000000 | walk topk step4    0.000000 | walk topk step5     0.000000
        L3  walk topk step6  0.000000 | walk topk step7    0.000000
        L3  remap unique     0.000000 | remap populate     0.000000 | remap mapnode       0.000000 | remap mapedge     0.000000
        L3  cache get_index  0.000000 | cache copy_index   0.000000 | cache extract_miss  0.000000
        L3  cache copy_miss  0.000000 | cache combine_miss 0.000000 | cache combine cache 0.031513 | cache combine remote 0.000000
        L3  label extract  0.000424
    [Init Profiler Level 1]
        L1  init     7.7819 | sampler init     0.0000 | trainer init 43.3711
    [Init Profiler Level 2]
        L2  load ds         7.7770 | init queue           5.5446
        L2  presample       0.0000 | build interal ds     2.0410
        L2  build cache    35.7792
    [Init Profiler Level 3]
        L3  load dataset: mmap     7.7770 | copy         0.0000
        L3  dist queue: alloc      0.0019 | pin          5.5426 | push     0.0000
        L3  presample: init        0.0000
        L3  presample: sample      0.0000 | copy         0.0000
        L3  presample: count       0.0000 | sort         0.0000
        L3  presample: reset       0.0000 | get rank     0.0000
        L3  internal: cuda ctx     2.0409 | cuda stream     0.0000
|===========================================================================|
|                  PyTorch CUDA memory summary, device ID 0                 |
|---------------------------------------------------------------------------|
|            CUDA OOMs: 0            |        cudaMalloc retries: 0         |
|===========================================================================|
|        Metric         | Cur Usage  | Peak Usage | Tot Alloc  | Tot Freed  |
|---------------------------------------------------------------------------|
| Allocated memory      |   22921 KB |  402378 KB |  145046 MB |  145023 MB |
|       from large pool |   18240 KB |  398998 KB |  143968 MB |  143950 MB |
|       from small pool |    4681 KB |    7117 KB |    1077 MB |    1072 MB |
|---------------------------------------------------------------------------|
| Active memory         |   22921 KB |  402378 KB |  145046 MB |  145023 MB |
|       from large pool |   18240 KB |  398998 KB |  143968 MB |  143950 MB |
|       from small pool |    4681 KB |    7117 KB |    1077 MB |    1072 MB |
|---------------------------------------------------------------------------|
| GPU reserved memory   |  579584 KB |  579584 KB |  579584 KB |       0 B  |
|       from large pool |  571392 KB |  571392 KB |  571392 KB |       0 B  |
|       from small pool |    8192 KB |    8192 KB |    8192 KB |       0 B  |
|---------------------------------------------------------------------------|
| Non-releasable memory |   24182 KB |  385180 KB |  169197 MB |  169173 MB |
|       from large pool |   22720 KB |  382475 KB |  167966 MB |  167944 MB |
|       from small pool |    1462 KB |    3609 KB |    1231 MB |    1229 MB |
|---------------------------------------------------------------------------|
| Allocations           |      38    |      51    |   11583    |   11545    |
|       from large pool |       3    |      14    |    4576    |    4573    |
|       from small pool |      35    |      39    |    7007    |    6972    |
|---------------------------------------------------------------------------|
| Active allocs         |      39    |      51    |   11583    |   11544    |
|       from large pool |       3    |      14    |    4576    |    4573    |
|       from small pool |      36    |      39    |    7007    |    6971    |
|---------------------------------------------------------------------------|
| GPU reserved segments |      13    |      13    |      13    |       0    |
|       from large pool |       9    |       9    |       9    |       0    |
|       from small pool |       4    |       4    |       4    |       0    |
|---------------------------------------------------------------------------|
| Non-releasable allocs |      13    |      23    |    5298    |    5285    |
|       from large pool |       4    |      12    |    2686    |    2682    |
|       from small pool |       9    |      14    |    2612    |    2603    |
|---------------------------------------------------------------------------|
| Oversize allocations  |       0    |       0    |       0    |       0    |
|---------------------------------------------------------------------------|
| Oversize GPU segments |       0    |       0    |       0    |       0    |
|===========================================================================|

test_result:epoch_time:copy_time=0.5352
test_result:convert_time=0.0107
test_result:train_time=0.7785
test_result:epoch_time:train_total=0.7892
test_result:cache_percentage=0.0500
test_result:cache_hit_rate=1.0000
test_result:run_time=9.0738
