[2022-12-09 03:54:21. 26718: W /samgraph/samgraph/common/cpu/mmap_cpu_device.cc:92] mmap allocating space 12.87 GB
[2022-12-09 03:54:21. 26835: W /samgraph/samgraph/common/cpu/mmap_cpu_device.cc:97] mmap allocating space 12.87 GB done
[2022-12-09 03:54:28.144665: W /samgraph/samgraph/common/cpu/mmap_cpu_device.cc:92] mmap allocating space 48.00 GB
[2022-12-09 03:54:28.144751: W /samgraph/samgraph/common/cpu/mmap_cpu_device.cc:97] mmap allocating space 48.00 GB done
[2022-12-09 03:54:28.144791: W /samgraph/samgraph/common/cpu/mmap_cpu_device.cc:92] mmap allocating space 1.82 GB
[2022-12-09 03:54:28.144822: W /samgraph/samgraph/common/cpu/mmap_cpu_device.cc:97] mmap allocating space 1.82 GB done
[2022-12-09 03:54:28.150629: W /samgraph/samgraph/common/cpu/mmap_cpu_device.cc:92] mmap allocating space 19.28 GB
[2022-12-09 03:54:28.150677: W /samgraph/samgraph/common/cpu/mmap_cpu_device.cc:97] mmap allocating space 19.28 GB done
/usr/lib/python3/dist-packages/requests/__init__.py:89: RequestsDependencyWarning: urllib3 (1.26.12) or chardet (3.0.4) doesn't match a supported version!
  warnings.warn("urllib3 ({}) or chardet ({}) doesn't match a supported "
[2022-12-09 03:54:28.855237: W /samgraph/samgraph/common/dist/dist_engine.cc:662] Trainer[0] initializing...
[2022-12-09 03:54:28.913689: W /samgraph/samgraph/common/dist/dist_engine.cc:662] Trainer[1] initializing...
[2022-12-09 03:54:28.987644: W /samgraph/samgraph/common/dist/dist_engine.cc:662] Trainer[4] initializing...
[2022-12-09 03:54:29. 50958: W /samgraph/samgraph/common/dist/dist_engine.cc:662] Trainer[2] initializing...
[2022-12-09 03:54:29. 72953: W /samgraph/samgraph/common/dist/dist_engine.cc:662] Trainer[5] initializing...
[2022-12-09 03:54:29.110461: W /samgraph/samgraph/common/dist/dist_engine.cc:662] Trainer[3] initializing...
[2022-12-09 03:54:30.994744: W /samgraph/samgraph/common/dist/dist_engine.cc:666] Trainer[1] pin memory queue...
[2022-12-09 03:54:31. 40478: W /samgraph/samgraph/common/dist/dist_engine.cc:666] Trainer[0] pin memory queue...
[2022-12-09 03:54:31. 43244: W /samgraph/samgraph/common/dist/dist_engine.cc:666] Trainer[4] pin memory queue...
[2022-12-09 03:54:31. 49866: W /samgraph/samgraph/common/dist/dist_engine.cc:666] Trainer[3] pin memory queue...
[2022-12-09 03:54:31. 69777: W /samgraph/samgraph/common/dist/dist_engine.cc:666] Trainer[2] pin memory queue...
[2022-12-09 03:54:31.140695: W /samgraph/samgraph/common/dist/dist_engine.cc:666] Trainer[5] pin memory queue...
[2022-12-09 03:54:40.929178: E /samgraph/samgraph/common/dist/dist_engine.cc:85] Running on V100
[2022-12-09 03:54:40.929230: E /samgraph/samgraph/common/dist/dist_engine.cc:85] Running on V100
[2022-12-09 03:54:40.929279: E /samgraph/samgraph/common/dist/dist_engine.cc:85] Running on V100
[2022-12-09 03:54:40.929329: E /samgraph/samgraph/common/dist/dist_engine.cc:85] Running on V100
[2022-12-09 03:54:40.929374: E /samgraph/samgraph/common/dist/dist_engine.cc:85] Running on V100
[2022-12-09 03:54:40.929428: E /samgraph/samgraph/common/dist/dist_engine.cc:85] Running on V100
[2022-12-09 03:54:40.929553: W /samgraph/samgraph/common/dist/dist_engine.cc:701] [Trainer[4] register host memory...2022-12-09 03:54:40
.929572[: 2022-12-09 03:54:40W. 929592[/samgraph/samgraph/common/dist/dist_engine.cc: 2022-12-09 03:54:40:W.[701 9296112022-12-09 03:54:40] /samgraph/samgraph/common/dist/dist_engine.cc: .Trainer[1] register host memory...:W929630
701 : ] [/samgraph/samgraph/common/dist/dist_engine.ccWTrainer[5] register host memory...2022-12-09 03:54:40: 
.701/samgraph/samgraph/common/dist/dist_engine.cc929692] :: Trainer[2] register host memory...701W
]  Trainer[0] register host memory.../samgraph/samgraph/common/dist/dist_engine.cc
:701] Trainer[3] register host memory...
[2022-12-09 03:54:41.195961: [E /samgraph/samgraph/common/dist/dist_engine.cc:852022-12-09 03:54:41] .Running on V100195999
: E /samgraph/samgraph/common/dist/dist_engine.cc:85] Running on V100
[2022-12-09 03:54:41.203282: W /samgraph/samgraph/common/cuda/cuda_device.cc:49] GPU[6] alloc cuda memory 931.40 MB
[2022-12-09 03:54:41.410857: W /samgraph/samgraph/common/cuda/cuda_device.cc:49] GPU[6] alloc cuda memory 12.87 GB
[2022-12-09 03:54:44.208047: W /samgraph/samgraph/common/cuda/cuda_device.cc:49] GPU[6] alloc cuda memory 64.00 MB
[2022-12-09 03:54:44.213691: E /samgraph/samgraph/common/dist/pre_sampler.cc:41] Dist Presampler making shuffler...
[2022-12-09 03:54:44.217957: E /samgraph/samgraph/common/dist/pre_sampler.cc:44] Dist Presampler making shuffler...Done
[2022-12-09 03:54:44.218002: W /samgraph/samgraph/common/cpu/cpu_device.cc:39] WORKER[0] alloc host memory 1.82 GB
[2022-12-09 03:54:45. 36107: E /samgraph/samgraph/common/dist/pre_sampler.cc:85] Dist Presampler doing presample epoch 0
[2022-12-09 03:54:47. 48812: E /samgraph/samgraph/common/dist/pre_sampler.cc:129] presample spend 0.71267 on sample, 0.0586894 on copy, 1.23815 on count
[2022-12-09 03:54:47. 48905: E /samgraph/samgraph/common/dist/pre_sampler.cc:85] Dist Presampler doing presample epoch 1
[2022-12-09 03:54:49. 79041: E /samgraph/samgraph/common/dist/pre_sampler.cc:129] presample spend 1.44389 on sample, 0.115453 on copy, 2.47732 on count
[2022-12-09 03:54:49. 79160: E /samgraph/samgraph/common/dist/pre_sampler.cc:136] max_num_inputs = 587836, min_num_inputs = 559254
[2022-12-09 03:54:49.680620: E /samgraph/samgraph/common/dist/pre_sampler.cc:148] presample spend 0.601367 on sort freq.
[2022-12-09 03:54:50.553447: E /samgraph/samgraph/common/dist/dist_engine.cc:524] pre sample done, delete it
[[[[[[2022-12-09 03:54:502022-12-09 03:54:502022-12-09 03:54:502022-12-09 03:54:502022-12-09 03:54:502022-12-09 03:54:50......613720613725613728613723613728613733: : : : : : WWWWWW     /samgraph/samgraph/common/dist/dist_engine.cc /samgraph/samgraph/common/dist/dist_engine.cc/samgraph/samgraph/common/dist/dist_engine.cc/samgraph/samgraph/common/dist/dist_engine.cc/samgraph/samgraph/common/dist/dist_engine.cc:/samgraph/samgraph/common/dist/dist_engine.cc::::711:711711711711] 711] ] ] ] Trainer[5] building cache...] Trainer[1] building cache...Trainer[2] building cache...Trainer[0] building cache...Trainer[4] building cache...
Trainer[3] building cache...




[[2022-12-09 03:54:502022-12-09 03:54:50..614895614896: : EE[ [[[ 2022-12-09 03:54:50/samgraph/3rdparty/collcachelib/coll_cache_lib/run_config.cc2022-12-09 03:54:502022-12-09 03:54:502022-12-09 03:54:50/samgraph/3rdparty/collcachelib/coll_cache_lib/run_config.cc.:...:614924134614924614925614927134: ] : : : ] Eusing concurrent impl MPSEEEusing concurrent impl MPS 
   
/samgraph/3rdparty/collcachelib/coll_cache_lib/run_config.cc/samgraph/3rdparty/collcachelib/coll_cache_lib/run_config.cc/samgraph/3rdparty/collcachelib/coll_cache_lib/run_config.cc/samgraph/3rdparty/collcachelib/coll_cache_lib/run_config.cc::::134134134134] ] ] ] using concurrent impl MPSusing concurrent impl MPSusing concurrent impl MPSusing concurrent impl MPS



[2022-12-09 03:54:50.618150: E /samgraph/3rdparty/collcachelib/coll_cache_lib/coll_cache/asymm_link_desc.cc:172] v100x8, slow pcie
[2022-12-09 03:54:50.618202: E /samgraph/3rdparty/collcachelib/coll_cache_lib/coll_cache/asymm_link_desc.cc:200] build asymm link desc with 6X Tesla V100-SXM2-32GB out of 8
[2022-12-09 03:54:50.618246: E /samgraph/3rdparty/collcachelib/coll_cache_lib/coll_cache/asymm_link_desc.cc:201] remote time is 8.68421
[2022-12-09 03:54:50.618274: E /samgraph/3rdparty/collcachelib/coll_cache_lib/coll_cache/asymm_link_desc.cc:202] cpu time is 97.0588
[2022-12-09 03:54:50.618429: E /samgraph/3rdparty/collcachelib/coll_cache_lib/coll_cache/asymm_link_desc.cc:172] v100x8, slow pcie
[2022-12-09 03:54:50.618473: E /samgraph/3rdparty/collcachelib/coll_cache_lib/coll_cache/asymm_link_desc.cc[:2022-12-09 03:54:50200.] 618480build asymm link desc with 6X Tesla V100-SXM2-32GB out of 8: 
E /samgraph/3rdparty/collcachelib/coll_cache_lib/coll_cache/asymm_link_desc.cc:[172[2022-12-09 03:54:50] 2022-12-09 03:54:50.v100x8, slow pcie.618525
618534: : EE [[ /samgraph/3rdparty/collcachelib/coll_cache_lib/coll_cache/asymm_link_desc.cc2022-12-09 03:54:502022-12-09 03:54:50/samgraph/3rdparty/collcachelib/coll_cache_lib/coll_cache/asymm_link_desc.cc:..:[1726185776185812012022-12-09 03:54:50] : : ] .v100x8, slow pcieEEremote time is 8.68421618624
  
: [/samgraph/3rdparty/collcachelib/coll_cache_lib/coll_cache/asymm_link_desc.cc/samgraph/3rdparty/collcachelib/coll_cache_lib/coll_cache/asymm_link_desc.ccE2022-12-09 03:54:50[:: .2022-12-09 03:54:50172200/samgraph/3rdparty/collcachelib/coll_cache_lib/coll_cache/asymm_link_desc.cc618721.] ] :: 618726v100x8, slow pciebuild asymm link desc with 6X Tesla V100-SXM2-32GB out of 8172E: 

]  Ev100x8, slow pcie/samgraph/3rdparty/collcachelib/coll_cache_lib/coll_cache/asymm_link_desc.cc [
[:/samgraph/3rdparty/collcachelib/coll_cache_lib/coll_cache/asymm_link_desc.cc2022-12-09 03:54:502022-12-09 03:54:50200:.[.] 2026188172022-12-09 03:54:50618819build asymm link desc with 6X Tesla V100-SXM2-32GB out of 8] : .: 
cpu time is 97.0588E618846E
 :  [/samgraph/3rdparty/collcachelib/coll_cache_lib/coll_cache/asymm_link_desc.ccE/samgraph/3rdparty/collcachelib/coll_cache_lib/coll_cache/asymm_link_desc.cc2022-12-09 03:54:50: :.200/samgraph/3rdparty/collcachelib/coll_cache_lib/coll_cache/asymm_link_desc.cc201618911] :] : build asymm link desc with 6X Tesla V100-SXM2-32GB out of 8200remote time is 8.68421E
] 
 build asymm link desc with 6X Tesla V100-SXM2-32GB out of 8/samgraph/3rdparty/collcachelib/coll_cache_lib/coll_cache/asymm_link_desc.cc
:[201[2022-12-09 03:54:50] [2022-12-09 03:54:50.remote time is 8.684212022-12-09 03:54:50.619000
.619001: 619014: [E: E2022-12-09 03:54:50 E ./samgraph/3rdparty/collcachelib/coll_cache_lib/coll_cache/asymm_link_desc.cc /samgraph/3rdparty/collcachelib/coll_cache_lib/coll_cache/asymm_link_desc.cc619054:/samgraph/3rdparty/collcachelib/coll_cache_lib/coll_cache/asymm_link_desc.cc:: 201:202E] 201]  remote time is 8.68421] cpu time is 97.0588/samgraph/3rdparty/collcachelib/coll_cache_lib/coll_cache/asymm_link_desc.cc
remote time is 8.68421
:
202[] 2022-12-09 03:54:50cpu time is 97.0588[.
2022-12-09 03:54:50619175.: 619186E:  E/samgraph/3rdparty/collcachelib/coll_cache_lib/coll_cache/asymm_link_desc.cc :/samgraph/3rdparty/collcachelib/coll_cache_lib/coll_cache/asymm_link_desc.cc202:] 202cpu time is 97.0588] 
cpu time is 97.0588
[2022-12-09 03:55:12.190183: E /samgraph/3rdparty/collcachelib/coll_cache_lib/facade.cc:118] solver created. now build & solve
[2022-12-09 03:55:12.285791: W /samgraph/3rdparty/collcachelib/coll_cache_lib/cpu/cpu_device.cc:39] WORKER[0] alloc host memory 931.40 MB
[2022-12-09 03:55:12.285884: W /samgraph/3rdparty/collcachelib/coll_cache_lib/cpu/cpu_device.cc:39] WORKER[0] alloc host memory 931.40 MB
[2022-12-09 03:55:12.286661: W /samgraph/3rdparty/collcachelib/coll_cache_lib/coll_cache/optimal_solver_class.cc:68] mapping nid to rank...
[2022-12-09 03:55:13. 71522: W /samgraph/3rdparty/collcachelib/coll_cache_lib/coll_cache/optimal_solver_class.cc:85] counting slots...
[2022-12-09 03:55:15.765838: W /samgraph/3rdparty/collcachelib/coll_cache_lib/coll_cache/optimal_solver_class.cc:99] Final num slot is 24
[2022-12-09 03:55:15.765924: W /samgraph/3rdparty/collcachelib/coll_cache_lib/coll_cache/optimal_solver_class.cc:103] counting blocks...
[2022-12-09 03:55:40.609689: W /samgraph/3rdparty/collcachelib/coll_cache_lib/coll_cache/optimal_solver_class.cc:112] Final num block is 1012
[2022-12-09 03:55:40.609772: W /samgraph/3rdparty/collcachelib/coll_cache_lib/coll_cache/optimal_solver_class.cc:117] counting freq and density...
[2022-12-09 03:55:44.816879: W /samgraph/3rdparty/collcachelib/coll_cache_lib/coll_cache/optimal_solver_class.cc:148] averaging freq and density...
[2022-12-09 03:55:44.816959: W /samgraph/3rdparty/collcachelib/coll_cache_lib/coll_cache/optimal_solver_class.cc:149] 1012
[2022-12-09 03:55:44.822507: E /samgraph/3rdparty/collcachelib/coll_cache_lib/facade.cc:123] solver built. now solve
[2022-12-09 03:55:44.822561: W /samgraph/3rdparty/collcachelib/coll_cache_lib/coll_cache/optimal_solver_class.cc:348] constructing optimal solver, device=6, stream=1
1012 blocks, 6 devices
[2022-12-09 03:55:45. 68354: W /samgraph/3rdparty/collcachelib/coll_cache_lib/coll_cache/optimal_solver_class.cc:503] Add Var...
[2022-12-09 03:55:45. 85468: W /samgraph/3rdparty/collcachelib/coll_cache_lib/coll_cache/optimal_solver_class.cc:521] Capacity...
[2022-12-09 03:55:45. 86856: W /samgraph/3rdparty/collcachelib/coll_cache_lib/coll_cache/optimal_solver_class.cc:524] Connect CPU...
[2022-12-09 03:55:45.101987: W /samgraph/3rdparty/collcachelib/coll_cache_lib/coll_cache/optimal_solver_class.cc:526] Connect Access To Storage...
[2022-12-09 03:55:45.327152: W /samgraph/3rdparty/collcachelib/coll_cache_lib/coll_cache/optimal_solver_class.cc:530] Time...
[2022-12-09 03:55:56.235811: W /samgraph/3rdparty/collcachelib/coll_cache_lib/coll_cache/optimal_solver_class.cc:545] Coll Cache init block placement array
[2022-12-09 03:55:56.241541: W /samgraph/3rdparty/collcachelib/coll_cache_lib/coll_cache/optimal_solver_class.cc:621] Coll Cache init block placement array done
[2022-12-09 03:55:56.241871: W /samgraph/3rdparty/collcachelib/coll_cache_lib/coll_cache/optimal_solver_class.cc:623] Coll Cache model reset done
[2022-12-09 03:55:56.261234: E /samgraph/3rdparty/collcachelib/coll_cache_lib/facade.cc:127] solver solved
[2022-12-09 03:55:56.261295: E /samgraph/3rdparty/collcachelib/coll_cache_lib/facade.cc:195] 0 solved master
[2022-12-09 03:55:56.261343: E /samgraph/3rdparty/collcachelib/coll_cache_lib/facade.cc:202] 0 solved
[2022-12-09 03:55:56.261370: E /samgraph/3rdparty/collcachelib/coll_cache_lib/facade.cc:205] worker 0 thread 0 initing device 0
[2022-12-09 03:55:56.263069: E /samgraph/3rdparty/collcachelib/coll_cache_lib/cache_context.cu:1766] Building Coll Cache with ... num gpu device is 6
[2022-12-09 03:55:56.297944: E /samgraph/3rdparty/collcachelib/coll_cache_lib/facade.cc:202] 5 solved
[2022-12-09 03:55:56.298008: E /samgraph/3rdparty/collcachelib/coll_cache_lib/facade.cc:205] worker 5 thread 5 initing device 5
[2022-12-09 03:55:56.298865: E /samgraph/3rdparty/collcachelib/coll_cache_lib/facade.cc:202] 2 solved
[2022-12-09 03:55:56.298919: E /samgraph/3rdparty/collcachelib/coll_cache_lib/facade.cc:[2052022-12-09 03:55:56] .worker 2 thread 2 initing device 2298922
: E /samgraph/3rdparty/collcachelib/coll_cache_lib/facade.cc:202] 4 solved
[2022-12-09 03:55:56.298980: E /samgraph/3rdparty/collcachelib/coll_cache_lib/facade.cc:205] worker 4 thread 4 initing device 4
[2022-12-09 03:55:56.299552: E /samgraph/3rdparty/collcachelib/coll_cache_lib/cache_context.cu:1766] Building Coll Cache with ... num gpu device is 6
[2022-12-09 03:55:56.300672: E /samgraph/3rdparty/collcachelib/coll_cache_lib/facade.cc:202] 1 solved
[2022-12-09 03:55:56.300723: E /samgraph/3rdparty/collcachelib/coll_cache_lib/facade.cc:205[] 2022-12-09 03:55:56worker 1 thread 1 initing device 1.
300720: E /samgraph/3rdparty/collcachelib/coll_cache_lib/facade.cc:202] 3 solved
[2022-12-09 03:55:56.300798: E /samgraph/3rdparty/collcachelib/coll_cache_lib/facade.cc:205] worker 3 thread 3 initing device 3
[2022-12-09 03:55:56.301554: E /samgraph/3rdparty/collcachelib/coll_cache_lib/cache_context.cu:1766] Building Coll Cache with ... num gpu device is 6
[2022-12-09 03:55:56.301614: E /samgraph/3rdparty/collcachelib/coll_cache_lib/cache_context.cu:1766] Building Coll Cache with ... num gpu device is 6
[2022-12-09 03:55:56.305596: E /samgraph/3rdparty/collcachelib/coll_cache_lib/cache_context.cu:1766] Building Coll Cache with ... num gpu device is 6
[2022-12-09 03:55:56.305743: E /samgraph/3rdparty/collcachelib/coll_cache_lib/cache_context.cu:1766] Building Coll Cache with ... num gpu device is 6
[2022-12-09 03:55:56.455798: W /samgraph/3rdparty/collcachelib/coll_cache_lib/cache_context.cu:1806] using empty feat=25
[2022-12-09 03:55:56.496097: W /samgraph/3rdparty/collcachelib/coll_cache_lib/cache_context.cu:1806] using empty feat=25
[2022-12-09 03:55:56.502601: W /samgraph/3rdparty/collcachelib/coll_cache_lib/cache_context.cu:1806] using empty feat=25
[2022-12-09 03:55:56.502652: W /samgraph/3rdparty/collcachelib/coll_cache_lib/cache_context.cu:1806] using empty feat=25
[2022-12-09 03:55:56.502700: W /samgraph/3rdparty/collcachelib/coll_cache_lib/cache_context.cu:1806] using empty feat=25
[2022-12-09 03:55:56.522883: W /samgraph/3rdparty/collcachelib/coll_cache_lib/cache_context.cu:1806] using empty feat=25
[[[[[[2022-12-09 03:55:572022-12-09 03:55:572022-12-09 03:55:572022-12-09 03:55:572022-12-09 03:55:572022-12-09 03:55:57......145593145593145592145592145592145599: : : : : : EEEEEE      /samgraph/3rdparty/collcachelib/coll_cache_lib/cache_context.cu/samgraph/3rdparty/collcachelib/coll_cache_lib/cache_context.cu/samgraph/3rdparty/collcachelib/coll_cache_lib/cache_context.cu/samgraph/3rdparty/collcachelib/coll_cache_lib/cache_context.cu/samgraph/3rdparty/collcachelib/coll_cache_lib/cache_context.cu/samgraph/3rdparty/collcachelib/coll_cache_lib/cache_context.cu::::::187718771877187718771877] ] ] ] ] ] Device 5 init p2p of link 0Device 2 init p2p of link 1Device 4 init p2p of link 3Device 1 init p2p of link 0Device 3 init p2p of link 4Device 0 init p2p of link 1





[2022-12-09 03:55:57.165946: E /samgraph/3rdparty/collcachelib/coll_cache_lib/cache_context.cu:1877] Device 5 init p2p of link 3
[2022-12-09 03:55:57.166014: E /samgraph/3rdparty/collcachelib/coll_cache_lib/cache_context.cu:1877] Device 2 init p2p of link 0
[2022-12-09 03:55:57.166906: E /samgraph/3rdparty/collcachelib/coll_cache_lib/cache_context.cu:1877] Device 4 init p2p of link 2
[2022-12-09 03:55:57.167608: E /samgraph/3rdparty/collcachelib/coll_cache_lib/cache_context.cu:[18772022-12-09 03:55:57] .Device 1 init p2p of link 2167627
: E /samgraph/3rdparty/collcachelib/coll_cache_lib/cache_context.cu:1877] Device 3 init p2p of link 5
[2022-12-09 03:55:57.167916: E /samgraph/3rdparty/collcachelib/coll_cache_lib/cache_context.cu:1877] Device 0 init p2p of link 5
[2022-12-09 03:55:57.178890: E /samgraph/3rdparty/collcachelib/coll_cache_lib/cache_context.cu:1877] Device 5 init p2p of link 4
[2022-12-09 03:55:57.180795: E /samgraph/3rdparty/collcachelib/coll_cache_lib/cache_context.cu:1877] Device 2 init p2p of link 4
[2022-12-09 03:55:57.181994: E /samgraph/3rdparty/collcachelib/coll_cache_lib/cache_context.cu:1877] Device 1 init p2p of link 3
[2022-12-09 03:55:57.182126: E /samgraph/3rdparty/collcachelib/coll_cache_lib/cache_context.cu:1877] Device 3 init p2p of link 1
[2022-12-09 03:55:57.182331: E /samgraph/3rdparty/collcachelib/coll_cache_lib/cache_context.cu:1877] Device 0 init p2p of link 2
[2022-12-09 03:55:57.182393: E /samgraph/3rdparty/collcachelib/coll_cache_lib/cache_context.cu:1877] Device 4 init p2p of link 5
[2022-12-09 03:55:57.195962: E /samgraph/3rdparty/collcachelib/coll_cache_lib/cache_context.cu:1906] Asymm Coll cache (policy: coll_cache_asymm_link) | local 2440889 / 244160499 nodes ( 1.00 %~1.00 %) | remote 4865960 / 244160499 nodes ( 1.99 %) | cpu 236853650 / 244160499 nodes ( 97.01 %) | 3.53 GB | 0.896367 secs 
[2022-12-09 03:55:57.197328: E /samgraph/3rdparty/collcachelib/coll_cache_lib/cache_context.cu:1906] Asymm Coll cache (policy: coll_cache_asymm_link) | local 2435393 / 244160499 nodes ( 1.00 %~1.00 %) | remote 4871456 / 244160499 nodes ( 2.00 %) | cpu 236853650 / 244160499 nodes ( 97.01 %) | 3.52 GB | 0.895729 secs 
[2022-12-09 03:55:57.197860: E /samgraph/3rdparty/collcachelib/coll_cache_lib/cache_context.cu:1906] Asymm Coll cache (policy: coll_cache_asymm_link) | local 2437316 / 244160499 nodes ( 1.00 %~1.00 %) | remote 4869533 / 244160499 nodes ( 1.99 %) | cpu 236853650 / 244160499 nodes ( 97.01 %) | 3.52 GB | 0.89222 secs 
[2022-12-09 03:55:57.200678: E /samgraph/3rdparty/collcachelib/coll_cache_lib/cache_context.cu:1906] Asymm Coll cache (policy: coll_cache_asymm_link) | local 2425148 / 244160499 nodes ( 0.99 %~1.00 %) | remote 4881701 / 244160499 nodes ( 2.00 %) | cpu 236853650 / 244160499 nodes ( 97.01 %) | 3.50 GB | 0.89489 secs 
[2022-12-09 03:55:57.202526: E /samgraph/3rdparty/collcachelib/coll_cache_lib/cache_context.cu:1906] Asymm Coll cache (policy: coll_cache_asymm_link) | local 2434140 / 244160499 nodes ( 1.00 %~1.00 %) | remote 4872709 / 244160499 nodes ( 2.00 %) | cpu 236853650 / 244160499 nodes ( 97.01 %) | 3.52 GB | 0.939415 secs 
[2022-12-09 03:55:57.202598: E /samgraph/3rdparty/collcachelib/coll_cache_lib/cache_context.cu:1906] Asymm Coll cache (policy: coll_cache_asymm_link) | local 2440812 / 244160499 nodes ( 1.00 %~1.00 %) | remote 4866037 / 244160499 nodes ( 1.99 %) | cpu 236853650 / 244160499 nodes ( 97.01 %) | 3.53 GB | 0.900942 secs 
[2022-12-09 03:55:57.202846: W /samgraph/3rdparty/collcachelib/coll_cache_lib/cache_context.cu:2010] before create ctx, mem is 6.17 GB
[2022-12-09 03:55:58.813513: W /samgraph/3rdparty/collcachelib/coll_cache_lib/cache_context.cu:2016] after create ctx, mem is 6.63 GB
[2022-12-09 03:55:58.813834: W /samgraph/3rdparty/collcachelib/coll_cache_lib/cache_context.cu:2023] after create stream, mem is 6.63 GB
[2022-12-09 03:55:58.814206: W /samgraph/3rdparty/collcachelib/coll_cache_lib/cache_context.cu:2010] before create ctx, mem is 6.63 GB
[2022-12-09 03:56:00.391247: W /samgraph/3rdparty/collcachelib/coll_cache_lib/cache_context.cu:2016] after create ctx, mem is 7.10 GB
[2022-12-09 03:56:00.391485: W /samgraph/3rdparty/collcachelib/coll_cache_lib/cache_context.cu:2023] after create stream, mem is 7.10 GB
[2022-12-09 03:56:00.392034: W /samgraph/3rdparty/collcachelib/coll_cache_lib/cache_context.cu:2010] before create ctx, mem is 7.10 GB
[2022-12-09 03:56:01.941480: W /samgraph/3rdparty/collcachelib/coll_cache_lib/cache_context.cu:2016] after create ctx, mem is 7.49 GB
[2022-12-09 03:56:01.941612: W /samgraph/3rdparty/collcachelib/coll_cache_lib/cache_context.cu:2023] after create stream, mem is 7.49 GB
[2022-12-09 03:56:01.942010: W /samgraph/3rdparty/collcachelib/coll_cache_lib/cache_context.cu:2010] before create ctx, mem is 7.49 GB
[2022-12-09 03:56:03.539744: W /samgraph/3rdparty/collcachelib/coll_cache_lib/cache_context.cu:2016] after create ctx, mem is 8.13 GB
[2022-12-09 03:56:03.539940: W /samgraph/3rdparty/collcachelib/coll_cache_lib/cache_context.cu:2023] after create stream, mem is 8.13 GB
[2022-12-09 03:56:03.540499: W /samgraph/3rdparty/collcachelib/coll_cache_lib/cache_context.cu:2010] before create ctx, mem is 8.13 GB
[2022-12-09 03:56:05. 77021: W /samgraph/3rdparty/collcachelib/coll_cache_lib/cache_context.cu:2016] after create ctx, mem is 8.51 GB
[2022-12-09 03:56:05. 77151: W /samgraph/3rdparty/collcachelib/coll_cache_lib/cache_context.cu:2023] after create stream, mem is 8.51 GB
[2022-12-09 03:56:05.[2141842022-12-09 03:56:05: [.[E[2022-12-09 03:56:052141842022-12-09 03:56:05 [2022-12-09 03:56:05.: ./samgraph/3rdparty/collcachelib/coll_cache_lib/run_config.cc2022-12-09 03:56:05.214184E214184:.214230:  : 134214221: E/samgraph/3rdparty/collcachelib/coll_cache_lib/run_config.ccE] : E : using concurrent impl MPSE /samgraph/3rdparty/collcachelib/coll_cache_lib/run_config.cc134/samgraph/3rdparty/collcachelib/coll_cache_lib/run_config.cc
 /samgraph/3rdparty/collcachelib/coll_cache_lib/run_config.cc:] :/samgraph/3rdparty/collcachelib/coll_cache_lib/run_config.cc:134using concurrent impl MPS134:134] 
] 134] using concurrent impl MPSusing concurrent impl MPS] using concurrent impl MPS

using concurrent impl MPS

[2022-12-09 03:56:05.217156: E /samgraph/3rdparty/collcachelib/coll_cache_lib/coll_cache/asymm_link_desc.cc:172] v100x8, slow pcie
[2022-12-09 03:56:05.217201: E /samgraph/3rdparty/collcachelib/coll_cache_lib/coll_cache/asymm_link_desc.cc:200] build asymm link desc with 6X Tesla V100-SXM2-32GB out of 8
[2022-12-09 03:56:05.217236: E /samgraph/3rdparty/collcachelib/coll_cache_lib/coll_cache/asymm_link_desc.cc:201] remote time is 8.68421
[2022-12-09 03:56:05.217264: E /samgraph/3rdparty/collcachelib/coll_cache_lib/coll_cache/asymm_link_desc.cc:202] cpu time is 97.0588
[2022-12-09 03:56:05.217339: E /samgraph/3rdparty/collcachelib/coll_cache_lib/coll_cache/asymm_link_desc.cc:172] v100x8, slow pcie
[[2022-12-09 03:56:052022-12-09 03:56:05..217381217384: : EE  /samgraph/3rdparty/collcachelib/coll_cache_lib/coll_cache/asymm_link_desc.cc/samgraph/3rdparty/collcachelib/coll_cache_lib/coll_cache/asymm_link_desc.cc::172200] ] v100x8, slow pciebuild asymm link desc with 6X Tesla V100-SXM2-32GB out of 8
[
2022-12-09 03:56:05.217426: E[ 2022-12-09 03:56:05[/samgraph/3rdparty/collcachelib/coll_cache_lib/coll_cache/asymm_link_desc.cc.2022-12-09 03:56:05:217456.172: 217459] E[: v100x8, slow pcie 2022-12-09 03:56:05E
/samgraph/3rdparty/collcachelib/coll_cache_lib/coll_cache/asymm_link_desc.cc. :217476/samgraph/3rdparty/collcachelib/coll_cache_lib/coll_cache/asymm_link_desc.cc[[200: :2022-12-09 03:56:052022-12-09 03:56:05] E201..build asymm link desc with 6X Tesla V100-SXM2-32GB out of 8 ] 217518217525
/samgraph/3rdparty/collcachelib/coll_cache_lib/coll_cache/asymm_link_desc.ccremote time is 8.68421: : :
[EE1722022-12-09 03:56:05[  ] .2022-12-09 03:56:05/samgraph/3rdparty/collcachelib/coll_cache_lib/coll_cache/asymm_link_desc.cc/samgraph/3rdparty/collcachelib/coll_cache_lib/coll_cache/asymm_link_desc.ccv100x8, slow pcie217616.::
: 217636172200E: ] ]  E[v100x8, slow pciebuild asymm link desc with 6X Tesla V100-SXM2-32GB out of 8/samgraph/3rdparty/collcachelib/coll_cache_lib/coll_cache/asymm_link_desc.cc 2022-12-09 03:56:05

:/samgraph/3rdparty/collcachelib/coll_cache_lib/coll_cache/asymm_link_desc.cc.201:217723] [[202: remote time is 8.684212022-12-09 03:56:052022-12-09 03:56:05] E
..cpu time is 97.0588 217768[217767
/samgraph/3rdparty/collcachelib/coll_cache_lib/coll_cache/asymm_link_desc.cc: 2022-12-09 03:56:05: :E.E200 217824 ] /samgraph/3rdparty/collcachelib/coll_cache_lib/coll_cache/asymm_link_desc.cc: /samgraph/3rdparty/collcachelib/coll_cache_lib/coll_cache/asymm_link_desc.ccbuild asymm link desc with 6X Tesla V100-SXM2-32GB out of 8:E:
200 201] /samgraph/3rdparty/collcachelib/coll_cache_lib/coll_cache/asymm_link_desc.cc] [build asymm link desc with 6X Tesla V100-SXM2-32GB out of 8:remote time is 8.684212022-12-09 03:56:05
202
.] 217920[cpu time is 97.0588[: 2022-12-09 03:56:05
2022-12-09 03:56:05E.. 217961217963/samgraph/3rdparty/collcachelib/coll_cache_lib/coll_cache/asymm_link_desc.cc: : :EE201  ] /samgraph/3rdparty/collcachelib/coll_cache_lib/coll_cache/asymm_link_desc.cc/samgraph/3rdparty/collcachelib/coll_cache_lib/coll_cache/asymm_link_desc.ccremote time is 8.68421::
201202] ] [remote time is 8.68421cpu time is 97.05882022-12-09 03:56:05

.218083[: 2022-12-09 03:56:05E. 218116/samgraph/3rdparty/collcachelib/coll_cache_lib/coll_cache/asymm_link_desc.cc: :E202 ] /samgraph/3rdparty/collcachelib/coll_cache_lib/coll_cache/asymm_link_desc.cccpu time is 97.0588:
202] cpu time is 97.0588
[[[[[[2022-12-09 03:56:052022-12-09 03:56:052022-12-09 03:56:052022-12-09 03:56:052022-12-09 03:56:052022-12-09 03:56:05......971367971366971367971367971367971367: : : : : : EEEEEE      /samgraph/3rdparty/collcachelib/coll_cache_lib/facade.cc/samgraph/3rdparty/collcachelib/coll_cache_lib/facade.cc/samgraph/3rdparty/collcachelib/coll_cache_lib/facade.cc/samgraph/3rdparty/collcachelib/coll_cache_lib/facade.cc/samgraph/3rdparty/collcachelib/coll_cache_lib/facade.cc/samgraph/3rdparty/collcachelib/coll_cache_lib/facade.cc::::::202202202202202202] ] ] ] ] ] 2 solved3 solved4 solved1 solved0 solved5 solved




[
[[[2022-12-09 03:56:05[2022-12-09 03:56:052022-12-09 03:56:05[2022-12-09 03:56:05.2022-12-09 03:56:05..2022-12-09 03:56:05.971723.971719971725.971728: 971732: : 971737: E: EE: E E  E /samgraph/3rdparty/collcachelib/coll_cache_lib/facade.cc /samgraph/3rdparty/collcachelib/coll_cache_lib/facade.cc/samgraph/3rdparty/collcachelib/coll_cache_lib/facade.cc /samgraph/3rdparty/collcachelib/coll_cache_lib/facade.cc:/samgraph/3rdparty/collcachelib/coll_cache_lib/facade.cc::/samgraph/3rdparty/collcachelib/coll_cache_lib/facade.cc:205:205205:205] 205] ] 205] worker 3 thread 3 initing device 3] worker 2 thread 2 initing device 2worker 4 thread 4 initing device 4] worker 1 thread 1 initing device 1
worker 0 thread 0 initing device 0

worker 5 thread 5 initing device 5


[2022-12-09 03:56:07.546490: W /samgraph/samgraph/common/cuda/cuda_device.cc:49] GPU[0] alloc cuda memory 922.51 MB
[2022-12-09 03:56:08.933731: W /samgraph/samgraph/common/cuda/cuda_device.cc:49] GPU[0] alloc cuda memory 922.51 MB
/usr/local/lib/python3.8/dist-packages/torch/nn/parallel/scatter_gather.py:9: UserWarning: is_namedtuple is deprecated, please use the python checks instead
  warnings.warn("is_namedtuple is deprecated, please use the python checks instead")
/usr/local/lib/python3.8/dist-packages/torch/nn/parallel/scatter_gather.py:9: UserWarning: is_namedtuple is deprecated, please use the python checks instead
  warnings.warn("is_namedtuple is deprecated, please use the python checks instead")
/usr/local/lib/python3.8/dist-packages/torch/nn/parallel/scatter_gather.py:9: UserWarning: is_namedtuple is deprecated, please use the python checks instead
  warnings.warn("is_namedtuple is deprecated, please use the python checks instead")
/usr/local/lib/python3.8/dist-packages/torch/nn/parallel/scatter_gather.py:9: UserWarning: is_namedtuple is deprecated, please use the python checks instead
  warnings.warn("is_namedtuple is deprecated, please use the python checks instead")
/usr/local/lib/python3.8/dist-packages/torch/nn/parallel/scatter_gather.py:9: UserWarning: is_namedtuple is deprecated, please use the python checks instead
  warnings.warn("is_namedtuple is deprecated, please use the python checks instead")
/usr/local/lib/python3.8/dist-packages/torch/nn/parallel/scatter_gather.py:9: UserWarning: is_namedtuple is deprecated, please use the python checks instead
  warnings.warn("is_namedtuple is deprecated, please use the python checks instead")
