[2022-12-07 04:10:08.221847: W /samgraph/samgraph/common/cpu/mmap_cpu_device.cc:92] mmap allocating space 13.46 GB
[2022-12-07 04:10:08.221953: W /samgraph/samgraph/common/cpu/mmap_cpu_device.cc:97] mmap allocating space 13.46 GB done
[2022-12-07 04:10:15.742587: W /samgraph/samgraph/common/cpu/mmap_cpu_device.cc:92] mmap allocating space 62.57 GB
[2022-12-07 04:10:15.742685: W /samgraph/samgraph/common/cpu/mmap_cpu_device.cc:97] mmap allocating space 62.57 GB done
[2022-12-07 04:10:15.747568: W /samgraph/samgraph/common/cpu/mmap_cpu_device.cc:92] mmap allocating space 8.62 GB
[2022-12-07 04:10:15.747620: W /samgraph/samgraph/common/cpu/mmap_cpu_device.cc:97] mmap allocating space 8.62 GB done
/usr/lib/python3/dist-packages/requests/__init__.py:89: RequestsDependencyWarning: urllib3 (1.26.12) or chardet (3.0.4) doesn't match a supported version!
  warnings.warn("urllib3 ({}) or chardet ({}) doesn't match a supported "
[2022-12-07 04:10:16.311755: W /samgraph/samgraph/common/dist/dist_engine.cc:662] Trainer[0] initializing...
[2022-12-07 04:10:16.440789: W /samgraph/samgraph/common/dist/dist_engine.cc:662] Trainer[2] initializing...
[2022-12-07 04:10:16.450818: W /samgraph/samgraph/common/dist/dist_engine.cc:662] Trainer[1] initializing...
[2022-12-07 04:10:16.534415: W /samgraph/samgraph/common/dist/dist_engine.cc:662] Trainer[3] initializing...
[2022-12-07 04:10:16.547287: W /samgraph/samgraph/common/dist/dist_engine.cc:662] Trainer[4] initializing...
[2022-12-07 04:10:16.636782: W /samgraph/samgraph/common/dist/dist_engine.cc:662] Trainer[5] initializing...
[2022-12-07 04:10:18.492375: W /samgraph/samgraph/common/dist/dist_engine.cc:666] Trainer[0] pin memory queue...
[2022-12-07 04:10:18.530788: W /samgraph/samgraph/common/dist/dist_engine.cc:666] Trainer[1] pin memory queue...
[2022-12-07 04:10:18.546959: W /samgraph/samgraph/common/dist/dist_engine.cc:666] Trainer[2] pin memory queue...
[2022-12-07 04:10:18.552143: W /samgraph/samgraph/common/dist/dist_engine.cc:666] Trainer[3] pin memory queue...
[2022-12-07 04:10:18.560137: W /samgraph/samgraph/common/dist/dist_engine.cc:666] Trainer[4] pin memory queue...
[2022-12-07 04:10:18.570100: W /samgraph/samgraph/common/dist/dist_engine.cc:666] Trainer[5] pin memory queue...
[2022-12-07 04:10:22.955200: E /samgraph/samgraph/common/dist/dist_engine.cc[:2022-12-07 04:10:2285.] 955243Running on V100: 
E /samgraph/samgraph/common/dist/dist_engine.cc:85] Running on V100
[2022-12-07 04:10:22.955343: E /samgraph/samgraph/common/dist/dist_engine.cc:85] Running on V100
[2022-12-07 04:10:22.955389: E /samgraph/samgraph/common/dist/dist_engine.cc:85] Running on V100
[2022-12-07 04:10:22.955524: E /samgraph/samgraph/common/dist/dist_engine.cc:85] Running on V100
[2022-12-07 04:10:22.955576: E /samgraph/samgraph/common/dist/dist_engine.cc:85] Running on V100
[2022-12-07 04:10:22.955646: W /samgraph/samgraph/common/dist/dist_engine.cc:701[] 2022-12-07 04:10:22Trainer[4] register host memory....
955664[: 2022-12-07 04:10:22W. 955676/samgraph/samgraph/common/dist/dist_engine.cc: :W701 ] /samgraph/samgraph/common/dist/dist_engine.ccTrainer[2] register host memory...:
701] Trainer[5] register host memory...
[2022-12-07 04:10:22.955743: W /samgraph/samgraph/common/dist/dist_engine.cc:701] Trainer[1] register host memory...
[2022-12-07 04:10:22.955806: W /samgraph/samgraph/common/dist/dist_engine.cc:701] Trainer[3] register host memory...
[2022-12-07 04:10:22.955872: W /samgraph/samgraph/common/dist/dist_engine.cc:701] Trainer[0] register host memory...
[2022-12-07 04:10:23.220712: E /samgraph/samgraph/common/dist/dist_engine.cc:85] Running on V100
[2022-12-07 04:10:23.221921: E /samgraph/samgraph/common/dist/dist_engine.cc:85] Running on V100
[2022-12-07 04:10:23.226010: W /samgraph/samgraph/common/cuda/cuda_device.cc:49] GPU[6] alloc cuda memory 250.28 MB
[2022-12-07 04:10:23.303004: W /samgraph/samgraph/common/cuda/cuda_device.cc:49] GPU[6] alloc cuda memory 13.46 GB
[2022-12-07 04:10:26.188339: W /samgraph/samgraph/common/cuda/cuda_device.cc:49] GPU[6] alloc cuda memory 128.00 MB
[2022-12-07 04:10:26.193954: E /samgraph/samgraph/common/dist/pre_sampler.cc:41] Dist Presampler making shuffler...
[2022-12-07 04:10:26.198065: E /samgraph/samgraph/common/dist/pre_sampler.cc:44] Dist Presampler making shuffler...Done
[2022-12-07 04:10:26.198114: W /samgraph/samgraph/common/cpu/cpu_device.cc:39] WORKER[0] alloc host memory 500.55 MB
[2022-12-07 04:10:26.417513: E /samgraph/samgraph/common/dist/pre_sampler.cc:85] Dist Presampler doing presample epoch 0
[2022-12-07 04:10:28.331925: E /samgraph/samgraph/common/dist/pre_sampler.cc:129] presample spend 0.701904 on sample, 0.0528729 on copy, 1.1581 on count
[2022-12-07 04:10:28.332055: E /samgraph/samgraph/common/dist/pre_sampler.cc:85] Dist Presampler doing presample epoch 1
[2022-12-07 04:10:30.162705: E /samgraph/samgraph/common/dist/pre_sampler.cc:129] presample spend 1.39623 on sample, 0.102918 on copy, 2.24325 on count
[2022-12-07 04:10:30.162819: E /samgraph/samgraph/common/dist/pre_sampler.cc:136] max_num_inputs = 1210741, min_num_inputs = 1165870
[2022-12-07 04:10:30.315653: E /samgraph/samgraph/common/dist/pre_sampler.cc:148] presample spend 0.152735 on sort freq.
[2022-12-07 04:10:30.549596: E /samgraph/samgraph/common/dist/dist_engine.cc:524] pre sample done, delete it
[2022-12-07 04:10:30.565348: W /samgraph/samgraph/common/dist/dist_engine.cc:711] Trainer[3] building cache...
[[[[[2022-12-07 04:10:302022-12-07 04:10:302022-12-07 04:10:302022-12-07 04:10:302022-12-07 04:10:30.....565358565359565358565365565357: : : : : WWWWW     /samgraph/samgraph/common/dist/dist_engine.cc/samgraph/samgraph/common/dist/dist_engine.cc/samgraph/samgraph/common/dist/dist_engine.cc/samgraph/samgraph/common/dist/dist_engine.cc/samgraph/samgraph/common/dist/dist_engine.cc:::::711711711711711] ] ] ] ] Trainer[5] building cache...Trainer[1] building cache...Trainer[2] building cache...Trainer[0] building cache...Trainer[4] building cache...




[2022-12-07 04:10:30.567775: E /samgraph/3rdparty/collcachelib/coll_cache_lib/coll_cache/asymm_link_desc.cc:196] build asymm link desc with 6X Tesla V100-SXM2-32GB out of 8
[2022-12-07 04:10:30.567836: E /samgraph/3rdparty/collcachelib/coll_cache_lib/coll_cache/asymm_link_desc.cc:197] remote time is 8.68421
[2022-12-07 04:10:30.567864: E /samgraph/3rdparty/collcachelib/coll_cache_lib/coll_cache/asymm_link_desc.cc:198] cpu time is 30
[2022-12-07 04:10:30.568948: E /samgraph/3rdparty/collcachelib/coll_cache_lib/coll_cache/asymm_link_desc.cc:196] build asymm link desc with 6X Tesla V100-SXM2-32GB out of 8
[2022-12-07 04:10:30[.2022-12-07 04:10:30568992.: 569009E:  E/samgraph/3rdparty/collcachelib/coll_cache_lib/coll_cache/asymm_link_desc.cc :/samgraph/3rdparty/collcachelib/coll_cache_lib/coll_cache/asymm_link_desc.cc196:] 197build asymm link desc with 6X Tesla V100-SXM2-32GB out of 8] 
remote time is 8.68421[
2022-12-07 04:10:30.569041: [E[2022-12-07 04:10:30 2022-12-07 04:10:30./samgraph/3rdparty/collcachelib/coll_cache_lib/coll_cache/asymm_link_desc.cc.569065:569069: 196[: E] 2022-12-07 04:10:30E build asymm link desc with 6X Tesla V100-SXM2-32GB out of 8. /samgraph/3rdparty/collcachelib/coll_cache_lib/coll_cache/asymm_link_desc.cc
569079/samgraph/3rdparty/collcachelib/coll_cache_lib/coll_cache/asymm_link_desc.cc:: :198E197] [ ] [cpu time is 302022-12-07 04:10:30/samgraph/3rdparty/collcachelib/coll_cache_lib/coll_cache/asymm_link_desc.ccremote time is 8.684212022-12-07 04:10:30
.:
.569120196569134: ] [: Ebuild asymm link desc with 6X Tesla V100-SXM2-32GB out of 82022-12-07 04:10:30E 
. /samgraph/3rdparty/collcachelib/coll_cache_lib/coll_cache/asymm_link_desc.cc569169/samgraph/3rdparty/collcachelib/coll_cache_lib/coll_cache/asymm_link_desc.cc:: :196E197] [ ] build asymm link desc with 6X Tesla V100-SXM2-32GB out of 82022-12-07 04:10:30/samgraph/3rdparty/collcachelib/coll_cache_lib/coll_cache/asymm_link_desc.ccremote time is 8.68421
.:
569206198: ] E[cpu time is 30 2022-12-07 04:10:30
[/samgraph/3rdparty/collcachelib/coll_cache_lib/coll_cache/asymm_link_desc.cc.2022-12-07 04:10:30:569238.197: 569245] E: remote time is 8.68421 E
/samgraph/3rdparty/collcachelib/coll_cache_lib/coll_cache/asymm_link_desc.cc [:/samgraph/3rdparty/collcachelib/coll_cache_lib/coll_cache/asymm_link_desc.cc2022-12-07 04:10:30198:.] 197569288cpu time is 30] : 
remote time is 8.68421E
 /samgraph/3rdparty/collcachelib/coll_cache_lib/coll_cache/asymm_link_desc.cc:198[] 2022-12-07 04:10:30cpu time is 30.
569336: E /samgraph/3rdparty/collcachelib/coll_cache_lib/coll_cache/asymm_link_desc.cc:198] cpu time is 30
[2022-12-07 04:10:58.882790: E /samgraph/3rdparty/collcachelib/coll_cache_lib/facade.cc:115] solver created. now build & solve
[2022-12-07 04:10:58.911415: E /samgraph/3rdparty/collcachelib/coll_cache_lib/facade.cc:120] solver built. now solve
[2022-12-07 04:10:58.911468: E /samgraph/3rdparty/collcachelib/coll_cache_lib/coll_cache/optimal_solver_class.cc:895] num_cached_nodes = 3280418
[2022-12-07 04:10:59.609813: E /samgraph/3rdparty/collcachelib/coll_cache_lib/facade.cc:124] solver solved
[2022-12-07 04:10:59.609914: E /samgraph/3rdparty/collcachelib/coll_cache_lib/facade.cc:187] 0 solved master
[2022-12-07 04:10:59.609963: E /samgraph/3rdparty/collcachelib/coll_cache_lib/facade.cc:194] 0 solved
[2022-12-07 04:10:59.609992: E /samgraph/3rdparty/collcachelib/coll_cache_lib/facade.cc:197] worker 0 thread 0 initing device 0
[2022-12-07 04:10:59.623207: E /samgraph/3rdparty/collcachelib/coll_cache_lib/facade.cc:194] 4 solved
[2022-12-07 04:10:59.623275: E /samgraph/3rdparty/collcachelib/coll_cache_lib/facade.cc:197] worker 4 thread 4 initing device 4
[[2022-12-07 04:10:592022-12-07 04:10:59..623330623330: : EE  /samgraph/3rdparty/collcachelib/coll_cache_lib/facade.cc/samgraph/3rdparty/collcachelib/coll_cache_lib/facade.cc::194194] ] 1 solved3 solved

[[2022-12-07 04:10:592022-12-07 04:10:59..623426623428: : EE  /samgraph/3rdparty/collcachelib/coll_cache_lib/facade.cc/samgraph/3rdparty/collcachelib/coll_cache_lib/facade.cc::197197] ] worker 1 thread 1 initing device 1worker 3 thread 3 initing device 3

[[2022-12-07 04:10:592022-12-07 04:10:59..629658629658: : EE  /samgraph/3rdparty/collcachelib/coll_cache_lib/facade.cc/samgraph/3rdparty/collcachelib/coll_cache_lib/facade.cc::194194] ] 5 solved2 solved

[[2022-12-07 04:10:592022-12-07 04:10:59..629762629764: : EE  /samgraph/3rdparty/collcachelib/coll_cache_lib/facade.cc/samgraph/3rdparty/collcachelib/coll_cache_lib/facade.cc::197197] ] worker 5 thread 5 initing device 5worker 2 thread 2 initing device 2

[2022-12-07 04:11:00.265826: E /samgraph/3rdparty/collcachelib/coll_cache_lib/cache_context.cu:1740] Collaborative GPU cache (policy: rep_cache) | local 3280418 / 65608366 nodes ( 5.00 %~5.00 %) | remote 0 / 65608366 nodes ( 0.00 %) | cpu 62327948 / 65608366 nodes ( 95.00 %) | 3.13 GB | 0.64086 secs 
[2022-12-07 04:11:00.266386: E /samgraph/3rdparty/collcachelib/coll_cache_lib/cache_context.cu:1740] Collaborative GPU cache (policy: rep_cache) | local 3280418 / 65608366 nodes ( 5.00 %~5.00 %) | remote 0 / 65608366 nodes ( 0.00 %) | cpu 62327948 / 65608366 nodes ( 95.00 %) | 3.13 GB | 0.641122 secs 
[2022-12-07 04:11:00.267200: E /samgraph/3rdparty/collcachelib/coll_cache_lib/cache_context.cu:1740] Collaborative GPU cache (policy: rep_cache) | local 3280418 / 65608366 nodes ( 5.00 %~5.00 %) | remote 0 / 65608366 nodes ( 0.00 %) | cpu 62327948 / 65608366 nodes ( 95.00 %) | 3.13 GB | 0.635788 secs 
[2022-12-07 04:11:00.267910: E /samgraph/3rdparty/collcachelib/coll_cache_lib/cache_context.cu:1740] Collaborative GPU cache (policy: rep_cache) | local 3280418 / 65608366 nodes ( 5.00 %~5.00 %) | remote 0 / 65608366 nodes ( 0.00 %) | cpu 62327948 / 65608366 nodes ( 95.00 %) | 3.13 GB | 0.656424 secs 
[2022-12-07 04:11:00.268252: E /samgraph/3rdparty/collcachelib/coll_cache_lib/cache_context.cu:1740] Collaborative GPU cache (policy: rep_cache) | local 3280418 / 65608366 nodes ( 5.00 %~5.00 %) | remote 0 / 65608366 nodes ( 0.00 %) | cpu 62327948 / 65608366 nodes ( 95.00 %) | 3.13 GB | 0.636891 secs 
[2022-12-07 04:11:00.268598: E /samgraph/3rdparty/collcachelib/coll_cache_lib/cache_context.cu:1740] Collaborative GPU cache (policy: rep_cache) | local 3280418 / 65608366 nodes ( 5.00 %~5.00 %) | remote 0 / 65608366 nodes ( 0.00 %) | cpu 62327948 / 65608366 nodes ( 95.00 %) | 3.13 GB | 0.643414 secs 
[2022-12-07 04:11:00.271868: E /samgraph/3rdparty/collcachelib/coll_cache_lib/coll_cache/asymm_link_desc.cc:196] build asymm link desc with 6X Tesla V100-SXM2-32GB out of 8
[2022-12-07 04:11:00.[2719182022-12-07 04:11:00: .E271910 : /samgraph/3rdparty/collcachelib/coll_cache_lib/coll_cache/asymm_link_desc.ccE: 197/samgraph/3rdparty/collcachelib/coll_cache_lib/coll_cache/asymm_link_desc.cc] :remote time is 8.68421196
] build asymm link desc with 6X Tesla V100-SXM2-32GB out of 8
[2022-12-07 04:11:00.271968[[: 2022-12-07 04:11:002022-12-07 04:11:00E.. 271962271977/samgraph/3rdparty/collcachelib/coll_cache_lib/coll_cache/asymm_link_desc.cc: : :[EE1982022-12-07 04:11:00  ] ./samgraph/3rdparty/collcachelib/coll_cache_lib/coll_cache/asymm_link_desc.cc/samgraph/3rdparty/collcachelib/coll_cache_lib/coll_cache/asymm_link_desc.cccpu time is 30272008:[:
: 1962022-12-07 04:11:00197E] .]  build asymm link desc with 6X Tesla V100-SXM2-32GB out of 8272051remote time is 8.68421[/samgraph/3rdparty/collcachelib/coll_cache_lib/coll_cache/asymm_link_desc.cc
: 
2022-12-07 04:11:00:E[.[196 2022-12-07 04:11:002720972022-12-07 04:11:00] /samgraph/3rdparty/collcachelib/coll_cache_lib/coll_cache/asymm_link_desc.cc.: .build asymm link desc with 6X Tesla V100-SXM2-32GB out of 8:272142E272140
196:  : ] E/samgraph/3rdparty/collcachelib/coll_cache_lib/coll_cache/asymm_link_desc.cc[Ebuild asymm link desc with 6X Tesla V100-SXM2-32GB out of 8 :2022-12-07 04:11:00 
/samgraph/3rdparty/collcachelib/coll_cache_lib/coll_cache/asymm_link_desc.cc196./samgraph/3rdparty/collcachelib/coll_cache_lib/coll_cache/asymm_link_desc.cc:] 272209[:198build asymm link desc with 6X Tesla V100-SXM2-32GB out of 8: 2022-12-07 04:11:00197] 
E.] cpu time is 30 272252remote time is 8.68421[
/samgraph/3rdparty/collcachelib/coll_cache_lib/coll_cache/asymm_link_desc.cc: 
2022-12-07 04:11:00:E.[197 2722992022-12-07 04:11:00] /samgraph/3rdparty/collcachelib/coll_cache_lib/coll_cache/asymm_link_desc.cc: .remote time is 8.68421:E272330
197 : ] [/samgraph/3rdparty/collcachelib/coll_cache_lib/coll_cache/asymm_link_desc.ccEremote time is 8.684212022-12-07 04:11:00: 
.197/samgraph/3rdparty/collcachelib/coll_cache_lib/coll_cache/asymm_link_desc.cc272392[] :: 2022-12-07 04:11:00remote time is 8.68421198E.
]  272429cpu time is 30/samgraph/3rdparty/collcachelib/coll_cache_lib/coll_cache/asymm_link_desc.cc: [
:E2022-12-07 04:11:00198 .] /samgraph/3rdparty/collcachelib/coll_cache_lib/coll_cache/asymm_link_desc.cc272472cpu time is 30:: 
198E]  cpu time is 30/samgraph/3rdparty/collcachelib/coll_cache_lib/coll_cache/asymm_link_desc.cc
:198] cpu time is 30
[2022-12-07 04:11:00.490770: E /samgraph/3rdparty/collcachelib/coll_cache_lib/facade.cc:115] solver created. now build & solve
[2022-12-07 04:11:00.503355: E /samgraph/3rdparty/collcachelib/coll_cache_lib/facade.cc:120] solver built. now solve
[2022-12-07 04:11:00.503398: E /samgraph/3rdparty/collcachelib/coll_cache_lib/coll_cache/optimal_solver_class.cc:895] num_cached_nodes = 3280418
[2022-12-07 04:11:01.208373: E /samgraph/3rdparty/collcachelib/coll_cache_lib/facade.cc:124] solver solved
[2022-12-07 04:11:01.208444: E /samgraph/3rdparty/collcachelib/coll_cache_lib/facade.cc:187] 0 solved master
[2022-12-07 04:11:01.208473: E /samgraph/3rdparty/collcachelib/coll_cache_lib/facade.cc:194] 0 solved
[2022-12-07 04:11:01.208499: E /samgraph/3rdparty/collcachelib/coll_cache_lib/facade.cc:197] worker 0 thread 0 initing device 0
[2022-12-07 04:11:01.221678: E /samgraph/3rdparty/collcachelib/coll_cache_lib/facade.cc:194] 3 solved
[2022-12-07 04:11:01.221734: [E 2022-12-07 04:11:01/samgraph/3rdparty/collcachelib/coll_cache_lib/facade.cc.:221729197: ] Eworker 3 thread 3 initing device 3 
/samgraph/3rdparty/collcachelib/coll_cache_lib/facade.cc:194] 4 solved
[[2022-12-07 04:11:012022-12-07 04:11:01..221774221793: : EE  /samgraph/3rdparty/collcachelib/coll_cache_lib/facade.cc/samgraph/3rdparty/collcachelib/coll_cache_lib/facade.cc::194197] ] 2 solvedworker 4 thread 4 initing device 4

[2022-12-07 04:11:01.221858: E /samgraph/3rdparty/collcachelib/coll_cache_lib/facade.cc:197] worker 2 thread 2 initing device 2
[[2022-12-07 04:11:01.2022-12-07 04:11:01228954.: 228955E:  E/samgraph/3rdparty/collcachelib/coll_cache_lib/facade.cc :/samgraph/3rdparty/collcachelib/coll_cache_lib/facade.cc194:] 1945 solved] 
1 solved
[2022-12-07 04:11:01.[2290492022-12-07 04:11:01: .E229053 : /samgraph/3rdparty/collcachelib/coll_cache_lib/facade.ccE: 197/samgraph/3rdparty/collcachelib/coll_cache_lib/facade.cc] :worker 5 thread 5 initing device 5197
] worker 1 thread 1 initing device 1
[2022-12-07 04:11:02.867038: W /samgraph/samgraph/common/cuda/cuda_device.cc:49] GPU[0] alloc cuda memory 1.25 GB
[2022-12-07 04:11:04.446877: W /samgraph/samgraph/common/cuda/cuda_device.cc:49] GPU[0] alloc cuda memory 1.25 GB
/usr/local/lib/python3.8/dist-packages/torch/nn/parallel/scatter_gather.py:9: UserWarning: is_namedtuple is deprecated, please use the python checks instead
  warnings.warn("is_namedtuple is deprecated, please use the python checks instead")
/usr/local/lib/python3.8/dist-packages/torch/nn/parallel/scatter_gather.py:9: UserWarning: is_namedtuple is deprecated, please use the python checks instead
  warnings.warn("is_namedtuple is deprecated, please use the python checks instead")
/usr/local/lib/python3.8/dist-packages/torch/nn/parallel/scatter_gather.py:9: UserWarning: is_namedtuple is deprecated, please use the python checks instead
  warnings.warn("is_namedtuple is deprecated, please use the python checks instead")
/usr/local/lib/python3.8/dist-packages/torch/nn/parallel/scatter_gather.py:9: UserWarning: is_namedtuple is deprecated, please use the python checks instead
  warnings.warn("is_namedtuple is deprecated, please use the python checks instead")
/usr/local/lib/python3.8/dist-packages/torch/nn/parallel/scatter_gather.py:9: UserWarning: is_namedtuple is deprecated, please use the python checks instead
  warnings.warn("is_namedtuple is deprecated, please use the python checks instead")
/usr/local/lib/python3.8/dist-packages/torch/nn/parallel/scatter_gather.py:9: UserWarning: is_namedtuple is deprecated, please use the python checks instead
  warnings.warn("is_namedtuple is deprecated, please use the python checks instead")
