[2022-12-07 04:40:43.302836: W /samgraph/samgraph/common/cpu/mmap_cpu_device.cc:92] mmap allocating space 13.46 GB
[2022-12-07 04:40:43.302944: W /samgraph/samgraph/common/cpu/mmap_cpu_device.cc:97] mmap allocating space 13.46 GB done
[2022-12-07 04:40:50.677471: W /samgraph/samgraph/common/cpu/mmap_cpu_device.cc:92] mmap allocating space 62.57 GB
[2022-12-07 04:40:50.677591: W /samgraph/samgraph/common/cpu/mmap_cpu_device.cc:97] mmap allocating space 62.57 GB done
[2022-12-07 04:40:50.682451: W /samgraph/samgraph/common/cpu/mmap_cpu_device.cc:92] mmap allocating space 8.62 GB
[2022-12-07 04:40:50.682503: W /samgraph/samgraph/common/cpu/mmap_cpu_device.cc:97] mmap allocating space 8.62 GB done
/usr/lib/python3/dist-packages/requests/__init__.py:89: RequestsDependencyWarning: urllib3 (1.26.12) or chardet (3.0.4) doesn't match a supported version!
  warnings.warn("urllib3 ({}) or chardet ({}) doesn't match a supported "
[2022-12-07 04:40:51.268686: W /samgraph/samgraph/common/dist/dist_engine.cc:662] Trainer[1] initializing...
[2022-12-07 04:40:51.386028: W /samgraph/samgraph/common/dist/dist_engine.cc:662] Trainer[0] initializing...
[2022-12-07 04:40:51.495126: W /samgraph/samgraph/common/dist/dist_engine.cc:662] Trainer[5] initializing...
[2022-12-07 04:40:51.515820: W /samgraph/samgraph/common/dist/dist_engine.cc:662] Trainer[3] initializing...
[2022-12-07 04:40:51.577157: W /samgraph/samgraph/common/dist/dist_engine.cc:662] Trainer[4] initializing...
[2022-12-07 04:40:51.588190: W /samgraph/samgraph/common/dist/dist_engine.cc:662] Trainer[2] initializing...
[2022-12-07 04:40:53.509326: W /samgraph/samgraph/common/dist/dist_engine.cc:666] Trainer[5] pin memory queue...
[2022-12-07 04:40:53.516392: W /samgraph/samgraph/common/dist/dist_engine.cc:666] Trainer[1] pin memory queue...
[2022-12-07 04:40:53.538350: W /samgraph/samgraph/common/dist/dist_engine.cc:666] Trainer[0] pin memory queue...
[2022-12-07 04:40:53.572831: W /samgraph/samgraph/common/dist/dist_engine.cc:666] Trainer[4] pin memory queue...
[2022-12-07 04:40:53.581349: W /samgraph/samgraph/common/dist/dist_engine.cc:666] Trainer[3] pin memory queue...
[2022-12-07 04:40:53.583558: W /samgraph/samgraph/common/dist/dist_engine.cc:666] Trainer[2] pin memory queue...
[2022-12-07 04:40:57.744069: E /samgraph/samgraph/common/dist/dist_engine.cc:85] Running on V100
[2022-12-07 04:40:57.744258: E /samgraph/samgraph/common/dist/dist_engine.cc:85] Running on V100[
2022-12-07 04:40:57.744303: E /samgraph/samgraph/common/dist/dist_engine.cc:85] Running on V100
[2022-12-07 04:40:57.744353: E /samgraph/samgraph/common/dist/dist_engine.cc:85] Running on V100
[2022-12-07 04:40:57.744454: E /samgraph/samgraph/common/dist/dist_engine.cc:85] Running on V100
[2022-12-07 04:40:57.744523: W /samgraph/samgraph/common/dist/dist_engine.cc:701] Trainer[4] register host memory...
[2022-12-07 04:40:57.744590: W /samgraph/samgraph/common/dist/dist_engine.cc:701] [Trainer[5] register host memory...2022-12-07 04:40:57
.744611: W /samgraph/samgraph/common/dist/dist_engine.cc:701] Trainer[0] register host memory...
[2022-12-07 04:40:57.744670: W /samgraph/samgraph/common/dist/dist_engine.cc:701] Trainer[2] register host memory...
[2022-12-07 04:40:57.744734: W /samgraph/samgraph/common/dist/dist_engine.cc:701] Trainer[1] register host memory...
[2022-12-07 04:40:57.745197: E /samgraph/samgraph/common/dist/dist_engine.cc:85] Running on V100
[2022-12-07 04:40:57.745337: W /samgraph/samgraph/common/dist/dist_engine.cc:701] Trainer[3] register host memory...
[2022-12-07 04:40:58.  8608: E /samgraph/samgraph/common/dist/dist_engine.cc:85] Running on V100
[2022-12-07 04:40:58.  9391: E /samgraph/samgraph/common/dist/dist_engine.cc:85] Running on V100
[2022-12-07 04:40:58. 14433: W /samgraph/samgraph/common/cuda/cuda_device.cc:49] GPU[6] alloc cuda memory 250.28 MB
[2022-12-07 04:40:58. 91790: W /samgraph/samgraph/common/cuda/cuda_device.cc:49] GPU[6] alloc cuda memory 13.46 GB
[2022-12-07 04:41:00.656895: W /samgraph/samgraph/common/cuda/cuda_device.cc:49] GPU[6] alloc cuda memory 128.00 MB
[2022-12-07 04:41:00.661391: E /samgraph/samgraph/common/dist/pre_sampler.cc:41] Dist Presampler making shuffler...
[2022-12-07 04:41:00.665396: E /samgraph/samgraph/common/dist/pre_sampler.cc:44] Dist Presampler making shuffler...Done
[2022-12-07 04:41:00.665444: W /samgraph/samgraph/common/cpu/cpu_device.cc:39] WORKER[0] alloc host memory 500.55 MB
[2022-12-07 04:41:00.885571: E /samgraph/samgraph/common/dist/pre_sampler.cc:85] Dist Presampler doing presample epoch 0
[2022-12-07 04:41:02.931610: E /samgraph/samgraph/common/dist/pre_sampler.cc:129] presample spend 0.702588 on sample, 0.0521813 on copy, 1.28941 on count
[2022-12-07 04:41:02.931706: E /samgraph/samgraph/common/dist/pre_sampler.cc:85] Dist Presampler doing presample epoch 1
[2022-12-07 04:41:04.924380: E /samgraph/samgraph/common/dist/pre_sampler.cc:129] presample spend 1.39796 on sample, 0.101624 on copy, 2.53572 on count
[2022-12-07 04:41:04.924504: E /samgraph/samgraph/common/dist/pre_sampler.cc:136] max_num_inputs = 1212176, min_num_inputs = 1165081
[2022-12-07 04:41:05.127412: E /samgraph/samgraph/common/dist/pre_sampler.cc:148] presample spend 0.202804 on sort freq.
[2022-12-07 04:41:05.362258: E /samgraph/samgraph/common/dist/dist_engine.cc:524] pre sample done, delete it
[[2022-12-07 04:41:05[[[[2022-12-07 04:41:05.2022-12-07 04:41:052022-12-07 04:41:052022-12-07 04:41:052022-12-07 04:41:05.378108....378117: 378110378116378121378124: W: : : : W WWWW /samgraph/samgraph/common/dist/dist_engine.cc    /samgraph/samgraph/common/dist/dist_engine.cc:/samgraph/samgraph/common/dist/dist_engine.cc/samgraph/samgraph/common/dist/dist_engine.cc/samgraph/samgraph/common/dist/dist_engine.cc/samgraph/samgraph/common/dist/dist_engine.cc:711::::711] 711711711711] Trainer[5] building cache...] ] ] ] Trainer[1] building cache...
Trainer[4] building cache...Trainer[0] building cache...Trainer[2] building cache...Trainer[3] building cache...




[[[2022-12-07 04:41:052022-12-07 04:41:052022-12-07 04:41:05..[.[378846[3788482022-12-07 04:41:053788462022-12-07 04:41:05: 2022-12-07 04:41:05: .: .E.E378864E378864 378864 :  : /samgraph/3rdparty/collcachelib/coll_cache_lib/run_config.cc: /samgraph/3rdparty/collcachelib/coll_cache_lib/run_config.ccE/samgraph/3rdparty/collcachelib/coll_cache_lib/run_config.ccE:E: : 134 134/samgraph/3rdparty/collcachelib/coll_cache_lib/run_config.cc134/samgraph/3rdparty/collcachelib/coll_cache_lib/run_config.cc] /samgraph/3rdparty/collcachelib/coll_cache_lib/run_config.cc] :] :using concurrent impl MPS:using concurrent impl MPS134using concurrent impl MPS134
134
] 
] ] using concurrent impl MPSusing concurrent impl MPSusing concurrent impl MPS


[2022-12-07 04:41:05.382171: E /samgraph/3rdparty/collcachelib/coll_cache_lib/coll_cache/asymm_link_desc.cc:196] build asymm link desc with 6X Tesla V100-SXM2-32GB out of 8
[[2022-12-07 04:41:052022-12-07 04:41:05..382211382220: : EE  /samgraph/3rdparty/collcachelib/coll_cache_lib/coll_cache/asymm_link_desc.cc/samgraph/3rdparty/collcachelib/coll_cache_lib/coll_cache/asymm_link_desc.cc::196197[] ] 2022-12-07 04:41:05build asymm link desc with 6X Tesla V100-SXM2-32GB out of 8remote time is 8.68421.

382256: E [/samgraph/3rdparty/collcachelib/coll_cache_lib/coll_cache/asymm_link_desc.cc2022-12-07 04:41:05[:.2022-12-07 04:41:05196382291.] : 382294build asymm link desc with 6X Tesla V100-SXM2-32GB out of 8E: 
 E/samgraph/3rdparty/collcachelib/coll_cache_lib/coll_cache/asymm_link_desc.cc :/samgraph/3rdparty/collcachelib/coll_cache_lib/coll_cache/asymm_link_desc.cc198[:] 2022-12-07 04:41:05197cpu time is 30.] 
382335remote time is 8.68421: [
E2022-12-07 04:41:05 .[/samgraph/3rdparty/collcachelib/coll_cache_lib/coll_cache/asymm_link_desc.cc3823482022-12-07 04:41:05:: .[197E3823812022-12-07 04:41:05]  : .remote time is 8.68421/samgraph/3rdparty/collcachelib/coll_cache_lib/coll_cache/asymm_link_desc.cc[E382396
:2022-12-07 04:41:05 : 196.[/samgraph/3rdparty/collcachelib/coll_cache_lib/coll_cache/asymm_link_desc.ccE] 3824392022-12-07 04:41:05: build asymm link desc with 6X Tesla V100-SXM2-32GB out of 8: .198/samgraph/3rdparty/collcachelib/coll_cache_lib/coll_cache/asymm_link_desc.cc
E382481] : : cpu time is 30196[/samgraph/3rdparty/collcachelib/coll_cache_lib/coll_cache/asymm_link_desc.ccE
] 2022-12-07 04:41:05: build asymm link desc with 6X Tesla V100-SXM2-32GB out of 8.196/samgraph/3rdparty/collcachelib/coll_cache_lib/coll_cache/asymm_link_desc.cc
382561] :: build asymm link desc with 6X Tesla V100-SXM2-32GB out of 8198[E
] 2022-12-07 04:41:05 cpu time is 30./samgraph/3rdparty/collcachelib/coll_cache_lib/coll_cache/asymm_link_desc.cc[
382626:2022-12-07 04:41:05: 197.E] 382654 remote time is 8.68421: /samgraph/3rdparty/collcachelib/coll_cache_lib/coll_cache/asymm_link_desc.cc
E: 197/samgraph/3rdparty/collcachelib/coll_cache_lib/coll_cache/asymm_link_desc.cc[] :2022-12-07 04:41:05remote time is 8.68421197.
] 382705remote time is 8.68421: 
[E2022-12-07 04:41:05 .[/samgraph/3rdparty/collcachelib/coll_cache_lib/coll_cache/asymm_link_desc.cc3827292022-12-07 04:41:05:: .198E382738]  : cpu time is 30/samgraph/3rdparty/collcachelib/coll_cache_lib/coll_cache/asymm_link_desc.ccE
: 198/samgraph/3rdparty/collcachelib/coll_cache_lib/coll_cache/asymm_link_desc.cc] :cpu time is 30198
] cpu time is 30
[2022-12-07 04:41:34.298981: E /samgraph/3rdparty/collcachelib/coll_cache_lib/facade.cc:115] solver created. now build & solve
[2022-12-07 04:41:34.327672: E /samgraph/3rdparty/collcachelib/coll_cache_lib/facade.cc:120] solver built. now solve
[2022-12-07 04:41:34.327719: E /samgraph/3rdparty/collcachelib/coll_cache_lib/coll_cache/optimal_solver_class.cc:895] num_cached_nodes = 13121673
[2022-12-07 04:41:34.991223: E /samgraph/3rdparty/collcachelib/coll_cache_lib/facade.cc:124] solver solved
[2022-12-07 04:41:34.991323: E /samgraph/3rdparty/collcachelib/coll_cache_lib/facade.cc:187] 0 solved master
[2022-12-07 04:41:34.991375: E /samgraph/3rdparty/collcachelib/coll_cache_lib/facade.cc:194] 0 solved
[2022-12-07 04:41:34.991405: E /samgraph/3rdparty/collcachelib/coll_cache_lib/facade.cc:197] worker 0 thread 0 initing device 0
[2022-12-07 04:41:35.  4441: E /samgraph/3rdparty/collcachelib/coll_cache_lib/facade.cc:194] 5 solved
[2022-12-07 04:41:35.  4505: E /samgraph/3rdparty/collcachelib/coll_cache_lib/facade.cc:197] worker 5 thread 5 initing device 5
[[[[2022-12-07 04:41:352022-12-07 04:41:352022-12-07 04:41:352022-12-07 04:41:35....  7040  7045  7039  7039: : : : EEEE    /samgraph/3rdparty/collcachelib/coll_cache_lib/facade.cc/samgraph/3rdparty/collcachelib/coll_cache_lib/facade.cc/samgraph/3rdparty/collcachelib/coll_cache_lib/facade.cc/samgraph/3rdparty/collcachelib/coll_cache_lib/facade.cc::::194194194194] ] ] ] 2 solved1 solved4 solved3 solved



[2022-12-07 04:41:35[.[[2022-12-07 04:41:35  72122022-12-07 04:41:352022-12-07 04:41:35.: ..  7215E  7217  7219:  : : E/samgraph/3rdparty/collcachelib/coll_cache_lib/facade.ccEE :  /samgraph/3rdparty/collcachelib/coll_cache_lib/facade.cc197/samgraph/3rdparty/collcachelib/coll_cache_lib/facade.cc/samgraph/3rdparty/collcachelib/coll_cache_lib/facade.cc:] ::197worker 2 thread 2 initing device 2197197] 
] ] worker 1 thread 1 initing device 1worker 4 thread 4 initing device 4worker 3 thread 3 initing device 3


[2022-12-07 04:41:37.344838: E /samgraph/3rdparty/collcachelib/coll_cache_lib/cache_context.cu:1740] Collaborative GPU cache (policy: rep_cache) | local 13121673 / 65608366 nodes ( 20.00 %~20.00 %) | remote 0 / 65608366 nodes ( 0.00 %) | cpu 52486693 / 65608366 nodes ( 80.00 %) | 12.51 GB | 2.33886 secs 
[2022-12-07 04:41:37.345488: E /samgraph/3rdparty/collcachelib/coll_cache_lib/cache_context.cu:1740] Collaborative GPU cache (policy: rep_cache) | local 13121673 / 65608366 nodes ( 20.00 %~20.00 %) | remote 0 / 65608366 nodes ( 0.00 %) | cpu 52486693 / 65608366 nodes ( 80.00 %) | 12.51 GB | 2.33495 secs 
[2022-12-07 04:41:37.346089: E /samgraph/3rdparty/collcachelib/coll_cache_lib/cache_context.cu:1740] Collaborative GPU cache (policy: rep_cache) | local 13121673 / 65608366 nodes ( 20.00 %~20.00 %) | remote 0 / 65608366 nodes ( 0.00 %) | cpu 52486693 / 65608366 nodes ( 80.00 %) | 12.51 GB | 2.33562 secs 
[2022-12-07 04:41:37.347052: E /samgraph/3rdparty/collcachelib/coll_cache_lib/cache_context.cu:1740] Collaborative GPU cache (policy: rep_cache) | local 13121673 / 65608366 nodes ( 20.00 %~20.00 %) | remote 0 / 65608366 nodes ( 0.00 %) | cpu 52486693 / 65608366 nodes ( 80.00 %) | 12.51 GB | 2.33664 secs 
[2022-12-07 04:41:37.347408: E /samgraph/3rdparty/collcachelib/coll_cache_lib/cache_context.cu:1740] Collaborative GPU cache (policy: rep_cache) | local 13121673 / 65608366 nodes ( 20.00 %~20.00 %) | remote 0 / 65608366 nodes ( 0.00 %) | cpu 52486693 / 65608366 nodes ( 80.00 %) | 12.51 GB | 2.33707 secs 
[2022-12-07 04:41:37.347754: E /samgraph/3rdparty/collcachelib/coll_cache_lib/cache_context.cu:1740] Collaborative GPU cache (policy: rep_cache) | local 13121673 / 65608366 nodes ( 20.00 %~20.00 %) | remote 0 / 65608366 nodes ( 0.00 %) | cpu 52486693 / 65608366 nodes ( 80.00 %) | 12.51 GB | 2.35496 secs 
[2022-12-07 04:41:37.348284: W /samgraph/3rdparty/collcachelib/coll_cache_lib/cache_context.cu:2004] before create ctx, mem is 13.85 GB
[2022-12-07 04:41:39.122001: W /samgraph/3rdparty/collcachelib/coll_cache_lib/cache_context.cu:2010] after create ctx, mem is 14.31 GB
[2022-12-07 04:41:39.122911: W /samgraph/3rdparty/collcachelib/coll_cache_lib/cache_context.cu:2017] after create stream, mem is 14.31 GB
[2022-12-07 04:41:39.124041: W /samgraph/3rdparty/collcachelib/coll_cache_lib/cache_context.cu:2004] before create ctx, mem is 14.31 GB
[2022-12-07 04:41:40.776539: W /samgraph/3rdparty/collcachelib/coll_cache_lib/cache_context.cu:2010] after create ctx, mem is 14.77 GB
[2022-12-07 04:41:40.777484: W /samgraph/3rdparty/collcachelib/coll_cache_lib/cache_context.cu:2017] after create stream, mem is 14.77 GB
[2022-12-07 04:41:40.778290: W /samgraph/3rdparty/collcachelib/coll_cache_lib/cache_context.cu:2004] before create ctx, mem is 14.77 GB
[2022-12-07 04:41:42.481619: W /samgraph/3rdparty/collcachelib/coll_cache_lib/cache_context.cu:2010] after create ctx, mem is 15.17 GB
[2022-12-07 04:41:42.482275: W /samgraph/3rdparty/collcachelib/coll_cache_lib/cache_context.cu:2017] after create stream, mem is 15.17 GB
[2022-12-07 04:41:42.483225: W /samgraph/3rdparty/collcachelib/coll_cache_lib/cache_context.cu:2004] before create ctx, mem is 15.17 GB
[2022-12-07 04:41:44.236570: W /samgraph/3rdparty/collcachelib/coll_cache_lib/cache_context.cu:2010] after create ctx, mem is 15.81 GB
[2022-12-07 04:41:44.237121: W /samgraph/3rdparty/collcachelib/coll_cache_lib/cache_context.cu:2017] after create stream, mem is 15.81 GB
[2022-12-07 04:41:44.238373: W /samgraph/3rdparty/collcachelib/coll_cache_lib/cache_context.cu:2004] before create ctx, mem is 15.81 GB
[2022-12-07 04:41:45.714062: W /samgraph/3rdparty/collcachelib/coll_cache_lib/cache_context.cu:2010] after create ctx, mem is 16.19 GB
[2022-12-07 04:41:45.714184: W /samgraph/3rdparty/collcachelib/coll_cache_lib/cache_context.cu:2017] after create stream, mem is 16.19 GB
[2022-12-07 04:41:45.[714517[2022-12-07 04:41:45: [[2022-12-07 04:41:45.[E2022-12-07 04:41:452022-12-07 04:41:45.7145172022-12-07 04:41:45 ..714550: ./samgraph/3rdparty/collcachelib/coll_cache_lib/run_config.cc714517714517: E714550:: : E : 134EE /samgraph/3rdparty/collcachelib/coll_cache_lib/run_config.ccE]   /samgraph/3rdparty/collcachelib/coll_cache_lib/run_config.cc: using concurrent impl MPS/samgraph/3rdparty/collcachelib/coll_cache_lib/run_config.cc/samgraph/3rdparty/collcachelib/coll_cache_lib/run_config.cc:134/samgraph/3rdparty/collcachelib/coll_cache_lib/run_config.cc
::134] :134134] using concurrent impl MPS134] ] using concurrent impl MPS
] using concurrent impl MPSusing concurrent impl MPS
using concurrent impl MPS


[2022-12-07 04:41:45.717780: E /samgraph/3rdparty/collcachelib/coll_cache_lib/coll_cache/asymm_link_desc.cc:196] build asymm link desc with 6X Tesla V100-SXM2-32GB out of 8
[2022-12-07 04:41:45.717824: E /samgraph/3rdparty/collcachelib/coll_cache_lib/coll_cache/asymm_link_desc.cc:197] remote time is 8.68421
[2022-12-07 04:41:45.717851: E /samgraph/3rdparty/collcachelib/coll_cache_lib/coll_cache/asymm_link_desc.cc:198] cpu time is 30
[2022-12-07 04:41:45.717880: E /samgraph/3rdparty/collcachelib/coll_cache_lib/coll_cache/asymm_link_desc.cc:196] build asymm link desc with 6X Tesla V100-SXM2-32GB out of 8
[2022-12-07 04:41:45.717922: E /samgraph/3rdparty/collcachelib/coll_cache_lib/coll_cache/asymm_link_desc.cc:197[] 2022-12-07 04:41:45remote time is 8.68421.
717933: E [/samgraph/3rdparty/collcachelib/coll_cache_lib/coll_cache/asymm_link_desc.cc2022-12-07 04:41:45:.196[717967] 2022-12-07 04:41:45: build asymm link desc with 6X Tesla V100-SXM2-32GB out of 8.E
717980 : /samgraph/3rdparty/collcachelib/coll_cache_lib/coll_cache/asymm_link_desc.ccE: 198/samgraph/3rdparty/collcachelib/coll_cache_lib/coll_cache/asymm_link_desc.cc[[] :2022-12-07 04:41:452022-12-07 04:41:45cpu time is 30196..
] 718029718031build asymm link desc with 6X Tesla V100-SXM2-32GB out of 8: [: 
E2022-12-07 04:41:45E . [/samgraph/3rdparty/collcachelib/coll_cache_lib/coll_cache/asymm_link_desc.cc718076/samgraph/3rdparty/collcachelib/coll_cache_lib/coll_cache/asymm_link_desc.cc2022-12-07 04:41:45:: :.196E197718110]  ] : build asymm link desc with 6X Tesla V100-SXM2-32GB out of 8/samgraph/3rdparty/collcachelib/coll_cache_lib/coll_cache/asymm_link_desc.ccremote time is 8.68421E
:
 196/samgraph/3rdparty/collcachelib/coll_cache_lib/coll_cache/asymm_link_desc.cc[] [:2022-12-07 04:41:45build asymm link desc with 6X Tesla V100-SXM2-32GB out of 82022-12-07 04:41:45197.
.] 718201718203remote time is 8.68421: [: 
E2022-12-07 04:41:45E .[ /samgraph/3rdparty/collcachelib/coll_cache_lib/coll_cache/asymm_link_desc.cc7182502022-12-07 04:41:45/samgraph/3rdparty/collcachelib/coll_cache_lib/coll_cache/asymm_link_desc.cc:: .:197E718275198]  : ] remote time is 8.68421/samgraph/3rdparty/collcachelib/coll_cache_lib/coll_cache/asymm_link_desc.ccEcpu time is 30
: 
197[/samgraph/3rdparty/collcachelib/coll_cache_lib/coll_cache/asymm_link_desc.cc] 2022-12-07 04:41:45:remote time is 8.68421.198
718390] : cpu time is 30[E
2022-12-07 04:41:45 ./samgraph/3rdparty/collcachelib/coll_cache_lib/coll_cache/asymm_link_desc.cc718434:: 198E]  cpu time is 30/samgraph/3rdparty/collcachelib/coll_cache_lib/coll_cache/asymm_link_desc.cc
:198] cpu time is 30
[2022-12-07 04:41:45.922793: E /samgraph/3rdparty/collcachelib/coll_cache_lib/facade.cc:115] solver created. now build & solve
[2022-12-07 04:41:45.935172: E /samgraph/3rdparty/collcachelib/coll_cache_lib/facade.cc:120] solver built. now solve
[2022-12-07 04:41:45.935216: E /samgraph/3rdparty/collcachelib/coll_cache_lib/coll_cache/optimal_solver_class.cc:895] num_cached_nodes = 13121673
[2022-12-07 04:41:46.616147: E /samgraph/3rdparty/collcachelib/coll_cache_lib/facade.cc:124] solver solved
[2022-12-07 04:41:46.616221: E /samgraph/3rdparty/collcachelib/coll_cache_lib/facade.cc:187] 0 solved master
[2022-12-07 04:41:46.616248: E /samgraph/3rdparty/collcachelib/coll_cache_lib/facade.cc:194] 0 solved
[2022-12-07 04:41:46.616275: E /samgraph/3rdparty/collcachelib/coll_cache_lib/facade.cc:197] worker 0 thread 0 initing device 0
[2022-12-07 04:41:46.629293: E /samgraph/3rdparty/collcachelib/coll_cache_lib/facade.cc:194] 2 solved
[2022-12-07 04:41:46.629351: E /samgraph/3rdparty/collcachelib/coll_cache_lib/facade.cc:197] worker 2 thread 2 initing device 2
[[2022-12-07 04:41:46.2022-12-07 04:41:46[632202.[2022-12-07 04:41:46: 632202.2022-12-07 04:41:46E: 632238. E: 632244/samgraph/3rdparty/collcachelib/coll_cache_lib/facade.cc E: :/samgraph/3rdparty/collcachelib/coll_cache_lib/facade.cc E194:/samgraph/3rdparty/collcachelib/coll_cache_lib/facade.cc ] 194:/samgraph/3rdparty/collcachelib/coll_cache_lib/facade.cc4 solved] 194:
3 solved] 194
5 solved] [
1 solved2022-12-07 04:41:46[
.[2022-12-07 04:41:466323432022-12-07 04:41:46.[: .6323502022-12-07 04:41:46E632358: . : E632366/samgraph/3rdparty/collcachelib/coll_cache_lib/facade.ccE : : /samgraph/3rdparty/collcachelib/coll_cache_lib/facade.ccE197/samgraph/3rdparty/collcachelib/coll_cache_lib/facade.cc: ] :197/samgraph/3rdparty/collcachelib/coll_cache_lib/facade.ccworker 4 thread 4 initing device 4197] :
] worker 3 thread 3 initing device 3197worker 5 thread 5 initing device 5
] 
worker 1 thread 1 initing device 1
[2022-12-07 04:41:48.320724: W /samgraph/samgraph/common/cuda/cuda_device.cc:49] GPU[0] alloc cuda memory 1.22 GB
[2022-12-07 04:41:48.324218: W /samgraph/samgraph/common/cuda/cuda_device.cc:49] GPU[0] alloc cuda memory 12.23 MB
[2022-12-07 04:41:48.327278: W /samgraph/samgraph/common/cuda/cuda_device.cc:49] GPU[0] alloc cuda memory 12.23 MB
[2022-12-07 04:41:49.873323: W /samgraph/samgraph/common/cuda/cuda_device.cc:49] GPU[0] alloc cuda memory 1.22 GB
[2022-12-07 04:41:49.876933: W /samgraph/samgraph/common/cuda/cuda_device.cc:49] GPU[0] alloc cuda memory 11.39 MB
/usr/local/lib/python3.8/dist-packages/torch/nn/parallel/scatter_gather.py:9: UserWarning: is_namedtuple is deprecated, please use the python checks instead
  warnings.warn("is_namedtuple is deprecated, please use the python checks instead")
/usr/local/lib/python3.8/dist-packages/torch/nn/parallel/scatter_gather.py:9: UserWarning: is_namedtuple is deprecated, please use the python checks instead
  warnings.warn("is_namedtuple is deprecated, please use the python checks instead")
/usr/local/lib/python3.8/dist-packages/torch/nn/parallel/scatter_gather.py:9: UserWarning: is_namedtuple is deprecated, please use the python checks instead
  warnings.warn("is_namedtuple is deprecated, please use the python checks instead")
/usr/local/lib/python3.8/dist-packages/torch/nn/parallel/scatter_gather.py:9: UserWarning: is_namedtuple is deprecated, please use the python checks instead
  warnings.warn("is_namedtuple is deprecated, please use the python checks instead")
/usr/local/lib/python3.8/dist-packages/torch/nn/parallel/scatter_gather.py:9: UserWarning: is_namedtuple is deprecated, please use the python checks instead
  warnings.warn("is_namedtuple is deprecated, please use the python checks instead")
/usr/local/lib/python3.8/dist-packages/torch/nn/parallel/scatter_gather.py:9: UserWarning: is_namedtuple is deprecated, please use the python checks instead
  warnings.warn("is_namedtuple is deprecated, please use the python checks instead")
