[2022-12-09 03:57:53.574560: W /samgraph/samgraph/common/cpu/mmap_cpu_device.cc:92] mmap allocating space 12.87 GB
[2022-12-09 03:57:53.574659: W /samgraph/samgraph/common/cpu/mmap_cpu_device.cc:97] mmap allocating space 12.87 GB done
[2022-12-09 03:58:00.726202: W /samgraph/samgraph/common/cpu/mmap_cpu_device.cc:92] mmap allocating space 48.00 GB
[2022-12-09 03:58:00.726289: W /samgraph/samgraph/common/cpu/mmap_cpu_device.cc:97] mmap allocating space 48.00 GB done
[2022-12-09 03:58:00.726328: W /samgraph/samgraph/common/cpu/mmap_cpu_device.cc:92] mmap allocating space 1.82 GB
[2022-12-09 03:58:00.726359: W /samgraph/samgraph/common/cpu/mmap_cpu_device.cc:97] mmap allocating space 1.82 GB done
[2022-12-09 03:58:00.732220: W /samgraph/samgraph/common/cpu/mmap_cpu_device.cc:92] mmap allocating space 19.28 GB
[2022-12-09 03:58:00.732271: W /samgraph/samgraph/common/cpu/mmap_cpu_device.cc:97] mmap allocating space 19.28 GB done
/usr/lib/python3/dist-packages/requests/__init__.py:89: RequestsDependencyWarning: urllib3 (1.26.12) or chardet (3.0.4) doesn't match a supported version!
  warnings.warn("urllib3 ({}) or chardet ({}) doesn't match a supported "
[2022-12-09 03:58:01.375343: W /samgraph/samgraph/common/dist/dist_engine.cc:662] Trainer[4] initializing...
[2022-12-09 03:58:01.396675: W /samgraph/samgraph/common/dist/dist_engine.cc:662] Trainer[5] initializing...
[2022-12-09 03:58:01.483113: W /samgraph/samgraph/common/dist/dist_engine.cc:662] Trainer[3] initializing...
[2022-12-09 03:58:01.538885: W /samgraph/samgraph/common/dist/dist_engine.cc:662] Trainer[1] initializing...
[2022-12-09 03:58:01.545551: W /samgraph/samgraph/common/dist/dist_engine.cc:662] Trainer[0] initializing...
[2022-12-09 03:58:01.576328: W /samgraph/samgraph/common/dist/dist_engine.cc:662] Trainer[2] initializing...
[2022-12-09 03:58:03.473265: W /samgraph/samgraph/common/dist/dist_engine.cc:666] Trainer[4] pin memory queue...
[2022-12-09 03:58:03.489060: W /samgraph/samgraph/common/dist/dist_engine.cc:666] Trainer[5] pin memory queue...
[2022-12-09 03:58:03.502833: W /samgraph/samgraph/common/dist/dist_engine.cc:666] Trainer[3] pin memory queue...
[2022-12-09 03:58:03.517555: W /samgraph/samgraph/common/dist/dist_engine.cc:666] Trainer[1] pin memory queue...
[2022-12-09 03:58:03.522806: W /samgraph/samgraph/common/dist/dist_engine.cc:666] Trainer[2] pin memory queue...
[2022-12-09 03:58:03.565200: W /samgraph/samgraph/common/dist/dist_engine.cc:666] Trainer[0] pin memory queue...
[2022-12-09 03:58:13.390562: E /samgraph/samgraph/common/dist/dist_engine.cc:85] Running on V100
[2022-12-09 03:58:13.390785: E /samgraph/samgraph/common/dist/dist_engine.cc:85] Running on V100
[2022-12-09 03:58:13.390831: E /samgraph/samgraph/common/dist/dist_engine.cc:85] Running on V100
[2022-12-09 03:58:13.390925: E /samgraph/samgraph/common/dist/dist_engine.cc:85] Running on V100
[2022-12-09 03:58:13.390983: E /samgraph/samgraph/common/dist/dist_engine.cc:85] Running on V100
[2022-12-09 03:58:13.391073: W /samgraph/samgraph/common/dist/dist_engine.cc:701] Trainer[5] register host memory...
[2022-12-09 03:58:13.391152: W /samgraph/samgraph/common/dist/dist_engine.cc:701] Trainer[1] register host memory...
[2022-12-09 03:58:13.391221: W /samgraph/samgraph/common/dist/dist_engine.cc:[7012022-12-09 03:58:13] .Trainer[2] register host memory...391237
: W /samgraph/samgraph/common/dist/dist_engine.cc:701] Trainer[4] register host memory...
[2022-12-09 03:58:13.391307: W /samgraph/samgraph/common/dist/dist_engine.cc:701] Trainer[3] register host memory...
[2022-12-09 03:58:13.392504: E /samgraph/samgraph/common/dist/dist_engine.cc:85] Running on V100
[2022-12-09 03:58:13.392687: W /samgraph/samgraph/common/dist/dist_engine.cc:701] Trainer[0] register host memory...
[2022-12-09 03:58:13.657098: E /samgraph/samgraph/common/dist/dist_engine.cc:85] Running on V100
[2022-12-09 03:58:13.659228: E /samgraph/samgraph/common/dist/dist_engine.cc:85] Running on V100
[2022-12-09 03:58:13.664318: W /samgraph/samgraph/common/cuda/cuda_device.cc:49] GPU[6] alloc cuda memory 931.40 MB
[2022-12-09 03:58:13.866460: W /samgraph/samgraph/common/cuda/cuda_device.cc:49] GPU[6] alloc cuda memory 12.87 GB
[2022-12-09 03:58:16.647705: W /samgraph/samgraph/common/cuda/cuda_device.cc:49] GPU[6] alloc cuda memory 64.00 MB
[2022-12-09 03:58:16.653468: E /samgraph/samgraph/common/dist/pre_sampler.cc:41] Dist Presampler making shuffler...
[2022-12-09 03:58:16.657799: E /samgraph/samgraph/common/dist/pre_sampler.cc:44] Dist Presampler making shuffler...Done
[2022-12-09 03:58:16.657846: W /samgraph/samgraph/common/cpu/cpu_device.cc:39] WORKER[0] alloc host memory 1.82 GB
[2022-12-09 03:58:17.477115: E /samgraph/samgraph/common/dist/pre_sampler.cc:85] Dist Presampler doing presample epoch 0
[2022-12-09 03:58:19.501290: E /samgraph/samgraph/common/dist/pre_sampler.cc:129] presample spend 0.707822 on sample, 0.0577893 on copy, 1.2551 on count
[2022-12-09 03:58:19.501374: E /samgraph/samgraph/common/dist/pre_sampler.cc:85] Dist Presampler doing presample epoch 1
[2022-12-09 03:58:21.531701: E /samgraph/samgraph/common/dist/pre_sampler.cc:129] presample spend 1.40662 on sample, 0.113126 on copy, 2.52821 on count
[2022-12-09 03:58:21.531810: E /samgraph/samgraph/common/dist/pre_sampler.cc:136] max_num_inputs = 589299, min_num_inputs = 561568
[2022-12-09 03:58:21.980878: E /samgraph/samgraph/common/dist/pre_sampler.cc:148] presample spend 0.448975 on sort freq.
[2022-12-09 03:58:22.860777: E /samgraph/samgraph/common/dist/dist_engine.cc:524] pre sample done, delete it
[[[[[2022-12-09 03:58:222022-12-09 03:58:222022-12-09 03:58:222022-12-09 03:58:222022-12-09 03:58:22.....920837[920835920836920838920841: : 2022-12-09 03:58:22: .: 920862: : WWWWW /samgraph/samgraph/common/dist/dist_engine.cc:W    711 /samgraph/samgraph/common/dist/dist_engine.cc/samgraph/samgraph/common/dist/dist_engine.cc/samgraph/samgraph/common/dist/dist_engine.cc/samgraph/samgraph/common/dist/dist_engine.cc/samgraph/samgraph/common/dist/dist_engine.cc] :::::Trainer[3] building cache...711711711711711
] ] ] ] ] Trainer[4] building cache...Trainer[5] building cache...Trainer[1] building cache...Trainer[0] building cache...Trainer[2] building cache...




[[[[[2022-12-09 03:58:222022-12-09 03:58:222022-12-09 03:58:22[2022-12-09 03:58:222022-12-09 03:58:22...2022-12-09 03:58:22..921971921974921974.921973921977: : : 921985: : EEE: EE   E  /samgraph/3rdparty/collcachelib/coll_cache_lib/run_config.cc/samgraph/3rdparty/collcachelib/coll_cache_lib/run_config.cc/samgraph/3rdparty/collcachelib/coll_cache_lib/run_config.cc /samgraph/3rdparty/collcachelib/coll_cache_lib/run_config.cc/samgraph/3rdparty/collcachelib/coll_cache_lib/run_config.cc:::/samgraph/3rdparty/collcachelib/coll_cache_lib/run_config.cc::134134134:134134] ] ] 134] ] using concurrent impl MPSusing concurrent impl MPSusing concurrent impl MPS] using concurrent impl MPSusing concurrent impl MPS


using concurrent impl MPS


[2022-12-09 03:58:22.925346: E /samgraph/3rdparty/collcachelib/coll_cache_lib/coll_cache/asymm_link_desc.cc:172] v100x8, slow pcie
[[2022-12-09 03:58:222022-12-09 03:58:22..925393925390: : EE  /samgraph/3rdparty/collcachelib/coll_cache_lib/coll_cache/asymm_link_desc.cc/samgraph/3rdparty/collcachelib/coll_cache_lib/coll_cache/asymm_link_desc.cc::200172] ] build asymm link desc with 6X Tesla V100-SXM2-32GB out of 8v100x8, slow pcie

[2022-12-09 03:58:22.925434: E[ 2022-12-09 03:58:22/samgraph/3rdparty/collcachelib/coll_cache_lib/coll_cache/asymm_link_desc.cc[.:2022-12-09 03:58:22925453172.: ] 925456Ev100x8, slow pcie:  
E[/samgraph/3rdparty/collcachelib/coll_cache_lib/coll_cache/asymm_link_desc.cc 2022-12-09 03:58:22:/samgraph/3rdparty/collcachelib/coll_cache_lib/coll_cache/asymm_link_desc.cc.201:[925480] 2002022-12-09 03:58:22: remote time is 8.68421] .E
build asymm link desc with 6X Tesla V100-SXM2-32GB out of 8925503 
: [/samgraph/3rdparty/collcachelib/coll_cache_lib/coll_cache/asymm_link_desc.cc[E2022-12-09 03:58:22:2022-12-09 03:58:22 [.172./samgraph/3rdparty/collcachelib/coll_cache_lib/coll_cache/asymm_link_desc.cc2022-12-09 03:58:22925527] 925532:.: v100x8, slow pcie: 200925545E
E] :   build asymm link desc with 6X Tesla V100-SXM2-32GB out of 8[/samgraph/3rdparty/collcachelib/coll_cache_lib/coll_cache/asymm_link_desc.cc/samgraph/3rdparty/collcachelib/coll_cache_lib/coll_cache/asymm_link_desc.ccE
2022-12-09 03:58:22:: .172[202/samgraph/3rdparty/collcachelib/coll_cache_lib/coll_cache/asymm_link_desc.cc925597[] 2022-12-09 03:58:22] :: 2022-12-09 03:58:22v100x8, slow pcie.cpu time is 97.0588201E.
925623
]  925618: remote time is 8.68421/samgraph/3rdparty/collcachelib/coll_cache_lib/coll_cache/asymm_link_desc.cc: [E
:E[2022-12-09 03:58:22 200 2022-12-09 03:58:22./samgraph/3rdparty/collcachelib/coll_cache_lib/coll_cache/asymm_link_desc.cc] /samgraph/3rdparty/collcachelib/coll_cache_lib/coll_cache/asymm_link_desc.cc.925689:build asymm link desc with 6X Tesla V100-SXM2-32GB out of 8:925713: 201
172: E] [] E remote time is 8.684212022-12-09 03:58:22v100x8, slow pcie /samgraph/3rdparty/collcachelib/coll_cache_lib/coll_cache/asymm_link_desc.cc
.
/samgraph/3rdparty/collcachelib/coll_cache_lib/coll_cache/asymm_link_desc.cc:925779[:200: 2022-12-09 03:58:22202] E.[] build asymm link desc with 6X Tesla V100-SXM2-32GB out of 8 9258142022-12-09 03:58:22cpu time is 97.0588
/samgraph/3rdparty/collcachelib/coll_cache_lib/coll_cache/asymm_link_desc.cc: .
[:E9258312022-12-09 03:58:22201 : .] /samgraph/3rdparty/collcachelib/coll_cache_lib/coll_cache/asymm_link_desc.ccE925873remote time is 8.68421: : 
202/samgraph/3rdparty/collcachelib/coll_cache_lib/coll_cache/asymm_link_desc.ccE] [: cpu time is 97.05882022-12-09 03:58:22200/samgraph/3rdparty/collcachelib/coll_cache_lib/coll_cache/asymm_link_desc.cc
.] :925937build asymm link desc with 6X Tesla V100-SXM2-32GB out of 8201: 
] Eremote time is 8.68421 
/samgraph/3rdparty/collcachelib/coll_cache_lib/coll_cache/asymm_link_desc.cc:202[] [2022-12-09 03:58:22cpu time is 97.05882022-12-09 03:58:22.
.926014926018: : EE  /samgraph/3rdparty/collcachelib/coll_cache_lib/coll_cache/asymm_link_desc.cc/samgraph/3rdparty/collcachelib/coll_cache_lib/coll_cache/asymm_link_desc.cc::201202] ] remote time is 8.68421cpu time is 97.0588

[2022-12-09 03:58:22.926121: E /samgraph/3rdparty/collcachelib/coll_cache_lib/coll_cache/asymm_link_desc.cc:202] cpu time is 97.0588
[2022-12-09 03:58:44.475620: E /samgraph/3rdparty/collcachelib/coll_cache_lib/facade.cc:118] solver created. now build & solve
[2022-12-09 03:58:44.609848: E /samgraph/3rdparty/collcachelib/coll_cache_lib/facade.cc:123] solver built. now solve
block 0 storage is 00001001
	access is	0	0	0	3	3	3	
block 1 storage is 00010010
	access is	1	1	1	4	4	4	
block 2 storage is 00100100
	access is	2	2	2	5	5	5	
block 3 storage is 00000000
	access is	6	6	6	6	6	6	
[2022-12-09 03:58:46. 90604: E /samgraph/3rdparty/collcachelib/coll_cache_lib/facade.cc:127] solver solved
[2022-12-09 03:58:46. 90677: E /samgraph/3rdparty/collcachelib/coll_cache_lib/facade.cc:195] 0 solved master
[2022-12-09 03:58:46. 90727: E /samgraph/3rdparty/collcachelib/coll_cache_lib/facade.cc:202] 0 solved
[2022-12-09 03:58:46. 90757: E /samgraph/3rdparty/collcachelib/coll_cache_lib/facade.cc:205] worker 0 thread 0 initing device 0
[2022-12-09 03:58:46. 92364: E /samgraph/3rdparty/collcachelib/coll_cache_lib/cache_context.cu:1766] Building Coll Cache with ... num gpu device is 6
[2022-12-09 03:58:46.127279: E /samgraph/3rdparty/collcachelib/coll_cache_lib/facade.cc:202] 1 solved
[2022-12-09 03:58:46.127332: E /samgraph/3rdparty/collcachelib/coll_cache_lib/facade.cc:205] worker 1 thread 1 initing device 1
[2022-12-09 03:58:46.127543: E /samgraph/3rdparty/collcachelib/coll_cache_lib/facade.cc:202] 2 solved
[2022-12-09 03:58:46.127610: E /samgraph/3rdparty/collcachelib/coll_cache_lib/facade.cc:205] worker 2 thread 2 initing device 2
[2022-12-09 03:58:46.128043: E /samgraph/3rdparty/collcachelib/coll_cache_lib/facade.cc:202] 4 solved
[2022-12-09 03:58:46.128101: E /samgraph/3rdparty/collcachelib/coll_cache_lib/facade.cc:205] worker 4 thread 4 initing device 4
[2022-12-09 03:58:46.129074: E /samgraph/3rdparty/collcachelib/coll_cache_lib/cache_context.cu:1766] Building Coll Cache with ... num gpu device is 6
[2022-12-09 03:58:46.129128: E /samgraph/3rdparty/collcachelib/coll_cache_lib/cache_context.cu:1766] Building Coll Cache with ... num gpu device is 6
[2022-12-09 03:58:46.129507: E /samgraph/3rdparty/collcachelib/coll_cache_lib/cache_context.cu:1766] Building Coll Cache with ... num gpu device is 6[
2022-12-09 03:58:46.129524: E /samgraph/3rdparty/collcachelib/coll_cache_lib/facade.cc:202] 3 solved
[2022-12-09 03:58:46.129581: [E2022-12-09 03:58:46 ./samgraph/3rdparty/collcachelib/coll_cache_lib/facade.cc129577:: 205E]  worker 3 thread 3 initing device 3/samgraph/3rdparty/collcachelib/coll_cache_lib/facade.cc
:202] 5 solved
[2022-12-09 03:58:46.129672: E /samgraph/3rdparty/collcachelib/coll_cache_lib/facade.cc:205] worker 5 thread 5 initing device 5
[2022-12-09 03:58:46.133545: E /samgraph/3rdparty/collcachelib/coll_cache_lib/cache_context.cu:1766] Building Coll Cache with ... num gpu device is 6
[2022-12-09 03:58:46.133604: E /samgraph/3rdparty/collcachelib/coll_cache_lib/cache_context.cu:1766] Building Coll Cache with ... num gpu device is 6
[2022-12-09 03:58:46.273362: W /samgraph/3rdparty/collcachelib/coll_cache_lib/cache_context.cu:1806] using empty feat=25
[2022-12-09 03:58:46.285284: W /samgraph/3rdparty/collcachelib/coll_cache_lib/cpu/cpu_device.cc:39] WORKER[0] alloc host memory 18.63 MB
[2022-12-09 03:58:46.333271: W /samgraph/3rdparty/collcachelib/coll_cache_lib/cache_context.cu:1806] using empty feat=25
[2022-12-09 03:58:46.349412: W /samgraph/3rdparty/collcachelib/coll_cache_lib/cache_context.cu[:2022-12-09 03:58:461806.] 349451using empty feat=25: 
W /samgraph/3rdparty/collcachelib/coll_cache_lib/cache_context.cu:[18062022-12-09 03:58:46] .using empty feat=25349495
: W /samgraph/3rdparty/collcachelib/coll_cache_lib/cache_context.cu:1806] using empty feat=25
[2022-12-09 03:58:46.350398: W /samgraph/3rdparty/collcachelib/coll_cache_lib/cache_context.cu:1806] using empty feat=25
[[2022-12-09 03:58:47[.641842[2022-12-09 03:58:47[: [2022-12-09 03:58:47.2022-12-09 03:58:472022-12-09 03:58:47E.2022-12-09 03:58:47641842.. 641842.: 641842641842/samgraph/3rdparty/collcachelib/coll_cache_lib/cache_context.cu: 641842E: : :E:  EE1877 E/samgraph/3rdparty/collcachelib/coll_cache_lib/cache_context.cu  ] /samgraph/3rdparty/collcachelib/coll_cache_lib/cache_context.cu :/samgraph/3rdparty/collcachelib/coll_cache_lib/cache_context.cu/samgraph/3rdparty/collcachelib/coll_cache_lib/cache_context.cuDevice 0 init p2p of link 1:/samgraph/3rdparty/collcachelib/coll_cache_lib/cache_context.cu1877::
1877:] 18771877] 1877Device 3 init p2p of link 4] ] Device 2 init p2p of link 1] 
Device 5 init p2p of link 0Device 4 init p2p of link 3
Device 1 init p2p of link 0


[2022-12-09 03:58:47.658027: E /samgraph/3rdparty/collcachelib/coll_cache_lib/cache_context.cu:1877] Device 5 init p2p of link 3
[2022-12-09 03:58:47.662177: E /samgraph/3rdparty/collcachelib/coll_cache_lib/cache_context.cu:1877] Device 0 init p2p of link 5
[2022-12-09 03:58:47.662443: E /samgraph/3rdparty/collcachelib/coll_cache_lib/cache_context.cu:1877] Device 2 init p2p of link 0
[2022-12-09 03:58:47.663137: E /samgraph/3rdparty/collcachelib/coll_cache_lib/cache_context.cu:1877] Device 3 init p2p of link 5
[2022-12-09 03:58:47.663558: E /samgraph/3rdparty/collcachelib/coll_cache_lib/cache_context.cu:1877] Device 4 init p2p of link 2[
2022-12-09 03:58:47.663587: E /samgraph/3rdparty/collcachelib/coll_cache_lib/cache_context.cu:1877] Device 1 init p2p of link 2
[2022-12-09 03:58:47.667540: E /samgraph/3rdparty/collcachelib/coll_cache_lib/cache_context.cu:1877] Device 5 init p2p of link 4
[2022-12-09 03:58:47.672413: E /samgraph/3rdparty/collcachelib/coll_cache_lib/cache_context.cu:1877] Device 0 init p2p of link 2
[2022-12-09 03:58:47.676592: E /samgraph/3rdparty/collcachelib/coll_cache_lib/cache_context.cu:1877] Device 4 init p2p of link 5
[2022-12-09 03:58:47.680078: E /samgraph/3rdparty/collcachelib/coll_cache_lib/cache_context.cu:1877] Device 3 init p2p of link 1
[2022-12-09 03:58:47.681240: E /samgraph/3rdparty/collcachelib/coll_cache_lib/cache_context.cu:1877] Device 1 init p2p of link 3
[2022-12-09 03:58:47.682160: E /samgraph/3rdparty/collcachelib/coll_cache_lib/cache_context.cu:1877] Device 2 init p2p of link 4
[2022-12-09 03:58:47.690378: E /samgraph/3rdparty/collcachelib/coll_cache_lib/cache_context.cu:1906] Asymm Coll cache (policy: clique_part) | local 4883209 / 244160499 nodes ( 2.00 %~2.00 %) | remote 9766418 / 244160499 nodes ( 4.00 %) | cpu 229510872 / 244160499 nodes ( 94.00 %) | 7.02 GB | 1.55673 secs 
[2022-12-09 03:58:47.690463: E /samgraph/3rdparty/collcachelib/coll_cache_lib/cache_context.cu:1906] Asymm Coll cache (policy: clique_part) | local 4883209 / 244160499 nodes ( 2.00 %~2.00 %) | remote 9766418 / 244160499 nodes ( 4.00 %) | cpu 229510872 / 244160499 nodes ( 94.00 %) | 7.02 GB | 1.55687 secs 
[2022-12-09 03:58:47.691253: E /samgraph/3rdparty/collcachelib/coll_cache_lib/cache_context.cu:1906] Asymm Coll cache (policy: clique_part) | local 4883209 / 244160499 nodes ( 2.00 %~2.00 %) | remote 9766418 / 244160499 nodes ( 4.00 %) | cpu 229510872 / 244160499 nodes ( 94.00 %) | 7.02 GB | 1.59884 secs 
[2022-12-09 03:58:47.691576: E /samgraph/3rdparty/collcachelib/coll_cache_lib/cache_context.cu:1906] Asymm Coll cache (policy: clique_part) | local 4883209 / 244160499 nodes ( 2.00 %~2.00 %) | remote 9766418 / 244160499 nodes ( 4.00 %) | cpu 229510872 / 244160499 nodes ( 94.00 %) | 7.02 GB | 1.56245 secs 
[2022-12-09 03:58:47.691599: W /samgraph/3rdparty/collcachelib/coll_cache_lib/cache_context.cu:2010] before create ctx, mem is 9.67 GB
[2022-12-09 03:58:47.691672: E /samgraph/3rdparty/collcachelib/coll_cache_lib/cache_context.cu:1906] Asymm Coll cache (policy: clique_part) | local 4883209 / 244160499 nodes ( 2.00 %~2.00 %) | remote 9766418 / 244160499 nodes ( 4.00 %) | cpu 229510872 / 244160499 nodes ( 94.00 %) | 7.02 GB | 1.5625 secs 
[2022-12-09 03:58:47.693573: E /samgraph/3rdparty/collcachelib/coll_cache_lib/cache_context.cu:1906] Asymm Coll cache (policy: clique_part) | local 4883209 / 244160499 nodes ( 2.00 %~2.00 %) | remote 9766418 / 244160499 nodes ( 4.00 %) | cpu 229510872 / 244160499 nodes ( 94.00 %) | 7.02 GB | 1.56401 secs 
[2022-12-09 03:58:49.309525: W /samgraph/3rdparty/collcachelib/coll_cache_lib/cache_context.cu:2016] after create ctx, mem is 10.14 GB
[2022-12-09 03:58:49.310465: W /samgraph/3rdparty/collcachelib/coll_cache_lib/cache_context.cu:2023] after create stream, mem is 10.14 GB
[2022-12-09 03:58:49.310770: W /samgraph/3rdparty/collcachelib/coll_cache_lib/cache_context.cu:2010] before create ctx, mem is 10.14 GB
[2022-12-09 03:58:50.804425: W /samgraph/3rdparty/collcachelib/coll_cache_lib/cache_context.cu:2016] after create ctx, mem is 10.60 GB
[2022-12-09 03:58:50.804578: W /samgraph/3rdparty/collcachelib/coll_cache_lib/cache_context.cu:2023] after create stream, mem is 10.60 GB
[2022-12-09 03:58:50.804826: W /samgraph/3rdparty/collcachelib/coll_cache_lib/cache_context.cu:2010] before create ctx, mem is 10.60 GB
[2022-12-09 03:58:52.462126: W /samgraph/3rdparty/collcachelib/coll_cache_lib/cache_context.cu:2016] after create ctx, mem is 11.00 GB
[2022-12-09 03:58:52.462245: W /samgraph/3rdparty/collcachelib/coll_cache_lib/cache_context.cu:2023] after create stream, mem is 11.00 GB
[2022-12-09 03:58:52.462513: W /samgraph/3rdparty/collcachelib/coll_cache_lib/cache_context.cu:2010] before create ctx, mem is 11.00 GB
[2022-12-09 03:58:54.301814: W /samgraph/3rdparty/collcachelib/coll_cache_lib/cache_context.cu:2016] after create ctx, mem is 11.64 GB
[2022-12-09 03:58:54.302059: W /samgraph/3rdparty/collcachelib/coll_cache_lib/cache_context.cu:2023] after create stream, mem is 11.64 GB
[2022-12-09 03:58:54.305192: W /samgraph/3rdparty/collcachelib/coll_cache_lib/cache_context.cu:2010] before create ctx, mem is 11.64 GB
[2022-12-09 03:58:55.860699: W /samgraph/3rdparty/collcachelib/coll_cache_lib/cache_context.cu:2016] after create ctx, mem is 12.01 GB
[2022-12-09 03:58:55.860813: W /samgraph/3rdparty/collcachelib/coll_cache_lib/cache_context.cu:2023] after create stream, mem is 12.01 GB
[2022-12-09 03:58:55.[8614352022-12-09 03:58:55: [.E2022-12-09 03:58:55861437 .: /samgraph/3rdparty/collcachelib/coll_cache_lib/run_config.cc[[861446E:[2022-12-09 03:58:552022-12-09 03:58:55:  1342022-12-09 03:58:55..E/samgraph/3rdparty/collcachelib/coll_cache_lib/run_config.cc] .861481861483 :using concurrent impl MPS861491: : /samgraph/3rdparty/collcachelib/coll_cache_lib/run_config.cc134
: EE:] E  134using concurrent impl MPS /samgraph/3rdparty/collcachelib/coll_cache_lib/run_config.cc/samgraph/3rdparty/collcachelib/coll_cache_lib/run_config.cc] 
/samgraph/3rdparty/collcachelib/coll_cache_lib/run_config.cc::using concurrent impl MPS:134134
134] ] ] using concurrent impl MPSusing concurrent impl MPSusing concurrent impl MPS


[2022-12-09 03:58:55.864323: E /samgraph/3rdparty/collcachelib/coll_cache_lib/coll_cache/asymm_link_desc.cc:172] v100x8, slow pcie
[2022-12-09 03:58:55.864366: E /samgraph/3rdparty/collcachelib/coll_cache_lib/coll_cache/asymm_link_desc.cc:200] build asymm link desc with 6X Tesla V100-SXM2-32GB out of 8
[2022-12-09 03:58:55.864400: E /samgraph/3rdparty/collcachelib/coll_cache_lib/coll_cache/asymm_link_desc.cc:201] remote time is 8.68421
[2022-12-09 03:58:55.864427: E /samgraph/3rdparty/collcachelib/coll_cache_lib/coll_cache/asymm_link_desc.cc:202] cpu time is 97.0588
[2022-12-09 03:58:55.864552: E /samgraph/3rdparty/collcachelib/coll_cache_lib/coll_cache/asymm_link_desc.cc:172] v100x8, slow pcie
[2022-12-09 03:58:55[.2022-12-09 03:58:55864595.: 864595E:  E/samgraph/3rdparty/collcachelib/coll_cache_lib/coll_cache/asymm_link_desc.cc :/samgraph/3rdparty/collcachelib/coll_cache_lib/coll_cache/asymm_link_desc.cc200:] 172build asymm link desc with 6X Tesla V100-SXM2-32GB out of 8] 
v100x8, slow pcie
[2022-12-09 03:58:55.864639[: 2022-12-09 03:58:55E.[ 8646512022-12-09 03:58:55/samgraph/3rdparty/collcachelib/coll_cache_lib/coll_cache/asymm_link_desc.cc: .:E864657172 : ] /samgraph/3rdparty/collcachelib/coll_cache_lib/coll_cache/asymm_link_desc.ccEv100x8, slow pcie: 
[201/samgraph/3rdparty/collcachelib/coll_cache_lib/coll_cache/asymm_link_desc.cc2022-12-09 03:58:55] :.[remote time is 8.684212008646882022-12-09 03:58:55
] : .[build asymm link desc with 6X Tesla V100-SXM2-32GB out of 8[E8647132022-12-09 03:58:55
2022-12-09 03:58:55 : ../samgraph/3rdparty/collcachelib/coll_cache_lib/coll_cache/asymm_link_desc.ccE[864735864747: 2022-12-09 03:58:55: : 172/samgraph/3rdparty/collcachelib/coll_cache_lib/coll_cache/asymm_link_desc.cc.EE] :864779  v100x8, slow pcie200: /samgraph/3rdparty/collcachelib/coll_cache_lib/coll_cache/asymm_link_desc.cc/samgraph/3rdparty/collcachelib/coll_cache_lib/coll_cache/asymm_link_desc.cc
] E::build asymm link desc with 6X Tesla V100-SXM2-32GB out of 8 172202
/samgraph/3rdparty/collcachelib/coll_cache_lib/coll_cache/asymm_link_desc.cc] [] :v100x8, slow pcie2022-12-09 03:58:55[cpu time is 97.0588201
.2022-12-09 03:58:55
] 864868.remote time is 8.68421[: 864883
2022-12-09 03:58:55E: .[ E8649192022-12-09 03:58:55/samgraph/3rdparty/collcachelib/coll_cache_lib/coll_cache/asymm_link_desc.cc : .:/samgraph/3rdparty/collcachelib/coll_cache_lib/coll_cache/asymm_link_desc.ccE864945200: : ] 201/samgraph/3rdparty/collcachelib/coll_cache_lib/coll_cache/asymm_link_desc.ccEbuild asymm link desc with 6X Tesla V100-SXM2-32GB out of 8] : 
remote time is 8.68421200/samgraph/3rdparty/collcachelib/coll_cache_lib/coll_cache/asymm_link_desc.cc
] :build asymm link desc with 6X Tesla V100-SXM2-32GB out of 8202[
[] 2022-12-09 03:58:552022-12-09 03:58:55cpu time is 97.0588.[.
8650422022-12-09 03:58:55865044: .: E865065E :  /samgraph/3rdparty/collcachelib/coll_cache_lib/coll_cache/asymm_link_desc.ccE/samgraph/3rdparty/collcachelib/coll_cache_lib/coll_cache/asymm_link_desc.cc: :201/samgraph/3rdparty/collcachelib/coll_cache_lib/coll_cache/asymm_link_desc.cc202] :] remote time is 8.68421201cpu time is 97.0588
] 
remote time is 8.68421
[2022-12-09 03:58:55.865189[: 2022-12-09 03:58:55E. 865197/samgraph/3rdparty/collcachelib/coll_cache_lib/coll_cache/asymm_link_desc.cc: :E202 ] /samgraph/3rdparty/collcachelib/coll_cache_lib/coll_cache/asymm_link_desc.cccpu time is 97.0588:
202] cpu time is 97.0588
[[[[[[2022-12-09 03:58:562022-12-09 03:58:562022-12-09 03:58:562022-12-09 03:58:562022-12-09 03:58:562022-12-09 03:58:56......590942590943590943590943590943590943: : : : : : EEEEEE      /samgraph/3rdparty/collcachelib/coll_cache_lib/facade.cc/samgraph/3rdparty/collcachelib/coll_cache_lib/facade.cc/samgraph/3rdparty/collcachelib/coll_cache_lib/facade.cc/samgraph/3rdparty/collcachelib/coll_cache_lib/facade.cc/samgraph/3rdparty/collcachelib/coll_cache_lib/facade.cc/samgraph/3rdparty/collcachelib/coll_cache_lib/facade.cc::::::202202202202202202] ] ] ] ] ] 0 solved2 solved3 solved4 solved5 solved1 solved





[[[[2022-12-09 03:58:56[2022-12-09 03:58:56[2022-12-09 03:58:562022-12-09 03:58:56.2022-12-09 03:58:56.2022-12-09 03:58:56..591237.591241.591240591243: 591244: 591247: : E: E: EE E E  /samgraph/3rdparty/collcachelib/coll_cache_lib/facade.cc /samgraph/3rdparty/collcachelib/coll_cache_lib/facade.cc /samgraph/3rdparty/collcachelib/coll_cache_lib/facade.cc/samgraph/3rdparty/collcachelib/coll_cache_lib/facade.cc:/samgraph/3rdparty/collcachelib/coll_cache_lib/facade.cc:/samgraph/3rdparty/collcachelib/coll_cache_lib/facade.cc::205:205:205205] 205] 205] ] worker 0 thread 0 initing device 0] worker 3 thread 3 initing device 3] worker 2 thread 2 initing device 2worker 4 thread 4 initing device 4
worker 5 thread 5 initing device 5
worker 1 thread 1 initing device 1



[2022-12-09 03:58:59.374697: W /samgraph/samgraph/common/cuda/cuda_device.cc:49] GPU[0] alloc cuda memory 917.67 MB
[2022-12-09 03:59:00.780503: W /samgraph/samgraph/common/cuda/cuda_device.cc:49] GPU[0] alloc cuda memory 917.67 MB
/usr/local/lib/python3.8/dist-packages/torch/nn/parallel/scatter_gather.py:9: UserWarning: is_namedtuple is deprecated, please use the python checks instead
  warnings.warn("is_namedtuple is deprecated, please use the python checks instead")
/usr/local/lib/python3.8/dist-packages/torch/nn/parallel/scatter_gather.py:9: UserWarning: is_namedtuple is deprecated, please use the python checks instead
  warnings.warn("is_namedtuple is deprecated, please use the python checks instead")
/usr/local/lib/python3.8/dist-packages/torch/nn/parallel/scatter_gather.py:9: UserWarning: is_namedtuple is deprecated, please use the python checks instead
  warnings.warn("is_namedtuple is deprecated, please use the python checks instead")
/usr/local/lib/python3.8/dist-packages/torch/nn/parallel/scatter_gather.py:9: UserWarning: is_namedtuple is deprecated, please use the python checks instead
  warnings.warn("is_namedtuple is deprecated, please use the python checks instead")
/usr/local/lib/python3.8/dist-packages/torch/nn/parallel/scatter_gather.py:9: UserWarning: is_namedtuple is deprecated, please use the python checks instead
  warnings.warn("is_namedtuple is deprecated, please use the python checks instead")
/usr/local/lib/python3.8/dist-packages/torch/nn/parallel/scatter_gather.py:9: UserWarning: is_namedtuple is deprecated, please use the python checks instead
  warnings.warn("is_namedtuple is deprecated, please use the python checks instead")
