[2022-12-07 03:49:39.916353: W /samgraph/samgraph/common/cpu/mmap_cpu_device.cc:92] mmap allocating space 12.03 GB
[2022-12-07 03:49:39.916456: W /samgraph/samgraph/common/cpu/mmap_cpu_device.cc:97] mmap allocating space 12.03 GB done
[2022-12-07 03:49:46.801361: W /samgraph/samgraph/common/cpu/mmap_cpu_device.cc:92] mmap allocating space 52.96 GB
[2022-12-07 03:49:46.801452: W /samgraph/samgraph/common/cpu/mmap_cpu_device.cc:97] mmap allocating space 52.96 GB done
[2022-12-07 03:49:47.294611: W /samgraph/samgraph/common/cpu/mmap_cpu_device.cc:92] mmap allocating space 10.67 GB
[2022-12-07 03:49:47.294685: W /samgraph/samgraph/common/cpu/mmap_cpu_device.cc:97] mmap allocating space 10.67 GB done
/usr/lib/python3/dist-packages/requests/__init__.py:89: RequestsDependencyWarning: urllib3 (1.26.12) or chardet (3.0.4) doesn't match a supported version!
  warnings.warn("urllib3 ({}) or chardet ({}) doesn't match a supported "
[2022-12-07 03:49:47.886503: W /samgraph/samgraph/common/dist/dist_engine.cc:662] Trainer[0] initializing...
[2022-12-07 03:49:47.920180: W /samgraph/samgraph/common/dist/dist_engine.cc:662] Trainer[1] initializing...
[2022-12-07 03:49:47.962210: W /samgraph/samgraph/common/dist/dist_engine.cc:662] Trainer[5] initializing...
[2022-12-07 03:49:48.129184: W /samgraph/samgraph/common/dist/dist_engine.cc:662] Trainer[2] initializing...
[2022-12-07 03:49:48.143553: W /samgraph/samgraph/common/dist/dist_engine.cc:662] Trainer[3] initializing...
[2022-12-07 03:49:48.178527: W /samgraph/samgraph/common/dist/dist_engine.cc:662] Trainer[4] initializing...
[2022-12-07 03:49:49.996893: W /samgraph/samgraph/common/dist/dist_engine.cc:666] Trainer[1] pin memory queue...
[2022-12-07 03:49:50. 13119: W /samgraph/samgraph/common/dist/dist_engine.cc:666] Trainer[5] pin memory queue...
[2022-12-07 03:49:50. 23168: W /samgraph/samgraph/common/dist/dist_engine.cc:666] Trainer[0] pin memory queue...
[2022-12-07 03:49:50. 71157: W /samgraph/samgraph/common/dist/dist_engine.cc:666] Trainer[2] pin memory queue...
[2022-12-07 03:49:50. 74088: W /samgraph/samgraph/common/dist/dist_engine.cc:666] Trainer[4] pin memory queue...
[2022-12-07 03:49:50.142725: W /samgraph/samgraph/common/dist/dist_engine.cc:666] Trainer[3] pin memory queue...
[2022-12-07 03:49:55.504994: E /samgraph/samgraph/common/dist/dist_engine.cc:85] Running on V100
[2022-12-07 03:49:55.505132: E /samgraph/samgraph/common/dist/dist_engine.cc:85] Running on V100
[2022-12-07 03:49:55.505355: E /samgraph/samgraph/common/dist/dist_engine.cc:85] Running on V100
[[2022-12-07 03:49:552022-12-07 03:49:55..505404505429: : EW  /samgraph/samgraph/common/dist/dist_engine.cc/samgraph/samgraph/common/dist/dist_engine.cc::85701[] ] [2022-12-07 03:49:55Running on V100Trainer[5] register host memory...2022-12-07 03:49:55.

.505476505494: : EW  /samgraph/samgraph/common/dist/dist_engine.cc/samgraph/samgraph/common/dist/dist_engine.cc::85701] ] Running on V100Trainer[1] register host memory...

[2022-12-07 03:49:55.505655: W /samgraph/samgraph/common/dist/dist_engine.cc:701] Trainer[4] register host memory...
[2022-12-07 03:49:55.505732: W /samgraph/samgraph/common/dist/dist_engine.cc:701] Trainer[3] register host memory...
[2022-12-07 03:49:55.505834: W /samgraph/samgraph/common/dist/dist_engine.cc:701] Trainer[0] register host memory...
[2022-12-07 03:49:55.506484: E /samgraph/samgraph/common/dist/dist_engine.cc:85] Running on V100
[2022-12-07 03:49:55.506637: W /samgraph/samgraph/common/dist/dist_engine.cc:701] Trainer[2] register host memory...
[2022-12-07 03:49:55.771457: E /samgraph/samgraph/common/dist/dist_engine.cc:85] Running on V100
[2022-12-07 03:49:55.775539: E /samgraph/samgraph/common/dist/dist_engine.cc:85] Running on V100
[2022-12-07 03:49:55.777109: W /samgraph/samgraph/common/cuda/cuda_device.cc:49] GPU[6] alloc cuda memory 423.66 MB
[2022-12-07 03:49:55.883771: W /samgraph/samgraph/common/cuda/cuda_device.cc:49] GPU[6] alloc cuda memory 12.03 GB
[2022-12-07 03:49:58.389663: W /samgraph/samgraph/common/cuda/cuda_device.cc:49] GPU[6] alloc cuda memory 128.00 MB
[2022-12-07 03:49:58.395704: E /samgraph/samgraph/common/dist/pre_sampler.cc:41] Dist Presampler making shuffler...
[2022-12-07 03:49:58.400171: E /samgraph/samgraph/common/dist/pre_sampler.cc:44] Dist Presampler making shuffler...Done
[2022-12-07 03:49:58.400222: W /samgraph/samgraph/common/cpu/cpu_device.cc:39] WORKER[0] alloc host memory 847.32 MB
[2022-12-07 03:49:58.772200: E /samgraph/samgraph/common/dist/pre_sampler.cc:85] Dist Presampler doing presample epoch 0
[2022-12-07 03:50:00.965584: E /samgraph/samgraph/common/dist/pre_sampler.cc:129] presample spend 0.906449 on sample, 0.058992 on copy, 1.22594 on count
[2022-12-07 03:50:00.965696: E /samgraph/samgraph/common/dist/pre_sampler.cc:85] Dist Presampler doing presample epoch 1
[2022-12-07 03:50:03.149515: E /samgraph/samgraph/common/dist/pre_sampler.cc:129] presample spend 1.80645 on sample, 0.115267 on copy, 2.45164 on count
[2022-12-07 03:50:03.149652: E /samgraph/samgraph/common/dist/pre_sampler.cc:136] max_num_inputs = 1115294, min_num_inputs = 1088236
[2022-12-07 03:50:03.360769: E /samgraph/samgraph/common/dist/pre_sampler.cc:148] presample spend 0.21102 on sort freq.
[2022-12-07 03:50:03.762147: E /samgraph/samgraph/common/dist/dist_engine.cc:524] pre sample done, delete it
[[2022-12-07 03:50:03[[2022-12-07 03:50:03.[[2022-12-07 03:50:032022-12-07 03:50:03.7897782022-12-07 03:50:032022-12-07 03:50:03..789780: ..789780789782: W789796789794: : W : : WW /samgraph/samgraph/common/dist/dist_engine.ccWW  /samgraph/samgraph/common/dist/dist_engine.cc:  /samgraph/samgraph/common/dist/dist_engine.cc/samgraph/samgraph/common/dist/dist_engine.cc:711/samgraph/samgraph/common/dist/dist_engine.cc/samgraph/samgraph/common/dist/dist_engine.cc::711] ::711711] Trainer[3] building cache...711711] ] Trainer[4] building cache...
] ] Trainer[5] building cache...Trainer[1] building cache...
Trainer[2] building cache...Trainer[0] building cache...



[2022-12-07 03:50:03.[[790616[2022-12-07 03:50:032022-12-07 03:50:03: [[2022-12-07 03:50:03..E2022-12-07 03:50:032022-12-07 03:50:03.790621790621 ..790624: : /samgraph/3rdparty/collcachelib/coll_cache_lib/run_config.cc790630790630: EE:: : E  134EE /samgraph/3rdparty/collcachelib/coll_cache_lib/run_config.cc/samgraph/3rdparty/collcachelib/coll_cache_lib/run_config.cc]   /samgraph/3rdparty/collcachelib/coll_cache_lib/run_config.cc::using concurrent impl MPS/samgraph/3rdparty/collcachelib/coll_cache_lib/run_config.cc/samgraph/3rdparty/collcachelib/coll_cache_lib/run_config.cc:134134
::134] ] 134134] using concurrent impl MPSusing concurrent impl MPS] ] using concurrent impl MPS

using concurrent impl MPSusing concurrent impl MPS


[2022-12-07 03:50:03.793880: E /samgraph/3rdparty/collcachelib/coll_cache_lib/coll_cache/asymm_link_desc.cc:196] build asymm link desc with 6X Tesla V100-SXM2-32GB out of 8
[2022-12-07 03:50:03[.2022-12-07 03:50:03793932.: 793928E:  E/samgraph/3rdparty/collcachelib/coll_cache_lib/coll_cache/asymm_link_desc.cc :/samgraph/3rdparty/collcachelib/coll_cache_lib/coll_cache/asymm_link_desc.cc197:] 196remote time is 8.68421] [
build asymm link desc with 6X Tesla V100-SXM2-32GB out of 82022-12-07 03:50:03
.[7939672022-12-07 03:50:03: .E793989[ : 2022-12-07 03:50:03/samgraph/3rdparty/collcachelib/coll_cache_lib/coll_cache/asymm_link_desc.ccE.: 794000196[/samgraph/3rdparty/collcachelib/coll_cache_lib/coll_cache/asymm_link_desc.cc: ] 2022-12-07 03:50:03:Ebuild asymm link desc with 6X Tesla V100-SXM2-32GB out of 8.198 
794012] /samgraph/3rdparty/collcachelib/coll_cache_lib/coll_cache/asymm_link_desc.cc: cpu time is 30:E
197[ ] [2022-12-07 03:50:03/samgraph/3rdparty/collcachelib/coll_cache_lib/coll_cache/asymm_link_desc.ccremote time is 8.684212022-12-07 03:50:03.:
.794060196794065: [[] : E2022-12-07 03:50:032022-12-07 03:50:03build asymm link desc with 6X Tesla V100-SXM2-32GB out of 8E ..
 /samgraph/3rdparty/collcachelib/coll_cache_lib/coll_cache/asymm_link_desc.cc794111794107[/samgraph/3rdparty/collcachelib/coll_cache_lib/coll_cache/asymm_link_desc.cc:: : 2022-12-07 03:50:03:197EE.196]   794181] remote time is 8.68421/samgraph/3rdparty/collcachelib/coll_cache_lib/coll_cache/asymm_link_desc.cc/samgraph/3rdparty/collcachelib/coll_cache_lib/coll_cache/asymm_link_desc.cc: build asymm link desc with 6X Tesla V100-SXM2-32GB out of 8
::[E
1981962022-12-07 03:50:03 ] [] ./samgraph/3rdparty/collcachelib/coll_cache_lib/coll_cache/asymm_link_desc.cccpu time is 302022-12-07 03:50:03build asymm link desc with 6X Tesla V100-SXM2-32GB out of 8794286:
.
: 197794309E] : [ remote time is 8.68421E2022-12-07 03:50:03/samgraph/3rdparty/collcachelib/coll_cache_lib/coll_cache/asymm_link_desc.cc
 .:/samgraph/3rdparty/collcachelib/coll_cache_lib/coll_cache/asymm_link_desc.cc[794360198:2022-12-07 03:50:03: ] 197.Ecpu time is 30] 794396 
remote time is 8.68421: /samgraph/3rdparty/collcachelib/coll_cache_lib/coll_cache/asymm_link_desc.cc
E: [197/samgraph/3rdparty/collcachelib/coll_cache_lib/coll_cache/asymm_link_desc.cc2022-12-07 03:50:03] :.remote time is 8.68421198794489
] : cpu time is 30[E
2022-12-07 03:50:03 ./samgraph/3rdparty/collcachelib/coll_cache_lib/coll_cache/asymm_link_desc.cc794543:: 198E]  cpu time is 30/samgraph/3rdparty/collcachelib/coll_cache_lib/coll_cache/asymm_link_desc.cc
:198] cpu time is 30
[2022-12-07 03:50:28.304601: E /samgraph/3rdparty/collcachelib/coll_cache_lib/facade.cc:115] solver created. now build & solve
[2022-12-07 03:50:28.350834: E /samgraph/3rdparty/collcachelib/coll_cache_lib/facade.cc:120] solver built. now solve
[2022-12-07 03:50:28.350893: E /samgraph/3rdparty/collcachelib/coll_cache_lib/coll_cache/optimal_solver_class.cc:895] num_cached_nodes = 22211991
[2022-12-07 03:50:29.328366: E /samgraph/3rdparty/collcachelib/coll_cache_lib/facade.cc:124] solver solved
[2022-12-07 03:50:29.328487: E /samgraph/3rdparty/collcachelib/coll_cache_lib/facade.cc:187] 0 solved master
[2022-12-07 03:50:29.328537: E /samgraph/3rdparty/collcachelib/coll_cache_lib/facade.cc:194] 0 solved
[2022-12-07 03:50:29.328566: E /samgraph/3rdparty/collcachelib/coll_cache_lib/facade.cc:197] worker 0 thread 0 initing device 0
[2022-12-07 03:50:29.348410: E /samgraph/3rdparty/collcachelib/coll_cache_lib/facade.cc:194] 2 solved
[2022-12-07 03:50:29.348485: E /samgraph/3rdparty/collcachelib/coll_cache_lib/facade.cc:197] worker 2 thread 2 initing device 2
[[2022-12-07 03:50:292022-12-07 03:50:29..348582348597: : EE  /samgraph/3rdparty/collcachelib/coll_cache_lib/facade.cc/samgraph/3rdparty/collcachelib/coll_cache_lib/facade.cc::194194] ] 1 solved5 solved

[[2022-12-07 03:50:292022-12-07 03:50:29..348671348673: : EE  /samgraph/3rdparty/collcachelib/coll_cache_lib/facade.cc/samgraph/3rdparty/collcachelib/coll_cache_lib/facade.cc::197197] ] worker 1 thread 1 initing device 1worker 5 thread 5 initing device 5

[2022-12-07 03:50:29.355232: E /samgraph/3rdparty/collcachelib/coll_cache_lib/facade.cc:194] 3 solved
[2022-12-07 03:50:29.355304: E /samgraph/3rdparty/collcachelib/coll_cache_lib/facade.cc:197] worker 3 thread 3 initing device 3
[2022-12-07 03:50:29.355357: E /samgraph/3rdparty/collcachelib/coll_cache_lib/facade.cc:194] 4 solved
[2022-12-07 03:50:29.355415: E /samgraph/3rdparty/collcachelib/coll_cache_lib/facade.cc:197] worker 4 thread 4 initing device 4
[2022-12-07 03:50:31.389851: E /samgraph/3rdparty/collcachelib/coll_cache_lib/cache_context.cu:1740] Collaborative GPU cache (policy: rep_cache) | local 22211991 / 111059956 nodes ( 20.00 %~20.00 %) | remote 0 / 111059956 nodes ( 0.00 %) | cpu 88847965 / 111059956 nodes ( 80.00 %) | 10.59 GB | 2.03236 secs 
[2022-12-07 03:50:31.390605: E /samgraph/3rdparty/collcachelib/coll_cache_lib/cache_context.cu:1740] Collaborative GPU cache (policy: rep_cache) | local 22211991 / 111059956 nodes ( 20.00 %~20.00 %) | remote 0 / 111059956 nodes ( 0.00 %) | cpu 88847965 / 111059956 nodes ( 80.00 %) | 10.59 GB | 2.06053 secs 
[2022-12-07 03:50:31.391567: E /samgraph/3rdparty/collcachelib/coll_cache_lib/cache_context.cu:1740] Collaborative GPU cache (policy: rep_cache) | local 22211991 / 111059956 nodes ( 20.00 %~20.00 %) | remote 0 / 111059956 nodes ( 0.00 %) | cpu 88847965 / 111059956 nodes ( 80.00 %) | 10.59 GB | 2.04108 secs 
[2022-12-07 03:50:31.391696: W /samgraph/3rdparty/collcachelib/coll_cache_lib/cache_context.cu:2004] before create ctx, mem is 12.24 GB
[2022-12-07 03:50:31.392302: E /samgraph/3rdparty/collcachelib/coll_cache_lib/cache_context.cu:1740] Collaborative GPU cache (policy: rep_cache) | local 22211991 / 111059956 nodes ( 20.00 %~20.00 %) | remote 0 / 111059956 nodes ( 0.00 %) | cpu 88847965 / 111059956 nodes ( 80.00 %) | 10.59 GB | 2.04192 secs 
[2022-12-07 03:50:31.393317: E /samgraph/3rdparty/collcachelib/coll_cache_lib/cache_context.cu:1740] Collaborative GPU cache (policy: rep_cache) | local 22211991 / 111059956 nodes ( 20.00 %~20.00 %) | remote 0 / 111059956 nodes ( 0.00 %) | cpu 88847965 / 111059956 nodes ( 80.00 %) | 10.59 GB | 2.04289 secs 
[2022-12-07 03:50:31.393927: E /samgraph/3rdparty/collcachelib/coll_cache_lib/cache_context.cu:1740] Collaborative GPU cache (policy: rep_cache) | local 22211991 / 111059956 nodes ( 20.00 %~20.00 %) | remote 0 / 111059956 nodes ( 0.00 %) | cpu 88847965 / 111059956 nodes ( 80.00 %) | 10.59 GB | 2.03638 secs 
[2022-12-07 03:50:33. 98462: W /samgraph/3rdparty/collcachelib/coll_cache_lib/cache_context.cu:2010] after create ctx, mem is 12.71 GB
[2022-12-07 03:50:33.100179: W /samgraph/3rdparty/collcachelib/coll_cache_lib/cache_context.cu:2017] after create stream, mem is 12.71 GB
[2022-12-07 03:50:33.124323: W /samgraph/3rdparty/collcachelib/coll_cache_lib/cache_context.cu:2004] before create ctx, mem is 12.71 GB
[2022-12-07 03:50:34.700278: W /samgraph/3rdparty/collcachelib/coll_cache_lib/cache_context.cu:2010] after create ctx, mem is 13.17 GB
[2022-12-07 03:50:34.723738: W /samgraph/3rdparty/collcachelib/coll_cache_lib/cache_context.cu:2017] after create stream, mem is 13.17 GB
[2022-12-07 03:50:34.747137: W /samgraph/3rdparty/collcachelib/coll_cache_lib/cache_context.cu:2004] before create ctx, mem is 13.17 GB
[2022-12-07 03:50:36.243251: W /samgraph/3rdparty/collcachelib/coll_cache_lib/cache_context.cu:2010] after create ctx, mem is 13.57 GB
[2022-12-07 03:50:36.243408: W /samgraph/3rdparty/collcachelib/coll_cache_lib/cache_context.cu:2017] after create stream, mem is 13.57 GB
[2022-12-07 03:50:36.243709: W /samgraph/3rdparty/collcachelib/coll_cache_lib/cache_context.cu:2004] before create ctx, mem is 13.57 GB
[2022-12-07 03:50:37.858416: W /samgraph/3rdparty/collcachelib/coll_cache_lib/cache_context.cu:2010] after create ctx, mem is 14.21 GB
[2022-12-07 03:50:37.859191: W /samgraph/3rdparty/collcachelib/coll_cache_lib/cache_context.cu:2017] after create stream, mem is 14.21 GB
[2022-12-07 03:50:37.859759: W /samgraph/3rdparty/collcachelib/coll_cache_lib/cache_context.cu:2004] before create ctx, mem is 14.21 GB
[2022-12-07 03:50:39.270744: W /samgraph/3rdparty/collcachelib/coll_cache_lib/cache_context.cu:2010] after create ctx, mem is 14.58 GB
[2022-12-07 03:50:39.270857: W /samgraph/3rdparty/collcachelib/coll_cache_lib/cache_context.cu:2017] after create stream, mem is 14.58 GB
[2022-12-07 03:50:39[.2022-12-07 03:50:39.462074[[462074: 2022-12-07 03:50:39[2022-12-07 03:50:39: E.[2022-12-07 03:50:39.E 4620912022-12-07 03:50:39.462116 /samgraph/3rdparty/collcachelib/coll_cache_lib/run_config.cc: .462119: /samgraph/3rdparty/collcachelib/coll_cache_lib/run_config.cc:E462112: E:134 : E 134] /samgraph/3rdparty/collcachelib/coll_cache_lib/run_config.ccE /samgraph/3rdparty/collcachelib/coll_cache_lib/run_config.cc] using concurrent impl MPS: /samgraph/3rdparty/collcachelib/coll_cache_lib/run_config.cc:using concurrent impl MPS
134/samgraph/3rdparty/collcachelib/coll_cache_lib/run_config.cc:134
] :134] using concurrent impl MPS134] using concurrent impl MPS
] using concurrent impl MPS
using concurrent impl MPS

[2022-12-07 03:50:39.465205: E /samgraph/3rdparty/collcachelib/coll_cache_lib/coll_cache/asymm_link_desc.cc:196] build asymm link desc with 6X Tesla V100-SXM2-32GB out of 8
[2022-12-07 03:50:39[.2022-12-07 03:50:39465251.: 465250E:  E/samgraph/3rdparty/collcachelib/coll_cache_lib/coll_cache/asymm_link_desc.cc :/samgraph/3rdparty/collcachelib/coll_cache_lib/coll_cache/asymm_link_desc.cc197:] 196[remote time is 8.68421] 2022-12-07 03:50:39
build asymm link desc with 6X Tesla V100-SXM2-32GB out of 8.
465296[: 2022-12-07 03:50:39E. 465319[/samgraph/3rdparty/collcachelib/coll_cache_lib/coll_cache/asymm_link_desc.cc: 2022-12-07 03:50:39:E[.196 2022-12-07 03:50:39465332] /samgraph/3rdparty/collcachelib/coll_cache_lib/coll_cache/asymm_link_desc.cc.: build asymm link desc with 6X Tesla V100-SXM2-32GB out of 8:465339E
198:  ] E/samgraph/3rdparty/collcachelib/coll_cache_lib/coll_cache/asymm_link_desc.cccpu time is 30 :
[/samgraph/3rdparty/collcachelib/coll_cache_lib/coll_cache/asymm_link_desc.cc197[2022-12-07 03:50:39:] 2022-12-07 03:50:39.196remote time is 8.68421.465393] 
465396: build asymm link desc with 6X Tesla V100-SXM2-32GB out of 8: E[
E 2022-12-07 03:50:39[ /samgraph/3rdparty/collcachelib/coll_cache_lib/coll_cache/asymm_link_desc.cc.[2022-12-07 03:50:39/samgraph/3rdparty/collcachelib/coll_cache_lib/coll_cache/asymm_link_desc.cc:4654362022-12-07 03:50:39.:197: .465441196] E465454: ] remote time is 8.68421 : Ebuild asymm link desc with 6X Tesla V100-SXM2-32GB out of 8
/samgraph/3rdparty/collcachelib/coll_cache_lib/coll_cache/asymm_link_desc.ccE 
: [/samgraph/3rdparty/collcachelib/coll_cache_lib/coll_cache/asymm_link_desc.cc198/samgraph/3rdparty/collcachelib/coll_cache_lib/coll_cache/asymm_link_desc.cc2022-12-07 03:50:39[:] :.2022-12-07 03:50:39196cpu time is 30197465554.] 
] : 465568build asymm link desc with 6X Tesla V100-SXM2-32GB out of 8remote time is 8.68421E: 

 E/samgraph/3rdparty/collcachelib/coll_cache_lib/coll_cache/asymm_link_desc.cc :[/samgraph/3rdparty/collcachelib/coll_cache_lib/coll_cache/asymm_link_desc.cc1982022-12-07 03:50:39[:] .2022-12-07 03:50:39197cpu time is 30465659.] 
: 465662remote time is 8.68421E: 
 E/samgraph/3rdparty/collcachelib/coll_cache_lib/coll_cache/asymm_link_desc.cc [:/samgraph/3rdparty/collcachelib/coll_cache_lib/coll_cache/asymm_link_desc.cc2022-12-07 03:50:39198:.] 197465735cpu time is 30] : 
remote time is 8.68421E
 /samgraph/3rdparty/collcachelib/coll_cache_lib/coll_cache/asymm_link_desc.cc[:2022-12-07 03:50:39198.] 465816cpu time is 30: 
E /samgraph/3rdparty/collcachelib/coll_cache_lib/coll_cache/asymm_link_desc.cc:198] cpu time is 30
[2022-12-07 03:50:39.628240: E /samgraph/3rdparty/collcachelib/coll_cache_lib/facade.cc:115] solver created. now build & solve
[2022-12-07 03:50:39.648328: E /samgraph/3rdparty/collcachelib/coll_cache_lib/facade.cc:120] solver built. now solve
[2022-12-07 03:50:39.648389: E /samgraph/3rdparty/collcachelib/coll_cache_lib/coll_cache/optimal_solver_class.cc:895] num_cached_nodes = 22211991
[2022-12-07 03:50:40.638341: E /samgraph/3rdparty/collcachelib/coll_cache_lib/facade.cc:124] solver solved
[2022-12-07 03:50:40.638422: E /samgraph/3rdparty/collcachelib/coll_cache_lib/facade.cc:187] 0 solved master
[2022-12-07 03:50:40.638450: E /samgraph/3rdparty/collcachelib/coll_cache_lib/facade.cc:194] 0 solved
[2022-12-07 03:50:40.638477: E /samgraph/3rdparty/collcachelib/coll_cache_lib/facade.cc:197] worker 0 thread 0 initing device 0
[2022-12-07 03:50:40.658350: E /samgraph/3rdparty/collcachelib/coll_cache_lib/facade.cc:194] 2 solved
[2022-12-07 03:50:40.658414: E /samgraph/3rdparty/collcachelib/coll_cache_lib/facade.cc:197] worker 2 thread 2 initing device 2
[2022-12-07 03:50:40.660218: E /samgraph/3rdparty/collcachelib/coll_cache_lib/facade.cc:194] 1 solved
[2022-12-07 03:50:40.660276: E /samgraph/3rdparty/collcachelib/coll_cache_lib/facade.cc:197] worker 1 thread 1 initing device 1
[[2022-12-07 03:50:402022-12-07 03:50:40..660437660441: : EE  /samgraph/3rdparty/collcachelib/coll_cache_lib/facade.cc/samgraph/3rdparty/collcachelib/coll_cache_lib/facade.cc::194194] ] 4 solved3 solved

[[2022-12-07 03:50:402022-12-07 03:50:40..660517660519: : EE  /samgraph/3rdparty/collcachelib/coll_cache_lib/facade.cc/samgraph/3rdparty/collcachelib/coll_cache_lib/facade.cc::197197] ] worker 4 thread 4 initing device 4worker 3 thread 3 initing device 3

[2022-12-07 03:50:40.666942: E /samgraph/3rdparty/collcachelib/coll_cache_lib/facade.cc:194] 5 solved
[2022-12-07 03:50:40.667016: E /samgraph/3rdparty/collcachelib/coll_cache_lib/facade.cc:197] worker 5 thread 5 initing device 5
[2022-12-07 03:50:43.515927: W /samgraph/samgraph/common/cuda/cuda_device.cc:49] GPU[0] alloc cuda memory 577.84 MB
[2022-12-07 03:50:43.519412: W /samgraph/samgraph/common/cuda/cuda_device.cc:49] GPU[0] alloc cuda memory 11.29 MB
[2022-12-07 03:50:43.522764: W /samgraph/samgraph/common/cuda/cuda_device.cc:49] GPU[0] alloc cuda memory 11.29 MB
[2022-12-07 03:50:45. 91212: W /samgraph/samgraph/common/cuda/cuda_device.cc:49] GPU[0] alloc cuda memory 577.84 MB
[2022-12-07 03:50:45. 94712: W /samgraph/samgraph/common/cuda/cuda_device.cc:49] GPU[0] alloc cuda memory 10.48 MB
/usr/local/lib/python3.8/dist-packages/torch/nn/parallel/scatter_gather.py:9: UserWarning: is_namedtuple is deprecated, please use the python checks instead
  warnings.warn("is_namedtuple is deprecated, please use the python checks instead")
/usr/local/lib/python3.8/dist-packages/torch/nn/parallel/scatter_gather.py:9: UserWarning: is_namedtuple is deprecated, please use the python checks instead
  warnings.warn("is_namedtuple is deprecated, please use the python checks instead")
/usr/local/lib/python3.8/dist-packages/torch/nn/parallel/scatter_gather.py:9: UserWarning: is_namedtuple is deprecated, please use the python checks instead
  warnings.warn("is_namedtuple is deprecated, please use the python checks instead")
/usr/local/lib/python3.8/dist-packages/torch/nn/parallel/scatter_gather.py:9: UserWarning: is_namedtuple is deprecated, please use the python checks instead
  warnings.warn("is_namedtuple is deprecated, please use the python checks instead")
/usr/local/lib/python3.8/dist-packages/torch/nn/parallel/scatter_gather.py:9: UserWarning: is_namedtuple is deprecated, please use the python checks instead
  warnings.warn("is_namedtuple is deprecated, please use the python checks instead")
/usr/local/lib/python3.8/dist-packages/torch/nn/parallel/scatter_gather.py:9: UserWarning: is_namedtuple is deprecated, please use the python checks instead
  warnings.warn("is_namedtuple is deprecated, please use the python checks instead")
