[2022-12-07 03:38:43.985949: W /samgraph/samgraph/common/cpu/mmap_cpu_device.cc:92] mmap allocating space 12.03 GB
[2022-12-07 03:38:43.986052: W /samgraph/samgraph/common/cpu/mmap_cpu_device.cc:97] mmap allocating space 12.03 GB done
[2022-12-07 03:38:50.640535: W /samgraph/samgraph/common/cpu/mmap_cpu_device.cc:92] mmap allocating space 52.96 GB
[2022-12-07 03:38:50.640625: W /samgraph/samgraph/common/cpu/mmap_cpu_device.cc:97] mmap allocating space 52.96 GB done
[2022-12-07 03:38:51.106464: W /samgraph/samgraph/common/cpu/mmap_cpu_device.cc:92] mmap allocating space 10.67 GB
[2022-12-07 03:38:51.106541: W /samgraph/samgraph/common/cpu/mmap_cpu_device.cc:97] mmap allocating space 10.67 GB done
/usr/lib/python3/dist-packages/requests/__init__.py:89: RequestsDependencyWarning: urllib3 (1.26.12) or chardet (3.0.4) doesn't match a supported version!
  warnings.warn("urllib3 ({}) or chardet ({}) doesn't match a supported "
[2022-12-07 03:38:51.718112: W /samgraph/samgraph/common/dist/dist_engine.cc:662] Trainer[1] initializing...
[2022-12-07 03:38:51.814139: W /samgraph/samgraph/common/dist/dist_engine.cc:662] Trainer[4] initializing...
[2022-12-07 03:38:51.834499: W /samgraph/samgraph/common/dist/dist_engine.cc:662] Trainer[0] initializing...
[2022-12-07 03:38:51.900760: W /samgraph/samgraph/common/dist/dist_engine.cc:662] Trainer[3] initializing...
[2022-12-07 03:38:51.952316: W /samgraph/samgraph/common/dist/dist_engine.cc:662] Trainer[5] initializing...
[2022-12-07 03:38:52. 43021: W /samgraph/samgraph/common/dist/dist_engine.cc:662] Trainer[2] initializing...
[2022-12-07 03:38:53.928410: W /samgraph/samgraph/common/dist/dist_engine.cc:666] Trainer[1] pin memory queue...
[2022-12-07 03:38:53.931327: W /samgraph/samgraph/common/dist/dist_engine.cc:666] Trainer[4] pin memory queue...
[2022-12-07 03:38:53.967759: W /samgraph/samgraph/common/dist/dist_engine.cc:666] Trainer[5] pin memory queue...
[2022-12-07 03:38:53.977493: W /samgraph/samgraph/common/dist/dist_engine.cc:666] Trainer[0] pin memory queue...
[2022-12-07 03:38:53.977817: W /samgraph/samgraph/common/dist/dist_engine.cc:666] Trainer[2] pin memory queue...
[2022-12-07 03:38:54. 43825: W /samgraph/samgraph/common/dist/dist_engine.cc:666] Trainer[3] pin memory queue...
[2022-12-07 03:38:59.546517: E /samgraph/samgraph/common/dist/dist_engine.cc:[852022-12-07 03:38:59] .Running on V100546561
: E /samgraph/samgraph/common/dist/dist_engine.cc:85] Running on V100
[2022-12-07 03:38:59.546640: E /samgraph/samgraph/common/dist/dist_engine.cc:85] Running on V100
[2022-12-07 03:38:59.546783: E /samgraph/samgraph/common/dist/dist_engine.cc:85] Running on V100
[2022-12-07 03:38:59.546895: W [/samgraph/samgraph/common/dist/dist_engine.cc2022-12-07 03:38:59:.701546909] : Trainer[4] register host memory...W
 /samgraph/samgraph/common/dist/dist_engine.cc:701] Trainer[2] register host memory...
[2022-12-07 03:38:59.546982: W /samgraph/samgraph/common/dist/dist_engine.cc:701] Trainer[3] register host memory...
[2022-12-07 03:38:59.547032: E /samgraph/samgraph/common/dist/dist_engine.cc:85] Running on V100
[2022-12-07 03:38:59.547105: W /samgraph/samgraph/common/dist/dist_engine.cc:701] Trainer[1] register host memory...
[2022-12-07 03:38:59.547259: W /samgraph/samgraph/common/dist/dist_engine.cc:701] Trainer[5] register host memory...
[2022-12-07 03:38:59.547716: E /samgraph/samgraph/common/dist/dist_engine.cc:85] Running on V100
[2022-12-07 03:38:59.547859: W /samgraph/samgraph/common/dist/dist_engine.cc:701] Trainer[0] register host memory...
[2022-12-07 03:38:59.810598: E /samgraph/samgraph/common/dist/dist_engine.cc:85] Running on V100
[2022-12-07 03:38:59.810673: E /samgraph/samgraph/common/dist/dist_engine.cc:85] Running on V100
[2022-12-07 03:38:59.817200: W /samgraph/samgraph/common/cuda/cuda_device.cc:49] GPU[6] alloc cuda memory 423.66 MB
[2022-12-07 03:38:59.925758: W /samgraph/samgraph/common/cuda/cuda_device.cc:49] GPU[6] alloc cuda memory 12.03 GB
[2022-12-07 03:39:02.235834: W /samgraph/samgraph/common/cuda/cuda_device.cc:49] GPU[6] alloc cuda memory 128.00 MB
[2022-12-07 03:39:02.240895: E /samgraph/samgraph/common/dist/pre_sampler.cc:41] Dist Presampler making shuffler...
[2022-12-07 03:39:02.245484: E /samgraph/samgraph/common/dist/pre_sampler.cc:44] Dist Presampler making shuffler...Done
[2022-12-07 03:39:02.245547: W /samgraph/samgraph/common/cpu/cpu_device.cc:39] WORKER[0] alloc host memory 847.32 MB
[2022-12-07 03:39:02.615991: E /samgraph/samgraph/common/dist/pre_sampler.cc:85] Dist Presampler doing presample epoch 0
[2022-12-07 03:39:04.842151: E /samgraph/samgraph/common/dist/pre_sampler.cc:129] presample spend 0.900138 on sample, 0.0582582 on copy, 1.26602 on count
[2022-12-07 03:39:04.842277: E /samgraph/samgraph/common/dist/pre_sampler.cc:85] Dist Presampler doing presample epoch 1
[2022-12-07 03:39:07. 57706: E /samgraph/samgraph/common/dist/pre_sampler.cc:129] presample spend 1.79499 on sample, 0.113721 on copy, 2.52954 on count
[2022-12-07 03:39:07. 57827: E /samgraph/samgraph/common/dist/pre_sampler.cc:136] max_num_inputs = 1116760, min_num_inputs = 1085680
[2022-12-07 03:39:07.388763: E /samgraph/samgraph/common/dist/pre_sampler.cc:148] presample spend 0.330842 on sort freq.
[2022-12-07 03:39:07.817884: E /samgraph/samgraph/common/dist/dist_engine.cc:524] pre sample done, delete it
[[[[[[2022-12-07 03:39:072022-12-07 03:39:072022-12-07 03:39:072022-12-07 03:39:072022-12-07 03:39:072022-12-07 03:39:07......845407845402845408845407845403845401: : : : W : : WWW/samgraph/samgraph/common/dist/dist_engine.ccWW   :  /samgraph/samgraph/common/dist/dist_engine.cc/samgraph/samgraph/common/dist/dist_engine.cc/samgraph/samgraph/common/dist/dist_engine.cc711/samgraph/samgraph/common/dist/dist_engine.cc/samgraph/samgraph/common/dist/dist_engine.cc:::] ::711711711Trainer[0] building cache...711711] ] ] 
] ] Trainer[1] building cache...Trainer[3] building cache...Trainer[5] building cache...Trainer[2] building cache...Trainer[4] building cache...




[2022-12-07 03:39:07.849987: E /samgraph/3rdparty/collcachelib/coll_cache_lib/coll_cache/asymm_link_desc.cc:196] build asymm link desc with 6X Tesla V100-SXM2-32GB out of 8
[[2022-12-07 03:39:072022-12-07 03:39:07..850030850041: : EE  /samgraph/3rdparty/collcachelib/coll_cache_lib/coll_cache/asymm_link_desc.cc/samgraph/3rdparty/collcachelib/coll_cache_lib/coll_cache/asymm_link_desc.cc::196197] ] build asymm link desc with 6X Tesla V100-SXM2-32GB out of 8[remote time is 8.68421
2022-12-07 03:39:07
.850074: E[ [2022-12-07 03:39:07/samgraph/3rdparty/collcachelib/coll_cache_lib/coll_cache/asymm_link_desc.cc2022-12-07 03:39:07.:.850105196850107: ] : Ebuild asymm link desc with 6X Tesla V100-SXM2-32GB out of 8E 
 /samgraph/3rdparty/collcachelib/coll_cache_lib/coll_cache/asymm_link_desc.cc/samgraph/3rdparty/collcachelib/coll_cache_lib/coll_cache/asymm_link_desc.cc::198197] [] cpu time is 302022-12-07 03:39:07remote time is 8.68421
.
850154: E [[/samgraph/3rdparty/collcachelib/coll_cache_lib/coll_cache/asymm_link_desc.cc2022-12-07 03:39:072022-12-07 03:39:07:..197850179850169] : : remote time is 8.68421EE
  /samgraph/3rdparty/collcachelib/coll_cache_lib/coll_cache/asymm_link_desc.cc/samgraph/3rdparty/collcachelib/coll_cache_lib/coll_cache/asymm_link_desc.cc:[:1982022-12-07 03:39:07196] .] cpu time is 30850226build asymm link desc with 6X Tesla V100-SXM2-32GB out of 8
: 
E /samgraph/3rdparty/collcachelib/coll_cache_lib/coll_cache/asymm_link_desc.cc:198] cpu time is 30[
2022-12-07 03:39:07.850267: [E2022-12-07 03:39:07 ./samgraph/3rdparty/collcachelib/coll_cache_lib/coll_cache/asymm_link_desc.cc850267:: 197E]  remote time is 8.68421[/samgraph/3rdparty/collcachelib/coll_cache_lib/coll_cache/asymm_link_desc.cc
2022-12-07 03:39:07:.196[850311] 2022-12-07 03:39:07: build asymm link desc with 6X Tesla V100-SXM2-32GB out of 8.E
850348 : /samgraph/3rdparty/collcachelib/coll_cache_lib/coll_cache/asymm_link_desc.ccE:[ 1962022-12-07 03:39:07/samgraph/3rdparty/collcachelib/coll_cache_lib/coll_cache/asymm_link_desc.cc] .:build asymm link desc with 6X Tesla V100-SXM2-32GB out of 8850397198
: ] Ecpu time is 30[ 
2022-12-07 03:39:07/samgraph/3rdparty/collcachelib/coll_cache_lib/coll_cache/asymm_link_desc.cc.:850457197: ] Eremote time is 8.68421 
/samgraph/3rdparty/collcachelib/coll_cache_lib/coll_cache/asymm_link_desc.cc:197] [remote time is 8.684212022-12-07 03:39:07
.850511: E[ 2022-12-07 03:39:07/samgraph/3rdparty/collcachelib/coll_cache_lib/coll_cache/asymm_link_desc.cc.:850526198: ] Ecpu time is 30 
/samgraph/3rdparty/collcachelib/coll_cache_lib/coll_cache/asymm_link_desc.cc:198] cpu time is 30
[2022-12-07 03:39:32. 40884: E /samgraph/3rdparty/collcachelib/coll_cache_lib/facade.cc:115] solver created. now build & solve
[2022-12-07 03:39:32. 87163: E /samgraph/3rdparty/collcachelib/coll_cache_lib/facade.cc:120] solver built. now solve
block 0 storage is 00001001
	access is	0	0	0	3	3	3	
block 1 storage is 00010010
	access is	1	1	1	4	4	4	
block 2 storage is 00100100
	access is	2	2	2	5	5	5	
block 3 storage is 00000000
	access is	6	6	6	6	6	6	
[2022-12-07 03:39:33. 61261: E /samgraph/3rdparty/collcachelib/coll_cache_lib/facade.cc:124] solver solved
[2022-12-07 03:39:33. 61343: E /samgraph/3rdparty/collcachelib/coll_cache_lib/facade.cc:187] 0 solved master
[2022-12-07 03:39:33. 61387: E /samgraph/3rdparty/collcachelib/coll_cache_lib/facade.cc:194] 0 solved
[2022-12-07 03:39:33. 61416: E /samgraph/3rdparty/collcachelib/coll_cache_lib/facade.cc:197] worker 0 thread 0 initing device 0
[2022-12-07 03:39:33. 62700: E /samgraph/3rdparty/collcachelib/coll_cache_lib/cache_context.cu:1762] Building Coll Cache with ... num gpu device is 6
[2022-12-07 03:39:33. 81330: E /samgraph/3rdparty/collcachelib/coll_cache_lib/facade.cc:194] 2 solved
[2022-12-07 03:39:33. 81390: E /samgraph/3rdparty/collcachelib/coll_cache_lib/facade.cc:197] worker 2 thread 2 initing device 2
[2022-12-07 03:39:33. 83241: E /samgraph/3rdparty/collcachelib/coll_cache_lib/cache_context.cu:1762] Building Coll Cache with ... num gpu device is 6
[2022-12-07 03:39:33. 84104: E /samgraph/3rdparty/collcachelib/coll_cache_lib/facade.cc:194] 4 solved
[2022-12-07 03:39:33. 84177: E /samgraph/3rdparty/collcachelib/coll_cache_lib/facade.cc:197] worker 4 thread 4 initing device 4
[[2022-12-07 03:39:332022-12-07 03:39:33.. 84234 84250: : EE  /samgraph/3rdparty/collcachelib/coll_cache_lib/facade.cc/samgraph/3rdparty/collcachelib/coll_cache_lib/facade.cc::194194] ] 1 solved3 solved

[[[2022-12-07 03:39:332022-12-07 03:39:332022-12-07 03:39:33... 84315 84328 84330: : : EEE   /samgraph/3rdparty/collcachelib/coll_cache_lib/facade.cc/samgraph/3rdparty/collcachelib/coll_cache_lib/facade.cc/samgraph/3rdparty/collcachelib/coll_cache_lib/facade.cc:::194197197] ] ] 5 solvedworker 1 thread 1 initing device 1worker 3 thread 3 initing device 3


[2022-12-07 03:39:33. 84421: E /samgraph/3rdparty/collcachelib/coll_cache_lib/facade.cc:197] worker 5 thread 5 initing device 5
[2022-12-07 03:39:33. 86770: E /samgraph/3rdparty/collcachelib/coll_cache_lib/cache_context.cu:1762] Building Coll Cache with ... num gpu device is 6
[2022-12-07 03:39:33. 86841: E /samgraph/3rdparty/collcachelib/coll_cache_lib/cache_context.cu:1762] Building Coll Cache with ... num gpu device is 6
[2022-12-07 03:39:33. 86917: E /samgraph/3rdparty/collcachelib/coll_cache_lib/cache_context.cu:1762] Building Coll Cache with ... num gpu device is 6
[2022-12-07 03:39:33. 86972: E /samgraph/3rdparty/collcachelib/coll_cache_lib/cache_context.cu:1762] Building Coll Cache with ... num gpu device is 6
[2022-12-07 03:39:33.148557: W /samgraph/3rdparty/collcachelib/coll_cache_lib/cpu/cpu_device.cc:39] WORKER[0] alloc host memory 63.55 MB
[[[[[[2022-12-07 03:39:342022-12-07 03:39:342022-12-07 03:39:342022-12-07 03:39:342022-12-07 03:39:342022-12-07 03:39:34......685701685702685706685707685701685701: : : : : : EEEEEE      /samgraph/3rdparty/collcachelib/coll_cache_lib/cache_context.cu/samgraph/3rdparty/collcachelib/coll_cache_lib/cache_context.cu/samgraph/3rdparty/collcachelib/coll_cache_lib/cache_context.cu/samgraph/3rdparty/collcachelib/coll_cache_lib/cache_context.cu/samgraph/3rdparty/collcachelib/coll_cache_lib/cache_context.cu/samgraph/3rdparty/collcachelib/coll_cache_lib/cache_context.cu::::::187118711871187118711871] ] ] ] ] ] Device 3 init p2p of link 4Device 4 init p2p of link 3Device 5 init p2p of link 0Device 0 init p2p of link 1Device 2 init p2p of link 1Device 1 init p2p of link 0





[2022-12-07 03:39:34.699156: E /samgraph/3rdparty/collcachelib/coll_cache_lib/cache_context.cu:1871] Device 5 init p2p of link 3
[2022-12-07 03:39:34.707818: E /samgraph/3rdparty/collcachelib/coll_cache_lib/cache_context.cu:1871] Device 2 init p2p of link 0
[2022-12-07 03:39:34.707873: E /samgraph/3rdparty/collcachelib/coll_cache_lib/cache_context.cu:1871] Device 3 init p2p of link 5
[2022-12-07 03:39:34.708706: E /samgraph/3rdparty/collcachelib/coll_cache_lib/cache_context.cu:1871] Device 4 init p2p of link 2
[2022-12-07 03:39:34.709205: E /samgraph/3rdparty/collcachelib/coll_cache_lib/cache_context.cu:1871] Device 1 init p2p of link 2
[2022-12-07 03:39:34.709583: E /samgraph/3rdparty/collcachelib/coll_cache_lib/cache_context.cu:1871] Device 0 init p2p of link 5
[2022-12-07 03:39:34.711409: E /samgraph/3rdparty/collcachelib/coll_cache_lib/cache_context.cu:1871] Device 5 init p2p of link 4
[2022-12-07 03:39:34.721202: E /samgraph/3rdparty/collcachelib/coll_cache_lib/cache_context.cu:1871] Device 4 init p2p of link 5
[2022-12-07 03:39:34.723155: E /samgraph/3rdparty/collcachelib/coll_cache_lib/cache_context.cu:1871] Device 0 init p2p of link 2
[2022-12-07 03:39:34.727029: E /samgraph/3rdparty/collcachelib/coll_cache_lib/cache_context.cu:1871] Device 3 init p2p of link 1
[2022-12-07 03:39:34.729461: E /samgraph/3rdparty/collcachelib/coll_cache_lib/cache_context.cu:1871] Device 1 init p2p of link 3
[2022-12-07 03:39:34.732894: E /samgraph/3rdparty/collcachelib/coll_cache_lib/cache_context.cu:1871] Device 2 init p2p of link 4
[2022-12-07 03:39:34.733302: E /samgraph/3rdparty/collcachelib/coll_cache_lib/cache_context.cu:1900] Asymm Coll cache (policy: clique_part) | local 16658993 / 111059956 nodes ( 15.00 %~15.00 %) | remote 33317986 / 111059956 nodes ( 30.00 %) | cpu 61082977 / 111059956 nodes ( 55.00 %) | 7.95 GB | 1.64641 secs 
[2022-12-07 03:39:34.735740: E /samgraph/3rdparty/collcachelib/coll_cache_lib/cache_context.cu:1900] Asymm Coll cache (policy: clique_part) | local 16658993 / 111059956 nodes ( 15.00 %~15.00 %) | remote 33317986 / 111059956 nodes ( 30.00 %) | cpu 61082977 / 111059956 nodes ( 55.00 %) | 7.95 GB | 1.64877 secs 
[2022-12-07 03:39:34.738700: E /samgraph/3rdparty/collcachelib/coll_cache_lib/cache_context.cu:1900] Asymm Coll cache (policy: clique_part) | local 16658993 / 111059956 nodes ( 15.00 %~15.00 %) | remote 33317986 / 111059956 nodes ( 30.00 %) | cpu 61082977 / 111059956 nodes ( 55.00 %) | 7.95 GB | 1.65541 secs 
[2022-12-07 03:39:34.740362: E /samgraph/3rdparty/collcachelib/coll_cache_lib/cache_context.cu:1900] Asymm Coll cache (policy: clique_part) | local 16658993 / 111059956 nodes ( 15.00 %~15.00 %) | remote 33317986 / 111059956 nodes ( 30.00 %) | cpu 61082977 / 111059956 nodes ( 55.00 %) | 7.95 GB | 1.65334 secs 
[2022-12-07 03:39:34.744719: E /samgraph/3rdparty/collcachelib/coll_cache_lib/cache_context.cu:1900] Asymm Coll cache (policy: clique_part) | local 16658993 / 111059956 nodes ( 15.00 %~15.00 %) | remote 33317986 / 111059956 nodes ( 30.00 %) | cpu 61082977 / 111059956 nodes ( 55.00 %) | 7.95 GB | 1.68197 secs 
[2022-12-07 03:39:34.745963: E /samgraph/3rdparty/collcachelib/coll_cache_lib/cache_context.cu:1900] Asymm Coll cache (policy: clique_part) | local 16658993 / 111059956 nodes ( 15.00 %~15.00 %) | remote 33317986 / 111059956 nodes ( 30.00 %) | cpu 61082977 / 111059956 nodes ( 55.00 %) | 7.95 GB | 1.65915 secs 
[2022-12-07 03:39:34.749518: E /samgraph/3rdparty/collcachelib/coll_cache_lib/coll_cache/asymm_link_desc.cc:196] build asymm link desc with 6X Tesla V100-SXM2-32GB out of 8
[2022-12-07 03:39:34.749577: E[ 2022-12-07 03:39:34/samgraph/3rdparty/collcachelib/coll_cache_lib/coll_cache/asymm_link_desc.cc.:749573197: ] Eremote time is 8.68421 
/samgraph/3rdparty/collcachelib/coll_cache_lib/coll_cache/asymm_link_desc.cc[:[2022-12-07 03:39:341962022-12-07 03:39:34.] .749624build asymm link desc with 6X Tesla V100-SXM2-32GB out of 8749646[: 
: 2022-12-07 03:39:34EE.  749672[/samgraph/3rdparty/collcachelib/coll_cache_lib/coll_cache/asymm_link_desc.cc/samgraph/3rdparty/collcachelib/coll_cache_lib/coll_cache/asymm_link_desc.cc: 2022-12-07 03:39:34::E[.196198 2022-12-07 03:39:34749714] ] /samgraph/3rdparty/collcachelib/coll_cache_lib/coll_cache/asymm_link_desc.cc.: build asymm link desc with 6X Tesla V100-SXM2-32GB out of 8cpu time is 30:749720E[

196:  2022-12-07 03:39:34] E[/samgraph/3rdparty/collcachelib/coll_cache_lib/coll_cache/asymm_link_desc.cc.build asymm link desc with 6X Tesla V100-SXM2-32GB out of 8 2022-12-07 03:39:34:749767
/samgraph/3rdparty/collcachelib/coll_cache_lib/coll_cache/asymm_link_desc.cc.197: :749810] [E196: remote time is 8.684212022-12-07 03:39:34 ] E
./samgraph/3rdparty/collcachelib/coll_cache_lib/coll_cache/asymm_link_desc.ccbuild asymm link desc with 6X Tesla V100-SXM2-32GB out of 8 749856[:
/samgraph/3rdparty/collcachelib/coll_cache_lib/coll_cache/asymm_link_desc.cc: 2022-12-07 03:39:34196:E.[] 197 7499102022-12-07 03:39:34build asymm link desc with 6X Tesla V100-SXM2-32GB out of 8] /samgraph/3rdparty/collcachelib/coll_cache_lib/coll_cache/asymm_link_desc.cc: .
remote time is 8.68421:E749937
197 [: ] /samgraph/3rdparty/collcachelib/coll_cache_lib/coll_cache/asymm_link_desc.cc[2022-12-07 03:39:34Eremote time is 8.68421:2022-12-07 03:39:34. 
198.[750001/samgraph/3rdparty/collcachelib/coll_cache_lib/coll_cache/asymm_link_desc.cc] 7500122022-12-07 03:39:34: :cpu time is 30: .E197
E750061 ]  : /samgraph/3rdparty/collcachelib/coll_cache_lib/coll_cache/asymm_link_desc.ccremote time is 8.68421/samgraph/3rdparty/collcachelib/coll_cache_lib/coll_cache/asymm_link_desc.ccE:
: 197198/samgraph/3rdparty/collcachelib/coll_cache_lib/coll_cache/asymm_link_desc.cc[] ] :2022-12-07 03:39:34remote time is 8.68421cpu time is 30198.

] 750153cpu time is 30[: 
2022-12-07 03:39:34E. 750197/samgraph/3rdparty/collcachelib/coll_cache_lib/coll_cache/asymm_link_desc.cc: :E198 ] /samgraph/3rdparty/collcachelib/coll_cache_lib/coll_cache/asymm_link_desc.cccpu time is 30:
198] cpu time is 30
[2022-12-07 03:39:34.917222: E /samgraph/3rdparty/collcachelib/coll_cache_lib/facade.cc:115] solver created. now build & solve
[2022-12-07 03:39:34.936588: E /samgraph/3rdparty/collcachelib/coll_cache_lib/facade.cc:120] solver built. now solve
block 0 storage is 00001001
	access is	0	0	0	3	3	3	
block 1 storage is 00010010
	access is	1	1	1	4	4	4	
block 2 storage is 00100100
	access is	2	2	2	5	5	5	
block 3 storage is 00000000
	access is	6	6	6	6	6	6	
[2022-12-07 03:39:35.949347: E /samgraph/3rdparty/collcachelib/coll_cache_lib/facade.cc:124] solver solved
[2022-12-07 03:39:35.949398: E /samgraph/3rdparty/collcachelib/coll_cache_lib/facade.cc:187] 0 solved master
[2022-12-07 03:39:35.949427: E /samgraph/3rdparty/collcachelib/coll_cache_lib/facade.cc:194] 0 solved
[2022-12-07 03:39:35.949454: E /samgraph/3rdparty/collcachelib/coll_cache_lib/facade.cc:197] worker 0 thread 0 initing device 0
[2022-12-07 03:39:35.969256: E /samgraph/3rdparty/collcachelib/coll_cache_lib/facade.cc:194] 3 solved
[2022-12-07 03:39:35.969324: E /samgraph/3rdparty/collcachelib/coll_cache_lib/facade.cc:197] worker 3 thread 3 initing device 3
[[2022-12-07 03:39:352022-12-07 03:39:35..969491969496: : EE  /samgraph/3rdparty/collcachelib/coll_cache_lib/facade.cc/samgraph/3rdparty/collcachelib/coll_cache_lib/facade.cc::194194] ] 4 solved5 solved

[[2022-12-07 03:39:352022-12-07 03:39:35..969579969580: : EE  /samgraph/3rdparty/collcachelib/coll_cache_lib/facade.cc/samgraph/3rdparty/collcachelib/coll_cache_lib/facade.cc::197197] ] worker 4 thread 4 initing device 4worker 5 thread 5 initing device 5

[2022-12-07 03:39:35.976374: E /samgraph/3rdparty/collcachelib/coll_cache_lib/facade.cc:194] 1 solved
[2022-12-07 03:39:35.976431: E /samgraph/3rdparty/collcachelib/coll_cache_lib/facade.cc:197] worker 1 thread 1 initing device 1
[2022-12-07 03:39:35.976526: E /samgraph/3rdparty/collcachelib/coll_cache_lib/facade.cc:194] 2 solved
[2022-12-07 03:39:35.976574: E /samgraph/3rdparty/collcachelib/coll_cache_lib/facade.cc:197] worker 2 thread 2 initing device 2
[2022-12-07 03:39:37.835895: W /samgraph/samgraph/common/cuda/cuda_device.cc:49] GPU[0] alloc cuda memory 580.40 MB
[2022-12-07 03:39:39.250494: W /samgraph/samgraph/common/cuda/cuda_device.cc:49] GPU[0] alloc cuda memory 580.40 MB
/usr/local/lib/python3.8/dist-packages/torch/nn/parallel/scatter_gather.py:9: UserWarning: is_namedtuple is deprecated, please use the python checks instead
  warnings.warn("is_namedtuple is deprecated, please use the python checks instead")
/usr/local/lib/python3.8/dist-packages/torch/nn/parallel/scatter_gather.py:9: UserWarning: is_namedtuple is deprecated, please use the python checks instead
  warnings.warn("is_namedtuple is deprecated, please use the python checks instead")
/usr/local/lib/python3.8/dist-packages/torch/nn/parallel/scatter_gather.py:9: UserWarning: is_namedtuple is deprecated, please use the python checks instead
  warnings.warn("is_namedtuple is deprecated, please use the python checks instead")
/usr/local/lib/python3.8/dist-packages/torch/nn/parallel/scatter_gather.py:9: UserWarning: is_namedtuple is deprecated, please use the python checks instead
  warnings.warn("is_namedtuple is deprecated, please use the python checks instead")
/usr/local/lib/python3.8/dist-packages/torch/nn/parallel/scatter_gather.py:9: UserWarning: is_namedtuple is deprecated, please use the python checks instead
  warnings.warn("is_namedtuple is deprecated, please use the python checks instead")
/usr/local/lib/python3.8/dist-packages/torch/nn/parallel/scatter_gather.py:9: UserWarning: is_namedtuple is deprecated, please use the python checks instead
  warnings.warn("is_namedtuple is deprecated, please use the python checks instead")
