config:eval_tsp="2022-12-07 03:38:43"
config:arch=arch5
config:num_train_worker=6
config:num_sample_worker=2
config:sample_type=khop2
config:root_path=/nvme/samgraph/
config:dataset=papers100M-undir
config:pipeline=False
config:cache_policy=clique_part
config:cache_percentage=0.15
config:num_epoch=4
config:batch_size=8000
config:num_hidden=256
config:max_sampling_jobs=1
config:max_copying_jobs=1
config:barriered_epoch=1
config:presample_epoch=2
config:omp_thread_num=6
config:unsupervised=False
config:amp=True
config:rolling=0
config:fanout=[25, 10]
config:lr=0.003
config:dropout=0.5
config:single_gpu=False
config:max_num_step=100000
config:validate_configs=False
config:report_acc=0
config:dataset_path=/nvme/samgraph/papers100M-undir
config:torch_thread_num=8
config:train_workers=['cuda:0', 'cuda:1', 'cuda:2', 'cuda:3', 'cuda:4', 'cuda:5']
config:sample_workers=['cuda:6', 'cuda:7']
config:num_fanout=2
config:num_layer=2
config:_run_mode=RunMode.FGNN
config:_log_level=warn
config:_profile_level=3
config:_empty_feat=0
config:_arch=5
config:_sample_type=5
config:_cache_policy=14
test_result:init:input_scale_factor=1.1
coll_cache:optimal_rep_storage=0
coll_cache:optimal_part_storage=0.45
coll_cache:optimal_cpu_storage=0.55
coll_cache:optimal_local_storage=0.15
coll_cache:optimal_remote_storage=0.3
coll_cache:optimal_local_rate=0.333333
coll_cache:optimal_remote_rate=0.666667
coll_cache:optimal_cpu_rate=0
z=3571.28,3571.28,4439.12,3571.28,4439.12,3571.28,
test_result:init:feat_nbytes=56862697472
test_result:init:cache_nbytes=8535090176
test_result:init:feat_nbytes=56862697472
test_result:init:cache_nbytes=8535090176
test_result:init:feat_nbytes=56862697472
test_result:init:cache_nbytes=8535090176
test_result:init:feat_nbytes=56862697472
test_result:init:cache_nbytes=8535090176
test_result:init:feat_nbytes=56862697472
test_result:init:cache_nbytes=8535090176
test_result:init:feat_nbytes=56862697472
test_result:init:cache_nbytes=8535090176
coll_cache:optimal_rep_storage=0
coll_cache:optimal_part_storage=0.45
coll_cache:optimal_cpu_storage=0.55
coll_cache:optimal_local_storage=0.15
coll_cache:optimal_remote_storage=0.3
coll_cache:optimal_local_rate=0.333333
coll_cache:optimal_remote_rate=0.666667
coll_cache:optimal_cpu_rate=0
z=3571.28,3571.28,4439.12,3571.28,4439.12,3571.28,
test_result:init:cache_nbytes=0
test_result:init:cache_nbytes=0
test_result:init:cache_nbytes=0
test_result:init:cache_nbytes=0
test_result:init:cache_nbytes=0
test_result:init:cache_nbytes=0
[Train  Worker 5/6] Started with PID 35381(Tesla V100-SXM2-32GB)
[Train  Worker 5] run train for 4 epochs with 156 steps
[Train  Worker 5] Avg Epoch Time 0.5492 | Train Total Time(Profiler) 0.2618 | Copy Time 0.2848
[Train  Worker 4/6] Started with PID 35378(Tesla V100-SXM2-32GB)
[Train  Worker 4] run train for 4 epochs with 156 steps
[Train  Worker 4] Avg Epoch Time 0.5492 | Train Total Time(Profiler) 0.2274 | Copy Time 0.3192
[Train  Worker 0/6] Started with PID 35367(Tesla V100-SXM2-32GB)
[Train  Worker 0] run train for 4 epochs with 156 steps
Epoch 00000 | Epoch Time 1.9545 | Total Train Time(Profiler) 1.6460 | Copy Time 0.3052
Epoch 00001 | Epoch Time 0.5490 | Total Train Time(Profiler) 0.2600 | Copy Time 0.2864
Epoch 00002 | Epoch Time 0.5491 | Total Train Time(Profiler) 0.2601 | Copy Time 0.2864
Epoch 00003 | Epoch Time 0.5495 | Total Train Time(Profiler) 0.2600 | Copy Time 0.2869
[Train  Worker 0] Avg Epoch Time 0.5492 | Train Total Time(Profiler) 0.2600 | Copy Time 0.2866
[Train  Worker 2/6] Started with PID 35372(Tesla V100-SXM2-32GB)
[Train  Worker 2] run train for 4 epochs with 156 steps
[Train  Worker 2] Avg Epoch Time 0.5491 | Train Total Time(Profiler) 0.2272 | Copy Time 0.3192
[Train  Worker 1/6] Started with PID 35369(Tesla V100-SXM2-32GB)
[Train  Worker 1] run train for 4 epochs with 156 steps
[Train  Worker 1] Avg Epoch Time 0.5492 | Train Total Time(Profiler) 0.2504 | Copy Time 0.2962
[Train  Worker 3/6] Started with PID 35374(Tesla V100-SXM2-32GB)
[Train  Worker 3] run train for 4 epochs with 156 steps
[Train  Worker 3] Avg Epoch Time 0.5492 | Train Total Time(Profiler) 0.2498 | Copy Time 0.2968
[Sample Worker 1/2] Started with PID 35366(Tesla V100-SXM2-32GB)
[Sample Worker 1] run sample for 4 epochs with 78 steps
[Sample Worker 1] Avg Sample Total Time 0.5915 | Sampler Total Time(Profiler) 0.5906
    [Step(average) Profiler Level 1 E3 S77]
        L1  sample           0.006113 | send           0.001483
        L1  recv             0.000000 | copy           0.000000 | convert time 0.000000 | train  0.000000
        L1  feature nbytes 0.00 Bytes | label nbytes 0.00 Bytes
        L1  id nbytes      0.00 Bytes | graph nbytes 0.00 Bytes
        L1  miss nbytes    0.00 Bytes | remote nbytes 0.00 Bytes
        L1  num nodes         1099636 | num samples     1708801
    [Step(average) Profiler Level 2 E3 S77]
        L2  shuffle     0.000491 | core sample  0.002128 | id remap        0.003380
        L2  graph copy  0.000000 | id copy      0.000000 | cache feat copy 0.000000
        L2  last layer sample time 0.000361 | size 72312.905983
    [Step(average) Profiler Level 3 E3 S77]
        L3  khop sample coo  0.001792 | khop sort coo      0.000000 | khop count edge     0.000044 | khop compact edge 0.000249
        L3  walk sample coo  0.000000 | walk topk total    0.000000 | walk topk step1     0.000000 | walk topk step2   0.000000
        L3  walk topk step3  0.000000 | walk topk step4    0.000000 | walk topk step5     0.000000
        L3  walk topk step6  0.000000 | walk topk step7    0.000000
        L3  remap unique     0.000000 | remap populate     0.002761 | remap mapnode       0.000000 | remap mapedge     0.000619
        L3  cache get_index  0.000000 | cache copy_index   0.000000 | cache extract_miss  0.000000
        L3  cache copy_miss  0.000000 | cache combine_miss 0.000000 | cache combine cache 0.000000 | cache combine remote 0.000000
        L3  label extract  0.000000
    [Init Profiler Level 1]
        L1  init     7.3579 | sampler init    16.2487 | trainer init 0.0000
    [Init Profiler Level 2]
        L2  load ds         9.7728 | init queue           5.7306
        L2  presample       5.6085 | build interal ds     2.4894
        L2  build cache     0.0000
    [Init Profiler Level 3]
        L3  load dataset: mmap     7.3530 | copy         2.4198
        L3  dist queue: alloc      0.0019 | pin          5.7287 | push     0.0000
        L3  presample: init        0.3751
        L3  presample: sample      1.7950 | copy         0.1137
        L3  presample: count       2.5295 | sort         0.3308
        L3  presample: reset       0.0006 | get rank     0.0412
        L3  internal: cuda ctx     2.2132 | cuda stream     0.2702
[Sample Worker 0/2] Started with PID 35365(Tesla V100-SXM2-32GB)
[Sample Worker 0] run sample for 4 epochs with 78 steps
[Sample Worker 0] Avg Sample Total Time 0.5935 | Sampler Total Time(Profiler) 0.5925
test_result:sample_time=0.4768
test_result:get_cache_miss_index_time=0.0000
test_result:enqueue_samples_time=0.1157
test_result:epoch_time:sample_total=0.5935
[CUDA] cuda0: usage: 12.01 GB
[SAM] cuda0 data alloc        : 0.00 Bytes
[SAM] cuda0 workspace         : 1.18 GB
[SAM] cuda0 workspace reserve : 604.13 MB
[SAM] cuda0 total             : 1.18 GB
    [Step(average) Profiler Level 1 E3 S155]
        L1  sample           0.000000 | send           0.000000
        L1  recv             0.002611 | copy           0.011556 | convert time 0.000409 | train  0.009058
        L1  feature nbytes  536.89 MB | label nbytes   62.50 KB
        L1  id nbytes      0.00 Bytes | graph nbytes 0.00 Bytes
        L1  miss nbytes    0.00 Bytes | remote nbytes 0.00 Bytes
        L1  num nodes               0 | num samples           0
    [Step(average) Profiler Level 2 E3 S155]
        L2  shuffle     0.000000 | core sample  0.000000 | id remap        0.000000
        L2  graph copy  0.000004 | id copy      0.000000 | cache feat copy 0.008941
        L2  last layer sample time 0.000000 | size 0.000000
    [Step(average) Profiler Level 3 E3 S155]
        L3  khop sample coo  0.000000 | khop sort coo      0.000000 | khop count edge     0.000000 | khop compact edge 0.000000
        L3  walk sample coo  0.000000 | walk topk total    0.000000 | walk topk step1     0.000000 | walk topk step2   0.000000
        L3  walk topk step3  0.000000 | walk topk step4    0.000000 | walk topk step5     0.000000
        L3  walk topk step6  0.000000 | walk topk step7    0.000000
        L3  remap unique     0.000000 | remap populate     0.000000 | remap mapnode       0.000000 | remap mapedge     0.000000
        L3  cache get_index  0.000000 | cache copy_index   0.000000 | cache extract_miss  0.000000
        L3  cache copy_miss  0.000000 | cache combine_miss 0.000000 | cache combine cache 0.008565 | cache combine remote 0.000000
        L3  label extract  0.000368
    [Init Profiler Level 1]
        L1  init     7.3579 | sampler init     0.0000 | trainer init 44.1423
    [Init Profiler Level 2]
        L2  load ds         7.3530 | init queue           5.5683
        L2  presample       0.0000 | build interal ds     2.1431
        L2  build cache    36.4288
    [Init Profiler Level 3]
        L3  load dataset: mmap     7.3530 | copy         0.0000
        L3  dist queue: alloc      0.0019 | pin          5.5664 | push     0.0000
        L3  presample: init        0.0000
        L3  presample: sample      0.0000 | copy         0.0000
        L3  presample: count       0.0000 | sort         0.0000
        L3  presample: reset       0.0000 | get rank     0.0000
        L3  internal: cuda ctx     2.1430 | cuda stream     0.0001
|===========================================================================|
|                  PyTorch CUDA memory summary, device ID 0                 |
|---------------------------------------------------------------------------|
|            CUDA OOMs: 0            |        cudaMalloc retries: 0         |
|===========================================================================|
|        Metric         | Cur Usage  | Peak Usage | Tot Alloc  | Tot Freed  |
|---------------------------------------------------------------------------|
| Allocated memory      |   22917 KB |  403795 KB |  145104 MB |  145082 MB |
|       from large pool |   18237 KB |  400409 KB |  144026 MB |  144009 MB |
|       from small pool |    4680 KB |    7117 KB |    1077 MB |    1073 MB |
|---------------------------------------------------------------------------|
| Active memory         |   22917 KB |  403795 KB |  145104 MB |  145082 MB |
|       from large pool |   18237 KB |  400409 KB |  144026 MB |  144009 MB |
|       from small pool |    4680 KB |    7117 KB |    1077 MB |    1073 MB |
|---------------------------------------------------------------------------|
| GPU reserved memory   |  579584 KB |  579584 KB |  579584 KB |       0 B  |
|       from large pool |  571392 KB |  571392 KB |  571392 KB |       0 B  |
|       from small pool |    8192 KB |    8192 KB |    8192 KB |       0 B  |
|---------------------------------------------------------------------------|
| Non-releasable memory |   24186 KB |  371001 KB |  168675 MB |  168651 MB |
|       from large pool |   22723 KB |  369184 KB |  167438 MB |  167416 MB |
|       from small pool |    1463 KB |    3841 KB |    1236 MB |    1235 MB |
|---------------------------------------------------------------------------|
| Allocations           |      38    |      51    |   11583    |   11545    |
|       from large pool |       3    |      14    |    4576    |    4573    |
|       from small pool |      35    |      39    |    7007    |    6972    |
|---------------------------------------------------------------------------|
| Active allocs         |      39    |      51    |   11583    |   11544    |
|       from large pool |       3    |      14    |    4576    |    4573    |
|       from small pool |      36    |      39    |    7007    |    6971    |
|---------------------------------------------------------------------------|
| GPU reserved segments |      13    |      13    |      13    |       0    |
|       from large pool |       9    |       9    |       9    |       0    |
|       from small pool |       4    |       4    |       4    |       0    |
|---------------------------------------------------------------------------|
| Non-releasable allocs |      12    |      24    |    5312    |    5300    |
|       from large pool |       4    |      12    |    2688    |    2684    |
|       from small pool |       8    |      14    |    2624    |    2616    |
|---------------------------------------------------------------------------|
| Oversize allocations  |       0    |       0    |       0    |       0    |
|---------------------------------------------------------------------------|
| Oversize GPU segments |       0    |       0    |       0    |       0    |
|===========================================================================|

test_result:epoch_time:copy_time=0.2866
test_result:convert_time=0.0109
test_result:train_time=0.2491
test_result:epoch_time:train_total=0.2600
test_result:cache_percentage=0.1500
test_result:cache_hit_rate=1.0000
test_result:run_time=5.9971
