config:eval_tsp="2022-12-07 04:07:12"
config:arch=arch5
config:num_train_worker=6
config:num_sample_worker=2
config:sample_type=khop2
config:root_path=/nvme/samgraph/
config:dataset=com-friendster
config:pipeline=False
config:cache_policy=clique_part
config:cache_percentage=0.05
config:num_epoch=4
config:batch_size=8000
config:num_hidden=256
config:max_sampling_jobs=1
config:max_copying_jobs=1
config:barriered_epoch=1
config:presample_epoch=2
config:omp_thread_num=6
config:unsupervised=False
config:amp=True
config:rolling=0
config:fanout=[25, 10]
config:lr=0.003
config:dropout=0.5
config:single_gpu=False
config:max_num_step=100000
config:validate_configs=False
config:report_acc=0
config:dataset_path=/nvme/samgraph/com-friendster
config:torch_thread_num=8
config:train_workers=['cuda:0', 'cuda:1', 'cuda:2', 'cuda:3', 'cuda:4', 'cuda:5']
config:sample_workers=['cuda:6', 'cuda:7']
config:num_fanout=2
config:num_layer=2
config:_run_mode=RunMode.FGNN
config:_log_level=warn
config:_profile_level=3
config:_empty_feat=0
config:_arch=5
config:_sample_type=5
config:_cache_policy=14
test_result:init:input_scale_factor=1.1
coll_cache:optimal_rep_storage=0
coll_cache:optimal_part_storage=0.15
coll_cache:optimal_cpu_storage=0.85
coll_cache:optimal_local_storage=0.05
coll_cache:optimal_remote_storage=0.1
coll_cache:optimal_local_rate=0.229164
coll_cache:optimal_remote_rate=0.458329
coll_cache:optimal_cpu_rate=0.312507
z=7957.41,7957.41,8858.99,7957.41,8858.99,7957.41,
test_result:init:feat_nbytes=67182966784
test_result:init:cache_nbytes=3365865472
test_result:init:feat_nbytes=67182966784
test_result:init:cache_nbytes=3365865472
test_result:init:feat_nbytes=67182966784
test_result:init:cache_nbytes=3365865472
test_result:init:feat_nbytes=67182966784
test_result:init:cache_nbytes=3365865472
test_result:init:feat_nbytes=67182966784
test_result:init:cache_nbytes=3365865472
test_result:init:feat_nbytes=67182966784
test_result:init:cache_nbytes=3365865472
coll_cache:optimal_rep_storage=0
coll_cache:optimal_part_storage=0.15
coll_cache:optimal_cpu_storage=0.85
coll_cache:optimal_local_storage=0.05
coll_cache:optimal_remote_storage=0.1
coll_cache:optimal_local_rate=0.229164
coll_cache:optimal_remote_rate=0.458329
coll_cache:optimal_cpu_rate=0.312507
z=7957.41,7957.41,8858.99,7957.41,8858.99,7957.41,
test_result:init:cache_nbytes=0
test_result:init:cache_nbytes=0
test_result:init:cache_nbytes=0
test_result:init:cache_nbytes=0
test_result:init:cache_nbytes=0
test_result:init:cache_nbytes=0
[Train  Worker 3/6] Started with PID 44237(Tesla V100-SXM2-32GB)
[Train  Worker 3] run train for 4 epochs with 126 steps
[Train  Worker 3] Avg Epoch Time 3.0119 | Train Total Time(Profiler) 0.2184 | Copy Time 2.7909
[Train  Worker 4/6] Started with PID 44241(Tesla V100-SXM2-32GB)
[Train  Worker 4] run train for 4 epochs with 126 steps
[Train  Worker 4] Avg Epoch Time 3.0120 | Train Total Time(Profiler) 0.2161 | Copy Time 2.7930
[Train  Worker 2/6] Started with PID 44234(Tesla V100-SXM2-32GB)
[Train  Worker 2] run train for 4 epochs with 126 steps
[Train  Worker 2] Avg Epoch Time 3.0120 | Train Total Time(Profiler) 0.2278 | Copy Time 2.7819
[Train  Worker 0/6] Started with PID 44230(Tesla V100-SXM2-32GB)
[Train  Worker 0] run train for 4 epochs with 126 steps
Epoch 00000 | Epoch Time 4.3875 | Total Train Time(Profiler) 3.0114 | Copy Time 1.3736
Epoch 00001 | Epoch Time 3.0138 | Total Train Time(Profiler) 1.6751 | Copy Time 1.3366
Epoch 00002 | Epoch Time 3.0122 | Total Train Time(Profiler) 1.6702 | Copy Time 1.3398
Epoch 00003 | Epoch Time 3.0097 | Total Train Time(Profiler) 1.6676 | Copy Time 1.3398
[Train  Worker 0] Avg Epoch Time 3.0119 | Train Total Time(Profiler) 1.6710 | Copy Time 1.3387
[Train  Worker 1/6] Started with PID 44231(Tesla V100-SXM2-32GB)
[Train  Worker 1] run train for 4 epochs with 126 steps
[Train  Worker 1] Avg Epoch Time 3.0118 | Train Total Time(Profiler) 0.2245 | Copy Time 2.7849
[Train  Worker 5/6] Started with PID 44243(Tesla V100-SXM2-32GB)
[Train  Worker 5] run train for 4 epochs with 126 steps
[Train  Worker 5] Avg Epoch Time 3.0119 | Train Total Time(Profiler) 1.6650 | Copy Time 1.3445
[Sample Worker 1/2] Started with PID 44228(Tesla V100-SXM2-32GB)
[Sample Worker 1] run sample for 4 epochs with 63 steps
[Sample Worker 1] Avg Sample Total Time 0.4467 | Sampler Total Time(Profiler) 0.4454
    [Step(average) Profiler Level 1 E3 S62]
        L1  sample           0.005812 | send           0.001273
        L1  recv             0.000000 | copy           0.000000 | convert time 0.000000 | train  0.000000
        L1  feature nbytes 0.00 Bytes | label nbytes 0.00 Bytes
        L1  id nbytes      0.00 Bytes | graph nbytes 0.00 Bytes
        L1  miss nbytes    0.00 Bytes | remote nbytes 0.00 Bytes
        L1  num nodes         1189234 | num samples     1335716
    [Step(average) Profiler Level 2 E3 S62]
        L2  shuffle     0.000519 | core sample  0.001727 | id remap        0.003445
        L2  graph copy  0.000000 | id copy      0.000000 | cache feat copy 0.000000
        L2  last layer sample time 0.000335 | size 58939.523810
    [Step(average) Profiler Level 3 E3 S62]
        L3  khop sample coo  0.001418 | khop sort coo      0.000000 | khop count edge     0.000043 | khop compact edge 0.000221
        L3  walk sample coo  0.000000 | walk topk total    0.000000 | walk topk step1     0.000000 | walk topk step2   0.000000
        L3  walk topk step3  0.000000 | walk topk step4    0.000000 | walk topk step5     0.000000
        L3  walk topk step6  0.000000 | walk topk step7    0.000000
        L3  remap unique     0.000000 | remap populate     0.002905 | remap mapnode       0.000000 | remap mapedge     0.000540
        L3  cache get_index  0.000000 | cache copy_index   0.000000 | cache extract_miss  0.000000
        L3  cache copy_miss  0.000000 | cache combine_miss 0.000000 | cache combine cache 0.000000 | cache combine remote 0.000000
        L3  label extract  0.000000
    [Init Profiler Level 1]
        L1  init     7.9778 | sampler init    14.4586 | trainer init 0.0000
    [Init Profiler Level 2]
        L2  load ds        10.9705 | init queue           4.5371
        L2  presample       4.4264 | build interal ds     2.4987
        L2  build cache     0.0000
    [Init Profiler Level 3]
        L3  load dataset: mmap     7.9730 | copy         2.9974
        L3  dist queue: alloc      0.0018 | pin          4.5353 | push     0.0000
        L3  presample: init        0.2253
        L3  presample: sample      1.3999 | copy         0.1023
        L3  presample: count       2.2632 | sort         0.1742
        L3  presample: reset       0.0006 | get rank     0.0146
        L3  internal: cuda ctx     2.2251 | cuda stream     0.2680
[Sample Worker 0/2] Started with PID 44227(Tesla V100-SXM2-32GB)
[Sample Worker 0] run sample for 4 epochs with 63 steps
[Sample Worker 0] Avg Sample Total Time 0.4473 | Sampler Total Time(Profiler) 0.4463
test_result:sample_time=0.3661
test_result:get_cache_miss_index_time=0.0000
test_result:enqueue_samples_time=0.0802
test_result:epoch_time:sample_total=0.4473
[CUDA] cuda0: usage: 8.43 GB
[SAM] cuda0 data alloc        : 0.00 Bytes
[SAM] cuda0 workspace         : 2.55 GB
[SAM] cuda0 workspace reserve : 1.28 GB
[SAM] cuda0 total             : 2.55 GB
    [Step(average) Profiler Level 1 E3 S125]
        L1  sample           0.000000 | send           0.000000
        L1  recv             0.002243 | copy           0.109732 | convert time 0.000423 | train  0.033155
        L1  feature nbytes    1.13 GB | label nbytes   62.50 KB
        L1  id nbytes      0.00 Bytes | graph nbytes 0.00 Bytes
        L1  miss nbytes    0.00 Bytes | remote nbytes 0.00 Bytes
        L1  num nodes               0 | num samples           0
    [Step(average) Profiler Level 2 E3 S125]
        L2  shuffle     0.000000 | core sample  0.000000 | id remap        0.000000
        L2  graph copy  0.000004 | id copy      0.000000 | cache feat copy 0.107486
        L2  last layer sample time 0.000000 | size 0.000000
    [Step(average) Profiler Level 3 E3 S125]
        L3  khop sample coo  0.000000 | khop sort coo      0.000000 | khop count edge     0.000000 | khop compact edge 0.000000
        L3  walk sample coo  0.000000 | walk topk total    0.000000 | walk topk step1     0.000000 | walk topk step2   0.000000
        L3  walk topk step3  0.000000 | walk topk step4    0.000000 | walk topk step5     0.000000
        L3  walk topk step6  0.000000 | walk topk step7    0.000000
        L3  remap unique     0.000000 | remap populate     0.000000 | remap mapnode       0.000000 | remap mapedge     0.000000
        L3  cache get_index  0.000000 | cache copy_index   0.000000 | cache extract_miss  0.000000
        L3  cache copy_miss  0.000000 | cache combine_miss 0.000000 | cache combine cache 0.107044 | cache combine remote 0.000000
        L3  label extract  0.000433
    [Init Profiler Level 1]
        L1  init     7.9778 | sampler init     0.0000 | trainer init 45.0393
    [Init Profiler Level 2]
        L2  load ds         7.9730 | init queue           4.4058
        L2  presample       0.0000 | build interal ds     2.2180
        L2  build cache    38.4101
    [Init Profiler Level 3]
        L3  load dataset: mmap     7.9730 | copy         0.0000
        L3  dist queue: alloc      0.0018 | pin          4.4040 | push     0.0000
        L3  presample: init        0.0000
        L3  presample: sample      0.0000 | copy         0.0000
        L3  presample: count       0.0000 | sort         0.0000
        L3  presample: reset       0.0000 | get rank     0.0000
        L3  internal: cuda ctx     2.2180 | cuda stream     0.0000
|===========================================================================|
|                  PyTorch CUDA memory summary, device ID 0                 |
|---------------------------------------------------------------------------|
|            CUDA OOMs: 0            |        cudaMalloc retries: 0         |
|===========================================================================|
|        Metric         | Cur Usage  | Peak Usage | Tot Alloc  | Tot Freed  |
|---------------------------------------------------------------------------|
| Allocated memory      |   18180 KB |  750017 KB |  128401 MB |  128383 MB |
|       from large pool |   13306 KB |  748590 KB |  127649 MB |  127636 MB |
|       from small pool |    4874 KB |    6578 KB |     751 MB |     746 MB |
|---------------------------------------------------------------------------|
| Active memory         |   18181 KB |  750017 KB |  128401 MB |  128383 MB |
|       from large pool |   13306 KB |  748590 KB |  127649 MB |  127636 MB |
|       from small pool |    4875 KB |    6578 KB |     751 MB |     746 MB |
|---------------------------------------------------------------------------|
| GPU reserved memory   |  763904 KB |  763904 KB |  763904 KB |       0 B  |
|       from large pool |  755712 KB |  755712 KB |  755712 KB |       0 B  |
|       from small pool |    8192 KB |    8192 KB |    8192 KB |       0 B  |
|---------------------------------------------------------------------------|
| Non-releasable memory |   20731 KB |  664551 KB |  124048 MB |  124027 MB |
|       from large pool |   19462 KB |  662877 KB |  123096 MB |  123077 MB |
|       from small pool |    1269 KB |    3094 KB |     952 MB |     950 MB |
|---------------------------------------------------------------------------|
| Allocations           |      38    |      51    |    9363    |    9325    |
|       from large pool |       3    |      14    |    3696    |    3693    |
|       from small pool |      35    |      39    |    5667    |    5632    |
|---------------------------------------------------------------------------|
| Active allocs         |      39    |      51    |    9363    |    9324    |
|       from large pool |       3    |      14    |    3696    |    3693    |
|       from small pool |      36    |      39    |    5667    |    5631    |
|---------------------------------------------------------------------------|
| GPU reserved segments |      10    |      10    |      10    |       0    |
|       from large pool |       6    |       6    |       6    |       0    |
|       from small pool |       4    |       4    |       4    |       0    |
|---------------------------------------------------------------------------|
| Non-releasable allocs |      13    |      20    |    4228    |    4215    |
|       from large pool |       3    |       9    |    2149    |    2146    |
|       from small pool |      10    |      16    |    2079    |    2069    |
|---------------------------------------------------------------------------|
| Oversize allocations  |       0    |       0    |       0    |       0    |
|---------------------------------------------------------------------------|
| Oversize GPU segments |       0    |       0    |       0    |       0    |
|===========================================================================|

test_result:epoch_time:copy_time=1.3387
test_result:convert_time=0.0090
test_result:train_time=1.6620
test_result:epoch_time:train_total=1.6710
test_result:cache_percentage=0.0500
test_result:cache_hit_rate=1.0000
test_result:run_time=15.2297
