[2022-12-07 04:28:24.579069: W /samgraph/samgraph/common/cpu/mmap_cpu_device.cc:92] mmap allocating space 13.46 GB
[2022-12-07 04:28:24.579190: W /samgraph/samgraph/common/cpu/mmap_cpu_device.cc:97] mmap allocating space 13.46 GB done
[2022-12-07 04:28:32.419309: W /samgraph/samgraph/common/cpu/mmap_cpu_device.cc:92] mmap allocating space 62.57 GB
[2022-12-07 04:28:32.419414: W /samgraph/samgraph/common/cpu/mmap_cpu_device.cc:97] mmap allocating space 62.57 GB done
[2022-12-07 04:28:32.424421: W /samgraph/samgraph/common/cpu/mmap_cpu_device.cc:92] mmap allocating space 8.62 GB
[2022-12-07 04:28:32.424473: W /samgraph/samgraph/common/cpu/mmap_cpu_device.cc:97] mmap allocating space 8.62 GB done
/usr/lib/python3/dist-packages/requests/__init__.py:89: RequestsDependencyWarning: urllib3 (1.26.12) or chardet (3.0.4) doesn't match a supported version!
  warnings.warn("urllib3 ({}) or chardet ({}) doesn't match a supported "
[2022-12-07 04:28:33. 74724: W /samgraph/samgraph/common/dist/dist_engine.cc:662] Trainer[0] initializing...
[2022-12-07 04:28:33.100048: W /samgraph/samgraph/common/dist/dist_engine.cc:662] Trainer[1] initializing...
[2022-12-07 04:28:33.224545: W /samgraph/samgraph/common/dist/dist_engine.cc:662] Trainer[2] initializing...
[2022-12-07 04:28:33.251320: W /samgraph/samgraph/common/dist/dist_engine.cc:662] Trainer[4] initializing...
[2022-12-07 04:28:33.349892: W /samgraph/samgraph/common/dist/dist_engine.cc:662] Trainer[3] initializing...
[2022-12-07 04:28:33.372434: W /samgraph/samgraph/common/dist/dist_engine.cc:662] Trainer[5] initializing...
[2022-12-07 04:28:35.209466: W /samgraph/samgraph/common/dist/dist_engine.cc:666] Trainer[0] pin memory queue...
[2022-12-07 04:28:35.229781: W /samgraph/samgraph/common/dist/dist_engine.cc:666] Trainer[1] pin memory queue...
[2022-12-07 04:28:35.281377: W /samgraph/samgraph/common/dist/dist_engine.cc:666] Trainer[4] pin memory queue...
[2022-12-07 04:28:35.299943: W /samgraph/samgraph/common/dist/dist_engine.cc:666] Trainer[2] pin memory queue...
[2022-12-07 04:28:35.314673: W /samgraph/samgraph/common/dist/dist_engine.cc:666] Trainer[5] pin memory queue...
[2022-12-07 04:28:35.319728: W /samgraph/samgraph/common/dist/dist_engine.cc:666] Trainer[3] pin memory queue...
[2022-12-07 04:28:39.607999: E /samgraph/samgraph/common/dist/dist_engine.cc:85] Running on V100
[2022-12-07 04:28:39.608247: E /samgraph/samgraph/common/dist/dist_engine.cc:85] Running on V100
[2022-12-07 04:28:39.608293: E /samgraph/samgraph/common/dist/dist_engine.cc:85] Running on V100
[[2022-12-07 04:28:392022-12-07 04:28:39..608468608449: : WE  /samgraph/samgraph/common/dist/dist_engine.cc[/samgraph/samgraph/common/dist/dist_engine.cc:2022-12-07 04:28:39:701.85] 608517] [Trainer[3] register host memory...: [Running on V1002022-12-07 04:28:39
E2022-12-07 04:28:39
. .608568/samgraph/samgraph/common/dist/dist_engine.cc608586: [:: E2022-12-07 04:28:3985W .]  /samgraph/samgraph/common/dist/dist_engine.cc608646Running on V100/samgraph/samgraph/common/dist/dist_engine.cc:: 
:85W701]  ] Running on V100/samgraph/samgraph/common/dist/dist_engine.ccTrainer[0] register host memory...
:
701] Trainer[2] register host memory...
[2022-12-07 04:28:39.608766: W /samgraph/samgraph/common/dist/dist_engine.cc:701] Trainer[4] register host memory...
[2022-12-07 04:28:39.608834: W /samgraph/samgraph/common/dist/dist_engine.cc:701] Trainer[5] register host memory...
[2022-12-07 04:28:39.608903: W /samgraph/samgraph/common/dist/dist_engine.cc:701] Trainer[1] register host memory...
[2022-12-07 04:28:39.873825: E /samgraph/samgraph/common/dist/dist_engine.cc:85] Running on V100
[2022-12-07 04:28:39.874704: E /samgraph/samgraph/common/dist/dist_engine.cc:85] Running on V100
[2022-12-07 04:28:39.880425: W /samgraph/samgraph/common/cuda/cuda_device.cc:49] GPU[6] alloc cuda memory 250.28 MB
[2022-12-07 04:28:39.957857: W /samgraph/samgraph/common/cuda/cuda_device.cc:49] GPU[6] alloc cuda memory 13.46 GB
[2022-12-07 04:28:42.857577: W /samgraph/samgraph/common/cuda/cuda_device.cc:49] GPU[6] alloc cuda memory 128.00 MB
[2022-12-07 04:28:42.863165: E /samgraph/samgraph/common/dist/pre_sampler.cc:41] Dist Presampler making shuffler...
[2022-12-07 04:28:42.867355: E /samgraph/samgraph/common/dist/pre_sampler.cc:44] Dist Presampler making shuffler...Done
[2022-12-07 04:28:42.867409: W /samgraph/samgraph/common/cpu/cpu_device.cc:39] WORKER[0] alloc host memory 500.55 MB
[2022-12-07 04:28:43. 88896: E /samgraph/samgraph/common/dist/pre_sampler.cc:85] Dist Presampler doing presample epoch 0
[2022-12-07 04:28:45. 11800: E /samgraph/samgraph/common/dist/pre_sampler.cc:129] presample spend 0.70209 on sample, 0.0525444 on copy, 1.16667 on count
[2022-12-07 04:28:45. 11894: E /samgraph/samgraph/common/dist/pre_sampler.cc:85] Dist Presampler doing presample epoch 1
[2022-12-07 04:28:46.918872: E /samgraph/samgraph/common/dist/pre_sampler.cc:129] presample spend 1.39969 on sample, 0.102253 on copy, 2.32498 on count
[2022-12-07 04:28:46.918988: E /samgraph/samgraph/common/dist/pre_sampler.cc:136] max_num_inputs = 1218350, min_num_inputs = 1166161
[2022-12-07 04:28:47. 44517: E /samgraph/samgraph/common/dist/pre_sampler.cc:148] presample spend 0.125409 on sort freq.
[2022-12-07 04:28:47.279422: E /samgraph/samgraph/common/dist/dist_engine.cc:524] pre sample done, delete it
[[[[[2022-12-07 04:28:47[2022-12-07 04:28:472022-12-07 04:28:472022-12-07 04:28:472022-12-07 04:28:47.2022-12-07 04:28:47....295746.295745295754295746295758: 295752: : : : W: WWWW W    /samgraph/samgraph/common/dist/dist_engine.cc /samgraph/samgraph/common/dist/dist_engine.cc/samgraph/samgraph/common/dist/dist_engine.cc/samgraph/samgraph/common/dist/dist_engine.cc/samgraph/samgraph/common/dist/dist_engine.cc:/samgraph/samgraph/common/dist/dist_engine.cc::::711:711711711711] 711] ] ] ] Trainer[3] building cache...] Trainer[2] building cache...Trainer[5] building cache...Trainer[0] building cache...Trainer[1] building cache...
Trainer[4] building cache...




[2022-12-07 04:28:47[[.2022-12-07 04:28:47[2022-12-07 04:28:47296560[.[2022-12-07 04:28:47.: 2022-12-07 04:28:472965652022-12-07 04:28:47.296564E.: .296571:  296575E296575: E/samgraph/3rdparty/collcachelib/coll_cache_lib/run_config.cc:  : E :E/samgraph/3rdparty/collcachelib/coll_cache_lib/run_config.ccE /samgraph/3rdparty/collcachelib/coll_cache_lib/run_config.cc134 : /samgraph/3rdparty/collcachelib/coll_cache_lib/run_config.cc:] /samgraph/3rdparty/collcachelib/coll_cache_lib/run_config.cc134/samgraph/3rdparty/collcachelib/coll_cache_lib/run_config.cc:134using concurrent impl MPS:] :134] 
134using concurrent impl MPS134] using concurrent impl MPS] 
] using concurrent impl MPS
using concurrent impl MPSusing concurrent impl MPS


[2022-12-07 04:28:47.299897: E /samgraph/3rdparty/collcachelib/coll_cache_lib/coll_cache/asymm_link_desc.cc:196] build asymm link desc with 6X Tesla V100-SXM2-32GB out of 8
[2022-12-07 04:28:47.[2999392022-12-07 04:28:47: .E299954 : /samgraph/3rdparty/collcachelib/coll_cache_lib/coll_cache/asymm_link_desc.ccE: 196/samgraph/3rdparty/collcachelib/coll_cache_lib/coll_cache/asymm_link_desc.cc] :build asymm link desc with 6X Tesla V100-SXM2-32GB out of 8197
] [remote time is 8.684212022-12-07 04:28:47
.299984: E[[ 2022-12-07 04:28:472022-12-07 04:28:47/samgraph/3rdparty/collcachelib/coll_cache_lib/coll_cache/asymm_link_desc.cc..:300009300009196: : ] EEbuild asymm link desc with 6X Tesla V100-SXM2-32GB out of 8[  
2022-12-07 04:28:47/samgraph/3rdparty/collcachelib/coll_cache_lib/coll_cache/asymm_link_desc.cc/samgraph/3rdparty/collcachelib/coll_cache_lib/coll_cache/asymm_link_desc.cc.::300031198197: ] ] [Ecpu time is 30remote time is 8.684212022-12-07 04:28:47 

./samgraph/3rdparty/collcachelib/coll_cache_lib/coll_cache/asymm_link_desc.cc300070:: [196E2022-12-07 04:28:47]  .build asymm link desc with 6X Tesla V100-SXM2-32GB out of 8/samgraph/3rdparty/collcachelib/coll_cache_lib/coll_cache/asymm_link_desc.cc300096
:: 197E]  remote time is 8.68421/samgraph/3rdparty/collcachelib/coll_cache_lib/coll_cache/asymm_link_desc.cc
[:2022-12-07 04:28:47198.[] 3001362022-12-07 04:28:47cpu time is 30: .300143
E: [ E2022-12-07 04:28:47/samgraph/3rdparty/collcachelib/coll_cache_lib/coll_cache/asymm_link_desc.cc .:[/samgraph/3rdparty/collcachelib/coll_cache_lib/coll_cache/asymm_link_desc.cc3001551972022-12-07 04:28:47:: ] .198Eremote time is 8.68421300199]  
: cpu time is 30[/samgraph/3rdparty/collcachelib/coll_cache_lib/coll_cache/asymm_link_desc.ccE
2022-12-07 04:28:47: .196/samgraph/3rdparty/collcachelib/coll_cache_lib/coll_cache/asymm_link_desc.cc300290] :: build asymm link desc with 6X Tesla V100-SXM2-32GB out of 8196E
]  build asymm link desc with 6X Tesla V100-SXM2-32GB out of 8/samgraph/3rdparty/collcachelib/coll_cache_lib/coll_cache/asymm_link_desc.cc
:198[] 2022-12-07 04:28:47cpu time is 30.[
3003752022-12-07 04:28:47: .E300389 : /samgraph/3rdparty/collcachelib/coll_cache_lib/coll_cache/asymm_link_desc.ccE: 197/samgraph/3rdparty/collcachelib/coll_cache_lib/coll_cache/asymm_link_desc.cc] :remote time is 8.68421197
] remote time is 8.68421
[2022-12-07 04:28:47.[3004442022-12-07 04:28:47: .E300449 : /samgraph/3rdparty/collcachelib/coll_cache_lib/coll_cache/asymm_link_desc.ccE: 198/samgraph/3rdparty/collcachelib/coll_cache_lib/coll_cache/asymm_link_desc.cc] :cpu time is 30198
] cpu time is 30
[2022-12-07 04:29:15.778625: E /samgraph/3rdparty/collcachelib/coll_cache_lib/facade.cc:115] solver created. now build & solve
[2022-12-07 04:29:15.807251: E /samgraph/3rdparty/collcachelib/coll_cache_lib/facade.cc:120] solver built. now solve
block 0 storage is 00001001
	access is	0	0	0	3	3	3	
block 1 storage is 00010010
	access is	1	1	1	4	4	4	
block 2 storage is 00100100
	access is	2	2	2	5	5	5	
block 3 storage is 00000000
	access is	6	6	6	6	6	6	
[2022-12-07 04:29:16.510742: E /samgraph/3rdparty/collcachelib/coll_cache_lib/facade.cc:124] solver solved
[2022-12-07 04:29:16.510828: E /samgraph/3rdparty/collcachelib/coll_cache_lib/facade.cc:187] 0 solved master
[2022-12-07 04:29:16.510872: E /samgraph/3rdparty/collcachelib/coll_cache_lib/facade.cc:194] 0 solved
[2022-12-07 04:29:16.510902: E /samgraph/3rdparty/collcachelib/coll_cache_lib/facade.cc:197] worker 0 thread 0 initing device 0
[2022-12-07 04:29:16.512092: E /samgraph/3rdparty/collcachelib/coll_cache_lib/cache_context.cu:1762] Building Coll Cache with ... num gpu device is 6
[[2022-12-07 04:29:162022-12-07 04:29:16..524597524612: : EE  /samgraph/3rdparty/collcachelib/coll_cache_lib/facade.cc/samgraph/3rdparty/collcachelib/coll_cache_lib/facade.cc[:[:2022-12-07 04:29:161942022-12-07 04:29:16194.] .] 5246485 solved5246514 solved: 
: 
EE[  [2022-12-07 04:29:16/samgraph/3rdparty/collcachelib/coll_cache_lib/facade.cc/samgraph/3rdparty/collcachelib/coll_cache_lib/facade.cc2022-12-07 04:29:16.::.524723194194524727: ] ] : E2 solved1 solvedE 

 /samgraph/3rdparty/collcachelib/coll_cache_lib/facade.cc/samgraph/3rdparty/collcachelib/coll_cache_lib/facade.cc[:[:2022-12-07 04:29:161972022-12-07 04:29:16197.] .] 524790worker 5 thread 5 initing device 5524792worker 4 thread 4 initing device 4: 
: 
EE  /samgraph/3rdparty/collcachelib/coll_cache_lib/facade.cc/samgraph/3rdparty/collcachelib/coll_cache_lib/facade.cc::197197] ] worker 2 thread 2 initing device 2worker 1 thread 1 initing device 1

[2022-12-07 04:29:16.525495: E /samgraph/3rdparty/collcachelib/coll_cache_lib/facade.cc:194] 3 solved
[2022-12-07 04:29:16.525577: E /samgraph/3rdparty/collcachelib/coll_cache_lib/facade.cc:197] worker 3 thread 3 initing device 3
[2022-12-07 04:29:16.526867: E /samgraph/3rdparty/collcachelib/coll_cache_lib/cache_context.cu:1762] Building Coll Cache with ... num gpu device is 6
[2022-12-07 04:29:16.527097: E /samgraph/3rdparty/collcachelib/coll_cache_lib/cache_context.cu:1762] Building Coll Cache with ... num gpu device is 6
[2022-12-07 04:29:16.527163: E /samgraph/3rdparty/collcachelib/coll_cache_lib/cache_context.cu:1762] Building Coll Cache with ... num gpu device is 6
[2022-12-07 04:29:16.527219: E /samgraph/3rdparty/collcachelib/coll_cache_lib/cache_context.cu:1762] Building Coll Cache with ... num gpu device is 6
[2022-12-07 04:29:16.528127: E /samgraph/3rdparty/collcachelib/coll_cache_lib/cache_context.cu:1762] Building Coll Cache with ... num gpu device is 6
[2022-12-07 04:29:16.566850: W /samgraph/3rdparty/collcachelib/coll_cache_lib/cpu/cpu_device.cc:39] WORKER[0] alloc host memory 37.54 MB
[[[[[[2022-12-07 04:29:182022-12-07 04:29:182022-12-07 04:29:182022-12-07 04:29:182022-12-07 04:29:182022-12-07 04:29:18......326368326368326368326369326368326381: : : : : : EEEEEE      /samgraph/3rdparty/collcachelib/coll_cache_lib/cache_context.cu/samgraph/3rdparty/collcachelib/coll_cache_lib/cache_context.cu/samgraph/3rdparty/collcachelib/coll_cache_lib/cache_context.cu/samgraph/3rdparty/collcachelib/coll_cache_lib/cache_context.cu/samgraph/3rdparty/collcachelib/coll_cache_lib/cache_context.cu/samgraph/3rdparty/collcachelib/coll_cache_lib/cache_context.cu::::::187118711871187118711871] ] ] ] ] ] Device 4 init p2p of link 3Device 2 init p2p of link 1Device 1 init p2p of link 0Device 5 init p2p of link 0Device 3 init p2p of link 4Device 0 init p2p of link 1





[2022-12-07 04:29:18.339965: E /samgraph/3rdparty/collcachelib/coll_cache_lib/cache_context.cu:1871] Device 5 init p2p of link 3
[2022-12-07 04:29:18.343673: E /samgraph/3rdparty/collcachelib/coll_cache_lib/cache_context.cu:1871] Device 2 init p2p of link 0
[2022-12-07 04:29:18.345443: E /samgraph/3rdparty/collcachelib/coll_cache_lib/cache_context.cu:1871] Device 4 init p2p of link 2
[2022-12-07 04:29:18.345937: E /samgraph/3rdparty/collcachelib/coll_cache_lib/cache_context.cu:1871] Device 1 init p2p of link 2
[2022-12-07 04:29:18.346079: E /samgraph/3rdparty/collcachelib/coll_cache_lib/cache_context.cu:1871] Device 3 init p2p of link 5
[2022-12-07 04:29:18.346356: E /samgraph/3rdparty/collcachelib/coll_cache_lib/cache_context.cu:1871] Device 0 init p2p of link 5
[2022-12-07 04:29:18.348633: E /samgraph/3rdparty/collcachelib/coll_cache_lib/cache_context.cu:1871] Device 5 init p2p of link 4
[2022-12-07 04:29:18.356099: E /samgraph/3rdparty/collcachelib/coll_cache_lib/cache_context.cu:1871] Device 4 init p2p of link 5
[2022-12-07 04:29:18.357967: E /samgraph/3rdparty/collcachelib/coll_cache_lib/cache_context.cu:1871] Device 2 init p2p of link 4
[2022-12-07 04:29:18.358227: E /samgraph/3rdparty/collcachelib/coll_cache_lib/cache_context.cu:1871] Device 0 init p2p of link 2
[2022-12-07 04:29:18.361836: E /samgraph/3rdparty/collcachelib/coll_cache_lib/cache_context.cu:1871] Device 1 init p2p of link 3
[2022-12-07 04:29:18.362957: E /samgraph/3rdparty/collcachelib/coll_cache_lib/cache_context.cu:1871] Device 3 init p2p of link 1
[2022-12-07 04:29:18.369216: E /samgraph/3rdparty/collcachelib/coll_cache_lib/cache_context.cu:1900] Asymm Coll cache (policy: clique_part) | local 9841254 / 65608366 nodes ( 15.00 %~15.00 %) | remote 19682508 / 65608366 nodes ( 30.00 %) | cpu 36084604 / 65608366 nodes ( 55.00 %) | 9.39 GB | 1.84195 secs 
[2022-12-07 04:29:18.371734: E /samgraph/3rdparty/collcachelib/coll_cache_lib/cache_context.cu:1900] Asymm Coll cache (policy: clique_part) | local 9841254 / 65608366 nodes ( 15.00 %~15.00 %) | remote 19682508 / 65608366 nodes ( 30.00 %) | cpu 36084604 / 65608366 nodes ( 55.00 %) | 9.39 GB | 1.84482 secs 
[2022-12-07 04:29:18.372082: E /samgraph/3rdparty/collcachelib/coll_cache_lib/cache_context.cu:1900] Asymm Coll cache (policy: clique_part) | local 9841254 / 65608366 nodes ( 15.00 %~15.00 %) | remote 19682508 / 65608366 nodes ( 30.00 %) | cpu 36084604 / 65608366 nodes ( 55.00 %) | 9.39 GB | 1.84494 secs 
[2022-12-07 04:29:18.373545: E /samgraph/3rdparty/collcachelib/coll_cache_lib/cache_context.cu:1900] Asymm Coll cache (policy: clique_part) | local 9841254 / 65608366 nodes ( 15.00 %~15.00 %) | remote 19682508 / 65608366 nodes ( 30.00 %) | cpu 36084604 / 65608366 nodes ( 55.00 %) | 9.39 GB | 1.84535 secs 
[2022-12-07 04:29:18.378675: E /samgraph/3rdparty/collcachelib/coll_cache_lib/cache_context.cu:1900] Asymm Coll cache (policy: clique_part) | local 9841254 / 65608366 nodes ( 15.00 %~15.00 %) | remote 19682508 / 65608366 nodes ( 30.00 %) | cpu 36084604 / 65608366 nodes ( 55.00 %) | 9.39 GB | 1.85146 secs 
[2022-12-07 04:29:18.379962: E /samgraph/3rdparty/collcachelib/coll_cache_lib/cache_context.cu:1900] Asymm Coll cache (policy: clique_part) | local 9841254 / 65608366 nodes ( 15.00 %~15.00 %) | remote 19682508 / 65608366 nodes ( 30.00 %) | cpu 36084604 / 65608366 nodes ( 55.00 %) | 9.39 GB | 1.86782 secs 
[2022-12-07 04:29:18.380686: W /samgraph/3rdparty/collcachelib/coll_cache_lib/cache_context.cu:2004] before create ctx, mem is 10.72 GB
[2022-12-07 04:29:20. 54981: W /samgraph/3rdparty/collcachelib/coll_cache_lib/cache_context.cu:2010] after create ctx, mem is 11.19 GB
[2022-12-07 04:29:20. 55183: W /samgraph/3rdparty/collcachelib/coll_cache_lib/cache_context.cu:2017] after create stream, mem is 11.19 GB
[2022-12-07 04:29:20. 55717: W /samgraph/3rdparty/collcachelib/coll_cache_lib/cache_context.cu:2004] before create ctx, mem is 11.19 GB
[2022-12-07 04:29:21.708654: W /samgraph/3rdparty/collcachelib/coll_cache_lib/cache_context.cu:2010] after create ctx, mem is 11.65 GB
[2022-12-07 04:29:21.708872: W /samgraph/3rdparty/collcachelib/coll_cache_lib/cache_context.cu:2017] after create stream, mem is 11.65 GB
[2022-12-07 04:29:21.709254: W /samgraph/3rdparty/collcachelib/coll_cache_lib/cache_context.cu:2004] before create ctx, mem is 11.65 GB
[2022-12-07 04:29:23.329796: W /samgraph/3rdparty/collcachelib/coll_cache_lib/cache_context.cu:2010] after create ctx, mem is 12.05 GB
[2022-12-07 04:29:23.330123: W /samgraph/3rdparty/collcachelib/coll_cache_lib/cache_context.cu:2017] after create stream, mem is 12.05 GB
[2022-12-07 04:29:23.330839: W /samgraph/3rdparty/collcachelib/coll_cache_lib/cache_context.cu:2004] before create ctx, mem is 12.05 GB
[2022-12-07 04:29:25.122662: W /samgraph/3rdparty/collcachelib/coll_cache_lib/cache_context.cu:2010] after create ctx, mem is 12.69 GB
[2022-12-07 04:29:25.122845: W /samgraph/3rdparty/collcachelib/coll_cache_lib/cache_context.cu:2017] after create stream, mem is 12.69 GB
[2022-12-07 04:29:25.123253: W /samgraph/3rdparty/collcachelib/coll_cache_lib/cache_context.cu:2004] before create ctx, mem is 12.69 GB
[2022-12-07 04:29:26.679823: W /samgraph/3rdparty/collcachelib/coll_cache_lib/cache_context.cu:2010] after create ctx, mem is 13.06 GB
[2022-12-07 04:29:26.679990: W /samgraph/3rdparty/collcachelib/coll_cache_lib/cache_context.cu:2017] after create stream, mem is 13.06 GB
[2022-12-07 04:29:26[.2022-12-07 04:29:26[789890.2022-12-07 04:29:26: 789890.E: [789890 [E[2022-12-07 04:29:26: /samgraph/3rdparty/collcachelib/coll_cache_lib/run_config.cc2022-12-07 04:29:26 2022-12-07 04:29:26.E:./samgraph/3rdparty/collcachelib/coll_cache_lib/run_config.cc.789922 134789926:789922: /samgraph/3rdparty/collcachelib/coll_cache_lib/run_config.cc] : 134: E:using concurrent impl MPSE] E 134
 using concurrent impl MPS /samgraph/3rdparty/collcachelib/coll_cache_lib/run_config.cc] /samgraph/3rdparty/collcachelib/coll_cache_lib/run_config.cc
/samgraph/3rdparty/collcachelib/coll_cache_lib/run_config.cc:using concurrent impl MPS::134
134134] ] ] using concurrent impl MPSusing concurrent impl MPSusing concurrent impl MPS


[2022-12-07 04:29:26.792986: E /samgraph/3rdparty/collcachelib/coll_cache_lib/coll_cache/asymm_link_desc.cc:196] build asymm link desc with 6X Tesla V100-SXM2-32GB out of 8
[2022-12-07 04:29:26.793027: E /samgraph/3rdparty/collcachelib/coll_cache_lib/coll_cache/asymm_link_desc.cc:197] remote time is 8.68421
[2022-12-07 04:29:26.793055: E /samgraph/3rdparty/collcachelib/coll_cache_lib/coll_cache/asymm_link_desc.cc:198] cpu time is 30
[2022-12-07 04:29:26.793176: E /samgraph/3rdparty/collcachelib/coll_cache_lib/coll_cache/asymm_link_desc.cc:196] build asymm link desc with 6X Tesla V100-SXM2-32GB out of 8
[2022-12-07 04:29:26.793218: [E2022-12-07 04:29:26 ./samgraph/3rdparty/collcachelib/coll_cache_lib/coll_cache/asymm_link_desc.cc793221:: 197E]  remote time is 8.68421/samgraph/3rdparty/collcachelib/coll_cache_lib/coll_cache/asymm_link_desc.cc
:196] build asymm link desc with 6X Tesla V100-SXM2-32GB out of 8[
2022-12-07 04:29:26.793264: [E[2022-12-07 04:29:26 2022-12-07 04:29:26./samgraph/3rdparty/collcachelib/coll_cache_lib/coll_cache/asymm_link_desc.cc.793270:793279: [198: E2022-12-07 04:29:26] E .cpu time is 30 /samgraph/3rdparty/collcachelib/coll_cache_lib/coll_cache/asymm_link_desc.cc793318
/samgraph/3rdparty/collcachelib/coll_cache_lib/coll_cache/asymm_link_desc.cc[:: :2022-12-07 04:29:26196E197.]  ] 793367build asymm link desc with 6X Tesla V100-SXM2-32GB out of 8/samgraph/3rdparty/collcachelib/coll_cache_lib/coll_cache/asymm_link_desc.ccremote time is 8.68421: 
:
E196 ] [[/samgraph/3rdparty/collcachelib/coll_cache_lib/coll_cache/asymm_link_desc.ccbuild asymm link desc with 6X Tesla V100-SXM2-32GB out of 82022-12-07 04:29:262022-12-07 04:29:26:
..196793452793453] [: : build asymm link desc with 6X Tesla V100-SXM2-32GB out of 82022-12-07 04:29:26EE
.  793496/samgraph/3rdparty/collcachelib/coll_cache_lib/coll_cache/asymm_link_desc.cc/samgraph/3rdparty/collcachelib/coll_cache_lib/coll_cache/asymm_link_desc.cc[2022-12-07 04:29:26: ::.E198197793553 ] ] : /samgraph/3rdparty/collcachelib/coll_cache_lib/coll_cache/asymm_link_desc.cccpu time is 30remote time is 8.68421E:

 197/samgraph/3rdparty/collcachelib/coll_cache_lib/coll_cache/asymm_link_desc.cc] [:remote time is 8.684212022-12-07 04:29:26197
.] 793642remote time is 8.68421: [
E2022-12-07 04:29:26 .[/samgraph/3rdparty/collcachelib/coll_cache_lib/coll_cache/asymm_link_desc.cc7936782022-12-07 04:29:26:: .198E793696]  : cpu time is 30/samgraph/3rdparty/collcachelib/coll_cache_lib/coll_cache/asymm_link_desc.ccE
: 198/samgraph/3rdparty/collcachelib/coll_cache_lib/coll_cache/asymm_link_desc.cc] :cpu time is 30198
] cpu time is 30
[2022-12-07 04:29:26.999993: E /samgraph/3rdparty/collcachelib/coll_cache_lib/facade.cc:115] solver created. now build & solve
[2022-12-07 04:29:27. 12580: E /samgraph/3rdparty/collcachelib/coll_cache_lib/facade.cc:120] solver built. now solve
block 0 storage is 00001001
	access is	0	0	0	3	3	3	
block 1 storage is 00010010
	access is	1	1	1	4	4	4	
block 2 storage is 00100100
	access is	2	2	2	5	5	5	
block 3 storage is 00000000
	access is	6	6	6	6	6	6	
[2022-12-07 04:29:27.701669: E /samgraph/3rdparty/collcachelib/coll_cache_lib/facade.cc:124] solver solved
[2022-12-07 04:29:27.701721: E /samgraph/3rdparty/collcachelib/coll_cache_lib/facade.cc:187] 0 solved master
[2022-12-07 04:29:27.701749: E /samgraph/3rdparty/collcachelib/coll_cache_lib/facade.cc:194] 0 solved
[2022-12-07 04:29:27.701775: E /samgraph/3rdparty/collcachelib/coll_cache_lib/facade.cc:197] worker 0 thread 0 initing device 0
[2022-12-07 04:29:27.714689: E /samgraph/3rdparty/collcachelib/coll_cache_lib/facade.cc:194] 3 solved
[2022-12-07 04:29:27.714745: E /samgraph/3rdparty/collcachelib/coll_cache_lib/facade.cc:197] worker 3 thread 3 initing device 3
[[[[2022-12-07 04:29:272022-12-07 04:29:272022-12-07 04:29:272022-12-07 04:29:27....717751717754717758717767: : : : EEEE    /samgraph/3rdparty/collcachelib/coll_cache_lib/facade.cc/samgraph/3rdparty/collcachelib/coll_cache_lib/facade.cc/samgraph/3rdparty/collcachelib/coll_cache_lib/facade.cc/samgraph/3rdparty/collcachelib/coll_cache_lib/facade.cc::::194194194194] ] ] ] 2 solved5 solved1 solved4 solved



[[[2022-12-07 04:29:272022-12-07 04:29:27[2022-12-07 04:29:27..2022-12-07 04:29:27.717901717903.717905: : 717906: EE: E  E /samgraph/3rdparty/collcachelib/coll_cache_lib/facade.cc/samgraph/3rdparty/collcachelib/coll_cache_lib/facade.cc /samgraph/3rdparty/collcachelib/coll_cache_lib/facade.cc::/samgraph/3rdparty/collcachelib/coll_cache_lib/facade.cc:197197:197] ] 197] worker 2 thread 2 initing device 2worker 5 thread 5 initing device 5] worker 1 thread 1 initing device 1

worker 4 thread 4 initing device 4

[2022-12-07 04:29:29.353808: W /samgraph/samgraph/common/cuda/cuda_device.cc:49] GPU[0] alloc cuda memory 1.23 GB
[2022-12-07 04:29:29.357024: W /samgraph/samgraph/common/cuda/cuda_device.cc:49] GPU[0] alloc cuda memory 12.30 MB
[2022-12-07 04:29:29.360186: W /samgraph/samgraph/common/cuda/cuda_device.cc:49] GPU[0] alloc cuda memory 12.30 MB
[2022-12-07 04:29:30.796332: W /samgraph/samgraph/common/cuda/cuda_device.cc:49] GPU[0] alloc cuda memory 1.23 GB
[2022-12-07 04:29:30.799846: W /samgraph/samgraph/common/cuda/cuda_device.cc:49] GPU[0] alloc cuda memory 11.34 MB
/usr/local/lib/python3.8/dist-packages/torch/nn/parallel/scatter_gather.py:9: UserWarning: is_namedtuple is deprecated, please use the python checks instead
  warnings.warn("is_namedtuple is deprecated, please use the python checks instead")
/usr/local/lib/python3.8/dist-packages/torch/nn/parallel/scatter_gather.py:9: UserWarning: is_namedtuple is deprecated, please use the python checks instead
  warnings.warn("is_namedtuple is deprecated, please use the python checks instead")
/usr/local/lib/python3.8/dist-packages/torch/nn/parallel/scatter_gather.py:9: UserWarning: is_namedtuple is deprecated, please use the python checks instead
  warnings.warn("is_namedtuple is deprecated, please use the python checks instead")
/usr/local/lib/python3.8/dist-packages/torch/nn/parallel/scatter_gather.py:9: UserWarning: is_namedtuple is deprecated, please use the python checks instead
  warnings.warn("is_namedtuple is deprecated, please use the python checks instead")
/usr/local/lib/python3.8/dist-packages/torch/nn/parallel/scatter_gather.py:9: UserWarning: is_namedtuple is deprecated, please use the python checks instead
  warnings.warn("is_namedtuple is deprecated, please use the python checks instead")
/usr/local/lib/python3.8/dist-packages/torch/nn/parallel/scatter_gather.py:9: UserWarning: is_namedtuple is deprecated, please use the python checks instead
  warnings.warn("is_namedtuple is deprecated, please use the python checks instead")
