config:eval_tsp="2022-12-07 04:56:25"
config:arch=arch5
config:num_train_worker=6
config:num_sample_worker=2
config:sample_type=khop2
config:root_path=/nvme/samgraph/
config:dataset=com-friendster
config:pipeline=False
config:cache_policy=rep
config:cache_percentage=0.3
config:num_epoch=4
config:batch_size=8000
config:num_hidden=256
config:max_sampling_jobs=1
config:max_copying_jobs=1
config:barriered_epoch=1
config:presample_epoch=2
config:omp_thread_num=6
config:unsupervised=False
config:amp=True
config:rolling=0
config:fanout=[25, 10]
config:lr=0.003
config:dropout=0.5
config:single_gpu=False
config:max_num_step=100000
config:validate_configs=False
config:report_acc=0
config:dataset_path=/nvme/samgraph/com-friendster
config:torch_thread_num=8
config:train_workers=['cuda:0', 'cuda:1', 'cuda:2', 'cuda:3', 'cuda:4', 'cuda:5']
config:sample_workers=['cuda:6', 'cuda:7']
config:num_fanout=2
config:num_layer=2
config:_run_mode=RunMode.FGNN
config:_log_level=warn
config:_profile_level=3
config:_empty_feat=0
config:_arch=5
config:_sample_type=5
config:_cache_policy=12
test_result:init:input_scale_factor=1.1
coll_cache:optimal_rep_storage=0.3
coll_cache:optimal_part_storage=0
coll_cache:optimal_cpu_storage=0.7
coll_cache:optimal_local_storage=0.3
coll_cache:optimal_remote_storage=0
coll_cache:optimal_local_rate=0.888696
coll_cache:optimal_remote_rate=0
coll_cache:optimal_cpu_rate=0.111304
z=1915.24
test_result:init:feat_nbytes=67182966784
test_result:init:cache_nbytes=20154889216
test_result:init:feat_nbytes=67182966784
test_result:init:cache_nbytes=20154889216
test_result:init:feat_nbytes=67182966784
test_result:init:cache_nbytes=20154889216
test_result:init:feat_nbytes=67182966784
test_result:init:cache_nbytes=20154889216
test_result:init:feat_nbytes=67182966784
test_result:init:cache_nbytes=20154889216
test_result:init:feat_nbytes=67182966784
test_result:init:cache_nbytes=20154889216
coll_cache:optimal_rep_storage=0.3
coll_cache:optimal_part_storage=0
coll_cache:optimal_cpu_storage=0.7
coll_cache:optimal_local_storage=0.3
coll_cache:optimal_remote_storage=0
coll_cache:optimal_local_rate=0.888696
coll_cache:optimal_remote_rate=0
coll_cache:optimal_cpu_rate=0.111304
z=1915.24
test_result:init:cache_nbytes=0
test_result:init:cache_nbytes=0
test_result:init:cache_nbytes=0
test_result:init:cache_nbytes=0
test_result:init:cache_nbytes=0
test_result:init:cache_nbytes=0
[Train  Worker 1/6] Started with PID 55991(Tesla V100-SXM2-32GB)
[Train  Worker 1] run train for 4 epochs with 126 steps
[Train  Worker 1] Avg Epoch Time 1.2738 | Train Total Time(Profiler) 0.2139 | Copy Time 1.0578
[Train  Worker 2/6] Started with PID 55993(Tesla V100-SXM2-32GB)
[Train  Worker 2] run train for 4 epochs with 126 steps
[Train  Worker 2] Avg Epoch Time 1.2739 | Train Total Time(Profiler) 0.2179 | Copy Time 1.0539
[Train  Worker 4/6] Started with PID 55999(Tesla V100-SXM2-32GB)
[Train  Worker 4] run train for 4 epochs with 126 steps
[Train  Worker 4] Avg Epoch Time 1.2739 | Train Total Time(Profiler) 0.2129 | Copy Time 1.0588
[Train  Worker 3/6] Started with PID 55996(Tesla V100-SXM2-32GB)
[Train  Worker 3] run train for 4 epochs with 126 steps
[Train  Worker 3] Avg Epoch Time 1.2739 | Train Total Time(Profiler) 0.2117 | Copy Time 1.0599
[Train  Worker 0/6] Started with PID 55989(Tesla V100-SXM2-32GB)
[Train  Worker 0] run train for 4 epochs with 126 steps
Epoch 00000 | Epoch Time 2.6909 | Total Train Time(Profiler) 2.1250 | Copy Time 0.5633
Epoch 00001 | Epoch Time 1.2751 | Total Train Time(Profiler) 0.7379 | Copy Time 0.5348
Epoch 00002 | Epoch Time 1.2728 | Total Train Time(Profiler) 0.7349 | Copy Time 0.5358
Epoch 00003 | Epoch Time 1.2737 | Total Train Time(Profiler) 0.7367 | Copy Time 0.5345
[Train  Worker 0] Avg Epoch Time 1.2739 | Train Total Time(Profiler) 0.7365 | Copy Time 0.5350
[Train  Worker 5/6] Started with PID 56003(Tesla V100-SXM2-32GB)
[Train  Worker 5] run train for 4 epochs with 126 steps
[Train  Worker 5] Avg Epoch Time 1.2739 | Train Total Time(Profiler) 0.7365 | Copy Time 0.5351
    [Step(average) Profiler Level 1 E3 S62]
        L1  sample           0.005746 | send           0.001272
        L1  recv             0.000000 | copy           0.000000 | convert time 0.000000 | train  0.000000
        L1  feature nbytes 0.00 Bytes | label nbytes 0.00 Bytes
        L1  id nbytes      0.00 Bytes | graph nbytes 0.00 Bytes
        L1  miss nbytes    0.00 Bytes | remote nbytes 0.00 Bytes
        L1  num nodes         1189302 | num samples     1335814
    [Step(average) Profiler Level 2 E3 S62]
        L2  shuffle     0.000475 | core sample  0.001717 | id remap        0.003439
        L2  graph copy  0.000000 | id copy      0.000000 | cache feat copy 0.000000
        L2  last layer sample time 0.000328 | size 58939.338624
    [Step(average) Profiler Level 3 E3 S62]
        L3  khop sample coo  0.001414 | khop sort coo      0.000000 | khop count edge     0.000042 | khop compact edge 0.000219
        L3  walk sample coo  0.000000 | walk topk total    0.000000 | walk topk step1     0.000000 | walk topk step2   0.000000
        L3  walk topk step3  0.000000 | walk topk step4    0.000000 | walk topk step5     0.000000
        L3  walk topk step6  0.000000 | walk topk step7    0.000000
        L3  remap unique     0.000000 | remap populate     0.002900 | remap mapnode       0.000000 | remap mapedge     0.000539
        L3  cache get_index  0.000000 | cache copy_index   0.000000 | cache extract_miss  0.000000
        L3  cache copy_miss  0.000000 | cache combine_miss 0.000000 | cache combine cache 0.000000 | cache combine remote 0.000000
        L3  label extract  0.000000
[Sample Worker 1/2] Started with PID 55987(Tesla V100-SXM2-32GB)
[Sample Worker 1] run sample for 4 epochs with 63 steps
[Sample Worker 1] Avg Sample Total Time 0.4458 | Sampler Total Time(Profiler) 0.4451
    [Init Profiler Level 1]
        L1  init     7.4254 | sampler init    14.6202 | trainer init 0.0000
    [Init Profiler Level 2]
        L2  load ds        10.5209 | init queue           4.5337
        L2  presample       4.4982 | build interal ds     2.4892
        L2  build cache     0.0000
    [Init Profiler Level 3]
        L3  load dataset: mmap     7.4207 | copy         3.1002
        L3  dist queue: alloc      0.0018 | pin          4.5319 | push     0.0000
        L3  presample: init        0.2232
        L3  presample: sample      1.3979 | copy         0.1022
        L3  presample: count       2.3440 | sort         0.1731
        L3  presample: reset       0.0006 | get rank     0.0145
        L3  internal: cuda ctx     2.2023 | cuda stream     0.2761
[Sample Worker 0/2] Started with PID 55986(Tesla V100-SXM2-32GB)
[Sample Worker 0] run sample for 4 epochs with 63 steps
[Sample Worker 0] Avg Sample Total Time 0.4441 | Sampler Total Time(Profiler) 0.4421
test_result:sample_time=0.3620
test_result:get_cache_miss_index_time=0.0000
test_result:enqueue_samples_time=0.0801
test_result:epoch_time:sample_total=0.4441
[CUDA] cuda0: usage: 24.03 GB
[SAM] cuda0 data alloc        : 0.00 Bytes
[SAM] cuda0 workspace         : 2.52 GB
[SAM] cuda0 workspace reserve : 1.26 GB
[SAM] cuda0 total             : 2.52 GB
    [Step(average) Profiler Level 1 E3 S125]
        L1  sample           0.000000 | send           0.000000
        L1  recv             0.002252 | copy           0.042110 | convert time 0.000430 | train  0.018014
        L1  feature nbytes    1.13 GB | label nbytes   62.50 KB
        L1  id nbytes      0.00 Bytes | graph nbytes 0.00 Bytes
        L1  miss nbytes    0.00 Bytes | remote nbytes 0.00 Bytes
        L1  num nodes               0 | num samples           0
    [Step(average) Profiler Level 2 E3 S125]
        L2  shuffle     0.000000 | core sample  0.000000 | id remap        0.000000
        L2  graph copy  0.000004 | id copy      0.000000 | cache feat copy 0.039855
        L2  last layer sample time 0.000000 | size 0.000000
    [Step(average) Profiler Level 3 E3 S125]
        L3  khop sample coo  0.000000 | khop sort coo      0.000000 | khop count edge     0.000000 | khop compact edge 0.000000
        L3  walk sample coo  0.000000 | walk topk total    0.000000 | walk topk step1     0.000000 | walk topk step2   0.000000
        L3  walk topk step3  0.000000 | walk topk step4    0.000000 | walk topk step5     0.000000
        L3  walk topk step6  0.000000 | walk topk step7    0.000000
        L3  remap unique     0.000000 | remap populate     0.000000 | remap mapnode       0.000000 | remap mapedge     0.000000
        L3  cache get_index  0.000000 | cache copy_index   0.000000 | cache extract_miss  0.000000
        L3  cache copy_miss  0.000000 | cache combine_miss 0.000000 | cache combine cache 0.039419 | cache combine remote 0.000000
        L3  label extract  0.000428
    [Init Profiler Level 1]
        L1  init     7.4254 | sampler init     0.0000 | trainer init 48.3763
    [Init Profiler Level 2]
        L2  load ds         7.4207 | init queue           4.4801
        L2  presample       0.0000 | build interal ds     2.1607
        L2  build cache    41.7273
    [Init Profiler Level 3]
        L3  load dataset: mmap     7.4207 | copy         0.0000
        L3  dist queue: alloc      0.0018 | pin          4.4783 | push     0.0000
        L3  presample: init        0.0000
        L3  presample: sample      0.0000 | copy         0.0000
        L3  presample: count       0.0000 | sort         0.0000
        L3  presample: reset       0.0000 | get rank     0.0000
        L3  internal: cuda ctx     2.1606 | cuda stream     0.0001
|===========================================================================|
|                  PyTorch CUDA memory summary, device ID 0                 |
|---------------------------------------------------------------------------|
|            CUDA OOMs: 0            |        cudaMalloc retries: 0         |
|===========================================================================|
|        Metric         | Cur Usage  | Peak Usage | Tot Alloc  | Tot Freed  |
|---------------------------------------------------------------------------|
| Allocated memory      |   18583 KB |  741679 KB |  128581 MB |  128563 MB |
|       from large pool |   13730 KB |  740252 KB |  127829 MB |  127816 MB |
|       from small pool |    4853 KB |    6575 KB |     752 MB |     747 MB |
|---------------------------------------------------------------------------|
| Active memory         |   18584 KB |  741679 KB |  128581 MB |  128563 MB |
|       from large pool |   13730 KB |  740252 KB |  127829 MB |  127816 MB |
|       from small pool |    4854 KB |    6575 KB |     752 MB |     747 MB |
|---------------------------------------------------------------------------|
| GPU reserved memory   |  757760 KB |  757760 KB |  757760 KB |       0 B  |
|       from large pool |  749568 KB |  749568 KB |  749568 KB |       0 B  |
|       from small pool |    8192 KB |    8192 KB |    8192 KB |       0 B  |
|---------------------------------------------------------------------------|
| Non-releasable memory |   18280 KB |  658157 KB |  123101 MB |  123083 MB |
|       from large pool |   16990 KB |  656487 KB |  122154 MB |  122137 MB |
|       from small pool |    1290 KB |    3713 KB |     947 MB |     945 MB |
|---------------------------------------------------------------------------|
| Allocations           |      38    |      51    |    9363    |    9325    |
|       from large pool |       3    |      14    |    3696    |    3693    |
|       from small pool |      35    |      39    |    5667    |    5632    |
|---------------------------------------------------------------------------|
| Active allocs         |      39    |      51    |    9363    |    9324    |
|       from large pool |       3    |      14    |    3696    |    3693    |
|       from small pool |      36    |      39    |    5667    |    5631    |
|---------------------------------------------------------------------------|
| GPU reserved segments |      10    |      10    |      10    |       0    |
|       from large pool |       6    |       6    |       6    |       0    |
|       from small pool |       4    |       4    |       4    |       0    |
|---------------------------------------------------------------------------|
| Non-releasable allocs |      11    |      21    |    4272    |    4261    |
|       from large pool |       2    |       9    |    2160    |    2158    |
|       from small pool |       9    |      17    |    2112    |    2103    |
|---------------------------------------------------------------------------|
| Oversize allocations  |       0    |       0    |       0    |       0    |
|---------------------------------------------------------------------------|
| Oversize GPU segments |       0    |       0    |       0    |       0    |
|===========================================================================|

test_result:epoch_time:copy_time=0.5350
test_result:convert_time=0.0094
test_result:train_time=0.7271
test_result:epoch_time:train_total=0.7365
test_result:cache_percentage=0.3000
test_result:cache_hit_rate=1.0000
test_result:run_time=8.3144
