config:eval_tsp="2022-12-09 04:13:05"
config:arch=arch5
config:num_train_worker=6
config:num_sample_worker=2
config:sample_type=khop2
config:root_path=/nvme/samgraph/
config:dataset=mag240m-homo
config:pipeline=False
config:cache_policy=clique_part
config:cache_percentage=0.06
config:num_epoch=4
config:batch_size=4000
config:num_hidden=256
config:max_sampling_jobs=1
config:max_copying_jobs=1
config:barriered_epoch=1
config:presample_epoch=2
config:omp_thread_num=6
config:unsupervised=False
config:amp=True
config:rolling=0
config:fanout=[25, 10]
config:lr=0.003
config:dropout=0.5
config:single_gpu=False
config:max_num_step=100000
config:validate_configs=False
config:report_acc=0
config:dataset_path=/nvme/samgraph/mag240m-homo
config:torch_thread_num=8
config:train_workers=['cuda:0', 'cuda:1', 'cuda:2', 'cuda:3', 'cuda:4', 'cuda:5']
config:sample_workers=['cuda:6', 'cuda:7']
config:num_fanout=2
config:num_layer=2
config:_run_mode=RunMode.FGNN
config:_log_level=warn
config:_profile_level=3
config:_empty_feat=25
config:_arch=5
config:_sample_type=5
config:_cache_policy=14
test_result:init:input_scale_factor=1.1
coll_cache:optimal_rep_storage=0
coll_cache:optimal_part_storage=0.18
coll_cache:optimal_cpu_storage=0.82
coll_cache:optimal_local_storage=0.06
coll_cache:optimal_remote_storage=0.12
coll_cache:optimal_local_rate=0.333333
coll_cache:optimal_remote_rate=0.666667
coll_cache:optimal_cpu_rate=0
z=1566.76,1566.76,1947.48,1566.76,1947.48,1566.76,
test_result:init:feat_nbytes=375030526464
test_result:init:cache_nbytes=22539333120
test_result:init:feat_nbytes=375030526464
test_result:init:cache_nbytes=22539333120
test_result:init:feat_nbytes=375030526464
test_result:init:cache_nbytes=22539333120
test_result:init:feat_nbytes=375030526464
test_result:init:cache_nbytes=22539333120
test_result:init:feat_nbytes=375030526464
test_result:init:cache_nbytes=22539333120
test_result:init:feat_nbytes=375030526464
test_result:init:cache_nbytes=22539333120
test_result:init:cache_nbytes=0
test_result:init:cache_nbytes=0
test_result:init:cache_nbytes=0
test_result:init:cache_nbytes=0
test_result:init:cache_nbytes=0
test_result:init:cache_nbytes=0
[Train  Worker 3/6] Started with PID 8172(Tesla V100-SXM2-32GB)
[Train  Worker 3] run train for 4 epochs with 282 steps
[Train  Worker 3] Avg Epoch Time 1.4637 | Train Total Time(Profiler) 0.6749 | Copy Time 0.7842
[Train  Worker 5/6] Started with PID 8179(Tesla V100-SXM2-32GB)
[Train  Worker 5] run train for 4 epochs with 282 steps
[Train  Worker 5] Avg Epoch Time 1.4637 | Train Total Time(Profiler) 0.7050 | Copy Time 0.7541
[Train  Worker 0/6] Started with PID 8164(Tesla V100-SXM2-32GB)
[Train  Worker 0] run train for 4 epochs with 282 steps
Epoch 00000 | Epoch Time 2.8588 | Total Train Time(Profiler) 2.0653 | Copy Time 0.7886
Epoch 00001 | Epoch Time 1.4697 | Total Train Time(Profiler) 0.7058 | Copy Time 0.7591
Epoch 00002 | Epoch Time 1.4622 | Total Train Time(Profiler) 0.6960 | Copy Time 0.7613
Epoch 00003 | Epoch Time 1.4592 | Total Train Time(Profiler) 0.6981 | Copy Time 0.7564
[Train  Worker 0] Avg Epoch Time 1.4637 | Train Total Time(Profiler) 0.7000 | Copy Time 0.7590
[Train  Worker 2/6] Started with PID 8169(Tesla V100-SXM2-32GB)
[Train  Worker 2] run train for 4 epochs with 282 steps
[Train  Worker 2] Avg Epoch Time 1.4637 | Train Total Time(Profiler) 0.6824 | Copy Time 0.7770
[Train  Worker 4/6] Started with PID 8176(Tesla V100-SXM2-32GB)
[Train  Worker 4] run train for 4 epochs with 282 steps
[Train  Worker 4] Avg Epoch Time 1.4637 | Train Total Time(Profiler) 0.6763 | Copy Time 0.7827
[Train  Worker 1/6] Started with PID 8166(Tesla V100-SXM2-32GB)
[Train  Worker 1] run train for 4 epochs with 282 steps
[Train  Worker 1] Avg Epoch Time 1.4638 | Train Total Time(Profiler) 0.6813 | Copy Time 0.7775
[Sample Worker 1/2] Started with PID 8163(Tesla V100-SXM2-32GB)
[Sample Worker 1] run sample for 4 epochs with 141 steps
[Sample Worker 1] Avg Sample Total Time 0.4651 | Sampler Total Time(Profiler) 0.4634
    [Step(average) Profiler Level 1 E3 S140]
        L1  sample           0.002599 | send           0.000689
        L1  recv             0.000000 | copy           0.000000 | convert time 0.000000 | train  0.000000
        L1  feature nbytes 0.00 Bytes | label nbytes 0.00 Bytes
        L1  id nbytes      0.00 Bytes | graph nbytes 0.00 Bytes
        L1  miss nbytes    0.00 Bytes | remote nbytes 0.00 Bytes
        L1  num nodes          575318 | num samples      743984
    [Step(average) Profiler Level 2 E3 S140]
        L2  shuffle     0.000264 | core sample  0.000649 | id remap        0.001576
        L2  graph copy  0.000000 | id copy      0.000000 | cache feat copy 0.000000
        L2  last layer sample time 0.000279 | size 33439.581560
    [Step(average) Profiler Level 3 E3 S140]
        L3  khop sample coo  0.000406 | khop sort coo      0.000000 | khop count edge     0.000036 | khop compact edge 0.000166
        L3  walk sample coo  0.000000 | walk topk total    0.000000 | walk topk step1     0.000000 | walk topk step2   0.000000
        L3  walk topk step3  0.000000 | walk topk step4    0.000000 | walk topk step5     0.000000
        L3  walk topk step6  0.000000 | walk topk step7    0.000000
        L3  remap unique     0.000000 | remap populate     0.001310 | remap mapnode       0.000000 | remap mapedge     0.000266
        L3  cache get_index  0.000000 | cache copy_index   0.000000 | cache extract_miss  0.000000
        L3  cache copy_miss  0.000000 | cache combine_miss 0.000000 | cache combine cache 0.000000 | cache combine remote 0.000000
        L3  label extract  0.000000
    [Init Profiler Level 1]
        L1  init     7.6669 | sampler init    21.9104 | trainer init 0.0000
    [Init Profiler Level 2]
        L2  load ds        10.6656 | init queue          10.0636
        L2  presample       6.3742 | build interal ds     2.4696
        L2  build cache     0.0000
    [Init Profiler Level 3]
        L3  load dataset: mmap     7.6621 | copy         3.0035
        L3  dist queue: alloc      0.0018 | pin         10.0618 | push     0.0000
        L3  presample: init        0.8227
        L3  presample: sample      1.4503 | copy         0.1154
        L3  presample: count       2.5455 | sort         0.5015
        L3  presample: reset       0.0008 | get rank     0.0518
        L3  internal: cuda ctx     2.1946 | cuda stream     0.2685
[Sample Worker 0/2] Started with PID 8162(Tesla V100-SXM2-32GB)
[Sample Worker 0] run sample for 4 epochs with 141 steps
[Sample Worker 0] Avg Sample Total Time 0.4649 | Sampler Total Time(Profiler) 0.4636
test_result:sample_time=0.3665
test_result:get_cache_miss_index_time=0.0000
test_result:enqueue_samples_time=0.0971
test_result:epoch_time:sample_total=0.4649
[CUDA] cuda0: usage: 26.61 GB
[SAM] cuda0 data alloc        : 0.00 Bytes
[SAM] cuda0 workspace         : 1.82 GB
[SAM] cuda0 workspace reserve : 931.93 MB
[SAM] cuda0 total             : 1.82 GB
    [Step(average) Profiler Level 1 E3 S281]
        L1  sample           0.000000 | send           0.000000
        L1  recv             0.001184 | copy           0.016434 | convert time 0.000425 | train  0.014184
        L1  feature nbytes  842.97 MB | label nbytes   31.25 KB
        L1  id nbytes      0.00 Bytes | graph nbytes 0.00 Bytes
        L1  miss nbytes    0.00 Bytes | remote nbytes 0.00 Bytes
        L1  num nodes               0 | num samples           0
    [Step(average) Profiler Level 2 E3 S281]
        L2  shuffle     0.000000 | core sample  0.000000 | id remap        0.000000
        L2  graph copy  0.000004 | id copy      0.000000 | cache feat copy 0.015247
        L2  last layer sample time 0.000000 | size 0.000000
    [Step(average) Profiler Level 3 E3 S281]
        L3  khop sample coo  0.000000 | khop sort coo      0.000000 | khop count edge     0.000000 | khop compact edge 0.000000
        L3  walk sample coo  0.000000 | walk topk total    0.000000 | walk topk step1     0.000000 | walk topk step2   0.000000
        L3  walk topk step3  0.000000 | walk topk step4    0.000000 | walk topk step5     0.000000
        L3  walk topk step6  0.000000 | walk topk step7    0.000000
        L3  remap unique     0.000000 | remap populate     0.000000 | remap mapnode       0.000000 | remap mapedge     0.000000
        L3  cache get_index  0.000000 | cache copy_index   0.000000 | cache extract_miss  0.000000
        L3  cache copy_miss  0.000000 | cache combine_miss 0.000000 | cache combine cache 0.014996 | cache combine remote 0.000000
        L3  label extract  0.000242
    [Init Profiler Level 1]
        L1  init     7.6669 | sampler init     0.0000 | trainer init 50.2101
    [Init Profiler Level 2]
        L2  load ds         7.6621 | init queue           9.9517
        L2  presample       0.0000 | build interal ds     2.1972
        L2  build cache    38.0605
    [Init Profiler Level 3]
        L3  load dataset: mmap     7.6621 | copy         0.0000
        L3  dist queue: alloc      0.0018 | pin          9.9499 | push     0.0000
        L3  presample: init        0.0000
        L3  presample: sample      0.0000 | copy         0.0000
        L3  presample: count       0.0000 | sort         0.0000
        L3  presample: reset       0.0000 | get rank     0.0000
        L3  internal: cuda ctx     2.1971 | cuda stream     0.0000
|===========================================================================|
|                  PyTorch CUDA memory summary, device ID 0                 |
|---------------------------------------------------------------------------|
|            CUDA OOMs: 0            |        cudaMalloc retries: 0         |
|===========================================================================|
|        Metric         | Cur Usage  | Peak Usage | Tot Alloc  | Tot Freed  |
|---------------------------------------------------------------------------|
| Allocated memory      |   28702 KB |  400019 KB |  217401 MB |  217373 MB |
|       from large pool |   19808 KB |  397190 KB |  215368 MB |  215349 MB |
|       from small pool |    8893 KB |   11211 KB |    2033 MB |    2024 MB |
|---------------------------------------------------------------------------|
| Active memory         |   28702 KB |  400019 KB |  217401 MB |  217373 MB |
|       from large pool |   19808 KB |  397190 KB |  215368 MB |  215349 MB |
|       from small pool |    8894 KB |   11211 KB |    2033 MB |    2024 MB |
|---------------------------------------------------------------------------|
| GPU reserved memory   |  485376 KB |  485376 KB |  485376 KB |       0 B  |
|       from large pool |  471040 KB |  471040 KB |  471040 KB |       0 B  |
|       from small pool |   14336 KB |   14336 KB |   14336 KB |       0 B  |
|---------------------------------------------------------------------------|
| Non-releasable memory |   63457 KB |  398341 KB |  188604 MB |  188542 MB |
|       from large pool |   62111 KB |  396114 KB |  186383 MB |  186322 MB |
|       from small pool |    1346 KB |    4675 KB |    2221 MB |    2220 MB |
|---------------------------------------------------------------------------|
| Allocations           |      42    |      57    |   22226    |   22184    |
|       from large pool |       7    |      18    |    9779    |    9772    |
|       from small pool |      35    |      41    |   12447    |   12412    |
|---------------------------------------------------------------------------|
| Active allocs         |      43    |      57    |   22226    |   22183    |
|       from large pool |       7    |      18    |    9779    |    9772    |
|       from small pool |      36    |      41    |   12447    |   12411    |
|---------------------------------------------------------------------------|
| GPU reserved segments |      14    |      14    |      14    |       0    |
|       from large pool |       7    |       7    |       7    |       0    |
|       from small pool |       7    |       7    |       7    |       0    |
|---------------------------------------------------------------------------|
| Non-releasable allocs |      19    |      27    |   10620    |   10601    |
|       from large pool |       6    |      11    |    5944    |    5938    |
|       from small pool |      13    |      19    |    4676    |    4663    |
|---------------------------------------------------------------------------|
| Oversize allocations  |       0    |       0    |       0    |       0    |
|---------------------------------------------------------------------------|
| Oversize GPU segments |       0    |       0    |       0    |       0    |
|===========================================================================|

test_result:epoch_time:copy_time=0.7590
test_result:convert_time=0.0201
test_result:train_time=0.6799
test_result:epoch_time:train_total=0.7000
test_result:cache_percentage=0.0600
test_result:cache_hit_rate=1.0000
test_result:run_time=9.1315
