config:eval_tsp="2022-12-09 04:04:57"
config:arch=arch5
config:num_train_worker=6
config:num_sample_worker=2
config:sample_type=khop2
config:root_path=/nvme/samgraph/
config:dataset=mag240m-homo
config:pipeline=False
config:cache_policy=clique_part
config:cache_percentage=0.04
config:num_epoch=4
config:batch_size=4000
config:num_hidden=256
config:max_sampling_jobs=1
config:max_copying_jobs=1
config:barriered_epoch=1
config:presample_epoch=2
config:omp_thread_num=6
config:unsupervised=False
config:amp=True
config:rolling=0
config:fanout=[25, 10]
config:lr=0.003
config:dropout=0.5
config:single_gpu=False
config:max_num_step=100000
config:validate_configs=False
config:report_acc=0
config:dataset_path=/nvme/samgraph/mag240m-homo
config:torch_thread_num=8
config:train_workers=['cuda:0', 'cuda:1', 'cuda:2', 'cuda:3', 'cuda:4', 'cuda:5']
config:sample_workers=['cuda:6', 'cuda:7']
config:num_fanout=2
config:num_layer=2
config:_run_mode=RunMode.FGNN
config:_log_level=warn
config:_profile_level=3
config:_empty_feat=25
config:_arch=5
config:_sample_type=5
config:_cache_policy=14
test_result:init:input_scale_factor=1.1
coll_cache:optimal_rep_storage=0
coll_cache:optimal_part_storage=0.12
coll_cache:optimal_cpu_storage=0.88
coll_cache:optimal_local_storage=0.04
coll_cache:optimal_remote_storage=0.08
coll_cache:optimal_local_rate=0.333333
coll_cache:optimal_remote_rate=0.666667
coll_cache:optimal_cpu_rate=0
z=1566.83,1566.83,1947.57,1566.83,1947.57,1566.83,
test_result:init:feat_nbytes=375030526464
test_result:init:cache_nbytes=15038722560
test_result:init:feat_nbytes=375030526464
test_result:init:cache_nbytes=15038722560
test_result:init:feat_nbytes=375030526464
test_result:init:cache_nbytes=15038722560
test_result:init:feat_nbytes=375030526464
test_result:init:cache_nbytes=15038722560
test_result:init:feat_nbytes=375030526464
test_result:init:cache_nbytes=15038722560
test_result:init:feat_nbytes=375030526464
test_result:init:cache_nbytes=15038722560
test_result:init:cache_nbytes=0
test_result:init:cache_nbytes=0
test_result:init:cache_nbytes=0
test_result:init:cache_nbytes=0
test_result:init:cache_nbytes=0
test_result:init:cache_nbytes=0
[Train  Worker 3/6] Started with PID 5981(Tesla V100-SXM2-32GB)
[Train  Worker 3] run train for 4 epochs with 282 steps
[Train  Worker 3] Avg Epoch Time 1.4623 | Train Total Time(Profiler) 0.6706 | Copy Time 0.7875
[Train  Worker 2/6] Started with PID 5978(Tesla V100-SXM2-32GB)
[Train  Worker 2] run train for 4 epochs with 282 steps
[Train  Worker 2] Avg Epoch Time 1.4623 | Train Total Time(Profiler) 0.6690 | Copy Time 0.7891
[Train  Worker 0/6] Started with PID 5973(Tesla V100-SXM2-32GB)
[Train  Worker 0] run train for 4 epochs with 282 steps
Epoch 00000 | Epoch Time 2.8017 | Total Train Time(Profiler) 2.0122 | Copy Time 0.7850
Epoch 00001 | Epoch Time 1.4621 | Total Train Time(Profiler) 0.6977 | Copy Time 0.7600
Epoch 00002 | Epoch Time 1.4606 | Total Train Time(Profiler) 0.6969 | Copy Time 0.7595
Epoch 00003 | Epoch Time 1.4644 | Total Train Time(Profiler) 0.7006 | Copy Time 0.7595
[Train  Worker 0] Avg Epoch Time 1.4624 | Train Total Time(Profiler) 0.6984 | Copy Time 0.7597
[Train  Worker 4/6] Started with PID 5984(Tesla V100-SXM2-32GB)
[Train  Worker 4] run train for 4 epochs with 282 steps
[Train  Worker 4] Avg Epoch Time 1.4623 | Train Total Time(Profiler) 0.6725 | Copy Time 0.7855
[Train  Worker 1/6] Started with PID 5975(Tesla V100-SXM2-32GB)
[Train  Worker 1] run train for 4 epochs with 282 steps
[Train  Worker 1] Avg Epoch Time 1.4623 | Train Total Time(Profiler) 0.6643 | Copy Time 0.7937
[Train  Worker 5/6] Started with PID 5988(Tesla V100-SXM2-32GB)
[Train  Worker 5] run train for 4 epochs with 282 steps
[Train  Worker 5] Avg Epoch Time 1.4623 | Train Total Time(Profiler) 0.7067 | Copy Time 0.7516
[Sample Worker 1/2] Started with PID 5972(Tesla V100-SXM2-32GB)
[Sample Worker 1] run sample for 4 epochs with 141 steps
[Sample Worker 1] Avg Sample Total Time 0.4698 | Sampler Total Time(Profiler) 0.4685
    [Step(average) Profiler Level 1 E3 S140]
        L1  sample           0.002597 | send           0.000688
        L1  recv             0.000000 | copy           0.000000 | convert time 0.000000 | train  0.000000
        L1  feature nbytes 0.00 Bytes | label nbytes 0.00 Bytes
        L1  id nbytes      0.00 Bytes | graph nbytes 0.00 Bytes
        L1  miss nbytes    0.00 Bytes | remote nbytes 0.00 Bytes
        L1  num nodes          575348 | num samples      744016
    [Step(average) Profiler Level 2 E3 S140]
        L2  shuffle     0.000265 | core sample  0.000647 | id remap        0.001575
        L2  graph copy  0.000000 | id copy      0.000000 | cache feat copy 0.000000
        L2  last layer sample time 0.000278 | size 33439.765957
    [Step(average) Profiler Level 3 E3 S140]
        L3  khop sample coo  0.000405 | khop sort coo      0.000000 | khop count edge     0.000036 | khop compact edge 0.000165
        L3  walk sample coo  0.000000 | walk topk total    0.000000 | walk topk step1     0.000000 | walk topk step2   0.000000
        L3  walk topk step3  0.000000 | walk topk step4    0.000000 | walk topk step5     0.000000
        L3  walk topk step6  0.000000 | walk topk step7    0.000000
        L3  remap unique     0.000000 | remap populate     0.001310 | remap mapnode       0.000000 | remap mapedge     0.000265
        L3  cache get_index  0.000000 | cache copy_index   0.000000 | cache extract_miss  0.000000
        L3  cache copy_miss  0.000000 | cache combine_miss 0.000000 | cache combine cache 0.000000 | cache combine remote 0.000000
        L3  label extract  0.000000
    [Init Profiler Level 1]
        L1  init     7.6752 | sampler init    21.0984 | trainer init 0.0000
    [Init Profiler Level 2]
        L2  load ds        10.3219 | init queue           9.7709
        L2  presample       6.2935 | build interal ds     2.3834
        L2  build cache     0.0000
    [Init Profiler Level 3]
        L3  load dataset: mmap     7.6705 | copy         2.6514
        L3  dist queue: alloc      0.0018 | pin          9.7690 | push     0.0000
        L3  presample: init        0.8092
        L3  presample: sample      1.4422 | copy         0.1135
        L3  presample: count       2.5518 | sort         0.4374
        L3  presample: reset       0.0007 | get rank     0.0513
        L3  internal: cuda ctx     2.0971 | cuda stream     0.2805
[Sample Worker 0/2] Started with PID 5971(Tesla V100-SXM2-32GB)
[Sample Worker 0] run sample for 4 epochs with 141 steps
[Sample Worker 0] Avg Sample Total Time 0.4655 | Sampler Total Time(Profiler) 0.4633
test_result:sample_time=0.3662
test_result:get_cache_miss_index_time=0.0000
test_result:enqueue_samples_time=0.0971
test_result:epoch_time:sample_total=0.4655
[CUDA] cuda0: usage: 19.89 GB
[SAM] cuda0 data alloc        : 0.00 Bytes
[SAM] cuda0 workspace         : 1.81 GB
[SAM] cuda0 workspace reserve : 928.01 MB
[SAM] cuda0 total             : 1.81 GB
    [Step(average) Profiler Level 1 E3 S281]
        L1  sample           0.000000 | send           0.000000
        L1  recv             0.001283 | copy           0.016549 | convert time 0.000400 | train  0.014073
        L1  feature nbytes  843.03 MB | label nbytes   31.25 KB
        L1  id nbytes      0.00 Bytes | graph nbytes 0.00 Bytes
        L1  miss nbytes    0.00 Bytes | remote nbytes 0.00 Bytes
        L1  num nodes               0 | num samples           0
    [Step(average) Profiler Level 2 E3 S281]
        L2  shuffle     0.000000 | core sample  0.000000 | id remap        0.000000
        L2  graph copy  0.000004 | id copy      0.000000 | cache feat copy 0.015263
        L2  last layer sample time 0.000000 | size 0.000000
    [Step(average) Profiler Level 3 E3 S281]
        L3  khop sample coo  0.000000 | khop sort coo      0.000000 | khop count edge     0.000000 | khop compact edge 0.000000
        L3  walk sample coo  0.000000 | walk topk total    0.000000 | walk topk step1     0.000000 | walk topk step2   0.000000
        L3  walk topk step3  0.000000 | walk topk step4    0.000000 | walk topk step5     0.000000
        L3  walk topk step6  0.000000 | walk topk step7    0.000000
        L3  remap unique     0.000000 | remap populate     0.000000 | remap mapnode       0.000000 | remap mapedge     0.000000
        L3  cache get_index  0.000000 | cache copy_index   0.000000 | cache extract_miss  0.000000
        L3  cache copy_miss  0.000000 | cache combine_miss 0.000000 | cache combine cache 0.014993 | cache combine remote 0.000000
        L3  label extract  0.000262
    [Init Profiler Level 1]
        L1  init     7.6752 | sampler init     0.0000 | trainer init 48.1706
    [Init Profiler Level 2]
        L2  load ds         7.6705 | init queue           9.6676
        L2  presample       0.0000 | build interal ds     2.0755
        L2  build cache    36.4197
    [Init Profiler Level 3]
        L3  load dataset: mmap     7.6705 | copy         0.0000
        L3  dist queue: alloc      0.0018 | pin          9.6658 | push     0.0000
        L3  presample: init        0.0000
        L3  presample: sample      0.0000 | copy         0.0000
        L3  presample: count       0.0000 | sort         0.0000
        L3  presample: reset       0.0000 | get rank     0.0000
        L3  internal: cuda ctx     2.0754 | cuda stream     0.0000
|===========================================================================|
|                  PyTorch CUDA memory summary, device ID 0                 |
|---------------------------------------------------------------------------|
|            CUDA OOMs: 0            |        cudaMalloc retries: 0         |
|===========================================================================|
|        Metric         | Cur Usage  | Peak Usage | Tot Alloc  | Tot Freed  |
|---------------------------------------------------------------------------|
| Allocated memory      |   26707 KB |  397785 KB |  217322 MB |  217296 MB |
|       from large pool |   17815 KB |  394958 KB |  215289 MB |  215272 MB |
|       from small pool |    8892 KB |   11217 KB |    2033 MB |    2024 MB |
|---------------------------------------------------------------------------|
| Active memory         |   26708 KB |  397785 KB |  217322 MB |  217296 MB |
|       from large pool |   17815 KB |  394958 KB |  215289 MB |  215272 MB |
|       from small pool |    8893 KB |   11217 KB |    2033 MB |    2024 MB |
|---------------------------------------------------------------------------|
| GPU reserved memory   |  772096 KB |  772096 KB |  772096 KB |       0 B  |
|       from large pool |  757760 KB |  757760 KB |  757760 KB |       0 B  |
|       from small pool |   14336 KB |   14336 KB |   14336 KB |       0 B  |
|---------------------------------------------------------------------------|
| Non-releasable memory |  317356 KB |  652629 KB |  192444 MB |  192134 MB |
|       from large pool |  316009 KB |  650399 KB |  190223 MB |  189914 MB |
|       from small pool |    1347 KB |    4673 KB |    2221 MB |    2220 MB |
|---------------------------------------------------------------------------|
| Allocations           |      42    |      57    |   22226    |   22184    |
|       from large pool |       7    |      18    |    9779    |    9772    |
|       from small pool |      35    |      41    |   12447    |   12412    |
|---------------------------------------------------------------------------|
| Active allocs         |      43    |      57    |   22226    |   22183    |
|       from large pool |       7    |      18    |    9779    |    9772    |
|       from small pool |      36    |      41    |   12447    |   12411    |
|---------------------------------------------------------------------------|
| GPU reserved segments |      15    |      15    |      15    |       0    |
|       from large pool |       8    |       8    |       8    |       0    |
|       from small pool |       7    |       7    |       7    |       0    |
|---------------------------------------------------------------------------|
| Non-releasable allocs |      14    |      26    |   10983    |   10969    |
|       from large pool |       5    |      13    |    6235    |    6230    |
|       from small pool |       9    |      18    |    4748    |    4739    |
|---------------------------------------------------------------------------|
| Oversize allocations  |       0    |       0    |       0    |       0    |
|---------------------------------------------------------------------------|
| Oversize GPU segments |       0    |       0    |       0    |       0    |
|===========================================================================|

test_result:epoch_time:copy_time=0.7597
test_result:convert_time=0.0187
test_result:train_time=0.6797
test_result:epoch_time:train_total=0.6984
test_result:cache_percentage=0.0400
test_result:cache_hit_rate=1.0000
test_result:run_time=9.0855
