[2022-12-07 07:56:57.557575: W /samgraph/samgraph/common/cpu/mmap_cpu_device.cc:92] mmap allocating space 12.03 GB
[2022-12-07 07:56:57.557688: W /samgraph/samgraph/common/cpu/mmap_cpu_device.cc:97] mmap allocating space 12.03 GB done
[2022-12-07 07:57:04.165832: W /samgraph/samgraph/common/cpu/mmap_cpu_device.cc:92] mmap allocating space 52.96 GB
[2022-12-07 07:57:04.165941: W /samgraph/samgraph/common/cpu/mmap_cpu_device.cc:97] mmap allocating space 52.96 GB done
[2022-12-07 07:57:04.631766: W /samgraph/samgraph/common/cpu/mmap_cpu_device.cc:92] mmap allocating space 10.67 GB
[2022-12-07 07:57:04.631842: W /samgraph/samgraph/common/cpu/mmap_cpu_device.cc:97] mmap allocating space 10.67 GB done
/usr/lib/python3/dist-packages/requests/__init__.py:89: RequestsDependencyWarning: urllib3 (1.26.12) or chardet (3.0.4) doesn't match a supported version!
  warnings.warn("urllib3 ({}) or chardet ({}) doesn't match a supported "
[2022-12-07 07:57:05.246501: W /samgraph/samgraph/common/dist/dist_engine.cc:662] Trainer[1] initializing...
[2022-12-07 07:57:05.335072: W /samgraph/samgraph/common/dist/dist_engine.cc:662] Trainer[3] initializing...
[2022-12-07 07:57:05.344231: W /samgraph/samgraph/common/dist/dist_engine.cc:662] Trainer[0] initializing...
[2022-12-07 07:57:05.368523: W /samgraph/samgraph/common/dist/dist_engine.cc:662] Trainer[2] initializing...
[2022-12-07 07:57:05.482409: W /samgraph/samgraph/common/dist/dist_engine.cc:662] Trainer[4] initializing...
[2022-12-07 07:57:05.501067: W /samgraph/samgraph/common/dist/dist_engine.cc:662] Trainer[5] initializing...
[2022-12-07 07:57:07.410129: W /samgraph/samgraph/common/dist/dist_engine.cc:666] Trainer[1] pin memory queue...
[2022-12-07 07:57:07.453778: W /samgraph/samgraph/common/dist/dist_engine.cc:666] Trainer[2] pin memory queue...
[2022-12-07 07:57:07.464034: W /samgraph/samgraph/common/dist/dist_engine.cc:666] Trainer[0] pin memory queue...
[2022-12-07 07:57:07.467650: W /samgraph/samgraph/common/dist/dist_engine.cc:666] Trainer[3] pin memory queue...
[2022-12-07 07:57:07.467924: W /samgraph/samgraph/common/dist/dist_engine.cc:666] Trainer[4] pin memory queue...
[2022-12-07 07:57:07.471967: W /samgraph/samgraph/common/dist/dist_engine.cc:666] Trainer[5] pin memory queue...
[2022-12-07 07:57:13. 44852: E /samgraph/samgraph/common/dist/dist_engine.cc:85] Running on V100
[2022-12-07 07:57:13. 44948: E /samgraph/samgraph/common/dist/dist_engine.cc:85] Running on V100
[2022-12-07 07:57:13. 45136: E /samgraph/samgraph/common/dist/dist_engine.cc:85] Running on V100
[2022-12-07 07:57:13. 45182: E /samgraph/samgraph/common/dist/dist_engine.cc:85] Running on V100
[2022-12-07 07:57:13. 45243: W /samgraph/samgraph/common/dist/dist_engine.cc:701] Trainer[1] register host memory...
[2022-12-07 07:57:13. 45364: W /samgraph/samgraph/common/dist/dist_engine.cc:701] Trainer[5] register host memory...
[[2022-12-07 07:57:132022-12-07 07:57:13.. 45408 45429: : EW  /samgraph/samgraph/common/dist/dist_engine.cc/samgraph/samgraph/common/dist/dist_engine.cc[::2022-12-07 07:57:1385701.] ]  45486Running on V100Trainer[0] register host memory...: 

W /samgraph/samgraph/common/dist/dist_engine.cc:701] Trainer[4] register host memory...
[2022-12-07 07:57:13. 45746: W /samgraph/samgraph/common/dist/dist_engine.cc:701] Trainer[3] register host memory...
[2022-12-07 07:57:13. 46170: E /samgraph/samgraph/common/dist/dist_engine.cc:85] Running on V100
[2022-12-07 07:57:13. 46368: W /samgraph/samgraph/common/dist/dist_engine.cc:701] Trainer[2] register host memory...
[2022-12-07 07:57:13.309604: E /samgraph/samgraph/common/dist/dist_engine.cc:85] Running on V100
[2022-12-07 07:57:13.310372: E /samgraph/samgraph/common/dist/dist_engine.cc:85] Running on V100
[2022-12-07 07:57:13.315137: W /samgraph/samgraph/common/cuda/cuda_device.cc:49] GPU[6] alloc cuda memory 423.66 MB
[2022-12-07 07:57:13.424499: W /samgraph/samgraph/common/cuda/cuda_device.cc:49] GPU[6] alloc cuda memory 12.03 GB
[2022-12-07 07:57:15.786897: W /samgraph/samgraph/common/cuda/cuda_device.cc:49] GPU[6] alloc cuda memory 512.00 MB
[2022-12-07 07:57:15.787215: W /samgraph/samgraph/common/cuda/cuda_device.cc:49] GPU[6] alloc cuda memory 32.23 MB
[2022-12-07 07:57:15.788226: W /samgraph/samgraph/common/cuda/cuda_device.cc:49] GPU[6] alloc cuda memory 24.17 MB
[2022-12-07 07:57:15.793289: E /samgraph/samgraph/common/dist/pre_sampler.cc:41] Dist Presampler making shuffler...
[2022-12-07 07:57:15.797763: E /samgraph/samgraph/common/dist/pre_sampler.cc:44] Dist Presampler making shuffler...Done
[2022-12-07 07:57:15.797813: W /samgraph/samgraph/common/cpu/cpu_device.cc:39] WORKER[0] alloc host memory 847.32 MB
[2022-12-07 07:57:16.169612: E /samgraph/samgraph/common/dist/pre_sampler.cc:85] Dist Presampler doing presample epoch 0
[2022-12-07 07:57:16.218335: W /samgraph/samgraph/common/cuda/cuda_device.cc:49] GPU[6] alloc cuda memory 17.44 MB
[2022-12-07 07:57:16.218649: W /samgraph/samgraph/common/cuda/cuda_device.cc:49] GPU[6] alloc cuda memory 17.44 MB
[2022-12-07 07:57:16.218938: W /samgraph/samgraph/common/cuda/cuda_device.cc:49] GPU[6] alloc cuda memory 17.44 MB
[2022-12-07 07:57:16.219209: W /samgraph/samgraph/common/cuda/cuda_device.cc:49] GPU[6] alloc cuda memory 17.44 MB
[2022-12-07 07:57:16.229770: W /samgraph/samgraph/common/cuda/cuda_device.cc:49] GPU[6] alloc cuda memory 17.30 MB
[2022-12-07 07:57:16.231339: W /samgraph/samgraph/common/cpu/cpu_device.cc:39] WORKER[0] alloc host memory 11.52 MB
[2022-12-07 07:57:21.539028: E /samgraph/samgraph/common/dist/pre_sampler.cc:129] presample spend 2.39226 on sample, 0.125083 on copy, 2.84963 on count
[2022-12-07 07:57:21.539143: E /samgraph/samgraph/common/dist/pre_sampler.cc:85] Dist Presampler doing presample epoch 1
[2022-12-07 07:57:26.824766: E /samgraph/samgraph/common/dist/pre_sampler.cc:129] presample spend 4.77504 on sample, 0.244728 on copy, 5.63068 on count
[2022-12-07 07:57:26.825323: E /samgraph/samgraph/common/dist/pre_sampler.cc:136] max_num_inputs = 2477321, min_num_inputs = 2379964
[2022-12-07 07:57:27. 62156: E /samgraph/samgraph/common/dist/pre_sampler.cc:148] presample spend 0.23674 on sort freq.
[2022-12-07 07:57:27.458447: E /samgraph/samgraph/common/dist/dist_engine.cc:524] pre sample done, delete it
[[[[2022-12-07 07:57:272022-12-07 07:57:272022-12-07 07:57:272022-12-07 07:57:27....485997485990[[486000486007: : 2022-12-07 07:57:272022-12-07 07:57:27: : WW..WW  486014486017  /samgraph/samgraph/common/dist/dist_engine.cc/samgraph/samgraph/common/dist/dist_engine.cc: : /samgraph/samgraph/common/dist/dist_engine.cc/samgraph/samgraph/common/dist/dist_engine.cc::WW::711711  711711] ] /samgraph/samgraph/common/dist/dist_engine.cc/samgraph/samgraph/common/dist/dist_engine.cc] ] Trainer[0] building cache...Trainer[1] building cache...::Trainer[4] building cache...Trainer[2] building cache...

711711

] ] Trainer[5] building cache...Trainer[3] building cache...

[[2022-12-07 07:57:272022-12-07 07:57:27.[[[.[4868342022-12-07 07:57:272022-12-07 07:57:272022-12-07 07:57:274868332022-12-07 07:57:27: ...: .E486841486841486841E486841 : : :  : /samgraph/3rdparty/collcachelib/coll_cache_lib/run_config.ccEEE/samgraph/3rdparty/collcachelib/coll_cache_lib/run_config.ccE:   : 134/samgraph/3rdparty/collcachelib/coll_cache_lib/run_config.cc/samgraph/3rdparty/collcachelib/coll_cache_lib/run_config.cc/samgraph/3rdparty/collcachelib/coll_cache_lib/run_config.cc134/samgraph/3rdparty/collcachelib/coll_cache_lib/run_config.cc] :::] :using concurrent impl MPS134134134using concurrent impl MPS134
] ] ] 
] using concurrent impl MPSusing concurrent impl MPSusing concurrent impl MPSusing concurrent impl MPS



[2022-12-07 07:57:27.490104: E /samgraph/3rdparty/collcachelib/coll_cache_lib/coll_cache/asymm_link_desc.cc:196] build asymm link desc with 6X Tesla V100-SXM2-32GB out of 8
[[2022-12-07 07:57:272022-12-07 07:57:27..490145490153: : EE  /samgraph/3rdparty/collcachelib/coll_cache_lib/coll_cache/asymm_link_desc.cc/samgraph/3rdparty/collcachelib/coll_cache_lib/coll_cache/asymm_link_desc.cc::196197] ] build asymm link desc with 6X Tesla V100-SXM2-32GB out of 8remote time is 8.68421

[[[2022-12-07 07:57:272022-12-07 07:57:272022-12-07 07:57:27...490199490210[490213: : 2022-12-07 07:57:27: EE.[E  4902422022-12-07 07:57:27 /samgraph/3rdparty/collcachelib/coll_cache_lib/coll_cache/asymm_link_desc.cc/samgraph/3rdparty/collcachelib/coll_cache_lib/coll_cache/asymm_link_desc.cc: .490291/samgraph/3rdparty/collcachelib/coll_cache_lib/coll_cache/asymm_link_desc.cc:[:E: :1962022-12-07 07:57:27198 E197] .] /samgraph/3rdparty/collcachelib/coll_cache_lib/coll_cache/asymm_link_desc.cc ] build asymm link desc with 6X Tesla V100-SXM2-32GB out of 8490329cpu time is 110:/samgraph/3rdparty/collcachelib/coll_cache_lib/coll_cache/asymm_link_desc.ccremote time is 8.68421
: 
196:
E] 196[ build asymm link desc with 6X Tesla V100-SXM2-32GB out of 8] [2022-12-07 07:57:27/samgraph/3rdparty/collcachelib/coll_cache_lib/coll_cache/asymm_link_desc.cc
build asymm link desc with 6X Tesla V100-SXM2-32GB out of 82022-12-07 07:57:27.:
.490454196[[490464: ] 2022-12-07 07:57:272022-12-07 07:57:27: Ebuild asymm link desc with 6X Tesla V100-SXM2-32GB out of 8..E 
490498490512 /samgraph/3rdparty/collcachelib/coll_cache_lib/coll_cache/asymm_link_desc.cc: : /samgraph/3rdparty/collcachelib/coll_cache_lib/coll_cache/asymm_link_desc.cc[:EE:2022-12-07 07:57:27197  198.] /samgraph/3rdparty/collcachelib/coll_cache_lib/coll_cache/asymm_link_desc.cc/samgraph/3rdparty/collcachelib/coll_cache_lib/coll_cache/asymm_link_desc.cc] 490565remote time is 8.68421::cpu time is 110: 
197197
E] ] [ remote time is 8.68421remote time is 8.684212022-12-07 07:57:27/samgraph/3rdparty/collcachelib/coll_cache_lib/coll_cache/asymm_link_desc.cc

.:490643197[: [] 2022-12-07 07:57:27E2022-12-07 07:57:27remote time is 8.68421. .
490672/samgraph/3rdparty/collcachelib/coll_cache_lib/coll_cache/asymm_link_desc.cc490673: :: [E198E2022-12-07 07:57:27 ]  ./samgraph/3rdparty/collcachelib/coll_cache_lib/coll_cache/asymm_link_desc.cccpu time is 110/samgraph/3rdparty/collcachelib/coll_cache_lib/coll_cache/asymm_link_desc.cc490704:
:: 198198E] ]  cpu time is 110cpu time is 110/samgraph/3rdparty/collcachelib/coll_cache_lib/coll_cache/asymm_link_desc.cc

:198] cpu time is 110
[2022-12-07 07:57:51.852639: E /samgraph/3rdparty/collcachelib/coll_cache_lib/facade.cc:115] solver created. now build & solve
[2022-12-07 07:57:51.899231: W /samgraph/3rdparty/collcachelib/coll_cache_lib/cpu/cpu_device.cc:39] WORKER[0] alloc host memory 423.66 MB
[2022-12-07 07:57:51.899306: W /samgraph/3rdparty/collcachelib/coll_cache_lib/cpu/cpu_device.cc:39] WORKER[0] alloc host memory 423.66 MB
[2022-12-07 07:57:51.900099: W /samgraph/3rdparty/collcachelib/coll_cache_lib/coll_cache/optimal_solver_class.cc:68] mapping nid to rank...
[2022-12-07 07:57:52.360130: W /samgraph/3rdparty/collcachelib/coll_cache_lib/coll_cache/optimal_solver_class.cc:85] counting slots...
[2022-12-07 07:57:53.957305: W /samgraph/3rdparty/collcachelib/coll_cache_lib/coll_cache/optimal_solver_class.cc:99] Final num slot is 40
[2022-12-07 07:57:53.957396: W /samgraph/3rdparty/collcachelib/coll_cache_lib/coll_cache/optimal_solver_class.cc:103] counting blocks...
[2022-12-07 07:58:05.604035: W /samgraph/3rdparty/collcachelib/coll_cache_lib/coll_cache/optimal_solver_class.cc:112] Final num block is 1022
[2022-12-07 07:58:05.604124: W /samgraph/3rdparty/collcachelib/coll_cache_lib/coll_cache/optimal_solver_class.cc:117] counting freq and density...
[2022-12-07 07:58:07.900152: W /samgraph/3rdparty/collcachelib/coll_cache_lib/coll_cache/optimal_solver_class.cc:148] averaging freq and density...
[2022-12-07 07:58:07.900243: W /samgraph/3rdparty/collcachelib/coll_cache_lib/coll_cache/optimal_solver_class.cc:149] 1022
[2022-12-07 07:58:07.902918: E /samgraph/3rdparty/collcachelib/coll_cache_lib/facade.cc:120] solver built. now solve
[2022-12-07 07:58:07.902977: W /samgraph/3rdparty/collcachelib/coll_cache_lib/coll_cache/optimal_solver_class.cc:348] constructing optimal solver, device=6, stream=1
1022 blocks, 6 devices
[2022-12-07 07:58:08.157928: W /samgraph/3rdparty/collcachelib/coll_cache_lib/coll_cache/optimal_solver_class.cc:503] Add Var...
[2022-12-07 07:58:08.175947: W /samgraph/3rdparty/collcachelib/coll_cache_lib/coll_cache/optimal_solver_class.cc:521] Capacity...
[2022-12-07 07:58:08.177330: W /samgraph/3rdparty/collcachelib/coll_cache_lib/coll_cache/optimal_solver_class.cc:524] Connect CPU...
[2022-12-07 07:58:08.192468: W /samgraph/3rdparty/collcachelib/coll_cache_lib/coll_cache/optimal_solver_class.cc:526] Connect Access To Storage...
[2022-12-07 07:58:08.410142: W /samgraph/3rdparty/collcachelib/coll_cache_lib/coll_cache/optimal_solver_class.cc:530] Time...
[2022-12-07 07:58:54. 79901: W /samgraph/3rdparty/collcachelib/coll_cache_lib/coll_cache/optimal_solver_class.cc:545] Coll Cache init block placement array
[2022-12-07 07:58:54. 86365: W /samgraph/3rdparty/collcachelib/coll_cache_lib/coll_cache/optimal_solver_class.cc:621] Coll Cache init block placement array done
[2022-12-07 07:58:54. 87497: W /samgraph/3rdparty/collcachelib/coll_cache_lib/coll_cache/optimal_solver_class.cc:623] Coll Cache model reset done
[2022-12-07 07:58:54.107389: E /samgraph/3rdparty/collcachelib/coll_cache_lib/facade.cc:124] solver solved
[2022-12-07 07:58:54.107455: E /samgraph/3rdparty/collcachelib/coll_cache_lib/facade.cc:187] 0 solved master
[2022-12-07 07:58:54.107509: E /samgraph/3rdparty/collcachelib/coll_cache_lib/facade.cc:194] 0 solved
[2022-12-07 07:58:54.107540: E /samgraph/3rdparty/collcachelib/coll_cache_lib/facade.cc:197] worker 0 thread 0 initing device 0
[2022-12-07 07:58:54.109070: E /samgraph/3rdparty/collcachelib/coll_cache_lib/cache_context.cu:1762] Building Coll Cache with ... num gpu device is 6
[2022-12-07 07:58:54.128819: E /samgraph/3rdparty/collcachelib/coll_cache_lib/facade.cc:194] 5 solved
[2022-12-07 07:58:54.128895: E /samgraph/3rdparty/collcachelib/coll_cache_lib/facade.cc:197] worker 5 thread 5 initing device 5
[2022-12-07 07:58:54.128915: E /samgraph/3rdparty/collcachelib/coll_cache_lib/facade.cc:194] 3 solved
[2022-12-07 07:58:54.128973: E /samgraph/3rdparty/collcachelib/coll_cache_lib/facade.cc:197] worker 3 thread 3 initing device 3
[2022-12-07 07:58:54.129540: E /samgraph/3rdparty/collcachelib/coll_cache_lib/facade.cc:194] 2 solved
[2022-12-07 07:58:54.129614: E /samgraph/3rdparty/collcachelib/coll_cache_lib/facade.cc:197] worker 2 thread 2 initing device 2
[[2022-12-07 07:58:542022-12-07 07:58:54..129705129706: : EE  /samgraph/3rdparty/collcachelib/coll_cache_lib/facade.cc/samgraph/3rdparty/collcachelib/coll_cache_lib/facade.cc::194194] ] 1 solved4 solved

[[2022-12-07 07:58:542022-12-07 07:58:54..129793129795: : EE  /samgraph/3rdparty/collcachelib/coll_cache_lib/facade.cc/samgraph/3rdparty/collcachelib/coll_cache_lib/facade.cc::197197] ] worker 1 thread 1 initing device 1worker 4 thread 4 initing device 4

[2022-12-07 07:58:54.130592: E /samgraph/3rdparty/collcachelib/coll_cache_lib/cache_context.cu:1762] Building Coll Cache with ... num gpu device is 6
[2022-12-07 07:58:54.130636: E /samgraph/3rdparty/collcachelib/coll_cache_lib/cache_context.cu:1762] Building Coll Cache with ... num gpu device is 6
[2022-12-07 07:58:54.132994: E /samgraph/3rdparty/collcachelib/coll_cache_lib/cache_context.cu:1762] Building Coll Cache with ... num gpu device is 6
[2022-12-07 07:58:54.133128: E /samgraph/3rdparty/collcachelib/coll_cache_lib/cache_context.cu:1762] Building Coll Cache with ... num gpu device is 6
[2022-12-07 07:58:54.133181: E /samgraph/3rdparty/collcachelib/coll_cache_lib/cache_context.cu:1762] Building Coll Cache with ... num gpu device is 6
[2022-12-07 07:58:54.207092: W /samgraph/3rdparty/collcachelib/coll_cache_lib/cpu/cpu_device.cc:39] WORKER[0] alloc host memory 84.61 MB
[[[[[[2022-12-07 07:58:562022-12-07 07:58:562022-12-07 07:58:562022-12-07 07:58:562022-12-07 07:58:562022-12-07 07:58:56......205528205528205529205528205529205543: : : : : : EEEEEE      /samgraph/3rdparty/collcachelib/coll_cache_lib/cache_context.cu/samgraph/3rdparty/collcachelib/coll_cache_lib/cache_context.cu/samgraph/3rdparty/collcachelib/coll_cache_lib/cache_context.cu/samgraph/3rdparty/collcachelib/coll_cache_lib/cache_context.cu/samgraph/3rdparty/collcachelib/coll_cache_lib/cache_context.cu:/samgraph/3rdparty/collcachelib/coll_cache_lib/cache_context.cu::::1871:1871187118711871] 1871] ] ] ] Device 4 init p2p of link 3] Device 1 init p2p of link 0Device 2 init p2p of link 1Device 0 init p2p of link 1Device 3 init p2p of link 4
Device 5 init p2p of link 0




[2022-12-07 07:58:56.224886: E /samgraph/3rdparty/collcachelib/coll_cache_lib/cache_context.cu:1871] Device 2 init p2p of link 0
[2022-12-07 07:58:56.225025: E /samgraph/3rdparty/collcachelib/coll_cache_lib/cache_context.cu:1871] Device 5 init p2p of link 3
[2022-12-07 07:58:56.225088: E /samgraph/3rdparty/collcachelib/coll_cache_lib/cache_context.cu:1871] Device 1 init p2p of link 2
[2022-12-07 07:58:56.226028: E /samgraph/3rdparty/collcachelib/coll_cache_lib/cache_context.cu:1871] Device 3 init p2p of link 5
[2022-12-07 07:58:56.226858: E /samgraph/3rdparty/collcachelib/coll_cache_lib/cache_context.cu:1871] Device 0 init p2p of link 5
[2022-12-07 07:58:56.227055: E /samgraph/3rdparty/collcachelib/coll_cache_lib/cache_context.cu:1871] Device 4 init p2p of link 2
[2022-12-07 07:58:56.242833: E /samgraph/3rdparty/collcachelib/coll_cache_lib/cache_context.cu:1871] Device 1 init p2p of link 3
[2022-12-07 07:58:56.244344: E /samgraph/3rdparty/collcachelib/coll_cache_lib/cache_context.cu:1871] Device 0 init p2p of link 2
[2022-12-07 07:58:56.244860: E /samgraph/3rdparty/collcachelib/coll_cache_lib/cache_context.cu:1871] Device 5 init p2p of link 4
[2022-12-07 07:58:56.245925: E /samgraph/3rdparty/collcachelib/coll_cache_lib/cache_context.cu:1871] Device 3 init p2p of link 1
[2022-12-07 07:58:56.246019: E /samgraph/3rdparty/collcachelib/coll_cache_lib/cache_context.cu:1871] Device 2 init p2p of link 4
[2022-12-07 07:58:56.246242: E /samgraph/3rdparty/collcachelib/coll_cache_lib/cache_context.cu:1871] Device 4 init p2p of link 5
[2022-12-07 07:58:56.259317: E /samgraph/3rdparty/collcachelib/coll_cache_lib/cache_context.cu:1900] Asymm Coll cache (policy: coll_cache_asymm_link) | local 22153963 / 111059956 nodes ( 19.95 %~20.00 %) | remote 35025743 / 111059956 nodes ( 31.54 %) | cpu 53880250 / 111059956 nodes ( 48.51 %) | 10.57 GB | 2.12609 secs 
[2022-12-07 07:58:56.287464: E /samgraph/3rdparty/collcachelib/coll_cache_lib/cache_context.cu:1900] Asymm Coll cache (policy: coll_cache_asymm_link) | local 22189836 / 111059956 nodes ( 19.98 %~20.00 %) | remote 34989870 / 111059956 nodes ( 31.51 %) | cpu 53880250 / 111059956 nodes ( 48.51 %) | 10.59 GB | 2.15678 secs 
[2022-12-07 07:58:56.288036: E /samgraph/3rdparty/collcachelib/coll_cache_lib/cache_context.cu:1900] Asymm Coll cache (policy: coll_cache_asymm_link) | local 22179162 / 111059956 nodes ( 19.97 %~20.00 %) | remote 35000544 / 111059956 nodes ( 31.51 %) | cpu 53880250 / 111059956 nodes ( 48.51 %) | 10.58 GB | 2.17892 secs 
[2022-12-07 07:58:56.288576: E /samgraph/3rdparty/collcachelib/coll_cache_lib/cache_context.cu:1900] Asymm Coll cache (policy: coll_cache_asymm_link) | local 22188749 / 111059956 nodes ( 19.98 %~20.00 %) | remote 34990957 / 111059956 nodes ( 31.51 %) | cpu 53880250 / 111059956 nodes ( 48.51 %) | 10.59 GB | 2.15553 secs 
[2022-12-07 07:58:56.289125: E /samgraph/3rdparty/collcachelib/coll_cache_lib/cache_context.cu:1900] Asymm Coll cache (policy: coll_cache_asymm_link) | local 22125641 / 111059956 nodes ( 19.92 %~20.00 %) | remote 35054065 / 111059956 nodes ( 31.56 %) | cpu 53880250 / 111059956 nodes ( 48.51 %) | 10.56 GB | 2.15848 secs 
[2022-12-07 07:58:56.289674: E /samgraph/3rdparty/collcachelib/coll_cache_lib/cache_context.cu:1900] Asymm Coll cache (policy: coll_cache_asymm_link) | local 22109629 / 111059956 nodes ( 19.91 %~20.00 %) | remote 35070077 / 111059956 nodes ( 31.58 %) | cpu 53880250 / 111059956 nodes ( 48.51 %) | 10.55 GB | 2.1565 secs 
[2022-12-07 07:58:56.289755: W /samgraph/3rdparty/collcachelib/coll_cache_lib/cache_context.cu:2004] before create ctx, mem is 12.23 GB
[2022-12-07 07:58:57.941928: W /samgraph/3rdparty/collcachelib/coll_cache_lib/cache_context.cu:2010] after create ctx, mem is 12.70 GB
[2022-12-07 07:58:57.942878: W /samgraph/3rdparty/collcachelib/coll_cache_lib/cache_context.cu:2017] after create stream, mem is 12.70 GB
[2022-12-07 07:58:57.943574: W /samgraph/3rdparty/collcachelib/coll_cache_lib/cache_context.cu:2004] before create ctx, mem is 12.70 GB
[2022-12-07 07:58:59.542911: W /samgraph/3rdparty/collcachelib/coll_cache_lib/cache_context.cu:2010] after create ctx, mem is 13.16 GB
[2022-12-07 07:58:59.543038: W /samgraph/3rdparty/collcachelib/coll_cache_lib/cache_context.cu:2017] after create stream, mem is 13.16 GB
[2022-12-07 07:58:59.543300: W /samgraph/3rdparty/collcachelib/coll_cache_lib/cache_context.cu:2004] before create ctx, mem is 13.16 GB
[2022-12-07 07:59:01.221156: W /samgraph/3rdparty/collcachelib/coll_cache_lib/cache_context.cu:2010] after create ctx, mem is 13.56 GB
[2022-12-07 07:59:01.221375: W /samgraph/3rdparty/collcachelib/coll_cache_lib/cache_context.cu:2017] after create stream, mem is 13.56 GB
[2022-12-07 07:59:01.221861: W /samgraph/3rdparty/collcachelib/coll_cache_lib/cache_context.cu:2004] before create ctx, mem is 13.56 GB
[2022-12-07 07:59:02.926120: W /samgraph/3rdparty/collcachelib/coll_cache_lib/cache_context.cu:2010] after create ctx, mem is 14.20 GB
[2022-12-07 07:59:02.926305: W /samgraph/3rdparty/collcachelib/coll_cache_lib/cache_context.cu:2017] after create stream, mem is 14.20 GB
[2022-12-07 07:59:02.928023: W /samgraph/3rdparty/collcachelib/coll_cache_lib/cache_context.cu:2004] before create ctx, mem is 14.20 GB
[2022-12-07 07:59:04.510247: W /samgraph/3rdparty/collcachelib/coll_cache_lib/cache_context.cu:2010] after create ctx, mem is 14.57 GB
[2022-12-07 07:59:04.510376: W /samgraph/3rdparty/collcachelib/coll_cache_lib/cache_context.cu:2017] after create stream, mem is 14.57 GB
[[2022-12-07 07:59:042022-12-07 07:59:04..[6234462022-12-07 07:59:04623446: .: E623446E [:  /samgraph/3rdparty/collcachelib/coll_cache_lib/run_config.cc[2022-12-07 07:59:04E/samgraph/3rdparty/collcachelib/coll_cache_lib/run_config.cc[:2022-12-07 07:59:04. :2022-12-07 07:59:04134.623473/samgraph/3rdparty/collcachelib/coll_cache_lib/run_config.cc134.] 623473: :] 623473using concurrent impl MPS: E134using concurrent impl MPS: 
E ] 
E /samgraph/3rdparty/collcachelib/coll_cache_lib/run_config.ccusing concurrent impl MPS /samgraph/3rdparty/collcachelib/coll_cache_lib/run_config.cc:
/samgraph/3rdparty/collcachelib/coll_cache_lib/run_config.cc:134:134] 134] using concurrent impl MPS] using concurrent impl MPS
using concurrent impl MPS

[2022-12-07 07:59:04.626718: E /samgraph/3rdparty/collcachelib/coll_cache_lib/coll_cache/asymm_link_desc.cc:196] build asymm link desc with 6X Tesla V100-SXM2-32GB out of 8
[2022-12-07 07:59:04.626764: E /samgraph/3rdparty/collcachelib/coll_cache_lib/coll_cache/asymm_link_desc.cc:197] remote time is 8.68421
[2022-12-07 07:59:04.626793: E /samgraph/3rdparty/collcachelib/coll_cache_lib/coll_cache/asymm_link_desc.cc:198] cpu time is 110
[2022-12-07 07:59:04.626862: E /samgraph/3rdparty/collcachelib/coll_cache_lib/coll_cache/asymm_link_desc.cc:196] build asymm link desc with 6X Tesla V100-SXM2-32GB out of 8
[2022-12-07 07:59:04.626904: [E2022-12-07 07:59:04 ./samgraph/3rdparty/collcachelib/coll_cache_lib/coll_cache/asymm_link_desc.cc626907:: 197E]  remote time is 8.68421/samgraph/3rdparty/collcachelib/coll_cache_lib/coll_cache/asymm_link_desc.cc
:196] build asymm link desc with 6X Tesla V100-SXM2-32GB out of 8[
2022-12-07 07:59:04.626950: E [/samgraph/3rdparty/collcachelib/coll_cache_lib/coll_cache/asymm_link_desc.cc[2022-12-07 07:59:04:2022-12-07 07:59:04.198.626960] 626966: cpu time is 110[: E
2022-12-07 07:59:04E . /samgraph/3rdparty/collcachelib/coll_cache_lib/coll_cache/asymm_link_desc.cc627005/samgraph/3rdparty/collcachelib/coll_cache_lib/coll_cache/asymm_link_desc.cc:: :[196E1972022-12-07 07:59:04]  ] .build asymm link desc with 6X Tesla V100-SXM2-32GB out of 8/samgraph/3rdparty/collcachelib/coll_cache_lib/coll_cache/asymm_link_desc.ccremote time is 8.68421627061
:
: 196E] [[ build asymm link desc with 6X Tesla V100-SXM2-32GB out of 82022-12-07 07:59:042022-12-07 07:59:04/samgraph/3rdparty/collcachelib/coll_cache_lib/coll_cache/asymm_link_desc.cc
..:627138627139196[: : ] 2022-12-07 07:59:04EEbuild asymm link desc with 6X Tesla V100-SXM2-32GB out of 8.  
627196/samgraph/3rdparty/collcachelib/coll_cache_lib/coll_cache/asymm_link_desc.cc/samgraph/3rdparty/collcachelib/coll_cache_lib/coll_cache/asymm_link_desc.cc: ::E[197198 2022-12-07 07:59:04] ] /samgraph/3rdparty/collcachelib/coll_cache_lib/coll_cache/asymm_link_desc.cc.remote time is 8.68421cpu time is 110:627261

197: [] E2022-12-07 07:59:04remote time is 8.68421 .
/samgraph/3rdparty/collcachelib/coll_cache_lib/coll_cache/asymm_link_desc.cc627326:: [197E2022-12-07 07:59:04]  .remote time is 8.68421/samgraph/3rdparty/collcachelib/coll_cache_lib/coll_cache/asymm_link_desc.cc627351
:: 198E]  [cpu time is 110/samgraph/3rdparty/collcachelib/coll_cache_lib/coll_cache/asymm_link_desc.cc2022-12-07 07:59:04
:.198627384] : cpu time is 110E
 /samgraph/3rdparty/collcachelib/coll_cache_lib/coll_cache/asymm_link_desc.cc:198] cpu time is 110
[2022-12-07 07:59:04.800431: E /samgraph/3rdparty/collcachelib/coll_cache_lib/facade.cc:115] solver created. now build & solve
[2022-12-07 07:59:04.819771: W /samgraph/3rdparty/collcachelib/coll_cache_lib/cpu/cpu_device.cc:39] WORKER[0] alloc host memory 423.66 MB
[2022-12-07 07:59:04.819842: W /samgraph/3rdparty/collcachelib/coll_cache_lib/cpu/cpu_device.cc:39] WORKER[0] alloc host memory 423.66 MB
[2022-12-07 07:59:04.819887: W /samgraph/3rdparty/collcachelib/coll_cache_lib/coll_cache/optimal_solver_class.cc:68] mapping nid to rank...
[2022-12-07 07:59:05.298979: W /samgraph/3rdparty/collcachelib/coll_cache_lib/coll_cache/optimal_solver_class.cc:85] counting slots...
[2022-12-07 07:59:06.886212: W /samgraph/3rdparty/collcachelib/coll_cache_lib/coll_cache/optimal_solver_class.cc:99] Final num slot is 40
[2022-12-07 07:59:06.886329: W /samgraph/3rdparty/collcachelib/coll_cache_lib/coll_cache/optimal_solver_class.cc:103] counting blocks...
[2022-12-07 07:59:17.553619: W /samgraph/3rdparty/collcachelib/coll_cache_lib/coll_cache/optimal_solver_class.cc:112] Final num block is 1022
[2022-12-07 07:59:17.553702: W /samgraph/3rdparty/collcachelib/coll_cache_lib/coll_cache/optimal_solver_class.cc:117] counting freq and density...
[2022-12-07 07:59:19.785720: W /samgraph/3rdparty/collcachelib/coll_cache_lib/coll_cache/optimal_solver_class.cc:148] averaging freq and density...
[2022-12-07 07:59:19.785809: W /samgraph/3rdparty/collcachelib/coll_cache_lib/coll_cache/optimal_solver_class.cc:149] 1022
[2022-12-07 07:59:19.788468: E /samgraph/3rdparty/collcachelib/coll_cache_lib/facade.cc:120] solver built. now solve
[2022-12-07 07:59:19.788522: W /samgraph/3rdparty/collcachelib/coll_cache_lib/coll_cache/optimal_solver_class.cc:348] constructing optimal solver, device=6, stream=1
1022 blocks, 6 devices
[2022-12-07 07:59:19.791171: W /samgraph/3rdparty/collcachelib/coll_cache_lib/coll_cache/optimal_solver_class.cc:503] Add Var...
[2022-12-07 07:59:19.808077: W /samgraph/3rdparty/collcachelib/coll_cache_lib/coll_cache/optimal_solver_class.cc:521] Capacity...
[2022-12-07 07:59:19.809184: W /samgraph/3rdparty/collcachelib/coll_cache_lib/coll_cache/optimal_solver_class.cc:524] Connect CPU...
[2022-12-07 07:59:19.823730: W /samgraph/3rdparty/collcachelib/coll_cache_lib/coll_cache/optimal_solver_class.cc:526] Connect Access To Storage...
[2022-12-07 07:59:20. 29777: W /samgraph/3rdparty/collcachelib/coll_cache_lib/coll_cache/optimal_solver_class.cc:530] Time...
[2022-12-07 07:59:57.756600: W /samgraph/3rdparty/collcachelib/coll_cache_lib/coll_cache/optimal_solver_class.cc:545] Coll Cache init block placement array
[2022-12-07 07:59:57.763388: W /samgraph/3rdparty/collcachelib/coll_cache_lib/coll_cache/optimal_solver_class.cc:621] Coll Cache init block placement array done
[2022-12-07 07:59:57.763795: W /samgraph/3rdparty/collcachelib/coll_cache_lib/coll_cache/optimal_solver_class.cc:623] Coll Cache model reset done
[2022-12-07 07:59:57.781713: E /samgraph/3rdparty/collcachelib/coll_cache_lib/facade.cc:124] solver solved
[2022-12-07 07:59:57.781776: E /samgraph/3rdparty/collcachelib/coll_cache_lib/facade.cc:187] 0 solved master
[2022-12-07 07:59:57.781822: E /samgraph/3rdparty/collcachelib/coll_cache_lib/facade.cc:194] 0 solved
[2022-12-07 07:59:57.781850: E /samgraph/3rdparty/collcachelib/coll_cache_lib/facade.cc:197] worker 0 thread 0 initing device 0
[2022-12-07 07:59:57.801529: E /samgraph/3rdparty/collcachelib/coll_cache_lib/facade.cc:194] 3 solved
[2022-12-07 07:59:57.801607: E /samgraph/3rdparty/collcachelib/coll_cache_lib/facade.cc:197] worker 3 thread 3 initing device 3
[[2022-12-07 07:59:572022-12-07 07:59:57..801884801893: : EE  /samgraph/3rdparty/collcachelib/coll_cache_lib/facade.cc/samgraph/3rdparty/collcachelib/coll_cache_lib/facade.cc::194194] ] 4 solved5 solved

[[2022-12-07 07:59:572022-12-07 07:59:57..801966801968: : EE  /samgraph/3rdparty/collcachelib/coll_cache_lib/facade.cc/samgraph/3rdparty/collcachelib/coll_cache_lib/facade.cc::197197] ] worker 4 thread 4 initing device 4worker 5 thread 5 initing device 5

[2022-12-07 07:59:57.808789: E /samgraph/3rdparty/collcachelib/coll_cache_lib/facade.cc:194] 2 solved
[2022-12-07 07:59:57.808846: E /samgraph/3rdparty/collcachelib/coll_cache_lib/facade.cc:197] worker 2 thread 2 initing device 2
[2022-12-07 07:59:57.808919: E /samgraph/3rdparty/collcachelib/coll_cache_lib/facade.cc:194] 1 solved
[2022-12-07 07:59:57.808968: E /samgraph/3rdparty/collcachelib/coll_cache_lib/facade.cc:197] worker 1 thread 1 initing device 1
[2022-12-07 07:59:59.992159: W /samgraph/samgraph/common/cuda/cuda_device.cc:49] GPU[6] alloc cuda memory 22.44 MB
[2022-12-07 08:00:01.502265: W /samgraph/samgraph/common/cuda/cuda_device.cc:49] GPU[0] alloc cuda memory 12.33 MB
[2022-12-07 08:00:01.504276: W /samgraph/samgraph/common/cuda/cuda_device.cc:49] GPU[0] alloc cuda memory 18.67 MB
[2022-12-07 08:00:01.506143: W /samgraph/samgraph/common/cuda/cuda_device.cc:49] GPU[0] alloc cuda memory 18.67 MB
[2022-12-07 08:00:01.518917: W /samgraph/samgraph/common/cuda/cuda_device.cc:49] GPU[0] alloc cuda memory 1.23 GB
[2022-12-07 08:00:01.520571: W /samgraph/samgraph/common/cuda/cuda_device.cc:49] GPU[0] alloc cuda memory 12.33 MB
[2022-12-07 08:00:01.522203: W /samgraph/samgraph/common/cuda/cuda_device.cc:49] GPU[0] alloc cuda memory 24.65 MB
[2022-12-07 08:00:01.523798: W /samgraph/samgraph/common/cuda/cuda_device.cc:49] GPU[0] alloc cuda memory 12.33 MB
[2022-12-07 08:00:01.525383: W /samgraph/samgraph/common/cuda/cuda_device.cc:49] GPU[0] alloc cuda memory 24.65 MB
[2022-12-07 08:00:03. 61524: W /samgraph/samgraph/common/cuda/cuda_device.cc:49] GPU[0] alloc cuda memory 11.62 MB
[2022-12-07 08:00:03. 63317: W /samgraph/samgraph/common/cuda/cuda_device.cc:49] GPU[0] alloc cuda memory 17.27 MB
[2022-12-07 08:00:03. 64958: W /samgraph/samgraph/common/cuda/cuda_device.cc:49] GPU[0] alloc cuda memory 17.27 MB
[2022-12-07 08:00:03. 77864: W /samgraph/samgraph/common/cuda/cuda_device.cc:49] GPU[0] alloc cuda memory 1.23 GB
[2022-12-07 08:00:03. 79650: W /samgraph/samgraph/common/cuda/cuda_device.cc:49] GPU[0] alloc cuda memory 11.62 MB
[2022-12-07 08:00:03. 81280: W /samgraph/samgraph/common/cuda/cuda_device.cc:49] GPU[0] alloc cuda memory 23.23 MB
/usr/local/lib/python3.8/dist-packages/torch/nn/parallel/scatter_gather.py:9: UserWarning: is_namedtuple is deprecated, please use the python checks instead
  warnings.warn("is_namedtuple is deprecated, please use the python checks instead")
/usr/local/lib/python3.8/dist-packages/torch/nn/parallel/scatter_gather.py:9: UserWarning: is_namedtuple is deprecated, please use the python checks instead
  warnings.warn("is_namedtuple is deprecated, please use the python checks instead")
/usr/local/lib/python3.8/dist-packages/torch/nn/parallel/scatter_gather.py:9: UserWarning: is_namedtuple is deprecated, please use the python checks instead
  warnings.warn("is_namedtuple is deprecated, please use the python checks instead")
/usr/local/lib/python3.8/dist-packages/torch/nn/parallel/scatter_gather.py:9: UserWarning: is_namedtuple is deprecated, please use the python checks instead
  warnings.warn("is_namedtuple is deprecated, please use the python checks instead")
/usr/local/lib/python3.8/dist-packages/torch/nn/parallel/scatter_gather.py:9: UserWarning: is_namedtuple is deprecated, please use the python checks instead
  warnings.warn("is_namedtuple is deprecated, please use the python checks instead")
/usr/local/lib/python3.8/dist-packages/torch/nn/parallel/scatter_gather.py:9: UserWarning: is_namedtuple is deprecated, please use the python checks instead
  warnings.warn("is_namedtuple is deprecated, please use the python checks instead")
