[2022-12-07 07:51:11. 74026: W /samgraph/samgraph/common/cpu/mmap_cpu_device.cc:92] mmap allocating space 12.03 GB
[2022-12-07 07:51:11. 74133: W /samgraph/samgraph/common/cpu/mmap_cpu_device.cc:97] mmap allocating space 12.03 GB done
[2022-12-07 07:51:17.586915: W /samgraph/samgraph/common/cpu/mmap_cpu_device.cc:92] mmap allocating space 52.96 GB
[2022-12-07 07:51:17.587005: W /samgraph/samgraph/common/cpu/mmap_cpu_device.cc:97] mmap allocating space 52.96 GB done
[2022-12-07 07:51:18. 43894: W /samgraph/samgraph/common/cpu/mmap_cpu_device.cc:92] mmap allocating space 10.67 GB
[2022-12-07 07:51:18. 43967: W /samgraph/samgraph/common/cpu/mmap_cpu_device.cc:97] mmap allocating space 10.67 GB done
/usr/lib/python3/dist-packages/requests/__init__.py:89: RequestsDependencyWarning: urllib3 (1.26.12) or chardet (3.0.4) doesn't match a supported version!
  warnings.warn("urllib3 ({}) or chardet ({}) doesn't match a supported "
[2022-12-07 07:51:18.706029: W /samgraph/samgraph/common/dist/dist_engine.cc:662] Trainer[1] initializing...
[2022-12-07 07:51:18.730827: W /samgraph/samgraph/common/dist/dist_engine.cc:662] Trainer[3] initializing...
[2022-12-07 07:51:18.833343: W /samgraph/samgraph/common/dist/dist_engine.cc:662] Trainer[0] initializing...
[2022-12-07 07:51:18.862981: W /samgraph/samgraph/common/dist/dist_engine.cc:662] Trainer[4] initializing...
[2022-12-07 07:51:18.904249: W /samgraph/samgraph/common/dist/dist_engine.cc:662] Trainer[5] initializing...
[2022-12-07 07:51:18.920430: W /samgraph/samgraph/common/dist/dist_engine.cc:662] Trainer[2] initializing...
[2022-12-07 07:51:20.867299: W /samgraph/samgraph/common/dist/dist_engine.cc:666] Trainer[1] pin memory queue...
[2022-12-07 07:51:20.931046: W /samgraph/samgraph/common/dist/dist_engine.cc:666] Trainer[0] pin memory queue...
[2022-12-07 07:51:20.933408: W /samgraph/samgraph/common/dist/dist_engine.cc:666] Trainer[3] pin memory queue...
[2022-12-07 07:51:20.941445: W /samgraph/samgraph/common/dist/dist_engine.cc:666] Trainer[5] pin memory queue...
[2022-12-07 07:51:20.955008: W /samgraph/samgraph/common/dist/dist_engine.cc:666] Trainer[2] pin memory queue...
[2022-12-07 07:51:20.985369: W /samgraph/samgraph/common/dist/dist_engine.cc:666] Trainer[4] pin memory queue...
[2022-12-07 07:51:26.432463: E /samgraph/samgraph/common/dist/dist_engine.cc:85] Running on V100
[2022-12-07 07:51:26.432720: E /samgraph/samgraph/common/dist/dist_engine.cc:85] [Running on V1002022-12-07 07:51:26
.432769: E /samgraph/samgraph/common/dist/dist_engine.cc:85] Running on V100
[2022-12-07 07:51:26.432919: E /samgraph/samgraph/common/dist/dist_engine.cc:85] Running on V100
[2022-12-07 07:51:26.432982: W /samgraph/samgraph/common/dist/dist_engine.cc:701] Trainer[3] register host memory...
[2022-12-07 07:51:26.433031: E /samgraph/samgraph/common/dist/dist_engine.cc:85] Running on V100
[2022-12-07 07:51:26.433154: W /samgraph/samgraph/common/dist/dist_engine.cc:[7012022-12-07 07:51:26] .Trainer[1] register host memory...433169
: W /samgraph/samgraph/common/dist/dist_engine.cc:701] Trainer[5] register host memory...
[2022-12-07 07:51:26.433279: W /samgraph/samgraph/common/dist/dist_engine.cc:701] Trainer[4] register host memory...
[2022-12-07 07:51:26.433339: W /samgraph/samgraph/common/dist/dist_engine.cc:701] Trainer[0] register host memory...
[2022-12-07 07:51:26.434339: E /samgraph/samgraph/common/dist/dist_engine.cc:85] Running on V100
[2022-12-07 07:51:26.434565: W /samgraph/samgraph/common/dist/dist_engine.cc:701] Trainer[2] register host memory...
[2022-12-07 07:51:26.703455: E /samgraph/samgraph/common/dist/dist_engine.cc:85] Running on V100
[2022-12-07 07:51:26.705045: E /samgraph/samgraph/common/dist/dist_engine.cc:85] Running on V100
[2022-12-07 07:51:26.708763: W /samgraph/samgraph/common/cuda/cuda_device.cc:49] GPU[6] alloc cuda memory 423.66 MB
[2022-12-07 07:51:26.803596: W /samgraph/samgraph/common/cuda/cuda_device.cc:49] GPU[6] alloc cuda memory 12.03 GB
[2022-12-07 07:51:29. 95476: W /samgraph/samgraph/common/cuda/cuda_device.cc:49] GPU[6] alloc cuda memory 512.00 MB
[2022-12-07 07:51:29. 95831: W /samgraph/samgraph/common/cuda/cuda_device.cc:49] GPU[6] alloc cuda memory 32.23 MB
[2022-12-07 07:51:29. 96857: W /samgraph/samgraph/common/cuda/cuda_device.cc:49] GPU[6] alloc cuda memory 24.17 MB
[2022-12-07 07:51:29.101946: E /samgraph/samgraph/common/dist/pre_sampler.cc:41] Dist Presampler making shuffler...
[2022-12-07 07:51:29.106370: E /samgraph/samgraph/common/dist/pre_sampler.cc:44] Dist Presampler making shuffler...Done
[2022-12-07 07:51:29.106418: W /samgraph/samgraph/common/cpu/cpu_device.cc:39] WORKER[0] alloc host memory 847.32 MB
[2022-12-07 07:51:29.478558: E /samgraph/samgraph/common/dist/pre_sampler.cc:85] Dist Presampler doing presample epoch 0
[2022-12-07 07:51:29.526250: W /samgraph/samgraph/common/cuda/cuda_device.cc:49] GPU[6] alloc cuda memory 17.37 MB
[2022-12-07 07:51:29.526570: W /samgraph/samgraph/common/cuda/cuda_device.cc:49] GPU[6] alloc cuda memory 17.37 MB
[2022-12-07 07:51:29.526859: W /samgraph/samgraph/common/cuda/cuda_device.cc:49] GPU[6] alloc cuda memory 17.37 MB
[2022-12-07 07:51:29.527130: W /samgraph/samgraph/common/cuda/cuda_device.cc:49] GPU[6] alloc cuda memory 17.37 MB
[2022-12-07 07:51:29.537815: W /samgraph/samgraph/common/cuda/cuda_device.cc:49] GPU[6] alloc cuda memory 17.24 MB
[2022-12-07 07:51:29.539369: W /samgraph/samgraph/common/cpu/cpu_device.cc:39] WORKER[0] alloc host memory 11.55 MB
[2022-12-07 07:51:34.748502: E /samgraph/samgraph/common/dist/pre_sampler.cc:129] presample spend 2.39343 on sample, 0.124975 on copy, 2.74877 on count
[2022-12-07 07:51:34.748603: E /samgraph/samgraph/common/dist/pre_sampler.cc:85] Dist Presampler doing presample epoch 1
[2022-12-07 07:51:39.977460: E /samgraph/samgraph/common/dist/pre_sampler.cc:129] presample spend 4.78098 on sample, 0.24483 on copy, 5.46795 on count
[2022-12-07 07:51:39.977608: E /samgraph/samgraph/common/dist/pre_sampler.cc:136] max_num_inputs = 2473619, min_num_inputs = 2372646
[2022-12-07 07:51:40.201791: E /samgraph/samgraph/common/dist/pre_sampler.cc:148] presample spend 0.22408 on sort freq.
[2022-12-07 07:51:40.602322: E /samgraph/samgraph/common/dist/dist_engine.cc:524] pre sample done, delete it
[[[[2022-12-07 07:51:40[[2022-12-07 07:51:402022-12-07 07:51:402022-12-07 07:51:40.2022-12-07 07:51:402022-12-07 07:51:40...630402..630408630409630416: 630419630416: : : W: : WWW WW   /samgraph/samgraph/common/dist/dist_engine.cc  /samgraph/samgraph/common/dist/dist_engine.cc/samgraph/samgraph/common/dist/dist_engine.cc/samgraph/samgraph/common/dist/dist_engine.cc:/samgraph/samgraph/common/dist/dist_engine.cc/samgraph/samgraph/common/dist/dist_engine.cc:::711::711711711] 711711] ] ] Trainer[3] building cache...] ] Trainer[4] building cache...Trainer[5] building cache...Trainer[2] building cache...
Trainer[0] building cache...Trainer[1] building cache...




[[[2022-12-07 07:51:40[[[2022-12-07 07:51:402022-12-07 07:51:40.2022-12-07 07:51:402022-12-07 07:51:402022-12-07 07:51:40..631215...631216631216: 631219: 631220631223: : EE: : EE  EE  /samgraph/3rdparty/collcachelib/coll_cache_lib/run_config.cc/samgraph/3rdparty/collcachelib/coll_cache_lib/run_config.cc  /samgraph/3rdparty/collcachelib/coll_cache_lib/run_config.cc/samgraph/3rdparty/collcachelib/coll_cache_lib/run_config.cc::/samgraph/3rdparty/collcachelib/coll_cache_lib/run_config.cc/samgraph/3rdparty/collcachelib/coll_cache_lib/run_config.cc::134134::134134] ] 134134] ] using concurrent impl MPSusing concurrent impl MPS] ] using concurrent impl MPSusing concurrent impl MPS

using concurrent impl MPSusing concurrent impl MPS



[2022-12-07 07:51:40.634842: E /samgraph/3rdparty/collcachelib/coll_cache_lib/coll_cache/asymm_link_desc.cc:196] build asymm link desc with 6X Tesla V100-SXM2-32GB out of 8
[[2022-12-07 07:51:402022-12-07 07:51:40..634882634893: : EE  /samgraph/3rdparty/collcachelib/coll_cache_lib/coll_cache/asymm_link_desc.cc/samgraph/3rdparty/collcachelib/coll_cache_lib/coll_cache/asymm_link_desc.cc::196197] ] build asymm link desc with 6X Tesla V100-SXM2-32GB out of 8[remote time is 8.68421
2022-12-07 07:51:40
.634927: E[ [2022-12-07 07:51:40/samgraph/3rdparty/collcachelib/coll_cache_lib/coll_cache/asymm_link_desc.cc2022-12-07 07:51:40.:.634955196634957[: ] : 2022-12-07 07:51:40Ebuild asymm link desc with 6X Tesla V100-SXM2-32GB out of 8E. 
 634976/samgraph/3rdparty/collcachelib/coll_cache_lib/coll_cache/asymm_link_desc.cc/samgraph/3rdparty/collcachelib/coll_cache_lib/coll_cache/asymm_link_desc.cc: ::E[198197 2022-12-07 07:51:40] ] /samgraph/3rdparty/collcachelib/coll_cache_lib/coll_cache/asymm_link_desc.cc[.cpu time is 110remote time is 8.68421:2022-12-07 07:51:40635023

196.: [] [635028E2022-12-07 07:51:40build asymm link desc with 6X Tesla V100-SXM2-32GB out of 82022-12-07 07:51:40:  .
.E/samgraph/3rdparty/collcachelib/coll_cache_lib/coll_cache/asymm_link_desc.cc[635066635079 :2022-12-07 07:51:40: : /samgraph/3rdparty/collcachelib/coll_cache_lib/coll_cache/asymm_link_desc.cc197.EE:] 635140  196remote time is 8.68421: /samgraph/3rdparty/collcachelib/coll_cache_lib/coll_cache/asymm_link_desc.cc/samgraph/3rdparty/collcachelib/coll_cache_lib/coll_cache/asymm_link_desc.cc] 
E::build asymm link desc with 6X Tesla V100-SXM2-32GB out of 8 [196198
/samgraph/3rdparty/collcachelib/coll_cache_lib/coll_cache/asymm_link_desc.cc2022-12-07 07:51:40] ] :.build asymm link desc with 6X Tesla V100-SXM2-32GB out of 8
cpu time is 110197[635239
] 2022-12-07 07:51:40: [remote time is 8.68421.E2022-12-07 07:51:40
635283 .: [/samgraph/3rdparty/collcachelib/coll_cache_lib/coll_cache/asymm_link_desc.cc635309E2022-12-07 07:51:40::  .198E/samgraph/3rdparty/collcachelib/coll_cache_lib/coll_cache/asymm_link_desc.cc635355]  :: cpu time is 110/samgraph/3rdparty/collcachelib/coll_cache_lib/coll_cache/asymm_link_desc.cc197E
:]  197remote time is 8.68421/samgraph/3rdparty/collcachelib/coll_cache_lib/coll_cache/asymm_link_desc.cc] 
:remote time is 8.68421198
[] 2022-12-07 07:51:40cpu time is 110[.
2022-12-07 07:51:40635469.: 635482E:  E/samgraph/3rdparty/collcachelib/coll_cache_lib/coll_cache/asymm_link_desc.cc :/samgraph/3rdparty/collcachelib/coll_cache_lib/coll_cache/asymm_link_desc.cc198:] 198cpu time is 110] 
cpu time is 110
[2022-12-07 07:52:05.743730: E /samgraph/3rdparty/collcachelib/coll_cache_lib/facade.cc:115] solver created. now build & solve
[2022-12-07 07:52:05.789895: W /samgraph/3rdparty/collcachelib/coll_cache_lib/cpu/cpu_device.cc:39] WORKER[0] alloc host memory 423.66 MB
[2022-12-07 07:52:05.789964: W /samgraph/3rdparty/collcachelib/coll_cache_lib/cpu/cpu_device.cc:39] WORKER[0] alloc host memory 423.66 MB
[2022-12-07 07:52:05.790759: W /samgraph/3rdparty/collcachelib/coll_cache_lib/coll_cache/optimal_solver_class.cc:68] mapping nid to rank...
[2022-12-07 07:52:06.251219: W /samgraph/3rdparty/collcachelib/coll_cache_lib/coll_cache/optimal_solver_class.cc:85] counting slots...
[2022-12-07 07:52:07.833542: W /samgraph/3rdparty/collcachelib/coll_cache_lib/coll_cache/optimal_solver_class.cc:99] Final num slot is 40
[2022-12-07 07:52:07.833637: W /samgraph/3rdparty/collcachelib/coll_cache_lib/coll_cache/optimal_solver_class.cc:103] counting blocks...
[2022-12-07 07:52:18.380360: W /samgraph/3rdparty/collcachelib/coll_cache_lib/coll_cache/optimal_solver_class.cc:112] Final num block is 1022
[2022-12-07 07:52:18.380450: W /samgraph/3rdparty/collcachelib/coll_cache_lib/coll_cache/optimal_solver_class.cc:117] counting freq and density...
[2022-12-07 07:52:20.661259: W /samgraph/3rdparty/collcachelib/coll_cache_lib/coll_cache/optimal_solver_class.cc:148] averaging freq and density...
[2022-12-07 07:52:20.661350: W /samgraph/3rdparty/collcachelib/coll_cache_lib/coll_cache/optimal_solver_class.cc:149] 1022
[2022-12-07 07:52:20.664024: E /samgraph/3rdparty/collcachelib/coll_cache_lib/facade.cc:120] solver built. now solve
[2022-12-07 07:52:20.664081: W /samgraph/3rdparty/collcachelib/coll_cache_lib/coll_cache/optimal_solver_class.cc:348] constructing optimal solver, device=6, stream=1
1022 blocks, 6 devices
[2022-12-07 07:52:20.916440: W /samgraph/3rdparty/collcachelib/coll_cache_lib/coll_cache/optimal_solver_class.cc:503] Add Var...
[2022-12-07 07:52:20.934443: W /samgraph/3rdparty/collcachelib/coll_cache_lib/coll_cache/optimal_solver_class.cc:521] Capacity...
[2022-12-07 07:52:20.935831: W /samgraph/3rdparty/collcachelib/coll_cache_lib/coll_cache/optimal_solver_class.cc:524] Connect CPU...
[2022-12-07 07:52:20.951002: W /samgraph/3rdparty/collcachelib/coll_cache_lib/coll_cache/optimal_solver_class.cc:526] Connect Access To Storage...
[2022-12-07 07:52:21.167460: W /samgraph/3rdparty/collcachelib/coll_cache_lib/coll_cache/optimal_solver_class.cc:530] Time...
[2022-12-07 07:54:35.747112: W /samgraph/3rdparty/collcachelib/coll_cache_lib/coll_cache/optimal_solver_class.cc:545] Coll Cache init block placement array
[2022-12-07 07:54:35.753579: W /samgraph/3rdparty/collcachelib/coll_cache_lib/coll_cache/optimal_solver_class.cc:621] Coll Cache init block placement array done
[2022-12-07 07:54:35.758969: W /samgraph/3rdparty/collcachelib/coll_cache_lib/coll_cache/optimal_solver_class.cc:623] Coll Cache model reset done
[2022-12-07 07:54:35.777190: E /samgraph/3rdparty/collcachelib/coll_cache_lib/facade.cc:124] solver solved
[2022-12-07 07:54:35.777264: E /samgraph/3rdparty/collcachelib/coll_cache_lib/facade.cc:187] 0 solved master
[2022-12-07 07:54:35.777320: E /samgraph/3rdparty/collcachelib/coll_cache_lib/facade.cc:194] 0 solved
[2022-12-07 07:54:35.777350: E /samgraph/3rdparty/collcachelib/coll_cache_lib/facade.cc:197] worker 0 thread 0 initing device 0
[2022-12-07 07:54:35.778897: E /samgraph/3rdparty/collcachelib/coll_cache_lib/cache_context.cu:1762] Building Coll Cache with ... num gpu device is 6
[2022-12-07 07:54:35.797991: E /samgraph/3rdparty/collcachelib/coll_cache_lib/facade.cc:194] 2 solved
[2022-12-07 07:54:35.798064: E /samgraph/3rdparty/collcachelib/coll_cache_lib/facade.cc:197] worker 2 thread 2 initing device 2
[[2022-12-07 07:54:352022-12-07 07:54:35..798147798149: : EE  /samgraph/3rdparty/collcachelib/coll_cache_lib/facade.cc/samgraph/3rdparty/collcachelib/coll_cache_lib/facade.cc::194194] ] 3 solved4 solved

[[2022-12-07 07:54:352022-12-07 07:54:35..798236798238: : EE  /samgraph/3rdparty/collcachelib/coll_cache_lib/facade.cc/samgraph/3rdparty/collcachelib/coll_cache_lib/facade.cc::197197] ] worker 3 thread 3 initing device 3worker 4 thread 4 initing device 4

[2022-12-07 07:54:35.799916: E /samgraph/3rdparty/collcachelib/coll_cache_lib/cache_context.cu:1762] Building Coll Cache with ... num gpu device is 6
[2022-12-07 07:54:35.799967: E /samgraph/3rdparty/collcachelib/coll_cache_lib/cache_context.cu:1762] Building Coll Cache with ... num gpu device is 6
[2022-12-07 07:54:35.800026: E /samgraph/3rdparty/collcachelib/coll_cache_lib/cache_context.cu:1762] Building Coll Cache with ... num gpu device is 6
[2022-12-07 07:54:35.804569: E /samgraph/3rdparty/collcachelib/coll_cache_lib/facade.cc:194] 5 solved
[2022-12-07 07:54:35.804642: E /samgraph/3rdparty/collcachelib/coll_cache_lib/facade.cc:197] worker 5 thread 5 initing device 5
[2022-12-07 07:54:35.804668: E /samgraph/3rdparty/collcachelib/coll_cache_lib/facade.cc:194] 1 solved
[2022-12-07 07:54:35.804727: E /samgraph/3rdparty/collcachelib/coll_cache_lib/facade.cc:197] worker 1 thread 1 initing device 1
[2022-12-07 07:54:35.806518: E /samgraph/3rdparty/collcachelib/coll_cache_lib/cache_context.cu:1762] Building Coll Cache with ... num gpu device is 6
[2022-12-07 07:54:35.806582: E /samgraph/3rdparty/collcachelib/coll_cache_lib/cache_context.cu:1762] Building Coll Cache with ... num gpu device is 6
[2022-12-07 07:54:35.873483: W /samgraph/3rdparty/collcachelib/coll_cache_lib/cpu/cpu_device.cc:39] WORKER[0] alloc host memory 63.49 MB
[[[[[[2022-12-07 07:54:372022-12-07 07:54:372022-12-07 07:54:372022-12-07 07:54:372022-12-07 07:54:372022-12-07 07:54:37......364636364629364629364629364630364629: : : : : : EEEEEE      /samgraph/3rdparty/collcachelib/coll_cache_lib/cache_context.cu/samgraph/3rdparty/collcachelib/coll_cache_lib/cache_context.cu/samgraph/3rdparty/collcachelib/coll_cache_lib/cache_context.cu/samgraph/3rdparty/collcachelib/coll_cache_lib/cache_context.cu/samgraph/3rdparty/collcachelib/coll_cache_lib/cache_context.cu/samgraph/3rdparty/collcachelib/coll_cache_lib/cache_context.cu::::::187118711871187118711871] ] ] ] ] ] Device 4 init p2p of link 3Device 1 init p2p of link 0Device 3 init p2p of link 4Device 2 init p2p of link 1Device 5 init p2p of link 0Device 0 init p2p of link 1





[2022-12-07 07:54:37.385782: E /samgraph/3rdparty/collcachelib/coll_cache_lib/cache_context.cu:1871] Device 5 init p2p of link 3
[2022-12-07 07:54:37.385951: E /samgraph/3rdparty/collcachelib/coll_cache_lib/cache_context.cu:1871] Device 3 init p2p of link 5
[2022-12-07 07:54:37.386061: E /samgraph/3rdparty/collcachelib/coll_cache_lib/cache_context.cu:1871] Device 1 init p2p of link 2
[2022-12-07 07:54:37.386335: E /samgraph/3rdparty/collcachelib/coll_cache_lib/cache_context.cu:1871] Device 2 init p2p of link 0
[2022-12-07 07:54:37.387584: E /samgraph/3rdparty/collcachelib/coll_cache_lib/cache_context.cu:1871] Device 4 init p2p of link 2
[2022-12-07 07:54:37.387648: E /samgraph/3rdparty/collcachelib/coll_cache_lib/cache_context.cu:1871] Device 0 init p2p of link 5
[2022-12-07 07:54:37.403491: E /samgraph/3rdparty/collcachelib/coll_cache_lib/cache_context.cu:1871] Device 5 init p2p of link 4
[2022-12-07 07:54:37.405287: E /samgraph/3rdparty/collcachelib/coll_cache_lib/cache_context.cu:1871] Device 3 init p2p of link 1
[2022-12-07 07:54:37.405503: E /samgraph/3rdparty/collcachelib/coll_cache_lib/cache_context.cu:1871] Device 1 init p2p of link 3
[2022-12-07 07:54:37.405605: E /samgraph/3rdparty/collcachelib/coll_cache_lib/cache_context.cu:1871] Device 0 init p2p of link 2
[2022-12-07 07:54:37.409730: E /samgraph/3rdparty/collcachelib/coll_cache_lib/cache_context.cu:1871] Device 4 init p2p of link 5
[2022-12-07 07:54:37.409886: E /samgraph/3rdparty/collcachelib/coll_cache_lib/cache_context.cu:1871] Device 2 init p2p of link 4
[2022-12-07 07:54:37.417318: E /samgraph/3rdparty/collcachelib/coll_cache_lib/cache_context.cu:1900] Asymm Coll cache (policy: coll_cache_asymm_link) | local 16657959 / 111059956 nodes ( 15.00 %~15.00 %) | remote 30876249 / 111059956 nodes ( 27.80 %) | cpu 63525748 / 111059956 nodes ( 57.20 %) | 7.95 GB | 1.61075 secs 
[2022-12-07 07:54:37.446668: E /samgraph/3rdparty/collcachelib/coll_cache_lib/cache_context.cu:1900] Asymm Coll cache (policy: coll_cache_asymm_link) | local 16608469 / 111059956 nodes ( 14.95 %~15.00 %) | remote 30925739 / 111059956 nodes ( 27.85 %) | cpu 63525748 / 111059956 nodes ( 57.20 %) | 7.92 GB | 1.64004 secs 
[2022-12-07 07:54:37.447514: E /samgraph/3rdparty/collcachelib/coll_cache_lib/cache_context.cu:1900] Asymm Coll cache (policy: coll_cache_asymm_link) | local 16603142 / 111059956 nodes ( 14.95 %~15.00 %) | remote 30931066 / 111059956 nodes ( 27.85 %) | cpu 63525748 / 111059956 nodes ( 57.20 %) | 7.92 GB | 1.6475 secs 
[2022-12-07 07:54:37.448063: E /samgraph/3rdparty/collcachelib/coll_cache_lib/cache_context.cu:1900] Asymm Coll cache (policy: coll_cache_asymm_link) | local 16644464 / 111059956 nodes ( 14.99 %~15.00 %) | remote 30889744 / 111059956 nodes ( 27.81 %) | cpu 63525748 / 111059956 nodes ( 57.20 %) | 7.94 GB | 1.66912 secs 
[2022-12-07 07:54:37.448613: E /samgraph/3rdparty/collcachelib/coll_cache_lib/cache_context.cu:1900] Asymm Coll cache (policy: coll_cache_asymm_link) | local 16643020 / 111059956 nodes ( 14.99 %~15.00 %) | remote 30891188 / 111059956 nodes ( 27.81 %) | cpu 63525748 / 111059956 nodes ( 57.20 %) | 7.94 GB | 1.64854 secs 
[2022-12-07 07:54:37.449208: E /samgraph/3rdparty/collcachelib/coll_cache_lib/cache_context.cu:1900] Asymm Coll cache (policy: coll_cache_asymm_link) | local 16630034 / 111059956 nodes ( 14.97 %~15.00 %) | remote 30904174 / 111059956 nodes ( 27.83 %) | cpu 63525748 / 111059956 nodes ( 57.20 %) | 7.94 GB | 1.64924 secs 
[2022-12-07 07:54:37.449254: W /samgraph/3rdparty/collcachelib/coll_cache_lib/cache_context.cu:2004] before create ctx, mem is 9.59 GB
[2022-12-07 07:54:39.151413: W /samgraph/3rdparty/collcachelib/coll_cache_lib/cache_context.cu:2010] after create ctx, mem is 10.06 GB
[2022-12-07 07:54:39.152686: W /samgraph/3rdparty/collcachelib/coll_cache_lib/cache_context.cu:2017] after create stream, mem is 10.06 GB
[2022-12-07 07:54:39.153521: W /samgraph/3rdparty/collcachelib/coll_cache_lib/cache_context.cu:2004] before create ctx, mem is 10.06 GB
[2022-12-07 07:54:40.902898: W /samgraph/3rdparty/collcachelib/coll_cache_lib/cache_context.cu:2010] after create ctx, mem is 10.52 GB
[2022-12-07 07:54:40.903311: W /samgraph/3rdparty/collcachelib/coll_cache_lib/cache_context.cu:2017] after create stream, mem is 10.52 GB
[2022-12-07 07:54:40.904127: W /samgraph/3rdparty/collcachelib/coll_cache_lib/cache_context.cu:2004] before create ctx, mem is 10.52 GB
[2022-12-07 07:54:42.400802: W /samgraph/3rdparty/collcachelib/coll_cache_lib/cache_context.cu:2010] after create ctx, mem is 10.92 GB
[2022-12-07 07:54:42.400923: W /samgraph/3rdparty/collcachelib/coll_cache_lib/cache_context.cu:2017] after create stream, mem is 10.92 GB
[2022-12-07 07:54:42.401253: W /samgraph/3rdparty/collcachelib/coll_cache_lib/cache_context.cu:2004] before create ctx, mem is 10.92 GB
[2022-12-07 07:54:44.168279: W /samgraph/3rdparty/collcachelib/coll_cache_lib/cache_context.cu:2010] after create ctx, mem is 11.56 GB
[2022-12-07 07:54:44.168887: W /samgraph/3rdparty/collcachelib/coll_cache_lib/cache_context.cu:2017] after create stream, mem is 11.56 GB
[2022-12-07 07:54:44.169687: W /samgraph/3rdparty/collcachelib/coll_cache_lib/cache_context.cu:2004] before create ctx, mem is 11.56 GB
[2022-12-07 07:54:45.640475: W /samgraph/3rdparty/collcachelib/coll_cache_lib/cache_context.cu:2010] after create ctx, mem is 11.93 GB
[2022-12-07 07:54:45.640607: W /samgraph/3rdparty/collcachelib/coll_cache_lib/cache_context.cu:2017] after create stream, mem is 11.93 GB
[2022-12-07 07:54:45.[6746972022-12-07 07:54:45: .[[E6747002022-12-07 07:54:45[[2022-12-07 07:54:45 : .2022-12-07 07:54:452022-12-07 07:54:45./samgraph/3rdparty/collcachelib/coll_cache_lib/run_config.ccE674698..674727: : 674696674723: 134/samgraph/3rdparty/collcachelib/coll_cache_lib/run_config.ccE: : E] : EEusing concurrent impl MPS 134/samgraph/3rdparty/collcachelib/coll_cache_lib/run_config.cc  
/samgraph/3rdparty/collcachelib/coll_cache_lib/run_config.cc] :/samgraph/3rdparty/collcachelib/coll_cache_lib/run_config.cc/samgraph/3rdparty/collcachelib/coll_cache_lib/run_config.cc:using concurrent impl MPS134::134
] 134134] using concurrent impl MPS] ] using concurrent impl MPS
using concurrent impl MPSusing concurrent impl MPS


[2022-12-07 07:54:45.677697: E /samgraph/3rdparty/collcachelib/coll_cache_lib/coll_cache/asymm_link_desc.cc:196] build asymm link desc with 6X Tesla V100-SXM2-32GB out of 8
[2022-12-07 07:54:45.677742: E /samgraph/3rdparty/collcachelib/coll_cache_lib/coll_cache/asymm_link_desc.cc:197] remote time is 8.68421
[2022-12-07 07:54:45.677771: E /samgraph/3rdparty/collcachelib/coll_cache_lib/coll_cache/asymm_link_desc.cc:198] cpu time is 110
[2022-12-07 07:54:45.677885: E /samgraph/3rdparty/collcachelib/coll_cache_lib/coll_cache/asymm_link_desc.cc:196] build asymm link desc with 6X Tesla V100-SXM2-32GB out of 8
[2022-12-07 07:54:45.677927: E[ 2022-12-07 07:54:45/samgraph/3rdparty/collcachelib/coll_cache_lib/coll_cache/asymm_link_desc.cc.:677930197: ] Eremote time is 8.68421 
/samgraph/3rdparty/collcachelib/coll_cache_lib/coll_cache/asymm_link_desc.cc:196] [build asymm link desc with 6X Tesla V100-SXM2-32GB out of 82022-12-07 07:54:45
.[6779702022-12-07 07:54:45: .E[677975 2022-12-07 07:54:45: /samgraph/3rdparty/collcachelib/coll_cache_lib/coll_cache/asymm_link_desc.cc.E:677990 198: /samgraph/3rdparty/collcachelib/coll_cache_lib/coll_cache/asymm_link_desc.cc] E:cpu time is 110 196
/samgraph/3rdparty/collcachelib/coll_cache_lib/coll_cache/asymm_link_desc.cc] :[build asymm link desc with 6X Tesla V100-SXM2-32GB out of 81972022-12-07 07:54:45
] .remote time is 8.68421678034
[[: 2022-12-07 07:54:45[2022-12-07 07:54:45E.2022-12-07 07:54:45. 678066.678071/samgraph/3rdparty/collcachelib/coll_cache_lib/coll_cache/asymm_link_desc.cc: 678083: :E: E196 E ] /samgraph/3rdparty/collcachelib/coll_cache_lib/coll_cache/asymm_link_desc.cc /samgraph/3rdparty/collcachelib/coll_cache_lib/coll_cache/asymm_link_desc.ccbuild asymm link desc with 6X Tesla V100-SXM2-32GB out of 8:/samgraph/3rdparty/collcachelib/coll_cache_lib/coll_cache/asymm_link_desc.cc:
196:197] 198] build asymm link desc with 6X Tesla V100-SXM2-32GB out of 8[] remote time is 8.68421
2022-12-07 07:54:45cpu time is 110
.
[678221[2022-12-07 07:54:45: 2022-12-07 07:54:45.E.678255 678259: /samgraph/3rdparty/collcachelib/coll_cache_lib/coll_cache/asymm_link_desc.cc: E:E 197 /samgraph/3rdparty/collcachelib/coll_cache_lib/coll_cache/asymm_link_desc.cc] /samgraph/3rdparty/collcachelib/coll_cache_lib/coll_cache/asymm_link_desc.cc:remote time is 8.68421:197
198] ] remote time is 8.68421[cpu time is 110
2022-12-07 07:54:45
.[6783702022-12-07 07:54:45: .E678393 : /samgraph/3rdparty/collcachelib/coll_cache_lib/coll_cache/asymm_link_desc.ccE: 198/samgraph/3rdparty/collcachelib/coll_cache_lib/coll_cache/asymm_link_desc.cc] :cpu time is 110198
] cpu time is 110
[2022-12-07 07:54:45.841327: E /samgraph/3rdparty/collcachelib/coll_cache_lib/facade.cc:115] solver created. now build & solve
[2022-12-07 07:54:45.860805: W /samgraph/3rdparty/collcachelib/coll_cache_lib/cpu/cpu_device.cc:39] WORKER[0] alloc host memory 423.66 MB
[2022-12-07 07:54:45.860885: W /samgraph/3rdparty/collcachelib/coll_cache_lib/cpu/cpu_device.cc:39] WORKER[0] alloc host memory 423.66 MB
[2022-12-07 07:54:45.860929: W /samgraph/3rdparty/collcachelib/coll_cache_lib/coll_cache/optimal_solver_class.cc:68] mapping nid to rank...
[2022-12-07 07:54:46.328332: W /samgraph/3rdparty/collcachelib/coll_cache_lib/coll_cache/optimal_solver_class.cc:85] counting slots...
[2022-12-07 07:54:47.956587: W /samgraph/3rdparty/collcachelib/coll_cache_lib/coll_cache/optimal_solver_class.cc:99] Final num slot is 40
[2022-12-07 07:54:47.956678: W /samgraph/3rdparty/collcachelib/coll_cache_lib/coll_cache/optimal_solver_class.cc:103] counting blocks...
[2022-12-07 07:54:58.633945: W /samgraph/3rdparty/collcachelib/coll_cache_lib/coll_cache/optimal_solver_class.cc:112] Final num block is 1022
[2022-12-07 07:54:58.634039: W /samgraph/3rdparty/collcachelib/coll_cache_lib/coll_cache/optimal_solver_class.cc:117] counting freq and density...
[2022-12-07 07:55:00.843787: W /samgraph/3rdparty/collcachelib/coll_cache_lib/coll_cache/optimal_solver_class.cc:148] averaging freq and density...
[2022-12-07 07:55:00.843880: W /samgraph/3rdparty/collcachelib/coll_cache_lib/coll_cache/optimal_solver_class.cc:149] 1022
[2022-12-07 07:55:00.846702: E /samgraph/3rdparty/collcachelib/coll_cache_lib/facade.cc:120] solver built. now solve
[2022-12-07 07:55:00.846755: W /samgraph/3rdparty/collcachelib/coll_cache_lib/coll_cache/optimal_solver_class.cc:348] constructing optimal solver, device=6, stream=1
1022 blocks, 6 devices
[2022-12-07 07:55:00.849431: W /samgraph/3rdparty/collcachelib/coll_cache_lib/coll_cache/optimal_solver_class.cc:503] Add Var...
[2022-12-07 07:55:00.866619: W /samgraph/3rdparty/collcachelib/coll_cache_lib/coll_cache/optimal_solver_class.cc:521] Capacity...
[2022-12-07 07:55:00.867738: W /samgraph/3rdparty/collcachelib/coll_cache_lib/coll_cache/optimal_solver_class.cc:524] Connect CPU...
[2022-12-07 07:55:00.882372: W /samgraph/3rdparty/collcachelib/coll_cache_lib/coll_cache/optimal_solver_class.cc:526] Connect Access To Storage...
[2022-12-07 07:55:01. 86911: W /samgraph/3rdparty/collcachelib/coll_cache_lib/coll_cache/optimal_solver_class.cc:530] Time...
[2022-12-07 07:56:26.440846: W /samgraph/3rdparty/collcachelib/coll_cache_lib/coll_cache/optimal_solver_class.cc:545] Coll Cache init block placement array
[2022-12-07 07:56:26.447311: W /samgraph/3rdparty/collcachelib/coll_cache_lib/coll_cache/optimal_solver_class.cc:621] Coll Cache init block placement array done
[2022-12-07 07:56:26.450121: W /samgraph/3rdparty/collcachelib/coll_cache_lib/coll_cache/optimal_solver_class.cc:623] Coll Cache model reset done
[2022-12-07 07:56:26.466982: E /samgraph/3rdparty/collcachelib/coll_cache_lib/facade.cc:124] solver solved
[2022-12-07 07:56:26.467041: E /samgraph/3rdparty/collcachelib/coll_cache_lib/facade.cc:187] 0 solved master
[2022-12-07 07:56:26.467087: E /samgraph/3rdparty/collcachelib/coll_cache_lib/facade.cc:194] 0 solved
[2022-12-07 07:56:26.467114: E /samgraph/3rdparty/collcachelib/coll_cache_lib/facade.cc:197] worker 0 thread 0 initing device 0
[2022-12-07 07:56:26.487010: E /samgraph/3rdparty/collcachelib/coll_cache_lib/facade.cc:194] 3 solved
[2022-12-07 07:56:26.487067: E /samgraph/3rdparty/collcachelib/coll_cache_lib/facade.cc:197] worker 3 thread 3 initing device 3
[2022-12-07 07:56:26.487165[: 2022-12-07 07:56:26E. 487178/samgraph/3rdparty/collcachelib/coll_cache_lib/facade.cc: :E194 ] /samgraph/3rdparty/collcachelib/coll_cache_lib/facade.cc5 solved:
194] 2 solved
[2022-12-07 07:56:26.487239[: 2022-12-07 07:56:26E. 487247/samgraph/3rdparty/collcachelib/coll_cache_lib/facade.cc: :E197 ] /samgraph/3rdparty/collcachelib/coll_cache_lib/facade.ccworker 5 thread 5 initing device 5:
197] worker 2 thread 2 initing device 2
[2022-12-07 07:56:26.495027: E /samgraph/3rdparty/collcachelib/coll_cache_lib/facade.cc:194] 4 solved
[2022-12-07 07:56:26.495097: E /samgraph/3rdparty/collcachelib/coll_cache_lib/facade.cc:197] worker 4 thread 4 initing device 4
[2022-12-07 07:56:26.495141: E /samgraph/3rdparty/collcachelib/coll_cache_lib/facade.cc:194] 1 solved
[2022-12-07 07:56:26.495200: E /samgraph/3rdparty/collcachelib/coll_cache_lib/facade.cc:197] worker 1 thread 1 initing device 1
[2022-12-07 07:56:28.676513: W /samgraph/samgraph/common/cuda/cuda_device.cc:49] GPU[6] alloc cuda memory 22.41 MB
[2022-12-07 07:56:30.182987: W /samgraph/samgraph/common/cuda/cuda_device.cc:49] GPU[0] alloc cuda memory 12.33 MB
[2022-12-07 07:56:30.184664: W /samgraph/samgraph/common/cuda/cuda_device.cc:49] GPU[0] alloc cuda memory 18.64 MB
[2022-12-07 07:56:30.186752: W /samgraph/samgraph/common/cuda/cuda_device.cc:49] GPU[0] alloc cuda memory 18.64 MB
[2022-12-07 07:56:30.199271: W /samgraph/samgraph/common/cuda/cuda_device.cc:49] GPU[0] alloc cuda memory 1.23 GB
[2022-12-07 07:56:30.200723: W /samgraph/samgraph/common/cuda/cuda_device.cc:49] GPU[0] alloc cuda memory 12.33 MB
[2022-12-07 07:56:30.202182: W /samgraph/samgraph/common/cuda/cuda_device.cc:49] GPU[0] alloc cuda memory 24.65 MB
[2022-12-07 07:56:30.203604: W /samgraph/samgraph/common/cuda/cuda_device.cc:49] GPU[0] alloc cuda memory 12.33 MB
[2022-12-07 07:56:30.205053: W /samgraph/samgraph/common/cuda/cuda_device.cc:49] GPU[0] alloc cuda memory 24.65 MB
[2022-12-07 07:56:31.655071: W /samgraph/samgraph/common/cuda/cuda_device.cc:49] GPU[0] alloc cuda memory 11.62 MB
[2022-12-07 07:56:31.656939: W /samgraph/samgraph/common/cuda/cuda_device.cc:49] GPU[0] alloc cuda memory 17.27 MB
[2022-12-07 07:56:31.658919: W /samgraph/samgraph/common/cuda/cuda_device.cc:49] GPU[0] alloc cuda memory 17.27 MB
[2022-12-07 07:56:31.671379: W /samgraph/samgraph/common/cuda/cuda_device.cc:49] GPU[0] alloc cuda memory 1.23 GB
[2022-12-07 07:56:31.673160: W /samgraph/samgraph/common/cuda/cuda_device.cc:49] GPU[0] alloc cuda memory 11.62 MB
[2022-12-07 07:56:31.674644: W /samgraph/samgraph/common/cuda/cuda_device.cc:49] GPU[0] alloc cuda memory 23.24 MB
/usr/local/lib/python3.8/dist-packages/torch/nn/parallel/scatter_gather.py:9: UserWarning: is_namedtuple is deprecated, please use the python checks instead
  warnings.warn("is_namedtuple is deprecated, please use the python checks instead")
/usr/local/lib/python3.8/dist-packages/torch/nn/parallel/scatter_gather.py:9: UserWarning: is_namedtuple is deprecated, please use the python checks instead
  warnings.warn("is_namedtuple is deprecated, please use the python checks instead")
/usr/local/lib/python3.8/dist-packages/torch/nn/parallel/scatter_gather.py:9: UserWarning: is_namedtuple is deprecated, please use the python checks instead
  warnings.warn("is_namedtuple is deprecated, please use the python checks instead")
/usr/local/lib/python3.8/dist-packages/torch/nn/parallel/scatter_gather.py:9: UserWarning: is_namedtuple is deprecated, please use the python checks instead
  warnings.warn("is_namedtuple is deprecated, please use the python checks instead")
/usr/local/lib/python3.8/dist-packages/torch/nn/parallel/scatter_gather.py:9: UserWarning: is_namedtuple is deprecated, please use the python checks instead
  warnings.warn("is_namedtuple is deprecated, please use the python checks instead")
/usr/local/lib/python3.8/dist-packages/torch/nn/parallel/scatter_gather.py:9: UserWarning: is_namedtuple is deprecated, please use the python checks instead
  warnings.warn("is_namedtuple is deprecated, please use the python checks instead")
