[2022-12-07 04:49:29. 92487: W /samgraph/samgraph/common/cpu/mmap_cpu_device.cc:92] mmap allocating space 13.46 GB
[2022-12-07 04:49:29. 92588: W /samgraph/samgraph/common/cpu/mmap_cpu_device.cc:97] mmap allocating space 13.46 GB done
[2022-12-07 04:49:36.707162: W /samgraph/samgraph/common/cpu/mmap_cpu_device.cc:92] mmap allocating space 62.57 GB
[2022-12-07 04:49:36.707267: W /samgraph/samgraph/common/cpu/mmap_cpu_device.cc:97] mmap allocating space 62.57 GB done
[2022-12-07 04:49:36.712135: W /samgraph/samgraph/common/cpu/mmap_cpu_device.cc:92] mmap allocating space 8.62 GB
[2022-12-07 04:49:36.712187: W /samgraph/samgraph/common/cpu/mmap_cpu_device.cc:97] mmap allocating space 8.62 GB done
/usr/lib/python3/dist-packages/requests/__init__.py:89: RequestsDependencyWarning: urllib3 (1.26.12) or chardet (3.0.4) doesn't match a supported version!
  warnings.warn("urllib3 ({}) or chardet ({}) doesn't match a supported "
[2022-12-07 04:49:37.296050: W /samgraph/samgraph/common/dist/dist_engine.cc:662] Trainer[1] initializing...
[2022-12-07 04:49:37.433819: W /samgraph/samgraph/common/dist/dist_engine.cc:662] Trainer[3] initializing...
[2022-12-07 04:49:37.486187: W /samgraph/samgraph/common/dist/dist_engine.cc:662] Trainer[0] initializing...
[2022-12-07 04:49:37.570341: W /samgraph/samgraph/common/dist/dist_engine.cc:662] Trainer[5] initializing...
[2022-12-07 04:49:37.581892: W /samgraph/samgraph/common/dist/dist_engine.cc:662] Trainer[4] initializing...
[2022-12-07 04:49:37.590270: W /samgraph/samgraph/common/dist/dist_engine.cc:662] Trainer[2] initializing...
[2022-12-07 04:49:39.536355: W /samgraph/samgraph/common/dist/dist_engine.cc:666] Trainer[1] pin memory queue...
[2022-12-07 04:49:39.550509: W /samgraph/samgraph/common/dist/dist_engine.cc:666] Trainer[3] pin memory queue...
[2022-12-07 04:49:39.568484: W /samgraph/samgraph/common/dist/dist_engine.cc:666] Trainer[5] pin memory queue...
[2022-12-07 04:49:39.634679: W /samgraph/samgraph/common/dist/dist_engine.cc:666] Trainer[0] pin memory queue...
[2022-12-07 04:49:39.652261: W /samgraph/samgraph/common/dist/dist_engine.cc:666] Trainer[4] pin memory queue...
[2022-12-07 04:49:39.695441: W /samgraph/samgraph/common/dist/dist_engine.cc:666] Trainer[2] pin memory queue...
[2022-12-07 04:49:43.829981: E /samgraph/samgraph/common/dist/dist_engine.cc:85] Running on V100
[2022-12-07 04:49:43.830119: E /samgraph/samgraph/common/dist/dist_engine.cc:85] Running on V100
[2022-12-07 04:49:43.830298: E /samgraph/samgraph/common/dist/dist_engine.cc:85] Running on V100
[2022-12-07 04:49:43.830345: E /samgraph/samgraph/common/dist/dist_engine.cc:85] Running on V100
[[2022-12-07 04:49:432022-12-07 04:49:43..830398830425: : EW  /samgraph/samgraph/common/dist/dist_engine.cc/samgraph/samgraph/common/dist/dist_engine.cc::85701] ] Running on V100Trainer[1] register host memory...

[2022-12-07 04:49:43.830538: W /samgraph/samgraph/common/dist/dist_engine.cc:701] Trainer[3] register host memory...
[2022-12-07 04:49:43.830603: W /samgraph/samgraph/common/dist/dist_engine.cc[:2022-12-07 04:49:43701.] 830620Trainer[5] register host memory...: 
W /samgraph/samgraph/common/dist/dist_engine.cc:701] Trainer[2] register host memory...
[2022-12-07 04:49:43.830719: W /samgraph/samgraph/common/dist/dist_engine.cc:701] Trainer[0] register host memory...
[2022-12-07 04:49:43.831182: E /samgraph/samgraph/common/dist/dist_engine.cc:85] Running on V100
[2022-12-07 04:49:43.831325: W /samgraph/samgraph/common/dist/dist_engine.cc:701] Trainer[4] register host memory...
[2022-12-07 04:49:44. 93421: E /samgraph/samgraph/common/dist/dist_engine.cc:85] Running on V100
[2022-12-07 04:49:44. 93584: E /samgraph/samgraph/common/dist/dist_engine.cc:85] Running on V100
[2022-12-07 04:49:44.100404: W /samgraph/samgraph/common/cuda/cuda_device.cc:49] GPU[6] alloc cuda memory 250.28 MB
[2022-12-07 04:49:44.178172: W /samgraph/samgraph/common/cuda/cuda_device.cc:49] GPU[6] alloc cuda memory 13.46 GB
[2022-12-07 04:49:46.777907: W /samgraph/samgraph/common/cuda/cuda_device.cc:49] GPU[6] alloc cuda memory 128.00 MB
[2022-12-07 04:49:46.783868: E /samgraph/samgraph/common/dist/pre_sampler.cc:41] Dist Presampler making shuffler...
[2022-12-07 04:49:46.787992: E /samgraph/samgraph/common/dist/pre_sampler.cc:44] Dist Presampler making shuffler...Done
[2022-12-07 04:49:46.788042: W /samgraph/samgraph/common/cpu/cpu_device.cc:39] WORKER[0] alloc host memory 500.55 MB
[2022-12-07 04:49:47. 12283: E /samgraph/samgraph/common/dist/pre_sampler.cc:85] Dist Presampler doing presample epoch 0
[2022-12-07 04:49:48.867642: E /samgraph/samgraph/common/dist/pre_sampler.cc:129] presample spend 0.700506 on sample, 0.052196 on copy, 1.10121 on count
[2022-12-07 04:49:48.867734: E /samgraph/samgraph/common/dist/pre_sampler.cc:85] Dist Presampler doing presample epoch 1
[2022-12-07 04:49:50.891472: E /samgraph/samgraph/common/dist/pre_sampler.cc:129] presample spend 1.3961 on sample, 0.101637 on copy, 2.37834 on count
[2022-12-07 04:49:50.891598: E /samgraph/samgraph/common/dist/pre_sampler.cc:136] max_num_inputs = 1206573, min_num_inputs = 1162958
[2022-12-07 04:49:51.110453: E /samgraph/samgraph/common/dist/pre_sampler.cc:148] presample spend 0.218735 on sort freq.
[2022-12-07 04:49:51.350024: E /samgraph/samgraph/common/dist/dist_engine.cc:524] pre sample done, delete it
[[[2022-12-07 04:49:51[[[2022-12-07 04:49:512022-12-07 04:49:51.2022-12-07 04:49:512022-12-07 04:49:512022-12-07 04:49:51..365953...365960365961: 365948365949365944: : W: : : WW WWW  /samgraph/samgraph/common/dist/dist_engine.cc   /samgraph/samgraph/common/dist/dist_engine.cc/samgraph/samgraph/common/dist/dist_engine.cc:/samgraph/samgraph/common/dist/dist_engine.cc/samgraph/samgraph/common/dist/dist_engine.cc/samgraph/samgraph/common/dist/dist_engine.cc::711:::711711] 711711711] ] Trainer[3] building cache...] ] ] Trainer[0] building cache...Trainer[4] building cache...
Trainer[5] building cache...Trainer[2] building cache...Trainer[1] building cache...




[2022-12-07 04:49:51.[366729[2022-12-07 04:49:51[[[: 2022-12-07 04:49:51.2022-12-07 04:49:512022-12-07 04:49:512022-12-07 04:49:51E.366735... 366736: 366738366737366739/samgraph/3rdparty/collcachelib/coll_cache_lib/run_config.cc: E: : : :E EEE134 /samgraph/3rdparty/collcachelib/coll_cache_lib/run_config.cc   ] /samgraph/3rdparty/collcachelib/coll_cache_lib/run_config.cc:/samgraph/3rdparty/collcachelib/coll_cache_lib/run_config.cc/samgraph/3rdparty/collcachelib/coll_cache_lib/run_config.cc/samgraph/3rdparty/collcachelib/coll_cache_lib/run_config.ccusing concurrent impl MPS:134:::
134] 134134134] using concurrent impl MPS] ] ] using concurrent impl MPS
using concurrent impl MPSusing concurrent impl MPSusing concurrent impl MPS



[2022-12-07 04:49:51.370569: E /samgraph/3rdparty/collcachelib/coll_cache_lib/coll_cache/asymm_link_desc.cc:196] build asymm link desc with 6X Tesla V100-SXM2-32GB out of 8
[[2022-12-07 04:49:512022-12-07 04:49:51..370612370620: : EE  /samgraph/3rdparty/collcachelib/coll_cache_lib/coll_cache/asymm_link_desc.cc/samgraph/3rdparty/collcachelib/coll_cache_lib/coll_cache/asymm_link_desc.cc::196197] ] build asymm link desc with 6X Tesla V100-SXM2-32GB out of 8[remote time is 8.68421
2022-12-07 04:49:51
.370655: E[ [2022-12-07 04:49:51/samgraph/3rdparty/collcachelib/coll_cache_lib/coll_cache/asymm_link_desc.cc2022-12-07 04:49:51.:.370682196370685: ] : Ebuild asymm link desc with 6X Tesla V100-SXM2-32GB out of 8E 
[ /samgraph/3rdparty/collcachelib/coll_cache_lib/coll_cache/asymm_link_desc.cc2022-12-07 04:49:51/samgraph/3rdparty/collcachelib/coll_cache_lib/coll_cache/asymm_link_desc.cc:[.:1982022-12-07 04:49:51370709197] [.: ] cpu time is 302022-12-07 04:49:51370734Eremote time is 8.68421
.: [ 
370752E2022-12-07 04:49:51/samgraph/3rdparty/collcachelib/coll_cache_lib/coll_cache/asymm_link_desc.cc: [ .:E2022-12-07 04:49:51/samgraph/3rdparty/collcachelib/coll_cache_lib/coll_cache/asymm_link_desc.cc370793196 .:: ] /samgraph/3rdparty/collcachelib/coll_cache_lib/coll_cache/asymm_link_desc.cc370836197Ebuild asymm link desc with 6X Tesla V100-SXM2-32GB out of 8:: ]  
196Eremote time is 8.68421/samgraph/3rdparty/collcachelib/coll_cache_lib/coll_cache/asymm_link_desc.cc]  
[:build asymm link desc with 6X Tesla V100-SXM2-32GB out of 8/samgraph/3rdparty/collcachelib/coll_cache_lib/coll_cache/asymm_link_desc.cc2022-12-07 04:49:51196[
:.] 2022-12-07 04:49:51198370932build asymm link desc with 6X Tesla V100-SXM2-32GB out of 8[.] : 
2022-12-07 04:49:51370962cpu time is 30E[.: 
 2022-12-07 04:49:51370995E/samgraph/3rdparty/collcachelib/coll_cache_lib/coll_cache/asymm_link_desc.cc.:  :371034E /samgraph/3rdparty/collcachelib/coll_cache_lib/coll_cache/asymm_link_desc.cc197: /samgraph/3rdparty/collcachelib/coll_cache_lib/coll_cache/asymm_link_desc.cc:] E:198remote time is 8.68421 197] 
/samgraph/3rdparty/collcachelib/coll_cache_lib/coll_cache/asymm_link_desc.cc] cpu time is 30:remote time is 8.68421[
197
2022-12-07 04:49:51] .remote time is 8.68421371137[
: 2022-12-07 04:49:51E. [371164/samgraph/3rdparty/collcachelib/coll_cache_lib/coll_cache/asymm_link_desc.cc2022-12-07 04:49:51: :.E198371177 ] : /samgraph/3rdparty/collcachelib/coll_cache_lib/coll_cache/asymm_link_desc.cccpu time is 30E:
 198/samgraph/3rdparty/collcachelib/coll_cache_lib/coll_cache/asymm_link_desc.cc] :cpu time is 30198
] cpu time is 30
[2022-12-07 04:50:19.938762: E /samgraph/3rdparty/collcachelib/coll_cache_lib/facade.cc:115] solver created. now build & solve
[2022-12-07 04:50:19.967178: E /samgraph/3rdparty/collcachelib/coll_cache_lib/facade.cc:120] solver built. now solve
[2022-12-07 04:50:19.967238: E /samgraph/3rdparty/collcachelib/coll_cache_lib/coll_cache/optimal_solver_class.cc:895] num_cached_nodes = 16402091
[2022-12-07 04:50:20.654450: E /samgraph/3rdparty/collcachelib/coll_cache_lib/facade.cc:124] solver solved
[2022-12-07 04:50:20.654551: E /samgraph/3rdparty/collcachelib/coll_cache_lib/facade.cc:187] 0 solved master
[2022-12-07 04:50:20.654598: E /samgraph/3rdparty/collcachelib/coll_cache_lib/facade.cc:194] 0 solved
[2022-12-07 04:50:20.654628: E /samgraph/3rdparty/collcachelib/coll_cache_lib/facade.cc:197] worker 0 thread 0 initing device 0
[2022-12-07 04:50:20.667971: E /samgraph/3rdparty/collcachelib/coll_cache_lib/facade.cc:194] 2 solved
[2022-12-07 04:50:20.668035: E /samgraph/3rdparty/collcachelib/coll_cache_lib/facade.cc:197] worker 2 thread 2 initing device 2
[[2022-12-07 04:50:202022-12-07 04:50:20..670391670390: : EE  [/samgraph/3rdparty/collcachelib/coll_cache_lib/facade.cc/samgraph/3rdparty/collcachelib/coll_cache_lib/facade.cc[2022-12-07 04:50:20::2022-12-07 04:50:20.194194.670439] ] 670444: 1 solved3 solved: E

E  /samgraph/3rdparty/collcachelib/coll_cache_lib/facade.cc[/samgraph/3rdparty/collcachelib/coll_cache_lib/facade.cc[:2022-12-07 04:50:20:2022-12-07 04:50:20194.194.] 670524] 6705265 solved: 4 solved: 
E
E [ /samgraph/3rdparty/collcachelib/coll_cache_lib/facade.cc[2022-12-07 04:50:20/samgraph/3rdparty/collcachelib/coll_cache_lib/facade.cc:2022-12-07 04:50:20.:197.670576197] 670581: ] worker 1 thread 1 initing device 1: Eworker 3 thread 3 initing device 3
E 
 /samgraph/3rdparty/collcachelib/coll_cache_lib/facade.cc/samgraph/3rdparty/collcachelib/coll_cache_lib/facade.cc::197197] ] worker 5 thread 5 initing device 5worker 4 thread 4 initing device 4

[2022-12-07 04:50:23.564148: E /samgraph/3rdparty/collcachelib/coll_cache_lib/cache_context.cu:1740] Collaborative GPU cache (policy: rep_cache) | local 16402091 / 65608366 nodes ( 25.00 %~25.00 %) | remote 0 / 65608366 nodes ( 0.00 %) | cpu 49206275 / 65608366 nodes ( 75.00 %) | 15.64 GB | 2.89142 secs 
[2022-12-07 04:50:23.564774: E /samgraph/3rdparty/collcachelib/coll_cache_lib/cache_context.cu:1740] Collaborative GPU cache (policy: rep_cache) | local 16402091 / 65608366 nodes ( 25.00 %~25.00 %) | remote 0 / 65608366 nodes ( 0.00 %) | cpu 49206275 / 65608366 nodes ( 75.00 %) | 15.64 GB | 2.89216 secs 
[2022-12-07 04:50:23.565662: E /samgraph/3rdparty/collcachelib/coll_cache_lib/cache_context.cu:1740] Collaborative GPU cache (policy: rep_cache) | local 16402091 / 65608366 nodes ( 25.00 %~25.00 %) | remote 0 / 65608366 nodes ( 0.00 %) | cpu 49206275 / 65608366 nodes ( 75.00 %) | 15.64 GB | 2.893 secs 
[2022-12-07 04:50:23.566392: E /samgraph/3rdparty/collcachelib/coll_cache_lib/cache_context.cu:1740] Collaborative GPU cache (policy: rep_cache) | local 16402091 / 65608366 nodes ( 25.00 %~25.00 %) | remote 0 / 65608366 nodes ( 0.00 %) | cpu 49206275 / 65608366 nodes ( 75.00 %) | 15.64 GB | 2.91066 secs 
[2022-12-07 04:50:23.566745: E /samgraph/3rdparty/collcachelib/coll_cache_lib/cache_context.cu:1740] Collaborative GPU cache (policy: rep_cache) | local 16402091 / 65608366 nodes ( 25.00 %~25.00 %) | remote 0 / 65608366 nodes ( 0.00 %) | cpu 49206275 / 65608366 nodes ( 75.00 %) | 15.64 GB | 2.89419 secs 
[2022-12-07 04:50:23.567097: E /samgraph/3rdparty/collcachelib/coll_cache_lib/cache_context.cu:1740] Collaborative GPU cache (policy: rep_cache) | local 16402091 / 65608366 nodes ( 25.00 %~25.00 %) | remote 0 / 65608366 nodes ( 0.00 %) | cpu 49206275 / 65608366 nodes ( 75.00 %) | 15.64 GB | 2.89804 secs 
[2022-12-07 04:50:23.567529: W /samgraph/3rdparty/collcachelib/coll_cache_lib/cache_context.cu:2004] before create ctx, mem is 16.97 GB
[2022-12-07 04:50:25.194677: W /samgraph/3rdparty/collcachelib/coll_cache_lib/cache_context.cu:2010] after create ctx, mem is 17.44 GB
[2022-12-07 04:50:25.194833: W /samgraph/3rdparty/collcachelib/coll_cache_lib/cache_context.cu:2017] after create stream, mem is 17.44 GB
[2022-12-07 04:50:25.195074: W /samgraph/3rdparty/collcachelib/coll_cache_lib/cache_context.cu:2004] before create ctx, mem is 17.44 GB
[2022-12-07 04:50:26.870455: W /samgraph/3rdparty/collcachelib/coll_cache_lib/cache_context.cu:2010] after create ctx, mem is 17.90 GB
[2022-12-07 04:50:26.870584: W /samgraph/3rdparty/collcachelib/coll_cache_lib/cache_context.cu:2017] after create stream, mem is 17.90 GB
[2022-12-07 04:50:26.870826: W /samgraph/3rdparty/collcachelib/coll_cache_lib/cache_context.cu:2004] before create ctx, mem is 17.90 GB
[2022-12-07 04:50:28.606789: W /samgraph/3rdparty/collcachelib/coll_cache_lib/cache_context.cu:2010] after create ctx, mem is 18.30 GB
[2022-12-07 04:50:28.606916: W /samgraph/3rdparty/collcachelib/coll_cache_lib/cache_context.cu:2017] after create stream, mem is 18.30 GB
[2022-12-07 04:50:28.607180: W /samgraph/3rdparty/collcachelib/coll_cache_lib/cache_context.cu:2004] before create ctx, mem is 18.30 GB
[2022-12-07 04:50:30.395123: W /samgraph/3rdparty/collcachelib/coll_cache_lib/cache_context.cu:2010] after create ctx, mem is 18.94 GB
[2022-12-07 04:50:30.395925: W /samgraph/3rdparty/collcachelib/coll_cache_lib/cache_context.cu:2017] after create stream, mem is 18.94 GB
[2022-12-07 04:50:30.396342: W /samgraph/3rdparty/collcachelib/coll_cache_lib/cache_context.cu:2004] before create ctx, mem is 18.94 GB
[2022-12-07 04:50:32.146092: W /samgraph/3rdparty/collcachelib/coll_cache_lib/cache_context.cu:2010] after create ctx, mem is 19.31 GB
[2022-12-07 04:50:32.146217: W /samgraph/3rdparty/collcachelib/coll_cache_lib/cache_context.cu:2017] after create stream, mem is 19.31 GB
[[2022-12-07 04:50:32[[2022-12-07 04:50:32.2022-12-07 04:50:32[2022-12-07 04:50:32.[182947.2022-12-07 04:50:32.1829622022-12-07 04:50:32: 182947.182947: .E: 182962: E182962 E: E : /samgraph/3rdparty/collcachelib/coll_cache_lib/run_config.cc E /samgraph/3rdparty/collcachelib/coll_cache_lib/run_config.ccE:/samgraph/3rdparty/collcachelib/coll_cache_lib/run_config.cc /samgraph/3rdparty/collcachelib/coll_cache_lib/run_config.cc: 134:/samgraph/3rdparty/collcachelib/coll_cache_lib/run_config.cc:134/samgraph/3rdparty/collcachelib/coll_cache_lib/run_config.cc] 134:134] :using concurrent impl MPS] 134] using concurrent impl MPS134
using concurrent impl MPS] using concurrent impl MPS
] 
using concurrent impl MPS
using concurrent impl MPS

[2022-12-07 04:50:32.186248: E /samgraph/3rdparty/collcachelib/coll_cache_lib/coll_cache/asymm_link_desc.cc:196] build asymm link desc with 6X Tesla V100-SXM2-32GB out of 8
[2022-12-07 04:50:32.186293: E[ 2022-12-07 04:50:32/samgraph/3rdparty/collcachelib/coll_cache_lib/coll_cache/asymm_link_desc.cc.:186296197: ] Eremote time is 8.68421 
/samgraph/3rdparty/collcachelib/coll_cache_lib/coll_cache/asymm_link_desc.cc[[:2022-12-07 04:50:322022-12-07 04:50:32196..] 186345[186356build asymm link desc with 6X Tesla V100-SXM2-32GB out of 8: 2022-12-07 04:50:32: 
E.E 186390 /samgraph/3rdparty/collcachelib/coll_cache_lib/coll_cache/asymm_link_desc.cc[: [/samgraph/3rdparty/collcachelib/coll_cache_lib/coll_cache/asymm_link_desc.cc:2022-12-07 04:50:32E2022-12-07 04:50:32:196. .198[] 186442/samgraph/3rdparty/collcachelib/coll_cache_lib/coll_cache/asymm_link_desc.cc186443] 2022-12-07 04:50:32build asymm link desc with 6X Tesla V100-SXM2-32GB out of 8: :: cpu time is 30.
E196E
186485 ]  [: /samgraph/3rdparty/collcachelib/coll_cache_lib/coll_cache/asymm_link_desc.ccbuild asymm link desc with 6X Tesla V100-SXM2-32GB out of 8/samgraph/3rdparty/collcachelib/coll_cache_lib/coll_cache/asymm_link_desc.cc2022-12-07 04:50:32E:
:. 197[196186578/samgraph/3rdparty/collcachelib/coll_cache_lib/coll_cache/asymm_link_desc.cc] 2022-12-07 04:50:32] : :remote time is 8.68421.build asymm link desc with 6X Tesla V100-SXM2-32GB out of 8E196
186643
 ] : [/samgraph/3rdparty/collcachelib/coll_cache_lib/coll_cache/asymm_link_desc.ccbuild asymm link desc with 6X Tesla V100-SXM2-32GB out of 8[E2022-12-07 04:50:32:
2022-12-07 04:50:32 .197./samgraph/3rdparty/collcachelib/coll_cache_lib/coll_cache/asymm_link_desc.cc[186704] 186717:2022-12-07 04:50:32: remote time is 8.68421: 197.E
E] [186760  remote time is 8.684212022-12-07 04:50:32: /samgraph/3rdparty/collcachelib/coll_cache_lib/coll_cache/asymm_link_desc.cc/samgraph/3rdparty/collcachelib/coll_cache_lib/coll_cache/asymm_link_desc.cc
.E::186826 [198197: /samgraph/3rdparty/collcachelib/coll_cache_lib/coll_cache/asymm_link_desc.cc2022-12-07 04:50:32] ] E:.cpu time is 30remote time is 8.68421 197186862

/samgraph/3rdparty/collcachelib/coll_cache_lib/coll_cache/asymm_link_desc.cc] [: :remote time is 8.684212022-12-07 04:50:32E198
. ] 186951[/samgraph/3rdparty/collcachelib/coll_cache_lib/coll_cache/asymm_link_desc.cccpu time is 30: 2022-12-07 04:50:32:
E.198 186985] /samgraph/3rdparty/collcachelib/coll_cache_lib/coll_cache/asymm_link_desc.cc: cpu time is 30:E
198 ] /samgraph/3rdparty/collcachelib/coll_cache_lib/coll_cache/asymm_link_desc.cccpu time is 30:
198] cpu time is 30
[2022-12-07 04:50:32.401141: E /samgraph/3rdparty/collcachelib/coll_cache_lib/facade.cc:115] solver created. now build & solve
[2022-12-07 04:50:32.413505: E /samgraph/3rdparty/collcachelib/coll_cache_lib/facade.cc:120] solver built. now solve
[2022-12-07 04:50:32.413558: E /samgraph/3rdparty/collcachelib/coll_cache_lib/coll_cache/optimal_solver_class.cc:895] num_cached_nodes = 16402091
[2022-12-07 04:50:33. 96756: E /samgraph/3rdparty/collcachelib/coll_cache_lib/facade.cc:124] solver solved
[2022-12-07 04:50:33. 96824: E /samgraph/3rdparty/collcachelib/coll_cache_lib/facade.cc:187] 0 solved master
[2022-12-07 04:50:33. 96852: E /samgraph/3rdparty/collcachelib/coll_cache_lib/facade.cc:194] 0 solved
[2022-12-07 04:50:33. 96879: E /samgraph/3rdparty/collcachelib/coll_cache_lib/facade.cc:197] worker 0 thread 0 initing device 0
[2022-12-07 04:50:33.112174: E /samgraph/3rdparty/collcachelib/coll_cache_lib/facade.cc:194] 5 solved[
2022-12-07 04:50:33.112222: [E2022-12-07 04:50:33 [[./samgraph/3rdparty/collcachelib/coll_cache_lib/facade.cc[2022-12-07 04:50:332022-12-07 04:50:33112254:2022-12-07 04:50:33..: 194.112246112246E] 112258: :  1 solved: EE/samgraph/3rdparty/collcachelib/coll_cache_lib/facade.cc
E  : /samgraph/3rdparty/collcachelib/coll_cache_lib/facade.cc[2022-12-07 04:50:33/samgraph/3rdparty/collcachelib/coll_cache_lib/facade.cc197/samgraph/3rdparty/collcachelib/coll_cache_lib/facade.cc:.:] :194112372194worker 5 thread 5 initing device 5194] : ] 
] 4 solvedE2 solved3 solved
 

/samgraph/3rdparty/collcachelib/coll_cache_lib/facade.cc[:[2022-12-07 04:50:33[1972022-12-07 04:50:33.2022-12-07 04:50:33] .112484.worker 1 thread 1 initing device 1112491: 112494
: E: E E /samgraph/3rdparty/collcachelib/coll_cache_lib/facade.cc /samgraph/3rdparty/collcachelib/coll_cache_lib/facade.cc:/samgraph/3rdparty/collcachelib/coll_cache_lib/facade.cc:197:197] 197] worker 4 thread 4 initing device 4] worker 2 thread 2 initing device 2
worker 3 thread 3 initing device 3

[2022-12-07 04:50:34.788858: W /samgraph/samgraph/common/cuda/cuda_device.cc:49] GPU[0] alloc cuda memory 1.26 GB
[2022-12-07 04:50:34.792189: W /samgraph/samgraph/common/cuda/cuda_device.cc:49] GPU[0] alloc cuda memory 12.58 MB
[2022-12-07 04:50:34.795428: W /samgraph/samgraph/common/cuda/cuda_device.cc:49] GPU[0] alloc cuda memory 12.58 MB
[2022-12-07 04:50:36.438387: W /samgraph/samgraph/common/cuda/cuda_device.cc:49] GPU[0] alloc cuda memory 1.26 GB
[2022-12-07 04:50:36.441857: W /samgraph/samgraph/common/cuda/cuda_device.cc:49] GPU[0] alloc cuda memory 11.34 MB
/usr/local/lib/python3.8/dist-packages/torch/nn/parallel/scatter_gather.py:9: UserWarning: is_namedtuple is deprecated, please use the python checks instead
  warnings.warn("is_namedtuple is deprecated, please use the python checks instead")
/usr/local/lib/python3.8/dist-packages/torch/nn/parallel/scatter_gather.py:9: UserWarning: is_namedtuple is deprecated, please use the python checks instead
  warnings.warn("is_namedtuple is deprecated, please use the python checks instead")
/usr/local/lib/python3.8/dist-packages/torch/nn/parallel/scatter_gather.py:9: UserWarning: is_namedtuple is deprecated, please use the python checks instead
  warnings.warn("is_namedtuple is deprecated, please use the python checks instead")
/usr/local/lib/python3.8/dist-packages/torch/nn/parallel/scatter_gather.py:9: UserWarning: is_namedtuple is deprecated, please use the python checks instead
  warnings.warn("is_namedtuple is deprecated, please use the python checks instead")
/usr/local/lib/python3.8/dist-packages/torch/nn/parallel/scatter_gather.py:9: UserWarning: is_namedtuple is deprecated, please use the python checks instead
  warnings.warn("is_namedtuple is deprecated, please use the python checks instead")
/usr/local/lib/python3.8/dist-packages/torch/nn/parallel/scatter_gather.py:9: UserWarning: is_namedtuple is deprecated, please use the python checks instead
  warnings.warn("is_namedtuple is deprecated, please use the python checks instead")
