[2022-12-09 03:49:38.168156: W /samgraph/samgraph/common/cpu/mmap_cpu_device.cc:92] mmap allocating space 12.87 GB
[2022-12-09 03:49:38.168246: W /samgraph/samgraph/common/cpu/mmap_cpu_device.cc:97] mmap allocating space 12.87 GB done
[2022-12-09 03:49:45.308975: W /samgraph/samgraph/common/cpu/mmap_cpu_device.cc:92] mmap allocating space 48.00 GB
[2022-12-09 03:49:45.309056: W /samgraph/samgraph/common/cpu/mmap_cpu_device.cc:97] mmap allocating space 48.00 GB done
[2022-12-09 03:49:45.309097: W /samgraph/samgraph/common/cpu/mmap_cpu_device.cc:92] mmap allocating space 1.82 GB
[2022-12-09 03:49:45.309130: W /samgraph/samgraph/common/cpu/mmap_cpu_device.cc:97] mmap allocating space 1.82 GB done
[2022-12-09 03:49:45.314999: W /samgraph/samgraph/common/cpu/mmap_cpu_device.cc:92] mmap allocating space 19.28 GB
[2022-12-09 03:49:45.315048: W /samgraph/samgraph/common/cpu/mmap_cpu_device.cc:97] mmap allocating space 19.28 GB done
/usr/lib/python3/dist-packages/requests/__init__.py:89: RequestsDependencyWarning: urllib3 (1.26.12) or chardet (3.0.4) doesn't match a supported version!
  warnings.warn("urllib3 ({}) or chardet ({}) doesn't match a supported "
[2022-12-09 03:49:45.894710: W /samgraph/samgraph/common/dist/dist_engine.cc:662] Trainer[0] initializing...
[2022-12-09 03:49:46. 23640: W /samgraph/samgraph/common/dist/dist_engine.cc:662] Trainer[3] initializing...
[2022-12-09 03:49:46. 37202: W /samgraph/samgraph/common/dist/dist_engine.cc:662] Trainer[2] initializing...
[2022-12-09 03:49:46. 43779: W /samgraph/samgraph/common/dist/dist_engine.cc:662] Trainer[1] initializing...
[2022-12-09 03:49:46. 86282: W /samgraph/samgraph/common/dist/dist_engine.cc:662] Trainer[5] initializing...
[2022-12-09 03:49:46.197004: W /samgraph/samgraph/common/dist/dist_engine.cc:662] Trainer[4] initializing...
[2022-12-09 03:49:47.935715: W /samgraph/samgraph/common/dist/dist_engine.cc:666] Trainer[0] pin memory queue...
[2022-12-09 03:49:48. 14849: W /samgraph/samgraph/common/dist/dist_engine.cc:666] Trainer[1] pin memory queue...
[2022-12-09 03:49:48. 27378: W /samgraph/samgraph/common/dist/dist_engine.cc:666] Trainer[2] pin memory queue...
[2022-12-09 03:49:48. 32491: W /samgraph/samgraph/common/dist/dist_engine.cc:666] Trainer[5] pin memory queue...
[2022-12-09 03:49:48. 64190: W /samgraph/samgraph/common/dist/dist_engine.cc:666] Trainer[3] pin memory queue...
[2022-12-09 03:49:48.140632: W /samgraph/samgraph/common/dist/dist_engine.cc:666] Trainer[4] pin memory queue...
[2022-12-09 03:49:57.978441: E /samgraph/samgraph/common/dist/dist_engine.cc:85] Running on V100[
2022-12-09 03:49:57.978485: E /samgraph/samgraph/common/dist/dist_engine.cc:85] Running on V100
[2022-12-09 03:49:57.978533: E /samgraph/samgraph/common/dist/dist_engine.cc:85] Running on V100
[2022-12-09 03:49:57.978656: E /samgraph/samgraph/common/dist/dist_engine.cc:85] Running on V100
[2022-12-09 03:49:57.978766: W [/samgraph/samgraph/common/dist/dist_engine.cc2022-12-09 03:49:57:.701978781] : Trainer[5] register host memory...W
 /samgraph/samgraph/common/dist/dist_engine.cc:701] Trainer[1] register host memory...
[[2022-12-09 03:49:572022-12-09 03:49:57..978831978849: : EW  /samgraph/samgraph/common/dist/dist_engine.cc/samgraph/samgraph/common/dist/dist_engine.cc::85701] ] Running on V100Trainer[4] register host memory...

[2022-12-09 03:49:57.978979: W /samgraph/samgraph/common/dist/dist_engine.cc:701] Trainer[0] register host memory...
[2022-12-09 03:49:57.979103: W /samgraph/samgraph/common/dist/dist_engine.cc:701] Trainer[2] register host memory...
[2022-12-09 03:49:57.980559: E /samgraph/samgraph/common/dist/dist_engine.cc:85] Running on V100
[2022-12-09 03:49:57.980713: W /samgraph/samgraph/common/dist/dist_engine.cc:701] Trainer[3] register host memory...
[2022-12-09 03:49:58.245207: E /samgraph/samgraph/common/dist/dist_engine.cc:85] Running on V100
[2022-12-09 03:49:58.245744: E /samgraph/samgraph/common/dist/dist_engine.cc:85] Running on V100
[2022-12-09 03:49:58.252073: W /samgraph/samgraph/common/cuda/cuda_device.cc:49] GPU[6] alloc cuda memory 931.40 MB
[2022-12-09 03:49:58.460807: W /samgraph/samgraph/common/cuda/cuda_device.cc:49] GPU[6] alloc cuda memory 12.87 GB
[2022-12-09 03:50:01.219081: W /samgraph/samgraph/common/cuda/cuda_device.cc:49] GPU[6] alloc cuda memory 64.00 MB
[2022-12-09 03:50:01.224963: E /samgraph/samgraph/common/dist/pre_sampler.cc:41] Dist Presampler making shuffler...
[2022-12-09 03:50:01.229274: E /samgraph/samgraph/common/dist/pre_sampler.cc:44] Dist Presampler making shuffler...Done
[2022-12-09 03:50:01.229321: W /samgraph/samgraph/common/cpu/cpu_device.cc:39] WORKER[0] alloc host memory 1.82 GB
[2022-12-09 03:50:02. 48353: E /samgraph/samgraph/common/dist/pre_sampler.cc:85] Dist Presampler doing presample epoch 0
[2022-12-09 03:50:04.  4510: E /samgraph/samgraph/common/dist/pre_sampler.cc:129] presample spend 0.708776 on sample, 0.0586786 on copy, 1.18552 on count
[2022-12-09 03:50:04.  4591: E /samgraph/samgraph/common/dist/pre_sampler.cc:85] Dist Presampler doing presample epoch 1
[2022-12-09 03:50:05.942673: E /samgraph/samgraph/common/dist/pre_sampler.cc:129] presample spend 1.41033 on sample, 0.115383 on copy, 2.36233 on count
[2022-12-09 03:50:05.942777: E /samgraph/samgraph/common/dist/pre_sampler.cc:136] max_num_inputs = 595271, min_num_inputs = 560892
[2022-12-09 03:50:06.413031: E /samgraph/samgraph/common/dist/pre_sampler.cc:148] presample spend 0.470166 on sort freq.
[2022-12-09 03:50:07.351412: E /samgraph/samgraph/common/dist/dist_engine.cc:524] pre sample done, delete it
[[[[2022-12-09 03:50:072022-12-09 03:50:072022-12-09 03:50:07[[2022-12-09 03:50:07...2022-12-09 03:50:072022-12-09 03:50:07.410789410785410788..410785: : : 410805410806: WWW: : W   WW /samgraph/samgraph/common/dist/dist_engine.cc/samgraph/samgraph/common/dist/dist_engine.cc/samgraph/samgraph/common/dist/dist_engine.cc  /samgraph/samgraph/common/dist/dist_engine.cc:::/samgraph/samgraph/common/dist/dist_engine.cc/samgraph/samgraph/common/dist/dist_engine.cc:711711711::711] ] ] 711711] Trainer[2] building cache...Trainer[1] building cache...Trainer[4] building cache...] ] Trainer[5] building cache...


Trainer[3] building cache...Trainer[0] building cache...


[[[2022-12-09 03:50:07[[[2022-12-09 03:50:072022-12-09 03:50:07.2022-12-09 03:50:072022-12-09 03:50:072022-12-09 03:50:07..411950...411951411951: 411959411962411962: : E: : : EE EEE  /samgraph/3rdparty/collcachelib/coll_cache_lib/run_config.cc   /samgraph/3rdparty/collcachelib/coll_cache_lib/run_config.cc/samgraph/3rdparty/collcachelib/coll_cache_lib/run_config.cc:/samgraph/3rdparty/collcachelib/coll_cache_lib/run_config.cc/samgraph/3rdparty/collcachelib/coll_cache_lib/run_config.cc/samgraph/3rdparty/collcachelib/coll_cache_lib/run_config.cc::134:::134134] 134134134] ] using concurrent impl MPS] ] ] using concurrent impl MPSusing concurrent impl MPS
using concurrent impl MPSusing concurrent impl MPSusing concurrent impl MPS




[2022-12-09 03:50:07.415229: E /samgraph/3rdparty/collcachelib/coll_cache_lib/coll_cache/asymm_link_desc.cc:172] v100x8, slow pcie
[2022-12-09 03:50:07.415274: E /samgraph/3rdparty/collcachelib/coll_cache_lib/coll_cache/asymm_link_desc.cc:[2002022-12-09 03:50:07] .build asymm link desc with 6X Tesla V100-SXM2-32GB out of 8415282
: E /samgraph/3rdparty/collcachelib/coll_cache_lib/coll_cache/asymm_link_desc.cc:172] v100x8, slow pcie[
2022-12-09 03:50:07[.2022-12-09 03:50:07415333.[: 4153342022-12-09 03:50:07E: . E415357[/samgraph/3rdparty/collcachelib/coll_cache_lib/coll_cache/asymm_link_desc.cc : 2022-12-09 03:50:07:/samgraph/3rdparty/collcachelib/coll_cache_lib/coll_cache/asymm_link_desc.ccE.201: 415382] 172/samgraph/3rdparty/collcachelib/coll_cache_lib/coll_cache/asymm_link_desc.cc: remote time is 8.68421[] :E
2022-12-09 03:50:07v100x8, slow pcie200 .
[] /samgraph/3rdparty/collcachelib/coll_cache_lib/coll_cache/asymm_link_desc.cc[4154312022-12-09 03:50:07build asymm link desc with 6X Tesla V100-SXM2-32GB out of 8:2022-12-09 03:50:07: [.
172.E2022-12-09 03:50:07415469] 415472 .[: v100x8, slow pcie: /samgraph/3rdparty/collcachelib/coll_cache_lib/coll_cache/asymm_link_desc.cc4154972022-12-09 03:50:07E
E:: .  172E415538[/samgraph/3rdparty/collcachelib/coll_cache_lib/coll_cache/asymm_link_desc.cc/samgraph/3rdparty/collcachelib/coll_cache_lib/coll_cache/asymm_link_desc.cc]  : 2022-12-09 03:50:07::v100x8, slow pcie/samgraph/3rdparty/collcachelib/coll_cache_lib/coll_cache/asymm_link_desc.ccE.202172
: 415597] ] 200/samgraph/3rdparty/collcachelib/coll_cache_lib/coll_cache/asymm_link_desc.cc: cpu time is 97.0588v100x8, slow pcie[] :E

2022-12-09 03:50:07build asymm link desc with 6X Tesla V100-SXM2-32GB out of 8201 .
] /samgraph/3rdparty/collcachelib/coll_cache_lib/coll_cache/asymm_link_desc.cc[415665remote time is 8.68421:2022-12-09 03:50:07: [
200.E[2022-12-09 03:50:07] 415706 2022-12-09 03:50:07.build asymm link desc with 6X Tesla V100-SXM2-32GB out of 8: /samgraph/3rdparty/collcachelib/coll_cache_lib/coll_cache/asymm_link_desc.cc.415723
E:415747:  200: [E/samgraph/3rdparty/collcachelib/coll_cache_lib/coll_cache/asymm_link_desc.cc] E2022-12-09 03:50:07 :build asymm link desc with 6X Tesla V100-SXM2-32GB out of 8 ./samgraph/3rdparty/collcachelib/coll_cache_lib/coll_cache/asymm_link_desc.cc200
/samgraph/3rdparty/collcachelib/coll_cache_lib/coll_cache/asymm_link_desc.cc415797:] :: [201build asymm link desc with 6X Tesla V100-SXM2-32GB out of 8202E2022-12-09 03:50:07] 
]  .remote time is 8.68421cpu time is 97.0588/samgraph/3rdparty/collcachelib/coll_cache_lib/coll_cache/asymm_link_desc.cc[415871

:2022-12-09 03:50:07: 201.[E] 4159212022-12-09 03:50:07 remote time is 8.68421: ./samgraph/3rdparty/collcachelib/coll_cache_lib/coll_cache/asymm_link_desc.cc
E415945: : [201/samgraph/3rdparty/collcachelib/coll_cache_lib/coll_cache/asymm_link_desc.ccE2022-12-09 03:50:07] : .remote time is 8.68421201/samgraph/3rdparty/collcachelib/coll_cache_lib/coll_cache/asymm_link_desc.cc415991
] :: remote time is 8.68421[202E
2022-12-09 03:50:07]  .[cpu time is 97.0588/samgraph/3rdparty/collcachelib/coll_cache_lib/coll_cache/asymm_link_desc.cc4160482022-12-09 03:50:07
:: .202E416073]  : cpu time is 97.0588/samgraph/3rdparty/collcachelib/coll_cache_lib/coll_cache/asymm_link_desc.ccE
: 202/samgraph/3rdparty/collcachelib/coll_cache_lib/coll_cache/asymm_link_desc.cc] :cpu time is 97.0588202
] cpu time is 97.0588
[2022-12-09 03:50:29.178407: E /samgraph/3rdparty/collcachelib/coll_cache_lib/facade.cc:118] solver created. now build & solve
[2022-12-09 03:50:29.273518: E /samgraph/3rdparty/collcachelib/coll_cache_lib/facade.cc:123] solver built. now solve
block 0 storage is 00001001
	access is	0	0	0	3	3	3	
block 1 storage is 00010010
	access is	1	1	1	4	4	4	
block 2 storage is 00100100
	access is	2	2	2	5	5	5	
block 3 storage is 00000000
	access is	6	6	6	6	6	6	
[2022-12-09 03:50:30.812913: E /samgraph/3rdparty/collcachelib/coll_cache_lib/facade.cc:127] solver solved
[2022-12-09 03:50:30.812983: E /samgraph/3rdparty/collcachelib/coll_cache_lib/facade.cc:195] 0 solved master
[2022-12-09 03:50:30.813032: E /samgraph/3rdparty/collcachelib/coll_cache_lib/facade.cc:202] 0 solved
[2022-12-09 03:50:30.813061: E /samgraph/3rdparty/collcachelib/coll_cache_lib/facade.cc:205] worker 0 thread 0 initing device 0
[2022-12-09 03:50:30.814607: E /samgraph/3rdparty/collcachelib/coll_cache_lib/cache_context.cu:1766] Building Coll Cache with ... num gpu device is 6
[2022-12-09 03:50:30.849908: E /samgraph/3rdparty/collcachelib/coll_cache_lib/facade.cc:202] 1 solved
[2022-12-09 03:50:30.849970: E /samgraph/3rdparty/collcachelib/coll_cache_lib/facade.cc:205] worker 1 thread 1 initing device 1
[2022-12-09 03:50:30.850644: E /samgraph/3rdparty/collcachelib/coll_cache_lib/facade.cc:202] 5 solved
[2022-12-09 03:50:30.850700: E /samgraph/3rdparty/collcachelib/coll_cache_lib/facade.cc:205] worker 5 thread 5 initing device 5
[2022-12-09 03:50:30.851275: E /samgraph/3rdparty/collcachelib/coll_cache_lib/facade.cc:202[] 2022-12-09 03:50:304 solved.
851313: E [/samgraph/3rdparty/collcachelib/coll_cache_lib/cache_context.cu2022-12-09 03:50:30:.1766851351] : Building Coll Cache with ... num gpu device is 6E
 /samgraph/3rdparty/collcachelib/coll_cache_lib/facade.cc:205] worker 4 thread 4 initing device 4
[2022-12-09 03:50:30.852632: E /samgraph/3rdparty/collcachelib/coll_cache_lib/facade.cc:202] 2 solved
[2022-12-09 03:50:30.852682: E /samgraph/3rdparty/collcachelib/coll_cache_lib/facade.cc:205] worker 2 thread 2 initing device 2
[2022-12-09 03:50:30.853064: E /samgraph/3rdparty/collcachelib/coll_cache_lib/facade.cc:202] 3 solved
[2022-12-09 03:50:30.853114: E /samgraph/3rdparty/collcachelib/coll_cache_lib/facade.cc:205] worker 3 thread 3 initing device 3
[2022-12-09 03:50:30.853341: E /samgraph/3rdparty/collcachelib/coll_cache_lib/cache_context.cu:1766] Building Coll Cache with ... num gpu device is 6
[2022-12-09 03:50:30.853420: E /samgraph/3rdparty/collcachelib/coll_cache_lib/cache_context.cu:1766] Building Coll Cache with ... num gpu device is 6
[2022-12-09 03:50:30.857847: E /samgraph/3rdparty/collcachelib/coll_cache_lib/cache_context.cu:1766] Building Coll Cache with ... num gpu device is 6
[2022-12-09 03:50:30.857935: E /samgraph/3rdparty/collcachelib/coll_cache_lib/cache_context.cu:1766] Building Coll Cache with ... num gpu device is 6
[2022-12-09 03:50:31.  2532: W /samgraph/3rdparty/collcachelib/coll_cache_lib/cache_context.cu:1806] using empty feat=25
[2022-12-09 03:50:31. 67158: W /samgraph/3rdparty/collcachelib/coll_cache_lib/cache_context.cu:1806] using empty feat=25
[[2022-12-09 03:50:312022-12-09 03:50:31.. 67254 67267: : WW  /samgraph/3rdparty/collcachelib/coll_cache_lib/cache_context.cu/samgraph/3rdparty/collcachelib/coll_cache_lib/cache_context.cu::18061806[] ] 2022-12-09 03:50:31using empty feat=25using empty feat=25.

 67309: W /samgraph/3rdparty/collcachelib/coll_cache_lib/cache_context.cu:1806] using empty feat=25
[2022-12-09 03:50:31. 69910: W /samgraph/3rdparty/collcachelib/coll_cache_lib/cache_context.cu:1806] using empty feat=25
[[[[[[2022-12-09 03:50:312022-12-09 03:50:312022-12-09 03:50:312022-12-09 03:50:312022-12-09 03:50:312022-12-09 03:50:31......752426752426752426752426752426752426: : : : : : EEEEEE      /samgraph/3rdparty/collcachelib/coll_cache_lib/cache_context.cu/samgraph/3rdparty/collcachelib/coll_cache_lib/cache_context.cu/samgraph/3rdparty/collcachelib/coll_cache_lib/cache_context.cu/samgraph/3rdparty/collcachelib/coll_cache_lib/cache_context.cu/samgraph/3rdparty/collcachelib/coll_cache_lib/cache_context.cu/samgraph/3rdparty/collcachelib/coll_cache_lib/cache_context.cu::::::187718771877187718771877] ] ] ] ] ] Device 5 init p2p of link 0Device 3 init p2p of link 4Device 2 init p2p of link 1Device 4 init p2p of link 3Device 0 init p2p of link 1Device 1 init p2p of link 0





[2022-12-09 03:50:31.768633: E /samgraph/3rdparty/collcachelib/coll_cache_lib/cache_context.cu:1877] Device 5 init p2p of link 3
[2022-12-09 03:50:31.770172: E /samgraph/3rdparty/collcachelib/coll_cache_lib/cache_context.cu:1877] Device 2 init p2p of link 0
[2022-12-09 03:50:31.771287: E /samgraph/3rdparty/collcachelib/coll_cache_lib/cache_context.cu:1877] Device 3 init p2p of link 5
[2022-12-09 03:50:31.771583: E /samgraph/3rdparty/collcachelib/coll_cache_lib/cache_context.cu:1877] Device 4 init p2p of link 2
[2022-12-09 03:50:31.771775: E /samgraph/3rdparty/collcachelib/coll_cache_lib/cache_context.cu:1877] Device 0 init p2p of link 5
[2022-12-09 03:50:31.772063: E /samgraph/3rdparty/collcachelib/coll_cache_lib/cache_context.cu:1877] Device 1 init p2p of link 2
[2022-12-09 03:50:31.780600: E /samgraph/3rdparty/collcachelib/coll_cache_lib/cache_context.cu:1877] Device 5 init p2p of link 4
[2022-12-09 03:50:31.785119: E /samgraph/3rdparty/collcachelib/coll_cache_lib/cache_context.cu:1877] Device 4 init p2p of link 5
[2022-12-09 03:50:31.785408: E /samgraph/3rdparty/collcachelib/coll_cache_lib/cache_context.cu:1877] Device 0 init p2p of link 2
[2022-12-09 03:50:31.785588: E /samgraph/3rdparty/collcachelib/coll_cache_lib/cache_context.cu:1877] Device 3 init p2p of link 1
[2022-12-09 03:50:31.785917: E /samgraph/3rdparty/collcachelib/coll_cache_lib/cache_context.cu:1877] Device 2 init p2p of link 4
[2022-12-09 03:50:31.787559: E /samgraph/3rdparty/collcachelib/coll_cache_lib/cache_context.cu:1877] Device 1 init p2p of link 3
[2022-12-09 03:50:31.795702: E /samgraph/3rdparty/collcachelib/coll_cache_lib/cache_context.cu:1906] Asymm Coll cache (policy: clique_part) | local 2441604 / 244160499 nodes ( 1.00 %~1.00 %) | remote 4883208 / 244160499 nodes ( 2.00 %) | cpu 236835687 / 244160499 nodes ( 97.00 %) | 3.53 GB | 0.942317 secs 
[2022-12-09 03:50:31.801367: E /samgraph/3rdparty/collcachelib/coll_cache_lib/cache_context.cu:1906] Asymm Coll cache (policy: clique_part) | local 2441604 / 244160499 nodes ( 1.00 %~1.00 %) | remote 4883208 / 244160499 nodes ( 2.00 %) | cpu 236835687 / 244160499 nodes ( 97.00 %) | 3.53 GB | 0.943384 secs 
[2022-12-09 03:50:31.801438: E /samgraph/3rdparty/collcachelib/coll_cache_lib/cache_context.cu:1906] Asymm Coll cache (policy: clique_part) | local 2441604 / 244160499 nodes ( 1.00 %~1.00 %) | remote 4883208 / 244160499 nodes ( 2.00 %) | cpu 236835687 / 244160499 nodes ( 97.00 %) | 3.53 GB | 0.943548 secs 
[2022-12-09 03:50:31.801829: E /samgraph/3rdparty/collcachelib/coll_cache_lib/cache_context.cu:1906] Asymm Coll cache (policy: clique_part) | local 2441604 / 244160499 nodes ( 1.00 %~1.00 %) | remote 4883208 / 244160499 nodes ( 2.00 %) | cpu 236835687 / 244160499 nodes ( 97.00 %) | 3.53 GB | 0.948364 secs 
[2022-12-09 03:50:31.801943: E /samgraph/3rdparty/collcachelib/coll_cache_lib/cache_context.cu:1906] Asymm Coll cache (policy: clique_part) | local 2441604 / 244160499 nodes ( 1.00 %~1.00 %) | remote 4883208 / 244160499 nodes ( 2.00 %) | cpu 236835687 / 244160499 nodes ( 97.00 %) | 3.53 GB | 0.950542 secs 
[2022-12-09 03:50:31.803807: E /samgraph/3rdparty/collcachelib/coll_cache_lib/cache_context.cu:1906] Asymm Coll cache (policy: clique_part) | local 2441604 / 244160499 nodes ( 1.00 %~1.00 %) | remote 4883208 / 244160499 nodes ( 2.00 %) | cpu 236835687 / 244160499 nodes ( 97.00 %) | 3.53 GB | 0.989156 secs 
[2022-12-09 03:50:31.805713: W /samgraph/3rdparty/collcachelib/coll_cache_lib/cache_context.cu:2010] before create ctx, mem is 6.18 GB
[2022-12-09 03:50:33.474021: W /samgraph/3rdparty/collcachelib/coll_cache_lib/cache_context.cu:2016] after create ctx, mem is 6.64 GB
[2022-12-09 03:50:33.475087: W /samgraph/3rdparty/collcachelib/coll_cache_lib/cache_context.cu:2023] after create stream, mem is 6.64 GB
[2022-12-09 03:50:33.475475: W /samgraph/3rdparty/collcachelib/coll_cache_lib/cache_context.cu:2010] before create ctx, mem is 6.64 GB
[2022-12-09 03:50:34.959375: W /samgraph/3rdparty/collcachelib/coll_cache_lib/cache_context.cu:2016] after create ctx, mem is 7.11 GB
[2022-12-09 03:50:34.959806: W /samgraph/3rdparty/collcachelib/coll_cache_lib/cache_context.cu:2023] after create stream, mem is 7.11 GB
[2022-12-09 03:50:34.960269: W /samgraph/3rdparty/collcachelib/coll_cache_lib/cache_context.cu:2010] before create ctx, mem is 7.11 GB
[2022-12-09 03:50:36.485810: W /samgraph/3rdparty/collcachelib/coll_cache_lib/cache_context.cu:2016] after create ctx, mem is 7.51 GB
[2022-12-09 03:50:36.485933: W /samgraph/3rdparty/collcachelib/coll_cache_lib/cache_context.cu:2023] after create stream, mem is 7.51 GB
[2022-12-09 03:50:36.486246: W /samgraph/3rdparty/collcachelib/coll_cache_lib/cache_context.cu:2010] before create ctx, mem is 7.51 GB
[2022-12-09 03:50:38. 60407: W /samgraph/3rdparty/collcachelib/coll_cache_lib/cache_context.cu:2016] after create ctx, mem is 8.14 GB
[2022-12-09 03:50:38. 60518: W /samgraph/3rdparty/collcachelib/coll_cache_lib/cache_context.cu:2023] after create stream, mem is 8.14 GB
[2022-12-09 03:50:38. 61093: W /samgraph/3rdparty/collcachelib/coll_cache_lib/cache_context.cu:2010] before create ctx, mem is 8.14 GB
[2022-12-09 03:50:39.485014: W /samgraph/3rdparty/collcachelib/coll_cache_lib/cache_context.cu:2016] after create ctx, mem is 8.52 GB
[2022-12-09 03:50:39.485164: W /samgraph/3rdparty/collcachelib/coll_cache_lib/cache_context.cu:2023] after create stream, mem is 8.52 GB
[[2022-12-09 03:50:39[[2022-12-09 03:50:39.[2022-12-09 03:50:392022-12-09 03:50:39[.9005522022-12-09 03:50:39..2022-12-09 03:50:39900560: .900552900566.: E900560: : 900570E : EE:  /samgraph/3rdparty/collcachelib/coll_cache_lib/run_config.ccE  E/samgraph/3rdparty/collcachelib/coll_cache_lib/run_config.cc: /samgraph/3rdparty/collcachelib/coll_cache_lib/run_config.cc/samgraph/3rdparty/collcachelib/coll_cache_lib/run_config.cc :134/samgraph/3rdparty/collcachelib/coll_cache_lib/run_config.cc::/samgraph/3rdparty/collcachelib/coll_cache_lib/run_config.cc134] :134134:] using concurrent impl MPS134] ] 134using concurrent impl MPS
] using concurrent impl MPSusing concurrent impl MPS] 
using concurrent impl MPS

using concurrent impl MPS

[2022-12-09 03:50:39.903946: E /samgraph/3rdparty/collcachelib/coll_cache_lib/coll_cache/asymm_link_desc.cc:172] v100x8, slow pcie
[2022-12-09 03:50:39.903992: E[ 2022-12-09 03:50:39/samgraph/3rdparty/collcachelib/coll_cache_lib/coll_cache/asymm_link_desc.cc.:903997200: ] Ebuild asymm link desc with 6X Tesla V100-SXM2-32GB out of 8 
/samgraph/3rdparty/collcachelib/coll_cache_lib/coll_cache/asymm_link_desc.cc:172] [v100x8, slow pcie[2022-12-09 03:50:39
2022-12-09 03:50:39..904046904059: : EE [ /samgraph/3rdparty/collcachelib/coll_cache_lib/coll_cache/asymm_link_desc.cc[2022-12-09 03:50:39/samgraph/3rdparty/collcachelib/coll_cache_lib/coll_cache/asymm_link_desc.cc:2022-12-09 03:50:39.:172.904086201] 904089: ] v100x8, slow pcie: Eremote time is 8.68421[
E 
2022-12-09 03:50:39 /samgraph/3rdparty/collcachelib/coll_cache_lib/coll_cache/asymm_link_desc.cc.[[/samgraph/3rdparty/collcachelib/coll_cache_lib/coll_cache/asymm_link_desc.cc:[9041402022-12-09 03:50:392022-12-09 03:50:39:2002022-12-09 03:50:39: ..172] .E904178904181] build asymm link desc with 6X Tesla V100-SXM2-32GB out of 8904182 : : v100x8, slow pcie
: /samgraph/3rdparty/collcachelib/coll_cache_lib/coll_cache/asymm_link_desc.ccEE
[E:  2022-12-09 03:50:39 172/samgraph/3rdparty/collcachelib/coll_cache_lib/coll_cache/asymm_link_desc.cc/samgraph/3rdparty/collcachelib/coll_cache_lib/coll_cache/asymm_link_desc.cc[./samgraph/3rdparty/collcachelib/coll_cache_lib/coll_cache/asymm_link_desc.cc] ::2022-12-09 03:50:39904274:v100x8, slow pcie200202.: 172
] ] 904289E] build asymm link desc with 6X Tesla V100-SXM2-32GB out of 8cpu time is 97.0588:  v100x8, slow pcie
[
E/samgraph/3rdparty/collcachelib/coll_cache_lib/coll_cache/asymm_link_desc.cc
2022-12-09 03:50:39 [:.[/samgraph/3rdparty/collcachelib/coll_cache_lib/coll_cache/asymm_link_desc.cc2022-12-09 03:50:392019043592022-12-09 03:50:39:.] : .200904385remote time is 8.68421E904402] : 
 : build asymm link desc with 6X Tesla V100-SXM2-32GB out of 8E/samgraph/3rdparty/collcachelib/coll_cache_lib/coll_cache/asymm_link_desc.ccE[
 : 2022-12-09 03:50:39/samgraph/3rdparty/collcachelib/coll_cache_lib/coll_cache/asymm_link_desc.cc200/samgraph/3rdparty/collcachelib/coll_cache_lib/coll_cache/asymm_link_desc.cc.[:] :9044652022-12-09 03:50:39201build asymm link desc with 6X Tesla V100-SXM2-32GB out of 8200: .] 
] E904491remote time is 8.68421build asymm link desc with 6X Tesla V100-SXM2-32GB out of 8 : 
[
/samgraph/3rdparty/collcachelib/coll_cache_lib/coll_cache/asymm_link_desc.ccE2022-12-09 03:50:39[: .[2022-12-09 03:50:39202/samgraph/3rdparty/collcachelib/coll_cache_lib/coll_cache/asymm_link_desc.cc9045492022-12-09 03:50:39.] :: .904567cpu time is 97.0588201E904576: 
]  : Eremote time is 8.68421/samgraph/3rdparty/collcachelib/coll_cache_lib/coll_cache/asymm_link_desc.ccE 
: /samgraph/3rdparty/collcachelib/coll_cache_lib/coll_cache/asymm_link_desc.cc201/samgraph/3rdparty/collcachelib/coll_cache_lib/coll_cache/asymm_link_desc.cc[:] :2022-12-09 03:50:39202remote time is 8.68421201.] 
] 904695cpu time is 97.0588[remote time is 8.68421: 
2022-12-09 03:50:39
E. [904745/samgraph/3rdparty/collcachelib/coll_cache_lib/coll_cache/asymm_link_desc.cc2022-12-09 03:50:39: :.E202904771 ] : /samgraph/3rdparty/collcachelib/coll_cache_lib/coll_cache/asymm_link_desc.cccpu time is 97.0588E:
 202/samgraph/3rdparty/collcachelib/coll_cache_lib/coll_cache/asymm_link_desc.cc] :cpu time is 97.0588202
] cpu time is 97.0588
[[[[[[2022-12-09 03:50:402022-12-09 03:50:402022-12-09 03:50:402022-12-09 03:50:402022-12-09 03:50:402022-12-09 03:50:40......716128716127716127716127716128716128: : : : : : EEEEEE      /samgraph/3rdparty/collcachelib/coll_cache_lib/facade.cc/samgraph/3rdparty/collcachelib/coll_cache_lib/facade.cc/samgraph/3rdparty/collcachelib/coll_cache_lib/facade.cc/samgraph/3rdparty/collcachelib/coll_cache_lib/facade.cc/samgraph/3rdparty/collcachelib/coll_cache_lib/facade.cc/samgraph/3rdparty/collcachelib/coll_cache_lib/facade.cc::::::202202202202202202] ] ] ] ] ] 2 solved5 solved3 solved1 solved0 solved4 solved





[[[[2022-12-09 03:50:402022-12-09 03:50:40[[2022-12-09 03:50:402022-12-09 03:50:40..2022-12-09 03:50:402022-12-09 03:50:40..716418716421..716422716424: : 716427716429: : EE: : EE  EE  /samgraph/3rdparty/collcachelib/coll_cache_lib/facade.cc/samgraph/3rdparty/collcachelib/coll_cache_lib/facade.cc  /samgraph/3rdparty/collcachelib/coll_cache_lib/facade.cc/samgraph/3rdparty/collcachelib/coll_cache_lib/facade.cc::/samgraph/3rdparty/collcachelib/coll_cache_lib/facade.cc/samgraph/3rdparty/collcachelib/coll_cache_lib/facade.cc::205205:205:205205] ] ] 205] ] worker 2 thread 2 initing device 2worker 5 thread 5 initing device 5worker 0 thread 0 initing device 0] worker 3 thread 3 initing device 3worker 1 thread 1 initing device 1


worker 4 thread 4 initing device 4


[2022-12-09 03:50:42.330066: W /samgraph/samgraph/common/cuda/cuda_device.cc:49] GPU[0] alloc cuda memory 934.32 MB
[2022-12-09 03:50:43.802868: W /samgraph/samgraph/common/cuda/cuda_device.cc:49] GPU[0] alloc cuda memory 934.32 MB
/usr/local/lib/python3.8/dist-packages/torch/nn/parallel/scatter_gather.py:9: UserWarning: is_namedtuple is deprecated, please use the python checks instead
  warnings.warn("is_namedtuple is deprecated, please use the python checks instead")
/usr/local/lib/python3.8/dist-packages/torch/nn/parallel/scatter_gather.py:9: UserWarning: is_namedtuple is deprecated, please use the python checks instead
  warnings.warn("is_namedtuple is deprecated, please use the python checks instead")
/usr/local/lib/python3.8/dist-packages/torch/nn/parallel/scatter_gather.py:9: UserWarning: is_namedtuple is deprecated, please use the python checks instead
  warnings.warn("is_namedtuple is deprecated, please use the python checks instead")
/usr/local/lib/python3.8/dist-packages/torch/nn/parallel/scatter_gather.py:9: UserWarning: is_namedtuple is deprecated, please use the python checks instead
  warnings.warn("is_namedtuple is deprecated, please use the python checks instead")
/usr/local/lib/python3.8/dist-packages/torch/nn/parallel/scatter_gather.py:9: UserWarning: is_namedtuple is deprecated, please use the python checks instead
  warnings.warn("is_namedtuple is deprecated, please use the python checks instead")
/usr/local/lib/python3.8/dist-packages/torch/nn/parallel/scatter_gather.py:9: UserWarning: is_namedtuple is deprecated, please use the python checks instead
  warnings.warn("is_namedtuple is deprecated, please use the python checks instead")
