config:eval_tsp="2022-12-09 04:47:10"
config:arch=arch5
config:num_train_worker=6
config:num_sample_worker=2
config:sample_type=khop2
config:root_path=/nvme/samgraph/
config:dataset=mag240m-homo
config:pipeline=False
config:cache_policy=rep
config:cache_percentage=0.06
config:num_epoch=4
config:batch_size=8000
config:num_hidden=256
config:max_sampling_jobs=1
config:max_copying_jobs=1
config:barriered_epoch=1
config:presample_epoch=2
config:omp_thread_num=6
config:unsupervised=False
config:amp=True
config:rolling=0
config:fanout=[25, 10]
config:lr=0.003
config:dropout=0.5
config:single_gpu=False
config:max_num_step=100000
config:validate_configs=False
config:report_acc=0
config:dataset_path=/nvme/samgraph/mag240m-homo
config:torch_thread_num=8
config:train_workers=['cuda:0', 'cuda:1', 'cuda:2', 'cuda:3', 'cuda:4', 'cuda:5']
config:sample_workers=['cuda:6', 'cuda:7']
config:num_fanout=2
config:num_layer=2
config:_run_mode=RunMode.FGNN
config:_log_level=warn
config:_profile_level=3
config:_empty_feat=25
config:_arch=5
config:_sample_type=5
config:_cache_policy=12
test_result:init:input_scale_factor=1.1
coll_cache:optimal_rep_storage=0.06
coll_cache:optimal_part_storage=0
coll_cache:optimal_cpu_storage=0.94
coll_cache:optimal_local_storage=0.06
coll_cache:optimal_remote_storage=0
coll_cache:optimal_local_rate=0.96119
coll_cache:optimal_remote_rate=0
coll_cache:optimal_cpu_rate=0.0388095
z=570.697
test_result:init:feat_nbytes=375030526464
test_result:init:cache_nbytes=22501830144
test_result:init:feat_nbytes=375030526464
test_result:init:cache_nbytes=22501830144
test_result:init:feat_nbytes=375030526464
test_result:init:cache_nbytes=22501830144
test_result:init:feat_nbytes=375030526464
test_result:init:cache_nbytes=22501830144
test_result:init:feat_nbytes=375030526464
test_result:init:cache_nbytes=22501830144
test_result:init:feat_nbytes=375030526464
test_result:init:cache_nbytes=22501830144
test_result:init:cache_nbytes=0
test_result:init:cache_nbytes=0
test_result:init:cache_nbytes=0
test_result:init:cache_nbytes=0
test_result:init:cache_nbytes=0
test_result:init:cache_nbytes=0
[Train  Worker 0/6] Started with PID 17785(Tesla V100-SXM2-32GB)
[Train  Worker 0] run train for 4 epochs with 144 steps
Epoch 00000 | Epoch Time 2.8080 | Total Train Time(Profiler) 2.0816 | Copy Time 0.7233
Epoch 00001 | Epoch Time 1.3111 | Total Train Time(Profiler) 0.6278 | Copy Time 0.6809
Epoch 00002 | Epoch Time 1.3115 | Total Train Time(Profiler) 0.6222 | Copy Time 0.6869
Epoch 00003 | Epoch Time 1.3100 | Total Train Time(Profiler) 0.6256 | Copy Time 0.6821
[Train  Worker 0] Avg Epoch Time 1.3109 | Train Total Time(Profiler) 0.6252 | Copy Time 0.6833
[Train  Worker 5/6] Started with PID 17800(Tesla V100-SXM2-32GB)
[Train  Worker 5] run train for 4 epochs with 144 steps
[Train  Worker 5] Avg Epoch Time 1.3109 | Train Total Time(Profiler) 0.6280 | Copy Time 0.6806
[Train  Worker 1/6] Started with PID 17787(Tesla V100-SXM2-32GB)
[Train  Worker 1] run train for 4 epochs with 144 steps
[Train  Worker 1] Avg Epoch Time 1.3109 | Train Total Time(Profiler) 0.5857 | Copy Time 0.7229
[Train  Worker 2/6] Started with PID 17790(Tesla V100-SXM2-32GB)
[Train  Worker 2] run train for 4 epochs with 144 steps
[Train  Worker 2] Avg Epoch Time 1.3109 | Train Total Time(Profiler) 0.5850 | Copy Time 0.7235
[Train  Worker 4/6] Started with PID 17796(Tesla V100-SXM2-32GB)
[Train  Worker 4] run train for 4 epochs with 144 steps
[Train  Worker 4] Avg Epoch Time 1.3109 | Train Total Time(Profiler) 0.5903 | Copy Time 0.7183
[Train  Worker 3/6] Started with PID 17794(Tesla V100-SXM2-32GB)
[Train  Worker 3] run train for 4 epochs with 144 steps
[Train  Worker 3] Avg Epoch Time 1.3109 | Train Total Time(Profiler) 0.5922 | Copy Time 0.7164
[Sample Worker 1/2] Started with PID 17783(Tesla V100-SXM2-32GB)
[Sample Worker 1] run sample for 4 epochs with 72 steps
[Sample Worker 1] Avg Sample Total Time 0.4752 | Sampler Total Time(Profiler) 0.4744
    [Step(average) Profiler Level 1 E3 S71]
        L1  sample           0.005250 | send           0.001305
        L1  recv             0.000000 | copy           0.000000 | convert time 0.000000 | train  0.000000
        L1  feature nbytes 0.00 Bytes | label nbytes 0.00 Bytes
        L1  id nbytes      0.00 Bytes | graph nbytes 0.00 Bytes
        L1  miss nbytes    0.00 Bytes | remote nbytes 0.00 Bytes
        L1  num nodes         1052624 | num samples     1460182
    [Step(average) Profiler Level 2 E3 S71]
        L2  shuffle     0.000515 | core sample  0.001626 | id remap        0.002995
        L2  graph copy  0.000000 | id copy      0.000000 | cache feat copy 0.000000
        L2  last layer sample time 0.000337 | size 65750.134259
    [Step(average) Profiler Level 3 E3 S71]
        L3  khop sample coo  0.001320 | khop sort coo      0.000000 | khop count edge     0.000043 | khop compact edge 0.000220
        L3  walk sample coo  0.000000 | walk topk total    0.000000 | walk topk step1     0.000000 | walk topk step2   0.000000
        L3  walk topk step3  0.000000 | walk topk step4    0.000000 | walk topk step5     0.000000
        L3  walk topk step6  0.000000 | walk topk step7    0.000000
        L3  remap unique     0.000000 | remap populate     0.002470 | remap mapnode       0.000000 | remap mapedge     0.000524
        L3  cache get_index  0.000000 | cache copy_index   0.000000 | cache extract_miss  0.000000
        L3  cache copy_miss  0.000000 | cache combine_miss 0.000000 | cache combine cache 0.000000 | cache combine remote 0.000000
        L3  label extract  0.000000
    [Init Profiler Level 1]
        L1  init     7.6162 | sampler init    16.6501 | trainer init 0.0000
    [Init Profiler Level 2]
        L2  load ds        10.5076 | init queue           5.2300
        L2  presample       6.0252 | build interal ds     2.4998
        L2  build cache     0.0000
    [Init Profiler Level 3]
        L3  load dataset: mmap     7.6115 | copy         2.8961
        L3  dist queue: alloc      0.0018 | pin          5.2283 | push     0.0000
        L3  presample: init        0.8181
        L3  presample: sample      1.4156 | copy         0.1021
        L3  presample: count       2.2975 | sort         0.4689
        L3  presample: reset       0.0007 | get rank     0.0516
        L3  internal: cuda ctx     2.2273 | cuda stream     0.2661
[Sample Worker 0/2] Started with PID 17782(Tesla V100-SXM2-32GB)
[Sample Worker 0] run sample for 4 epochs with 72 steps
[Sample Worker 0] Avg Sample Total Time 0.4755 | Sampler Total Time(Profiler) 0.4719
test_result:sample_time=0.3780
test_result:get_cache_miss_index_time=0.0000
test_result:enqueue_samples_time=0.0939
test_result:epoch_time:sample_total=0.4755
[CUDA] cuda0: usage: 28.45 GB
[SAM] cuda0 data alloc        : 0.00 Bytes
[SAM] cuda0 workspace         : 3.31 GB
[SAM] cuda0 workspace reserve : 1.66 GB
[SAM] cuda0 total             : 3.31 GB
    [Step(average) Profiler Level 1 E3 S143]
        L1  sample           0.000000 | send           0.000000
        L1  recv             0.002362 | copy           0.029478 | convert time 0.000407 | train  0.024638
        L1  feature nbytes    1.51 GB | label nbytes   62.50 KB
        L1  id nbytes      0.00 Bytes | graph nbytes 0.00 Bytes
        L1  miss nbytes    0.00 Bytes | remote nbytes 0.00 Bytes
        L1  num nodes               0 | num samples           0
    [Step(average) Profiler Level 2 E3 S143]
        L2  shuffle     0.000000 | core sample  0.000000 | id remap        0.000000
        L2  graph copy  0.000004 | id copy      0.000000 | cache feat copy 0.027113
        L2  last layer sample time 0.000000 | size 0.000000
    [Step(average) Profiler Level 3 E3 S143]
        L3  khop sample coo  0.000000 | khop sort coo      0.000000 | khop count edge     0.000000 | khop compact edge 0.000000
        L3  walk sample coo  0.000000 | walk topk total    0.000000 | walk topk step1     0.000000 | walk topk step2   0.000000
        L3  walk topk step3  0.000000 | walk topk step4    0.000000 | walk topk step5     0.000000
        L3  walk topk step6  0.000000 | walk topk step7    0.000000
        L3  remap unique     0.000000 | remap populate     0.000000 | remap mapnode       0.000000 | remap mapedge     0.000000
        L3  cache get_index  0.000000 | cache copy_index   0.000000 | cache extract_miss  0.000000
        L3  cache copy_miss  0.000000 | cache combine_miss 0.000000 | cache combine cache 0.026635 | cache combine remote 0.000000
        L3  label extract  0.000469
    [Init Profiler Level 1]
        L1  init     7.6162 | sampler init     0.0000 | trainer init 44.3664
    [Init Profiler Level 2]
        L2  load ds         7.6115 | init queue           5.1199
        L2  presample       0.0000 | build interal ds     2.2513
        L2  build cache    36.9900
    [Init Profiler Level 3]
        L3  load dataset: mmap     7.6115 | copy         0.0000
        L3  dist queue: alloc      0.0018 | pin          5.1181 | push     0.0000
        L3  presample: init        0.0000
        L3  presample: sample      0.0000 | copy         0.0000
        L3  presample: count       0.0000 | sort         0.0000
        L3  presample: reset       0.0000 | get rank     0.0000
        L3  internal: cuda ctx     2.2512 | cuda stream     0.0000
|===========================================================================|
|                  PyTorch CUDA memory summary, device ID 0                 |
|---------------------------------------------------------------------------|
|            CUDA OOMs: 0            |        cudaMalloc retries: 0         |
|===========================================================================|
|        Metric         | Cur Usage  | Peak Usage | Tot Alloc  | Tot Freed  |
|---------------------------------------------------------------------------|
| Allocated memory      |   42910 KB |  734411 KB |  204865 MB |  204823 MB |
|       from large pool |   33264 KB |  731375 KB |  203427 MB |  203394 MB |
|       from small pool |    9646 KB |   11952 KB |    1438 MB |    1428 MB |
|---------------------------------------------------------------------------|
| Active memory         |   42911 KB |  734411 KB |  204865 MB |  204823 MB |
|       from large pool |   33264 KB |  731375 KB |  203427 MB |  203394 MB |
|       from small pool |    9646 KB |   11952 KB |    1438 MB |    1428 MB |
|---------------------------------------------------------------------------|
| GPU reserved memory   |     886 MB |     886 MB |     886 MB |       0 B  |
|       from large pool |     870 MB |     870 MB |     870 MB |       0 B  |
|       from small pool |      16 MB |      16 MB |      16 MB |       0 B  |
|---------------------------------------------------------------------------|
| Non-releasable memory |  125025 KB |  694556 KB |  154904 MB |  154782 MB |
|       from large pool |  122383 KB |  691200 KB |  153380 MB |  153261 MB |
|       from small pool |    2641 KB |    5986 KB |    1523 MB |    1520 MB |
|---------------------------------------------------------------------------|
| Allocations           |      42    |      57    |   11560    |   11518    |
|       from large pool |       7    |      18    |    4995    |    4988    |
|       from small pool |      35    |      41    |    6565    |    6530    |
|---------------------------------------------------------------------------|
| Active allocs         |      43    |      57    |   11560    |   11517    |
|       from large pool |       7    |      18    |    4995    |    4988    |
|       from small pool |      36    |      41    |    6565    |    6529    |
|---------------------------------------------------------------------------|
| GPU reserved segments |      18    |      18    |      18    |       0    |
|       from large pool |      10    |      10    |      10    |       0    |
|       from small pool |       8    |       8    |       8    |       0    |
|---------------------------------------------------------------------------|
| Non-releasable allocs |      20    |      28    |    5508    |    5488    |
|       from large pool |       7    |      14    |    3239    |    3232    |
|       from small pool |      13    |      21    |    2269    |    2256    |
|---------------------------------------------------------------------------|
| Oversize allocations  |       0    |       0    |       0    |       0    |
|---------------------------------------------------------------------------|
| Oversize GPU segments |       0    |       0    |       0    |       0    |
|===========================================================================|

test_result:epoch_time:copy_time=0.6833
test_result:convert_time=0.0099
test_result:train_time=0.6153
test_result:epoch_time:train_total=0.6252
test_result:cache_percentage=0.0600
test_result:cache_hit_rate=1.0000
test_result:run_time=8.6576
