config:eval_tsp="2022-12-07 03:34:41"
config:arch=arch5
config:num_train_worker=6
config:num_sample_worker=2
config:sample_type=khop2
config:root_path=/nvme/samgraph/
config:dataset=papers100M-undir
config:pipeline=False
config:cache_policy=rep
config:cache_percentage=0.1
config:num_epoch=4
config:batch_size=8000
config:num_hidden=256
config:max_sampling_jobs=1
config:max_copying_jobs=1
config:barriered_epoch=1
config:presample_epoch=2
config:omp_thread_num=6
config:unsupervised=False
config:amp=True
config:rolling=0
config:fanout=[25, 10]
config:lr=0.003
config:dropout=0.5
config:single_gpu=False
config:max_num_step=100000
config:validate_configs=False
config:report_acc=0
config:dataset_path=/nvme/samgraph/papers100M-undir
config:torch_thread_num=8
config:train_workers=['cuda:0', 'cuda:1', 'cuda:2', 'cuda:3', 'cuda:4', 'cuda:5']
config:sample_workers=['cuda:6', 'cuda:7']
config:num_fanout=2
config:num_layer=2
config:_run_mode=RunMode.FGNN
config:_log_level=warn
config:_profile_level=3
config:_empty_feat=0
config:_arch=5
config:_sample_type=5
config:_cache_policy=12
test_result:init:input_scale_factor=1.1
coll_cache:optimal_rep_storage=0.1
coll_cache:optimal_part_storage=0
coll_cache:optimal_cpu_storage=0.9
coll_cache:optimal_local_storage=0.1
coll_cache:optimal_remote_storage=0
coll_cache:optimal_local_rate=0.950492
coll_cache:optimal_remote_rate=0
coll_cache:optimal_cpu_rate=0.0495081
z=730.131
test_result:init:feat_nbytes=56862697472
test_result:init:cache_nbytes=5686269440
test_result:init:feat_nbytes=56862697472
test_result:init:cache_nbytes=5686269440
test_result:init:feat_nbytes=56862697472
test_result:init:cache_nbytes=5686269440
test_result:init:feat_nbytes=56862697472
test_result:init:cache_nbytes=5686269440
test_result:init:feat_nbytes=56862697472
test_result:init:cache_nbytes=5686269440
test_result:init:feat_nbytes=56862697472
test_result:init:cache_nbytes=5686269440
coll_cache:optimal_rep_storage=0.1
coll_cache:optimal_part_storage=0
coll_cache:optimal_cpu_storage=0.9
coll_cache:optimal_local_storage=0.1
coll_cache:optimal_remote_storage=0
coll_cache:optimal_local_rate=0.950492
coll_cache:optimal_remote_rate=0
coll_cache:optimal_cpu_rate=0.0495081
z=730.131
test_result:init:cache_nbytes=0
test_result:init:cache_nbytes=0
test_result:init:cache_nbytes=0
test_result:init:cache_nbytes=0
test_result:init:cache_nbytes=0
test_result:init:cache_nbytes=0
[Train  Worker 4/6] Started with PID 34421(Tesla V100-SXM2-32GB)
[Train  Worker 4] run train for 4 epochs with 156 steps
[Train  Worker 4] Avg Epoch Time 0.6952 | Train Total Time(Profiler) 0.2374 | Copy Time 0.4547
[Train  Worker 3/6] Started with PID 34418(Tesla V100-SXM2-32GB)
[Train  Worker 3] run train for 4 epochs with 156 steps
[Train  Worker 3] Avg Epoch Time 0.6952 | Train Total Time(Profiler) 0.2360 | Copy Time 0.4564
[Train  Worker 1/6] Started with PID 34412(Tesla V100-SXM2-32GB)
[Train  Worker 1] run train for 4 epochs with 156 steps
[Train  Worker 1] Avg Epoch Time 0.6952 | Train Total Time(Profiler) 0.2371 | Copy Time 0.4553
[Train  Worker 2/6] Started with PID 34415(Tesla V100-SXM2-32GB)
[Train  Worker 2] run train for 4 epochs with 156 steps
[Train  Worker 2] Avg Epoch Time 0.6952 | Train Total Time(Profiler) 0.2371 | Copy Time 0.4553
[Train  Worker 5/6] Started with PID 34424(Tesla V100-SXM2-32GB)
[Train  Worker 5] run train for 4 epochs with 156 steps
[Train  Worker 5] Avg Epoch Time 0.6952 | Train Total Time(Profiler) 0.4594 | Copy Time 0.2330
[Train  Worker 0/6] Started with PID 34410(Tesla V100-SXM2-32GB)
[Train  Worker 0] run train for 4 epochs with 156 steps
Epoch 00000 | Epoch Time 2.1361 | Total Train Time(Profiler) 1.8580 | Copy Time 0.2747
Epoch 00001 | Epoch Time 0.6989 | Total Train Time(Profiler) 0.4637 | Copy Time 0.2323
Epoch 00002 | Epoch Time 0.6952 | Total Train Time(Profiler) 0.4616 | Copy Time 0.2308
Epoch 00003 | Epoch Time 0.6914 | Total Train Time(Profiler) 0.4533 | Copy Time 0.2352
[Train  Worker 0] Avg Epoch Time 0.6952 | Train Total Time(Profiler) 0.4596 | Copy Time 0.2328
[Sample Worker 1/2] Started with PID 34409(Tesla V100-SXM2-32GB)
[Sample Worker 1] run sample for 4 epochs with 78 steps
[Sample Worker 1] Avg Sample Total Time 0.5921 | Sampler Total Time(Profiler) 0.5914
    [Step(average) Profiler Level 1 E3 S77]
        L1  sample           0.006117 | send           0.001483
        L1  recv             0.000000 | copy           0.000000 | convert time 0.000000 | train  0.000000
        L1  feature nbytes 0.00 Bytes | label nbytes 0.00 Bytes
        L1  id nbytes      0.00 Bytes | graph nbytes 0.00 Bytes
        L1  miss nbytes    0.00 Bytes | remote nbytes 0.00 Bytes
        L1  num nodes         1099500 | num samples     1708641
    [Step(average) Profiler Level 2 E3 S77]
        L2  shuffle     0.000492 | core sample  0.002129 | id remap        0.003382
        L2  graph copy  0.000000 | id copy      0.000000 | cache feat copy 0.000000
        L2  last layer sample time 0.000363 | size 72311.602564
    [Step(average) Profiler Level 3 E3 S77]
        L3  khop sample coo  0.001792 | khop sort coo      0.000000 | khop count edge     0.000044 | khop compact edge 0.000249
        L3  walk sample coo  0.000000 | walk topk total    0.000000 | walk topk step1     0.000000 | walk topk step2   0.000000
        L3  walk topk step3  0.000000 | walk topk step4    0.000000 | walk topk step5     0.000000
        L3  walk topk step6  0.000000 | walk topk step7    0.000000
        L3  remap unique     0.000000 | remap populate     0.002762 | remap mapnode       0.000000 | remap mapedge     0.000620
        L3  cache get_index  0.000000 | cache copy_index   0.000000 | cache extract_miss  0.000000
        L3  cache copy_miss  0.000000 | cache combine_miss 0.000000 | cache combine cache 0.000000 | cache combine remote 0.000000
        L3  label extract  0.000000
    [Init Profiler Level 1]
        L1  init     7.8427 | sampler init    16.0404 | trainer init 0.0000
    [Init Profiler Level 2]
        L2  load ds        10.5170 | init queue           5.3287
        L2  presample       5.5658 | build interal ds     2.4671
        L2  build cache     0.0000
    [Init Profiler Level 3]
        L3  load dataset: mmap     7.8380 | copy         2.6790
        L3  dist queue: alloc      0.0018 | pin          5.3269 | push     0.0000
        L3  presample: init        0.3769
        L3  presample: sample      1.8018 | copy         0.1149
        L3  presample: count       2.5665 | sort         0.2783
        L3  presample: reset       0.0006 | get rank     0.0240
        L3  internal: cuda ctx     2.1874 | cuda stream     0.2727
[Sample Worker 0/2] Started with PID 34408(Tesla V100-SXM2-32GB)
[Sample Worker 0] run sample for 4 epochs with 78 steps
[Sample Worker 0] Avg Sample Total Time 0.5943 | Sampler Total Time(Profiler) 0.5928
test_result:sample_time=0.4771
test_result:get_cache_miss_index_time=0.0000
test_result:enqueue_samples_time=0.1157
test_result:epoch_time:sample_total=0.5943
[CUDA] cuda0: usage: 11.75 GB
[SAM] cuda0 data alloc        : 0.00 Bytes
[SAM] cuda0 workspace         : 1.23 GB
[SAM] cuda0 workspace reserve : 621.49 MB
[SAM] cuda0 total             : 1.23 GB
    [Step(average) Profiler Level 1 E3 S155]
        L1  sample           0.000000 | send           0.000000
        L1  recv             0.002683 | copy           0.014656 | convert time 0.000412 | train  0.011559
        L1  feature nbytes  536.89 MB | label nbytes   62.50 KB
        L1  id nbytes      0.00 Bytes | graph nbytes 0.00 Bytes
        L1  miss nbytes      33.35 MB | remote nbytes 0.00 Bytes
        L1  num nodes               0 | num samples           0
    [Step(average) Profiler Level 2 E3 S155]
        L2  shuffle     0.000000 | core sample  0.000000 | id remap        0.000000
        L2  graph copy  0.000004 | id copy      0.000000 | cache feat copy 0.011969
        L2  last layer sample time 0.000000 | size 0.000000
    [Step(average) Profiler Level 3 E3 S155]
        L3  khop sample coo  0.000000 | khop sort coo      0.000000 | khop count edge     0.000000 | khop compact edge 0.000000
        L3  walk sample coo  0.000000 | walk topk total    0.000000 | walk topk step1     0.000000 | walk topk step2   0.000000
        L3  walk topk step3  0.000000 | walk topk step4    0.000000 | walk topk step5     0.000000
        L3  walk topk step6  0.000000 | walk topk step7    0.000000
        L3  remap unique     0.000000 | remap populate     0.000000 | remap mapnode       0.000000 | remap mapedge     0.000000
        L3  cache get_index  0.000803 | cache copy_index   0.000000 | cache extract_miss  0.000000
        L3  cache copy_miss  0.000000 | cache combine_miss 0.010751 | cache combine cache 0.001757 | cache combine remote 0.000000
        L3  label extract  0.000403
    [Init Profiler Level 1]
        L1  init     7.8427 | sampler init     0.0000 | trainer init 51.4010
    [Init Profiler Level 2]
        L2  load ds         7.8380 | init queue           5.1387
        L2  presample       0.0000 | build interal ds     2.1456
        L2  build cache    44.1149
    [Init Profiler Level 3]
        L3  load dataset: mmap     7.8380 | copy         0.0000
        L3  dist queue: alloc      0.0018 | pin          5.1369 | push     0.0000
        L3  presample: init        0.0000
        L3  presample: sample      0.0000 | copy         0.0000
        L3  presample: count       0.0000 | sort         0.0000
        L3  presample: reset       0.0000 | get rank     0.0000
        L3  internal: cuda ctx     2.1456 | cuda stream     0.0001
|===========================================================================|
|                  PyTorch CUDA memory summary, device ID 0                 |
|---------------------------------------------------------------------------|
|            CUDA OOMs: 0            |        cudaMalloc retries: 0         |
|===========================================================================|
|        Metric         | Cur Usage  | Peak Usage | Tot Alloc  | Tot Freed  |
|---------------------------------------------------------------------------|
| Allocated memory      |   22895 KB |  402626 KB |  145107 MB |  145084 MB |
|       from large pool |   18218 KB |  399247 KB |  144029 MB |  144011 MB |
|       from small pool |    4677 KB |    7088 KB |    1077 MB |    1073 MB |
|---------------------------------------------------------------------------|
| Active memory         |   22895 KB |  402626 KB |  145107 MB |  145084 MB |
|       from large pool |   18218 KB |  399247 KB |  144029 MB |  144011 MB |
|       from small pool |    4677 KB |    7088 KB |    1077 MB |    1073 MB |
|---------------------------------------------------------------------------|
| GPU reserved memory   |  579584 KB |  579584 KB |  579584 KB |       0 B  |
|       from large pool |  571392 KB |  571392 KB |  571392 KB |       0 B  |
|       from small pool |    8192 KB |    8192 KB |    8192 KB |       0 B  |
|---------------------------------------------------------------------------|
| Non-releasable memory |   24208 KB |  374069 KB |  168445 MB |  168421 MB |
|       from large pool |   22742 KB |  373008 KB |  167217 MB |  167195 MB |
|       from small pool |    1466 KB |    3606 KB |    1227 MB |    1226 MB |
|---------------------------------------------------------------------------|
| Allocations           |      38    |      51    |   11583    |   11545    |
|       from large pool |       3    |      14    |    4576    |    4573    |
|       from small pool |      35    |      39    |    7007    |    6972    |
|---------------------------------------------------------------------------|
| Active allocs         |      39    |      51    |   11583    |   11544    |
|       from large pool |       3    |      14    |    4576    |    4573    |
|       from small pool |      36    |      39    |    7007    |    6971    |
|---------------------------------------------------------------------------|
| GPU reserved segments |      13    |      13    |      13    |       0    |
|       from large pool |       9    |       9    |       9    |       0    |
|       from small pool |       4    |       4    |       4    |       0    |
|---------------------------------------------------------------------------|
| Non-releasable allocs |      13    |      22    |    5425    |    5412    |
|       from large pool |       4    |      12    |    2682    |    2678    |
|       from small pool |       9    |      14    |    2743    |    2734    |
|---------------------------------------------------------------------------|
| Oversize allocations  |       0    |       0    |       0    |       0    |
|---------------------------------------------------------------------------|
| Oversize GPU segments |       0    |       0    |       0    |       0    |
|===========================================================================|

test_result:epoch_time:copy_time=0.2328
test_result:convert_time=0.0108
test_result:train_time=0.4488
test_result:epoch_time:train_total=0.4596
test_result:cache_percentage=0.1000
test_result:cache_hit_rate=1.0000
test_result:run_time=6.6377
