config:eval_tsp="2022-12-09 04:23:52"
config:arch=arch5
config:num_train_worker=6
config:num_sample_worker=2
config:sample_type=khop2
config:root_path=/nvme/samgraph/
config:dataset=mag240m-homo
config:pipeline=False
config:cache_policy=rep
config:cache_percentage=0.01
config:num_epoch=4
config:batch_size=8000
config:num_hidden=256
config:max_sampling_jobs=1
config:max_copying_jobs=1
config:barriered_epoch=1
config:presample_epoch=2
config:omp_thread_num=6
config:unsupervised=False
config:amp=True
config:rolling=0
config:fanout=[25, 10]
config:lr=0.003
config:dropout=0.5
config:single_gpu=False
config:max_num_step=100000
config:validate_configs=False
config:report_acc=0
config:dataset_path=/nvme/samgraph/mag240m-homo
config:torch_thread_num=8
config:train_workers=['cuda:0', 'cuda:1', 'cuda:2', 'cuda:3', 'cuda:4', 'cuda:5']
config:sample_workers=['cuda:6', 'cuda:7']
config:num_fanout=2
config:num_layer=2
config:_run_mode=RunMode.FGNN
config:_log_level=warn
config:_profile_level=3
config:_empty_feat=25
config:_arch=5
config:_sample_type=5
config:_cache_policy=12
test_result:init:input_scale_factor=1.1
coll_cache:optimal_rep_storage=0.01
coll_cache:optimal_part_storage=0
coll_cache:optimal_cpu_storage=0.99
coll_cache:optimal_local_storage=0.01
coll_cache:optimal_remote_storage=0
coll_cache:optimal_local_rate=0.593914
coll_cache:optimal_remote_rate=0
coll_cache:optimal_cpu_rate=0.406086
z=4829.33
test_result:init:feat_nbytes=375030526464
test_result:init:cache_nbytes=3750303744
test_result:init:feat_nbytes=375030526464
test_result:init:cache_nbytes=3750303744
test_result:init:feat_nbytes=375030526464
test_result:init:cache_nbytes=3750303744
test_result:init:feat_nbytes=375030526464
test_result:init:cache_nbytes=3750303744
test_result:init:feat_nbytes=375030526464
test_result:init:cache_nbytes=3750303744
test_result:init:feat_nbytes=375030526464
test_result:init:cache_nbytes=3750303744
test_result:init:cache_nbytes=0
test_result:init:cache_nbytes=0
test_result:init:cache_nbytes=0
test_result:init:cache_nbytes=0
test_result:init:cache_nbytes=0
test_result:init:cache_nbytes=0
[Train  Worker 5/6] Started with PID 11225(Tesla V100-SXM2-32GB)
[Train  Worker 5] run train for 4 epochs with 144 steps
[Train  Worker 5] Avg Epoch Time 4.1332 | Train Total Time(Profiler) 2.4609 | Copy Time 1.6700
[Train  Worker 3/6] Started with PID 11218(Tesla V100-SXM2-32GB)
[Train  Worker 3] run train for 4 epochs with 144 steps
[Train  Worker 3] Avg Epoch Time 4.1332 | Train Total Time(Profiler) 0.5957 | Copy Time 3.5348
[Train  Worker 2/6] Started with PID 11216(Tesla V100-SXM2-32GB)
[Train  Worker 2] run train for 4 epochs with 144 steps
[Train  Worker 2] Avg Epoch Time 4.1332 | Train Total Time(Profiler) 0.6303 | Copy Time 3.5006
[Train  Worker 0/6] Started with PID 11211(Tesla V100-SXM2-32GB)
[Train  Worker 0] run train for 4 epochs with 144 steps
Epoch 00000 | Epoch Time 5.4804 | Total Train Time(Profiler) 3.7515 | Copy Time 1.7260
Epoch 00001 | Epoch Time 4.1357 | Total Train Time(Profiler) 2.4409 | Copy Time 1.6926
Epoch 00002 | Epoch Time 4.1345 | Total Train Time(Profiler) 2.4362 | Copy Time 1.6959
Epoch 00003 | Epoch Time 4.1294 | Total Train Time(Profiler) 2.4325 | Copy Time 1.6944
[Train  Worker 0] Avg Epoch Time 4.1332 | Train Total Time(Profiler) 2.4365 | Copy Time 1.6943
[Train  Worker 4/6] Started with PID 11222(Tesla V100-SXM2-32GB)
[Train  Worker 4] run train for 4 epochs with 144 steps
[Train  Worker 4] Avg Epoch Time 4.1333 | Train Total Time(Profiler) 0.6026 | Copy Time 3.5282
[Train  Worker 1/6] Started with PID 11213(Tesla V100-SXM2-32GB)
[Train  Worker 1] run train for 4 epochs with 144 steps
[Train  Worker 1] Avg Epoch Time 4.1332 | Train Total Time(Profiler) 0.6309 | Copy Time 3.5000
[Sample Worker 1/2] Started with PID 11210(Tesla V100-SXM2-32GB)
[Sample Worker 1] run sample for 4 epochs with 72 steps
[Sample Worker 1] Avg Sample Total Time 0.4737 | Sampler Total Time(Profiler) 0.4722
    [Step(average) Profiler Level 1 E3 S71]
        L1  sample           0.005295 | send           0.001305
        L1  recv             0.000000 | copy           0.000000 | convert time 0.000000 | train  0.000000
        L1  feature nbytes 0.00 Bytes | label nbytes 0.00 Bytes
        L1  id nbytes      0.00 Bytes | graph nbytes 0.00 Bytes
        L1  miss nbytes    0.00 Bytes | remote nbytes 0.00 Bytes
        L1  num nodes         1052716 | num samples     1460386
    [Step(average) Profiler Level 2 E3 S71]
        L2  shuffle     0.000514 | core sample  0.001652 | id remap        0.003013
        L2  graph copy  0.000000 | id copy      0.000000 | cache feat copy 0.000000
        L2  last layer sample time 0.000344 | size 65758.166667
    [Step(average) Profiler Level 3 E3 S71]
        L3  khop sample coo  0.001336 | khop sort coo      0.000000 | khop count edge     0.000044 | khop compact edge 0.000229
        L3  walk sample coo  0.000000 | walk topk total    0.000000 | walk topk step1     0.000000 | walk topk step2   0.000000
        L3  walk topk step3  0.000000 | walk topk step4    0.000000 | walk topk step5     0.000000
        L3  walk topk step6  0.000000 | walk topk step7    0.000000
        L3  remap unique     0.000000 | remap populate     0.002488 | remap mapnode       0.000000 | remap mapedge     0.000525
        L3  cache get_index  0.000000 | cache copy_index   0.000000 | cache extract_miss  0.000000
        L3  cache copy_miss  0.000000 | cache combine_miss 0.000000 | cache combine cache 0.000000 | cache combine remote 0.000000
        L3  label extract  0.000000
    [Init Profiler Level 1]
        L1  init     7.6867 | sampler init    16.4763 | trainer init 0.0000
    [Init Profiler Level 2]
        L2  load ds        10.7367 | init queue           5.0918
        L2  presample       5.9269 | build interal ds     2.4039
        L2  build cache     0.0000
    [Init Profiler Level 3]
        L3  load dataset: mmap     7.6819 | copy         3.0548
        L3  dist queue: alloc      0.0018 | pin          5.0899 | push     0.0000
        L3  presample: init        0.8166
        L3  presample: sample      1.4156 | copy         0.1017
        L3  presample: count       2.2195 | sort         0.4307
        L3  presample: reset       0.0007 | get rank     0.0518
        L3  internal: cuda ctx     2.1308 | cuda stream     0.2665
[Sample Worker 0/2] Started with PID 11209(Tesla V100-SXM2-32GB)
[Sample Worker 0] run sample for 4 epochs with 72 steps
[Sample Worker 0] Avg Sample Total Time 0.4759 | Sampler Total Time(Profiler) 0.4752
test_result:sample_time=0.3812
test_result:get_cache_miss_index_time=0.0000
test_result:enqueue_samples_time=0.0940
test_result:epoch_time:sample_total=0.4759
[CUDA] cuda0: usage: 10.95 GB
[SAM] cuda0 data alloc        : 0.00 Bytes
[SAM] cuda0 workspace         : 3.28 GB
[SAM] cuda0 workspace reserve : 1.64 GB
[SAM] cuda0 total             : 3.28 GB
    [Step(average) Profiler Level 1 E3 S143]
        L1  sample           0.000000 | send           0.000000
        L1  recv             0.002302 | copy           0.121150 | convert time 0.000432 | train  0.050536
        L1  feature nbytes    1.51 GB | label nbytes   62.50 KB
        L1  id nbytes      0.00 Bytes | graph nbytes 0.00 Bytes
        L1  miss nbytes    0.00 Bytes | remote nbytes 0.00 Bytes
        L1  num nodes               0 | num samples           0
    [Step(average) Profiler Level 2 E3 S143]
        L2  shuffle     0.000000 | core sample  0.000000 | id remap        0.000000
        L2  graph copy  0.000004 | id copy      0.000000 | cache feat copy 0.118845
        L2  last layer sample time 0.000000 | size 0.000000
    [Step(average) Profiler Level 3 E3 S143]
        L3  khop sample coo  0.000000 | khop sort coo      0.000000 | khop count edge     0.000000 | khop compact edge 0.000000
        L3  walk sample coo  0.000000 | walk topk total    0.000000 | walk topk step1     0.000000 | walk topk step2   0.000000
        L3  walk topk step3  0.000000 | walk topk step4    0.000000 | walk topk step5     0.000000
        L3  walk topk step6  0.000000 | walk topk step7    0.000000
        L3  remap unique     0.000000 | remap populate     0.000000 | remap mapnode       0.000000 | remap mapedge     0.000000
        L3  cache get_index  0.000000 | cache copy_index   0.000000 | cache extract_miss  0.000000
        L3  cache copy_miss  0.000000 | cache combine_miss 0.000000 | cache combine cache 0.118400 | cache combine remote 0.000000
        L3  label extract  0.000435
    [Init Profiler Level 1]
        L1  init     7.6867 | sampler init     0.0000 | trainer init 41.5640
    [Init Profiler Level 2]
        L2  load ds         7.6819 | init queue           5.0277
        L2  presample       0.0000 | build interal ds     2.1092
        L2  build cache    34.4223
    [Init Profiler Level 3]
        L3  load dataset: mmap     7.6819 | copy         0.0000
        L3  dist queue: alloc      0.0018 | pin          5.0259 | push     0.0000
        L3  presample: init        0.0000
        L3  presample: sample      0.0000 | copy         0.0000
        L3  presample: count       0.0000 | sort         0.0000
        L3  presample: reset       0.0000 | get rank     0.0000
        L3  internal: cuda ctx     2.1092 | cuda stream     0.0000
|===========================================================================|
|                  PyTorch CUDA memory summary, device ID 0                 |
|---------------------------------------------------------------------------|
|            CUDA OOMs: 0            |        cudaMalloc retries: 0         |
|===========================================================================|
|        Metric         | Cur Usage  | Peak Usage | Tot Alloc  | Tot Freed  |
|---------------------------------------------------------------------------|
| Allocated memory      |   42266 KB |  729595 KB |  204941 MB |  204900 MB |
|       from large pool |   32630 KB |  726562 KB |  203503 MB |  203471 MB |
|       from small pool |    9636 KB |   11957 KB |    1438 MB |    1428 MB |
|---------------------------------------------------------------------------|
| Active memory         |   42267 KB |  729595 KB |  204941 MB |  204900 MB |
|       from large pool |   32630 KB |  726562 KB |  203503 MB |  203471 MB |
|       from small pool |    9636 KB |   11957 KB |    1438 MB |    1428 MB |
|---------------------------------------------------------------------------|
| GPU reserved memory   |     880 MB |     880 MB |     880 MB |       0 B  |
|       from large pool |     864 MB |     864 MB |     864 MB |       0 B  |
|       from small pool |      16 MB |      16 MB |      16 MB |       0 B  |
|---------------------------------------------------------------------------|
| Non-releasable memory |   51941 KB |  643937 KB |  150783 MB |  150732 MB |
|       from large pool |   49289 KB |  639006 KB |  149265 MB |  149217 MB |
|       from small pool |    2651 KB |    5980 KB |    1518 MB |    1515 MB |
|---------------------------------------------------------------------------|
| Allocations           |      42    |      57    |   11560    |   11518    |
|       from large pool |       7    |      18    |    4995    |    4988    |
|       from small pool |      35    |      41    |    6565    |    6530    |
|---------------------------------------------------------------------------|
| Active allocs         |      43    |      57    |   11560    |   11517    |
|       from large pool |       7    |      18    |    4995    |    4988    |
|       from small pool |      36    |      41    |    6565    |    6529    |
|---------------------------------------------------------------------------|
| GPU reserved segments |      18    |      18    |      18    |       0    |
|       from large pool |      10    |      10    |      10    |       0    |
|       from small pool |       8    |       8    |       8    |       0    |
|---------------------------------------------------------------------------|
| Non-releasable allocs |      20    |      30    |    5466    |    5446    |
|       from large pool |       5    |      14    |    3292    |    3287    |
|       from small pool |      15    |      20    |    2174    |    2159    |
|---------------------------------------------------------------------------|
| Oversize allocations  |       0    |       0    |       0    |       0    |
|---------------------------------------------------------------------------|
| Oversize GPU segments |       0    |       0    |       0    |       0    |
|===========================================================================|

test_result:epoch_time:copy_time=1.6943
test_result:convert_time=0.0105
test_result:train_time=2.4260
test_result:epoch_time:train_total=2.4365
test_result:cache_percentage=0.0100
test_result:cache_hit_rate=1.0000
test_result:run_time=19.8013
