[2022-12-09 04:13:06.312573: W /samgraph/samgraph/common/cpu/mmap_cpu_device.cc:92] mmap allocating space 12.87 GB
[2022-12-09 04:13:06.312679: W /samgraph/samgraph/common/cpu/mmap_cpu_device.cc:97] mmap allocating space 12.87 GB done
[2022-12-09 04:13:13.443252: W /samgraph/samgraph/common/cpu/mmap_cpu_device.cc:92] mmap allocating space 48.00 GB
[2022-12-09 04:13:13.443340: W /samgraph/samgraph/common/cpu/mmap_cpu_device.cc:97] mmap allocating space 48.00 GB done
[2022-12-09 04:13:13.443380: W /samgraph/samgraph/common/cpu/mmap_cpu_device.cc:92] mmap allocating space 1.82 GB
[2022-12-09 04:13:13.443411: W /samgraph/samgraph/common/cpu/mmap_cpu_device.cc:97] mmap allocating space 1.82 GB done
[2022-12-09 04:13:13.449259: W /samgraph/samgraph/common/cpu/mmap_cpu_device.cc:92] mmap allocating space 19.28 GB
[2022-12-09 04:13:13.449311: W /samgraph/samgraph/common/cpu/mmap_cpu_device.cc:97] mmap allocating space 19.28 GB done
/usr/lib/python3/dist-packages/requests/__init__.py:89: RequestsDependencyWarning: urllib3 (1.26.12) or chardet (3.0.4) doesn't match a supported version!
  warnings.warn("urllib3 ({}) or chardet ({}) doesn't match a supported "
[2022-12-09 04:13:14. 91748: W /samgraph/samgraph/common/dist/dist_engine.cc:662] Trainer[0] initializing...
[2022-12-09 04:13:14.147691: W /samgraph/samgraph/common/dist/dist_engine.cc:662] Trainer[4] initializing...
[2022-12-09 04:13:14.285328: W /samgraph/samgraph/common/dist/dist_engine.cc:662] Trainer[2] initializing...
[2022-12-09 04:13:14.320623: W /samgraph/samgraph/common/dist/dist_engine.cc:662] Trainer[3] initializing...
[2022-12-09 04:13:14.376955: W /samgraph/samgraph/common/dist/dist_engine.cc:662] Trainer[1] initializing...
[2022-12-09 04:13:14.425588: W /samgraph/samgraph/common/dist/dist_engine.cc:662] Trainer[5] initializing...
[2022-12-09 04:13:16.261248: W /samgraph/samgraph/common/dist/dist_engine.cc:666] Trainer[4] pin memory queue...
[2022-12-09 04:13:16.288879: W /samgraph/samgraph/common/dist/dist_engine.cc:666] Trainer[0] pin memory queue...
[2022-12-09 04:13:16.342350: W /samgraph/samgraph/common/dist/dist_engine.cc:666] Trainer[1] pin memory queue...
[2022-12-09 04:13:16.347269: W /samgraph/samgraph/common/dist/dist_engine.cc:666] Trainer[5] pin memory queue...
[2022-12-09 04:13:16.349822: W /samgraph/samgraph/common/dist/dist_engine.cc:666] Trainer[2] pin memory queue...
[2022-12-09 04:13:16.402394: W /samgraph/samgraph/common/dist/dist_engine.cc:666] Trainer[3] pin memory queue...
[2022-12-09 04:13:26.238573: E /samgraph/samgraph/common/dist/dist_engine.cc:85] Running on V100
[2022-12-09 04:13:26.238795: E /samgraph/samgraph/common/dist/dist_engine.cc:85] Running on V100
[2022-12-09 04:13:26.238888: E /samgraph/samgraph/common/dist/dist_engine.cc:85] Running on V100
[[2022-12-09 04:13:262022-12-09 04:13:26..239031239050: : EW  /samgraph/samgraph/common/dist/dist_engine.cc/samgraph/samgraph/common/dist/dist_engine.cc::85701] ] Running on V100Trainer[5] register host memory...

[2022-12-09 04:13:26.239093: [[E2022-12-09 04:13:262022-12-09 04:13:26 ../samgraph/samgraph/common/dist/dist_engine.cc239140239208:: : 85[WW] 2022-12-09 04:13:26  Running on V100./samgraph/samgraph/common/dist/dist_engine.cc/samgraph/samgraph/common/dist/dist_engine.cc
239279::: 701701W] ]  Trainer[4] register host memory...Trainer[3] register host memory.../samgraph/samgraph/common/dist/dist_engine.cc

:701] Trainer[1] register host memory...
[2022-12-09 04:13:26.239497: W /samgraph/samgraph/common/dist/dist_engine.cc:701] Trainer[2] register host memory...
[2022-12-09 04:13:26.240941: E /samgraph/samgraph/common/dist/dist_engine.cc:85] Running on V100
[2022-12-09 04:13:26.241146: W /samgraph/samgraph/common/dist/dist_engine.cc:701] Trainer[0] register host memory...
[2022-12-09 04:13:26.498273: E /samgraph/samgraph/common/dist/dist_engine.cc:85] Running on V100
[2022-12-09 04:13:26.499524: E /samgraph/samgraph/common/dist/dist_engine.cc:85] Running on V100
[2022-12-09 04:13:26.505244: W /samgraph/samgraph/common/cuda/cuda_device.cc:49] GPU[6] alloc cuda memory 931.40 MB
[2022-12-09 04:13:26.719507: W /samgraph/samgraph/common/cuda/cuda_device.cc:49] GPU[6] alloc cuda memory 12.87 GB
[2022-12-09 04:13:29.507988: W /samgraph/samgraph/common/cuda/cuda_device.cc:49] GPU[6] alloc cuda memory 64.00 MB
[2022-12-09 04:13:29.513629: E /samgraph/samgraph/common/dist/pre_sampler.cc:41] Dist Presampler making shuffler...
[2022-12-09 04:13:29.517874: E /samgraph/samgraph/common/dist/pre_sampler.cc:44] Dist Presampler making shuffler...Done
[2022-12-09 04:13:29.517919: W /samgraph/samgraph/common/cpu/cpu_device.cc:39] WORKER[0] alloc host memory 1.82 GB
[2022-12-09 04:13:30.336426: E /samgraph/samgraph/common/dist/pre_sampler.cc:85] Dist Presampler doing presample epoch 0
[2022-12-09 04:13:32.396187: E /samgraph/samgraph/common/dist/pre_sampler.cc:129] presample spend 0.717064 on sample, 0.0588303 on copy, 1.28033 on count
[2022-12-09 04:13:32.396271: E /samgraph/samgraph/common/dist/pre_sampler.cc:85] Dist Presampler doing presample epoch 1
[2022-12-09 04:13:34.454379: E /samgraph/samgraph/common/dist/pre_sampler.cc:129] presample spend 1.4503 on sample, 0.115423 on copy, 2.54547 on count
[2022-12-09 04:13:34.454486: E /samgraph/samgraph/common/dist/pre_sampler.cc:136] max_num_inputs = 590236, min_num_inputs = 564062
[2022-12-09 04:13:34.956122: E /samgraph/samgraph/common/dist/pre_sampler.cc:148] presample spend 0.501544 on sort freq.
[2022-12-09 04:13:35.823502: E /samgraph/samgraph/common/dist/dist_engine.cc:524] pre sample done, delete it
[[[[[2022-12-09 04:13:352022-12-09 04:13:352022-12-09 04:13:352022-12-09 04:13:352022-12-09 04:13:35.....884073884069884079884083[884083: : : : : 2022-12-09 04:13:35W.WWWW 884117    /samgraph/samgraph/common/dist/dist_engine.cc: /samgraph/samgraph/common/dist/dist_engine.cc/samgraph/samgraph/common/dist/dist_engine.cc/samgraph/samgraph/common/dist/dist_engine.cc/samgraph/samgraph/common/dist/dist_engine.cc:W::::711 711711711711] /samgraph/samgraph/common/dist/dist_engine.cc] ] ] ] Trainer[3] building cache...:Trainer[5] building cache...Trainer[1] building cache...Trainer[2] building cache...Trainer[0] building cache...
711



] Trainer[4] building cache...
[2022-12-09 04:13:35.888392: E /samgraph/3rdparty/collcachelib/coll_cache_lib/coll_cache/asymm_link_desc.cc:172] v100x8, slow pcie
[[2022-12-09 04:13:352022-12-09 04:13:35..888433888448: : EE  /samgraph/3rdparty/collcachelib/coll_cache_lib/coll_cache/asymm_link_desc.cc/samgraph/3rdparty/collcachelib/coll_cache_lib/coll_cache/asymm_link_desc.cc::172200] ] v100x8, slow pcie[build asymm link desc with 6X Tesla V100-SXM2-32GB out of 8
2022-12-09 04:13:35
.888477: E /samgraph/3rdparty/collcachelib/coll_cache_lib/coll_cache/asymm_link_desc.cc:172[[] 2022-12-09 04:13:352022-12-09 04:13:35v100x8, slow pcie..
888514888515[: : 2022-12-09 04:13:35EE.[  8885262022-12-09 04:13:35/samgraph/3rdparty/collcachelib/coll_cache_lib/coll_cache/asymm_link_desc.cc/samgraph/3rdparty/collcachelib/coll_cache_lib/coll_cache/asymm_link_desc.cc: .::E888549200201 : [] ] /samgraph/3rdparty/collcachelib/coll_cache_lib/coll_cache/asymm_link_desc.ccE2022-12-09 04:13:35build asymm link desc with 6X Tesla V100-SXM2-32GB out of 8remote time is 8.68421: .

172/samgraph/3rdparty/collcachelib/coll_cache_lib/coll_cache/asymm_link_desc.cc888569] [:: v100x8, slow pcie2022-12-09 04:13:35[200E
.2022-12-09 04:13:35]  888620.build asymm link desc with 6X Tesla V100-SXM2-32GB out of 8/samgraph/3rdparty/collcachelib/coll_cache_lib/coll_cache/asymm_link_desc.cc: 888622
:[E: 1722022-12-09 04:13:35 E] .[/samgraph/3rdparty/collcachelib/coll_cache_lib/coll_cache/asymm_link_desc.cc v100x8, slow pcie888653[2022-12-09 04:13:35:/samgraph/3rdparty/collcachelib/coll_cache_lib/coll_cache/asymm_link_desc.cc
: 2022-12-09 04:13:35.202:E.888668] 201[ 888665: cpu time is 97.0588] 2022-12-09 04:13:35/samgraph/3rdparty/collcachelib/coll_cache_lib/coll_cache/asymm_link_desc.cc: E
remote time is 8.68421.:E 
888720200 /samgraph/3rdparty/collcachelib/coll_cache_lib/coll_cache/asymm_link_desc.cc: ] [/samgraph/3rdparty/collcachelib/coll_cache_lib/coll_cache/asymm_link_desc.cc:Ebuild asymm link desc with 6X Tesla V100-SXM2-32GB out of 82022-12-09 04:13:35:201 
.172] /samgraph/3rdparty/collcachelib/coll_cache_lib/coll_cache/asymm_link_desc.cc888787] remote time is 8.68421[:: v100x8, slow pcie
2022-12-09 04:13:35200E
.] [ 888847build asymm link desc with 6X Tesla V100-SXM2-32GB out of 82022-12-09 04:13:35/samgraph/3rdparty/collcachelib/coll_cache_lib/coll_cache/asymm_link_desc.cc: 
.:[E8888792022022-12-09 04:13:35[ : ] .2022-12-09 04:13:35/samgraph/3rdparty/collcachelib/coll_cache_lib/coll_cache/asymm_link_desc.ccEcpu time is 97.0588888899.: 
: 888914201/samgraph/3rdparty/collcachelib/coll_cache_lib/coll_cache/asymm_link_desc.ccE: ] : Eremote time is 8.68421202/samgraph/3rdparty/collcachelib/coll_cache_lib/coll_cache/asymm_link_desc.cc 
] :/samgraph/3rdparty/collcachelib/coll_cache_lib/coll_cache/asymm_link_desc.cccpu time is 97.0588200[:
] 2022-12-09 04:13:35201build asymm link desc with 6X Tesla V100-SXM2-32GB out of 8.] remote time is 8.68421

889013: E [/samgraph/3rdparty/collcachelib/coll_cache_lib/coll_cache/asymm_link_desc.cc2022-12-09 04:13:35:[.2022022-12-09 04:13:35889071] .: cpu time is 97.0588889077E
:  E/samgraph/3rdparty/collcachelib/coll_cache_lib/coll_cache/asymm_link_desc.cc :/samgraph/3rdparty/collcachelib/coll_cache_lib/coll_cache/asymm_link_desc.cc202:] 201cpu time is 97.0588] 
remote time is 8.68421
[2022-12-09 04:13:35.889184: E /samgraph/3rdparty/collcachelib/coll_cache_lib/coll_cache/asymm_link_desc.cc:202] cpu time is 97.0588
[2022-12-09 04:13:57.713031: E /samgraph/3rdparty/collcachelib/coll_cache_lib/facade.cc:118] solver created. now build & solve
[2022-12-09 04:13:57.808680: E /samgraph/3rdparty/collcachelib/coll_cache_lib/facade.cc:123] solver built. now solve
block 0 storage is 00001001
	access is	0	0	0	3	3	3	
block 1 storage is 00010010
	access is	1	1	1	4	4	4	
block 2 storage is 00100100
	access is	2	2	2	5	5	5	
block 3 storage is 00000000
	access is	6	6	6	6	6	6	
[2022-12-09 04:13:59.294901: E /samgraph/3rdparty/collcachelib/coll_cache_lib/facade.cc:127] solver solved
[2022-12-09 04:13:59.294971: E /samgraph/3rdparty/collcachelib/coll_cache_lib/facade.cc:195] 0 solved master
[2022-12-09 04:13:59.295020: E /samgraph/3rdparty/collcachelib/coll_cache_lib/facade.cc:202] 0 solved
[2022-12-09 04:13:59.295050: E /samgraph/3rdparty/collcachelib/coll_cache_lib/facade.cc:205] worker 0 thread 0 initing device 0
[2022-12-09 04:13:59.296664: E /samgraph/3rdparty/collcachelib/coll_cache_lib/cache_context.cu:1766] Building Coll Cache with ... num gpu device is 6
[2022-12-09 04:13:59.331592: E /samgraph/3rdparty/collcachelib/coll_cache_lib/facade.cc:202] 4 solved
[2022-12-09 04:13:59.331645: E /samgraph/3rdparty/collcachelib/coll_cache_lib/facade.cc:205] worker 4 thread 4 initing device 4
[2022-12-09 04:13:59.331796: E /samgraph/3rdparty/collcachelib/coll_cache_lib/facade.cc:202] 1 solved
[2022-12-09 04:13:59.331863: E /samgraph/3rdparty/collcachelib/coll_cache_lib/facade.cc:205] worker 1 thread 1 initing device 1
[2022-12-09 04:13:59.332848: E /samgraph/3rdparty/collcachelib/coll_cache_lib/facade.cc:202] 3 solved
[2022-12-09 04:13:59.332907: E /samgraph/3rdparty/collcachelib/coll_cache_lib/facade.cc:205] worker 3 thread 3 initing device 3
[2022-12-09 04:13:59.333221: E /samgraph/3rdparty/collcachelib/coll_cache_lib/facade.cc:202] 5 solved
[2022-12-09 04:13:59.333275: E /samgraph/3rdparty/collcachelib/coll_cache_lib/facade.cc:205] worker 5 thread 5 initing device 5
[2022-12-09 04:13:59.333316: [E2022-12-09 04:13:59 ./samgraph/3rdparty/collcachelib/coll_cache_lib/cache_context.cu333323:: 1766E]  Building Coll Cache with ... num gpu device is 6/samgraph/3rdparty/collcachelib/coll_cache_lib/facade.cc
:202] 2 solved
[[2022-12-09 04:13:592022-12-09 04:13:59..333392333387: : EE  /samgraph/3rdparty/collcachelib/coll_cache_lib/facade.cc/samgraph/3rdparty/collcachelib/coll_cache_lib/cache_context.cu::2051766] ] worker 2 thread 2 initing device 2Building Coll Cache with ... num gpu device is 6

[2022-12-09 04:13:59.336806: E /samgraph/3rdparty/collcachelib/coll_cache_lib/cache_context.cu:1766] Building Coll Cache with ... num gpu device is 6
[2022-12-09 04:13:59.336945: E /samgraph/3rdparty/collcachelib/coll_cache_lib/cache_context.cu:1766] Building Coll Cache with ... num gpu device is 6
[2022-12-09 04:13:59.337022: E /samgraph/3rdparty/collcachelib/coll_cache_lib/cache_context.cu:1766] Building Coll Cache with ... num gpu device is 6
[2022-12-09 04:13:59.477132: W /samgraph/3rdparty/collcachelib/coll_cache_lib/cache_context.cu:1806] using empty feat=25
[2022-12-09 04:13:59.485593: W /samgraph/3rdparty/collcachelib/coll_cache_lib/cpu/cpu_device.cc:39] WORKER[0] alloc host memory 55.88 MB
[2022-12-09 04:13:59.555739: [W2022-12-09 04:13:59 ./samgraph/3rdparty/collcachelib/coll_cache_lib/cache_context.cu555780:: 1806W]  using empty feat=25/samgraph/3rdparty/collcachelib/coll_cache_lib/cache_context.cu
:1806] using empty feat=25
[2022-12-09 04:13:59.555839: W /samgraph/3rdparty/collcachelib/coll_cache_lib/cache_context.cu:1806] using empty feat=25
[2022-12-09 04:13:59.556088: W /samgraph/3rdparty/collcachelib/coll_cache_lib/cache_context.cu:1806] using empty feat=25
[2022-12-09 04:13:59.556129: W /samgraph/3rdparty/collcachelib/coll_cache_lib/cache_context.cu:1806] using empty feat=25
[[[[[[2022-12-09 04:14:032022-12-09 04:14:032022-12-09 04:14:032022-12-09 04:14:032022-12-09 04:14:032022-12-09 04:14:03......393375393376393375393383393383393375: : : : : : EEEEEE      /samgraph/3rdparty/collcachelib/coll_cache_lib/cache_context.cu/samgraph/3rdparty/collcachelib/coll_cache_lib/cache_context.cu/samgraph/3rdparty/collcachelib/coll_cache_lib/cache_context.cu/samgraph/3rdparty/collcachelib/coll_cache_lib/cache_context.cu/samgraph/3rdparty/collcachelib/coll_cache_lib/cache_context.cu/samgraph/3rdparty/collcachelib/coll_cache_lib/cache_context.cu::::::187718771877187718771877] ] ] ] ] ] Device 4 init p2p of link 3Device 1 init p2p of link 0Device 3 init p2p of link 4Device 0 init p2p of link 1Device 5 init p2p of link 0Device 2 init p2p of link 1





[2022-12-09 04:14:03.412863: E /samgraph/3rdparty/collcachelib/coll_cache_lib/cache_context.cu:1877] Device 5 init p2p of link 3
[2022-12-09 04:14:03.420002: E /samgraph/3rdparty/collcachelib/coll_cache_lib/cache_context.cu:1877] Device 2 init p2p of link 0
[2022-12-09 04:14:03.420746: E /samgraph/3rdparty/collcachelib/coll_cache_lib/cache_context.cu:1877] Device 4 init p2p of link 2
[2022-12-09 04:14:03.422069: E /samgraph/3rdparty/collcachelib/coll_cache_lib/cache_context.cu:1877] Device 3 init p2p of link 5
[2022-12-09 04:14:03.422284: E /samgraph/3rdparty/collcachelib/coll_cache_lib/cache_context.cu:1877] Device 1 init p2p of link 2
[2022-12-09 04:14:03.422353: E /samgraph/3rdparty/collcachelib/coll_cache_lib/cache_context.cu:1877] Device 0 init p2p of link 5
[2022-12-09 04:14:03.425721: E /samgraph/3rdparty/collcachelib/coll_cache_lib/cache_context.cu:1877] Device 5 init p2p of link 4
[2022-12-09 04:14:03.434562: E /samgraph/3rdparty/collcachelib/coll_cache_lib/cache_context.cu:1877] Device 4 init p2p of link 5
[2022-12-09 04:14:03.438098: E /samgraph/3rdparty/collcachelib/coll_cache_lib/cache_context.cu:1877] Device 0 init p2p of link 2
[2022-12-09 04:14:03.445022: E /samgraph/3rdparty/collcachelib/coll_cache_lib/cache_context.cu:1877] Device 3 init p2p of link 1
[2022-12-09 04:14:03.445906: E /samgraph/3rdparty/collcachelib/coll_cache_lib/cache_context.cu:1877] Device 1 init p2p of link 3
[2022-12-09 04:14:03.447198: E /samgraph/3rdparty/collcachelib/coll_cache_lib/cache_context.cu:1877] Device 2 init p2p of link 4
[2022-12-09 04:14:03.454413: E /samgraph/3rdparty/collcachelib/coll_cache_lib/cache_context.cu:1906] Asymm Coll cache (policy: clique_part) | local 14649629 / 244160499 nodes ( 6.00 %~6.00 %) | remote 29299258 / 244160499 nodes ( 12.00 %) | cpu 200211612 / 244160499 nodes ( 82.00 %) | 20.99 GB | 4.11754 secs 
[2022-12-09 04:14:03.455426: E /samgraph/3rdparty/collcachelib/coll_cache_lib/cache_context.cu:1906] Asymm Coll cache (policy: clique_part) | local 14649629 / 244160499 nodes ( 6.00 %~6.00 %) | remote 29299258 / 244160499 nodes ( 12.00 %) | cpu 200211612 / 244160499 nodes ( 82.00 %) | 20.99 GB | 4.12204 secs 
[2022-12-09 04:14:03.456035: E /samgraph/3rdparty/collcachelib/coll_cache_lib/cache_context.cu:1906] Asymm Coll cache (policy: clique_part) | local 14649629 / 244160499 nodes ( 6.00 %~6.00 %) | remote 29299258 / 244160499 nodes ( 12.00 %) | cpu 200211612 / 244160499 nodes ( 82.00 %) | 20.99 GB | 4.11905 secs 
[2022-12-09 04:14:03.458632: E /samgraph/3rdparty/collcachelib/coll_cache_lib/cache_context.cu:1906] Asymm Coll cache (policy: clique_part) | local 14649629 / 244160499 nodes ( 6.00 %~6.00 %) | remote 29299258 / 244160499 nodes ( 12.00 %) | cpu 200211612 / 244160499 nodes ( 82.00 %) | 20.99 GB | 4.12156 secs 
[2022-12-09 04:14:03.461278: E /samgraph/3rdparty/collcachelib/coll_cache_lib/cache_context.cu:1906] Asymm Coll cache (policy: clique_part) | local 14649629 / 244160499 nodes ( 6.00 %~6.00 %) | remote 29299258 / 244160499 nodes ( 12.00 %) | cpu 200211612 / 244160499 nodes ( 82.00 %) | 20.99 GB | 4.16457 secs 
[2022-12-09 04:14:03.463075: E /samgraph/3rdparty/collcachelib/coll_cache_lib/cache_context.cu:1906] Asymm Coll cache (policy: clique_part) | local 14649629 / 244160499 nodes ( 6.00 %~6.00 %) | remote 29299258 / 244160499 nodes ( 12.00 %) | cpu 200211612 / 244160499 nodes ( 82.00 %) | 20.99 GB | 4.12958 secs 
[2022-12-09 04:14:03.466730: E /samgraph/3rdparty/collcachelib/coll_cache_lib/coll_cache/asymm_link_desc.cc:172] v100x8, slow pcie
[[2022-12-09 04:14:032022-12-09 04:14:03..466785466773: : EE  /samgraph/3rdparty/collcachelib/coll_cache_lib/coll_cache/asymm_link_desc.cc/samgraph/3rdparty/collcachelib/coll_cache_lib/coll_cache/asymm_link_desc.cc::200172] ] build asymm link desc with 6X Tesla V100-SXM2-32GB out of 8v100x8, slow pcie

[2022-12-09 04:14:03.466818[: 2022-12-09 04:14:03E[. 2022-12-09 04:14:03466840/samgraph/3rdparty/collcachelib/coll_cache_lib/coll_cache/asymm_link_desc.cc.: :466847E172:  ] E/samgraph/3rdparty/collcachelib/coll_cache_lib/coll_cache/asymm_link_desc.ccv100x8, slow pcie :[
/samgraph/3rdparty/collcachelib/coll_cache_lib/coll_cache/asymm_link_desc.cc2012022-12-09 04:14:03:] [.200remote time is 8.684212022-12-09 04:14:03466868] 
.[: build asymm link desc with 6X Tesla V100-SXM2-32GB out of 84669102022-12-09 04:14:03[E
: .2022-12-09 04:14:03 [E466915[./samgraph/3rdparty/collcachelib/coll_cache_lib/coll_cache/asymm_link_desc.cc2022-12-09 04:14:03 : 2022-12-09 04:14:03466943:./samgraph/3rdparty/collcachelib/coll_cache_lib/coll_cache/asymm_link_desc.ccE.: 172466955: 466977E] : 200/samgraph/3rdparty/collcachelib/coll_cache_lib/coll_cache/asymm_link_desc.cc:  v100x8, slow pcieE] :E/samgraph/3rdparty/collcachelib/coll_cache_lib/coll_cache/asymm_link_desc.cc
 build asymm link desc with 6X Tesla V100-SXM2-32GB out of 8172 :/samgraph/3rdparty/collcachelib/coll_cache_lib/coll_cache/asymm_link_desc.cc
] /samgraph/3rdparty/collcachelib/coll_cache_lib/coll_cache/asymm_link_desc.cc[202:v100x8, slow pcie:[2022-12-09 04:14:03] 172
2012022-12-09 04:14:03.cpu time is 97.0588] ] .467121
[v100x8, slow pcieremote time is 8.68421467151: 2022-12-09 04:14:03

: E.E [467198[ /samgraph/3rdparty/collcachelib/coll_cache_lib/coll_cache/asymm_link_desc.cc2022-12-09 04:14:03: 2022-12-09 04:14:03/samgraph/3rdparty/collcachelib/coll_cache_lib/coll_cache/asymm_link_desc.cc:.E.:200467243 467247201] : /samgraph/3rdparty/collcachelib/coll_cache_lib/coll_cache/asymm_link_desc.cc: ] build asymm link desc with 6X Tesla V100-SXM2-32GB out of 8E:Eremote time is 8.68421
 200 
/samgraph/3rdparty/collcachelib/coll_cache_lib/coll_cache/asymm_link_desc.cc] /samgraph/3rdparty/collcachelib/coll_cache_lib/coll_cache/asymm_link_desc.cc[:build asymm link desc with 6X Tesla V100-SXM2-32GB out of 8[:2022-12-09 04:14:03202
2022-12-09 04:14:03200.] .] 467375[cpu time is 97.0588467385build asymm link desc with 6X Tesla V100-SXM2-32GB out of 8: 2022-12-09 04:14:03
: 
E.E 467426[ /samgraph/3rdparty/collcachelib/coll_cache_lib/coll_cache/asymm_link_desc.cc: 2022-12-09 04:14:03/samgraph/3rdparty/collcachelib/coll_cache_lib/coll_cache/asymm_link_desc.cc:E.:201 467473202] /samgraph/3rdparty/collcachelib/coll_cache_lib/coll_cache/asymm_link_desc.cc: ] remote time is 8.68421:Ecpu time is 97.0588
201 
] [/samgraph/3rdparty/collcachelib/coll_cache_lib/coll_cache/asymm_link_desc.ccremote time is 8.684212022-12-09 04:14:03:
.201467563] : [remote time is 8.68421E2022-12-09 04:14:03
 ./samgraph/3rdparty/collcachelib/coll_cache_lib/coll_cache/asymm_link_desc.cc467588:[: 2022022-12-09 04:14:03E] . cpu time is 97.0588467606/samgraph/3rdparty/collcachelib/coll_cache_lib/coll_cache/asymm_link_desc.cc
: :E202 ] /samgraph/3rdparty/collcachelib/coll_cache_lib/coll_cache/asymm_link_desc.cccpu time is 97.0588:
202] cpu time is 97.0588
[[[[[[2022-12-09 04:14:042022-12-09 04:14:042022-12-09 04:14:042022-12-09 04:14:042022-12-09 04:14:042022-12-09 04:14:04......301061301061301061301061301061301061: : : : : : EEEEEE      /samgraph/3rdparty/collcachelib/coll_cache_lib/facade.cc/samgraph/3rdparty/collcachelib/coll_cache_lib/facade.cc/samgraph/3rdparty/collcachelib/coll_cache_lib/facade.cc/samgraph/3rdparty/collcachelib/coll_cache_lib/facade.cc/samgraph/3rdparty/collcachelib/coll_cache_lib/facade.cc/samgraph/3rdparty/collcachelib/coll_cache_lib/facade.cc::::::202202202202202202] ] 1 solved] ] ] ] 2 solved
3 solved4 solved0 solved5 solved



[
[[[2022-12-09 04:14:04[2022-12-09 04:14:042022-12-09 04:14:04[2022-12-09 04:14:04.2022-12-09 04:14:04..2022-12-09 04:14:04.301342.301354301356.301359: 301364: : 301371: E: EE: E E  E /samgraph/3rdparty/collcachelib/coll_cache_lib/facade.cc /samgraph/3rdparty/collcachelib/coll_cache_lib/facade.cc/samgraph/3rdparty/collcachelib/coll_cache_lib/facade.cc /samgraph/3rdparty/collcachelib/coll_cache_lib/facade.cc:/samgraph/3rdparty/collcachelib/coll_cache_lib/facade.cc::/samgraph/3rdparty/collcachelib/coll_cache_lib/facade.cc:205:205205:205] 205] ] 205] worker 1 thread 1 initing device 1] worker 2 thread 2 initing device 2worker 3 thread 3 initing device 3] worker 5 thread 5 initing device 5worker 4 thread 4 initing device 4
worker 0 thread 0 initing device 0




[2022-12-09 04:14:06.918072: W /samgraph/samgraph/common/cuda/cuda_device.cc:49] GPU[0] alloc cuda memory 921.02 MB
[2022-12-09 04:14:08.327840: W /samgraph/samgraph/common/cuda/cuda_device.cc:49] GPU[0] alloc cuda memory 921.02 MB
/usr/local/lib/python3.8/dist-packages/torch/nn/parallel/scatter_gather.py:9: UserWarning: is_namedtuple is deprecated, please use the python checks instead
  warnings.warn("is_namedtuple is deprecated, please use the python checks instead")
/usr/local/lib/python3.8/dist-packages/torch/nn/parallel/scatter_gather.py:9: UserWarning: is_namedtuple is deprecated, please use the python checks instead
  warnings.warn("is_namedtuple is deprecated, please use the python checks instead")
/usr/local/lib/python3.8/dist-packages/torch/nn/parallel/scatter_gather.py:9: UserWarning: is_namedtuple is deprecated, please use the python checks instead
  warnings.warn("is_namedtuple is deprecated, please use the python checks instead")
/usr/local/lib/python3.8/dist-packages/torch/nn/parallel/scatter_gather.py:9: UserWarning: is_namedtuple is deprecated, please use the python checks instead
  warnings.warn("is_namedtuple is deprecated, please use the python checks instead")
/usr/local/lib/python3.8/dist-packages/torch/nn/parallel/scatter_gather.py:9: UserWarning: is_namedtuple is deprecated, please use the python checks instead
  warnings.warn("is_namedtuple is deprecated, please use the python checks instead")
/usr/local/lib/python3.8/dist-packages/torch/nn/parallel/scatter_gather.py:9: UserWarning: is_namedtuple is deprecated, please use the python checks instead
  warnings.warn("is_namedtuple is deprecated, please use the python checks instead")
