config:eval_tsp="2022-12-07 04:01:18"
config:arch=arch5
config:num_train_worker=6
config:num_sample_worker=2
config:sample_type=khop2
config:root_path=/nvme/samgraph/
config:dataset=papers100M-undir
config:pipeline=False
config:cache_policy=clique_part
config:cache_percentage=0.3
config:num_epoch=4
config:batch_size=8000
config:num_hidden=256
config:max_sampling_jobs=1
config:max_copying_jobs=1
config:barriered_epoch=1
config:presample_epoch=2
config:omp_thread_num=6
config:unsupervised=False
config:amp=True
config:rolling=0
config:fanout=[25, 10]
config:lr=0.003
config:dropout=0.5
config:single_gpu=False
config:max_num_step=100000
config:validate_configs=False
config:report_acc=0
config:dataset_path=/nvme/samgraph/papers100M-undir
config:torch_thread_num=8
config:train_workers=['cuda:0', 'cuda:1', 'cuda:2', 'cuda:3', 'cuda:4', 'cuda:5']
config:sample_workers=['cuda:6', 'cuda:7']
config:num_fanout=2
config:num_layer=2
config:_run_mode=RunMode.FGNN
config:_log_level=warn
config:_profile_level=3
config:_empty_feat=0
config:_arch=5
config:_sample_type=5
config:_cache_policy=14
test_result:init:input_scale_factor=1.1
coll_cache:optimal_rep_storage=0
coll_cache:optimal_part_storage=0.9
coll_cache:optimal_cpu_storage=0.1
coll_cache:optimal_local_storage=0.3
coll_cache:optimal_remote_storage=0.6
coll_cache:optimal_local_rate=0.333333
coll_cache:optimal_remote_rate=0.666667
coll_cache:optimal_cpu_rate=0
z=3571.33,3571.33,4439.18,3571.33,4439.18,3571.33,
test_result:init:feat_nbytes=56862697472
test_result:init:cache_nbytes=17064494592
test_result:init:feat_nbytes=56862697472
test_result:init:cache_nbytes=17064494592
test_result:init:feat_nbytes=56862697472
test_result:init:cache_nbytes=17064494592
test_result:init:feat_nbytes=56862697472
test_result:init:cache_nbytes=17064494592
test_result:init:feat_nbytes=56862697472
test_result:init:cache_nbytes=17064494592
test_result:init:feat_nbytes=56862697472
test_result:init:cache_nbytes=17064494592
coll_cache:optimal_rep_storage=0
coll_cache:optimal_part_storage=0.9
coll_cache:optimal_cpu_storage=0.1
coll_cache:optimal_local_storage=0.3
coll_cache:optimal_remote_storage=0.6
coll_cache:optimal_local_rate=0.333333
coll_cache:optimal_remote_rate=0.666667
coll_cache:optimal_cpu_rate=0
z=3571.33,3571.33,4439.18,3571.33,4439.18,3571.33,
test_result:init:cache_nbytes=0
test_result:init:cache_nbytes=0
test_result:init:cache_nbytes=0
test_result:init:cache_nbytes=0
test_result:init:cache_nbytes=0
test_result:init:cache_nbytes=0
[Train  Worker 2/6] Started with PID 42394(Tesla V100-SXM2-32GB)
[Train  Worker 2] run train for 4 epochs with 156 steps
[Train  Worker 2] Avg Epoch Time 0.5917 | Train Total Time(Profiler) 0.2293 | Copy Time 0.3594
[Train  Worker 4/6] Started with PID 42401(Tesla V100-SXM2-32GB)
[Train  Worker 4] run train for 4 epochs with 156 steps
[Train  Worker 4] Avg Epoch Time 0.5917 | Train Total Time(Profiler) 0.2274 | Copy Time 0.3615
[Train  Worker 5/6] Started with PID 42403(Tesla V100-SXM2-32GB)
[Train  Worker 5] run train for 4 epochs with 156 steps
[Train  Worker 5] Avg Epoch Time 0.5917 | Train Total Time(Profiler) 0.2580 | Copy Time 0.3307
[Train  Worker 3/6] Started with PID 42398(Tesla V100-SXM2-32GB)
[Train  Worker 3] run train for 4 epochs with 156 steps
[Train  Worker 3] Avg Epoch Time 0.5917 | Train Total Time(Profiler) 0.3408 | Copy Time 0.2480
[Train  Worker 1/6] Started with PID 42391(Tesla V100-SXM2-32GB)
[Train  Worker 1] run train for 4 epochs with 156 steps
[Train  Worker 1] Avg Epoch Time 0.5916 | Train Total Time(Profiler) 0.3468 | Copy Time 0.2419
[Train  Worker 0/6] Started with PID 42390(Tesla V100-SXM2-32GB)
[Train  Worker 0] run train for 4 epochs with 156 steps
Epoch 00000 | Epoch Time 2.1079 | Total Train Time(Profiler) 1.7249 | Copy Time 0.3794
Epoch 00001 | Epoch Time 0.5935 | Total Train Time(Profiler) 0.2581 | Copy Time 0.3325
Epoch 00002 | Epoch Time 0.5916 | Total Train Time(Profiler) 0.2597 | Copy Time 0.3287
Epoch 00003 | Epoch Time 0.5899 | Total Train Time(Profiler) 0.2608 | Copy Time 0.3264
[Train  Worker 0] Avg Epoch Time 0.5917 | Train Total Time(Profiler) 0.2595 | Copy Time 0.3292
    [Step(average) Profiler Level 1 E3 S77]
        L1  sample           0.006125 | send           0.001483
        L1  recv             0.000000 | copy           0.000000 | convert time 0.000000 | train  0.000000
        L1  feature nbytes 0.00 Bytes | label nbytes 0.00 Bytes
        L1  id nbytes      0.00 Bytes | graph nbytes 0.00 Bytes
        L1  miss nbytes    0.00 Bytes | remote nbytes 0.00 Bytes
        L1  num nodes         1099510 | num samples     1708768
    [Step(average) Profiler Level 2 E3 S77]
        L2  shuffle     0.000501 | core sample  0.002130 | id remap        0.003380
        L2  graph copy  0.000000 | id copy      0.000000 | cache feat copy 0.000000
        L2  last layer sample time 0.000362 | size 72317.816239
    [Step(average) Profiler Level 3 E3 S77]
        L3  khop sample coo  0.001794 | khop sort coo      0.000000 | khop count edge     0.000044 | khop compact edge 0.000250
        L3  walk sample coo  0.000000 | walk topk total    0.000000 | walk topk step1     0.000000 | walk topk step2   0.000000
        L3  walk topk step3  0.000000 | walk topk step4    0.000000 | walk topk step5     0.000000
        L3  walk topk step6  0.000000 | walk topk step7    0.000000
        L3  remap unique     0.000000 | remap populate     0.002760 | remap mapnode       0.000000 | remap mapedge     0.000619
        L3  cache get_index  0.000000 | cache copy_index   0.000000 | cache extract_miss  0.000000
        L3  cache copy_miss  0.000000 | cache combine_miss 0.000000 | cache combine cache 0.000000 | cache combine remote 0.000000
        L3  label extract  0.000000
    [Init Profiler Level 1]
        L1  init     7.3230 | sampler init    16.0883 | trainer init 0.0000
    [Init Profiler Level 2]
        L2  load ds         9.7598 | init queue           5.7515
        L2  presample       5.4681 | build interal ds     2.4282
        L2  build cache     0.0000
    [Init Profiler Level 3]
        L3  load dataset: mmap     7.3182 | copy         2.4417
        L3  dist queue: alloc      0.0019 | pin          5.7496 | push     0.0000
        L3  presample: init        0.3740
        L3  presample: sample      1.8038 | copy         0.1144
        L3  presample: count       2.5279 | sort         0.2181
        L3  presample: reset       0.0008 | get rank     0.0241
        L3  internal: cuda ctx     2.1561 | cuda stream     0.2660
[Sample Worker 1/2] Started with PID 42388(Tesla V100-SXM2-32GB)
[Sample Worker 1] run sample for 4 epochs with 78 steps
[Sample Worker 1] Avg Sample Total Time 0.5925 | Sampler Total Time(Profiler) 0.5909
[Sample Worker 0/2] Started with PID 42387(Tesla V100-SXM2-32GB)
[Sample Worker 0] run sample for 4 epochs with 78 steps
[Sample Worker 0] Avg Sample Total Time 0.5944 | Sampler Total Time(Profiler) 0.5934
test_result:sample_time=0.4778
test_result:get_cache_miss_index_time=0.0000
test_result:enqueue_samples_time=0.1157
test_result:epoch_time:sample_total=0.5944
[CUDA] cuda0: usage: 22.34 GB
[SAM] cuda0 data alloc        : 0.00 Bytes
[SAM] cuda0 workspace         : 1.23 GB
[SAM] cuda0 workspace reserve : 620.14 MB
[SAM] cuda0 total             : 1.23 GB
    [Step(average) Profiler Level 1 E3 S155]
        L1  sample           0.000000 | send           0.000000
        L1  recv             0.002658 | copy           0.011998 | convert time 0.000420 | train  0.010228
        L1  feature nbytes  536.87 MB | label nbytes   62.50 KB
        L1  id nbytes      0.00 Bytes | graph nbytes 0.00 Bytes
        L1  miss nbytes       1.01 MB | remote nbytes  357.23 MB
        L1  num nodes               0 | num samples           0
    [Step(average) Profiler Level 2 E3 S155]
        L2  shuffle     0.000000 | core sample  0.000000 | id remap        0.000000
        L2  graph copy  0.000004 | id copy      0.000000 | cache feat copy 0.009336
        L2  last layer sample time 0.000000 | size 0.000000
    [Step(average) Profiler Level 3 E3 S155]
        L3  khop sample coo  0.000000 | khop sort coo      0.000000 | khop count edge     0.000000 | khop compact edge 0.000000
        L3  walk sample coo  0.000000 | walk topk total    0.000000 | walk topk step1     0.000000 | walk topk step2   0.000000
        L3  walk topk step3  0.000000 | walk topk step4    0.000000 | walk topk step5     0.000000
        L3  walk topk step6  0.000000 | walk topk step7    0.000000
        L3  remap unique     0.000000 | remap populate     0.000000 | remap mapnode       0.000000 | remap mapedge     0.000000
        L3  cache get_index  0.000813 | cache copy_index   0.000000 | cache extract_miss  0.000000
        L3  cache copy_miss  0.000000 | cache combine_miss 0.000271 | cache combine cache 0.000643 | cache combine remote 0.007540
        L3  label extract  0.000328
    [Init Profiler Level 1]
        L1  init     7.3230 | sampler init     0.0000 | trainer init 53.3219
    [Init Profiler Level 2]
        L2  load ds         7.3182 | init queue           5.5540
        L2  presample       0.0000 | build interal ds     1.9721
        L2  build cache    45.7893
    [Init Profiler Level 3]
        L3  load dataset: mmap     7.3182 | copy         0.0000
        L3  dist queue: alloc      0.0019 | pin          5.5521 | push     0.0000
        L3  presample: init        0.0000
        L3  presample: sample      0.0000 | copy         0.0000
        L3  presample: count       0.0000 | sort         0.0000
        L3  presample: reset       0.0000 | get rank     0.0000
        L3  internal: cuda ctx     1.9720 | cuda stream     0.0001
|===========================================================================|
|                  PyTorch CUDA memory summary, device ID 0                 |
|---------------------------------------------------------------------------|
|            CUDA OOMs: 0            |        cudaMalloc retries: 0         |
|===========================================================================|
|        Metric         | Cur Usage  | Peak Usage | Tot Alloc  | Tot Freed  |
|---------------------------------------------------------------------------|
| Allocated memory      |   22911 KB |  403152 KB |  145120 MB |  145097 MB |
|       from large pool |   18231 KB |  399766 KB |  144042 MB |  144024 MB |
|       from small pool |    4680 KB |    7124 KB |    1077 MB |    1073 MB |
|---------------------------------------------------------------------------|
| Active memory         |   22911 KB |  403152 KB |  145120 MB |  145097 MB |
|       from large pool |   18231 KB |  399766 KB |  144042 MB |  144024 MB |
|       from small pool |    4680 KB |    7124 KB |    1077 MB |    1073 MB |
|---------------------------------------------------------------------------|
| GPU reserved memory   |  577536 KB |  577536 KB |  577536 KB |       0 B  |
|       from large pool |  569344 KB |  569344 KB |  569344 KB |       0 B  |
|       from small pool |    8192 KB |    8192 KB |    8192 KB |       0 B  |
|---------------------------------------------------------------------------|
| Non-releasable memory |   24192 KB |  368948 KB |  172206 MB |  172182 MB |
|       from large pool |   22729 KB |  367127 KB |  170971 MB |  170949 MB |
|       from small pool |    1463 KB |    3613 KB |    1234 MB |    1233 MB |
|---------------------------------------------------------------------------|
| Allocations           |      38    |      51    |   11583    |   11545    |
|       from large pool |       3    |      14    |    4576    |    4573    |
|       from small pool |      35    |      39    |    7007    |    6972    |
|---------------------------------------------------------------------------|
| Active allocs         |      39    |      51    |   11583    |   11544    |
|       from large pool |       3    |      14    |    4576    |    4573    |
|       from small pool |      36    |      39    |    7007    |    6971    |
|---------------------------------------------------------------------------|
| GPU reserved segments |      13    |      13    |      13    |       0    |
|       from large pool |       9    |       9    |       9    |       0    |
|       from small pool |       4    |       4    |       4    |       0    |
|---------------------------------------------------------------------------|
| Non-releasable allocs |      14    |      24    |    5282    |    5268    |
|       from large pool |       4    |      12    |    2608    |    2604    |
|       from small pool |      10    |      15    |    2674    |    2664    |
|---------------------------------------------------------------------------|
| Oversize allocations  |       0    |       0    |       0    |       0    |
|---------------------------------------------------------------------------|
| Oversize GPU segments |       0    |       0    |       0    |       0    |
|===========================================================================|

test_result:epoch_time:copy_time=0.3292
test_result:convert_time=0.0113
test_result:train_time=0.2482
test_result:epoch_time:train_total=0.2595
test_result:cache_percentage=0.3000
test_result:cache_hit_rate=1.0000
test_result:run_time=6.2818
