[2022-12-06 22:01:59.455164: W /samgraph/samgraph/common/cpu/mmap_cpu_device.cc:92] mmap allocating space 13.46 GB
[2022-12-06 22:01:59.455260: W /samgraph/samgraph/common/cpu/mmap_cpu_device.cc:97] mmap allocating space 13.46 GB done
[2022-12-06 22:02:06.801746: W /samgraph/samgraph/common/cpu/mmap_cpu_device.cc:92] mmap allocating space 62.57 GB
[2022-12-06 22:02:06.801849: W /samgraph/samgraph/common/cpu/mmap_cpu_device.cc:97] mmap allocating space 62.57 GB done
[2022-12-06 22:02:06.801940: W /samgraph/samgraph/common/cpu/cpu_device.cc:39] WORKER[0] alloc host memory 13.46 GB
[2022-12-06 22:02:08.850020: E /samgraph/samgraph/common/engine.cc:272] Train set size 30.58 MB
[2022-12-06 22:02:08.850887: W /samgraph/samgraph/common/cpu/mmap_cpu_device.cc:92] mmap allocating space 293.56 GB
[2022-12-06 22:02:08.850922: W /samgraph/samgraph/common/cpu/mmap_cpu_device.cc:97] mmap allocating space 293.56 GB done
/usr/lib/python3/dist-packages/requests/__init__.py:89: RequestsDependencyWarning: urllib3 (1.26.12) or chardet (3.0.4) doesn't match a supported version!
  warnings.warn("urllib3 ({}) or chardet ({}) doesn't match a supported "
[2022-12-06 22:02:09.558356: W /samgraph/samgraph/common/dist/dist_engine.cc:662] Trainer[0] initializing...
[2022-12-06 22:02:09.648556: W /samgraph/samgraph/common/dist/dist_engine.cc:662] Trainer[1] initializing...
[2022-12-06 22:02:09.768319: W /samgraph/samgraph/common/dist/dist_engine.cc:662] Trainer[2] initializing...
[2022-12-06 22:02:09.855189: W /samgraph/samgraph/common/dist/dist_engine.cc:662] Trainer[4] initializing...
[2022-12-06 22:02:09.928647: W /samgraph/samgraph/common/dist/dist_engine.cc:662] Trainer[5] initializing...
[2022-12-06 22:02:09.946712: W /samgraph/samgraph/common/dist/dist_engine.cc:662] Trainer[3] initializing...
[2022-12-06 22:02:11.702419: W /samgraph/samgraph/common/dist/dist_engine.cc:666] Trainer[0] pin memory queue...
[2022-12-06 22:02:11.798272: W /samgraph/samgraph/common/dist/dist_engine.cc:666] Trainer[2] pin memory queue...
[2022-12-06 22:02:11.805402: W /samgraph/samgraph/common/dist/dist_engine.cc:666] Trainer[1] pin memory queue...
[2022-12-06 22:02:11.834318: W /samgraph/samgraph/common/dist/dist_engine.cc:666] Trainer[3] pin memory queue...
[2022-12-06 22:02:11.840382: W /samgraph/samgraph/common/dist/dist_engine.cc:666] Trainer[5] pin memory queue...
[2022-12-06 22:02:11.855069: W /samgraph/samgraph/common/dist/dist_engine.cc:666] Trainer[4] pin memory queue...
[2022-12-06 22:04:44. 96371: E /samgraph/samgraph/common/dist/dist_engine.cc:85] Running on V100
[2022-12-06 22:04:44. 96895: E /samgraph/samgraph/common/dist/dist_engine.cc:85] Running on V100
[2022-12-06 22:04:44. 96943: E /samgraph/samgraph/common/dist/dist_engine.cc:85] Running on V100
[2022-12-06 22:04:44. 97376: E /samgraph/samgraph/common/dist/dist_engine.cc:85] Running on V100
[2022-12-06 22:04:44. 97441: W /samgraph/samgraph/common/dist/dist_engine.cc:701] Trainer[5] register host memory...
[2022-12-06 22:04:44. 97859: W /samgraph/samgraph/common/dist/dist_engine.cc:701] Trainer[3] register host memory...
[2022-12-06 22:04:44. 97921: W /samgraph/samgraph/common/dist/dist_engine.cc:701] Trainer[2] register host memory...
[2022-12-06 22:04:44. 98329: W /samgraph/samgraph/common/dist/dist_engine.cc:701] Trainer[0] register host memory...
[2022-12-06 22:04:44.128743: E /samgraph/samgraph/common/dist/dist_engine.cc:85] Running on V100
[2022-12-06 22:04:44.129222: W /samgraph/samgraph/common/dist/dist_engine.cc:701] Trainer[1] register host memory...
[2022-12-06 22:04:44.193723: E /samgraph/samgraph/common/dist/dist_engine.cc:85] Running on V100
[2022-12-06 22:04:44.193860: W /samgraph/samgraph/common/dist/dist_engine.cc:701] Trainer[4] register host memory...
[2022-12-06 22:04:44.412321: E /samgraph/samgraph/common/dist/dist_engine.cc:85] Running on V100
[2022-12-06 22:04:44.412505: W /samgraph/samgraph/common/cpu/cpu_device.cc:39] WORKER[0] alloc host memory 30.58 MB
[2022-12-06 22:04:44.413283: E /samgraph/samgraph/common/dist/dist_engine.cc:85] Running on V100
[2022-12-06 22:04:44.433636: W /samgraph/samgraph/common/cuda/cuda_device.cc:49] GPU[6] alloc cuda memory 250.28 MB
[2022-12-06 22:04:44.511627: W /samgraph/samgraph/common/cuda/cuda_device.cc:49] GPU[6] alloc cuda memory 13.46 GB
[2022-12-06 22:04:47.126676: W /samgraph/samgraph/common/cpu/cpu_device.cc:39] WORKER[0] alloc host memory 38.23 MB
[2022-12-06 22:04:47.150376: W /samgraph/samgraph/common/cuda/cuda_device.cc:49] GPU[6] alloc cuda memory 19.12 MB
[2022-12-06 22:04:47.151034: W /samgraph/samgraph/common/cuda/cuda_device.cc:49] GPU[6] alloc cuda memory 256.00 MB
[2022-12-06 22:04:47.151336: W /samgraph/samgraph/common/cuda/cuda_device.cc:49] GPU[6] alloc cuda memory 26.18 MB
[2022-12-06 22:04:47.152051: W /samgraph/samgraph/common/cuda/cuda_device.cc:49] GPU[6] alloc cuda memory 28.56 MB
[2022-12-06 22:04:47.152137: W /samgraph/samgraph/common/cpu/cpu_device.cc:39] WORKER[0] alloc host memory 38.23 MB
[2022-12-06 22:04:47.175155: E /samgraph/samgraph/common/dist/pre_sampler.cc:41] Dist Presampler making shuffler...
[2022-12-06 22:04:47.175222: W /samgraph/samgraph/common/cpu/cpu_device.cc:39] WORKER[0] alloc host memory 38.23 MB
[2022-12-06 22:04:47.198604: W /samgraph/samgraph/common/cuda/cuda_device.cc:49] GPU[6] alloc cuda memory 38.23 MB
[2022-12-06 22:04:47.198667: E /samgraph/samgraph/common/dist/pre_sampler.cc:44] Dist Presampler making shuffler...Done
[2022-12-06 22:04:47.198696: W /samgraph/samgraph/common/cpu/cpu_device.cc:39] WORKER[0] alloc host memory 500.55 MB
[2022-12-06 22:04:47.415528: E /samgraph/samgraph/common/dist/pre_sampler.cc:85] Dist Presampler doing presample epoch 0
[2022-12-06 22:04:47.696799: W /samgraph/samgraph/common/cuda/cuda_device.cc:49] GPU[6] alloc cuda memory 27.11 MB
[2022-12-06 22:04:47.697161: W /samgraph/samgraph/common/cuda/cuda_device.cc:49] GPU[6] alloc cuda memory 27.11 MB
[2022-12-06 22:04:47.697452: W /samgraph/samgraph/common/cuda/cuda_device.cc:49] GPU[6] alloc cuda memory 27.11 MB
[2022-12-06 22:04:47.697756: W /samgraph/samgraph/common/cuda/cuda_device.cc:49] GPU[6] alloc cuda memory 27.11 MB
[2022-12-06 22:04:47.719577: W /samgraph/samgraph/common/cuda/cuda_device.cc:49] GPU[6] alloc cuda memory 25.55 MB
[2022-12-06 22:04:47.721900: W /samgraph/samgraph/common/cpu/cpu_device.cc:39] WORKER[0] alloc host memory 20.43 MB
[2022-12-06 22:05:45.363060: E /samgraph/samgraph/common/dist/pre_sampler.cc:129] presample spend 24.9955 on sample, 1.40312 on copy, 31.535 on count
[2022-12-06 22:05:45.363157: E /samgraph/samgraph/common/dist/pre_sampler.cc:85] Dist Presampler doing presample epoch 1
[2022-12-06 22:06:43.518488: E /samgraph/samgraph/common/dist/pre_sampler.cc:129] presample spend 49.9913 on sample, 2.7968 on copy, 63.2871 on count
[2022-12-06 22:06:43.518611: E /samgraph/samgraph/common/dist/pre_sampler.cc:136] max_num_inputs = 4324166, min_num_inputs = 4270893
[2022-12-06 22:06:43.710979: E /samgraph/samgraph/common/dist/pre_sampler.cc:148] presample spend 0.192265 on sort freq.
[2022-12-06 22:06:43.945582: E /samgraph/samgraph/common/dist/dist_engine.cc:524] pre sample done, delete it
[[[[[[2022-12-06 22:06:432022-12-06 22:06:432022-12-06 22:06:432022-12-06 22:06:432022-12-06 22:06:432022-12-06 22:06:43......961747961754961759961754961758961761: : : : : : WWWWWW      /samgraph/samgraph/common/dist/dist_engine.cc/samgraph/samgraph/common/dist/dist_engine.cc/samgraph/samgraph/common/dist/dist_engine.cc/samgraph/samgraph/common/dist/dist_engine.cc/samgraph/samgraph/common/dist/dist_engine.cc/samgraph/samgraph/common/dist/dist_engine.cc::::::711711711711711711] ] ] ] ] ] Trainer[5] building cache...Trainer[2] building cache...Trainer[4] building cache...Trainer[3] building cache...Trainer[0] building cache...Trainer[1] building cache...





[2022-12-06 22:06:43.966761: E /samgraph/3rdparty/collcachelib/coll_cache_lib/coll_cache/asymm_link_desc.cc:196] [build asymm link desc with 6X Tesla V100-SXM2-32GB out of 82022-12-06 22:06:43
.966792: E /samgraph/3rdparty/collcachelib/coll_cache_lib/coll_cache/asymm_link_desc.cc:196[] 2022-12-06 22:06:43build asymm link desc with 6X Tesla V100-SXM2-32GB out of 8.[
9668332022-12-06 22:06:43: .E966838 : [/samgraph/3rdparty/collcachelib/coll_cache_lib/coll_cache/asymm_link_desc.ccE2022-12-06 22:06:43: .197/samgraph/3rdparty/collcachelib/coll_cache_lib/coll_cache/asymm_link_desc.cc966878] [:: remote time is 8.684212022-12-06 22:06:43196E
.]  966883build asymm link desc with 6X Tesla V100-SXM2-32GB out of 8/samgraph/3rdparty/collcachelib/coll_cache_lib/coll_cache/asymm_link_desc.cc[: 
:2022-12-06 22:06:43E197[. ] [2022-12-06 22:06:43966931/samgraph/3rdparty/collcachelib/coll_cache_lib/coll_cache/asymm_link_desc.ccremote time is 8.684212022-12-06 22:06:43.: :
.966932E196966952:  ] [: [E2022-12-06 22:06:43/samgraph/3rdparty/collcachelib/coll_cache_lib/coll_cache/asymm_link_desc.ccbuild asymm link desc with 6X Tesla V100-SXM2-32GB out of 82022-12-06 22:06:43E .:
. /samgraph/3rdparty/collcachelib/coll_cache_lib/coll_cache/asymm_link_desc.cc966975198966984/samgraph/3rdparty/collcachelib/coll_cache_lib/coll_cache/asymm_link_desc.cc:: ] : [:196Ecpu time is 30E2022-12-06 22:06:43197]  
 .] build asymm link desc with 6X Tesla V100-SXM2-32GB out of 8/samgraph/3rdparty/collcachelib/coll_cache_lib/coll_cache/asymm_link_desc.cc/samgraph/3rdparty/collcachelib/coll_cache_lib/coll_cache/asymm_link_desc.cc967031remote time is 8.68421
::: 
196198E] ] [ [build asymm link desc with 6X Tesla V100-SXM2-32GB out of 8cpu time is 302022-12-06 22:06:43/samgraph/3rdparty/collcachelib/coll_cache_lib/coll_cache/asymm_link_desc.cc2022-12-06 22:06:43

.:.967087197967089: ] [: Eremote time is 8.684212022-12-06 22:06:43E 
. /samgraph/3rdparty/collcachelib/coll_cache_lib/coll_cache/asymm_link_desc.cc967119/samgraph/3rdparty/collcachelib/coll_cache_lib/coll_cache/asymm_link_desc.cc:[: :1972022-12-06 22:06:43E198] . ] remote time is 8.68421967144/samgraph/3rdparty/collcachelib/coll_cache_lib/coll_cache/asymm_link_desc.cccpu time is 30
: :
E197 ] /samgraph/3rdparty/collcachelib/coll_cache_lib/coll_cache/asymm_link_desc.cc[remote time is 8.68421:2022-12-06 22:06:43
198.] 967184cpu time is 30[: 
2022-12-06 22:06:43E. 967208/samgraph/3rdparty/collcachelib/coll_cache_lib/coll_cache/asymm_link_desc.cc: :E198 ] /samgraph/3rdparty/collcachelib/coll_cache_lib/coll_cache/asymm_link_desc.cccpu time is 30:
198] cpu time is 30
[2022-12-06 22:07:12.330206: E /samgraph/3rdparty/collcachelib/coll_cache_lib/facade.cc:115] solver created. now build & solve
[2022-12-06 22:07:12.356026: E /samgraph/3rdparty/collcachelib/coll_cache_lib/facade.cc:120] solver built. now solve
block 0 storage is 00001001
	access is	0	0	0	3	3	3	
block 1 storage is 00010010
	access is	1	1	1	4	4	4	
block 2 storage is 00100100
	access is	2	2	2	5	5	5	
block 3 storage is 00000000
	access is	6	6	6	6	6	6	
[2022-12-06 22:07:13.161060: E /samgraph/3rdparty/collcachelib/coll_cache_lib/facade.cc:124] solver solved
[2022-12-06 22:07:13.161133: E /samgraph/3rdparty/collcachelib/coll_cache_lib/facade.cc:187] 0 solved master
[2022-12-06 22:07:13.161185: E /samgraph/3rdparty/collcachelib/coll_cache_lib/facade.cc:194] 0 solved
[2022-12-06 22:07:13.161212: E /samgraph/3rdparty/collcachelib/coll_cache_lib/facade.cc:197] worker 0 thread 0 initing device 0
[2022-12-06 22:07:13.162643: E /samgraph/3rdparty/collcachelib/coll_cache_lib/cache_context.cu:1762] Building Coll Cache with ... num gpu device is 6
[2022-12-06 22:07:13.171248: E /samgraph/3rdparty/collcachelib/coll_cache_lib/facade.cc:194] 1 solved
[2022-12-06 22:07:13.171313: E /samgraph/3rdparty/collcachelib/coll_cache_lib/facade.cc:197] worker 1 thread 1 initing device 1
[2022-12-06 22:07:13.171430: E /samgraph/3rdparty/collcachelib/coll_cache_lib/facade.cc:194] 4 solved
[2022-12-06 22:07:13.171488: E /samgraph/3rdparty/collcachelib/coll_cache_lib/facade.cc:197] worker 4 thread 4 initing device 4
[2022-12-06 22:07:13.171536: E /samgraph/3rdparty/collcachelib/coll_cache_lib/facade.cc:194] 2 solved
[2022-12-06 22:07:13.171587: E /samgraph/3rdparty/collcachelib/coll_cache_lib/facade.cc:197] worker 2 thread 2 initing device 2
[2022-12-06 22:07:13.171708[: E2022-12-06 22:07:13 ./samgraph/3rdparty/collcachelib/coll_cache_lib/facade.cc171722:: 194E]  3 solved/samgraph/3rdparty/collcachelib/coll_cache_lib/facade.cc
:194] 5 solved[
2022-12-06 22:07:13.171797: E[ 2022-12-06 22:07:13/samgraph/3rdparty/collcachelib/coll_cache_lib/facade.cc.:171808197: ] Eworker 3 thread 3 initing device 3 
/samgraph/3rdparty/collcachelib/coll_cache_lib/facade.cc:197] worker 5 thread 5 initing device 5
[2022-12-06 22:07:13.172745: E /samgraph/3rdparty/collcachelib/coll_cache_lib/cache_context.cu:1762] Building Coll Cache with ... num gpu device is 6
[2022-12-06 22:07:13.173853: E /samgraph/3rdparty/collcachelib/coll_cache_lib/cache_context.cu:1762] Building Coll Cache with ... num gpu device is 6
[2022-12-06 22:07:13.174184: E /samgraph/3rdparty/collcachelib/coll_cache_lib/cache_context.cu:1762] Building Coll Cache with ... num gpu device is 6
[2022-12-06 22:07:13.174280: E /samgraph/3rdparty/collcachelib/coll_cache_lib/cache_context.cu:1762] Building Coll Cache with ... num gpu device is 6
[2022-12-06 22:07:13.174334: E /samgraph/3rdparty/collcachelib/coll_cache_lib/cache_context.cu:1762] Building Coll Cache with ... num gpu device is 6
[2022-12-06 22:07:13.215133: W /samgraph/3rdparty/collcachelib/coll_cache_lib/cpu/cpu_device.cc:39] WORKER[0] alloc host memory 37.54 MB
[[[[2022-12-06 22:07:14[[2022-12-06 22:07:142022-12-06 22:07:142022-12-06 22:07:14.2022-12-06 22:07:142022-12-06 22:07:14...974500..974499974500974499: 974500974500: : : E : : EEE/samgraph/3rdparty/collcachelib/coll_cache_lib/cache_context.cuEE   :  /samgraph/3rdparty/collcachelib/coll_cache_lib/cache_context.cu/samgraph/3rdparty/collcachelib/coll_cache_lib/cache_context.cu/samgraph/3rdparty/collcachelib/coll_cache_lib/cache_context.cu1871/samgraph/3rdparty/collcachelib/coll_cache_lib/cache_context.cu/samgraph/3rdparty/collcachelib/coll_cache_lib/cache_context.cu:::] ::187118711871Device 0 init p2p of link 118711871] ] ] 
] ] Device 2 init p2p of link 1Device 4 init p2p of link 3Device 1 init p2p of link 0Device 5 init p2p of link 0Device 3 init p2p of link 4




[2022-12-06 22:07:14.988595: E /samgraph/3rdparty/collcachelib/coll_cache_lib/cache_context.cu:1871] Device 5 init p2p of link 3
[2022-12-06 22:07:14.993435: E /samgraph/3rdparty/collcachelib/coll_cache_lib/cache_context.cu:1871] Device 0 init p2p of link 5
[2022-12-06 22:07:14.993789: E /samgraph/3rdparty/collcachelib/coll_cache_lib/cache_context.cu:1871] Device 1 init p2p of link 2
[2022-12-06 22:07:14.994256: E /samgraph/3rdparty/collcachelib/coll_cache_lib/cache_context.cu:1871] Device 2 init p2p of link 0
[2022-12-06 22:07:14.994434: E /samgraph/3rdparty/collcachelib/coll_cache_lib/cache_context.cu:1871] Device 3 init p2p of link 5
[2022-12-06 22:07:14.994633: E /samgraph/3rdparty/collcachelib/coll_cache_lib/cache_context.cu:1871] Device 4 init p2p of link 2
[2022-12-06 22:07:14.997197: E /samgraph/3rdparty/collcachelib/coll_cache_lib/cache_context.cu:1871] Device 5 init p2p of link 4
[2022-12-06 22:07:15.  1639: E /samgraph/3rdparty/collcachelib/coll_cache_lib/cache_context.cu:1871] Device 0 init p2p of link 2
[2022-12-06 22:07:15.  8812: E /samgraph/3rdparty/collcachelib/coll_cache_lib/cache_context.cu:1871] Device 1 init p2p of link 3
[2022-12-06 22:07:15.  8944: E /samgraph/3rdparty/collcachelib/coll_cache_lib/cache_context.cu:1871] Device 4 init p2p of link 5
[2022-12-06 22:07:15. 12440: E /samgraph/3rdparty/collcachelib/coll_cache_lib/cache_context.cu:1871] Device 3 init p2p of link 1
[2022-12-06 22:07:15. 17399: E /samgraph/3rdparty/collcachelib/coll_cache_lib/cache_context.cu:1900] Asymm Coll cache (policy: clique_part) | local 9841254 / 65608366 nodes ( 15.00 %~15.00 %) | remote 19682508 / 65608366 nodes ( 30.00 %) | cpu 36084604 / 65608366 nodes ( 55.00 %) | 9.39 GB | 1.84461 secs 
[2022-12-06 22:07:15. 17653: E /samgraph/3rdparty/collcachelib/coll_cache_lib/cache_context.cu:1871] Device 2 init p2p of link 4
[2022-12-06 22:07:15. 19620: E /samgraph/3rdparty/collcachelib/coll_cache_lib/cache_context.cu:1900] Asymm Coll cache (policy: clique_part) | local 9841254 / 65608366 nodes ( 15.00 %~15.00 %) | remote 19682508 / 65608366 nodes ( 30.00 %) | cpu 36084604 / 65608366 nodes ( 55.00 %) | 9.39 GB | 1.8453 secs 
[2022-12-06 22:07:15. 21552: E /samgraph/3rdparty/collcachelib/coll_cache_lib/cache_context.cu:1900] Asymm Coll cache (policy: clique_part) | local 9841254 / 65608366 nodes ( 15.00 %~15.00 %) | remote 19682508 / 65608366 nodes ( 30.00 %) | cpu 36084604 / 65608366 nodes ( 55.00 %) | 9.39 GB | 1.84717 secs 
[2022-12-06 22:07:15. 22803: E /samgraph/3rdparty/collcachelib/coll_cache_lib/cache_context.cu:1900] Asymm Coll cache (policy: clique_part) | local 9841254 / 65608366 nodes ( 15.00 %~15.00 %) | remote 19682508 / 65608366 nodes ( 30.00 %) | cpu 36084604 / 65608366 nodes ( 55.00 %) | 9.39 GB | 1.86011 secs 
[2022-12-06 22:07:15. 23148: E /samgraph/3rdparty/collcachelib/coll_cache_lib/cache_context.cu:1900] Asymm Coll cache (policy: clique_part) | local 9841254 / 65608366 nodes ( 15.00 %~15.00 %) | remote 19682508 / 65608366 nodes ( 30.00 %) | cpu 36084604 / 65608366 nodes ( 55.00 %) | 9.39 GB | 1.84892 secs 
[2022-12-06 22:07:15. 27640: E /samgraph/3rdparty/collcachelib/coll_cache_lib/cache_context.cu:1900] Asymm Coll cache (policy: clique_part) | local 9841254 / 65608366 nodes ( 15.00 %~15.00 %) | remote 19682508 / 65608366 nodes ( 30.00 %) | cpu 36084604 / 65608366 nodes ( 55.00 %) | 9.39 GB | 1.85374 secs 
[2022-12-06 22:07:31.317727: W /samgraph/samgraph/common/cuda/cuda_device.cc:49] GPU[0] alloc cuda memory 22.14 MB
[2022-12-06 22:07:31.319331: W /samgraph/samgraph/common/cuda/cuda_device.cc:49] GPU[0] alloc cuda memory 28.11 MB
[2022-12-06 22:07:31.320892: W /samgraph/samgraph/common/cuda/cuda_device.cc:49] GPU[0] alloc cuda memory 28.11 MB
[2022-12-06 22:07:31.355009: W /samgraph/samgraph/common/cuda/cuda_device.cc:49] GPU[0] alloc cuda memory 4.43 GB
[2022-12-06 22:07:32.845253: W /samgraph/samgraph/common/cuda/cuda_device.cc:49] GPU[0] alloc cuda memory 20.45 MB
[2022-12-06 22:07:32.847140: W /samgraph/samgraph/common/cuda/cuda_device.cc:49] GPU[0] alloc cuda memory 25.56 MB
[2022-12-06 22:07:32.849620: W /samgraph/samgraph/common/cuda/cuda_device.cc:49] GPU[0] alloc cuda memory 25.56 MB
[2022-12-06 22:07:32.883435: W /samgraph/samgraph/common/cuda/cuda_device.cc:49] GPU[0] alloc cuda memory 4.43 GB
/usr/local/lib/python3.8/dist-packages/torch/nn/parallel/scatter_gather.py:9: UserWarning: is_namedtuple is deprecated, please use the python checks instead
  warnings.warn("is_namedtuple is deprecated, please use the python checks instead")
/usr/local/lib/python3.8/dist-packages/torch/nn/parallel/scatter_gather.py:9: UserWarning: is_namedtuple is deprecated, please use the python checks instead
  warnings.warn("is_namedtuple is deprecated, please use the python checks instead")
/usr/local/lib/python3.8/dist-packages/torch/nn/parallel/scatter_gather.py:9: UserWarning: is_namedtuple is deprecated, please use the python checks instead
  warnings.warn("is_namedtuple is deprecated, please use the python checks instead")
/usr/local/lib/python3.8/dist-packages/torch/nn/parallel/scatter_gather.py:9: UserWarning: is_namedtuple is deprecated, please use the python checks instead
  warnings.warn("is_namedtuple is deprecated, please use the python checks instead")
/usr/local/lib/python3.8/dist-packages/torch/nn/parallel/scatter_gather.py:9: UserWarning: is_namedtuple is deprecated, please use the python checks instead
  warnings.warn("is_namedtuple is deprecated, please use the python checks instead")
/usr/local/lib/python3.8/dist-packages/torch/nn/parallel/scatter_gather.py:9: UserWarning: is_namedtuple is deprecated, please use the python checks instead
  warnings.warn("is_namedtuple is deprecated, please use the python checks instead")
