config:eval_tsp="2022-12-06 19:55:16"
config:arch=arch5
config:num_train_worker=6
config:num_sample_worker=2
config:sample_type=khop2
config:root_path=/nvme/samgraph/
config:dataset=com-friendster
config:pipeline=False
config:cache_policy=clique_part
config:cache_percentage=0.05
config:num_epoch=4
config:batch_size=8000
config:num_hidden=256
config:max_sampling_jobs=1
config:max_copying_jobs=1
config:barriered_epoch=1
config:presample_epoch=2
config:omp_thread_num=6
config:unsupervised=True
config:amp=True
config:rolling=0
config:fanout=[25, 10]
config:lr=0.003
config:dropout=0.5
config:single_gpu=False
config:max_num_step=1000
config:validate_configs=False
config:report_acc=0
config:dataset_path=/nvme/samgraph/com-friendster
config:torch_thread_num=8
config:train_workers=['cuda:0', 'cuda:1', 'cuda:2', 'cuda:3', 'cuda:4', 'cuda:5']
config:sample_workers=['cuda:6', 'cuda:7']
config:num_fanout=2
config:num_layer=2
config:_run_mode=RunMode.FGNN
config:_log_level=warn
config:_profile_level=3
config:_empty_feat=0
config:_arch=5
config:_sample_type=5
config:_cache_policy=14
test_result:init:input_scale_factor=1.1
coll_cache:optimal_rep_storage=0
coll_cache:optimal_part_storage=0.15
coll_cache:optimal_cpu_storage=0.85
coll_cache:optimal_local_storage=0.05
coll_cache:optimal_remote_storage=0.1
coll_cache:optimal_local_rate=0.226694
coll_cache:optimal_remote_rate=0.453388
coll_cache:optimal_cpu_rate=0.319919
z=231933,231933,257732,231933,257732,231933,
test_result:init:feat_nbytes=67182966784
test_result:init:cache_nbytes=3365865472
test_result:init:feat_nbytes=67182966784
test_result:init:cache_nbytes=3365865472
test_result:init:feat_nbytes=67182966784
test_result:init:cache_nbytes=3365865472
test_result:init:feat_nbytes=67182966784
test_result:init:cache_nbytes=3365865472
test_result:init:feat_nbytes=67182966784
test_result:init:cache_nbytes=3365865472
test_result:init:feat_nbytes=67182966784
test_result:init:cache_nbytes=3365865472
[Train  Worker 4/6] Started with PID 14354(Tesla V100-SXM2-32GB)
[Train  Worker 4] run train for 4 epochs with 1002 steps
[Train  Worker 2/6] Started with PID 14348(Tesla V100-SXM2-32GB)
[Train  Worker 2] run train for 4 epochs with 1002 steps
[Train  Worker 1/6] Started with PID 14345(Tesla V100-SXM2-32GB)
[Train  Worker 1] run train for 4 epochs with 1002 steps
[Train  Worker 3/6] Started with PID 14351(Tesla V100-SXM2-32GB)
[Train  Worker 3] run train for 4 epochs with 1002 steps
[Train  Worker 5/6] Started with PID 14357(Tesla V100-SXM2-32GB)
[Train  Worker 5] run train for 4 epochs with 1002 steps
[CUDA] cuda0: usage: 19.86 GB
[SAM] cuda0 data alloc        : 0.00 Bytes
[SAM] cuda0 workspace         : 9.22 GB
[SAM] cuda0 workspace reserve : 4.58 GB
[SAM] cuda0 total             : 9.22 GB
[Train  Worker 0/6] Started with PID 14342(Tesla V100-SXM2-32GB)
[Train  Worker 0] run train for 4 epochs with 1002 steps
Epoch 00000 | Epoch Time 75.5650 | Total Train Time(Profiler) 37.3738 | Copy Time 38.1739
[CUDA] cuda0: usage: 19.86 GB
[SAM] cuda0 data alloc        : 0.00 Bytes
[SAM] cuda0 workspace         : 9.22 GB
[SAM] cuda0 workspace reserve : 4.57 GB
[SAM] cuda0 total             : 9.22 GB
Epoch 00001 | Epoch Time 74.1827 | Total Train Time(Profiler) 36.3301 | Copy Time 37.8359
[CUDA] cuda0: usage: 19.86 GB
[SAM] cuda0 data alloc        : 0.00 Bytes
[SAM] cuda0 workspace         : 9.22 GB
[SAM] cuda0 workspace reserve : 4.58 GB
[SAM] cuda0 total             : 9.22 GB
Epoch 00002 | Epoch Time 74.0575 | Total Train Time(Profiler) 36.0955 | Copy Time 37.9455
[CUDA] cuda0: usage: 19.86 GB
[SAM] cuda0 data alloc        : 0.00 Bytes
[SAM] cuda0 workspace         : 9.22 GB
[SAM] cuda0 workspace reserve : 4.58 GB
[SAM] cuda0 total             : 9.22 GB
Epoch 00003 | Epoch Time 74.0275 | Total Train Time(Profiler) 36.0169 | Copy Time 37.9942
[Train  Worker 5] Avg Epoch Time 74.0891 | Train Total Time(Profiler) 35.9168 | Copy Time 38.1557
[Train  Worker 4] Avg Epoch Time 74.0892 | Train Total Time(Profiler) 5.7620 | Copy Time 68.3094
[Train  Worker 2] Avg Epoch Time 74.0892 | Train Total Time(Profiler) 5.9104 | Copy Time 68.1617
[Train  Worker 0] Avg Epoch Time 74.0892 | Train Total Time(Profiler) 36.1475 | Copy Time 37.9252
[Train  Worker 1] Avg Epoch Time 74.0893 | Train Total Time(Profiler) 5.9019 | Copy Time 68.1708
[Train  Worker 3] Avg Epoch Time 74.0893 | Train Total Time(Profiler) 5.7451 | Copy Time 68.3267
[Sample Worker 1/2] Started with PID 14339(Tesla V100-SXM2-32GB)
[Sample Worker 1] run sample for 4 epochs with 501 steps
[Sample Worker 1] Avg Sample Total Time 15.1789 | Sampler Total Time(Profiler) 15.1722
    [Step(average) Profiler Level 1 E3 S500]
        L1  sample           0.025266 | send           0.005022
        L1  recv             0.000000 | copy           0.000000 | convert time 0.000000 | train  0.000000
        L1  feature nbytes 0.00 Bytes | label nbytes 0.00 Bytes
        L1  id nbytes      0.00 Bytes | graph nbytes 0.00 Bytes
        L1  miss nbytes    0.00 Bytes | remote nbytes 0.00 Bytes
        L1  num nodes         4298990 | num samples     5578569
    [Step(average) Profiler Level 2 E3 S500]
        L2  shuffle     0.000577 | core sample  0.011486 | id remap        0.012979
        L2  graph copy  0.000000 | id copy      0.000000 | cache feat copy 0.000000
        L2  last layer sample time 0.000744 | size 227996.559548
    [Step(average) Profiler Level 3 E3 S500]
        L3  khop sample coo  0.009185 | khop sort coo      0.000000 | khop count edge     0.000074 | khop compact edge 0.002163
        L3  walk sample coo  0.000000 | walk topk total    0.000000 | walk topk step1     0.000000 | walk topk step2   0.000000
        L3  walk topk step3  0.000000 | walk topk step4    0.000000 | walk topk step5     0.000000
        L3  walk topk step6  0.000000 | walk topk step7    0.000000
        L3  remap unique     0.000212 | remap populate     0.010688 | remap mapnode       0.000000 | remap mapedge     0.002310
        L3  cache get_index  0.000000 | cache copy_index   0.000000 | cache extract_miss  0.000000
        L3  cache copy_miss  0.000000 | cache combine_miss 0.000000 | cache combine cache 0.000000 | cache combine remote 0.000000
        L3  label extract  0.000000
    [Init Profiler Level 1]
        L1  init    10.1533 | sampler init   279.5946 | trainer init 0.0000
    [Init Profiler Level 2]
        L2  load ds        13.1962 | init queue         157.1338
        L2  presample     116.8336 | build interal ds     2.5810
        L2  build cache     0.0000
    [Init Profiler Level 3]
        L3  load dataset: mmap    10.1494 | copy         3.0468
        L3  dist queue: alloc      0.0009 | pin        157.1329 | push     0.0000
        L3  presample: init        0.2441
        L3  presample: sample     50.0272 | copy         2.7987
        L3  presample: count      63.2591 | sort         0.2001
        L3  presample: reset       0.0012 | get rank     0.0147
        L3  internal: cuda ctx     2.2799 | cuda stream     0.2737
[Sample Worker 0/2] Started with PID 14336(Tesla V100-SXM2-32GB)
[Sample Worker 0] run sample for 4 epochs with 501 steps
[Sample Worker 0] Avg Sample Total Time 15.1845 | Sampler Total Time(Profiler) 15.1745
test_result:sample_time=12.6584
test_result:get_cache_miss_index_time=0.0000
test_result:enqueue_samples_time=2.5160
test_result:epoch_time:sample_total=15.1845
[CUDA] cuda0: usage: 19.86 GB
[SAM] cuda0 data alloc        : 0.00 Bytes
[SAM] cuda0 workspace         : 9.22 GB
[SAM] cuda0 workspace reserve : 4.58 GB
[SAM] cuda0 total             : 9.22 GB
    [Step(average) Profiler Level 1 E3 S1001]
        L1  sample           0.000000 | send           0.000000
        L1  recv             0.008786 | copy           0.348335 | convert time 0.000500 | train  0.094715
        L1  feature nbytes    4.10 GB | label nbytes   62.50 KB
        L1  id nbytes      0.00 Bytes | graph nbytes 0.00 Bytes
        L1  miss nbytes       1.32 GB | remote nbytes    1.86 GB
        L1  num nodes               0 | num samples           0
    [Step(average) Profiler Level 2 E3 S1001]
        L2  shuffle     0.000000 | core sample  0.000000 | id remap        0.000000
        L2  graph copy  0.000004 | id copy      0.000000 | cache feat copy 0.339544
        L2  last layer sample time 0.000000 | size 0.000000
    [Step(average) Profiler Level 3 E3 S1001]
        L3  khop sample coo  0.000000 | khop sort coo      0.000000 | khop count edge     0.000000 | khop compact edge 0.000000
        L3  walk sample coo  0.000000 | walk topk total    0.000000 | walk topk step1     0.000000 | walk topk step2   0.000000
        L3  walk topk step3  0.000000 | walk topk step4    0.000000 | walk topk step5     0.000000
        L3  walk topk step6  0.000000 | walk topk step7    0.000000
        L3  remap unique     0.000000 | remap populate     0.000000 | remap mapnode       0.000000 | remap mapedge     0.000000
        L3  cache get_index  0.002797 | cache copy_index   0.000000 | cache extract_miss  0.000000
        L3  cache copy_miss  0.000000 | cache combine_miss 0.336711 | cache combine cache 0.003271 | cache combine remote 0.040044
        L3  label extract  0.000022
    [Step(max) Profiler Level 1 E3 S1001]
        L1  sample           0.000000 | send           0.000000
        L1  recv             0.000000 | copy           0.000000 | convert time 0.000000 | train  0.000000
        L1  feature nbytes 0.00 Bytes | label nbytes 0.00 Bytes
        L1  id nbytes      0.00 Bytes | graph nbytes   42.91 MB
        L1  miss nbytes    0.00 Bytes | remote nbytes 0.00 Bytes
        L1  num nodes               0 | num samples           0
    [Step(max) Profiler Level 2 E3 S1001]
        L2  shuffle     0.000000 | core sample  0.000000 | id remap        0.000000
        L2  graph copy  0.000000 | id copy      0.000000 | cache feat copy 0.000000
        L2  last layer sample time 0.000000 | size 0.000000
    [Step(max) Profiler Level 3 E3 S1001]
        L3  khop sample coo  0.000000 | khop sort coo      0.000000 | khop count edge     0.000000 | khop compact edge 0.000000
        L3  walk sample coo  0.000000 | walk topk total    0.000000 | walk topk step1     0.000000 | walk topk step2   0.000000
        L3  walk topk step3  0.000000 | walk topk step4    0.000000 | walk topk step5     0.000000
        L3  walk topk step6  0.000000 | walk topk step7    0.000000
        L3  remap unique     0.000000 | remap populate     0.000000 | remap mapnode       0.000000 | remap mapedge     0.000000
        L3  cache get_index  0.000000 | cache copy_index   0.000000 | cache extract_miss  0.000000
        L3  cache copy_miss  0.000000 | cache combine_miss 0.000000 | cache combine cache 0.000000 | cache combine remote 0.000000
        L3  label extract  0.000000
    [Step(min) Profiler Level 1 E3 S1001]
        L1  sample           0.000000 | send           0.000000
        L1  recv             0.000000 | copy           0.000000 | convert time 0.000000 | train  0.000000
        L1  feature nbytes 0.00 Bytes | label nbytes 0.00 Bytes
        L1  id nbytes      0.00 Bytes | graph nbytes   42.44 MB
        L1  miss nbytes    0.00 Bytes | remote nbytes 0.00 Bytes
        L1  num nodes               0 | num samples           0
    [Step(min) Profiler Level 2 E3 S1001]
        L2  shuffle     0.000000 | core sample  0.000000 | id remap        0.000000
        L2  graph copy  0.000000 | id copy      0.000000 | cache feat copy 0.000000
        L2  last layer sample time 0.000000 | size 0.000000
    [Step(min) Profiler Level 3 E3 S1001]
        L3  khop sample coo  0.000000 | khop sort coo      0.000000 | khop count edge     0.000000 | khop compact edge 0.000000
        L3  walk sample coo  0.000000 | walk topk total    0.000000 | walk topk step1     0.000000 | walk topk step2   0.000000
        L3  walk topk step3  0.000000 | walk topk step4    0.000000 | walk topk step5     0.000000
        L3  walk topk step6  0.000000 | walk topk step7    0.000000
        L3  remap unique     0.000000 | remap populate     0.000000 | remap mapnode       0.000000 | remap mapedge     0.000000
        L3  cache get_index  0.000000 | cache copy_index   0.000000 | cache extract_miss  0.000000
        L3  cache copy_miss  0.000000 | cache combine_miss 0.000000 | cache combine cache 0.000000 | cache combine remote 0.000000
        L3  label extract  0.000000
    [Init Profiler Level 1]
        L1  init    10.1533 | sampler init     0.0000 | trainer init 317.4246
    [Init Profiler Level 2]
        L2  load ds        10.1494 | init queue         156.9031
        L2  presample       0.0000 | build interal ds     2.0670
        L2  build cache   158.4386
    [Init Profiler Level 3]
        L3  load dataset: mmap    10.1494 | copy         0.0000
        L3  dist queue: alloc      0.0009 | pin        156.9022 | push     0.0000
        L3  presample: init        0.0000
        L3  presample: sample      0.0000 | copy         0.0000
        L3  presample: count       0.0000 | sort         0.0000
        L3  presample: reset       0.0000 | get rank     0.0000
        L3  internal: cuda ctx     2.0670 | cuda stream     0.0001
|===========================================================================|
|                  PyTorch CUDA memory summary, device ID 0                 |
|---------------------------------------------------------------------------|
|            CUDA OOMs: 0            |        cudaMalloc retries: 0         |
|===========================================================================|
|        Metric         | Cur Usage  | Peak Usage | Tot Alloc  | Tot Freed  |
|---------------------------------------------------------------------------|
| Allocated memory      |   59959 KB |    2625 MB |    3608 GB |    3608 GB |
|       from large pool |   51204 KB |    2624 MB |    3596 GB |    3596 GB |
|       from small pool |    8755 KB |      11 MB |      12 GB |      12 GB |
|---------------------------------------------------------------------------|
| Active memory         |   59960 KB |    2625 MB |    3608 GB |    3608 GB |
|       from large pool |   51204 KB |    2624 MB |    3596 GB |    3596 GB |
|       from small pool |    8756 KB |      11 MB |      12 GB |      12 GB |
|---------------------------------------------------------------------------|
| GPU reserved memory   |    2644 MB |    2644 MB |    2644 MB |       0 B  |
|       from large pool |    2630 MB |    2630 MB |    2630 MB |       0 B  |
|       from small pool |      14 MB |      14 MB |      14 MB |       0 B  |
|---------------------------------------------------------------------------|
| Non-releasable memory |   28104 KB |    2248 MB |    3321 GB |    3321 GB |
|       from large pool |   22524 KB |    2242 MB |    3309 GB |    3309 GB |
|       from small pool |    5580 KB |       8 MB |      12 GB |      12 GB |
|---------------------------------------------------------------------------|
| Allocations           |      39    |      56    |   91555    |   91516    |
|       from large pool |       3    |      14    |   36740    |   36737    |
|       from small pool |      36    |      45    |   54815    |   54779    |
|---------------------------------------------------------------------------|
| Active allocs         |      40    |      56    |   91555    |   91515    |
|       from large pool |       3    |      14    |   36740    |   36737    |
|       from small pool |      37    |      45    |   54815    |   54778    |
|---------------------------------------------------------------------------|
| GPU reserved segments |      15    |      15    |      15    |       0    |
|       from large pool |       8    |       8    |       8    |       0    |
|       from small pool |       7    |       7    |       7    |       0    |
|---------------------------------------------------------------------------|
| Non-releasable allocs |      18    |      27    |   36832    |   36814    |
|       from large pool |       4    |      10    |   20885    |   20881    |
|       from small pool |      14    |      20    |   15947    |   15933    |
|---------------------------------------------------------------------------|
| Oversize allocations  |       0    |       0    |       0    |       0    |
|---------------------------------------------------------------------------|
| Oversize GPU segments |       0    |       0    |       0    |       0    |
|===========================================================================|

test_result:epoch_time:copy_time=37.9252
test_result:convert_time=0.0838
test_result:train_time=36.0637
test_result:epoch_time:train_total=36.1475
test_result:cache_percentage=0.0500
test_result:cache_hit_rate=1.0000
test_result:run_time=358.7210
