config:eval_tsp="2022-12-06 14:53:24"
config:arch=arch5
config:num_train_worker=6
config:num_sample_worker=2
config:sample_type=khop2
config:root_path=/nvme/samgraph/
config:dataset=papers100M-undir
config:pipeline=False
config:cache_policy=rep
config:cache_percentage=0.05
config:num_epoch=4
config:batch_size=8000
config:num_hidden=256
config:max_sampling_jobs=1
config:max_copying_jobs=1
config:barriered_epoch=1
config:presample_epoch=2
config:omp_thread_num=6
config:unsupervised=True
config:amp=True
config:rolling=0
config:fanout=[25, 10]
config:lr=0.003
config:dropout=0.5
config:single_gpu=False
config:max_num_step=1000
config:validate_configs=False
config:report_acc=0
config:dataset_path=/nvme/samgraph/papers100M-undir
config:torch_thread_num=8
config:train_workers=['cuda:0', 'cuda:1', 'cuda:2', 'cuda:3', 'cuda:4', 'cuda:5']
config:sample_workers=['cuda:6', 'cuda:7']
config:num_fanout=2
config:num_layer=2
config:_run_mode=RunMode.FGNN
config:_log_level=warn
config:_profile_level=3
config:_empty_feat=0
config:_arch=5
config:_sample_type=5
config:_cache_policy=12
test_result:init:input_scale_factor=1.1
coll_cache:optimal_rep_storage=0.05
coll_cache:optimal_part_storage=0
coll_cache:optimal_cpu_storage=0.95
coll_cache:optimal_local_storage=0.05
coll_cache:optimal_remote_storage=0
coll_cache:optimal_local_rate=0.314008
coll_cache:optimal_remote_rate=0
coll_cache:optimal_cpu_rate=0.685992
z=160984
test_result:init:feat_nbytes=56862697472
test_result:init:cache_nbytes=2843134464
test_result:init:feat_nbytes=56862697472
test_result:init:cache_nbytes=2843134464
test_result:init:feat_nbytes=56862697472
test_result:init:cache_nbytes=2843134464
test_result:init:feat_nbytes=56862697472
test_result:init:cache_nbytes=2843134464
test_result:init:feat_nbytes=56862697472
test_result:init:cache_nbytes=2843134464
test_result:init:feat_nbytes=56862697472
test_result:init:cache_nbytes=2843134464
[Train  Worker 2/6] Started with PID 2028(Tesla V100-SXM2-32GB)
[Train  Worker 2] run train for 4 epochs with 1002 steps
[Train  Worker 1/6] Started with PID 2025(Tesla V100-SXM2-32GB)
[Train  Worker 1] run train for 4 epochs with 1002 steps
[Train  Worker 5/6] Started with PID 2037(Tesla V100-SXM2-32GB)
[Train  Worker 5] run train for 4 epochs with 1002 steps
[Train  Worker 4/6] Started with PID 2034(Tesla V100-SXM2-32GB)
[Train  Worker 4] run train for 4 epochs with 1002 steps
[Train  Worker 3/6] Started with PID 2031(Tesla V100-SXM2-32GB)
[Train  Worker 3] run train for 4 epochs with 1002 steps
[CUDA] cuda0: usage: 14.31 GB
[SAM] cuda0 data alloc        : 0.00 Bytes
[SAM] cuda0 workspace         : 4.77 GB
[SAM] cuda0 workspace reserve : 2.36 GB
[SAM] cuda0 total             : 4.77 GB
[Train  Worker 0/6] Started with PID 2022(Tesla V100-SXM2-32GB)
[Train  Worker 0] run train for 4 epochs with 1002 steps
Epoch 00000 | Epoch Time 102.1069 | Total Train Time(Profiler) 58.7071 | Copy Time 43.3811
[CUDA] cuda0: usage: 14.31 GB
[SAM] cuda0 data alloc        : 0.00 Bytes
[SAM] cuda0 workspace         : 4.77 GB
[SAM] cuda0 workspace reserve : 2.35 GB
[SAM] cuda0 total             : 4.77 GB
Epoch 00001 | Epoch Time 100.6803 | Total Train Time(Profiler) 57.3574 | Copy Time 43.3064
[CUDA] cuda0: usage: 14.31 GB
[SAM] cuda0 data alloc        : 0.00 Bytes
[SAM] cuda0 workspace         : 4.77 GB
[SAM] cuda0 workspace reserve : 2.35 GB
[SAM] cuda0 total             : 4.77 GB
Epoch 00002 | Epoch Time 100.6778 | Total Train Time(Profiler) 57.3173 | Copy Time 43.3440
[CUDA] cuda0: usage: 14.31 GB
[SAM] cuda0 data alloc        : 0.00 Bytes
[SAM] cuda0 workspace         : 4.77 GB
[SAM] cuda0 workspace reserve : 2.35 GB
[SAM] cuda0 total             : 4.77 GB
Epoch 00003 | Epoch Time 100.6791 | Total Train Time(Profiler) 57.3526 | Copy Time 43.3106
[Train  Worker 3] Avg Epoch Time 100.6790 | Train Total Time(Profiler) 4.1156 | Copy Time 96.5457
[Train  Worker 4] Avg Epoch Time 100.6791 | Train Total Time(Profiler) 4.1183 | Copy Time 96.5440
[Train  Worker 2] Avg Epoch Time 100.6790 | Train Total Time(Profiler) 4.1605 | Copy Time 96.5003
[Train  Worker 1] Avg Epoch Time 100.6792 | Train Total Time(Profiler) 4.1590 | Copy Time 96.5040
[Train  Worker 0] Avg Epoch Time 100.6791 | Train Total Time(Profiler) 57.3424 | Copy Time 43.3203
[Train  Worker 5] Avg Epoch Time 100.6791 | Train Total Time(Profiler) 57.3329 | Copy Time 43.3275
[Sample Worker 1/2] Started with PID 2019(Tesla V100-SXM2-32GB)
[Sample Worker 1] run sample for 4 epochs with 501 steps
[Sample Worker 1] Avg Sample Total Time 14.2863 | Sampler Total Time(Profiler) 14.2272
    [Step(average) Profiler Level 1 E3 S500]
        L1  sample           0.023666 | send           0.004843
        L1  recv             0.000000 | copy           0.000000 | convert time 0.000000 | train  0.000000
        L1  feature nbytes 0.00 Bytes | label nbytes 0.00 Bytes
        L1  id nbytes      0.00 Bytes | graph nbytes 0.00 Bytes
        L1  miss nbytes    0.00 Bytes | remote nbytes 0.00 Bytes
        L1  num nodes         4278991 | num samples     5311348
    [Step(average) Profiler Level 2 E3 S500]
        L2  shuffle     0.000780 | core sample  0.010202 | id remap        0.012454
        L2  graph copy  0.000000 | id copy      0.000000 | cache feat copy 0.000000
        L2  last layer sample time 0.000735 | size 228620.447771
    [Step(average) Profiler Level 3 E3 S500]
        L3  khop sample coo  0.007999 | khop sort coo      0.000000 | khop count edge     0.000074 | khop compact edge 0.002064
        L3  walk sample coo  0.000000 | walk topk total    0.000000 | walk topk step1     0.000000 | walk topk step2   0.000000
        L3  walk topk step3  0.000000 | walk topk step4    0.000000 | walk topk step5     0.000000
        L3  walk topk step6  0.000000 | walk topk step7    0.000000
        L3  remap unique     0.000217 | remap populate     0.010319 | remap mapnode       0.000000 | remap mapedge     0.002154
        L3  cache get_index  0.000000 | cache copy_index   0.000000 | cache extract_miss  0.000000
        L3  cache copy_miss  0.000000 | cache combine_miss 0.000000 | cache combine cache 0.000000 | cache combine remote 0.000000
        L3  label extract  0.000000
    [Init Profiler Level 1]
        L1  init    38.2790 | sampler init   275.2002 | trainer init 0.0000
    [Init Profiler Level 2]
        L2  load ds        40.9096 | init queue         155.6206
        L2  presample     114.2939 | build interal ds     2.6513
        L2  build cache     0.0000
    [Init Profiler Level 3]
        L3  load dataset: mmap    38.2752 | copy         2.6343
        L3  dist queue: alloc      0.0008 | pin        155.6198 | push     0.0000
        L3  presample: init        0.3897
        L3  presample: sample     46.3806 | copy         2.7810
        L3  presample: count      63.9284 | sort         0.3351
        L3  presample: reset       0.0012 | get rank     0.0243
        L3  internal: cuda ctx     2.3162 | cuda stream     0.3102
[Sample Worker 0/2] Started with PID 2016(Tesla V100-SXM2-32GB)
[Sample Worker 0] run sample for 4 epochs with 501 steps
[Sample Worker 0] Avg Sample Total Time 14.2897 | Sampler Total Time(Profiler) 14.2831
test_result:sample_time=11.8567
test_result:get_cache_miss_index_time=0.0000
test_result:enqueue_samples_time=2.4263
test_result:epoch_time:sample_total=14.2897
[CUDA] cuda0: usage: 14.31 GB
[SAM] cuda0 data alloc        : 0.00 Bytes
[SAM] cuda0 workspace         : 4.77 GB
[SAM] cuda0 workspace reserve : 2.35 GB
[SAM] cuda0 total             : 4.77 GB
    [Step(average) Profiler Level 1 E3 S1001]
        L1  sample           0.000000 | send           0.000000
        L1  recv             0.008437 | copy           0.471868 | convert time 0.000507 | train  0.130389
        L1  feature nbytes    2.04 GB | label nbytes   62.50 KB
        L1  id nbytes      0.00 Bytes | graph nbytes 0.00 Bytes
        L1  miss nbytes       1.40 GB | remote nbytes 0.00 Bytes
        L1  num nodes               0 | num samples           0
    [Step(average) Profiler Level 2 E3 S1001]
        L2  shuffle     0.000000 | core sample  0.000000 | id remap        0.000000
        L2  graph copy  0.000004 | id copy      0.000000 | cache feat copy 0.463427
        L2  last layer sample time 0.000000 | size 0.000000
    [Step(average) Profiler Level 3 E3 S1001]
        L3  khop sample coo  0.000000 | khop sort coo      0.000000 | khop count edge     0.000000 | khop compact edge 0.000000
        L3  walk sample coo  0.000000 | walk topk total    0.000000 | walk topk step1     0.000000 | walk topk step2   0.000000
        L3  walk topk step3  0.000000 | walk topk step4    0.000000 | walk topk step5     0.000000
        L3  walk topk step6  0.000000 | walk topk step7    0.000000
        L3  remap unique     0.000000 | remap populate     0.000000 | remap mapnode       0.000000 | remap mapedge     0.000000
        L3  cache get_index  0.002773 | cache copy_index   0.000000 | cache extract_miss  0.000000
        L3  cache copy_miss  0.000000 | cache combine_miss 0.460616 | cache combine cache 0.002193 | cache combine remote 0.000000
        L3  label extract  0.000024
    [Step(max) Profiler Level 1 E3 S1001]
        L1  sample           0.000000 | send           0.000000
        L1  recv             0.000000 | copy           0.000000 | convert time 0.000000 | train  0.000000
        L1  feature nbytes 0.00 Bytes | label nbytes 0.00 Bytes
        L1  id nbytes      0.00 Bytes | graph nbytes   40.91 MB
        L1  miss nbytes    0.00 Bytes | remote nbytes 0.00 Bytes
        L1  num nodes               0 | num samples           0
    [Step(max) Profiler Level 2 E3 S1001]
        L2  shuffle     0.000000 | core sample  0.000000 | id remap        0.000000
        L2  graph copy  0.000000 | id copy      0.000000 | cache feat copy 0.000000
        L2  last layer sample time 0.000000 | size 0.000000
    [Step(max) Profiler Level 3 E3 S1001]
        L3  khop sample coo  0.000000 | khop sort coo      0.000000 | khop count edge     0.000000 | khop compact edge 0.000000
        L3  walk sample coo  0.000000 | walk topk total    0.000000 | walk topk step1     0.000000 | walk topk step2   0.000000
        L3  walk topk step3  0.000000 | walk topk step4    0.000000 | walk topk step5     0.000000
        L3  walk topk step6  0.000000 | walk topk step7    0.000000
        L3  remap unique     0.000000 | remap populate     0.000000 | remap mapnode       0.000000 | remap mapedge     0.000000
        L3  cache get_index  0.000000 | cache copy_index   0.000000 | cache extract_miss  0.000000
        L3  cache copy_miss  0.000000 | cache combine_miss 0.000000 | cache combine cache 0.000000 | cache combine remote 0.000000
        L3  label extract  0.000000
    [Step(min) Profiler Level 1 E3 S1001]
        L1  sample           0.000000 | send           0.000000
        L1  recv             0.000000 | copy           0.000000 | convert time 0.000000 | train  0.000000
        L1  feature nbytes 0.00 Bytes | label nbytes 0.00 Bytes
        L1  id nbytes      0.00 Bytes | graph nbytes   40.30 MB
        L1  miss nbytes    0.00 Bytes | remote nbytes 0.00 Bytes
        L1  num nodes               0 | num samples           0
    [Step(min) Profiler Level 2 E3 S1001]
        L2  shuffle     0.000000 | core sample  0.000000 | id remap        0.000000
        L2  graph copy  0.000000 | id copy      0.000000 | cache feat copy 0.000000
        L2  last layer sample time 0.000000 | size 0.000000
    [Step(min) Profiler Level 3 E3 S1001]
        L3  khop sample coo  0.000000 | khop sort coo      0.000000 | khop count edge     0.000000 | khop compact edge 0.000000
        L3  walk sample coo  0.000000 | walk topk total    0.000000 | walk topk step1     0.000000 | walk topk step2   0.000000
        L3  walk topk step3  0.000000 | walk topk step4    0.000000 | walk topk step5     0.000000
        L3  walk topk step6  0.000000 | walk topk step7    0.000000
        L3  remap unique     0.000000 | remap populate     0.000000 | remap mapnode       0.000000 | remap mapedge     0.000000
        L3  cache get_index  0.000000 | cache copy_index   0.000000 | cache extract_miss  0.000000
        L3  cache copy_miss  0.000000 | cache combine_miss 0.000000 | cache combine cache 0.000000 | cache combine remote 0.000000
        L3  label extract  0.000000
    [Init Profiler Level 1]
        L1  init    38.2790 | sampler init     0.0000 | trainer init 297.0027
    [Init Profiler Level 2]
        L2  load ds        38.2752 | init queue         155.4474
        L2  presample       0.0000 | build interal ds     2.1747
        L2  build cache   139.3709
    [Init Profiler Level 3]
        L3  load dataset: mmap    38.2752 | copy         0.0000
        L3  dist queue: alloc      0.0008 | pin        155.4466 | push     0.0000
        L3  presample: init        0.0000
        L3  presample: sample      0.0000 | copy         0.0000
        L3  presample: count       0.0000 | sort         0.0000
        L3  presample: reset       0.0000 | get rank     0.0000
        L3  internal: cuda ctx     2.1746 | cuda stream     0.0001
|===========================================================================|
|                  PyTorch CUDA memory summary, device ID 0                 |
|---------------------------------------------------------------------------|
|            CUDA OOMs: 0            |        cudaMalloc retries: 0         |
|===========================================================================|
|        Metric         | Cur Usage  | Peak Usage | Tot Alloc  | Tot Freed  |
|---------------------------------------------------------------------------|
| Allocated memory      |   64316 KB |    1416 MB |    2912 GB |    2912 GB |
|       from large pool |   56047 KB |    1415 MB |    2900 GB |    2900 GB |
|       from small pool |    8269 KB |      10 MB |      11 GB |      11 GB |
|---------------------------------------------------------------------------|
| Active memory         |   64316 KB |    1416 MB |    2912 GB |    2912 GB |
|       from large pool |   56047 KB |    1415 MB |    2900 GB |    2900 GB |
|       from small pool |    8269 KB |      10 MB |      11 GB |      11 GB |
|---------------------------------------------------------------------------|
| GPU reserved memory   |    1680 MB |    1680 MB |    1680 MB |       0 B  |
|       from large pool |    1664 MB |    1664 MB |    1664 MB |       0 B  |
|       from small pool |      16 MB |      16 MB |      16 MB |       0 B  |
|---------------------------------------------------------------------------|
| Non-releasable memory |   38083 KB |    1215 MB |    3123 GB |    3123 GB |
|       from large pool |   34065 KB |    1209 MB |    3111 GB |    3111 GB |
|       from small pool |    4018 KB |       8 MB |      12 GB |      12 GB |
|---------------------------------------------------------------------------|
| Allocations           |      39    |      56    |   91531    |   91492    |
|       from large pool |       3    |      14    |   36740    |   36737    |
|       from small pool |      36    |      45    |   54791    |   54755    |
|---------------------------------------------------------------------------|
| Active allocs         |      40    |      56    |   91531    |   91491    |
|       from large pool |       3    |      14    |   36740    |   36737    |
|       from small pool |      37    |      45    |   54791    |   54754    |
|---------------------------------------------------------------------------|
| GPU reserved segments |      17    |      17    |      17    |       0    |
|       from large pool |       9    |       9    |       9    |       0    |
|       from small pool |       8    |       8    |       8    |       0    |
|---------------------------------------------------------------------------|
| Non-releasable allocs |      16    |      29    |   38690    |   38674    |
|       from large pool |       4    |      13    |   21869    |   21865    |
|       from small pool |      12    |      18    |   16821    |   16809    |
|---------------------------------------------------------------------------|
| Oversize allocations  |       0    |       0    |       0    |       0    |
|---------------------------------------------------------------------------|
| Oversize GPU segments |       0    |       0    |       0    |       0    |
|===========================================================================|

test_result:epoch_time:copy_time=43.3203
test_result:convert_time=0.0828
test_result:train_time=57.2597
test_result:epoch_time:train_total=57.3424
test_result:cache_percentage=0.0500
test_result:cache_hit_rate=1.0000
test_result:run_time=461.2841
