[2022-12-07 09:46:10.155859: W /samgraph/samgraph/common/cpu/mmap_cpu_device.cc:92] mmap allocating space 12.03 GB
[2022-12-07 09:46:10.155975: W /samgraph/samgraph/common/cpu/mmap_cpu_device.cc:97] mmap allocating space 12.03 GB done
[2022-12-07 09:46:16.851642: W /samgraph/samgraph/common/cpu/mmap_cpu_device.cc:92] mmap allocating space 52.96 GB
[2022-12-07 09:46:16.851730: W /samgraph/samgraph/common/cpu/mmap_cpu_device.cc:97] mmap allocating space 52.96 GB done
[2022-12-07 09:46:17.311270: W /samgraph/samgraph/common/cpu/cpu_device.cc:39] WORKER[0] alloc host memory 12.03 GB
[2022-12-07 09:46:19.352088: E /samgraph/samgraph/common/engine.cc:272] Train set size 30.58 MB
[2022-12-07 09:46:19.352983: W /samgraph/samgraph/common/cpu/mmap_cpu_device.cc:92] mmap allocating space 293.56 GB
[2022-12-07 09:46:19.353021: W /samgraph/samgraph/common/cpu/mmap_cpu_device.cc:97] mmap allocating space 293.56 GB done
/usr/lib/python3/dist-packages/requests/__init__.py:89: RequestsDependencyWarning: urllib3 (1.26.12) or chardet (3.0.4) doesn't match a supported version!
  warnings.warn("urllib3 ({}) or chardet ({}) doesn't match a supported "
[2022-12-07 09:46:19.999259: W /samgraph/samgraph/common/dist/dist_engine.cc:662] Trainer[0] initializing...
[2022-12-07 09:46:20. 68527: W /samgraph/samgraph/common/dist/dist_engine.cc:662] Trainer[1] initializing...
[2022-12-07 09:46:20.175928: W /samgraph/samgraph/common/dist/dist_engine.cc:662] Trainer[2] initializing...
[2022-12-07 09:46:20.307178: W /samgraph/samgraph/common/dist/dist_engine.cc:662] Trainer[5] initializing...
[2022-12-07 09:46:20.376108: W /samgraph/samgraph/common/dist/dist_engine.cc:662] Trainer[4] initializing...
[2022-12-07 09:46:20.395489: W /samgraph/samgraph/common/dist/dist_engine.cc:662] Trainer[3] initializing...
[2022-12-07 09:46:22.167240: W /samgraph/samgraph/common/dist/dist_engine.cc:666] Trainer[1] pin memory queue...
[2022-12-07 09:46:22.195402: W /samgraph/samgraph/common/dist/dist_engine.cc:666] Trainer[0] pin memory queue...
[2022-12-07 09:46:22.238633: W /samgraph/samgraph/common/dist/dist_engine.cc:666] Trainer[2] pin memory queue...
[2022-12-07 09:46:22.262591: W /samgraph/samgraph/common/dist/dist_engine.cc:666] Trainer[5] pin memory queue...
[2022-12-07 09:46:22.301295: W /samgraph/samgraph/common/dist/dist_engine.cc:666] Trainer[3] pin memory queue...
[2022-12-07 09:46:22.301736: W /samgraph/samgraph/common/dist/dist_engine.cc:666] Trainer[4] pin memory queue...
[2022-12-07 09:48:56.244382: E /samgraph/samgraph/common/dist/dist_engine.cc:85] Running on V100
[2022-12-07 09:48:56.244511: E /samgraph/samgraph/common/dist/dist_engine.cc:85] Running on V100
[2022-12-07 09:48:56.244556: E /samgraph/samgraph/common/dist/dist_engine.cc:85] Running on V100
[2022-12-07 09:48:56.244601: E /samgraph/samgraph/common/dist/dist_engine.cc:85] Running on V100
[2022-12-07 09:48:56.244649: E /samgraph/samgraph/common/dist/dist_engine.cc:85] Running on V100
[2022-12-07 09:48:56.245513: W /samgraph/samgraph/common/dist/dist_engine.cc[:2022-12-07 09:48:56701.] 245531Trainer[5] register host memory...: [
W2022-12-07 09:48:56 ./samgraph/samgraph/common/dist/dist_engine.cc245554[:: 2022-12-07 09:48:56701W.] [ 245572Trainer[1] register host memory...2022-12-07 09:48:56/samgraph/samgraph/common/dist/dist_engine.cc: 
.:W245589701 : ] /samgraph/samgraph/common/dist/dist_engine.ccWTrainer[3] register host memory...: 
701/samgraph/samgraph/common/dist/dist_engine.cc] :Trainer[2] register host memory...701
] Trainer[4] register host memory...
[2022-12-07 09:48:56.347864: E /samgraph/samgraph/common/dist/dist_engine.cc:85] Running on V100
[2022-12-07 09:48:56.348024: W /samgraph/samgraph/common/dist/dist_engine.cc:701] Trainer[0] register host memory...
[2022-12-07 09:48:56.553205: E /samgraph/samgraph/common/dist/dist_engine.cc:85] Running on V100
[2022-12-07 09:48:56.553403: W /samgraph/samgraph/common/cpu/cpu_device.cc:39] WORKER[0] alloc host memory 30.58 MB
[2022-12-07 09:48:56.570822: E /samgraph/samgraph/common/dist/dist_engine.cc:85] Running on V100
[2022-12-07 09:48:56.575002: W /samgraph/samgraph/common/cuda/cuda_device.cc:49] GPU[6] alloc cuda memory 423.66 MB
[2022-12-07 09:48:56.668720: W /samgraph/samgraph/common/cuda/cuda_device.cc:49] GPU[6] alloc cuda memory 12.03 GB
[2022-12-07 09:48:59. 68253: W /samgraph/samgraph/common/cpu/cpu_device.cc:39] WORKER[0] alloc host memory 38.23 MB
[2022-12-07 09:48:59. 92069: W /samgraph/samgraph/common/cuda/cuda_device.cc:49] GPU[6] alloc cuda memory 19.12 MB
[2022-12-07 09:48:59. 92698: W /samgraph/samgraph/common/cuda/cuda_device.cc:49] GPU[6] alloc cuda memory 256.00 MB
[2022-12-07 09:48:59. 93007: W /samgraph/samgraph/common/cuda/cuda_device.cc:49] GPU[6] alloc cuda memory 26.18 MB
[2022-12-07 09:48:59. 93732: W /samgraph/samgraph/common/cuda/cuda_device.cc:49] GPU[6] alloc cuda memory 28.56 MB
[2022-12-07 09:48:59. 93839: W /samgraph/samgraph/common/cpu/cpu_device.cc:39] WORKER[0] alloc host memory 38.23 MB
[2022-12-07 09:48:59.117079: E /samgraph/samgraph/common/dist/pre_sampler.cc:41] Dist Presampler making shuffler...
[2022-12-07 09:48:59.117148: W /samgraph/samgraph/common/cpu/cpu_device.cc:39] WORKER[0] alloc host memory 38.23 MB
[2022-12-07 09:48:59.140843: W /samgraph/samgraph/common/cuda/cuda_device.cc:49] GPU[6] alloc cuda memory 38.23 MB
[2022-12-07 09:48:59.140894: E /samgraph/samgraph/common/dist/pre_sampler.cc:44] Dist Presampler making shuffler...Done
[2022-12-07 09:48:59.140923: W /samgraph/samgraph/common/cpu/cpu_device.cc:39] WORKER[0] alloc host memory 847.32 MB
[2022-12-07 09:48:59.506458: E /samgraph/samgraph/common/dist/pre_sampler.cc:85] Dist Presampler doing presample epoch 0
[2022-12-07 09:48:59.803678: W /samgraph/samgraph/common/cuda/cuda_device.cc:49] GPU[6] alloc cuda memory 27.22 MB
[2022-12-07 09:48:59.804039: W /samgraph/samgraph/common/cuda/cuda_device.cc:49] GPU[6] alloc cuda memory 27.22 MB
[2022-12-07 09:48:59.804338: W /samgraph/samgraph/common/cuda/cuda_device.cc:49] GPU[6] alloc cuda memory 27.22 MB
[2022-12-07 09:48:59.804613: W /samgraph/samgraph/common/cuda/cuda_device.cc:49] GPU[6] alloc cuda memory 27.22 MB
[2022-12-07 09:48:59.824815: W /samgraph/samgraph/common/cuda/cuda_device.cc:49] GPU[6] alloc cuda memory 24.27 MB
[2022-12-07 09:48:59.826976: W /samgraph/samgraph/common/cpu/cpu_device.cc:39] WORKER[0] alloc host memory 20.37 MB
[2022-12-07 09:49:55.898202: E /samgraph/samgraph/common/dist/pre_sampler.cc:129] presample spend 23.2164 on sample, 1.39708 on copy, 31.7633 on count
[2022-12-07 09:49:55.898299: E /samgraph/samgraph/common/dist/pre_sampler.cc:85] Dist Presampler doing presample epoch 1
[2022-12-07 09:50:52.536475: E /samgraph/samgraph/common/dist/pre_sampler.cc:129] presample spend 46.4185 on sample, 2.7848 on copy, 63.7969 on count
[2022-12-07 09:50:52.536592: E /samgraph/samgraph/common/dist/pre_sampler.cc:136] max_num_inputs = 4305775, min_num_inputs = 4245582
[2022-12-07 09:50:52.786719: E /samgraph/samgraph/common/dist/pre_sampler.cc:148] presample spend 0.250029 on sort freq.
[2022-12-07 09:50:53.182734: E /samgraph/samgraph/common/dist/dist_engine.cc:524] pre sample done, delete it
[[[[[[2022-12-07 09:50:532022-12-07 09:50:532022-12-07 09:50:532022-12-07 09:50:532022-12-07 09:50:532022-12-07 09:50:53......209598209598209599209598209598209601: : : : : : WWWWWW      /samgraph/samgraph/common/dist/dist_engine.cc/samgraph/samgraph/common/dist/dist_engine.cc/samgraph/samgraph/common/dist/dist_engine.cc/samgraph/samgraph/common/dist/dist_engine.cc/samgraph/samgraph/common/dist/dist_engine.cc/samgraph/samgraph/common/dist/dist_engine.cc::::::711711711711711711] ] ] ] ] ] Trainer[2] building cache...Trainer[5] building cache...Trainer[4] building cache...Trainer[1] building cache...Trainer[3] building cache...Trainer[0] building cache...





[[[[[2022-12-07 09:50:532022-12-07 09:50:53[2022-12-07 09:50:532022-12-07 09:50:532022-12-07 09:50:53..2022-12-07 09:50:53...211778211778.211780211781211783: : 211796: : : EE: EEE  E   /samgraph/3rdparty/collcachelib/coll_cache_lib/run_config.cc/samgraph/3rdparty/collcachelib/coll_cache_lib/run_config.cc /samgraph/3rdparty/collcachelib/coll_cache_lib/run_config.cc/samgraph/3rdparty/collcachelib/coll_cache_lib/run_config.cc/samgraph/3rdparty/collcachelib/coll_cache_lib/run_config.cc::/samgraph/3rdparty/collcachelib/coll_cache_lib/run_config.cc:::134134:134134134] ] 134] ] ] using concurrent impl MPSusing concurrent impl MPS] using concurrent impl MPSusing concurrent impl MPSusing concurrent impl MPS

using concurrent impl MPS



[2022-12-07 09:50:53.214889: E /samgraph/3rdparty/collcachelib/coll_cache_lib/coll_cache/asymm_link_desc.cc:196] build asymm link desc with 6X Tesla V100-SXM2-32GB out of 8
[[2022-12-07 09:50:532022-12-07 09:50:53..214930214937: : EE  /samgraph/3rdparty/collcachelib/coll_cache_lib/coll_cache/asymm_link_desc.cc/samgraph/3rdparty/collcachelib/coll_cache_lib/coll_cache/asymm_link_desc.cc::196197] ] build asymm link desc with 6X Tesla V100-SXM2-32GB out of 8remote time is 8.68421[

2022-12-07 09:50:53.214974: [E2022-12-07 09:50:53[ .2022-12-07 09:50:53/samgraph/3rdparty/collcachelib/coll_cache_lib/coll_cache/asymm_link_desc.cc214997.:: 215001196E: ]  Ebuild asymm link desc with 6X Tesla V100-SXM2-32GB out of 8/samgraph/3rdparty/collcachelib/coll_cache_lib/coll_cache/asymm_link_desc.cc[ 
:2022-12-07 09:50:53/samgraph/3rdparty/collcachelib/coll_cache_lib/coll_cache/asymm_link_desc.cc198.:] 215025197[cpu time is 110: ] 2022-12-07 09:50:53
Eremote time is 8.68421.[ 
2150582022-12-07 09:50:53/samgraph/3rdparty/collcachelib/coll_cache_lib/coll_cache/asymm_link_desc.cc: .:[E2150671962022-12-07 09:50:53 : ] ./samgraph/3rdparty/collcachelib/coll_cache_lib/coll_cache/asymm_link_desc.ccEbuild asymm link desc with 6X Tesla V100-SXM2-32GB out of 8215093:[ 
: 1972022-12-07 09:50:53/samgraph/3rdparty/collcachelib/coll_cache_lib/coll_cache/asymm_link_desc.ccE] .: remote time is 8.68421[215110196/samgraph/3rdparty/collcachelib/coll_cache_lib/coll_cache/asymm_link_desc.cc
2022-12-07 09:50:53: ] :.Ebuild asymm link desc with 6X Tesla V100-SXM2-32GB out of 8[198215142 
2022-12-07 09:50:53] : /samgraph/3rdparty/collcachelib/coll_cache_lib/coll_cache/asymm_link_desc.cc.cpu time is 110E:215165[
 196: 2022-12-07 09:50:53./samgraph/3rdparty/collcachelib/coll_cache_lib/coll_cache/asymm_link_desc.cc] E215191:build asymm link desc with 6X Tesla V100-SXM2-32GB out of 8 : 197
/samgraph/3rdparty/collcachelib/coll_cache_lib/coll_cache/asymm_link_desc.ccE] : remote time is 8.68421198/samgraph/3rdparty/collcachelib/coll_cache_lib/coll_cache/asymm_link_desc.cc
] :[cpu time is 1101972022-12-07 09:50:53[
] .2022-12-07 09:50:53remote time is 8.68421215247.
: 215253E:  [E/samgraph/3rdparty/collcachelib/coll_cache_lib/coll_cache/asymm_link_desc.cc2022-12-07 09:50:53 :./samgraph/3rdparty/collcachelib/coll_cache_lib/coll_cache/asymm_link_desc.cc197215281:] : 198remote time is 8.68421E] 
 cpu time is 110/samgraph/3rdparty/collcachelib/coll_cache_lib/coll_cache/asymm_link_desc.cc
:[1982022-12-07 09:50:53] .cpu time is 110215322
: E /samgraph/3rdparty/collcachelib/coll_cache_lib/coll_cache/asymm_link_desc.cc:198] cpu time is 110
[2022-12-07 09:51:16.822154: E /samgraph/3rdparty/collcachelib/coll_cache_lib/facade.cc:115] solver created. now build & solve
[2022-12-07 09:51:16.868410: W /samgraph/3rdparty/collcachelib/coll_cache_lib/cpu/cpu_device.cc:39] WORKER[0] alloc host memory 423.66 MB
[2022-12-07 09:51:16.868478: W /samgraph/3rdparty/collcachelib/coll_cache_lib/cpu/cpu_device.cc:39] WORKER[0] alloc host memory 423.66 MB
[2022-12-07 09:51:16.869281: W /samgraph/3rdparty/collcachelib/coll_cache_lib/coll_cache/optimal_solver_class.cc:68] mapping nid to rank...
[2022-12-07 09:51:17.360178: W /samgraph/3rdparty/collcachelib/coll_cache_lib/coll_cache/optimal_solver_class.cc:85] counting slots...
[2022-12-07 09:51:19.653050: W /samgraph/3rdparty/collcachelib/coll_cache_lib/coll_cache/optimal_solver_class.cc:99] Final num slot is 54
[2022-12-07 09:51:19.653140: W /samgraph/3rdparty/collcachelib/coll_cache_lib/coll_cache/optimal_solver_class.cc:103] counting blocks...
[2022-12-07 09:51:26.827864: W /samgraph/3rdparty/collcachelib/coll_cache_lib/coll_cache/optimal_solver_class.cc:112] Final num block is 1029
[2022-12-07 09:51:26.827953: W /samgraph/3rdparty/collcachelib/coll_cache_lib/coll_cache/optimal_solver_class.cc:117] counting freq and density...
[2022-12-07 09:51:30.231151: W /samgraph/3rdparty/collcachelib/coll_cache_lib/coll_cache/optimal_solver_class.cc:148] averaging freq and density...
[2022-12-07 09:51:30.231229: W /samgraph/3rdparty/collcachelib/coll_cache_lib/coll_cache/optimal_solver_class.cc:149] 1029
[2022-12-07 09:51:30.233958: E /samgraph/3rdparty/collcachelib/coll_cache_lib/facade.cc:120] solver built. now solve
[2022-12-07 09:51:30.234013: W /samgraph/3rdparty/collcachelib/coll_cache_lib/coll_cache/optimal_solver_class.cc:348] constructing optimal solver, device=6, stream=1
1029 blocks, 6 devices
[2022-12-07 09:51:30.462541: W /samgraph/3rdparty/collcachelib/coll_cache_lib/coll_cache/optimal_solver_class.cc:503] Add Var...
[2022-12-07 09:51:30.479909: W /samgraph/3rdparty/collcachelib/coll_cache_lib/coll_cache/optimal_solver_class.cc:521] Capacity...
[2022-12-07 09:51:30.481316: W /samgraph/3rdparty/collcachelib/coll_cache_lib/coll_cache/optimal_solver_class.cc:524] Connect CPU...
[2022-12-07 09:51:30.496447: W /samgraph/3rdparty/collcachelib/coll_cache_lib/coll_cache/optimal_solver_class.cc:526] Connect Access To Storage...
[2022-12-07 09:51:30.715578: W /samgraph/3rdparty/collcachelib/coll_cache_lib/coll_cache/optimal_solver_class.cc:530] Time...
[2022-12-07 09:54:51.215553: W /samgraph/3rdparty/collcachelib/coll_cache_lib/coll_cache/optimal_solver_class.cc:545] Coll Cache init block placement array
[2022-12-07 09:54:51.221711: W /samgraph/3rdparty/collcachelib/coll_cache_lib/coll_cache/optimal_solver_class.cc:621] Coll Cache init block placement array done
[2022-12-07 09:54:51.244241: W /samgraph/3rdparty/collcachelib/coll_cache_lib/coll_cache/optimal_solver_class.cc:623] Coll Cache model reset done
[2022-12-07 09:54:51.263755: E /samgraph/3rdparty/collcachelib/coll_cache_lib/facade.cc:124] solver solved
[2022-12-07 09:54:51.263820: E /samgraph/3rdparty/collcachelib/coll_cache_lib/facade.cc:188] 0 solved master
[2022-12-07 09:54:51.263872: E /samgraph/3rdparty/collcachelib/coll_cache_lib/facade.cc:195] 0 solved
[2022-12-07 09:54:51.263901: E /samgraph/3rdparty/collcachelib/coll_cache_lib/facade.cc:198] worker 0 thread 0 initing device 0
[2022-12-07 09:54:51.265428: E /samgraph/3rdparty/collcachelib/coll_cache_lib/cache_context.cu:1762] Building Coll Cache with ... num gpu device is 6
[2022-12-07 09:54:51.283983: E /samgraph/3rdparty/collcachelib/coll_cache_lib/facade.cc:195] 3 solved
[2022-12-07 09:54:51.284064: E /samgraph/3rdparty/collcachelib/coll_cache_lib/facade.cc:198] worker 3 thread 3 initing device 3
[2022-12-07 09:54:51.284072: E /samgraph/3rdparty/collcachelib/coll_cache_lib/facade.cc:195] 5 solved
[2022-12-07 09:54:51.284133: E /samgraph/3rdparty/collcachelib/coll_cache_lib/facade.cc:198] worker 5 thread 5 initing device 5
[[2022-12-07 09:54:512022-12-07 09:54:51..284187284192: : EE  /samgraph/3rdparty/collcachelib/coll_cache_lib/facade.cc/samgraph/3rdparty/collcachelib/coll_cache_lib/facade.cc::195195] ] 2 solved1 solved

[[2022-12-07 09:54:512022-12-07 09:54:51..284270284272: : EE  /samgraph/3rdparty/collcachelib/coll_cache_lib/facade.cc/samgraph/3rdparty/collcachelib/coll_cache_lib/facade.cc::198198] ] worker 2 thread 2 initing device 2worker 1 thread 1 initing device 1

[2022-12-07 09:54:51.285584: E /samgraph/3rdparty/collcachelib/coll_cache_lib/facade.cc:195] 4 solved
[2022-12-07 09:54:51.285660: E /samgraph/3rdparty/collcachelib/coll_cache_lib/facade.cc:198] worker 4 thread 4 initing device 4
[2022-12-07 09:54:51.286224: E /samgraph/3rdparty/collcachelib/coll_cache_lib/cache_context.cu:1762] Building Coll Cache with ... num gpu device is 6
[2022-12-07 09:54:51.286283: E /samgraph/3rdparty/collcachelib/coll_cache_lib/cache_context.cu:1762] Building Coll Cache with ... num gpu device is 6
[2022-12-07 09:54:51.286352: E /samgraph/3rdparty/collcachelib/coll_cache_lib/cache_context.cu:1762] Building Coll Cache with ... num gpu device is 6
[2022-12-07 09:54:51.286417: E /samgraph/3rdparty/collcachelib/coll_cache_lib/cache_context.cu:1762] Building Coll Cache with ... num gpu device is 6
[2022-12-07 09:54:51.289308: E /samgraph/3rdparty/collcachelib/coll_cache_lib/cache_context.cu:1762] Building Coll Cache with ... num gpu device is 6
[2022-12-07 09:54:51.359917: W /samgraph/3rdparty/collcachelib/coll_cache_lib/cpu/cpu_device.cc:39] WORKER[0] alloc host memory 84.73 MB
[[[[[[2022-12-07 09:54:532022-12-07 09:54:532022-12-07 09:54:532022-12-07 09:54:532022-12-07 09:54:532022-12-07 09:54:53......352088352088352089352088352088352090: : : : : : EEEEEE      /samgraph/3rdparty/collcachelib/coll_cache_lib/cache_context.cu/samgraph/3rdparty/collcachelib/coll_cache_lib/cache_context.cu/samgraph/3rdparty/collcachelib/coll_cache_lib/cache_context.cu/samgraph/3rdparty/collcachelib/coll_cache_lib/cache_context.cu/samgraph/3rdparty/collcachelib/coll_cache_lib/cache_context.cu/samgraph/3rdparty/collcachelib/coll_cache_lib/cache_context.cu::::::187118711871187118711871] ] ] ] ] ] Device 0 init p2p of link 1Device 4 init p2p of link 3Device 1 init p2p of link 0Device 3 init p2p of link 4Device 2 init p2p of link 1Device 5 init p2p of link 0





[2022-12-07 09:54:53.375803: E /samgraph/3rdparty/collcachelib/coll_cache_lib/cache_context.cu:1871] Device 0 init p2p of link 5
[2022-12-07 09:54:53.[3759062022-12-07 09:54:53: .E375916 : /samgraph/3rdparty/collcachelib/coll_cache_lib/cache_context.cuE: 1871/samgraph/3rdparty/collcachelib/coll_cache_lib/cache_context.cu] :Device 2 init p2p of link 01871
] Device 4 init p2p of link 2
[2022-12-07 09:54:53.376115: E /samgraph/3rdparty/collcachelib/coll_cache_lib/cache_context.cu:1871] Device 5 init p2p of link 3
[2022-12-07 09:54:53.377133: E /samgraph/3rdparty/collcachelib/coll_cache_lib/cache_context.cu:1871] Device 3 init p2p of link 5
[2022-12-07 09:54:53.377491: E /samgraph/3rdparty/collcachelib/coll_cache_lib/cache_context.cu:1871] Device 1 init p2p of link 2
[2022-12-07 09:54:53.396369: E /samgraph/3rdparty/collcachelib/coll_cache_lib/cache_context.cu:1871] Device 0 init p2p of link 2
[2022-12-07 09:54:53.399950: E /samgraph/3rdparty/collcachelib/coll_cache_lib/cache_context.cu:1871] Device 5 init p2p of link 4
[2022-12-07 09:54:53.400076: E /samgraph/3rdparty/collcachelib/coll_cache_lib/cache_context.cu:1871] Device 1 init p2p of link 3
[2022-12-07 09:54:53.401010: E /samgraph/3rdparty/collcachelib/coll_cache_lib/cache_context.cu:1871] Device 3 init p2p of link 1
[2022-12-07 09:54:53.402774: E /samgraph/3rdparty/collcachelib/coll_cache_lib/cache_context.cu:1871] Device 4 init p2p of link 5
[2022-12-07 09:54:53.406761: E /samgraph/3rdparty/collcachelib/coll_cache_lib/cache_context.cu:1871] Device 2 init p2p of link 4
[2022-12-07 09:54:53.416759: E /samgraph/3rdparty/collcachelib/coll_cache_lib/cache_context.cu:1900] Asymm Coll cache (policy: coll_cache_asymm_link) | local 22211796 / 111059956 nodes ( 20.00 %~20.00 %) | remote 44412399 / 111059956 nodes ( 39.99 %) | cpu 44435761 / 111059956 nodes ( 40.01 %) | 10.60 GB | 2.15128 secs 
[2022-12-07 09:54:53.417241: W /samgraph/3rdparty/collcachelib/coll_cache_lib/cache_context.cu:2004] before create ctx, mem is 12.80 GB
[2022-12-07 09:54:53.418448: E /samgraph/3rdparty/collcachelib/coll_cache_lib/cache_context.cu:1900] Asymm Coll cache (policy: coll_cache_asymm_link) | local 22201814 / 111059956 nodes ( 19.99 %~20.00 %) | remote 44422381 / 111059956 nodes ( 40.00 %) | cpu 44435761 / 111059956 nodes ( 40.01 %) | 10.59 GB | 2.13205 secs 
[2022-12-07 09:54:53.420719: E /samgraph/3rdparty/collcachelib/coll_cache_lib/cache_context.cu:1900] Asymm Coll cache (policy: coll_cache_asymm_link) | local 22208201 / 111059956 nodes ( 20.00 %~20.00 %) | remote 44415994 / 111059956 nodes ( 39.99 %) | cpu 44435761 / 111059956 nodes ( 40.01 %) | 10.59 GB | 2.13445 secs 
[2022-12-07 09:54:53.426370: E /samgraph/3rdparty/collcachelib/coll_cache_lib/cache_context.cu:1900] Asymm Coll cache (policy: coll_cache_asymm_link) | local 22211328 / 111059956 nodes ( 20.00 %~20.00 %) | remote 44412867 / 111059956 nodes ( 39.99 %) | cpu 44435761 / 111059956 nodes ( 40.01 %) | 10.60 GB | 2.14004 secs 
[2022-12-07 09:54:53.451393: E /samgraph/3rdparty/collcachelib/coll_cache_lib/cache_context.cu:1900] Asymm Coll cache (policy: coll_cache_asymm_link) | local 22210585 / 111059956 nodes ( 20.00 %~20.00 %) | remote 44413610 / 111059956 nodes ( 39.99 %) | cpu 44435761 / 111059956 nodes ( 40.01 %) | 10.60 GB | 2.16492 secs 
[2022-12-07 09:54:53.452435: E /samgraph/3rdparty/collcachelib/coll_cache_lib/cache_context.cu:1900] Asymm Coll cache (policy: coll_cache_asymm_link) | local 22204666 / 111059956 nodes ( 19.99 %~20.00 %) | remote 44419529 / 111059956 nodes ( 40.00 %) | cpu 44435761 / 111059956 nodes ( 40.01 %) | 10.59 GB | 2.16308 secs 
[2022-12-07 09:54:55. 77060: W /samgraph/3rdparty/collcachelib/coll_cache_lib/cache_context.cu:2010] after create ctx, mem is 13.27 GB
[2022-12-07 09:54:55. 77371: W /samgraph/3rdparty/collcachelib/coll_cache_lib/cache_context.cu:2017] after create stream, mem is 13.27 GB
[2022-12-07 09:54:55. 77687: W /samgraph/3rdparty/collcachelib/coll_cache_lib/cache_context.cu:2004] before create ctx, mem is 13.27 GB
[2022-12-07 09:54:56.691712: W /samgraph/3rdparty/collcachelib/coll_cache_lib/cache_context.cu:2010] after create ctx, mem is 13.73 GB
[2022-12-07 09:54:56.692049: W /samgraph/3rdparty/collcachelib/coll_cache_lib/cache_context.cu:2017] after create stream, mem is 13.73 GB
[2022-12-07 09:54:56.692469: W /samgraph/3rdparty/collcachelib/coll_cache_lib/cache_context.cu:2004] before create ctx, mem is 13.73 GB
[2022-12-07 09:54:58.354159: W /samgraph/3rdparty/collcachelib/coll_cache_lib/cache_context.cu:2010] after create ctx, mem is 14.13 GB
[2022-12-07 09:54:58.354283: W /samgraph/3rdparty/collcachelib/coll_cache_lib/cache_context.cu:2017] after create stream, mem is 14.13 GB
[2022-12-07 09:54:58.354546: W /samgraph/3rdparty/collcachelib/coll_cache_lib/cache_context.cu:2004] before create ctx, mem is 14.13 GB
[2022-12-07 09:54:59.920529: W /samgraph/3rdparty/collcachelib/coll_cache_lib/cache_context.cu:2010] after create ctx, mem is 14.77 GB
[2022-12-07 09:54:59.920661: W /samgraph/3rdparty/collcachelib/coll_cache_lib/cache_context.cu:2017] after create stream, mem is 14.77 GB
[2022-12-07 09:54:59.920916: W /samgraph/3rdparty/collcachelib/coll_cache_lib/cache_context.cu:2004] before create ctx, mem is 14.77 GB
[2022-12-07 09:55:01.357919: W /samgraph/3rdparty/collcachelib/coll_cache_lib/cache_context.cu:2010] after create ctx, mem is 15.14 GB
[2022-12-07 09:55:01.358047: W /samgraph/3rdparty/collcachelib/coll_cache_lib/cache_context.cu:2017] after create stream, mem is 15.14 GB
[2022-12-07 09:55:17.243872: W /samgraph/samgraph/common/cuda/cuda_device.cc:49] GPU[0] alloc cuda memory 22.29 MB
[2022-12-07 09:55:17.245904: W /samgraph/samgraph/common/cuda/cuda_device.cc:49] GPU[0] alloc cuda memory 26.78 MB
[2022-12-07 09:55:17.248104: W /samgraph/samgraph/common/cuda/cuda_device.cc:49] GPU[0] alloc cuda memory 26.78 MB
[2022-12-07 09:55:17.267673: W /samgraph/samgraph/common/cuda/cuda_device.cc:49] GPU[0] alloc cuda memory 2.23 GB
[2022-12-07 09:55:17.269454: W /samgraph/samgraph/common/cuda/cuda_device.cc:49] GPU[0] alloc cuda memory 22.29 MB
[2022-12-07 09:55:17.271175: W /samgraph/samgraph/common/cuda/cuda_device.cc:49] GPU[0] alloc cuda memory 44.58 MB
[2022-12-07 09:55:17.272854: W /samgraph/samgraph/common/cuda/cuda_device.cc:49] GPU[0] alloc cuda memory 22.29 MB
[2022-12-07 09:55:17.274208: W /samgraph/samgraph/common/cuda/cuda_device.cc:49] GPU[0] alloc cuda memory 44.58 MB
[2022-12-07 09:55:18.786337: W /samgraph/samgraph/common/cuda/cuda_device.cc:49] GPU[0] alloc cuda memory 20.38 MB
[2022-12-07 09:55:18.788156: W /samgraph/samgraph/common/cuda/cuda_device.cc:49] GPU[0] alloc cuda memory 24.26 MB
[2022-12-07 09:55:18.790491: W /samgraph/samgraph/common/cuda/cuda_device.cc:49] GPU[0] alloc cuda memory 24.26 MB
[2022-12-07 09:55:18.811041: W /samgraph/samgraph/common/cuda/cuda_device.cc:49] GPU[0] alloc cuda memory 2.23 GB
[2022-12-07 09:55:18.812640: W /samgraph/samgraph/common/cuda/cuda_device.cc:49] GPU[0] alloc cuda memory 20.38 MB
[2022-12-07 09:55:18.814223: W /samgraph/samgraph/common/cuda/cuda_device.cc:49] GPU[0] alloc cuda memory 40.75 MB
/usr/local/lib/python3.8/dist-packages/torch/nn/parallel/scatter_gather.py:9: UserWarning: is_namedtuple is deprecated, please use the python checks instead
  warnings.warn("is_namedtuple is deprecated, please use the python checks instead")
/usr/local/lib/python3.8/dist-packages/torch/nn/parallel/scatter_gather.py:9: UserWarning: is_namedtuple is deprecated, please use the python checks instead
  warnings.warn("is_namedtuple is deprecated, please use the python checks instead")
/usr/local/lib/python3.8/dist-packages/torch/nn/parallel/scatter_gather.py:9: UserWarning: is_namedtuple is deprecated, please use the python checks instead
  warnings.warn("is_namedtuple is deprecated, please use the python checks instead")
/usr/local/lib/python3.8/dist-packages/torch/nn/parallel/scatter_gather.py:9: UserWarning: is_namedtuple is deprecated, please use the python checks instead
  warnings.warn("is_namedtuple is deprecated, please use the python checks instead")
/usr/local/lib/python3.8/dist-packages/torch/nn/parallel/scatter_gather.py:9: UserWarning: is_namedtuple is deprecated, please use the python checks instead
  warnings.warn("is_namedtuple is deprecated, please use the python checks instead")
/usr/local/lib/python3.8/dist-packages/torch/nn/parallel/scatter_gather.py:9: UserWarning: is_namedtuple is deprecated, please use the python checks instead
  warnings.warn("is_namedtuple is deprecated, please use the python checks instead")
