[2022-12-08 17:56:56.184544: W /samgraph/samgraph/common/cpu/mmap_cpu_device.cc:92] mmap allocating space 12.87 GB
[2022-12-08 17:56:56.184651: W /samgraph/samgraph/common/cpu/mmap_cpu_device.cc:97] mmap allocating space 12.87 GB done
[2022-12-08 17:57:03.306766: W /samgraph/samgraph/common/cpu/mmap_cpu_device.cc:92] mmap allocating space 48.00 GB
[2022-12-08 17:57:03.306861: W /samgraph/samgraph/common/cpu/mmap_cpu_device.cc:97] mmap allocating space 48.00 GB done
[2022-12-08 17:57:03.306897: W /samgraph/samgraph/common/cpu/mmap_cpu_device.cc:92] mmap allocating space 1.82 GB
[2022-12-08 17:57:03.306930: W /samgraph/samgraph/common/cpu/mmap_cpu_device.cc:97] mmap allocating space 1.82 GB done
[2022-12-08 17:57:03.306995: W /samgraph/samgraph/common/cpu/cpu_device.cc:39] WORKER[0] alloc host memory 12.87 GB
[2022-12-08 17:57:04.523553: E /samgraph/samgraph/common/engine.cc:272] Train set size 3.82 MB
[2022-12-08 17:57:04.524484: W /samgraph/samgraph/common/cpu/mmap_cpu_device.cc:92] mmap allocating space 293.56 GB
[2022-12-08 17:57:04.524520: W /samgraph/samgraph/common/cpu/mmap_cpu_device.cc:97] mmap allocating space 293.56 GB done
/usr/lib/python3/dist-packages/requests/__init__.py:89: RequestsDependencyWarning: urllib3 (1.26.12) or chardet (3.0.4) doesn't match a supported version!
  warnings.warn("urllib3 ({}) or chardet ({}) doesn't match a supported "
[2022-12-08 17:57:05.161516: W /samgraph/samgraph/common/dist/dist_engine.cc:662] Trainer[0] initializing...
[2022-12-08 17:57:05.228846: W /samgraph/samgraph/common/dist/dist_engine.cc:662] Trainer[1] initializing...
[2022-12-08 17:57:05.310907: W /samgraph/samgraph/common/dist/dist_engine.cc:662] Trainer[2] initializing...
[2022-12-08 17:57:05.460524: W /samgraph/samgraph/common/dist/dist_engine.cc:662] Trainer[5] initializing...
[2022-12-08 17:57:05.498266: W /samgraph/samgraph/common/dist/dist_engine.cc:662] Trainer[3] initializing...
[2022-12-08 17:57:05.541451: W /samgraph/samgraph/common/dist/dist_engine.cc:662] Trainer[4] initializing...
[2022-12-08 17:57:07.262039: W /samgraph/samgraph/common/dist/dist_engine.cc:666] Trainer[0] pin memory queue...
[2022-12-08 17:57:07.265683: W /samgraph/samgraph/common/dist/dist_engine.cc:666] Trainer[1] pin memory queue...
[2022-12-08 17:57:07.330129: W /samgraph/samgraph/common/dist/dist_engine.cc:666] Trainer[5] pin memory queue...
[2022-12-08 17:57:07.336577: W /samgraph/samgraph/common/dist/dist_engine.cc:666] Trainer[2] pin memory queue...
[2022-12-08 17:57:07.368793: W /samgraph/samgraph/common/dist/dist_engine.cc:666] Trainer[3] pin memory queue...
[2022-12-08 17:57:07.390626: W /samgraph/samgraph/common/dist/dist_engine.cc:666] Trainer[4] pin memory queue...
[2022-12-08 17:59:41.157215: E /samgraph/samgraph/common/dist/dist_engine.cc:85] Running on V100
[2022-12-08 17:59:41.157350: E /samgraph/samgraph/common/dist/dist_engine.cc:85] Running on V100
[2022-12-08 17:59:41.157942: E /samgraph/samgraph/common/dist/dist_engine.cc:85] Running on V100
[2022-12-08 17:59:41.158032: E /samgraph/samgraph/common/dist/dist_engine.cc:85] Running on V100
[2022-12-08 17:59:41.158080: E /samgraph/samgraph/common/dist/dist_engine.cc:85] Running on V100
[2022-12-08 17:59:41.158541: W[ 2022-12-08 17:59:41/samgraph/samgraph/common/dist/dist_engine.cc.:158576701: ] WTrainer[2] register host memory... 
/samgraph/samgraph/common/dist/dist_engine.cc:701] Trainer[4] register host memory...
[2022-12-08 17:59:41.159133: W [/samgraph/samgraph/common/dist/dist_engine.cc2022-12-08 17:59:41:.701159171] [: Trainer[0] register host memory...2022-12-08 17:59:41W
. 159213/samgraph/samgraph/common/dist/dist_engine.cc: :W701 ] /samgraph/samgraph/common/dist/dist_engine.ccTrainer[5] register host memory...:
701] Trainer[3] register host memory...
[2022-12-08 17:59:41.200027: E /samgraph/samgraph/common/dist/dist_engine.cc:85] Running on V100
[2022-12-08 17:59:41.200498: W /samgraph/samgraph/common/dist/dist_engine.cc:701] Trainer[1] register host memory...
[2022-12-08 17:59:41.488969: E /samgraph/samgraph/common/dist/dist_engine.cc:85] Running on V100
[2022-12-08 17:59:41.535996: E /samgraph/samgraph/common/dist/dist_engine.cc:85] Running on V100
[2022-12-08 17:59:41.541112: W /samgraph/samgraph/common/cuda/cuda_device.cc:49] GPU[6] alloc cuda memory 931.40 MB
[2022-12-08 17:59:41.738712: W /samgraph/samgraph/common/cuda/cuda_device.cc:49] GPU[6] alloc cuda memory 12.87 GB
[2022-12-08 17:59:44.371611: W /samgraph/samgraph/common/cuda/cuda_device.cc:49] GPU[6] alloc cuda memory 32.00 MB
[2022-12-08 17:59:44.377116: E /samgraph/samgraph/common/dist/pre_sampler.cc:41] Dist Presampler making shuffler...
[2022-12-08 17:59:44.381114: E /samgraph/samgraph/common/dist/pre_sampler.cc:44] Dist Presampler making shuffler...Done
[2022-12-08 17:59:44.381163: W /samgraph/samgraph/common/cpu/cpu_device.cc:39] WORKER[0] alloc host memory 1.82 GB
[2022-12-08 17:59:45.181864: E /samgraph/samgraph/common/dist/pre_sampler.cc:85] Dist Presampler doing presample epoch 0
[2022-12-08 17:59:51.172026: E /samgraph/samgraph/common/dist/pre_sampler.cc:129] presample spend 2.16959 on sample, 0.174974 on copy, 3.63186 on count
[2022-12-08 17:59:51.172116: E /samgraph/samgraph/common/dist/pre_sampler.cc:85] Dist Presampler doing presample epoch 1
[2022-12-08 17:59:57.412265: E /samgraph/samgraph/common/dist/pre_sampler.cc:129] presample spend 4.37687 on sample, 0.347866 on copy, 7.47753 on count
[2022-12-08 17:59:57.412382: E /samgraph/samgraph/common/dist/pre_sampler.cc:136] max_num_inputs = 500422, min_num_inputs = 466315
[2022-12-08 17:59:57.974126: E /samgraph/samgraph/common/dist/pre_sampler.cc:148] presample spend 0.56165 on sort freq.
[2022-12-08 17:59:58.839394: E /samgraph/samgraph/common/dist/dist_engine.cc:524] pre sample done, delete it
[[[2022-12-08 17:59:582022-12-08 17:59:582022-12-08 17:59:58...899702899710899708: : : WWW [[[  /samgraph/samgraph/common/dist/dist_engine.cc2022-12-08 17:59:582022-12-08 17:59:582022-12-08 17:59:58/samgraph/samgraph/common/dist/dist_engine.cc/samgraph/samgraph/common/dist/dist_engine.cc:...::711899725899731899725711711] : : : ] ] Trainer[0] building cache...WWWTrainer[3] building cache...Trainer[5] building cache...
   /samgraph/samgraph/common/dist/dist_engine.cc

/samgraph/samgraph/common/dist/dist_engine.cc/samgraph/samgraph/common/dist/dist_engine.cc:::711711711] ] ] Trainer[2] building cache...Trainer[4] building cache...Trainer[1] building cache...


[2022-12-08 17:59:58.905383: E /samgraph/3rdparty/collcachelib/coll_cache_lib/coll_cache/asymm_link_desc.cc:172] v100x8, slow pcie
[[2022-12-08 17:59:582022-12-08 17:59:58..905423905442: : EE /samgraph/3rdparty/collcachelib/coll_cache_lib/coll_cache/asymm_link_desc.cc: 200/samgraph/3rdparty/collcachelib/coll_cache_lib/coll_cache/asymm_link_desc.cc] :build asymm link desc with 6X Tesla V100-SXM2-32GB out of 8172
] v100x8, slow pcie[
2022-12-08 17:59:58.[9054762022-12-08 17:59:58: .E905501 : [/samgraph/3rdparty/collcachelib/coll_cache_lib/coll_cache/asymm_link_desc.ccE2022-12-08 17:59:58: .172/samgraph/3rdparty/collcachelib/coll_cache_lib/coll_cache/asymm_link_desc.cc905512] :: v100x8, slow pcie201E
]  remote time is 8.68421/samgraph/3rdparty/collcachelib/coll_cache_lib/coll_cache/asymm_link_desc.cc
:200] build asymm link desc with 6X Tesla V100-SXM2-32GB out of 8[[
2022-12-08 17:59:582022-12-08 17:59:58..905576905577: : [E[E2022-12-08 17:59:58 2022-12-08 17:59:58 ./samgraph/3rdparty/collcachelib/coll_cache_lib/coll_cache/asymm_link_desc.cc[./samgraph/3rdparty/collcachelib/coll_cache_lib/coll_cache/asymm_link_desc.cc905581:2022-12-08 17:59:58905597:: 200.: 202E[] 905622E]  2022-12-08 17:59:58build asymm link desc with 6X Tesla V100-SXM2-32GB out of 8:  cpu time is 97.0588/samgraph/3rdparty/collcachelib/coll_cache_lib/coll_cache/asymm_link_desc.cc.
E/samgraph/3rdparty/collcachelib/coll_cache_lib/coll_cache/asymm_link_desc.cc
:905664 :[172: /samgraph/3rdparty/collcachelib/coll_cache_lib/coll_cache/asymm_link_desc.cc2012022-12-08 17:59:58] E:] .v100x8, slow pcie 172remote time is 8.68421905756
/samgraph/3rdparty/collcachelib/coll_cache_lib/coll_cache/asymm_link_desc.cc] 
: :v100x8, slow pcie[E172[
2022-12-08 17:59:58 ] 2022-12-08 17:59:58[./samgraph/3rdparty/collcachelib/coll_cache_lib/coll_cache/asymm_link_desc.ccv100x8, slow pcie.2022-12-08 17:59:58905833:
905832.: 201: 905869E] [: E remote time is 8.684212022-12-08 17:59:58E /samgraph/3rdparty/collcachelib/coll_cache_lib/coll_cache/asymm_link_desc.cc
. /samgraph/3rdparty/collcachelib/coll_cache_lib/coll_cache/asymm_link_desc.cc:905935/samgraph/3rdparty/collcachelib/coll_cache_lib/coll_cache/asymm_link_desc.cc[:200: :2022-12-08 17:59:58202] E200.] build asymm link desc with 6X Tesla V100-SXM2-32GB out of 8 ] 905997cpu time is 97.0588
/samgraph/3rdparty/collcachelib/coll_cache_lib/coll_cache/asymm_link_desc.ccbuild asymm link desc with 6X Tesla V100-SXM2-32GB out of 8: 
:
E[200 2022-12-08 17:59:58] [/samgraph/3rdparty/collcachelib/coll_cache_lib/coll_cache/asymm_link_desc.cc.build asymm link desc with 6X Tesla V100-SXM2-32GB out of 82022-12-08 17:59:58:906079
.202: 906096] E[: cpu time is 97.0588 2022-12-08 17:59:58E
/samgraph/3rdparty/collcachelib/coll_cache_lib/coll_cache/asymm_link_desc.cc. :906140/samgraph/3rdparty/collcachelib/coll_cache_lib/coll_cache/asymm_link_desc.cc201: :] E201remote time is 8.68421 ] 
/samgraph/3rdparty/collcachelib/coll_cache_lib/coll_cache/asymm_link_desc.ccremote time is 8.68421:
201[] 2022-12-08 17:59:58[remote time is 8.68421.2022-12-08 17:59:58
906211.: 906219E[:  2022-12-08 17:59:58E/samgraph/3rdparty/collcachelib/coll_cache_lib/coll_cache/asymm_link_desc.cc. :906236/samgraph/3rdparty/collcachelib/coll_cache_lib/coll_cache/asymm_link_desc.cc202: :] E202cpu time is 97.0588 ] 
/samgraph/3rdparty/collcachelib/coll_cache_lib/coll_cache/asymm_link_desc.cccpu time is 97.0588:
202] cpu time is 97.0588
[2022-12-08 18:00:20.856241: E /samgraph/3rdparty/collcachelib/coll_cache_lib/facade.cc:118] solver created. now build & solve
[2022-12-08 18:00:20.952396: E /samgraph/3rdparty/collcachelib/coll_cache_lib/facade.cc:123] solver built. now solve
[2022-12-08 18:00:20.952465: E /samgraph/3rdparty/collcachelib/coll_cache_lib/coll_cache/optimal_solver_class.cc:895] num_cached_nodes = 4883209
[2022-12-08 18:00:23.449661: E /samgraph/3rdparty/collcachelib/coll_cache_lib/facade.cc:127] solver solved
[2022-12-08 18:00:23.449769: E /samgraph/3rdparty/collcachelib/coll_cache_lib/facade.cc:195] 0 solved master
[2022-12-08 18:00:23.449817: E /samgraph/3rdparty/collcachelib/coll_cache_lib/facade.cc:202] 0 solved
[2022-12-08 18:00:23.449846: E /samgraph/3rdparty/collcachelib/coll_cache_lib/facade.cc:205] worker 0 thread 0 initing device 0
[2022-12-08 18:00:23.486290: E /samgraph/3rdparty/collcachelib/coll_cache_lib/facade.cc[:2022-12-08 18:00:23202.] 4863165 solved: 
E /samgraph/3rdparty/collcachelib/coll_cache_lib/facade.cc[:[2022-12-08 18:00:232022022-12-08 18:00:23.] .4863933 solved486383: 
: EE [ /samgraph/3rdparty/collcachelib/coll_cache_lib/facade.cc2022-12-08 18:00:23/samgraph/3rdparty/collcachelib/coll_cache_lib/facade.cc:.:205486460202] : ] worker 5 thread 5 initing device 5E4 solved
 
/samgraph/3rdparty/collcachelib/coll_cache_lib/facade.cc:205] [worker 3 thread 3 initing device 32022-12-08 18:00:23
.486544: E /samgraph/3rdparty/collcachelib/coll_cache_lib/facade.cc:205] worker 4 thread 4 initing device 4
[2022-12-08 18:00:23.487381: E /samgraph/3rdparty/collcachelib/coll_cache_lib/facade.cc:202] 1 solved
[2022-12-08 18:00:23.487443: E /samgraph/3rdparty/collcachelib/coll_cache_lib/facade.cc:205] worker 1 thread 1 initing device 1
[2022-12-08 18:00:23.501569: E /samgraph/3rdparty/collcachelib/coll_cache_lib/facade.cc:202] 2 solved
[2022-12-08 18:00:23.501645: E /samgraph/3rdparty/collcachelib/coll_cache_lib/facade.cc:205] worker 2 thread 2 initing device 2
[2022-12-08 18:00:23.632215: W /samgraph/3rdparty/collcachelib/coll_cache_lib/cache_context.cu:1634] using empty feat=25
[2022-12-08 18:00:23.705653[: 2022-12-08 18:00:23W. 705696/samgraph/3rdparty/collcachelib/coll_cache_lib/cache_context.cu: :W1634 ] /samgraph/3rdparty/collcachelib/coll_cache_lib/cache_context.cu:using empty feat=251634
] using empty feat=25
[2022-12-08 18:00:23.705934: W /samgraph/3rdparty/collcachelib/coll_cache_lib/cache_context.cu[:2022-12-08 18:00:231634.] 705988using empty feat=25: 
W /samgraph/3rdparty/collcachelib/coll_cache_lib/cache_context.cu:1634] using empty feat=25
[2022-12-08 18:00:23.708180: W /samgraph/3rdparty/collcachelib/coll_cache_lib/cache_context.cu:1634] using empty feat=25
[2022-12-08 18:00:25. 10803: E /samgraph/3rdparty/collcachelib/coll_cache_lib/cache_context.cu:1744] Collaborative GPU cache (policy: rep_cache) | local 4883209 / 244160499 nodes ( 2.00 %~2.00 %) | remote 0 / 244160499 nodes ( 0.00 %) | cpu 239277290 / 244160499 nodes ( 98.00 %) | 6.99 GB | 1.51867 secs 
[2022-12-08 18:00:25. 10984: E /samgraph/3rdparty/collcachelib/coll_cache_lib/cache_context.cu:1744] Collaborative GPU cache (policy: rep_cache) | local 4883209 / 244160499 nodes ( 2.00 %~2.00 %) | remote 0 / 244160499 nodes ( 0.00 %) | cpu 239277290 / 244160499 nodes ( 98.00 %) | 6.99 GB | 1.52268 secs 
[2022-12-08 18:00:25. 11280: E /samgraph/3rdparty/collcachelib/coll_cache_lib/cache_context.cu:1744] Collaborative GPU cache (policy: rep_cache) | local 4883209 / 244160499 nodes ( 2.00 %~2.00 %) | remote 0 / 244160499 nodes ( 0.00 %) | cpu 239277290 / 244160499 nodes ( 98.00 %) | 6.99 GB | 1.52285 secs 
[2022-12-08 18:00:25. 12597: E /samgraph/3rdparty/collcachelib/coll_cache_lib/cache_context.cu:1744] Collaborative GPU cache (policy: rep_cache) | local 4883209 / 244160499 nodes ( 2.00 %~2.00 %) | remote 0 / 244160499 nodes ( 0.00 %) | cpu 239277290 / 244160499 nodes ( 98.00 %) | 6.99 GB | 1.52423 secs 
[2022-12-08 18:00:25. 12775: E /samgraph/3rdparty/collcachelib/coll_cache_lib/cache_context.cu:1744] Collaborative GPU cache (policy: rep_cache) | local 4883209 / 244160499 nodes ( 2.00 %~2.00 %) | remote 0 / 244160499 nodes ( 0.00 %) | cpu 239277290 / 244160499 nodes ( 98.00 %) | 6.99 GB | 1.50828 secs 
[2022-12-08 18:00:25. 13009: E /samgraph/3rdparty/collcachelib/coll_cache_lib/cache_context.cu:1744] Collaborative GPU cache (policy: rep_cache) | local 4883209 / 244160499 nodes ( 2.00 %~2.00 %) | remote 0 / 244160499 nodes ( 0.00 %) | cpu 239277290 / 244160499 nodes ( 98.00 %) | 6.99 GB | 1.56217 secs 
[2022-12-08 18:00:27.407804: W /samgraph/samgraph/common/cuda/cuda_device.cc:49] GPU[0] alloc cuda memory 793.32 MB
[2022-12-08 18:00:28.901182: W /samgraph/samgraph/common/cuda/cuda_device.cc:49] GPU[0] alloc cuda memory 793.32 MB
/usr/local/lib/python3.8/dist-packages/torch/nn/parallel/scatter_gather.py:9: UserWarning: is_namedtuple is deprecated, please use the python checks instead
  warnings.warn("is_namedtuple is deprecated, please use the python checks instead")
/usr/local/lib/python3.8/dist-packages/torch/nn/parallel/scatter_gather.py:9: UserWarning: is_namedtuple is deprecated, please use the python checks instead
  warnings.warn("is_namedtuple is deprecated, please use the python checks instead")
/usr/local/lib/python3.8/dist-packages/torch/nn/parallel/scatter_gather.py:9: UserWarning: is_namedtuple is deprecated, please use the python checks instead
  warnings.warn("is_namedtuple is deprecated, please use the python checks instead")
/usr/local/lib/python3.8/dist-packages/torch/nn/parallel/scatter_gather.py:9: UserWarning: is_namedtuple is deprecated, please use the python checks instead
  warnings.warn("is_namedtuple is deprecated, please use the python checks instead")
/usr/local/lib/python3.8/dist-packages/torch/nn/parallel/scatter_gather.py:9: UserWarning: is_namedtuple is deprecated, please use the python checks instead
  warnings.warn("is_namedtuple is deprecated, please use the python checks instead")
/usr/local/lib/python3.8/dist-packages/torch/nn/parallel/scatter_gather.py:9: UserWarning: is_namedtuple is deprecated, please use the python checks instead
  warnings.warn("is_namedtuple is deprecated, please use the python checks instead")
