config:eval_tsp="2022-12-08 18:40:14"
config:arch=arch5
config:num_train_worker=6
config:num_sample_worker=2
config:sample_type=khop2
config:root_path=/nvme/samgraph/
config:dataset=mag240m-homo
config:pipeline=False
config:cache_policy=coll_cache_asymm_link
config:cache_percentage=0.04
config:num_epoch=4
config:batch_size=1000
config:num_hidden=256
config:max_sampling_jobs=1
config:max_copying_jobs=1
config:barriered_epoch=1
config:presample_epoch=2
config:omp_thread_num=6
config:unsupervised=True
config:amp=True
config:rolling=0
config:fanout=[25, 10]
config:lr=0.003
config:dropout=0.5
config:single_gpu=False
config:max_num_step=1000
config:validate_configs=False
config:report_acc=0
config:dataset_path=/nvme/samgraph/mag240m-homo
config:torch_thread_num=8
config:train_workers=['cuda:0', 'cuda:1', 'cuda:2', 'cuda:3', 'cuda:4', 'cuda:5']
config:sample_workers=['cuda:6', 'cuda:7']
config:num_fanout=2
config:num_layer=2
config:_run_mode=RunMode.FGNN
config:_log_level=warn
config:_profile_level=3
config:_empty_feat=25
config:_arch=5
config:_sample_type=5
config:_cache_policy=13
test_result:init:input_scale_factor=1.1306
Set parameter WLSAccessID
Set parameter WLSSecret
Set parameter LicenseID
Set parameter TimeLimit to value 200
Set parameter MIPGap to value 0.05
Set parameter GomoryPasses to value 0
Set parameter Aggregate to value 0
Set parameter LogFile to value "cppsolver.log"
Set parameter Threads to value 12
Academic license - for non-commercial use only - registered to xiaoniu.sxn@sjtu.edu.cn
Gurobi Optimizer version 9.5.2 build v9.5.2rc0 (linux64)
Thread count: 48 physical cores, 96 logical processors, using up to 12 threads
Academic license - for non-commercial use only - registered to xiaoniu.sxn@sjtu.edu.cn
Optimize a model with 115746 rows, 25382 columns and 286266 nonzeros
Model fingerprint: 0xf94963ce
Variable types: 7 continuous, 25375 integer (25375 binary)
Coefficient statistics:
  Matrix range     [9e-04, 9e+02]
  Objective range  [1e+00, 1e+00]
  Bounds range     [1e+00, 1e+00]
  RHS range        [1e+00, 8e+02]
Presolve removed 91355 rows and 0 columns
Presolve time: 0.28s
Presolved: 24391 rows, 25382 columns, 98486 nonzeros
Variable types: 7 continuous, 25375 integer (25375 binary)
Found heuristic solution: objective 15338.066683

Root relaxation: objective 6.185700e+03, 23778 iterations, 0.71 seconds (0.63 work units)

    Nodes    |    Current Node    |     Objective Bounds      |     Work
 Expl Unexpl |  Obj  Depth IntInf | Incumbent    BestBd   Gap | It/Node Time

     0     0 6185.69998    0 4105 15338.0667 6185.69998  59.7%     -    1s
H    0     0                    13785.917759 6185.69998  55.1%     -    2s
H    0     0                    9734.6875640 7234.28109  25.7%     -    3s
     0     0 7234.28109    0 2573 9734.68756 7234.28109  25.7%     -    3s
H    0     0                    9412.0636365 7234.28109  23.1%     -    5s
H    0     0                    9385.2885085 7504.33125  20.0%     -    5s
     0     0 7504.33125    0 2008 9385.28851 7504.33125  20.0%     -    5s
     0     0 7901.98141    0 2086 9385.28851 7901.98141  15.8%     -    6s
     0     0 7993.86573    0 2131 9385.28851 7993.86573  14.8%     -    6s
     0     0 8011.62538    0 2149 9385.28851 8011.62538  14.6%     -    7s
     0     0 8021.97830    0 2231 9385.28851 8021.97830  14.5%     -    7s
     0     0 8021.97830    0 2360 9385.28851 8021.97830  14.5%     -    7s
     0     0 8089.64219    0 2371 9385.28851 8089.64219  13.8%     -    8s
     0     0 8204.37241    0 2610 9385.28851 8204.37241  12.6%     -    9s
     0     0 8298.42412    0 2776 9385.28851 8298.42412  11.6%     -    9s
     0     0 8375.21807    0 2837 9385.28851 8375.21807  10.8%     -    9s
     0     0 8409.94305    0 2876 9385.28851 8409.94305  10.4%     -    9s
     0     0 8433.16017    0 2804 9385.28851 8433.16017  10.1%     -    9s
     0     0 8444.42756    0 2796 9385.28851 8444.42756  10.0%     -    9s
     0     0 8455.81223    0 2798 9385.28851 8455.81223  9.90%     -   10s
H    0     0                    9255.0326713 8463.90925  8.55%     -   10s
     0     0 8463.90925    0 2795 9255.03267 8463.90925  8.55%     -   10s
     0     0 8470.26576    0 2796 9255.03267 8470.26576  8.48%     -   10s
     0     0 8474.45365    0 2800 9255.03267 8474.45365  8.43%     -   10s
     0     0 8475.53532    0 2772 9255.03267 8475.53532  8.42%     -   10s
     0     0 8477.29552    0 2780 9255.03267 8477.29552  8.40%     -   11s
     0     0 8478.73502    0 2786 9255.03267 8478.73502  8.39%     -   11s
     0     0 8479.50260    0 2742 9255.03267 8479.50260  8.38%     -   11s
     0     0 8479.50260    0 2738 9255.03267 8479.50260  8.38%     -   11s
     0     0 8643.20861    0 1837 9255.03267 8643.20861  6.61%     -   12s
     0     0 8695.27445    0 1647 9255.03267 8695.27445  6.05%     -   13s
     0     0 8707.34322    0 1691 9255.03267 8707.34322  5.92%     -   13s
     0     0 8722.11167    0 1711 9255.03267 8722.11167  5.76%     -   13s
     0     0 8742.89535    0 1725 9255.03267 8742.89535  5.53%     -   13s
     0     0 8746.81323    0 1694 9255.03267 8746.81323  5.49%     -   13s
     0     0 8749.53610    0 1678 9255.03267 8749.53610  5.46%     -   13s
     0     0 8751.50928    0 1680 9255.03267 8751.50928  5.44%     -   13s
     0     0 8753.08738    0 1652 9255.03267 8753.08738  5.42%     -   13s
     0     0 8753.71332    0 1656 9255.03267 8753.71332  5.42%     -   13s
     0     0 8755.58369    0 1657 9255.03267 8755.58369  5.40%     -   13s
     0     0 8756.42741    0 1657 9255.03267 8756.42741  5.39%     -   13s
     0     0 8756.86461    0 1647 9255.03267 8756.86461  5.38%     -   13s
     0     0 8891.13074    0 1172 9255.03267 8891.13074  3.93%     -   15s

Cutting planes:
  MIR: 190
  Zero half: 140
  Mod-K: 1097

Explored 1 nodes (67348 simplex iterations) in 15.24 seconds (12.66 work units)
Thread count was 12 (of 96 available processors)

Solution count 6: 9255.03 9385.29 9412.06 ... 15338.1

Optimal solution found (tolerance 5.00e-02)
Best objective 9.255032671334e+03, best bound 8.891130737783e+03, gap 3.9319%
coll_cache:optimal_local_rate=0.214187,0.330098,0.235599,0.267155,0.268696,0.244033,
coll_cache:optimal_remote_rate=0.565696,0.449786,0.544284,0.512728,0.511188,0.53585,
coll_cache:optimal_cpu_rate=0.220117,0.220117,0.220117,0.220117,0.220117,0.220117,
z=9255.03
test_result:init:feat_nbytes=375030526464
test_result:init:cache_nbytes=15010533888
test_result:init:feat_nbytes=375030526464
test_result:init:cache_nbytes=15035741184
test_result:init:feat_nbytes=375030526464
test_result:init:cache_nbytes=15008661504
test_result:init:feat_nbytes=375030526464
test_result:init:cache_nbytes=15026652672
test_result:init:feat_nbytes=375030526464
test_result:init:cache_nbytes=15007971840
test_result:init:feat_nbytes=375030526464
test_result:init:cache_nbytes=15002135040
[Train  Worker 3/6] Started with PID 13460(Tesla V100-SXM2-32GB)
[Train  Worker 3] run train for 4 epochs with 1002 steps
[Train  Worker 1/6] Started with PID 13454(Tesla V100-SXM2-32GB)
[Train  Worker 1] run train for 4 epochs with 1002 steps
[Train  Worker 5/6] Started with PID 13466(Tesla V100-SXM2-32GB)
[Train  Worker 5] run train for 4 epochs with 1002 steps
[Train  Worker 2/6] Started with PID 13457(Tesla V100-SXM2-32GB)
[Train  Worker 2] run train for 4 epochs with 1002 steps
[Train  Worker 4/6] Started with PID 13463(Tesla V100-SXM2-32GB)
[Train  Worker 4] run train for 4 epochs with 1002 steps
[CUDA] cuda0: usage: 22.19 GB
[SAM] cuda0 data alloc        : 0.00 Bytes
[SAM] cuda0 workspace         : 1.59 GB
[SAM] cuda0 workspace reserve : 809.96 MB
[SAM] cuda0 total             : 1.59 GB
[Train  Worker 0/6] Started with PID 13451(Tesla V100-SXM2-32GB)
[Train  Worker 0] run train for 4 epochs with 1002 steps
Epoch 00000 | Epoch Time 11.9616 | Total Train Time(Profiler) 7.0234 | Copy Time 4.9193
[CUDA] cuda0: usage: 22.19 GB
[SAM] cuda0 data alloc        : 0.00 Bytes
[SAM] cuda0 workspace         : 1.59 GB
[SAM] cuda0 workspace reserve : 809.60 MB
[SAM] cuda0 total             : 1.59 GB
Epoch 00001 | Epoch Time 10.3996 | Total Train Time(Profiler) 5.4963 | Copy Time 4.8871
[CUDA] cuda0: usage: 22.19 GB
[SAM] cuda0 data alloc        : 0.00 Bytes
[SAM] cuda0 workspace         : 1.59 GB
[SAM] cuda0 workspace reserve : 809.72 MB
[SAM] cuda0 total             : 1.59 GB
Epoch 00002 | Epoch Time 10.3890 | Total Train Time(Profiler) 5.4863 | Copy Time 4.8863
[CUDA] cuda0: usage: 22.19 GB
[SAM] cuda0 data alloc        : 0.00 Bytes
[SAM] cuda0 workspace         : 1.59 GB
[SAM] cuda0 workspace reserve : 810.16 MB
[SAM] cuda0 total             : 1.59 GB
Epoch 00003 | Epoch Time 10.4479 | Total Train Time(Profiler) 5.5595 | Copy Time 4.8717
[Train  Worker 5] Avg Epoch Time 10.4122 | Train Total Time(Profiler) 5.5285 | Copy Time 4.8684
[Train  Worker 1] Avg Epoch Time 10.4122 | Train Total Time(Profiler) 2.0848 | Copy Time 8.3118
[Train  Worker 2] Avg Epoch Time 10.4122 | Train Total Time(Profiler) 2.0914 | Copy Time 8.3027
[Train  Worker 3] Avg Epoch Time 10.4122 | Train Total Time(Profiler) 2.0981 | Copy Time 8.2967
[Train  Worker 4] Avg Epoch Time 10.4122 | Train Total Time(Profiler) 2.0812 | Copy Time 8.3136
[Train  Worker 0] Avg Epoch Time 10.4122 | Train Total Time(Profiler) 5.5141 | Copy Time 4.8817
[Sample Worker 1/2] Started with PID 13448(Tesla V100-SXM2-32GB)
[Sample Worker 1] run sample for 4 epochs with 501 steps
[Sample Worker 1] Avg Sample Total Time 1.3212 | Sampler Total Time(Profiler) 1.3157
    [Step(average) Profiler Level 1 E3 S500]
        L1  sample           0.002074 | send           0.000540
        L1  recv             0.000000 | copy           0.000000 | convert time 0.000000 | train  0.000000
        L1  feature nbytes 0.00 Bytes | label nbytes 0.00 Bytes
        L1  id nbytes      0.00 Bytes | graph nbytes 0.00 Bytes
        L1  miss nbytes    0.00 Bytes | remote nbytes 0.00 Bytes
        L1  num nodes          484002 | num samples      550339
    [Step(average) Profiler Level 2 E3 S500]
        L2  shuffle     0.000078 | core sample  0.000611 | id remap        0.001171
        L2  graph copy  0.000000 | id copy      0.000000 | cache feat copy 0.000000
        L2  last layer sample time 0.000279 | size 24926.733866
    [Step(average) Profiler Level 3 E3 S500]
        L3  khop sample coo  0.000358 | khop sort coo      0.000000 | khop count edge     0.000035 | khop compact edge 0.000164
        L3  walk sample coo  0.000000 | walk topk total    0.000000 | walk topk step1     0.000000 | walk topk step2   0.000000
        L3  walk topk step3  0.000000 | walk topk step4    0.000000 | walk topk step5     0.000000
        L3  walk topk step6  0.000000 | walk topk step7    0.000000
        L3  remap unique     0.000204 | remap populate     0.000983 | remap mapnode       0.000000 | remap mapedge     0.000203
        L3  cache get_index  0.000000 | cache copy_index   0.000000 | cache extract_miss  0.000000
        L3  cache copy_miss  0.000000 | cache combine_miss 0.000000 | cache combine cache 0.000000 | cache combine remote 0.000000
        L3  label extract  0.000000
    [Init Profiler Level 1]
        L1  init     8.9529 | sampler init   176.8988 | trainer init 0.0000
    [Init Profiler Level 2]
        L2  load ds        11.6405 | init queue         156.3293
        L2  presample      15.2012 | build interal ds     2.6756
        L2  build cache     0.0000
    [Init Profiler Level 3]
        L3  load dataset: mmap     8.9491 | copy         2.6914
        L3  dist queue: alloc      0.0009 | pin        156.3284 | push     0.0000
        L3  presample: init        0.8125
        L3  presample: sample      4.4187 | copy         0.3511
        L3  presample: count       7.9891 | sort         0.5852
        L3  presample: reset       0.0011 | get rank     0.0916
        L3  internal: cuda ctx     2.3420 | cuda stream     0.3274
[Sample Worker 0/2] Started with PID 13445(Tesla V100-SXM2-32GB)
[Sample Worker 0] run sample for 4 epochs with 501 steps
[Sample Worker 0] Avg Sample Total Time 1.3148 | Sampler Total Time(Profiler) 1.3097
test_result:sample_time=1.0393
test_result:get_cache_miss_index_time=0.0000
test_result:enqueue_samples_time=0.2704
test_result:epoch_time:sample_total=1.3148
[CUDA] cuda0: usage: 22.19 GB
[SAM] cuda0 data alloc        : 0.00 Bytes
[SAM] cuda0 workspace         : 1.59 GB
[SAM] cuda0 workspace reserve : 810.16 MB
[SAM] cuda0 total             : 1.59 GB
    [Step(average) Profiler Level 1 E3 S1001]
        L1  sample           0.000000 | send           0.000000
        L1  recv             0.001060 | copy           0.042887 | convert time 0.000487 | train  0.018875
        L1  feature nbytes  709.07 MB | label nbytes    7.81 KB
        L1  id nbytes      0.00 Bytes | graph nbytes 0.00 Bytes
        L1  miss nbytes     169.38 MB | remote nbytes  359.78 MB
        L1  num nodes               0 | num samples           0
    [Step(average) Profiler Level 2 E3 S1001]
        L2  shuffle     0.000000 | core sample  0.000000 | id remap        0.000000
        L2  graph copy  0.000004 | id copy      0.000000 | cache feat copy 0.041823
        L2  last layer sample time 0.000000 | size 0.000000
    [Step(average) Profiler Level 3 E3 S1001]
        L3  khop sample coo  0.000000 | khop sort coo      0.000000 | khop count edge     0.000000 | khop compact edge 0.000000
        L3  walk sample coo  0.000000 | walk topk total    0.000000 | walk topk step1     0.000000 | walk topk step2   0.000000
        L3  walk topk step3  0.000000 | walk topk step4    0.000000 | walk topk step5     0.000000
        L3  walk topk step6  0.000000 | walk topk step7    0.000000
        L3  remap unique     0.000000 | remap populate     0.000000 | remap mapnode       0.000000 | remap mapedge     0.000000
        L3  cache get_index  0.000414 | cache copy_index   0.000000 | cache extract_miss  0.000000
        L3  cache copy_miss  0.000000 | cache combine_miss 0.041356 | cache combine cache 0.000712 | cache combine remote 0.005737
        L3  label extract  0.000020
    [Step(max) Profiler Level 1 E3 S1001]
        L1  sample           0.000000 | send           0.000000
        L1  recv             0.000000 | copy           0.000000 | convert time 0.000000 | train  0.000000
        L1  feature nbytes 0.00 Bytes | label nbytes 0.00 Bytes
        L1  id nbytes      0.00 Bytes | graph nbytes    4.33 MB
        L1  miss nbytes    0.00 Bytes | remote nbytes 0.00 Bytes
        L1  num nodes               0 | num samples           0
    [Step(max) Profiler Level 2 E3 S1001]
        L2  shuffle     0.000000 | core sample  0.000000 | id remap        0.000000
        L2  graph copy  0.000000 | id copy      0.000000 | cache feat copy 0.000000
        L2  last layer sample time 0.000000 | size 0.000000
    [Step(max) Profiler Level 3 E3 S1001]
        L3  khop sample coo  0.000000 | khop sort coo      0.000000 | khop count edge     0.000000 | khop compact edge 0.000000
        L3  walk sample coo  0.000000 | walk topk total    0.000000 | walk topk step1     0.000000 | walk topk step2   0.000000
        L3  walk topk step3  0.000000 | walk topk step4    0.000000 | walk topk step5     0.000000
        L3  walk topk step6  0.000000 | walk topk step7    0.000000
        L3  remap unique     0.000000 | remap populate     0.000000 | remap mapnode       0.000000 | remap mapedge     0.000000
        L3  cache get_index  0.000000 | cache copy_index   0.000000 | cache extract_miss  0.000000
        L3  cache copy_miss  0.000000 | cache combine_miss 0.000000 | cache combine cache 0.000000 | cache combine remote 0.000000
        L3  label extract  0.000000
    [Step(min) Profiler Level 1 E3 S1001]
        L1  sample           0.000000 | send           0.000000
        L1  recv             0.000000 | copy           0.000000 | convert time 0.000000 | train  0.000000
        L1  feature nbytes 0.00 Bytes | label nbytes 0.00 Bytes
        L1  id nbytes      0.00 Bytes | graph nbytes    4.08 MB
        L1  miss nbytes    0.00 Bytes | remote nbytes 0.00 Bytes
        L1  num nodes               0 | num samples           0
    [Step(min) Profiler Level 2 E3 S1001]
        L2  shuffle     0.000000 | core sample  0.000000 | id remap        0.000000
        L2  graph copy  0.000000 | id copy      0.000000 | cache feat copy 0.000000
        L2  last layer sample time 0.000000 | size 0.000000
    [Step(min) Profiler Level 3 E3 S1001]
        L3  khop sample coo  0.000000 | khop sort coo      0.000000 | khop count edge     0.000000 | khop compact edge 0.000000
        L3  walk sample coo  0.000000 | walk topk total    0.000000 | walk topk step1     0.000000 | walk topk step2   0.000000
        L3  walk topk step3  0.000000 | walk topk step4    0.000000 | walk topk step5     0.000000
        L3  walk topk step6  0.000000 | walk topk step7    0.000000
        L3  remap unique     0.000000 | remap populate     0.000000 | remap mapnode       0.000000 | remap mapedge     0.000000
        L3  cache get_index  0.000000 | cache copy_index   0.000000 | cache extract_miss  0.000000
        L3  cache copy_miss  0.000000 | cache combine_miss 0.000000 | cache combine cache 0.000000 | cache combine remote 0.000000
        L3  label extract  0.000000
    [Init Profiler Level 1]
        L1  init     8.9529 | sampler init     0.0000 | trainer init 259.8605
    [Init Profiler Level 2]
        L2  load ds         8.9491 | init queue         156.1988
        L2  presample       0.0000 | build interal ds     2.1343
        L2  build cache   101.5139
    [Init Profiler Level 3]
        L3  load dataset: mmap     8.9491 | copy         0.0000
        L3  dist queue: alloc      0.0009 | pin        156.1980 | push     0.0000
        L3  presample: init        0.0000
        L3  presample: sample      0.0000 | copy         0.0000
        L3  presample: count       0.0000 | sort         0.0000
        L3  presample: reset       0.0000 | get rank     0.0000
        L3  internal: cuda ctx     2.1342 | cuda stream     0.0001
|===========================================================================|
|                  PyTorch CUDA memory summary, device ID 0                 |
|---------------------------------------------------------------------------|
|            CUDA OOMs: 0            |        cudaMalloc retries: 0         |
|===========================================================================|
|        Metric         | Cur Usage  | Peak Usage | Tot Alloc  | Tot Freed  |
|---------------------------------------------------------------------------|
| Allocated memory      |   23164 KB |  337344 KB |  616916 MB |  616893 MB |
|       from large pool |   14441 KB |  334567 KB |  606627 MB |  606613 MB |
|       from small pool |    8723 KB |   11034 KB |   10288 MB |   10280 MB |
|---------------------------------------------------------------------------|
| Active memory         |   23165 KB |  337344 KB |  616916 MB |  616893 MB |
|       from large pool |   14441 KB |  334567 KB |  606627 MB |  606613 MB |
|       from small pool |    8724 KB |   11034 KB |   10288 MB |   10280 MB |
|---------------------------------------------------------------------------|
| GPU reserved memory   |  417792 KB |  417792 KB |  417792 KB |       0 B  |
|       from large pool |  403456 KB |  403456 KB |  403456 KB |       0 B  |
|       from small pool |   14336 KB |   14336 KB |   14336 KB |       0 B  |
|---------------------------------------------------------------------------|
| Non-releasable memory |   50563 KB |  332568 KB |  562621 MB |  562571 MB |
|       from large pool |   49047 KB |  329576 KB |  551499 MB |  551451 MB |
|       from small pool |    1516 KB |    4853 KB |   11121 MB |   11120 MB |
|---------------------------------------------------------------------------|
| Allocations           |      43    |      62    |   96232    |   96189    |
|       from large pool |       7    |      16    |   34071    |   34064    |
|       from small pool |      36    |      47    |   62161    |   62125    |
|---------------------------------------------------------------------------|
| Active allocs         |      44    |      62    |   96232    |   96188    |
|       from large pool |       7    |      16    |   34071    |   34064    |
|       from small pool |      37    |      47    |   62161    |   62124    |
|---------------------------------------------------------------------------|
| GPU reserved segments |      14    |      14    |      14    |       0    |
|       from large pool |       7    |       7    |       7    |       0    |
|       from small pool |       7    |       7    |       7    |       0    |
|---------------------------------------------------------------------------|
| Non-releasable allocs |      18    |      28    |   41264    |   41246    |
|       from large pool |       7    |      12    |   21090    |   21083    |
|       from small pool |      11    |      21    |   20174    |   20163    |
|---------------------------------------------------------------------------|
| Oversize allocations  |       0    |       0    |       0    |       0    |
|---------------------------------------------------------------------------|
| Oversize GPU segments |       0    |       0    |       0    |       0    |
|===========================================================================|

test_result:epoch_time:copy_time=4.8817
test_result:convert_time=0.0819
test_result:train_time=5.4321
test_result:epoch_time:train_total=5.5141
test_result:cache_percentage=0.0400
test_result:cache_hit_rate=1.0000
test_result:run_time=48.5126
