[2022-12-07 10:09:33.755556: W /samgraph/samgraph/common/cpu/mmap_cpu_device.cc:92] mmap allocating space 12.03 GB
[2022-12-07 10:09:33.755662: W /samgraph/samgraph/common/cpu/mmap_cpu_device.cc:97] mmap allocating space 12.03 GB done
[2022-12-07 10:09:40.321310: W /samgraph/samgraph/common/cpu/mmap_cpu_device.cc:92] mmap allocating space 52.96 GB
[2022-12-07 10:09:40.321409: W /samgraph/samgraph/common/cpu/mmap_cpu_device.cc:97] mmap allocating space 52.96 GB done
[2022-12-07 10:09:40.771057: W /samgraph/samgraph/common/cpu/cpu_device.cc:39] WORKER[0] alloc host memory 12.03 GB
[2022-12-07 10:09:42.758130: E /samgraph/samgraph/common/engine.cc:272] Train set size 30.58 MB
[2022-12-07 10:09:42.759024: W /samgraph/samgraph/common/cpu/mmap_cpu_device.cc:92] mmap allocating space 293.56 GB
[2022-12-07 10:09:42.759064: W /samgraph/samgraph/common/cpu/mmap_cpu_device.cc:97] mmap allocating space 293.56 GB done
/usr/lib/python3/dist-packages/requests/__init__.py:89: RequestsDependencyWarning: urllib3 (1.26.12) or chardet (3.0.4) doesn't match a supported version!
  warnings.warn("urllib3 ({}) or chardet ({}) doesn't match a supported "
[2022-12-07 10:09:43.389822: W /samgraph/samgraph/common/dist/dist_engine.cc:662] Trainer[0] initializing...
[2022-12-07 10:09:43.476218: W /samgraph/samgraph/common/dist/dist_engine.cc:662] Trainer[1] initializing...
[2022-12-07 10:09:43.545184: W /samgraph/samgraph/common/dist/dist_engine.cc:662] Trainer[2] initializing...
[2022-12-07 10:09:43.653414: W /samgraph/samgraph/common/dist/dist_engine.cc:662] Trainer[3] initializing...
[2022-12-07 10:09:43.787826: W /samgraph/samgraph/common/dist/dist_engine.cc:662] Trainer[4] initializing...
[2022-12-07 10:09:43.798663: W /samgraph/samgraph/common/dist/dist_engine.cc:662] Trainer[5] initializing...
[2022-12-07 10:09:45.573261: W /samgraph/samgraph/common/dist/dist_engine.cc:666] Trainer[0] pin memory queue...
[2022-12-07 10:09:45.641925: W /samgraph/samgraph/common/dist/dist_engine.cc:666] Trainer[2] pin memory queue...
[2022-12-07 10:09:45.657502: W /samgraph/samgraph/common/dist/dist_engine.cc:666] Trainer[1] pin memory queue...
[2022-12-07 10:09:45.660923: W /samgraph/samgraph/common/dist/dist_engine.cc:666] Trainer[4] pin memory queue...
[2022-12-07 10:09:45.671224: W /samgraph/samgraph/common/dist/dist_engine.cc:666] Trainer[5] pin memory queue...
[2022-12-07 10:09:45.675393: W /samgraph/samgraph/common/dist/dist_engine.cc:666] Trainer[3] pin memory queue...
[2022-12-07 10:12:18.198105: E /samgraph/samgraph/common/dist/dist_engine.cc:[852022-12-07 10:12:18] .Running on V100198155
: E /samgraph/samgraph/common/dist/dist_engine.cc:85] Running on V100
[2022-12-07 10:12:18.198995: E /samgraph/samgraph/common/dist/dist_engine.cc:85] [Running on V1002022-12-07 10:12:18
.199075: E /samgraph/samgraph/common/dist/dist_engine.cc[:2022-12-07 10:12:18[85.2022-12-07 10:12:18] 199184.Running on V100: 
199203W:  W/samgraph/samgraph/common/dist/dist_engine.cc :/samgraph/samgraph/common/dist/dist_engine.cc701:] 701Trainer[2] register host memory...] 
Trainer[3] register host memory...
[2022-12-07 10:12:18.200078: W[ 2022-12-07 10:12:18/samgraph/samgraph/common/dist/dist_engine.cc.:200110701: ] WTrainer[1] register host memory... 
/samgraph/samgraph/common/dist/dist_engine.cc:701] Trainer[5] register host memory...
[2022-12-07 10:12:18.223541: E /samgraph/samgraph/common/dist/dist_engine.cc:85] Running on V100
[2022-12-07 10:12:18.224075: W /samgraph/samgraph/common/dist/dist_engine.cc:701] Trainer[4] register host memory...
[2022-12-07 10:12:18.293322: E /samgraph/samgraph/common/dist/dist_engine.cc:85] Running on V100
[2022-12-07 10:12:18.293498: W /samgraph/samgraph/common/dist/dist_engine.cc:701] Trainer[0] register host memory...
[2022-12-07 10:12:18.509989: E /samgraph/samgraph/common/dist/dist_engine.cc:85] Running on V100
[2022-12-07 10:12:18.544612: E /samgraph/samgraph/common/dist/dist_engine.cc:85] Running on V100
[2022-12-07 10:12:18.544846: W /samgraph/samgraph/common/cpu/cpu_device.cc:39] WORKER[0] alloc host memory 30.58 MB
[2022-12-07 10:12:18.569353: W /samgraph/samgraph/common/cuda/cuda_device.cc:49] GPU[6] alloc cuda memory 423.66 MB
[2022-12-07 10:12:18.673748: W /samgraph/samgraph/common/cuda/cuda_device.cc:49] GPU[6] alloc cuda memory 12.03 GB
[2022-12-07 10:12:21.271522: W /samgraph/samgraph/common/cpu/cpu_device.cc:39] WORKER[0] alloc host memory 38.23 MB
[2022-12-07 10:12:21.295728: W /samgraph/samgraph/common/cuda/cuda_device.cc:49] GPU[6] alloc cuda memory 19.12 MB
[2022-12-07 10:12:21.296373: W /samgraph/samgraph/common/cuda/cuda_device.cc:49] GPU[6] alloc cuda memory 256.00 MB
[2022-12-07 10:12:21.296681: W /samgraph/samgraph/common/cuda/cuda_device.cc:49] GPU[6] alloc cuda memory 26.18 MB
[2022-12-07 10:12:21.297396: W /samgraph/samgraph/common/cuda/cuda_device.cc:49] GPU[6] alloc cuda memory 28.56 MB
[2022-12-07 10:12:21.298482: W /samgraph/samgraph/common/cpu/cpu_device.cc:39] WORKER[0] alloc host memory 38.23 MB
[2022-12-07 10:12:21.322350: E /samgraph/samgraph/common/dist/pre_sampler.cc:41] Dist Presampler making shuffler...
[2022-12-07 10:12:21.322439: W /samgraph/samgraph/common/cpu/cpu_device.cc:39] WORKER[0] alloc host memory 38.23 MB
[2022-12-07 10:12:21.346542: W /samgraph/samgraph/common/cuda/cuda_device.cc:49] GPU[6] alloc cuda memory 38.23 MB
[2022-12-07 10:12:21.346606: E /samgraph/samgraph/common/dist/pre_sampler.cc:44] Dist Presampler making shuffler...Done
[2022-12-07 10:12:21.346636: W /samgraph/samgraph/common/cpu/cpu_device.cc:39] WORKER[0] alloc host memory 847.32 MB
[2022-12-07 10:12:21.718298: E /samgraph/samgraph/common/dist/pre_sampler.cc:85] Dist Presampler doing presample epoch 0
[2022-12-07 10:12:22. 16681: W /samgraph/samgraph/common/cuda/cuda_device.cc:49] GPU[6] alloc cuda memory 27.29 MB
[2022-12-07 10:12:22. 17024: W /samgraph/samgraph/common/cuda/cuda_device.cc:49] GPU[6] alloc cuda memory 27.29 MB
[2022-12-07 10:12:22. 17307: W /samgraph/samgraph/common/cuda/cuda_device.cc:49] GPU[6] alloc cuda memory 27.29 MB
[2022-12-07 10:12:22. 17613: W /samgraph/samgraph/common/cuda/cuda_device.cc:49] GPU[6] alloc cuda memory 27.29 MB
[2022-12-07 10:12:22. 37934: W /samgraph/samgraph/common/cuda/cuda_device.cc:49] GPU[6] alloc cuda memory 24.34 MB
[2022-12-07 10:12:22. 40101: W /samgraph/samgraph/common/cpu/cpu_device.cc:39] WORKER[0] alloc host memory 20.44 MB
[2022-12-07 10:13:18.531326: E /samgraph/samgraph/common/dist/pre_sampler.cc:129] presample spend 23.2119 on sample, 1.39907 on copy, 32.187 on count
[2022-12-07 10:13:18.531419: E /samgraph/samgraph/common/dist/pre_sampler.cc:85] Dist Presampler doing presample epoch 1
[2022-12-07 10:14:15.549282: E /samgraph/samgraph/common/dist/pre_sampler.cc:129] presample spend 46.4117 on sample, 2.78852 on copy, 64.6008 on count
[2022-12-07 10:14:15.549407: E /samgraph/samgraph/common/dist/pre_sampler.cc:136] max_num_inputs = 4308363, min_num_inputs = 4248253
[2022-12-07 10:14:15.887224: E /samgraph/samgraph/common/dist/pre_sampler.cc:148] presample spend 0.33772 on sort freq.
[2022-12-07 10:14:16.283408: E /samgraph/samgraph/common/dist/dist_engine.cc:524] pre sample done, delete it
[[[[[[2022-12-07 10:14:162022-12-07 10:14:162022-12-07 10:14:162022-12-07 10:14:162022-12-07 10:14:162022-12-07 10:14:16......310473310477310473310479310477310473: : : : : : WWWWWW      /samgraph/samgraph/common/dist/dist_engine.cc/samgraph/samgraph/common/dist/dist_engine.cc/samgraph/samgraph/common/dist/dist_engine.cc/samgraph/samgraph/common/dist/dist_engine.cc/samgraph/samgraph/common/dist/dist_engine.cc/samgraph/samgraph/common/dist/dist_engine.cc::::::711711711711711711] ] ] ] ] ] Trainer[2] building cache...Trainer[5] building cache...Trainer[1] building cache...Trainer[4] building cache...Trainer[0] building cache...Trainer[3] building cache...





[[[2022-12-07 10:14:162022-12-07 10:14:16[[2022-12-07 10:14:16..[2022-12-07 10:14:162022-12-07 10:14:16.3128633128632022-12-07 10:14:16..312863: : .312879312880: EE312888: : E  : EE /samgraph/3rdparty/collcachelib/coll_cache_lib/run_config.cc/samgraph/3rdparty/collcachelib/coll_cache_lib/run_config.ccE  /samgraph/3rdparty/collcachelib/coll_cache_lib/run_config.cc:: /samgraph/3rdparty/collcachelib/coll_cache_lib/run_config.cc/samgraph/3rdparty/collcachelib/coll_cache_lib/run_config.cc:134134/samgraph/3rdparty/collcachelib/coll_cache_lib/run_config.cc::134] ] :134134] using concurrent impl MPSusing concurrent impl MPS134] ] using concurrent impl MPS

] using concurrent impl MPSusing concurrent impl MPS
using concurrent impl MPS


[2022-12-07 10:14:16.316343: E /samgraph/3rdparty/collcachelib/coll_cache_lib/coll_cache/asymm_link_desc.cc:196] build asymm link desc with 6X Tesla V100-SXM2-32GB out of 8
[2022-12-07 10:14:16.[3163892022-12-07 10:14:16: .E316388 : /samgraph/3rdparty/collcachelib/coll_cache_lib/coll_cache/asymm_link_desc.ccE: 197/samgraph/3rdparty/collcachelib/coll_cache_lib/coll_cache/asymm_link_desc.cc] :remote time is 8.68421196
] build asymm link desc with 6X Tesla V100-SXM2-32GB out of 8
[[2022-12-07 10:14:162022-12-07 10:14:16..316433[316439: 2022-12-07 10:14:16: E.E 316452 /samgraph/3rdparty/collcachelib/coll_cache_lib/coll_cache/asymm_link_desc.cc: /samgraph/3rdparty/collcachelib/coll_cache_lib/coll_cache/asymm_link_desc.cc:E:196[ 198] 2022-12-07 10:14:16/samgraph/3rdparty/collcachelib/coll_cache_lib/coll_cache/asymm_link_desc.cc] build asymm link desc with 6X Tesla V100-SXM2-32GB out of 8.:cpu time is 110
316478197
: ] Eremote time is 8.68421 [
/samgraph/3rdparty/collcachelib/coll_cache_lib/coll_cache/asymm_link_desc.cc2022-12-07 10:14:16:.196316525[] [: 2022-12-07 10:14:16build asymm link desc with 6X Tesla V100-SXM2-32GB out of 82022-12-07 10:14:16E.
. 316538[316534/samgraph/3rdparty/collcachelib/coll_cache_lib/coll_cache/asymm_link_desc.cc: [2022-12-07 10:14:16: :E2022-12-07 10:14:16.E197 .316569 ] /samgraph/3rdparty/collcachelib/coll_cache_lib/coll_cache/asymm_link_desc.cc316587: /samgraph/3rdparty/collcachelib/coll_cache_lib/coll_cache/asymm_link_desc.ccremote time is 8.68421:: E:
198E 196]  [/samgraph/3rdparty/collcachelib/coll_cache_lib/coll_cache/asymm_link_desc.cc] cpu time is 110/samgraph/3rdparty/collcachelib/coll_cache_lib/coll_cache/asymm_link_desc.cc2022-12-07 10:14:16:build asymm link desc with 6X Tesla V100-SXM2-32GB out of 8
:.196
197316675] ] : build asymm link desc with 6X Tesla V100-SXM2-32GB out of 8remote time is 8.68421[E

2022-12-07 10:14:16 .[/samgraph/3rdparty/collcachelib/coll_cache_lib/coll_cache/asymm_link_desc.cc[3167362022-12-07 10:14:16:2022-12-07 10:14:16: .198.E316772] 316774 : cpu time is 110: /samgraph/3rdparty/collcachelib/coll_cache_lib/coll_cache/asymm_link_desc.ccE
E:  197/samgraph/3rdparty/collcachelib/coll_cache_lib/coll_cache/asymm_link_desc.cc/samgraph/3rdparty/collcachelib/coll_cache_lib/coll_cache/asymm_link_desc.cc] ::remote time is 8.68421198197
] ] cpu time is 110remote time is 8.68421[

2022-12-07 10:14:16.316904: [E2022-12-07 10:14:16 ./samgraph/3rdparty/collcachelib/coll_cache_lib/coll_cache/asymm_link_desc.cc316926:: 198E]  cpu time is 110/samgraph/3rdparty/collcachelib/coll_cache_lib/coll_cache/asymm_link_desc.cc
:198] cpu time is 110
[2022-12-07 10:14:40.881283: E /samgraph/3rdparty/collcachelib/coll_cache_lib/facade.cc:115] solver created. now build & solve
[2022-12-07 10:14:40.927380: W /samgraph/3rdparty/collcachelib/coll_cache_lib/cpu/cpu_device.cc:39] WORKER[0] alloc host memory 423.66 MB
[2022-12-07 10:14:40.927448: W /samgraph/3rdparty/collcachelib/coll_cache_lib/cpu/cpu_device.cc:39] WORKER[0] alloc host memory 423.66 MB
[2022-12-07 10:14:40.928250: W /samgraph/3rdparty/collcachelib/coll_cache_lib/coll_cache/optimal_solver_class.cc:68] mapping nid to rank...
[2022-12-07 10:14:41.404316: W /samgraph/3rdparty/collcachelib/coll_cache_lib/coll_cache/optimal_solver_class.cc:85] counting slots...
[2022-12-07 10:14:43.662452: W /samgraph/3rdparty/collcachelib/coll_cache_lib/coll_cache/optimal_solver_class.cc:99] Final num slot is 54
[2022-12-07 10:14:43.662570: W /samgraph/3rdparty/collcachelib/coll_cache_lib/coll_cache/optimal_solver_class.cc:103] counting blocks...
[2022-12-07 10:14:49.977918: W /samgraph/3rdparty/collcachelib/coll_cache_lib/coll_cache/optimal_solver_class.cc:112] Final num block is 1030
[2022-12-07 10:14:49.978025: W /samgraph/3rdparty/collcachelib/coll_cache_lib/coll_cache/optimal_solver_class.cc:117] counting freq and density...
[2022-12-07 10:14:52.518079: W /samgraph/3rdparty/collcachelib/coll_cache_lib/coll_cache/optimal_solver_class.cc:148] averaging freq and density...
[2022-12-07 10:14:52.518171: W /samgraph/3rdparty/collcachelib/coll_cache_lib/coll_cache/optimal_solver_class.cc:149] 1030
[2022-12-07 10:14:52.520870: E /samgraph/3rdparty/collcachelib/coll_cache_lib/facade.cc:120] solver built. now solve
[2022-12-07 10:14:52.520924: W /samgraph/3rdparty/collcachelib/coll_cache_lib/coll_cache/optimal_solver_class.cc:348] constructing optimal solver, device=6, stream=1
1030 blocks, 6 devices
[2022-12-07 10:14:52.747317: W /samgraph/3rdparty/collcachelib/coll_cache_lib/coll_cache/optimal_solver_class.cc:503] Add Var...
[2022-12-07 10:14:52.766339: W /samgraph/3rdparty/collcachelib/coll_cache_lib/coll_cache/optimal_solver_class.cc:521] Capacity...
[2022-12-07 10:14:52.767746: W /samgraph/3rdparty/collcachelib/coll_cache_lib/coll_cache/optimal_solver_class.cc:524] Connect CPU...
[2022-12-07 10:14:52.783166: W /samgraph/3rdparty/collcachelib/coll_cache_lib/coll_cache/optimal_solver_class.cc:526] Connect Access To Storage...
[2022-12-07 10:14:53.  7558: W /samgraph/3rdparty/collcachelib/coll_cache_lib/coll_cache/optimal_solver_class.cc:530] Time...
[2022-12-07 10:18:13.457398: W /samgraph/3rdparty/collcachelib/coll_cache_lib/coll_cache/optimal_solver_class.cc:545] Coll Cache init block placement array
[2022-12-07 10:18:13.464375: W /samgraph/3rdparty/collcachelib/coll_cache_lib/coll_cache/optimal_solver_class.cc:621] Coll Cache init block placement array done
[2022-12-07 10:18:13.467379: W /samgraph/3rdparty/collcachelib/coll_cache_lib/coll_cache/optimal_solver_class.cc:623] Coll Cache model reset done
[2022-12-07 10:18:13.485993: E /samgraph/3rdparty/collcachelib/coll_cache_lib/facade.cc:124] solver solved
[2022-12-07 10:18:13.486061: E /samgraph/3rdparty/collcachelib/coll_cache_lib/facade.cc:188] 0 solved master
[2022-12-07 10:18:13.486118: E /samgraph/3rdparty/collcachelib/coll_cache_lib/facade.cc:195] 0 solved
[2022-12-07 10:18:13.486148: E /samgraph/3rdparty/collcachelib/coll_cache_lib/facade.cc:198] worker 0 thread 0 initing device 0
[2022-12-07 10:18:13.487684: E /samgraph/3rdparty/collcachelib/coll_cache_lib/cache_context.cu:1762] Building Coll Cache with ... num gpu device is 6
[2022-12-07 10:18:13.505489: E /samgraph/3rdparty/collcachelib/coll_cache_lib/facade.cc:195] 2 solved
[2022-12-07 10:18:13.505561: E /samgraph/3rdparty/collcachelib/coll_cache_lib/facade.cc:198] worker 2 thread 2 initing device 2
[2022-12-07 10:18:13.506684: E /samgraph/3rdparty/collcachelib/coll_cache_lib/facade.cc:[1952022-12-07 10:18:13] .1 solved506708
: E /samgraph/3rdparty/collcachelib/coll_cache_lib/facade.cc[:2022-12-07 10:18:13195.] 5067543 solved: 
E /samgraph/3rdparty/collcachelib/coll_cache_lib/facade.cc:[1982022-12-07 10:18:13] .worker 1 thread 1 initing device 1506783
: E /samgraph/3rdparty/collcachelib/coll_cache_lib/facade.cc:198] worker 3 thread 3 initing device 3
[2022-12-07 10:18:13.506967: E /samgraph/3rdparty/collcachelib/coll_cache_lib/cache_context.cu:1762] Building Coll Cache with ... num gpu device is 6
[2022-12-07 10:18:13.508842: E /samgraph/3rdparty/collcachelib/coll_cache_lib/cache_context.cu:1762] Building Coll Cache with ... num gpu device is 6
[2022-12-07 10:18:13.508946: E /samgraph/3rdparty/collcachelib/coll_cache_lib/cache_context.cu:1762] Building Coll Cache with ... num gpu device is 6
[[2022-12-07 10:18:132022-12-07 10:18:13..523517523517: : EE  /samgraph/3rdparty/collcachelib/coll_cache_lib/facade.cc/samgraph/3rdparty/collcachelib/coll_cache_lib/facade.cc::195195] ] 5 solved4 solved

[[2022-12-07 10:18:132022-12-07 10:18:13..523620523620: : EE  /samgraph/3rdparty/collcachelib/coll_cache_lib/facade.cc/samgraph/3rdparty/collcachelib/coll_cache_lib/facade.cc::198198] ] worker 4 thread 4 initing device 4worker 5 thread 5 initing device 5

[[2022-12-07 10:18:132022-12-07 10:18:13..525723525740: : EE  /samgraph/3rdparty/collcachelib/coll_cache_lib/cache_context.cu/samgraph/3rdparty/collcachelib/coll_cache_lib/cache_context.cu::17621762] ] Building Coll Cache with ... num gpu device is 6Building Coll Cache with ... num gpu device is 6

[2022-12-07 10:18:13.578327: W /samgraph/3rdparty/collcachelib/coll_cache_lib/cpu/cpu_device.cc:39] WORKER[0] alloc host memory 127.05 MB
[[[[[[2022-12-07 10:18:162022-12-07 10:18:162022-12-07 10:18:162022-12-07 10:18:162022-12-07 10:18:162022-12-07 10:18:16......511741511743511741511741511741511742: : : : : : EEEEEE      /samgraph/3rdparty/collcachelib/coll_cache_lib/cache_context.cu/samgraph/3rdparty/collcachelib/coll_cache_lib/cache_context.cu/samgraph/3rdparty/collcachelib/coll_cache_lib/cache_context.cu/samgraph/3rdparty/collcachelib/coll_cache_lib/cache_context.cu/samgraph/3rdparty/collcachelib/coll_cache_lib/cache_context.cu/samgraph/3rdparty/collcachelib/coll_cache_lib/cache_context.cu::::::187118711871187118711871] ] ] ] ] ] Device 1 init p2p of link 0Device 5 init p2p of link 0Device 2 init p2p of link 1Device 3 init p2p of link 4Device 4 init p2p of link 3Device 0 init p2p of link 1





[2022-12-07 10:18:16.534922: E /samgraph/3rdparty/collcachelib/coll_cache_lib/cache_context.cu:1871] Device 5 init p2p of link 3
[2022-12-07 10:18:16.537149: E /samgraph/3rdparty/collcachelib/coll_cache_lib/cache_context.cu:1871] Device 2 init p2p of link 0
[2022-12-07 10:18:16.537637: E /samgraph/3rdparty/collcachelib/coll_cache_lib/cache_context.cu:1871] Device 1 init p2p of link 2
[2022-12-07 10:18:16.538396: E /samgraph/3rdparty/collcachelib/coll_cache_lib/cache_context.cu:1871] Device 3 init p2p of link 5
[2022-12-07 10:18:16.538622: E /samgraph/3rdparty/collcachelib/coll_cache_lib/cache_context.cu:1871] Device 0 init p2p of link 5
[2022-12-07 10:18:16.538957: E /samgraph/3rdparty/collcachelib/coll_cache_lib/cache_context.cu:1871] Device 4 init p2p of link 2
[2022-12-07 10:18:16.549305: E /samgraph/3rdparty/collcachelib/coll_cache_lib/cache_context.cu:1871] Device 5 init p2p of link 4
[2022-12-07 10:18:16.559715: E /samgraph/3rdparty/collcachelib/coll_cache_lib/cache_context.cu:1871] Device 0 init p2p of link 2
[2022-12-07 10:18:16.560192: E /samgraph/3rdparty/collcachelib/coll_cache_lib/cache_context.cu:1871] Device 1 init p2p of link 3
[2022-12-07 10:18:16.561112: E /samgraph/3rdparty/collcachelib/coll_cache_lib/cache_context.cu:1871] Device 3 init p2p of link 1
[2022-12-07 10:18:16.563910: E /samgraph/3rdparty/collcachelib/coll_cache_lib/cache_context.cu:1871] Device 4 init p2p of link 5
[2022-12-07 10:18:16.567107: E /samgraph/3rdparty/collcachelib/coll_cache_lib/cache_context.cu:1871] Device 2 init p2p of link 4
[2022-12-07 10:18:16.573895: E /samgraph/3rdparty/collcachelib/coll_cache_lib/cache_context.cu:1900] Asymm Coll cache (policy: coll_cache_asymm_link) | local 33267521 / 111059956 nodes ( 29.95 %~30.00 %) | remote 62666903 / 111059956 nodes ( 56.43 %) | cpu 15125532 / 111059956 nodes ( 13.62 %) | 15.87 GB | 3.04808 secs 
[2022-12-07 10:18:16.601381: E /samgraph/3rdparty/collcachelib/coll_cache_lib/cache_context.cu:1900] Asymm Coll cache (policy: coll_cache_asymm_link) | local 33300838 / 111059956 nodes ( 29.98 %~30.00 %) | remote 62633586 / 111059956 nodes ( 56.40 %) | cpu 15125532 / 111059956 nodes ( 13.62 %) | 15.88 GB | 3.09249 secs 
[2022-12-07 10:18:16.601925: E /samgraph/3rdparty/collcachelib/coll_cache_lib/cache_context.cu:1900] Asymm Coll cache (policy: coll_cache_asymm_link) | local 33297516 / 111059956 nodes ( 29.98 %~30.00 %) | remote 62636908 / 111059956 nodes ( 56.40 %) | cpu 15125532 / 111059956 nodes ( 13.62 %) | 15.88 GB | 3.09293 secs 
[2022-12-07 10:18:16.602467: E /samgraph/3rdparty/collcachelib/coll_cache_lib/cache_context.cu:1900] Asymm Coll cache (policy: coll_cache_asymm_link) | local 33305153 / 111059956 nodes ( 29.99 %~30.00 %) | remote 62629271 / 111059956 nodes ( 56.39 %) | cpu 15125532 / 111059956 nodes ( 13.62 %) | 15.89 GB | 3.11474 secs 
[2022-12-07 10:18:16.603000: E /samgraph/3rdparty/collcachelib/coll_cache_lib/cache_context.cu:1900] Asymm Coll cache (policy: coll_cache_asymm_link) | local 33240159 / 111059956 nodes ( 29.93 %~30.00 %) | remote 62694265 / 111059956 nodes ( 56.45 %) | cpu 15125532 / 111059956 nodes ( 13.62 %) | 15.86 GB | 3.09599 secs 
[2022-12-07 10:18:16.603543: E /samgraph/3rdparty/collcachelib/coll_cache_lib/cache_context.cu:1900] Asymm Coll cache (policy: coll_cache_asymm_link) | local 33311474 / 111059956 nodes ( 29.99 %~30.00 %) | remote 62622950 / 111059956 nodes ( 56.39 %) | cpu 15125532 / 111059956 nodes ( 13.62 %) | 15.89 GB | 3.07773 secs 
[2022-12-07 10:18:16.603638: W /samgraph/3rdparty/collcachelib/coll_cache_lib/cache_context.cu:2004] before create ctx, mem is 18.09 GB
[2022-12-07 10:18:18.225752: W /samgraph/3rdparty/collcachelib/coll_cache_lib/cache_context.cu:2010] after create ctx, mem is 18.56 GB
[2022-12-07 10:18:18.226024: W /samgraph/3rdparty/collcachelib/coll_cache_lib/cache_context.cu:2017] after create stream, mem is 18.56 GB
[2022-12-07 10:18:18.226696: W /samgraph/3rdparty/collcachelib/coll_cache_lib/cache_context.cu:2004] before create ctx, mem is 18.56 GB
[2022-12-07 10:18:19.839111: W /samgraph/3rdparty/collcachelib/coll_cache_lib/cache_context.cu:2010] after create ctx, mem is 19.02 GB
[2022-12-07 10:18:19.839426: W /samgraph/3rdparty/collcachelib/coll_cache_lib/cache_context.cu:2017] after create stream, mem is 19.02 GB
[2022-12-07 10:18:19.840030: W /samgraph/3rdparty/collcachelib/coll_cache_lib/cache_context.cu:2004] before create ctx, mem is 19.02 GB
[2022-12-07 10:18:21.571735: W /samgraph/3rdparty/collcachelib/coll_cache_lib/cache_context.cu:2010] after create ctx, mem is 19.42 GB
[2022-12-07 10:18:21.572268: W /samgraph/3rdparty/collcachelib/coll_cache_lib/cache_context.cu:2017] after create stream, mem is 19.42 GB
[2022-12-07 10:18:21.573921: W /samgraph/3rdparty/collcachelib/coll_cache_lib/cache_context.cu:2004] before create ctx, mem is 19.42 GB
[2022-12-07 10:18:23.501463: W /samgraph/3rdparty/collcachelib/coll_cache_lib/cache_context.cu:2010] after create ctx, mem is 20.06 GB
[2022-12-07 10:18:23.502202: W /samgraph/3rdparty/collcachelib/coll_cache_lib/cache_context.cu:2017] after create stream, mem is 20.06 GB
[2022-12-07 10:18:23.502869: W /samgraph/3rdparty/collcachelib/coll_cache_lib/cache_context.cu:2004] before create ctx, mem is 20.06 GB
[2022-12-07 10:18:25.379103: W /samgraph/3rdparty/collcachelib/coll_cache_lib/cache_context.cu:2010] after create ctx, mem is 20.43 GB
[2022-12-07 10:18:25.379231: W /samgraph/3rdparty/collcachelib/coll_cache_lib/cache_context.cu:2017] after create stream, mem is 20.43 GB
[2022-12-07 10:18:40.830024: W /samgraph/samgraph/common/cuda/cuda_device.cc:49] GPU[0] alloc cuda memory 22.31 MB
[2022-12-07 10:18:40.831929: W /samgraph/samgraph/common/cuda/cuda_device.cc:49] GPU[0] alloc cuda memory 26.80 MB
[2022-12-07 10:18:40.833773: W /samgraph/samgraph/common/cuda/cuda_device.cc:49] GPU[0] alloc cuda memory 26.80 MB
[2022-12-07 10:18:40.852149: W /samgraph/samgraph/common/cuda/cuda_device.cc:49] GPU[0] alloc cuda memory 2.23 GB
[2022-12-07 10:18:40.853741: W /samgraph/samgraph/common/cuda/cuda_device.cc:49] GPU[0] alloc cuda memory 22.31 MB
[2022-12-07 10:18:40.855316: W /samgraph/samgraph/common/cuda/cuda_device.cc:49] GPU[0] alloc cuda memory 44.62 MB
[2022-12-07 10:18:40.856933: W /samgraph/samgraph/common/cuda/cuda_device.cc:49] GPU[0] alloc cuda memory 22.31 MB
[2022-12-07 10:18:40.858502: W /samgraph/samgraph/common/cuda/cuda_device.cc:49] GPU[0] alloc cuda memory 44.62 MB
[2022-12-07 10:18:42.386588: W /samgraph/samgraph/common/cuda/cuda_device.cc:49] GPU[0] alloc cuda memory 20.45 MB
[2022-12-07 10:18:42.388535: W /samgraph/samgraph/common/cuda/cuda_device.cc:49] GPU[0] alloc cuda memory 24.35 MB
[2022-12-07 10:18:42.390383: W /samgraph/samgraph/common/cuda/cuda_device.cc:49] GPU[0] alloc cuda memory 24.35 MB
[2022-12-07 10:18:42.412755: W /samgraph/samgraph/common/cuda/cuda_device.cc:49] GPU[0] alloc cuda memory 2.23 GB
[2022-12-07 10:18:42.414546: W /samgraph/samgraph/common/cuda/cuda_device.cc:49] GPU[0] alloc cuda memory 20.45 MB
[2022-12-07 10:18:42.415801: W /samgraph/samgraph/common/cuda/cuda_device.cc:49] GPU[0] alloc cuda memory 40.89 MB
/usr/local/lib/python3.8/dist-packages/torch/nn/parallel/scatter_gather.py:9: UserWarning: is_namedtuple is deprecated, please use the python checks instead
  warnings.warn("is_namedtuple is deprecated, please use the python checks instead")
/usr/local/lib/python3.8/dist-packages/torch/nn/parallel/scatter_gather.py:9: UserWarning: is_namedtuple is deprecated, please use the python checks instead
  warnings.warn("is_namedtuple is deprecated, please use the python checks instead")
/usr/local/lib/python3.8/dist-packages/torch/nn/parallel/scatter_gather.py:9: UserWarning: is_namedtuple is deprecated, please use the python checks instead
  warnings.warn("is_namedtuple is deprecated, please use the python checks instead")
/usr/local/lib/python3.8/dist-packages/torch/nn/parallel/scatter_gather.py:9: UserWarning: is_namedtuple is deprecated, please use the python checks instead
  warnings.warn("is_namedtuple is deprecated, please use the python checks instead")
/usr/local/lib/python3.8/dist-packages/torch/nn/parallel/scatter_gather.py:9: UserWarning: is_namedtuple is deprecated, please use the python checks instead
  warnings.warn("is_namedtuple is deprecated, please use the python checks instead")
/usr/local/lib/python3.8/dist-packages/torch/nn/parallel/scatter_gather.py:9: UserWarning: is_namedtuple is deprecated, please use the python checks instead
  warnings.warn("is_namedtuple is deprecated, please use the python checks instead")
