[2022-12-06 19:22:29.991839: W /samgraph/samgraph/common/cpu/mmap_cpu_device.cc:92] mmap allocating space 12.03 GB
[2022-12-06 19:22:29.991940: W /samgraph/samgraph/common/cpu/mmap_cpu_device.cc:97] mmap allocating space 12.03 GB done
[2022-12-06 19:22:36.745699: W /samgraph/samgraph/common/cpu/mmap_cpu_device.cc:92] mmap allocating space 52.96 GB
[2022-12-06 19:22:36.745785: W /samgraph/samgraph/common/cpu/mmap_cpu_device.cc:97] mmap allocating space 52.96 GB done
[2022-12-06 19:22:37.210509: W /samgraph/samgraph/common/cpu/cpu_device.cc:39] WORKER[0] alloc host memory 12.03 GB
[2022-12-06 19:22:39.226086: E /samgraph/samgraph/common/engine.cc:272] Train set size 30.58 MB
[2022-12-06 19:22:39.226964: W /samgraph/samgraph/common/cpu/mmap_cpu_device.cc:92] mmap allocating space 293.56 GB
[2022-12-06 19:22:39.227001: W /samgraph/samgraph/common/cpu/mmap_cpu_device.cc:97] mmap allocating space 293.56 GB done
/usr/lib/python3/dist-packages/requests/__init__.py:89: RequestsDependencyWarning: urllib3 (1.26.12) or chardet (3.0.4) doesn't match a supported version!
  warnings.warn("urllib3 ({}) or chardet ({}) doesn't match a supported "
[2022-12-06 19:22:39.873146: W /samgraph/samgraph/common/dist/dist_engine.cc:662] Trainer[0] initializing...
[2022-12-06 19:22:39.948137: W /samgraph/samgraph/common/dist/dist_engine.cc:662] Trainer[1] initializing...
[2022-12-06 19:22:40. 65387: W /samgraph/samgraph/common/dist/dist_engine.cc:662] Trainer[2] initializing...
[2022-12-06 19:22:40. 99411: W /samgraph/samgraph/common/dist/dist_engine.cc:662] Trainer[3] initializing...
[2022-12-06 19:22:40.206443: W /samgraph/samgraph/common/dist/dist_engine.cc:662] Trainer[4] initializing...
[2022-12-06 19:22:40.273366: W /samgraph/samgraph/common/dist/dist_engine.cc:662] Trainer[5] initializing...
[2022-12-06 19:22:42. 17998: W /samgraph/samgraph/common/dist/dist_engine.cc:666] Trainer[0] pin memory queue...
[2022-12-06 19:22:42. 23274: W /samgraph/samgraph/common/dist/dist_engine.cc:666] Trainer[1] pin memory queue...
[2022-12-06 19:22:42. 58590: W /samgraph/samgraph/common/dist/dist_engine.cc:666] Trainer[2] pin memory queue...
[2022-12-06 19:22:42. 99028: W /samgraph/samgraph/common/dist/dist_engine.cc:666] Trainer[3] pin memory queue...
[2022-12-06 19:22:42.119244: W /samgraph/samgraph/common/dist/dist_engine.cc:666] Trainer[4] pin memory queue...
[2022-12-06 19:22:42.133815: W /samgraph/samgraph/common/dist/dist_engine.cc:666] Trainer[5] pin memory queue...
[2022-12-06 19:25:16.621682: E /samgraph/samgraph/common/dist/dist_engine.cc[:2022-12-06 19:25:1685.] 621763Running on V100: 
E /samgraph/samgraph/common/dist/dist_engine.cc:85] Running on V100
[2022-12-06 19:25:16.621900: E /samgraph/samgraph/common/dist/dist_engine.cc:85] Running on V100
[2022-12-06 19:25:16.622859: E /samgraph/samgraph/common/dist/dist_engine.cc:85] Running on V100
[2022-12-06 19:25:16.622915: W[ 2022-12-06 19:25:16/samgraph/samgraph/common/dist/dist_engine.cc.:622950701: ] WTrainer[3] register host memory... 
/samgraph/samgraph/common/dist/dist_engine.cc:701] Trainer[5] register host memory...
[2022-12-06 19:25:16.623070: W /samgraph/samgraph/common/dist/dist_engine.cc:701] Trainer[1] register host memory...
[2022-12-06 19:25:16.624258: W /samgraph/samgraph/common/dist/dist_engine.cc:701] Trainer[2] register host memory...
[2022-12-06 19:25:16.653767: E /samgraph/samgraph/common/dist/dist_engine.cc:85] Running on V100
[2022-12-06 19:25:16.654295: W /samgraph/samgraph/common/dist/dist_engine.cc:701] Trainer[0] register host memory...
[2022-12-06 19:25:16.725121: E /samgraph/samgraph/common/dist/dist_engine.cc:85] Running on V100
[2022-12-06 19:25:16.725233: W /samgraph/samgraph/common/dist/dist_engine.cc:701] Trainer[4] register host memory...
[2022-12-06 19:25:16.946040: E /samgraph/samgraph/common/dist/dist_engine.cc:85] Running on V100
[2022-12-06 19:25:16.946308: E /samgraph/samgraph/common/dist/dist_engine.cc:85] Running on V100
[2022-12-06 19:25:16.946464: W /samgraph/samgraph/common/cpu/cpu_device.cc:39] WORKER[0] alloc host memory 30.58 MB
[2022-12-06 19:25:16.968782: W /samgraph/samgraph/common/cuda/cuda_device.cc:49] GPU[6] alloc cuda memory 423.66 MB
[2022-12-06 19:25:17. 78701: W /samgraph/samgraph/common/cuda/cuda_device.cc:49] GPU[6] alloc cuda memory 12.03 GB
[2022-12-06 19:25:19.702194: W /samgraph/samgraph/common/cpu/cpu_device.cc:39] WORKER[0] alloc host memory 38.23 MB
[2022-12-06 19:25:19.725770: W /samgraph/samgraph/common/cuda/cuda_device.cc:49] GPU[6] alloc cuda memory 19.12 MB
[2022-12-06 19:25:19.726394: W /samgraph/samgraph/common/cuda/cuda_device.cc:49] GPU[6] alloc cuda memory 256.00 MB
[2022-12-06 19:25:19.726680: W /samgraph/samgraph/common/cuda/cuda_device.cc:49] GPU[6] alloc cuda memory 26.18 MB
[2022-12-06 19:25:19.727395: W /samgraph/samgraph/common/cuda/cuda_device.cc:49] GPU[6] alloc cuda memory 28.56 MB
[2022-12-06 19:25:19.728432: W /samgraph/samgraph/common/cpu/cpu_device.cc:39] WORKER[0] alloc host memory 38.23 MB
[2022-12-06 19:25:19.751115: E /samgraph/samgraph/common/dist/pre_sampler.cc:41] Dist Presampler making shuffler...
[2022-12-06 19:25:19.751182: W /samgraph/samgraph/common/cpu/cpu_device.cc:39] WORKER[0] alloc host memory 38.23 MB
[2022-12-06 19:25:19.774814: W /samgraph/samgraph/common/cuda/cuda_device.cc:49] GPU[6] alloc cuda memory 38.23 MB
[2022-12-06 19:25:19.774866: E /samgraph/samgraph/common/dist/pre_sampler.cc:44] Dist Presampler making shuffler...Done
[2022-12-06 19:25:19.774894: W /samgraph/samgraph/common/cpu/cpu_device.cc:39] WORKER[0] alloc host memory 847.32 MB
[2022-12-06 19:25:20.139504: E /samgraph/samgraph/common/dist/pre_sampler.cc:85] Dist Presampler doing presample epoch 0
[2022-12-06 19:25:20.430135: W /samgraph/samgraph/common/cuda/cuda_device.cc:49] GPU[6] alloc cuda memory 27.24 MB
[2022-12-06 19:25:20.430472: W /samgraph/samgraph/common/cuda/cuda_device.cc:49] GPU[6] alloc cuda memory 27.24 MB
[2022-12-06 19:25:20.430773: W /samgraph/samgraph/common/cuda/cuda_device.cc:49] GPU[6] alloc cuda memory 27.24 MB
[2022-12-06 19:25:20.431058: W /samgraph/samgraph/common/cuda/cuda_device.cc:49] GPU[6] alloc cuda memory 27.24 MB
[2022-12-06 19:25:20.451256: W /samgraph/samgraph/common/cuda/cuda_device.cc:49] GPU[6] alloc cuda memory 24.28 MB
[2022-12-06 19:25:20.453416: W /samgraph/samgraph/common/cpu/cpu_device.cc:39] WORKER[0] alloc host memory 20.37 MB
[2022-12-06 19:26:17.239930: E /samgraph/samgraph/common/dist/pre_sampler.cc:129] presample spend 23.2078 on sample, 1.39727 on copy, 32.4796 on count
[2022-12-06 19:26:17.240026: E /samgraph/samgraph/common/dist/pre_sampler.cc:85] Dist Presampler doing presample epoch 1
[2022-12-06 19:27:14.533000: E /samgraph/samgraph/common/dist/pre_sampler.cc:129] presample spend 46.4044 on sample, 2.78516 on copy, 65.1732 on count
[2022-12-06 19:27:14.533126: E /samgraph/samgraph/common/dist/pre_sampler.cc:136] max_num_inputs = 4310041, min_num_inputs = 4241948
[2022-12-06 19:27:14.775160: E /samgraph/samgraph/common/dist/pre_sampler.cc:148] presample spend 0.241923 on sort freq.
[2022-12-06 19:27:15.168685: E /samgraph/samgraph/common/dist/dist_engine.cc:524] pre sample done, delete it
[[[[2022-12-06 19:27:152022-12-06 19:27:152022-12-06 19:27:152022-12-06 19:27:15...[.195382195388[1953952022-12-06 19:27:15195390: : 2022-12-06 19:27:15: .: WW.W195429W  195429 :  /samgraph/samgraph/common/dist/dist_engine.cc/samgraph/samgraph/common/dist/dist_engine.cc: /samgraph/samgraph/common/dist/dist_engine.ccW/samgraph/samgraph/common/dist/dist_engine.cc::W: :711711 711/samgraph/samgraph/common/dist/dist_engine.cc711] ] /samgraph/samgraph/common/dist/dist_engine.cc] :] Trainer[3] building cache...Trainer[5] building cache...:Trainer[4] building cache...711Trainer[1] building cache...

711
] 
] Trainer[0] building cache...Trainer[2] building cache...

[[[2022-12-06 19:27:152022-12-06 19:27:152022-12-06 19:27:15...198437198437198436: : : [EEE2022-12-06 19:27:15  [[ ./samgraph/3rdparty/collcachelib/coll_cache_lib/run_config.cc/samgraph/3rdparty/collcachelib/coll_cache_lib/run_config.cc2022-12-06 19:27:152022-12-06 19:27:15/samgraph/3rdparty/collcachelib/coll_cache_lib/run_config.cc198475::..:: 134134198489198488134E] ] : : ]  using concurrent impl MPSusing concurrent impl MPSEEusing concurrent impl MPS/samgraph/3rdparty/collcachelib/coll_cache_lib/run_config.cc

  
:/samgraph/3rdparty/collcachelib/coll_cache_lib/run_config.cc/samgraph/3rdparty/collcachelib/coll_cache_lib/run_config.cc134::] 134134using concurrent impl MPS] ] 
using concurrent impl MPSusing concurrent impl MPS

[2022-12-06 19:27:15.201755: E /samgraph/3rdparty/collcachelib/coll_cache_lib/coll_cache/asymm_link_desc.cc:196] build asymm link desc with 6X Tesla V100-SXM2-32GB out of 8
[[2022-12-06 19:27:152022-12-06 19:27:15..201798201804: : EE  /samgraph/3rdparty/collcachelib/coll_cache_lib/coll_cache/asymm_link_desc.cc/samgraph/3rdparty/collcachelib/coll_cache_lib/coll_cache/asymm_link_desc.cc::196197] ] build asymm link desc with 6X Tesla V100-SXM2-32GB out of 8remote time is 8.68421
[
2022-12-06 19:27:15.201843: [[E2022-12-06 19:27:152022-12-06 19:27:15 ../samgraph/3rdparty/collcachelib/coll_cache_lib/coll_cache/asymm_link_desc.cc201863201864:: : 196EE]  [ build asymm link desc with 6X Tesla V100-SXM2-32GB out of 8/samgraph/3rdparty/collcachelib/coll_cache_lib/coll_cache/asymm_link_desc.cc2022-12-06 19:27:15/samgraph/3rdparty/collcachelib/coll_cache_lib/coll_cache/asymm_link_desc.cc
:.:198201893197] : ] [cpu time is 30Eremote time is 8.684212022-12-06 19:27:15
 
./samgraph/3rdparty/collcachelib/coll_cache_lib/coll_cache/asymm_link_desc.cc201929:: [196E2022-12-06 19:27:15]  .build asymm link desc with 6X Tesla V100-SXM2-32GB out of 8/samgraph/3rdparty/collcachelib/coll_cache_lib/coll_cache/asymm_link_desc.cc201954
:: 197E]  remote time is 8.68421/samgraph/3rdparty/collcachelib/coll_cache_lib/coll_cache/asymm_link_desc.cc[[
:2022-12-06 19:27:152022-12-06 19:27:15198.[.] 2019882022-12-06 19:27:15201982cpu time is 30: .[: 
E2020102022-12-06 19:27:15E : . /samgraph/3rdparty/collcachelib/coll_cache_lib/coll_cache/asymm_link_desc.ccE202029/samgraph/3rdparty/collcachelib/coll_cache_lib/coll_cache/asymm_link_desc.cc: : :197/samgraph/3rdparty/collcachelib/coll_cache_lib/coll_cache/asymm_link_desc.ccE196] : ] remote time is 8.68421198/samgraph/3rdparty/collcachelib/coll_cache_lib/coll_cache/asymm_link_desc.ccbuild asymm link desc with 6X Tesla V100-SXM2-32GB out of 8
] :
cpu time is 30196[
] 2022-12-06 19:27:15[build asymm link desc with 6X Tesla V100-SXM2-32GB out of 8.2022-12-06 19:27:15
202158.: 202178E: [ E2022-12-06 19:27:15/samgraph/3rdparty/collcachelib/coll_cache_lib/coll_cache/asymm_link_desc.cc .:/samgraph/3rdparty/collcachelib/coll_cache_lib/coll_cache/asymm_link_desc.cc202213198:: ] 197Ecpu time is 30]  
remote time is 8.68421/samgraph/3rdparty/collcachelib/coll_cache_lib/coll_cache/asymm_link_desc.cc
:197] remote time is 8.68421[
2022-12-06 19:27:15.202302: [E2022-12-06 19:27:15 ./samgraph/3rdparty/collcachelib/coll_cache_lib/coll_cache/asymm_link_desc.cc202313:: 198E]  cpu time is 30/samgraph/3rdparty/collcachelib/coll_cache_lib/coll_cache/asymm_link_desc.cc
:198] cpu time is 30
[2022-12-06 19:27:39.319909: E /samgraph/3rdparty/collcachelib/coll_cache_lib/facade.cc:115] solver created. now build & solve
[2022-12-06 19:27:39.364064: E /samgraph/3rdparty/collcachelib/coll_cache_lib/facade.cc:120] solver built. now solve
[2022-12-06 19:27:39.364124: E /samgraph/3rdparty/collcachelib/coll_cache_lib/coll_cache/optimal_solver_class.cc:895] num_cached_nodes = 33317986
[2022-12-06 19:27:40.746644: E /samgraph/3rdparty/collcachelib/coll_cache_lib/facade.cc:124] solver solved
[2022-12-06 19:27:40.746748: E /samgraph/3rdparty/collcachelib/coll_cache_lib/facade.cc:187] 0 solved master
[2022-12-06 19:27:40.746796: E /samgraph/3rdparty/collcachelib/coll_cache_lib/facade.cc:194] 0 solved
[2022-12-06 19:27:40.746823: E /samgraph/3rdparty/collcachelib/coll_cache_lib/facade.cc:197] worker 0 thread 0 initing device 0
[2022-12-06 19:27:40.763709: E /samgraph/3rdparty/collcachelib/coll_cache_lib/facade.cc:194] 2 solved
[2022-12-06 19:27:40.763763: E /samgraph/3rdparty/collcachelib/coll_cache_lib/facade.cc:197] worker 2 thread 2 initing device 2
[2022-12-06 19:27:40.764037: E /samgraph/3rdparty/collcachelib/coll_cache_lib/facade.cc:194] 4 solved
[2022-12-06 19:27:40.764103: E /samgraph/3rdparty/collcachelib/coll_cache_lib/facade.cc:197] worker 4 thread 4 initing device 4
[2022-12-06 19:27:40.764261: E /samgraph/3rdparty/collcachelib/coll_cache_lib/facade.cc:194] 5 solved
[2022-12-06 19:27:40.764311: E /samgraph/3rdparty/collcachelib/coll_cache_lib/facade.cc:197] worker 5 thread 5 initing device 5
[2022-12-06 19:27:40.764317: E /samgraph/3rdparty/collcachelib/coll_cache_lib/facade.cc:194] 3 solved
[2022-12-06 19:27:40.764391: E /samgraph/3rdparty/collcachelib/coll_cache_lib/facade.cc:197] worker 3 thread 3 initing device 3
[2022-12-06 19:27:40.764404: E /samgraph/3rdparty/collcachelib/coll_cache_lib/facade.cc:194] 1 solved
[2022-12-06 19:27:40.764464: E /samgraph/3rdparty/collcachelib/coll_cache_lib/facade.cc:197] worker 1 thread 1 initing device 1
[2022-12-06 19:27:43.710657: E /samgraph/3rdparty/collcachelib/coll_cache_lib/cache_context.cu:1740] Collaborative GPU cache (policy: rep_cache) | local 33317986 / 111059956 nodes ( 30.00 %~30.00 %) | remote 0 / 111059956 nodes ( 0.00 %) | cpu 77741970 / 111059956 nodes ( 70.00 %) | 15.89 GB | 2.94297 secs 
[2022-12-06 19:27:43.711578: E /samgraph/3rdparty/collcachelib/coll_cache_lib/cache_context.cu:1740] Collaborative GPU cache (policy: rep_cache) | local 33317986 / 111059956 nodes ( 30.00 %~30.00 %) | remote 0 / 111059956 nodes ( 0.00 %) | cpu 77741970 / 111059956 nodes ( 70.00 %) | 15.89 GB | 2.94397 secs 
[2022-12-06 19:27:43.712292: E /samgraph/3rdparty/collcachelib/coll_cache_lib/cache_context.cu:1740] Collaborative GPU cache (policy: rep_cache) | local 33317986 / 111059956 nodes ( 30.00 %~30.00 %) | remote 0 / 111059956 nodes ( 0.00 %) | cpu 77741970 / 111059956 nodes ( 70.00 %) | 15.89 GB | 2.94445 secs 
[2022-12-06 19:27:43.713237: E /samgraph/3rdparty/collcachelib/coll_cache_lib/cache_context.cu:1740] Collaborative GPU cache (policy: rep_cache) | local 33317986 / 111059956 nodes ( 30.00 %~30.00 %) | remote 0 / 111059956 nodes ( 0.00 %) | cpu 77741970 / 111059956 nodes ( 70.00 %) | 15.89 GB | 2.96531 secs 
[2022-12-06 19:27:43.714419: E /samgraph/3rdparty/collcachelib/coll_cache_lib/cache_context.cu:1740] Collaborative GPU cache (policy: rep_cache) | local 33317986 / 111059956 nodes ( 30.00 %~30.00 %) | remote 0 / 111059956 nodes ( 0.00 %) | cpu 77741970 / 111059956 nodes ( 70.00 %) | 15.89 GB | 2.94806 secs 
[2022-12-06 19:27:43.714967: E /samgraph/3rdparty/collcachelib/coll_cache_lib/cache_context.cu[:2022-12-06 19:27:431740.] 714975Collaborative GPU cache (policy: rep_cache) | local 33317986 / 111059956 nodes ( 30.00 %~30.00 %) | remote 0 / 111059956 nodes ( 0.00 %) | cpu 77741970 / 111059956 nodes ( 70.00 %) | 15.89 GB | 2.94977 secs : 
W /samgraph/3rdparty/collcachelib/coll_cache_lib/cache_context.cu:2004] before create ctx, mem is 18.09 GB
[2022-12-06 19:27:45.431367: W /samgraph/3rdparty/collcachelib/coll_cache_lib/cache_context.cu:2010] after create ctx, mem is 18.56 GB
[2022-12-06 19:27:45.431745: W /samgraph/3rdparty/collcachelib/coll_cache_lib/cache_context.cu:2017] after create stream, mem is 18.56 GB
[2022-12-06 19:27:45.432756: W /samgraph/3rdparty/collcachelib/coll_cache_lib/cache_context.cu:2004] before create ctx, mem is 18.56 GB
[2022-12-06 19:27:47. 11640: W /samgraph/3rdparty/collcachelib/coll_cache_lib/cache_context.cu:2010] after create ctx, mem is 19.02 GB
[2022-12-06 19:27:47. 34527: W /samgraph/3rdparty/collcachelib/coll_cache_lib/cache_context.cu:2017] after create stream, mem is 19.02 GB
[2022-12-06 19:27:47. 35506: W /samgraph/3rdparty/collcachelib/coll_cache_lib/cache_context.cu:2004] before create ctx, mem is 19.02 GB
[2022-12-06 19:27:48.811155: W /samgraph/3rdparty/collcachelib/coll_cache_lib/cache_context.cu:2010] after create ctx, mem is 19.42 GB
[2022-12-06 19:27:48.811446: W /samgraph/3rdparty/collcachelib/coll_cache_lib/cache_context.cu:2017] after create stream, mem is 19.42 GB
[2022-12-06 19:27:48.812054: W /samgraph/3rdparty/collcachelib/coll_cache_lib/cache_context.cu:2004] before create ctx, mem is 19.42 GB
[2022-12-06 19:27:50.572706: W /samgraph/3rdparty/collcachelib/coll_cache_lib/cache_context.cu:2010] after create ctx, mem is 20.06 GB
[2022-12-06 19:27:50.572945: W /samgraph/3rdparty/collcachelib/coll_cache_lib/cache_context.cu:2017] after create stream, mem is 20.06 GB
[2022-12-06 19:27:50.573960: W /samgraph/3rdparty/collcachelib/coll_cache_lib/cache_context.cu:2004] before create ctx, mem is 20.06 GB
[2022-12-06 19:27:52.263629: W /samgraph/3rdparty/collcachelib/coll_cache_lib/cache_context.cu:2010] after create ctx, mem is 20.43 GB
[2022-12-06 19:27:52.263753: W /samgraph/3rdparty/collcachelib/coll_cache_lib/cache_context.cu:2017] after create stream, mem is 20.43 GB
[2022-12-06 19:28:07.786985: W /samgraph/samgraph/common/cuda/cuda_device.cc:49] GPU[0] alloc cuda memory 22.23 MB
[2022-12-06 19:28:07.789076: W /samgraph/samgraph/common/cuda/cuda_device.cc:49] GPU[0] alloc cuda memory 26.68 MB
[2022-12-06 19:28:07.791256: W /samgraph/samgraph/common/cuda/cuda_device.cc:49] GPU[0] alloc cuda memory 26.68 MB
[2022-12-06 19:28:07.809371: W /samgraph/samgraph/common/cuda/cuda_device.cc:49] GPU[0] alloc cuda memory 2.22 GB
[2022-12-06 19:28:07.811052: W /samgraph/samgraph/common/cuda/cuda_device.cc:49] GPU[0] alloc cuda memory 22.23 MB
[2022-12-06 19:28:07.812705: W /samgraph/samgraph/common/cuda/cuda_device.cc:49] GPU[0] alloc cuda memory 44.45 MB
[2022-12-06 19:28:07.814302: W /samgraph/samgraph/common/cuda/cuda_device.cc:49] GPU[0] alloc cuda memory 22.23 MB
[2022-12-06 19:28:07.815996: W /samgraph/samgraph/common/cuda/cuda_device.cc:49] GPU[0] alloc cuda memory 44.45 MB
[2022-12-06 19:28:09.540502: W /samgraph/samgraph/common/cuda/cuda_device.cc:49] GPU[0] alloc cuda memory 20.35 MB
[2022-12-06 19:28:09.542332: W /samgraph/samgraph/common/cuda/cuda_device.cc:49] GPU[0] alloc cuda memory 24.23 MB
[2022-12-06 19:28:09.544635: W /samgraph/samgraph/common/cuda/cuda_device.cc:49] GPU[0] alloc cuda memory 24.23 MB
[2022-12-06 19:28:09.566509: W /samgraph/samgraph/common/cuda/cuda_device.cc:49] GPU[0] alloc cuda memory 2.22 GB
[2022-12-06 19:28:09.568249: W /samgraph/samgraph/common/cuda/cuda_device.cc:49] GPU[0] alloc cuda memory 20.35 MB
[2022-12-06 19:28:09.569757: W /samgraph/samgraph/common/cuda/cuda_device.cc:49] GPU[0] alloc cuda memory 40.69 MB
/usr/local/lib/python3.8/dist-packages/torch/nn/parallel/scatter_gather.py:9: UserWarning: is_namedtuple is deprecated, please use the python checks instead
  warnings.warn("is_namedtuple is deprecated, please use the python checks instead")
/usr/local/lib/python3.8/dist-packages/torch/nn/parallel/scatter_gather.py:9: UserWarning: is_namedtuple is deprecated, please use the python checks instead
  warnings.warn("is_namedtuple is deprecated, please use the python checks instead")
/usr/local/lib/python3.8/dist-packages/torch/nn/parallel/scatter_gather.py:9: UserWarning: is_namedtuple is deprecated, please use the python checks instead
  warnings.warn("is_namedtuple is deprecated, please use the python checks instead")
/usr/local/lib/python3.8/dist-packages/torch/nn/parallel/scatter_gather.py:9: UserWarning: is_namedtuple is deprecated, please use the python checks instead
  warnings.warn("is_namedtuple is deprecated, please use the python checks instead")
/usr/local/lib/python3.8/dist-packages/torch/nn/parallel/scatter_gather.py:9: UserWarning: is_namedtuple is deprecated, please use the python checks instead
  warnings.warn("is_namedtuple is deprecated, please use the python checks instead")
/usr/local/lib/python3.8/dist-packages/torch/nn/parallel/scatter_gather.py:9: UserWarning: is_namedtuple is deprecated, please use the python checks instead
  warnings.warn("is_namedtuple is deprecated, please use the python checks instead")
