[2022-12-08 18:16:46.748212: W /samgraph/samgraph/common/cpu/mmap_cpu_device.cc:92] mmap allocating space 12.87 GB
[2022-12-08 18:16:46.748318: W /samgraph/samgraph/common/cpu/mmap_cpu_device.cc:97] mmap allocating space 12.87 GB done
[2022-12-08 18:16:54.131740: W /samgraph/samgraph/common/cpu/mmap_cpu_device.cc:92] mmap allocating space 48.00 GB
[2022-12-08 18:16:54.131834: W /samgraph/samgraph/common/cpu/mmap_cpu_device.cc:97] mmap allocating space 48.00 GB done
[2022-12-08 18:16:54.131870: W /samgraph/samgraph/common/cpu/mmap_cpu_device.cc:92] mmap allocating space 1.82 GB
[2022-12-08 18:16:54.131903: W /samgraph/samgraph/common/cpu/mmap_cpu_device.cc:97] mmap allocating space 1.82 GB done
[2022-12-08 18:16:54.131960: W /samgraph/samgraph/common/cpu/cpu_device.cc:39] WORKER[0] alloc host memory 12.87 GB
[2022-12-08 18:16:55.343730: E /samgraph/samgraph/common/engine.cc:272] Train set size 3.82 MB
[2022-12-08 18:16:55.344587: W /samgraph/samgraph/common/cpu/mmap_cpu_device.cc:92] mmap allocating space 293.56 GB
[2022-12-08 18:16:55.344624: W /samgraph/samgraph/common/cpu/mmap_cpu_device.cc:97] mmap allocating space 293.56 GB done
/usr/lib/python3/dist-packages/requests/__init__.py:89: RequestsDependencyWarning: urllib3 (1.26.12) or chardet (3.0.4) doesn't match a supported version!
  warnings.warn("urllib3 ({}) or chardet ({}) doesn't match a supported "
[2022-12-08 18:16:55.990325: W /samgraph/samgraph/common/dist/dist_engine.cc:662] Trainer[0] initializing...
[2022-12-08 18:16:56. 53482: W /samgraph/samgraph/common/dist/dist_engine.cc:662] Trainer[1] initializing...
[2022-12-08 18:16:56.231199: W /samgraph/samgraph/common/dist/dist_engine.cc:662] Trainer[3] initializing...
[2022-12-08 18:16:56.236342: W /samgraph/samgraph/common/dist/dist_engine.cc:662] Trainer[2] initializing...
[2022-12-08 18:16:56.348206: W /samgraph/samgraph/common/dist/dist_engine.cc:662] Trainer[4] initializing...
[2022-12-08 18:16:56.377135: W /samgraph/samgraph/common/dist/dist_engine.cc:662] Trainer[5] initializing...
[2022-12-08 18:16:58.104226: W /samgraph/samgraph/common/dist/dist_engine.cc:666] Trainer[0] pin memory queue...
[2022-12-08 18:16:58.169571: W /samgraph/samgraph/common/dist/dist_engine.cc:666] Trainer[1] pin memory queue...
[2022-12-08 18:16:58.211612: W /samgraph/samgraph/common/dist/dist_engine.cc:666] Trainer[2] pin memory queue...
[2022-12-08 18:16:58.254481: W /samgraph/samgraph/common/dist/dist_engine.cc:666] Trainer[5] pin memory queue...
[2022-12-08 18:16:58.261738: W /samgraph/samgraph/common/dist/dist_engine.cc:666] Trainer[4] pin memory queue...
[2022-12-08 18:16:58.274337: W /samgraph/samgraph/common/dist/dist_engine.cc:666] Trainer[3] pin memory queue...
[2022-12-08 18:19:31.570528: [E2022-12-08 18:19:31 ./samgraph/samgraph/common/dist/dist_engine.cc570573:: 85E]  Running on V100/samgraph/samgraph/common/dist/dist_engine.cc
:85] Running on V100
[2022-12-08 18:19:31.571048: E /samgraph/samgraph/common/dist/dist_engine.cc:85] Running on V100
[2022-12-08 18:19:31.571442: E /samgraph/samgraph/common/dist/dist_engine.cc:85] Running on V100
[2022-12-08 18:19:31.571536: E /samgraph/samgraph/common/dist/dist_engine.cc:85] Running on V100
[2022-12-08 18:19:31.571601: W /samgraph/samgraph/common/dist/dist_engine.cc[:2022-12-08 18:19:31701.] 571624Trainer[3] register host memory...: 
W /samgraph/samgraph/common/dist/dist_engine.cc:701] Trainer[4] register host memory...
[2022-12-08 18:19:31.572014: W /samgraph/samgraph/common/dist/dist_engine.cc:701] Trainer[2] register host memory...
[2022-12-08 18:19:31.572483: W /samgraph/samgraph/common/dist/dist_engine.cc:701] Trainer[5] register host memory...
[2022-12-08 18:19:31.572540: W /samgraph/samgraph/common/dist/dist_engine.cc:701] Trainer[1] register host memory...
[2022-12-08 18:19:31.663550: E /samgraph/samgraph/common/dist/dist_engine.cc:85] Running on V100
[2022-12-08 18:19:31.663646: W /samgraph/samgraph/common/dist/dist_engine.cc:701] Trainer[0] register host memory...
[2022-12-08 18:19:31.888056: E /samgraph/samgraph/common/dist/dist_engine.cc:85] Running on V100
[2022-12-08 18:19:31.896081: E /samgraph/samgraph/common/dist/dist_engine.cc:85] Running on V100
[2022-12-08 18:19:31.900867: W /samgraph/samgraph/common/cuda/cuda_device.cc:49] GPU[6] alloc cuda memory 931.40 MB
[2022-12-08 18:19:32.115122: W /samgraph/samgraph/common/cuda/cuda_device.cc:49] GPU[6] alloc cuda memory 12.87 GB
[2022-12-08 18:19:34.926626: W /samgraph/samgraph/common/cuda/cuda_device.cc:49] GPU[6] alloc cuda memory 32.00 MB
[2022-12-08 18:19:34.932192: E /samgraph/samgraph/common/dist/pre_sampler.cc:41] Dist Presampler making shuffler...
[2022-12-08 18:19:34.936089: E /samgraph/samgraph/common/dist/pre_sampler.cc:44] Dist Presampler making shuffler...Done
[2022-12-08 18:19:34.936138: W /samgraph/samgraph/common/cpu/cpu_device.cc:39] WORKER[0] alloc host memory 1.82 GB
[2022-12-08 18:19:35.734080: E /samgraph/samgraph/common/dist/pre_sampler.cc:85] Dist Presampler doing presample epoch 0
[2022-12-08 18:19:41.876731: E /samgraph/samgraph/common/dist/pre_sampler.cc:129] presample spend 2.17376 on sample, 0.174859 on copy, 3.78003 on count
[2022-12-08 18:19:41.876818: E /samgraph/samgraph/common/dist/pre_sampler.cc:85] Dist Presampler doing presample epoch 1
[2022-12-08 18:19:48.206767: E /samgraph/samgraph/common/dist/pre_sampler.cc:129] presample spend 4.38278 on sample, 0.348027 on copy, 7.71297 on count
[2022-12-08 18:19:48.206877: E /samgraph/samgraph/common/dist/pre_sampler.cc:136] max_num_inputs = 501626, min_num_inputs = 467017
[2022-12-08 18:19:48.755785: E /samgraph/samgraph/common/dist/pre_sampler.cc:148] presample spend 0.548808 on sort freq.
[2022-12-08 18:19:49.613204: E /samgraph/samgraph/common/dist/dist_engine.cc:524] pre sample done, delete it
[[2022-12-08 18:19:492022-12-08 18:19:49..672876672876: : WW  /samgraph/samgraph/common/dist/dist_engine.cc/samgraph/samgraph/common/dist/dist_engine.cc::711[711[[[] 2022-12-08 18:19:49] 2022-12-08 18:19:492022-12-08 18:19:492022-12-08 18:19:49.Trainer[5] building cache...672898.Trainer[2] building cache.....
: 672899
672898672899W: : :  WWW/samgraph/samgraph/common/dist/dist_engine.cc   :/samgraph/samgraph/common/dist/dist_engine.cc/samgraph/samgraph/common/dist/dist_engine.cc/samgraph/samgraph/common/dist/dist_engine.cc711:::] 711711711Trainer[4] building cache...] ] ] 
Trainer[0] building cache...Trainer[3] building cache...Trainer[1] building cache...


[2022-12-08 18:19:49.678398: E /samgraph/3rdparty/collcachelib/coll_cache_lib/coll_cache/asymm_link_desc.cc:172] v100x8, slow pcie
[2022-12-08 18:19:49[.2022-12-08 18:19:49678455.: 678446E:  E/samgraph/3rdparty/collcachelib/coll_cache_lib/coll_cache/asymm_link_desc.cc :/samgraph/3rdparty/collcachelib/coll_cache_lib/coll_cache/asymm_link_desc.cc200:] 172build asymm link desc with 6X Tesla V100-SXM2-32GB out of 8] 
[v100x8, slow pcie2022-12-08 18:19:49
.678488: [E2022-12-08 18:19:49 ./samgraph/3rdparty/collcachelib/coll_cache_lib/coll_cache/asymm_link_desc.cc[678521:2022-12-08 18:19:49: 172.[E] 6785312022-12-08 18:19:49 v100x8, slow pcie: ./samgraph/3rdparty/collcachelib/coll_cache_lib/coll_cache/asymm_link_desc.cc
E678531: : 201/samgraph/3rdparty/collcachelib/coll_cache_lib/coll_cache/asymm_link_desc.ccE] : [remote time is 8.68421200/samgraph/3rdparty/collcachelib/coll_cache_lib/coll_cache/asymm_link_desc.cc2022-12-08 18:19:49
] :.[build asymm link desc with 6X Tesla V100-SXM2-32GB out of 8172[6785862022-12-08 18:19:49
] 2022-12-08 18:19:49: .v100x8, slow pcie.[E678589[
6786092022-12-08 18:19:49 : 2022-12-08 18:19:49: ./samgraph/3rdparty/collcachelib/coll_cache_lib/coll_cache/asymm_link_desc.cc[E.E678629:2022-12-08 18:19:49 678648 : 200./samgraph/3rdparty/collcachelib/coll_cache_lib/coll_cache/asymm_link_desc.cc: /samgraph/3rdparty/collcachelib/coll_cache_lib/coll_cache/asymm_link_desc.ccE] 678688:E: build asymm link desc with 6X Tesla V100-SXM2-32GB out of 8: 172 202/samgraph/3rdparty/collcachelib/coll_cache_lib/coll_cache/asymm_link_desc.cc
E] /samgraph/3rdparty/collcachelib/coll_cache_lib/coll_cache/asymm_link_desc.cc] : v100x8, slow pcie:cpu time is 97.0588[172/samgraph/3rdparty/collcachelib/coll_cache_lib/coll_cache/asymm_link_desc.cc
201
2022-12-08 18:19:49] :] .v100x8, slow pcie200[remote time is 8.68421678827
] 2022-12-08 18:19:49
: build asymm link desc with 6X Tesla V100-SXM2-32GB out of 8.E
[[678883 2022-12-08 18:19:492022-12-08 18:19:49: /samgraph/3rdparty/collcachelib/coll_cache_lib/coll_cache/asymm_link_desc.cc[..E:2022-12-08 18:19:49678926678927 201.: : /samgraph/3rdparty/collcachelib/coll_cache_lib/coll_cache/asymm_link_desc.cc] 678954EE:200] remote time is 8.68421:   build asymm link desc with 6X Tesla V100-SXM2-32GB out of 8
E/samgraph/3rdparty/collcachelib/coll_cache_lib/coll_cache/asymm_link_desc.cc[/samgraph/3rdparty/collcachelib/coll_cache_lib/coll_cache/asymm_link_desc.cc
 :2022-12-08 18:19:49:/samgraph/3rdparty/collcachelib/coll_cache_lib/coll_cache/asymm_link_desc.cc200.202[:] 679075] 2022-12-08 18:19:49201build asymm link desc with 6X Tesla V100-SXM2-32GB out of 8: cpu time is 97.0588.] 
E
679099remote time is 8.68421 : [
/samgraph/3rdparty/collcachelib/coll_cache_lib/coll_cache/asymm_link_desc.ccE2022-12-08 18:19:49: [.202/samgraph/3rdparty/collcachelib/coll_cache_lib/coll_cache/asymm_link_desc.cc2022-12-08 18:19:49679170] :.: cpu time is 97.0588201679190E
] :  remote time is 8.68421E/samgraph/3rdparty/collcachelib/coll_cache_lib/coll_cache/asymm_link_desc.cc
 :/samgraph/3rdparty/collcachelib/coll_cache_lib/coll_cache/asymm_link_desc.cc[201:2022-12-08 18:19:49] 202.remote time is 8.68421] 679295
cpu time is 97.0588: 
[E2022-12-08 18:19:49 ./samgraph/3rdparty/collcachelib/coll_cache_lib/coll_cache/asymm_link_desc.cc679345:: 202E]  cpu time is 97.0588/samgraph/3rdparty/collcachelib/coll_cache_lib/coll_cache/asymm_link_desc.cc
:202] cpu time is 97.0588
[2022-12-08 18:20:11.635942: E /samgraph/3rdparty/collcachelib/coll_cache_lib/facade.cc:118] solver created. now build & solve
[2022-12-08 18:20:11.731558: E /samgraph/3rdparty/collcachelib/coll_cache_lib/facade.cc:123] solver built. now solve
block 0 storage is 00001001
	access is	0	0	0	3	3	3	
block 1 storage is 00010010
	access is	1	1	1	4	4	4	
block 2 storage is 00100100
	access is	2	2	2	5	5	5	
block 3 storage is 00000000
	access is	6	6	6	6	6	6	
[2022-12-08 18:20:14.164890: E /samgraph/3rdparty/collcachelib/coll_cache_lib/facade.cc:127] solver solved
[2022-12-08 18:20:14.164963: E /samgraph/3rdparty/collcachelib/coll_cache_lib/facade.cc:195] 0 solved master
[2022-12-08 18:20:14.165008: E /samgraph/3rdparty/collcachelib/coll_cache_lib/facade.cc:202] 0 solved
[2022-12-08 18:20:14.165037: E /samgraph/3rdparty/collcachelib/coll_cache_lib/facade.cc:205] worker 0 thread 0 initing device 0
[2022-12-08 18:20:14.166470: E /samgraph/3rdparty/collcachelib/coll_cache_lib/cache_context.cu:1766] Building Coll Cache with ... num gpu device is 6
[2022-12-08 18:20:14.201622: E /samgraph/3rdparty/collcachelib/coll_cache_lib/facade.cc:202] 5 solved
[2022-12-08 18:20:14.201678: E /samgraph/3rdparty/collcachelib/coll_cache_lib/facade.cc:205] worker 5 thread 5 initing device 5
[2022-12-08 18:20:14.202207: E /samgraph/3rdparty/collcachelib/coll_cache_lib/facade.cc:202] 4 solved
[2022-12-08 18:20:14.202276: E /samgraph/3rdparty/collcachelib/coll_cache_lib/facade.cc:205] worker 4 thread 4 initing device 4
[2022-12-08 18:20:14.203015: E /samgraph/3rdparty/collcachelib/coll_cache_lib/cache_context.cu:1766] Building Coll Cache with ... num gpu device is 6
[2022-12-08 18:20:14.203969: E /samgraph/3rdparty/collcachelib/coll_cache_lib/facade.cc:202] 2 solved
[2022-12-08 18:20:14.204029: E /samgraph/3rdparty/collcachelib/coll_cache_lib/facade.cc:205] worker 2 thread 2 initing device 2
[2022-12-08 18:20:14.204739: E /samgraph/3rdparty/collcachelib/coll_cache_lib/cache_context.cu:1766] Building Coll Cache with ... num gpu device is 6
[2022-12-08 18:20:14.207058: E /samgraph/3rdparty/collcachelib/coll_cache_lib/facade.cc:202] 1 solved
[2022-12-08 18:20:14.207129: E /samgraph/3rdparty/collcachelib/coll_cache_lib/facade.cc:205] worker 1 thread 1 initing device 1
[2022-12-08 18:20:14.207416: E /samgraph/3rdparty/collcachelib/coll_cache_lib/cache_context.cu:1766] Building Coll Cache with ... num gpu device is 6
[2022-12-08 18:20:14.209433: E /samgraph/3rdparty/collcachelib/coll_cache_lib/facade.cc:202] 3 solved
[2022-12-08 18:20:14.209479: E /samgraph/3rdparty/collcachelib/coll_cache_lib/facade.cc:205] worker 3 thread 3 initing device 3
[2022-12-08 18:20:14.211388: E /samgraph/3rdparty/collcachelib/coll_cache_lib/cache_context.cu:1766] Building Coll Cache with ... num gpu device is 6
[2022-12-08 18:20:14.211585: E /samgraph/3rdparty/collcachelib/coll_cache_lib/cache_context.cu:1766] Building Coll Cache with ... num gpu device is 6
[2022-12-08 18:20:14.351428: W /samgraph/3rdparty/collcachelib/coll_cache_lib/cache_context.cu:1806] using empty feat=25
[2022-12-08 18:20:14.359736: W /samgraph/3rdparty/collcachelib/coll_cache_lib/cpu/cpu_device.cc:39] WORKER[0] alloc host memory 37.26 MB
[2022-12-08 18:20:14.406124: W /samgraph/3rdparty/collcachelib/coll_cache_lib/cache_context.cu:1806] using empty feat=25
[2022-12-08 18:20:14.421641: W /samgraph/3rdparty/collcachelib/coll_cache_lib/cache_context.cu:1806] using empty feat=25
[2022-12-08 18:20:14.424194: W /samgraph/3rdparty/collcachelib/coll_cache_lib/cache_context.cu:1806] using empty feat=25
[2022-12-08 18:20:14.434062: W /samgraph/3rdparty/collcachelib/coll_cache_lib/cache_context.cu:1806] using empty feat=25
[2022-12-08 18:20:14.443627: W /samgraph/3rdparty/collcachelib/coll_cache_lib/cache_context.cu:1806] using empty feat=25
[[2022-12-08 18:20:16.[2022-12-08 18:20:169439162022-12-08 18:20:16.[: .[943913[E2022-12-08 18:20:169439132022-12-08 18:20:16: 2022-12-08 18:20:16 .: .E./samgraph/3rdparty/collcachelib/coll_cache_lib/cache_context.cu943913E943920 943913::  : /samgraph/3rdparty/collcachelib/coll_cache_lib/cache_context.cu: 1877E/samgraph/3rdparty/collcachelib/coll_cache_lib/cache_context.cuE:E]  : 1877 Device 0 init p2p of link 1/samgraph/3rdparty/collcachelib/coll_cache_lib/cache_context.cu1877/samgraph/3rdparty/collcachelib/coll_cache_lib/cache_context.cu] /samgraph/3rdparty/collcachelib/coll_cache_lib/cache_context.cu
:] :Device 3 init p2p of link 4:1877Device 1 init p2p of link 01877
1877] 
] ] Device 4 init p2p of link 3Device 5 init p2p of link 0Device 2 init p2p of link 1


[2022-12-08 18:20:16.962361: E /samgraph/3rdparty/collcachelib/coll_cache_lib/cache_context.cu:1877] Device 5 init p2p of link 3
[2022-12-08 18:20:16.966528: E /samgraph/3rdparty/collcachelib/coll_cache_lib/cache_context.cu:1877] Device 0 init p2p of link 5
[2022-12-08 18:20:16.968174: E /samgraph/3rdparty/collcachelib/coll_cache_lib/cache_context.cu:1877] Device 2 init p2p of link 0
[2022-12-08 18:20:16.968669: E /samgraph/3rdparty/collcachelib/coll_cache_lib/cache_context.cu:1877] Device 3 init p2p of link 5
[2022-12-08 18:20:16.969077: E /samgraph/3rdparty/collcachelib/coll_cache_lib/cache_context.cu:1877] Device 1 init p2p of link 2
[2022-12-08 18:20:16.969768: E /samgraph/3rdparty/collcachelib/coll_cache_lib/cache_context.cu:1877] Device 4 init p2p of link 2
[2022-12-08 18:20:16.973679: E /samgraph/3rdparty/collcachelib/coll_cache_lib/cache_context.cu:1877] Device 5 init p2p of link 4
[2022-12-08 18:20:16.979024: E /samgraph/3rdparty/collcachelib/coll_cache_lib/cache_context.cu:1877] Device 0 init p2p of link 2
[2022-12-08 18:20:16.985016: E /samgraph/3rdparty/collcachelib/coll_cache_lib/cache_context.cu:1877] Device 4 init p2p of link 5
[2022-12-08 18:20:16.990044: E /samgraph/3rdparty/collcachelib/coll_cache_lib/cache_context.cu:1877] Device 3 init p2p of link 1
[2022-12-08 18:20:16.990758: E /samgraph/3rdparty/collcachelib/coll_cache_lib/cache_context.cu:1877] Device 1 init p2p of link 3
[2022-12-08 18:20:16.996287: E /samgraph/3rdparty/collcachelib/coll_cache_lib/cache_context.cu:1877] Device 2 init p2p of link 4
[2022-12-08 18:20:16.997888: E /samgraph/3rdparty/collcachelib/coll_cache_lib/cache_context.cu:1906] Asymm Coll cache (policy: clique_part) | local 9766419 / 244160499 nodes ( 4.00 %~4.00 %) | remote 19532838 / 244160499 nodes ( 8.00 %) | cpu 214861242 / 244160499 nodes ( 88.00 %) | 14.01 GB | 2.78626 secs 
[2022-12-08 18:20:16.998488: E /samgraph/3rdparty/collcachelib/coll_cache_lib/cache_context.cu:1906] Asymm Coll cache (policy: clique_part) | local 9766419 / 244160499 nodes ( 4.00 %~4.00 %) | remote 19532838 / 244160499 nodes ( 8.00 %) | cpu 214861242 / 244160499 nodes ( 88.00 %) | 14.01 GB | 2.78704 secs 
[2022-12-08 18:20:17.  2530: E /samgraph/3rdparty/collcachelib/coll_cache_lib/cache_context.cu:1906] Asymm Coll cache (policy: clique_part) | local 9766419 / 244160499 nodes ( 4.00 %~4.00 %) | remote 19532838 / 244160499 nodes ( 8.00 %) | cpu 214861242 / 244160499 nodes ( 88.00 %) | 14.01 GB | 2.79505 secs 
[2022-12-08 18:20:17.  3342: E /samgraph/3rdparty/collcachelib/coll_cache_lib/cache_context.cu:1906] Asymm Coll cache (policy: clique_part) | local 9766419 / 244160499 nodes ( 4.00 %~4.00 %) | remote 19532838 / 244160499 nodes ( 8.00 %) | cpu 214861242 / 244160499 nodes ( 88.00 %) | 14.01 GB | 2.80027 secs 
[2022-12-08 18:20:17.  3441: E /samgraph/3rdparty/collcachelib/coll_cache_lib/cache_context.cu:1906] Asymm Coll cache (policy: clique_part) | local 9766419 / 244160499 nodes ( 4.00 %~4.00 %) | remote 19532838 / 244160499 nodes ( 8.00 %) | cpu 214861242 / 244160499 nodes ( 88.00 %) | 14.01 GB | 2.83692 secs 
[2022-12-08 18:20:17.  6793: E /samgraph/3rdparty/collcachelib/coll_cache_lib/cache_context.cu:1906] Asymm Coll cache (policy: clique_part) | local 9766419 / 244160499 nodes ( 4.00 %~4.00 %) | remote 19532838 / 244160499 nodes ( 8.00 %) | cpu 214861242 / 244160499 nodes ( 88.00 %) | 14.01 GB | 2.80201 secs 
[2022-12-08 18:20:19.467820: W /samgraph/samgraph/common/cuda/cuda_device.cc:49] GPU[0] alloc cuda memory 814.36 MB
[2022-12-08 18:20:20.841462: W /samgraph/samgraph/common/cuda/cuda_device.cc:49] GPU[0] alloc cuda memory 814.36 MB
/usr/local/lib/python3.8/dist-packages/torch/nn/parallel/scatter_gather.py:9: UserWarning: is_namedtuple is deprecated, please use the python checks instead
  warnings.warn("is_namedtuple is deprecated, please use the python checks instead")
/usr/local/lib/python3.8/dist-packages/torch/nn/parallel/scatter_gather.py:9: UserWarning: is_namedtuple is deprecated, please use the python checks instead
  warnings.warn("is_namedtuple is deprecated, please use the python checks instead")
/usr/local/lib/python3.8/dist-packages/torch/nn/parallel/scatter_gather.py:9: UserWarning: is_namedtuple is deprecated, please use the python checks instead
  warnings.warn("is_namedtuple is deprecated, please use the python checks instead")
/usr/local/lib/python3.8/dist-packages/torch/nn/parallel/scatter_gather.py:9: UserWarning: is_namedtuple is deprecated, please use the python checks instead
  warnings.warn("is_namedtuple is deprecated, please use the python checks instead")
/usr/local/lib/python3.8/dist-packages/torch/nn/parallel/scatter_gather.py:9: UserWarning: is_namedtuple is deprecated, please use the python checks instead
  warnings.warn("is_namedtuple is deprecated, please use the python checks instead")
/usr/local/lib/python3.8/dist-packages/torch/nn/parallel/scatter_gather.py:9: UserWarning: is_namedtuple is deprecated, please use the python checks instead
  warnings.warn("is_namedtuple is deprecated, please use the python checks instead")
