config:eval_tsp="2022-12-06 16:39:59"
config:arch=arch5
config:num_train_worker=6
config:num_sample_worker=2
config:sample_type=khop2
config:root_path=/nvme/samgraph/
config:dataset=papers100M-undir
config:pipeline=False
config:cache_policy=rep
config:cache_percentage=0.15
config:num_epoch=4
config:batch_size=8000
config:num_hidden=256
config:max_sampling_jobs=1
config:max_copying_jobs=1
config:barriered_epoch=1
config:presample_epoch=2
config:omp_thread_num=6
config:unsupervised=True
config:amp=True
config:rolling=0
config:fanout=[25, 10]
config:lr=0.003
config:dropout=0.5
config:single_gpu=False
config:max_num_step=1000
config:validate_configs=False
config:report_acc=0
config:dataset_path=/nvme/samgraph/papers100M-undir
config:torch_thread_num=8
config:train_workers=['cuda:0', 'cuda:1', 'cuda:2', 'cuda:3', 'cuda:4', 'cuda:5']
config:sample_workers=['cuda:6', 'cuda:7']
config:num_fanout=2
config:num_layer=2
config:_run_mode=RunMode.FGNN
config:_log_level=warn
config:_profile_level=3
config:_empty_feat=0
config:_arch=5
config:_sample_type=5
config:_cache_policy=12
test_result:init:input_scale_factor=1.1
coll_cache:optimal_rep_storage=0.15
coll_cache:optimal_part_storage=0
coll_cache:optimal_cpu_storage=0.85
coll_cache:optimal_local_storage=0.15
coll_cache:optimal_remote_storage=0
coll_cache:optimal_local_rate=0.579419
coll_cache:optimal_remote_rate=0
coll_cache:optimal_cpu_rate=0.420581
z=101685
test_result:init:feat_nbytes=56862697472
test_result:init:cache_nbytes=8529404416
test_result:init:feat_nbytes=56862697472
test_result:init:cache_nbytes=8529404416
test_result:init:feat_nbytes=56862697472
test_result:init:cache_nbytes=8529404416
test_result:init:feat_nbytes=56862697472
test_result:init:cache_nbytes=8529404416
test_result:init:feat_nbytes=56862697472
test_result:init:cache_nbytes=8529404416
test_result:init:feat_nbytes=56862697472
test_result:init:cache_nbytes=8529404416
[Train  Worker 3/6] Started with PID 6051(Tesla V100-SXM2-32GB)
[Train  Worker 3] run train for 4 epochs with 1002 steps
[Train  Worker 5/6] Started with PID 6057(Tesla V100-SXM2-32GB)
[Train  Worker 5] run train for 4 epochs with 1002 steps
[Train  Worker 1/6] Started with PID 6045(Tesla V100-SXM2-32GB)
[Train  Worker 1] run train for 4 epochs with 1002 steps
[Train  Worker 4/6] Started with PID 6054(Tesla V100-SXM2-32GB)
[Train  Worker 4] run train for 4 epochs with 1002 steps
[Train  Worker 2/6] Started with PID 6048(Tesla V100-SXM2-32GB)
[Train  Worker 2] run train for 4 epochs with 1002 steps
[CUDA] cuda0: usage: 17.10 GB
[SAM] cuda0 data alloc        : 0.00 Bytes
[SAM] cuda0 workspace         : 4.62 GB
[SAM] cuda0 workspace reserve : 2.31 GB
[SAM] cuda0 total             : 4.62 GB
[Train  Worker 0/6] Started with PID 6042(Tesla V100-SXM2-32GB)
[Train  Worker 0] run train for 4 epochs with 1002 steps
Epoch 00000 | Epoch Time 92.8966 | Total Train Time(Profiler) 54.6928 | Copy Time 38.1858
[CUDA] cuda0: usage: 17.11 GB
[SAM] cuda0 data alloc        : 0.00 Bytes
[SAM] cuda0 workspace         : 4.62 GB
[SAM] cuda0 workspace reserve : 2.31 GB
[SAM] cuda0 total             : 4.62 GB
Epoch 00001 | Epoch Time 91.6265 | Total Train Time(Profiler) 53.4774 | Copy Time 38.1316
[CUDA] cuda0: usage: 17.11 GB
[SAM] cuda0 data alloc        : 0.00 Bytes
[SAM] cuda0 workspace         : 4.62 GB
[SAM] cuda0 workspace reserve : 2.31 GB
[SAM] cuda0 total             : 4.62 GB
Epoch 00002 | Epoch Time 91.5304 | Total Train Time(Profiler) 53.3889 | Copy Time 38.1240
[CUDA] cuda0: usage: 17.11 GB
[SAM] cuda0 data alloc        : 0.00 Bytes
[SAM] cuda0 workspace         : 4.62 GB
[SAM] cuda0 workspace reserve : 2.31 GB
[SAM] cuda0 total             : 4.62 GB
Epoch 00003 | Epoch Time 91.5077 | Total Train Time(Profiler) 53.3840 | Copy Time 38.1064
[Train  Worker 5] Avg Epoch Time 91.5549 | Train Total Time(Profiler) 54.0779 | Copy Time 37.4597
[Train  Worker 0] Avg Epoch Time 91.5549 | Train Total Time(Profiler) 53.4168 | Copy Time 38.1207
[Train  Worker 2] Avg Epoch Time 91.5549 | Train Total Time(Profiler) 5.1825 | Copy Time 86.3544
[Train  Worker 3] Avg Epoch Time 91.5549 | Train Total Time(Profiler) 4.1397 | Copy Time 87.3977
[Train  Worker 1] Avg Epoch Time 91.5548 | Train Total Time(Profiler) 5.1780 | Copy Time 86.3590
[Train  Worker 4] Avg Epoch Time 91.5549 | Train Total Time(Profiler) 4.1308 | Copy Time 87.4068
[Sample Worker 1/2] Started with PID 6039(Tesla V100-SXM2-32GB)
[Sample Worker 1] run sample for 4 epochs with 501 steps
[Sample Worker 1] Avg Sample Total Time 14.1762 | Sampler Total Time(Profiler) 14.1688
    [Step(average) Profiler Level 1 E3 S500]
        L1  sample           0.023448 | send           0.004843
        L1  recv             0.000000 | copy           0.000000 | convert time 0.000000 | train  0.000000
        L1  feature nbytes 0.00 Bytes | label nbytes 0.00 Bytes
        L1  id nbytes      0.00 Bytes | graph nbytes 0.00 Bytes
        L1  miss nbytes    0.00 Bytes | remote nbytes 0.00 Bytes
        L1  num nodes         4279001 | num samples     5311221
    [Step(average) Profiler Level 2 E3 S500]
        L2  shuffle     0.000582 | core sample  0.010194 | id remap        0.012448
        L2  graph copy  0.000000 | id copy      0.000000 | cache feat copy 0.000000
        L2  last layer sample time 0.000727 | size 228617.580838
    [Step(average) Profiler Level 3 E3 S500]
        L3  khop sample coo  0.007995 | khop sort coo      0.000000 | khop count edge     0.000073 | khop compact edge 0.002064
        L3  walk sample coo  0.000000 | walk topk total    0.000000 | walk topk step1     0.000000 | walk topk step2   0.000000
        L3  walk topk step3  0.000000 | walk topk step4    0.000000 | walk topk step5     0.000000
        L3  walk topk step6  0.000000 | walk topk step7    0.000000
        L3  remap unique     0.000213 | remap populate     0.010314 | remap mapnode       0.000000 | remap mapedge     0.002152
        L3  cache get_index  0.000000 | cache copy_index   0.000000 | cache extract_miss  0.000000
        L3  cache copy_miss  0.000000 | cache combine_miss 0.000000 | cache combine cache 0.000000 | cache combine remote 0.000000
        L3  label extract  0.000000
    [Init Profiler Level 1]
        L1  init     9.4148 | sampler init   273.0272 | trainer init 0.0000
    [Init Profiler Level 2]
        L2  load ds        11.9018 | init queue         153.0696
        L2  presample     114.6549 | build interal ds     2.8119
        L2  build cache     0.0000
    [Init Profiler Level 3]
        L3  load dataset: mmap     9.4111 | copy         2.4907
        L3  dist queue: alloc      0.0008 | pin        153.0687 | push     0.0000
        L3  presample: init        0.3975
        L3  presample: sample     46.3892 | copy         2.7860
        L3  presample: count      64.3001 | sort         0.3096
        L3  presample: reset       0.0021 | get rank     0.0242
        L3  internal: cuda ctx     2.4692 | cuda stream     0.3159
[Sample Worker 0/2] Started with PID 6036(Tesla V100-SXM2-32GB)
[Sample Worker 0] run sample for 4 epochs with 501 steps
[Sample Worker 0] Avg Sample Total Time 14.1828 | Sampler Total Time(Profiler) 14.1739
test_result:sample_time=11.7477
test_result:get_cache_miss_index_time=0.0000
test_result:enqueue_samples_time=2.4262
test_result:epoch_time:sample_total=14.1828
[CUDA] cuda0: usage: 17.11 GB
[SAM] cuda0 data alloc        : 0.00 Bytes
[SAM] cuda0 workspace         : 4.62 GB
[SAM] cuda0 workspace reserve : 2.31 GB
[SAM] cuda0 total             : 4.62 GB
    [Step(average) Profiler Level 1 E3 S1001]
        L1  sample           0.000000 | send           0.000000
        L1  recv             0.008414 | copy           0.422320 | convert time 0.000514 | train  0.125295
        L1  feature nbytes    2.04 GB | label nbytes   62.50 KB
        L1  id nbytes      0.00 Bytes | graph nbytes 0.00 Bytes
        L1  miss nbytes    0.00 Bytes | remote nbytes 0.00 Bytes
        L1  num nodes               0 | num samples           0
    [Step(average) Profiler Level 2 E3 S1001]
        L2  shuffle     0.000000 | core sample  0.000000 | id remap        0.000000
        L2  graph copy  0.000004 | id copy      0.000000 | cache feat copy 0.413901
        L2  last layer sample time 0.000000 | size 0.000000
    [Step(average) Profiler Level 3 E3 S1001]
        L3  khop sample coo  0.000000 | khop sort coo      0.000000 | khop count edge     0.000000 | khop compact edge 0.000000
        L3  walk sample coo  0.000000 | walk topk total    0.000000 | walk topk step1     0.000000 | walk topk step2   0.000000
        L3  walk topk step3  0.000000 | walk topk step4    0.000000 | walk topk step5     0.000000
        L3  walk topk step6  0.000000 | walk topk step7    0.000000
        L3  remap unique     0.000000 | remap populate     0.000000 | remap mapnode       0.000000 | remap mapedge     0.000000
        L3  cache get_index  0.000000 | cache copy_index   0.000000 | cache extract_miss  0.000000
        L3  cache copy_miss  0.000000 | cache combine_miss 0.000000 | cache combine cache 0.413865 | cache combine remote 0.000000
        L3  label extract  0.000025
    [Step(max) Profiler Level 1 E3 S1001]
        L1  sample           0.000000 | send           0.000000
        L1  recv             0.000000 | copy           0.000000 | convert time 0.000000 | train  0.000000
        L1  feature nbytes 0.00 Bytes | label nbytes 0.00 Bytes
        L1  id nbytes      0.00 Bytes | graph nbytes   40.92 MB
        L1  miss nbytes    0.00 Bytes | remote nbytes 0.00 Bytes
        L1  num nodes               0 | num samples           0
    [Step(max) Profiler Level 2 E3 S1001]
        L2  shuffle     0.000000 | core sample  0.000000 | id remap        0.000000
        L2  graph copy  0.000000 | id copy      0.000000 | cache feat copy 0.000000
        L2  last layer sample time 0.000000 | size 0.000000
    [Step(max) Profiler Level 3 E3 S1001]
        L3  khop sample coo  0.000000 | khop sort coo      0.000000 | khop count edge     0.000000 | khop compact edge 0.000000
        L3  walk sample coo  0.000000 | walk topk total    0.000000 | walk topk step1     0.000000 | walk topk step2   0.000000
        L3  walk topk step3  0.000000 | walk topk step4    0.000000 | walk topk step5     0.000000
        L3  walk topk step6  0.000000 | walk topk step7    0.000000
        L3  remap unique     0.000000 | remap populate     0.000000 | remap mapnode       0.000000 | remap mapedge     0.000000
        L3  cache get_index  0.000000 | cache copy_index   0.000000 | cache extract_miss  0.000000
        L3  cache copy_miss  0.000000 | cache combine_miss 0.000000 | cache combine cache 0.000000 | cache combine remote 0.000000
        L3  label extract  0.000000
    [Step(min) Profiler Level 1 E3 S1001]
        L1  sample           0.000000 | send           0.000000
        L1  recv             0.000000 | copy           0.000000 | convert time 0.000000 | train  0.000000
        L1  feature nbytes 0.00 Bytes | label nbytes 0.00 Bytes
        L1  id nbytes      0.00 Bytes | graph nbytes   40.33 MB
        L1  miss nbytes    0.00 Bytes | remote nbytes 0.00 Bytes
        L1  num nodes               0 | num samples           0
    [Step(min) Profiler Level 2 E3 S1001]
        L2  shuffle     0.000000 | core sample  0.000000 | id remap        0.000000
        L2  graph copy  0.000000 | id copy      0.000000 | cache feat copy 0.000000
        L2  last layer sample time 0.000000 | size 0.000000
    [Step(min) Profiler Level 3 E3 S1001]
        L3  khop sample coo  0.000000 | khop sort coo      0.000000 | khop count edge     0.000000 | khop compact edge 0.000000
        L3  walk sample coo  0.000000 | walk topk total    0.000000 | walk topk step1     0.000000 | walk topk step2   0.000000
        L3  walk topk step3  0.000000 | walk topk step4    0.000000 | walk topk step5     0.000000
        L3  walk topk step6  0.000000 | walk topk step7    0.000000
        L3  remap unique     0.000000 | remap populate     0.000000 | remap mapnode       0.000000 | remap mapedge     0.000000
        L3  cache get_index  0.000000 | cache copy_index   0.000000 | cache extract_miss  0.000000
        L3  cache copy_miss  0.000000 | cache combine_miss 0.000000 | cache combine cache 0.000000 | cache combine remote 0.000000
        L3  label extract  0.000000
    [Init Profiler Level 1]
        L1  init     9.4148 | sampler init     0.0000 | trainer init 299.6993
    [Init Profiler Level 2]
        L2  load ds         9.4111 | init queue         153.0993
        L2  presample       0.0000 | build interal ds     2.2742
        L2  build cache   144.3139
    [Init Profiler Level 3]
        L3  load dataset: mmap     9.4111 | copy         0.0000
        L3  dist queue: alloc      0.0008 | pin        153.0984 | push     0.0000
        L3  presample: init        0.0000
        L3  presample: sample      0.0000 | copy         0.0000
        L3  presample: count       0.0000 | sort         0.0000
        L3  presample: reset       0.0000 | get rank     0.0000
        L3  internal: cuda ctx     2.2742 | cuda stream     0.0001
|===========================================================================|
|                  PyTorch CUDA memory summary, device ID 0                 |
|---------------------------------------------------------------------------|
|            CUDA OOMs: 0            |        cudaMalloc retries: 0         |
|===========================================================================|
|        Metric         | Cur Usage  | Peak Usage | Tot Alloc  | Tot Freed  |
|---------------------------------------------------------------------------|
| Allocated memory      |   64195 KB |    1426 MB |    2912 GB |    2912 GB |
|       from large pool |   55940 KB |    1425 MB |    2900 GB |    2900 GB |
|       from small pool |    8255 KB |      10 MB |      11 GB |      11 GB |
|---------------------------------------------------------------------------|
| Active memory         |   64196 KB |    1426 MB |    2912 GB |    2912 GB |
|       from large pool |   55940 KB |    1425 MB |    2900 GB |    2900 GB |
|       from small pool |    8255 KB |      10 MB |      11 GB |      11 GB |
|---------------------------------------------------------------------------|
| GPU reserved memory   |    1694 MB |    1694 MB |    1694 MB |       0 B  |
|       from large pool |    1678 MB |    1678 MB |    1678 MB |       0 B  |
|       from small pool |      16 MB |      16 MB |      16 MB |       0 B  |
|---------------------------------------------------------------------------|
| Non-releasable memory |  247100 KB |    1228 MB |    3144 GB |    3144 GB |
|       from large pool |  243067 KB |    1223 MB |    3132 GB |    3131 GB |
|       from small pool |    4032 KB |       8 MB |      12 GB |      12 GB |
|---------------------------------------------------------------------------|
| Allocations           |      39    |      56    |   91555    |   91516    |
|       from large pool |       3    |      14    |   36740    |   36737    |
|       from small pool |      36    |      45    |   54815    |   54779    |
|---------------------------------------------------------------------------|
| Active allocs         |      40    |      56    |   91555    |   91515    |
|       from large pool |       3    |      14    |   36740    |   36737    |
|       from small pool |      37    |      45    |   54815    |   54778    |
|---------------------------------------------------------------------------|
| GPU reserved segments |      17    |      17    |      17    |       0    |
|       from large pool |       9    |       9    |       9    |       0    |
|       from small pool |       8    |       8    |       8    |       0    |
|---------------------------------------------------------------------------|
| Non-releasable allocs |      17    |      29    |   37458    |   37441    |
|       from large pool |       4    |      12    |   21763    |   21759    |
|       from small pool |      13    |      20    |   15695    |   15682    |
|---------------------------------------------------------------------------|
| Oversize allocations  |       0    |       0    |       0    |       0    |
|---------------------------------------------------------------------------|
| Oversize GPU segments |       0    |       0    |       0    |       0    |
|===========================================================================|

test_result:epoch_time:copy_time=38.1207
test_result:convert_time=0.0851
test_result:train_time=53.3317
test_result:epoch_time:train_total=53.4168
test_result:cache_percentage=0.1500
test_result:cache_hit_rate=1.0000
test_result:run_time=424.3206
