config:eval_tsp="2022-12-07 10:50:30"
config:arch=arch5
config:num_train_worker=6
config:num_sample_worker=2
config:sample_type=khop2
config:root_path=/nvme/samgraph/
config:dataset=com-friendster
config:pipeline=False
config:cache_policy=coll_cache_asymm_link
config:cache_percentage=0.15
config:num_epoch=4
config:batch_size=8000
config:num_hidden=256
config:max_sampling_jobs=1
config:max_copying_jobs=1
config:barriered_epoch=1
config:presample_epoch=2
config:omp_thread_num=6
config:unsupervised=True
config:amp=True
config:rolling=0
config:fanout=[25, 10]
config:lr=0.003
config:dropout=0.5
config:single_gpu=False
config:max_num_step=1000
config:validate_configs=False
config:report_acc=0
config:dataset_path=/nvme/samgraph/com-friendster
config:torch_thread_num=8
config:train_workers=['cuda:0', 'cuda:1', 'cuda:2', 'cuda:3', 'cuda:4', 'cuda:5']
config:sample_workers=['cuda:6', 'cuda:7']
config:num_fanout=2
config:num_layer=2
config:_run_mode=RunMode.FGNN
config:_log_level=warn
config:_profile_level=3
config:_empty_feat=0
config:_arch=5
config:_sample_type=5
config:_cache_policy=13
test_result:init:input_scale_factor=1.1
Set parameter WLSAccessID
Set parameter WLSSecret
Set parameter LicenseID
Set parameter TimeLimit to value 200
Set parameter MIPGap to value 0.05
Set parameter GomoryPasses to value 0
Set parameter Aggregate to value 0
Set parameter LogFile to value "cppsolver.log"
Set parameter Threads to value 12
Academic license - for non-commercial use only - registered to xiaoniu.sxn@sjtu.edu.cn
Gurobi Optimizer version 9.5.2 build v9.5.2rc0 (linux64)
Thread count: 48 physical cores, 96 logical processors, using up to 12 threads
Academic license - for non-commercial use only - registered to xiaoniu.sxn@sjtu.edu.cn
Optimize a model with 117912 rows, 25857 columns and 291624 nonzeros
Model fingerprint: 0xe9fdbdd7
Variable types: 7 continuous, 25850 integer (25850 binary)
Coefficient statistics:
  Matrix range     [4e-05, 2e+04]
  Objective range  [1e+00, 1e+00]
  Bounds range     [1e+00, 1e+00]
  RHS range        [1e+00, 3e+04]
Found heuristic solution: objective 2.000000e+09
Presolve removed 93065 rows and 0 columns
Presolve time: 0.29s
Presolved: 24847 rows, 25857 columns, 100329 nonzeros
Found heuristic solution: objective 1242205.5564
Variable types: 7 continuous, 25850 integer (25850 binary)

Deterministic concurrent LP optimizer: primal and dual simplex
Showing first log only...


Use crossover to convert LP symmetric solution to basic solution...
Concurrent spin time: 0.04s

Solved with primal simplex

Root relaxation: objective 5.430656e+04, 14563 iterations, 1.00 seconds (0.94 work units)

    Nodes    |    Current Node    |     Objective Bounds      |     Work
 Expl Unexpl |  Obj  Depth IntInf | Incumbent    BestBd   Gap | It/Node Time

     0     0 54306.5646    0 14683 1242205.56 54306.5646  95.6%     -    1s
H    0     0                    391153.33636 54306.5646  86.1%     -    2s
H    0     0                    381222.63090 54306.5646  85.8%     -    4s
     0     0 64563.9186    0 9422 381222.631 64563.9186  83.1%     -    6s
H    0     0                    352356.55816 64563.9186  81.7%     -    6s
     0     0 67616.3827    0 8192 352356.558 67616.3827  80.8%     -    7s
     0     0 70984.6004    0 7983 352356.558 70984.6004  79.9%     -    9s
     0     0 73916.1166    0 8331 352356.558 73916.1166  79.0%     -   10s
     0     0 74276.3234    0 9107 352356.558 74276.3234  78.9%     -   11s
     0     0 74337.3759    0 9719 352356.558 74337.3759  78.9%     -   12s
     0     0 74374.0074    0 10299 352356.558 74374.0074  78.9%     -   13s
     0     0 74447.3956    0 10899 352356.558 74447.3956  78.9%     -   14s
     0     0 75429.3017    0 10929 352356.558 75429.3017  78.6%     -   15s
     0     0 76096.5176    0 10950 352356.558 76096.5176  78.4%     -   15s
H    0     0                    350016.02898 76504.6738  78.1%     -   16s
     0     0 76504.6738    0 11090 350016.029 76504.6738  78.1%     -   16s
     0     0 76951.1785    0 11011 350016.029 76951.1785  78.0%     -   17s
     0     0 77392.9839    0 10959 350016.029 77392.9839  77.9%     -   17s
     0     0 77700.3944    0 11090 350016.029 77700.3944  77.8%     -   18s
     0     0 77810.5362    0 11058 350016.029 77810.5362  77.8%     -   18s
     0     0 77872.8085    0 11260 350016.029 77872.8085  77.8%     -   19s
     0     0 77938.9569    0 11197 350016.029 77938.9569  77.7%     -   20s
     0     0 77956.3089    0 11279 350016.029 77956.3089  77.7%     -   20s
     0     0 77973.6608    0 11306 350016.029 77973.6608  77.7%     -   21s
H    0     0                    342556.64345 77973.6608  77.2%     -   22s
     0     0 77973.6608    0 11340 342556.643 77973.6608  77.2%     -   22s
H    0     0                    342505.27028 77973.6608  77.2%     -   25s
     0     0 78082.6407    0 11160 342505.270 78082.6407  77.2%     -   26s
H    0     0                    310392.58413 78082.6407  74.8%     -   27s
     0     0 78106.9880    0 11114 310392.584 78106.9880  74.8%     -   27s
     0     0 78129.0383    0 11107 310392.584 78129.0383  74.8%     -   28s
     0     0 78131.3967    0 11176 310392.584 78131.3967  74.8%     -   29s
     0     0 78250.4155    0 10698 310392.584 78250.4155  74.8%     -   33s
     0     0 78250.4155    0 10102 310392.584 78250.4155  74.8%     -   37s
H    0     0                    234273.22572 78250.4155  66.6%     -   39s
H    0     0                    216832.54369 78250.4155  63.9%     -   66s
H    0     0                    110561.01221 78250.4155  29.2%     -   70s
H    0     2                    109852.02232 78250.4155  28.8%     -   73s
     0     2 78250.4155    0 9749 109852.022 78250.4155  28.8%     -   73s
     7    16 78297.4506    3 10715 109852.022 78254.9844  28.8%  6375   75s
H   27    40                    109533.08831 78297.4479  28.5%  6384   90s
H   28    40                    109472.85155 78297.4479  28.5%  6914   90s
H   28    40                    109406.60327 78297.4479  28.4%  6914   90s
H   29    40                    109313.38865 78297.4479  28.4%  7377   90s
H   29    40                    107939.90729 78297.4479  27.5%  7377   90s
H   31    40                    104511.24647 78297.4479  25.1%  8463   90s
    63    87 78408.5063    7 11412 104511.246 78298.6152  25.1%  7218   97s
H   68    87                    103590.01649 78298.6152  24.4%  6688   97s
H   86   109                    102477.88368 78298.6152  23.6%  5307   98s
H   87   109                    102094.02853 78298.6152  23.3%  5246   98s
H   89   109                    101984.03835 78298.6152  23.2%  5129   98s
H   93   109                    101797.20028 78298.6152  23.1%  4909   98s
H  106   109                    101643.32666 78298.6152  23.0%  4321   98s
H  129   142                    100564.58172 78298.6152  22.1%  3564  102s
H  130   142                    99477.310520 78298.6152  21.3%  3537  102s
H  131   142                    98339.727944 78298.6152  20.4%  3510  102s
H  136   142                    98228.271152 78298.6152  20.3%  3390  102s
H  147   171                    97585.133964 78298.6152  19.8%  3137  103s
H  195   217                    97266.243718 78298.6152  19.5%  2396  104s
H  208   217                    97266.212700 78298.6152  19.5%  2250  104s
   216   250 78425.9097   16 11404 97266.2127 78298.6152  19.5%  2168  105s
H  250   262                    97194.865839 78298.6152  19.4%  1884  107s
H  253   262                    97106.797924 78298.6152  19.4%  1866  107s
   293   306 78426.9846   19 11399 97106.7979 78298.6152  19.4%  1624  115s
H  295   306                    96573.731120 78298.6152  18.9%  1613  115s
   662   715 78428.7514   31 11379 96573.7311 78298.6152  18.9%   753  120s
H  714   727                    95651.527235 78298.6152  18.1%   703  140s
H  715   727                    95130.673568 78298.6152  17.7%   702  140s
H  717   727                    94556.089238 78298.6152  17.2%   700  140s
   726   739 78434.7939   33 11380 94556.0892 78298.6152  17.2%   693  145s
H  727   739                    94268.800678 78298.6152  16.9%   692  145s
H  736   739                    94154.894778 78298.6152  16.8%   684  145s
  1087  1171 78452.2737   39 11387 94154.8948 78298.6152  16.8%   483  150s
H 1517  1536                    94105.284565 78298.6152  16.8%   367  158s
H 1530  1536                    94075.651286 78298.6152  16.8%   365  158s
  1626  1744 78449.6933   51 11401 94075.6513 78298.6152  16.8%   348  160s
  2062  2202 78455.3008   68 11405 94075.6513 78298.6152  16.8%   289  166s
  2479  2614 78473.7227   92 11381 94075.6513 78298.6152  16.8%   252  171s
H 2613  2657                    94020.576420 78298.6152  16.7%   243  176s
H 2615  2657                    93884.025127 78298.6152  16.6%   243  176s
H 2622  2657                    93668.818139 78298.6152  16.4%   243  176s
  2828  2970 78591.1228   99 11297 93668.8181 78298.6152  16.4%   230  180s
  3289  3361 78813.9590  115 11171 93668.8181 78298.6152  16.4%   209  185s
  3519  3603 79103.8368  122 11077 93668.8181 78298.6152  16.4%   215  191s
H 3645  3710                    93668.193097 78298.6152  16.4%   213  193s
H 3649  3707                    93575.507726 78298.6152  16.3%   214  193s
H 3731  3761                    93537.165432 78298.6152  16.3%   213  198s
H 3733  3761                    93493.160648 78298.6152  16.3%   213  198s
  3787  3868 79106.7991  159 11076 93493.1606 78298.6152  16.3%   212  200s

Cutting planes:
  MIR: 341
  Zero half: 401
  Mod-K: 8006

Explored 3894 nodes (949566 simplex iterations) in 200.05 seconds (221.63 work units)
Thread count was 12 (of 96 available processors)

Solution count 10: 93493.2 93537.2 93575.5 ... 94154.9

Time limit reached
Best objective 9.349316064775e+04, best bound 7.829861523521e+04, gap 16.2520%
coll_cache:optimal_local_rate=0.314373,0.357449,0.283318,0.374228,0.270378,0.310535,
coll_cache:optimal_remote_rate=0.640768,0.597691,0.671822,0.580913,0.684763,0.644605,
coll_cache:optimal_cpu_rate=0.0448594,0.0448594,0.0448594,0.0448594,0.0448594,0.0448594,
z=93493.2
test_result:init:feat_nbytes=67182966784
test_result:init:cache_nbytes=10081921024
test_result:init:feat_nbytes=67182966784
test_result:init:cache_nbytes=10081027072
test_result:init:feat_nbytes=67182966784
test_result:init:cache_nbytes=10083000320
test_result:init:feat_nbytes=67182966784
test_result:init:cache_nbytes=10078133248
test_result:init:feat_nbytes=67182966784
test_result:init:cache_nbytes=10076417024
test_result:init:feat_nbytes=67182966784
test_result:init:cache_nbytes=10083822592
[Train  Worker 4/6] Started with PID 83854(Tesla V100-SXM2-32GB)
[Train  Worker 4] run train for 4 epochs with 1002 steps
[Train  Worker 2/6] Started with PID 83848(Tesla V100-SXM2-32GB)
[Train  Worker 2] run train for 4 epochs with 1002 steps
[Train  Worker 3/6] Started with PID 83851(Tesla V100-SXM2-32GB)
[Train  Worker 3] run train for 4 epochs with 1002 steps
[Train  Worker 1/6] Started with PID 83845(Tesla V100-SXM2-32GB)
[Train  Worker 1] run train for 4 epochs with 1002 steps
[CUDA] cuda0: usage: 26.08 GB
[SAM] cuda0 data alloc        : 0.00 Bytes
[SAM] cuda0 workspace         : 9.20 GB
[SAM] cuda0 workspace reserve : 4.57 GB
[SAM] cuda0 total             : 9.20 GB
[Train  Worker 0/6] Started with PID 83842(Tesla V100-SXM2-32GB)
[Train  Worker 0] run train for 4 epochs with 1002 steps
Epoch 00000 | Epoch Time 18.3169 | Total Train Time(Profiler) 9.3671 | Copy Time 8.9339
[Train  Worker 5/6] Started with PID 83857(Tesla V100-SXM2-32GB)
[Train  Worker 5] run train for 4 epochs with 1002 steps
[CUDA] cuda0: usage: 26.08 GB
[SAM] cuda0 data alloc        : 0.00 Bytes
[SAM] cuda0 workspace         : 9.20 GB
[SAM] cuda0 workspace reserve : 4.56 GB
[SAM] cuda0 total             : 9.20 GB
Epoch 00001 | Epoch Time 16.8323 | Total Train Time(Profiler) 7.9647 | Copy Time 8.8518
[CUDA] cuda0: usage: 26.08 GB
[SAM] cuda0 data alloc        : 0.00 Bytes
[SAM] cuda0 workspace         : 9.20 GB
[SAM] cuda0 workspace reserve : 4.56 GB
[SAM] cuda0 total             : 9.20 GB
Epoch 00002 | Epoch Time 16.8333 | Total Train Time(Profiler) 7.9658 | Copy Time 8.8516
[CUDA] cuda0: usage: 26.08 GB
[SAM] cuda0 data alloc        : 0.00 Bytes
[SAM] cuda0 workspace         : 9.20 GB
[SAM] cuda0 workspace reserve : 4.56 GB
[SAM] cuda0 total             : 9.20 GB
Epoch 00003 | Epoch Time 16.8646 | Total Train Time(Profiler) 7.9891 | Copy Time 8.8589
[Train  Worker 0] Avg Epoch Time 16.8434 | Train Total Time(Profiler) 7.9732 | Copy Time 8.8541
[Train  Worker 5] Avg Epoch Time 16.8434 | Train Total Time(Profiler) 8.5550 | Copy Time 8.2716
[Train  Worker 4] Avg Epoch Time 16.8433 | Train Total Time(Profiler) 5.1158 | Copy Time 11.7115
[Train  Worker 2] Avg Epoch Time 16.8433 | Train Total Time(Profiler) 5.1454 | Copy Time 11.6820
[Train  Worker 3] Avg Epoch Time 16.8433 | Train Total Time(Profiler) 5.1119 | Copy Time 11.7158
[Train  Worker 1] Avg Epoch Time 16.8433 | Train Total Time(Profiler) 5.1499 | Copy Time 11.6752
[Sample Worker 1/2] Started with PID 83839(Tesla V100-SXM2-32GB)
[Sample Worker 1] run sample for 4 epochs with 501 steps
[Sample Worker 1] Avg Sample Total Time 15.2307 | Sampler Total Time(Profiler) 15.2246
    [Step(average) Profiler Level 1 E3 S500]
        L1  sample           0.025337 | send           0.005024
        L1  recv             0.000000 | copy           0.000000 | convert time 0.000000 | train  0.000000
        L1  feature nbytes 0.00 Bytes | label nbytes 0.00 Bytes
        L1  id nbytes      0.00 Bytes | graph nbytes 0.00 Bytes
        L1  miss nbytes    0.00 Bytes | remote nbytes 0.00 Bytes
        L1  num nodes         4298793 | num samples     5578336
    [Step(average) Profiler Level 2 E3 S500]
        L2  shuffle     0.000648 | core sample  0.011482 | id remap        0.012979
        L2  graph copy  0.000000 | id copy      0.000000 | cache feat copy 0.000000
        L2  last layer sample time 0.000749 | size 227991.105788
    [Step(average) Profiler Level 3 E3 S500]
        L3  khop sample coo  0.009181 | khop sort coo      0.000000 | khop count edge     0.000075 | khop compact edge 0.002162
        L3  walk sample coo  0.000000 | walk topk total    0.000000 | walk topk step1     0.000000 | walk topk step2   0.000000
        L3  walk topk step3  0.000000 | walk topk step4    0.000000 | walk topk step5     0.000000
        L3  walk topk step6  0.000000 | walk topk step7    0.000000
        L3  remap unique     0.000216 | remap populate     0.010687 | remap mapnode       0.000000 | remap mapedge     0.002311
        L3  cache get_index  0.000000 | cache copy_index   0.000000 | cache extract_miss  0.000000
        L3  cache copy_miss  0.000000 | cache combine_miss 0.000000 | cache combine cache 0.000000 | cache combine remote 0.000000
        L3  label extract  0.000000
    [Init Profiler Level 1]
        L1  init     9.7390 | sampler init   277.3110 | trainer init 0.0000
    [Init Profiler Level 2]
        L2  load ds        12.7056 | init queue         154.2582
        L2  presample     117.4005 | build interal ds     2.6808
        L2  build cache     0.0000
    [Init Profiler Level 3]
        L3  load dataset: mmap     9.7352 | copy         2.9704
        L3  dist queue: alloc      0.0008 | pin        154.2573 | push     0.0000
        L3  presample: init        0.2418
        L3  presample: sample     50.0950 | copy         2.7946
        L3  presample: count      63.4636 | sort         0.4833
        L3  presample: reset       0.0012 | get rank     0.0251
        L3  internal: cuda ctx     2.3090 | cuda stream     0.3455
[Sample Worker 0/2] Started with PID 83836(Tesla V100-SXM2-32GB)
[Sample Worker 0] run sample for 4 epochs with 501 steps
[Sample Worker 0] Avg Sample Total Time 15.2298 | Sampler Total Time(Profiler) 15.2109
test_result:sample_time=12.6940
test_result:get_cache_miss_index_time=0.0000
test_result:enqueue_samples_time=2.5169
test_result:epoch_time:sample_total=15.2298
[CUDA] cuda0: usage: 26.08 GB
[SAM] cuda0 data alloc        : 0.00 Bytes
[SAM] cuda0 workspace         : 9.20 GB
[SAM] cuda0 workspace reserve : 4.56 GB
[SAM] cuda0 total             : 9.20 GB
    [Step(average) Profiler Level 1 E3 S1001]
        L1  sample           0.000000 | send           0.000000
        L1  recv             0.008723 | copy           0.063787 | convert time 0.000481 | train  0.036491
        L1  feature nbytes    4.10 GB | label nbytes   62.50 KB
        L1  id nbytes      0.00 Bytes | graph nbytes 0.00 Bytes
        L1  miss nbytes     192.77 MB | remote nbytes    2.61 GB
        L1  num nodes               0 | num samples           0
    [Step(average) Profiler Level 2 E3 S1001]
        L2  shuffle     0.000000 | core sample  0.000000 | id remap        0.000000
        L2  graph copy  0.000004 | id copy      0.000000 | cache feat copy 0.055060
        L2  last layer sample time 0.000000 | size 0.000000
    [Step(average) Profiler Level 3 E3 S1001]
        L3  khop sample coo  0.000000 | khop sort coo      0.000000 | khop count edge     0.000000 | khop compact edge 0.000000
        L3  walk sample coo  0.000000 | walk topk total    0.000000 | walk topk step1     0.000000 | walk topk step2   0.000000
        L3  walk topk step3  0.000000 | walk topk step4    0.000000 | walk topk step5     0.000000
        L3  walk topk step6  0.000000 | walk topk step7    0.000000
        L3  remap unique     0.000000 | remap populate     0.000000 | remap mapnode       0.000000 | remap mapedge     0.000000
        L3  cache get_index  0.002779 | cache copy_index   0.000000 | cache extract_miss  0.000000
        L3  cache copy_miss  0.000000 | cache combine_miss 0.048752 | cache combine cache 0.004606 | cache combine remote 0.037082
        L3  label extract  0.000020
    [Step(max) Profiler Level 1 E3 S1001]
        L1  sample           0.000000 | send           0.000000
        L1  recv             0.000000 | copy           0.000000 | convert time 0.000000 | train  0.000000
        L1  feature nbytes 0.00 Bytes | label nbytes 0.00 Bytes
        L1  id nbytes      0.00 Bytes | graph nbytes   42.91 MB
        L1  miss nbytes    0.00 Bytes | remote nbytes 0.00 Bytes
        L1  num nodes               0 | num samples           0
    [Step(max) Profiler Level 2 E3 S1001]
        L2  shuffle     0.000000 | core sample  0.000000 | id remap        0.000000
        L2  graph copy  0.000000 | id copy      0.000000 | cache feat copy 0.000000
        L2  last layer sample time 0.000000 | size 0.000000
    [Step(max) Profiler Level 3 E3 S1001]
        L3  khop sample coo  0.000000 | khop sort coo      0.000000 | khop count edge     0.000000 | khop compact edge 0.000000
        L3  walk sample coo  0.000000 | walk topk total    0.000000 | walk topk step1     0.000000 | walk topk step2   0.000000
        L3  walk topk step3  0.000000 | walk topk step4    0.000000 | walk topk step5     0.000000
        L3  walk topk step6  0.000000 | walk topk step7    0.000000
        L3  remap unique     0.000000 | remap populate     0.000000 | remap mapnode       0.000000 | remap mapedge     0.000000
        L3  cache get_index  0.000000 | cache copy_index   0.000000 | cache extract_miss  0.000000
        L3  cache copy_miss  0.000000 | cache combine_miss 0.000000 | cache combine cache 0.000000 | cache combine remote 0.000000
        L3  label extract  0.000000
    [Step(min) Profiler Level 1 E3 S1001]
        L1  sample           0.000000 | send           0.000000
        L1  recv             0.000000 | copy           0.000000 | convert time 0.000000 | train  0.000000
        L1  feature nbytes 0.00 Bytes | label nbytes 0.00 Bytes
        L1  id nbytes      0.00 Bytes | graph nbytes   42.42 MB
        L1  miss nbytes    0.00 Bytes | remote nbytes 0.00 Bytes
        L1  num nodes               0 | num samples           0
    [Step(min) Profiler Level 2 E3 S1001]
        L2  shuffle     0.000000 | core sample  0.000000 | id remap        0.000000
        L2  graph copy  0.000000 | id copy      0.000000 | cache feat copy 0.000000
        L2  last layer sample time 0.000000 | size 0.000000
    [Step(min) Profiler Level 3 E3 S1001]
        L3  khop sample coo  0.000000 | khop sort coo      0.000000 | khop count edge     0.000000 | khop compact edge 0.000000
        L3  walk sample coo  0.000000 | walk topk total    0.000000 | walk topk step1     0.000000 | walk topk step2   0.000000
        L3  walk topk step3  0.000000 | walk topk step4    0.000000 | walk topk step5     0.000000
        L3  walk topk step6  0.000000 | walk topk step7    0.000000
        L3  remap unique     0.000000 | remap populate     0.000000 | remap mapnode       0.000000 | remap mapedge     0.000000
        L3  cache get_index  0.000000 | cache copy_index   0.000000 | cache extract_miss  0.000000
        L3  cache copy_miss  0.000000 | cache combine_miss 0.000000 | cache combine cache 0.000000 | cache combine remote 0.000000
        L3  label extract  0.000000
    [Init Profiler Level 1]
        L1  init     9.7390 | sampler init     0.0000 | trainer init 524.5961
    [Init Profiler Level 2]
        L2  load ds         9.7352 | init queue         154.1472
        L2  presample       0.0000 | build interal ds     2.0878
        L2  build cache   368.3449
    [Init Profiler Level 3]
        L3  load dataset: mmap     9.7352 | copy         0.0000
        L3  dist queue: alloc      0.0008 | pin        154.1464 | push     0.0000
        L3  presample: init        0.0000
        L3  presample: sample      0.0000 | copy         0.0000
        L3  presample: count       0.0000 | sort         0.0000
        L3  presample: reset       0.0000 | get rank     0.0000
        L3  internal: cuda ctx     2.0877 | cuda stream     0.0001
|===========================================================================|
|                  PyTorch CUDA memory summary, device ID 0                 |
|---------------------------------------------------------------------------|
|            CUDA OOMs: 0            |        cudaMalloc retries: 0         |
|===========================================================================|
|        Metric         | Cur Usage  | Peak Usage | Tot Alloc  | Tot Freed  |
|---------------------------------------------------------------------------|
| Allocated memory      |   59978 KB |    2616 MB |    3608 GB |    3608 GB |
|       from large pool |   51218 KB |    2615 MB |    3596 GB |    3596 GB |
|       from small pool |    8760 KB |      11 MB |      12 GB |      12 GB |
|---------------------------------------------------------------------------|
| Active memory         |   59979 KB |    2616 MB |    3608 GB |    3608 GB |
|       from large pool |   51218 KB |    2615 MB |    3596 GB |    3596 GB |
|       from small pool |    8761 KB |      11 MB |      12 GB |      12 GB |
|---------------------------------------------------------------------------|
| GPU reserved memory   |    2640 MB |    2640 MB |    2640 MB |       0 B  |
|       from large pool |    2624 MB |    2624 MB |    2624 MB |       0 B  |
|       from small pool |      16 MB |      16 MB |      16 MB |       0 B  |
|---------------------------------------------------------------------------|
| Non-releasable memory |   28085 KB |    2242 MB |    3314 GB |    3314 GB |
|       from large pool |   22510 KB |    2236 MB |    3301 GB |    3301 GB |
|       from small pool |    5575 KB |       8 MB |      12 GB |      12 GB |
|---------------------------------------------------------------------------|
| Allocations           |      39    |      56    |   91555    |   91516    |
|       from large pool |       3    |      14    |   36740    |   36737    |
|       from small pool |      36    |      45    |   54815    |   54779    |
|---------------------------------------------------------------------------|
| Active allocs         |      40    |      56    |   91555    |   91515    |
|       from large pool |       3    |      14    |   36740    |   36737    |
|       from small pool |      37    |      45    |   54815    |   54778    |
|---------------------------------------------------------------------------|
| GPU reserved segments |      16    |      16    |      16    |       0    |
|       from large pool |       8    |       8    |       8    |       0    |
|       from small pool |       8    |       8    |       8    |       0    |
|---------------------------------------------------------------------------|
| Non-releasable allocs |      20    |      28    |   35829    |   35809    |
|       from large pool |       4    |      10    |   20856    |   20852    |
|       from small pool |      16    |      20    |   14973    |   14957    |
|---------------------------------------------------------------------------|
| Oversize allocations  |       0    |       0    |       0    |       0    |
|---------------------------------------------------------------------------|
| Oversize GPU segments |       0    |       0    |       0    |       0    |
|===========================================================================|

test_result:epoch_time:copy_time=8.8541
test_result:convert_time=0.0805
test_result:train_time=7.8927
test_result:epoch_time:train_total=7.9732
test_result:cache_percentage=0.1500
test_result:cache_hit_rate=1.0000
test_result:run_time=129.8448
