config:eval_tsp="2022-12-06 14:08:56"
config:arch=arch5
config:num_train_worker=6
config:num_sample_worker=2
config:sample_type=khop2
config:root_path=/nvme/samgraph/
config:dataset=papers100M-undir
config:pipeline=False
config:cache_policy=clique_part
config:cache_percentage=0.05
config:num_epoch=4
config:batch_size=8000
config:num_hidden=256
config:max_sampling_jobs=1
config:max_copying_jobs=1
config:barriered_epoch=1
config:presample_epoch=2
config:omp_thread_num=6
config:unsupervised=True
config:amp=True
config:rolling=0
config:fanout=[25, 10]
config:lr=0.003
config:dropout=0.5
config:single_gpu=False
config:max_num_step=1000
config:validate_configs=False
config:report_acc=0
config:dataset_path=/nvme/samgraph/papers100M-undir
config:torch_thread_num=8
config:train_workers=['cuda:0', 'cuda:1', 'cuda:2', 'cuda:3', 'cuda:4', 'cuda:5']
config:sample_workers=['cuda:6', 'cuda:7']
config:num_fanout=2
config:num_layer=2
config:_run_mode=RunMode.FGNN
config:_log_level=warn
config:_profile_level=3
config:_empty_feat=0
config:_arch=5
config:_sample_type=5
config:_cache_policy=14
test_result:init:input_scale_factor=1.1
coll_cache:optimal_rep_storage=0
coll_cache:optimal_part_storage=0.15
coll_cache:optimal_cpu_storage=0.85
coll_cache:optimal_local_storage=0.05
coll_cache:optimal_remote_storage=0.1
coll_cache:optimal_local_rate=0.193143
coll_cache:optimal_remote_rate=0.386286
coll_cache:optimal_cpu_rate=0.420572
z=150415,150415,163340,150415,163340,150415,
test_result:init:feat_nbytes=56862697472
test_result:init:cache_nbytes=2848820224
test_result:init:feat_nbytes=56862697472
test_result:init:cache_nbytes=2848820224
test_result:init:feat_nbytes=56862697472
test_result:init:cache_nbytes=2848820224
test_result:init:feat_nbytes=56862697472
test_result:init:cache_nbytes=2848820224
test_result:init:feat_nbytes=56862697472
test_result:init:cache_nbytes=2848820224
test_result:init:feat_nbytes=56862697472
test_result:init:cache_nbytes=2848820224
[Train  Worker 2/6] Started with PID 727(Tesla V100-SXM2-32GB)
[Train  Worker 2] run train for 4 epochs with 1002 steps
[Train  Worker 1/6] Started with PID 724(Tesla V100-SXM2-32GB)
[Train  Worker 1] run train for 4 epochs with 1002 steps
[Train  Worker 3/6] Started with PID 730(Tesla V100-SXM2-32GB)
[Train  Worker 3] run train for 4 epochs with 1002 steps
[Train  Worker 5/6] Started with PID 736(Tesla V100-SXM2-32GB)
[Train  Worker 5] run train for 4 epochs with 1002 steps
[CUDA] cuda0: usage: 11.79 GB
[SAM] cuda0 data alloc        : 0.00 Bytes
[SAM] cuda0 workspace         : 4.60 GB
[SAM] cuda0 workspace reserve : 2.30 GB
[SAM] cuda0 total             : 4.60 GB
[Train  Worker 0/6] Started with PID 721(Tesla V100-SXM2-32GB)
[Train  Worker 0] run train for 4 epochs with 1002 steps
Epoch 00000 | Epoch Time 95.1027 | Total Train Time(Profiler) 56.3231 | Copy Time 38.7609
[Train  Worker 4/6] Started with PID 733(Tesla V100-SXM2-32GB)
[Train  Worker 4] run train for 4 epochs with 1002 steps
[CUDA] cuda0: usage: 11.79 GB
[SAM] cuda0 data alloc        : 0.00 Bytes
[SAM] cuda0 workspace         : 4.60 GB
[SAM] cuda0 workspace reserve : 2.30 GB
[SAM] cuda0 total             : 4.60 GB
Epoch 00001 | Epoch Time 93.8125 | Total Train Time(Profiler) 55.1223 | Copy Time 38.6725
[CUDA] cuda0: usage: 11.79 GB
[SAM] cuda0 data alloc        : 0.00 Bytes
[SAM] cuda0 workspace         : 4.60 GB
[SAM] cuda0 workspace reserve : 2.30 GB
[SAM] cuda0 total             : 4.60 GB
Epoch 00002 | Epoch Time 93.9246 | Total Train Time(Profiler) 55.2356 | Copy Time 38.6713
[CUDA] cuda0: usage: 11.79 GB
[SAM] cuda0 data alloc        : 0.00 Bytes
[SAM] cuda0 workspace         : 4.60 GB
[SAM] cuda0 workspace reserve : 2.30 GB
[SAM] cuda0 total             : 4.60 GB
Epoch 00003 | Epoch Time 93.7451 | Total Train Time(Profiler) 55.0539 | Copy Time 38.6735
[Train  Worker 0] Avg Epoch Time 93.8274 | Train Total Time(Profiler) 55.1373 | Copy Time 38.6724
[Train  Worker 1] Avg Epoch Time 93.8275 | Train Total Time(Profiler) 4.5537 | Copy Time 89.2562
[Train  Worker 4] Avg Epoch Time 93.8275 | Train Total Time(Profiler) 4.3543 | Copy Time 89.4553
[Train  Worker 3] Avg Epoch Time 93.8274 | Train Total Time(Profiler) 4.3596 | Copy Time 89.4500
[Train  Worker 5] Avg Epoch Time 93.8274 | Train Total Time(Profiler) 54.9942 | Copy Time 38.8148
[Train  Worker 2] Avg Epoch Time 93.8275 | Train Total Time(Profiler) 4.5425 | Copy Time 89.2669
[Sample Worker 1/2] Started with PID 718(Tesla V100-SXM2-32GB)
[Sample Worker 1] run sample for 4 epochs with 501 steps
[Sample Worker 1] Avg Sample Total Time 14.1940 | Sampler Total Time(Profiler) 14.1687
    [Step(average) Profiler Level 1 E3 S500]
        L1  sample           0.023479 | send           0.004842
        L1  recv             0.000000 | copy           0.000000 | convert time 0.000000 | train  0.000000
        L1  feature nbytes 0.00 Bytes | label nbytes 0.00 Bytes
        L1  id nbytes      0.00 Bytes | graph nbytes 0.00 Bytes
        L1  miss nbytes    0.00 Bytes | remote nbytes 0.00 Bytes
        L1  num nodes         4279062 | num samples     5311253
    [Step(average) Profiler Level 2 E3 S500]
        L2  shuffle     0.000606 | core sample  0.010192 | id remap        0.012451
        L2  graph copy  0.000000 | id copy      0.000000 | cache feat copy 0.000000
        L2  last layer sample time 0.000732 | size 228622.534265
    [Step(average) Profiler Level 3 E3 S500]
        L3  khop sample coo  0.007994 | khop sort coo      0.000000 | khop count edge     0.000074 | khop compact edge 0.002062
        L3  walk sample coo  0.000000 | walk topk total    0.000000 | walk topk step1     0.000000 | walk topk step2   0.000000
        L3  walk topk step3  0.000000 | walk topk step4    0.000000 | walk topk step5     0.000000
        L3  walk topk step6  0.000000 | walk topk step7    0.000000
        L3  remap unique     0.000217 | remap populate     0.010317 | remap mapnode       0.000000 | remap mapedge     0.002153
        L3  cache get_index  0.000000 | cache copy_index   0.000000 | cache extract_miss  0.000000
        L3  cache copy_miss  0.000000 | cache combine_miss 0.000000 | cache combine cache 0.000000 | cache combine remote 0.000000
        L3  label extract  0.000000
    [Init Profiler Level 1]
        L1  init    41.2156 | sampler init   275.9870 | trainer init 0.0000
    [Init Profiler Level 2]
        L2  load ds        43.8973 | init queue         156.1502
        L2  presample     114.3932 | build interal ds     2.7583
        L2  build cache     0.0000
    [Init Profiler Level 3]
        L3  load dataset: mmap    41.2117 | copy         2.6856
        L3  dist queue: alloc      0.0009 | pin        156.1493 | push     0.0000
        L3  presample: init        0.3941
        L3  presample: sample     46.4352 | copy         2.7807
        L3  presample: count      64.0624 | sort         0.2485
        L3  presample: reset       0.0012 | get rank     0.0239
        L3  internal: cuda ctx     2.4366 | cuda stream     0.2951
[Sample Worker 0/2] Started with PID 715(Tesla V100-SXM2-32GB)
[Sample Worker 0] run sample for 4 epochs with 501 steps
[Sample Worker 0] Avg Sample Total Time 14.1948 | Sampler Total Time(Profiler) 14.1885
test_result:sample_time=11.7628
test_result:get_cache_miss_index_time=0.0000
test_result:enqueue_samples_time=2.4257
test_result:epoch_time:sample_total=14.1948
[CUDA] cuda0: usage: 11.79 GB
[SAM] cuda0 data alloc        : 0.00 Bytes
[SAM] cuda0 workspace         : 4.60 GB
[SAM] cuda0 workspace reserve : 2.30 GB
[SAM] cuda0 total             : 4.60 GB
    [Step(average) Profiler Level 1 E3 S1001]
        L1  sample           0.000000 | send           0.000000
        L1  recv             0.008400 | copy           0.434015 | convert time 0.000523 | train  0.127198
        L1  feature nbytes    2.04 GB | label nbytes   62.50 KB
        L1  id nbytes      0.00 Bytes | graph nbytes 0.00 Bytes
        L1  miss nbytes    0.00 Bytes | remote nbytes 0.00 Bytes
        L1  num nodes               0 | num samples           0
    [Step(average) Profiler Level 2 E3 S1001]
        L2  shuffle     0.000000 | core sample  0.000000 | id remap        0.000000
        L2  graph copy  0.000004 | id copy      0.000000 | cache feat copy 0.425610
        L2  last layer sample time 0.000000 | size 0.000000
    [Step(average) Profiler Level 3 E3 S1001]
        L3  khop sample coo  0.000000 | khop sort coo      0.000000 | khop count edge     0.000000 | khop compact edge 0.000000
        L3  walk sample coo  0.000000 | walk topk total    0.000000 | walk topk step1     0.000000 | walk topk step2   0.000000
        L3  walk topk step3  0.000000 | walk topk step4    0.000000 | walk topk step5     0.000000
        L3  walk topk step6  0.000000 | walk topk step7    0.000000
        L3  remap unique     0.000000 | remap populate     0.000000 | remap mapnode       0.000000 | remap mapedge     0.000000
        L3  cache get_index  0.000000 | cache copy_index   0.000000 | cache extract_miss  0.000000
        L3  cache copy_miss  0.000000 | cache combine_miss 0.000000 | cache combine cache 0.425574 | cache combine remote 0.000000
        L3  label extract  0.000025
    [Step(max) Profiler Level 1 E3 S1001]
        L1  sample           0.000000 | send           0.000000
        L1  recv             0.000000 | copy           0.000000 | convert time 0.000000 | train  0.000000
        L1  feature nbytes 0.00 Bytes | label nbytes 0.00 Bytes
        L1  id nbytes      0.00 Bytes | graph nbytes   40.93 MB
        L1  miss nbytes    0.00 Bytes | remote nbytes 0.00 Bytes
        L1  num nodes               0 | num samples           0
    [Step(max) Profiler Level 2 E3 S1001]
        L2  shuffle     0.000000 | core sample  0.000000 | id remap        0.000000
        L2  graph copy  0.000000 | id copy      0.000000 | cache feat copy 0.000000
        L2  last layer sample time 0.000000 | size 0.000000
    [Step(max) Profiler Level 3 E3 S1001]
        L3  khop sample coo  0.000000 | khop sort coo      0.000000 | khop count edge     0.000000 | khop compact edge 0.000000
        L3  walk sample coo  0.000000 | walk topk total    0.000000 | walk topk step1     0.000000 | walk topk step2   0.000000
        L3  walk topk step3  0.000000 | walk topk step4    0.000000 | walk topk step5     0.000000
        L3  walk topk step6  0.000000 | walk topk step7    0.000000
        L3  remap unique     0.000000 | remap populate     0.000000 | remap mapnode       0.000000 | remap mapedge     0.000000
        L3  cache get_index  0.000000 | cache copy_index   0.000000 | cache extract_miss  0.000000
        L3  cache copy_miss  0.000000 | cache combine_miss 0.000000 | cache combine cache 0.000000 | cache combine remote 0.000000
        L3  label extract  0.000000
    [Step(min) Profiler Level 1 E3 S1001]
        L1  sample           0.000000 | send           0.000000
        L1  recv             0.000000 | copy           0.000000 | convert time 0.000000 | train  0.000000
        L1  feature nbytes 0.00 Bytes | label nbytes 0.00 Bytes
        L1  id nbytes      0.00 Bytes | graph nbytes   40.37 MB
        L1  miss nbytes    0.00 Bytes | remote nbytes 0.00 Bytes
        L1  num nodes               0 | num samples           0
    [Step(min) Profiler Level 2 E3 S1001]
        L2  shuffle     0.000000 | core sample  0.000000 | id remap        0.000000
        L2  graph copy  0.000000 | id copy      0.000000 | cache feat copy 0.000000
        L2  last layer sample time 0.000000 | size 0.000000
    [Step(min) Profiler Level 3 E3 S1001]
        L3  khop sample coo  0.000000 | khop sort coo      0.000000 | khop count edge     0.000000 | khop compact edge 0.000000
        L3  walk sample coo  0.000000 | walk topk total    0.000000 | walk topk step1     0.000000 | walk topk step2   0.000000
        L3  walk topk step3  0.000000 | walk topk step4    0.000000 | walk topk step5     0.000000
        L3  walk topk step6  0.000000 | walk topk step7    0.000000
        L3  remap unique     0.000000 | remap populate     0.000000 | remap mapnode       0.000000 | remap mapedge     0.000000
        L3  cache get_index  0.000000 | cache copy_index   0.000000 | cache extract_miss  0.000000
        L3  cache copy_miss  0.000000 | cache combine_miss 0.000000 | cache combine cache 0.000000 | cache combine remote 0.000000
        L3  label extract  0.000000
    [Init Profiler Level 1]
        L1  init    41.2156 | sampler init     0.0000 | trainer init 289.4193
    [Init Profiler Level 2]
        L2  load ds        41.2117 | init queue         156.0322
        L2  presample       0.0000 | build interal ds     2.2127
        L2  build cache   131.1611
    [Init Profiler Level 3]
        L3  load dataset: mmap    41.2117 | copy         0.0000
        L3  dist queue: alloc      0.0009 | pin        156.0314 | push     0.0000
        L3  presample: init        0.0000
        L3  presample: sample      0.0000 | copy         0.0000
        L3  presample: count       0.0000 | sort         0.0000
        L3  presample: reset       0.0000 | get rank     0.0000
        L3  internal: cuda ctx     2.2127 | cuda stream     0.0001
|===========================================================================|
|                  PyTorch CUDA memory summary, device ID 0                 |
|---------------------------------------------------------------------------|
|            CUDA OOMs: 0            |        cudaMalloc retries: 0         |
|===========================================================================|
|        Metric         | Cur Usage  | Peak Usage | Tot Alloc  | Tot Freed  |
|---------------------------------------------------------------------------|
| Allocated memory      |   65187 KB |    1421 MB |    2912 GB |    2912 GB |
|       from large pool |   56926 KB |    1420 MB |    2900 GB |    2900 GB |
|       from small pool |    8261 KB |      10 MB |      11 GB |      11 GB |
|---------------------------------------------------------------------------|
| Active memory         |   65187 KB |    1421 MB |    2912 GB |    2912 GB |
|       from large pool |   56926 KB |    1420 MB |    2900 GB |    2900 GB |
|       from small pool |    8261 KB |      10 MB |      11 GB |      11 GB |
|---------------------------------------------------------------------------|
| GPU reserved memory   |    1688 MB |    1688 MB |    1688 MB |       0 B  |
|       from large pool |    1672 MB |    1672 MB |    1672 MB |       0 B  |
|       from small pool |      16 MB |      16 MB |      16 MB |       0 B  |
|---------------------------------------------------------------------------|
| Non-releasable memory |   37212 KB |    1223 MB |    3120 GB |    3120 GB |
|       from large pool |   33186 KB |    1217 MB |    3108 GB |    3108 GB |
|       from small pool |    4026 KB |       8 MB |      12 GB |      12 GB |
|---------------------------------------------------------------------------|
| Allocations           |      39    |      56    |   91531    |   91492    |
|       from large pool |       3    |      14    |   36740    |   36737    |
|       from small pool |      36    |      45    |   54791    |   54755    |
|---------------------------------------------------------------------------|
| Active allocs         |      40    |      56    |   91531    |   91491    |
|       from large pool |       3    |      14    |   36740    |   36737    |
|       from small pool |      37    |      45    |   54791    |   54754    |
|---------------------------------------------------------------------------|
| GPU reserved segments |      17    |      17    |      17    |       0    |
|       from large pool |       9    |       9    |       9    |       0    |
|       from small pool |       8    |       8    |       8    |       0    |
|---------------------------------------------------------------------------|
| Non-releasable allocs |      16    |      30    |   37878    |   37862    |
|       from large pool |       3    |      12    |   21284    |   21281    |
|       from small pool |      13    |      21    |   16594    |   16581    |
|---------------------------------------------------------------------------|
| Oversize allocations  |       0    |       0    |       0    |       0    |
|---------------------------------------------------------------------------|
| Oversize GPU segments |       0    |       0    |       0    |       0    |
|===========================================================================|

test_result:epoch_time:copy_time=38.6724
test_result:convert_time=0.0876
test_result:train_time=55.0496
test_result:epoch_time:train_total=55.1373
test_result:cache_percentage=0.0500
test_result:cache_hit_rate=1.0000
test_result:run_time=433.3770
