[2022-12-06 22:32:18.231498: W /samgraph/samgraph/common/cpu/mmap_cpu_device.cc:92] mmap allocating space 13.46 GB
[2022-12-06 22:32:18.231601: W /samgraph/samgraph/common/cpu/mmap_cpu_device.cc:97] mmap allocating space 13.46 GB done
[2022-12-06 22:32:25.794041: W /samgraph/samgraph/common/cpu/mmap_cpu_device.cc:92] mmap allocating space 62.57 GB
[2022-12-06 22:32:25.794152: W /samgraph/samgraph/common/cpu/mmap_cpu_device.cc:97] mmap allocating space 62.57 GB done
[2022-12-06 22:32:25.794236: W /samgraph/samgraph/common/cpu/cpu_device.cc:39] WORKER[0] alloc host memory 13.46 GB
[2022-12-06 22:32:27.896529: E /samgraph/samgraph/common/engine.cc:272] Train set size 30.58 MB
[2022-12-06 22:32:27.897439: W /samgraph/samgraph/common/cpu/mmap_cpu_device.cc:92] mmap allocating space 293.56 GB
[2022-12-06 22:32:27.897475: W /samgraph/samgraph/common/cpu/mmap_cpu_device.cc:97] mmap allocating space 293.56 GB done
/usr/lib/python3/dist-packages/requests/__init__.py:89: RequestsDependencyWarning: urllib3 (1.26.12) or chardet (3.0.4) doesn't match a supported version!
  warnings.warn("urllib3 ({}) or chardet ({}) doesn't match a supported "
[2022-12-06 22:32:28.532461: W /samgraph/samgraph/common/dist/dist_engine.cc:662] Trainer[0] initializing...
[2022-12-06 22:32:28.601330: W /samgraph/samgraph/common/dist/dist_engine.cc:662] Trainer[1] initializing...
[2022-12-06 22:32:28.607590: W /samgraph/samgraph/common/dist/dist_engine.cc:662] Trainer[2] initializing...
[2022-12-06 22:32:28.788013: W /samgraph/samgraph/common/dist/dist_engine.cc:662] Trainer[3] initializing...
[2022-12-06 22:32:28.852427: W /samgraph/samgraph/common/dist/dist_engine.cc:662] Trainer[4] initializing...
[2022-12-06 22:32:28.861453: W /samgraph/samgraph/common/dist/dist_engine.cc:662] Trainer[5] initializing...
[2022-12-06 22:32:30.594563: W /samgraph/samgraph/common/dist/dist_engine.cc:666] Trainer[0] pin memory queue...
[2022-12-06 22:32:30.628970: W /samgraph/samgraph/common/dist/dist_engine.cc:666] Trainer[1] pin memory queue...
[2022-12-06 22:32:30.654315: W /samgraph/samgraph/common/dist/dist_engine.cc:666] Trainer[2] pin memory queue...
[2022-12-06 22:32:30.703826: W /samgraph/samgraph/common/dist/dist_engine.cc:666] Trainer[3] pin memory queue...
[2022-12-06 22:32:30.710303: W /samgraph/samgraph/common/dist/dist_engine.cc:666] Trainer[5] pin memory queue...
[2022-12-06 22:32:30.711554: W /samgraph/samgraph/common/dist/dist_engine.cc:666] Trainer[4] pin memory queue...
[2022-12-06 22:35:04.876971: E /samgraph/samgraph/common/dist/dist_engine.cc:85] Running on V100
[2022-12-06 22:35:04.877087: E /samgraph/samgraph/common/dist/dist_engine.cc:85] Running on V100[
2022-12-06 22:35:04.877136: E /samgraph/samgraph/common/dist/dist_engine.cc:85] Running on V100[
2022-12-06 22:35:04.877180: E /samgraph/samgraph/common/dist/dist_engine.cc:85] Running on V100
[[2022-12-06 22:35:042022-12-06 22:35:04..878111878124: : WW  [/samgraph/samgraph/common/dist/dist_engine.cc/samgraph/samgraph/common/dist/dist_engine.cc2022-12-06 22:35:04[::.2022-12-06 22:35:04701701878187.] ] : 878205Trainer[3] register host memory...Trainer[0] register host memory...W: 

 W/samgraph/samgraph/common/dist/dist_engine.cc :/samgraph/samgraph/common/dist/dist_engine.cc701:] 701Trainer[1] register host memory...] 
Trainer[4] register host memory...
[2022-12-06 22:35:04.903257: E /samgraph/samgraph/common/dist/dist_engine.cc:85] Running on V100
[2022-12-06 22:35:04.903788: W /samgraph/samgraph/common/dist/dist_engine.cc:701] Trainer[2] register host memory...
[2022-12-06 22:35:04.969652: E /samgraph/samgraph/common/dist/dist_engine.cc:85] Running on V100
[2022-12-06 22:35:04.969998: W /samgraph/samgraph/common/dist/dist_engine.cc:701] Trainer[5] register host memory...
[2022-12-06 22:35:05.184527: E /samgraph/samgraph/common/dist/dist_engine.cc:85] Running on V100
[2022-12-06 22:35:05.185151: E /samgraph/samgraph/common/dist/dist_engine.cc:85] Running on V100
[2022-12-06 22:35:05.185318: W /samgraph/samgraph/common/cpu/cpu_device.cc:39] WORKER[0] alloc host memory 30.58 MB
[2022-12-06 22:35:05.207569: W /samgraph/samgraph/common/cuda/cuda_device.cc:49] GPU[6] alloc cuda memory 250.28 MB
[2022-12-06 22:35:05.283907: W /samgraph/samgraph/common/cuda/cuda_device.cc:49] GPU[6] alloc cuda memory 13.46 GB
[2022-12-06 22:35:08.189607: W /samgraph/samgraph/common/cpu/cpu_device.cc:39] WORKER[0] alloc host memory 38.23 MB
[2022-12-06 22:35:08.212949: W /samgraph/samgraph/common/cuda/cuda_device.cc:49] GPU[6] alloc cuda memory 19.12 MB
[2022-12-06 22:35:08.213612: W /samgraph/samgraph/common/cuda/cuda_device.cc:49] GPU[6] alloc cuda memory 256.00 MB
[2022-12-06 22:35:08.213915: W /samgraph/samgraph/common/cuda/cuda_device.cc:49] GPU[6] alloc cuda memory 26.18 MB
[2022-12-06 22:35:08.214638: W /samgraph/samgraph/common/cuda/cuda_device.cc:49] GPU[6] alloc cuda memory 28.56 MB
[2022-12-06 22:35:08.215631: W /samgraph/samgraph/common/cpu/cpu_device.cc:39] WORKER[0] alloc host memory 38.23 MB
[2022-12-06 22:35:08.239199: E /samgraph/samgraph/common/dist/pre_sampler.cc:41] Dist Presampler making shuffler...
[2022-12-06 22:35:08.239262: W /samgraph/samgraph/common/cpu/cpu_device.cc:39] WORKER[0] alloc host memory 38.23 MB
[2022-12-06 22:35:08.263202: W /samgraph/samgraph/common/cuda/cuda_device.cc:49] GPU[6] alloc cuda memory 38.23 MB
[2022-12-06 22:35:08.263250: E /samgraph/samgraph/common/dist/pre_sampler.cc:44] Dist Presampler making shuffler...Done
[2022-12-06 22:35:08.263277: W /samgraph/samgraph/common/cpu/cpu_device.cc:39] WORKER[0] alloc host memory 500.55 MB
[2022-12-06 22:35:08.480650: E /samgraph/samgraph/common/dist/pre_sampler.cc:85] Dist Presampler doing presample epoch 0
[2022-12-06 22:35:08.806538: W /samgraph/samgraph/common/cuda/cuda_device.cc:49] GPU[6] alloc cuda memory 27.25 MB
[2022-12-06 22:35:08.806887: W /samgraph/samgraph/common/cuda/cuda_device.cc:49] GPU[6] alloc cuda memory 27.25 MB
[2022-12-06 22:35:08.807172: W /samgraph/samgraph/common/cuda/cuda_device.cc:49] GPU[6] alloc cuda memory 27.25 MB
[2022-12-06 22:35:08.807447: W /samgraph/samgraph/common/cuda/cuda_device.cc:49] GPU[6] alloc cuda memory 27.25 MB
[2022-12-06 22:35:08.829356: W /samgraph/samgraph/common/cuda/cuda_device.cc:49] GPU[6] alloc cuda memory 25.66 MB
[2022-12-06 22:35:08.831674: W /samgraph/samgraph/common/cpu/cpu_device.cc:39] WORKER[0] alloc host memory 20.59 MB
[2022-12-06 22:36:06.732752: E /samgraph/samgraph/common/dist/pre_sampler.cc:129] presample spend 25.0464 on sample, 1.40238 on copy, 31.7897 on count
[2022-12-06 22:36:06.732845: E /samgraph/samgraph/common/dist/pre_sampler.cc:85] Dist Presampler doing presample epoch 1
[2022-12-06 22:37:04.903401: E /samgraph/samgraph/common/dist/pre_sampler.cc:129] presample spend 50.0842 on sample, 2.79523 on copy, 63.5162 on count
[2022-12-06 22:37:04.903531: E /samgraph/samgraph/common/dist/pre_sampler.cc:136] max_num_inputs = 4323499, min_num_inputs = 4272459
[2022-12-06 22:37:05.133489: E /samgraph/samgraph/common/dist/pre_sampler.cc:148] presample spend 0.229853 on sort freq.
[2022-12-06 22:37:05.376660: E /samgraph/samgraph/common/dist/dist_engine.cc:524] pre sample done, delete it
[[[[[[2022-12-06 22:37:052022-12-06 22:37:052022-12-06 22:37:052022-12-06 22:37:052022-12-06 22:37:052022-12-06 22:37:05......392941392948392941392941392942392949: : : : : : WWWWWW      /samgraph/samgraph/common/dist/dist_engine.cc/samgraph/samgraph/common/dist/dist_engine.cc/samgraph/samgraph/common/dist/dist_engine.cc/samgraph/samgraph/common/dist/dist_engine.cc/samgraph/samgraph/common/dist/dist_engine.cc/samgraph/samgraph/common/dist/dist_engine.cc::::::711711711711711711] ] ] ] ] ] Trainer[4] building cache...Trainer[5] building cache...Trainer[0] building cache...Trainer[1] building cache...Trainer[2] building cache...Trainer[3] building cache...





[[2022-12-06 22:37:05[[2022-12-06 22:37:05.[2022-12-06 22:37:05[2022-12-06 22:37:05.3954002022-12-06 22:37:05.2022-12-06 22:37:05.395401: .395415.395418: E395425: 395435: E : E: E /samgraph/3rdparty/collcachelib/coll_cache_lib/run_config.ccE E /samgraph/3rdparty/collcachelib/coll_cache_lib/run_config.cc: /samgraph/3rdparty/collcachelib/coll_cache_lib/run_config.cc /samgraph/3rdparty/collcachelib/coll_cache_lib/run_config.cc:134/samgraph/3rdparty/collcachelib/coll_cache_lib/run_config.cc:/samgraph/3rdparty/collcachelib/coll_cache_lib/run_config.cc:134] :134:134] using concurrent impl MPS134] 134] using concurrent impl MPS
] using concurrent impl MPS] using concurrent impl MPS
using concurrent impl MPS
using concurrent impl MPS


[2022-12-06 22:37:05.398977: E /samgraph/3rdparty/collcachelib/coll_cache_lib/coll_cache/asymm_link_desc.cc:196] build asymm link desc with 6X Tesla V100-SXM2-32GB out of 8
[[2022-12-06 22:37:052022-12-06 22:37:05..399027399034: : EE  /samgraph/3rdparty/collcachelib/coll_cache_lib/coll_cache/asymm_link_desc.cc[/samgraph/3rdparty/collcachelib/coll_cache_lib/coll_cache/asymm_link_desc.cc:2022-12-06 22:37:05:196.197] 399071] build asymm link desc with 6X Tesla V100-SXM2-32GB out of 8: remote time is 8.68421[
E
2022-12-06 22:37:05 ./samgraph/3rdparty/collcachelib/coll_cache_lib/coll_cache/asymm_link_desc.cc399120[:: [[2022-12-06 22:37:05196E2022-12-06 22:37:052022-12-06 22:37:05.]  ..399154build asymm link desc with 6X Tesla V100-SXM2-32GB out of 8/samgraph/3rdparty/collcachelib/coll_cache_lib/coll_cache/asymm_link_desc.cc399162399164: 
[:: : E2022-12-06 22:37:05196EE .] [  /samgraph/3rdparty/collcachelib/coll_cache_lib/coll_cache/asymm_link_desc.cc399206build asymm link desc with 6X Tesla V100-SXM2-32GB out of 82022-12-06 22:37:05/samgraph/3rdparty/collcachelib/coll_cache_lib/coll_cache/asymm_link_desc.cc/samgraph/3rdparty/collcachelib/coll_cache_lib/coll_cache/asymm_link_desc.cc:: 
.::198E399244197196]  : [] ] cpu time is 30/samgraph/3rdparty/collcachelib/coll_cache_lib/coll_cache/asymm_link_desc.ccE2022-12-06 22:37:05remote time is 8.68421build asymm link desc with 6X Tesla V100-SXM2-32GB out of 8
: .

196/samgraph/3rdparty/collcachelib/coll_cache_lib/coll_cache/asymm_link_desc.cc399306] :[: build asymm link desc with 6X Tesla V100-SXM2-32GB out of 81972022-12-06 22:37:05E
] [. remote time is 8.684212022-12-06 22:37:05399361/samgraph/3rdparty/collcachelib/coll_cache_lib/coll_cache/asymm_link_desc.cc
.: :[399374E197[2022-12-06 22:37:05:  ] 2022-12-06 22:37:05.E/samgraph/3rdparty/collcachelib/coll_cache_lib/coll_cache/asymm_link_desc.ccremote time is 8.68421.399396 :
399402: /samgraph/3rdparty/collcachelib/coll_cache_lib/coll_cache/asymm_link_desc.cc198: E:[] E 1972022-12-06 22:37:05cpu time is 30 /samgraph/3rdparty/collcachelib/coll_cache_lib/coll_cache/asymm_link_desc.cc] .
/samgraph/3rdparty/collcachelib/coll_cache_lib/coll_cache/asymm_link_desc.cc:remote time is 8.68421399442:197
: 198] E] [remote time is 8.68421 cpu time is 302022-12-06 22:37:05
/samgraph/3rdparty/collcachelib/coll_cache_lib/coll_cache/asymm_link_desc.cc
.:399490[198: 2022-12-06 22:37:05] E.cpu time is 30 399510
/samgraph/3rdparty/collcachelib/coll_cache_lib/coll_cache/asymm_link_desc.cc: :E198 ] /samgraph/3rdparty/collcachelib/coll_cache_lib/coll_cache/asymm_link_desc.cccpu time is 30:
198] cpu time is 30
[2022-12-06 22:37:33.946511: E /samgraph/3rdparty/collcachelib/coll_cache_lib/facade.cc:115] solver created. now build & solve
[2022-12-06 22:37:33.972343: E /samgraph/3rdparty/collcachelib/coll_cache_lib/facade.cc:120] solver built. now solve
[2022-12-06 22:37:33.972401: E /samgraph/3rdparty/collcachelib/coll_cache_lib/coll_cache/optimal_solver_class.cc:895] num_cached_nodes = 9841254
[2022-12-06 22:37:34.775257: E /samgraph/3rdparty/collcachelib/coll_cache_lib/facade.cc:124] solver solved
[2022-12-06 22:37:34.775364: E /samgraph/3rdparty/collcachelib/coll_cache_lib/facade.cc:187] 0 solved master
[2022-12-06 22:37:34.775410: E /samgraph/3rdparty/collcachelib/coll_cache_lib/facade.cc:194] 0 solved
[2022-12-06 22:37:34.775437: E /samgraph/3rdparty/collcachelib/coll_cache_lib/facade.cc:197] worker 0 thread 0 initing device 0
[2022-12-06 22:37:34.785549: E /samgraph/3rdparty/collcachelib/coll_cache_lib/facade.cc:194] 1 solved
[2022-12-06 22:37:34.785604: E /samgraph/3rdparty/collcachelib/coll_cache_lib/facade.cc:197] worker 1 thread 1 initing device 1
[2022-12-06 22:37:34.788296: [E2022-12-06 22:37:34 ./samgraph/3rdparty/collcachelib/coll_cache_lib/facade.cc788337:: 194E]  3 solved/samgraph/3rdparty/collcachelib/coll_cache_lib/facade.cc
:194] 5 solved[
2022-12-06 22:37:34.788402: E[ 2022-12-06 22:37:34/samgraph/3rdparty/collcachelib/coll_cache_lib/facade.cc.:788414197: ] Eworker 3 thread 3 initing device 3 
/samgraph/3rdparty/collcachelib/coll_cache_lib/facade.cc:197] worker 5 thread 5 initing device 5
[[2022-12-06 22:37:342022-12-06 22:37:34..788490788495: : EE  /samgraph/3rdparty/collcachelib/coll_cache_lib/facade.cc/samgraph/3rdparty/collcachelib/coll_cache_lib/facade.cc::194194] ] 2 solved4 solved

[[2022-12-06 22:37:342022-12-06 22:37:34..788571788572: : EE  /samgraph/3rdparty/collcachelib/coll_cache_lib/facade.cc/samgraph/3rdparty/collcachelib/coll_cache_lib/facade.cc::197197] ] worker 2 thread 2 initing device 2worker 4 thread 4 initing device 4

[2022-12-06 22:37:36.533762: E /samgraph/3rdparty/collcachelib/coll_cache_lib/cache_context.cu:1740] Collaborative GPU cache (policy: rep_cache) | local 9841254 / 65608366 nodes ( 15.00 %~15.00 %) | remote 0 / 65608366 nodes ( 0.00 %) | cpu 55767112 / 65608366 nodes ( 85.00 %) | 9.39 GB | 1.74314 secs 
[2022-12-06 22:37:36.534587: E /samgraph/3rdparty/collcachelib/coll_cache_lib/cache_context.cu:1740] Collaborative GPU cache (policy: rep_cache) | local 9841254 / 65608366 nodes ( 15.00 %~15.00 %) | remote 0 / 65608366 nodes ( 0.00 %) | cpu 55767112 / 65608366 nodes ( 85.00 %) | 9.39 GB | 1.74351 secs 
[2022-12-06 22:37:36.535477: E /samgraph/3rdparty/collcachelib/coll_cache_lib/cache_context.cu:1740] Collaborative GPU cache (policy: rep_cache) | local 9841254 / 65608366 nodes ( 15.00 %~15.00 %) | remote 0 / 65608366 nodes ( 0.00 %) | cpu 55767112 / 65608366 nodes ( 85.00 %) | 9.39 GB | 1.74853 secs 
[2022-12-06 22:37:36.536050: E /samgraph/3rdparty/collcachelib/coll_cache_lib/cache_context.cu:1740] Collaborative GPU cache (policy: rep_cache) | local 9841254 / 65608366 nodes ( 15.00 %~15.00 %) | remote 0 / 65608366 nodes ( 0.00 %) | cpu 55767112 / 65608366 nodes ( 85.00 %) | 9.39 GB | 1.75913 secs 
[2022-12-06 22:37:36.536673: E /samgraph/3rdparty/collcachelib/coll_cache_lib/cache_context.cu:1740] Collaborative GPU cache (policy: rep_cache) | local 9841254 / 65608366 nodes ( 15.00 %~15.00 %) | remote 0 / 65608366 nodes ( 0.00 %) | cpu 55767112 / 65608366 nodes ( 85.00 %) | 9.39 GB | 1.74638 secs 
[2022-12-06 22:37:36.537002: E /samgraph/3rdparty/collcachelib/coll_cache_lib/cache_context.cu:1740] Collaborative GPU cache (policy: rep_cache) | local 9841254 / 65608366 nodes ( 15.00 %~15.00 %) | remote 0 / 65608366 nodes ( 0.00 %) | cpu 55767112 / 65608366 nodes ( 85.00 %) | 9.39 GB | 1.74657 secs 
[2022-12-06 22:37:36.537365: W /samgraph/3rdparty/collcachelib/coll_cache_lib/cache_context.cu:2004] before create ctx, mem is 11.28 GB
[2022-12-06 22:37:38.315988: W /samgraph/3rdparty/collcachelib/coll_cache_lib/cache_context.cu:2010] after create ctx, mem is 11.74 GB
[2022-12-06 22:37:38.316345: W /samgraph/3rdparty/collcachelib/coll_cache_lib/cache_context.cu:2017] after create stream, mem is 11.74 GB
[2022-12-06 22:37:38.317202: W /samgraph/3rdparty/collcachelib/coll_cache_lib/cache_context.cu:2004] before create ctx, mem is 11.74 GB
[2022-12-06 22:37:39.946916: W /samgraph/3rdparty/collcachelib/coll_cache_lib/cache_context.cu:2010] after create ctx, mem is 12.20 GB
[2022-12-06 22:37:39.947326: W /samgraph/3rdparty/collcachelib/coll_cache_lib/cache_context.cu:2017] after create stream, mem is 12.20 GB
[2022-12-06 22:37:39.947624: W /samgraph/3rdparty/collcachelib/coll_cache_lib/cache_context.cu:2004] before create ctx, mem is 12.20 GB
[2022-12-06 22:37:41.537069: W /samgraph/3rdparty/collcachelib/coll_cache_lib/cache_context.cu:2010] after create ctx, mem is 12.60 GB
[2022-12-06 22:37:41.537366: W /samgraph/3rdparty/collcachelib/coll_cache_lib/cache_context.cu:2017] after create stream, mem is 12.60 GB
[2022-12-06 22:37:41.537738: W /samgraph/3rdparty/collcachelib/coll_cache_lib/cache_context.cu:2004] before create ctx, mem is 12.60 GB
[2022-12-06 22:37:43. 94477: W /samgraph/3rdparty/collcachelib/coll_cache_lib/cache_context.cu:2010] after create ctx, mem is 13.24 GB
[2022-12-06 22:37:43. 94756: W /samgraph/3rdparty/collcachelib/coll_cache_lib/cache_context.cu:2017] after create stream, mem is 13.24 GB
[2022-12-06 22:37:43. 95153: W /samgraph/3rdparty/collcachelib/coll_cache_lib/cache_context.cu:2004] before create ctx, mem is 13.24 GB
[2022-12-06 22:37:44.494966: W /samgraph/3rdparty/collcachelib/coll_cache_lib/cache_context.cu:2010] after create ctx, mem is 13.62 GB
[2022-12-06 22:37:44.495101: W /samgraph/3rdparty/collcachelib/coll_cache_lib/cache_context.cu:2017] after create stream, mem is 13.62 GB
[2022-12-06 22:38:01. 36342: W /samgraph/samgraph/common/cuda/cuda_device.cc:49] GPU[0] alloc cuda memory 22.12 MB
[2022-12-06 22:38:01. 38162: W /samgraph/samgraph/common/cuda/cuda_device.cc:49] GPU[0] alloc cuda memory 28.08 MB
[2022-12-06 22:38:01. 39787: W /samgraph/samgraph/common/cuda/cuda_device.cc:49] GPU[0] alloc cuda memory 28.08 MB
[2022-12-06 22:38:01. 72368: W /samgraph/samgraph/common/cuda/cuda_device.cc:49] GPU[0] alloc cuda memory 4.42 GB
[2022-12-06 22:38:01. 74070: W /samgraph/samgraph/common/cuda/cuda_device.cc:49] GPU[0] alloc cuda memory 22.12 MB
[2022-12-06 22:38:01. 75860: W /samgraph/samgraph/common/cuda/cuda_device.cc:49] GPU[0] alloc cuda memory 44.23 MB
[2022-12-06 22:38:01. 77428: W /samgraph/samgraph/common/cuda/cuda_device.cc:49] GPU[0] alloc cuda memory 22.12 MB
[2022-12-06 22:38:01. 79067: W /samgraph/samgraph/common/cuda/cuda_device.cc:49] GPU[0] alloc cuda memory 44.23 MB
[2022-12-06 22:38:02.930386: W /samgraph/samgraph/common/cuda/cuda_device.cc:49] GPU[0] alloc cuda memory 20.53 MB
[2022-12-06 22:38:02.932235: W /samgraph/samgraph/common/cuda/cuda_device.cc:49] GPU[0] alloc cuda memory 25.69 MB
[2022-12-06 22:38:02.934423: W /samgraph/samgraph/common/cuda/cuda_device.cc:49] GPU[0] alloc cuda memory 25.69 MB
[2022-12-06 22:38:02.967900: W /samgraph/samgraph/common/cuda/cuda_device.cc:49] GPU[0] alloc cuda memory 4.42 GB
[2022-12-06 22:38:02.969707: W /samgraph/samgraph/common/cuda/cuda_device.cc:49] GPU[0] alloc cuda memory 20.53 MB
[2022-12-06 22:38:02.971329: W /samgraph/samgraph/common/cuda/cuda_device.cc:49] GPU[0] alloc cuda memory 41.06 MB
/usr/local/lib/python3.8/dist-packages/torch/nn/parallel/scatter_gather.py:9: UserWarning: is_namedtuple is deprecated, please use the python checks instead
  warnings.warn("is_namedtuple is deprecated, please use the python checks instead")
/usr/local/lib/python3.8/dist-packages/torch/nn/parallel/scatter_gather.py:9: UserWarning: is_namedtuple is deprecated, please use the python checks instead
  warnings.warn("is_namedtuple is deprecated, please use the python checks instead")
/usr/local/lib/python3.8/dist-packages/torch/nn/parallel/scatter_gather.py:9: UserWarning: is_namedtuple is deprecated, please use the python checks instead
  warnings.warn("is_namedtuple is deprecated, please use the python checks instead")
/usr/local/lib/python3.8/dist-packages/torch/nn/parallel/scatter_gather.py:9: UserWarning: is_namedtuple is deprecated, please use the python checks instead
  warnings.warn("is_namedtuple is deprecated, please use the python checks instead")
/usr/local/lib/python3.8/dist-packages/torch/nn/parallel/scatter_gather.py:9: UserWarning: is_namedtuple is deprecated, please use the python checks instead
  warnings.warn("is_namedtuple is deprecated, please use the python checks instead")
/usr/local/lib/python3.8/dist-packages/torch/nn/parallel/scatter_gather.py:9: UserWarning: is_namedtuple is deprecated, please use the python checks instead
  warnings.warn("is_namedtuple is deprecated, please use the python checks instead")
