config:eval_tsp="2022-12-07 09:08:22"
config:arch=arch5
config:num_train_worker=6
config:num_sample_worker=2
config:sample_type=khop2
config:root_path=/nvme/samgraph/
config:dataset=papers100M-undir
config:pipeline=False
config:cache_policy=coll_cache_asymm_link
config:cache_percentage=0.05
config:num_epoch=4
config:batch_size=8000
config:num_hidden=256
config:max_sampling_jobs=1
config:max_copying_jobs=1
config:barriered_epoch=1
config:presample_epoch=2
config:omp_thread_num=6
config:unsupervised=True
config:amp=True
config:rolling=0
config:fanout=[25, 10]
config:lr=0.003
config:dropout=0.5
config:single_gpu=False
config:max_num_step=1000
config:validate_configs=False
config:report_acc=0
config:dataset_path=/nvme/samgraph/papers100M-undir
config:torch_thread_num=8
config:train_workers=['cuda:0', 'cuda:1', 'cuda:2', 'cuda:3', 'cuda:4', 'cuda:5']
config:sample_workers=['cuda:6', 'cuda:7']
config:num_fanout=2
config:num_layer=2
config:_run_mode=RunMode.FGNN
config:_log_level=warn
config:_profile_level=3
config:_empty_feat=0
config:_arch=5
config:_sample_type=5
config:_cache_policy=13
test_result:init:input_scale_factor=1.1
Set parameter WLSAccessID
Set parameter WLSSecret
Set parameter LicenseID
Set parameter TimeLimit to value 200
Set parameter MIPGap to value 0.05
Set parameter GomoryPasses to value 0
Set parameter Aggregate to value 0
Set parameter LogFile to value "cppsolver.log"
Set parameter Threads to value 12
Academic license - for non-commercial use only - registered to xiaoniu.sxn@sjtu.edu.cn
Gurobi Optimizer version 9.5.2 build v9.5.2rc0 (linux64)
Thread count: 48 physical cores, 96 logical processors, using up to 12 threads
Academic license - for non-commercial use only - registered to xiaoniu.sxn@sjtu.edu.cn
Optimize a model with 117456 rows, 25757 columns and 290496 nonzeros
Model fingerprint: 0x04d505bc
Variable types: 7 continuous, 25750 integer (25750 binary)
Coefficient statistics:
  Matrix range     [5e-06, 1e+04]
  Objective range  [1e+00, 1e+00]
  Bounds range     [1e+00, 1e+00]
  RHS range        [1e+00, 2e+04]
Found heuristic solution: objective 770743.73972
Presolve removed 92705 rows and 0 columns
Presolve time: 0.35s
Presolved: 24751 rows, 25757 columns, 99941 nonzeros
Variable types: 7 continuous, 25750 integer (25750 binary)

Root relaxation: objective 2.981487e+05, 26719 iterations, 1.78 seconds (1.98 work units)

    Nodes    |    Current Node    |     Objective Bounds      |     Work
 Expl Unexpl |  Obj  Depth IntInf | Incumbent    BestBd   Gap | It/Node Time

     0     0 298148.669    0 5017 770743.740 298148.669  61.3%     -    2s
H    0     0                    754536.01411 298148.669  60.5%     -    2s
H    0     0                    535894.33567 298148.669  44.4%     -    2s
H    0     0                    426654.63991 298148.669  30.1%     -    4s
     0     0 327078.276    0 3087 426654.640 327078.276  23.3%     -    5s
H    0     0                    380159.24376 327078.276  14.0%     -    6s
     0     0 333103.855    0 2622 380159.244 333103.855  12.4%     -    6s
     0     0 340635.344    0 2495 380159.244 340635.344  10.4%     -    7s
     0     0 344612.981    0 2951 380159.244 344612.981  9.35%     -    7s
     0     0 344612.981    0 3152 380159.244 344612.981  9.35%     -    8s
     0     0 347596.404    0 2984 380159.244 347596.404  8.57%     -    9s
H    0     0                    379781.09429 347596.404  8.47%     -    9s
     0     0 351653.528    0 3187 379781.094 351653.528  7.41%     -   10s
     0     0 352843.329    0 3362 379781.094 352843.329  7.09%     -   10s
     0     0 354936.808    0 3446 379781.094 354936.808  6.54%     -   10s
     0     0 355955.189    0 3303 379781.094 355955.189  6.27%     -   10s
     0     0 356310.643    0 3386 379781.094 356310.643  6.18%     -   11s
     0     0 356755.694    0 3405 379781.094 356755.694  6.06%     -   11s
     0     0 356955.990    0 3394 379781.094 356955.990  6.01%     -   11s
     0     0 357163.360    0 3399 379781.094 357163.360  5.96%     -   12s
     0     0 357287.861    0 3404 379781.094 357287.861  5.92%     -   12s
     0     0 357354.012    0 3413 379781.094 357354.012  5.91%     -   12s
     0     0 357399.773    0 3439 379781.094 357399.773  5.89%     -   13s
     0     0 357447.426    0 3420 379781.094 357447.426  5.88%     -   13s
     0     0 357456.181    0 3421 379781.094 357456.181  5.88%     -   13s
     0     0 362373.799    0 2309 379781.094 362373.799  4.58%     -   14s

Cutting planes:
  MIR: 147
  Zero half: 177
  Mod-K: 1447

Explored 1 nodes (61381 simplex iterations) in 14.31 seconds (13.10 work units)
Thread count was 12 (of 96 available processors)

Solution count 6: 379781 380159 426655 ... 770744

Optimal solution found (tolerance 5.00e-02)
Best objective 3.797810942920e+05, best bound 3.623737991843e+05, gap 4.5835%
coll_cache:optimal_local_rate=0.210854,0.167848,0.193241,0.180091,0.226195,0.165651,
coll_cache:optimal_remote_rate=0.361084,0.404089,0.378696,0.391846,0.345743,0.406286,
coll_cache:optimal_cpu_rate=0.428062,0.428062,0.428062,0.428062,0.428062,0.428062,
z=379781
test_result:init:feat_nbytes=56862697472
test_result:init:cache_nbytes=2840479232
test_result:init:feat_nbytes=56862697472
test_result:init:cache_nbytes=2838316544
test_result:init:feat_nbytes=56862697472
test_result:init:cache_nbytes=2848049664
test_result:init:feat_nbytes=56862697472
test_result:init:cache_nbytes=2847889408
test_result:init:feat_nbytes=56862697472
test_result:init:cache_nbytes=2847704576
test_result:init:feat_nbytes=56862697472
test_result:init:cache_nbytes=2848727552
[Train  Worker 5/6] Started with PID 79955(Tesla V100-SXM2-32GB)
[Train  Worker 5] run train for 4 epochs with 1002 steps
[Train  Worker 2/6] Started with PID 79946(Tesla V100-SXM2-32GB)
[Train  Worker 2] run train for 4 epochs with 1002 steps
[Train  Worker 1/6] Started with PID 79943(Tesla V100-SXM2-32GB)
[Train  Worker 1] run train for 4 epochs with 1002 steps
[Train  Worker 4/6] Started with PID 79952(Tesla V100-SXM2-32GB)
[Train  Worker 4] run train for 4 epochs with 1002 steps
[CUDA] cuda0: usage: 14.32 GB
[SAM] cuda0 data alloc        : 0.00 Bytes
[SAM] cuda0 workspace         : 4.79 GB
[SAM] cuda0 workspace reserve : 2.36 GB
[SAM] cuda0 total             : 4.79 GB
[Train  Worker 3/6] Started with PID 79949(Tesla V100-SXM2-32GB)
[Train  Worker 3] run train for 4 epochs with 1002 steps
[Train  Worker 0/6] Started with PID 79940(Tesla V100-SXM2-32GB)
[Train  Worker 0] run train for 4 epochs with 1002 steps
Epoch 00000 | Epoch Time 66.0287 | Total Train Time(Profiler) 38.4193 | Copy Time 27.5916
[CUDA] cuda0: usage: 14.32 GB
[SAM] cuda0 data alloc        : 0.00 Bytes
[SAM] cuda0 workspace         : 4.79 GB
[SAM] cuda0 workspace reserve : 2.36 GB
[SAM] cuda0 total             : 4.79 GB
Epoch 00001 | Epoch Time 64.5616 | Total Train Time(Profiler) 37.0300 | Copy Time 27.5150
[CUDA] cuda0: usage: 14.32 GB
[SAM] cuda0 data alloc        : 0.00 Bytes
[SAM] cuda0 workspace         : 4.79 GB
[SAM] cuda0 workspace reserve : 2.36 GB
[SAM] cuda0 total             : 4.79 GB
Epoch 00002 | Epoch Time 64.5823 | Total Train Time(Profiler) 37.0536 | Copy Time 27.5116
[CUDA] cuda0: usage: 14.32 GB
[SAM] cuda0 data alloc        : 0.00 Bytes
[SAM] cuda0 workspace         : 4.79 GB
[SAM] cuda0 workspace reserve : 2.36 GB
[SAM] cuda0 total             : 4.79 GB
Epoch 00003 | Epoch Time 64.5953 | Total Train Time(Profiler) 37.0605 | Copy Time 27.5181
[Train  Worker 0] Avg Epoch Time 64.5797 | Train Total Time(Profiler) 37.0480 | Copy Time 27.5149
[Train  Worker 1] Avg Epoch Time 64.5797 | Train Total Time(Profiler) 4.0885 | Copy Time 60.4742
[Train  Worker 2] Avg Epoch Time 64.5798 | Train Total Time(Profiler) 4.0834 | Copy Time 60.4793
[Train  Worker 5] Avg Epoch Time 64.5798 | Train Total Time(Profiler) 37.0363 | Copy Time 27.5265
[Train  Worker 3] Avg Epoch Time 64.5797 | Train Total Time(Profiler) 4.0975 | Copy Time 60.4643
[Train  Worker 4] Avg Epoch Time 64.5797 | Train Total Time(Profiler) 4.1048 | Copy Time 60.4498
[Sample Worker 1/2] Started with PID 79937(Tesla V100-SXM2-32GB)
[Sample Worker 1] run sample for 4 epochs with 501 steps
[Sample Worker 1] Avg Sample Total Time 14.2270 | Sampler Total Time(Profiler) 14.2043
    [Step(average) Profiler Level 1 E3 S500]
        L1  sample           0.023532 | send           0.004846
        L1  recv             0.000000 | copy           0.000000 | convert time 0.000000 | train  0.000000
        L1  feature nbytes 0.00 Bytes | label nbytes 0.00 Bytes
        L1  id nbytes      0.00 Bytes | graph nbytes 0.00 Bytes
        L1  miss nbytes    0.00 Bytes | remote nbytes 0.00 Bytes
        L1  num nodes         4279098 | num samples     5311439
    [Step(average) Profiler Level 2 E3 S500]
        L2  shuffle     0.000650 | core sample  0.010198 | id remap        0.012454
        L2  graph copy  0.000000 | id copy      0.000000 | cache feat copy 0.000000
        L2  last layer sample time 0.000734 | size 228625.882236
    [Step(average) Profiler Level 3 E3 S500]
        L3  khop sample coo  0.007995 | khop sort coo      0.000000 | khop count edge     0.000074 | khop compact edge 0.002064
        L3  walk sample coo  0.000000 | walk topk total    0.000000 | walk topk step1     0.000000 | walk topk step2   0.000000
        L3  walk topk step3  0.000000 | walk topk step4    0.000000 | walk topk step5     0.000000
        L3  walk topk step6  0.000000 | walk topk step7    0.000000
        L3  remap unique     0.000218 | remap populate     0.010320 | remap mapnode       0.000000 | remap mapedge     0.002154
        L3  cache get_index  0.000000 | cache copy_index   0.000000 | cache extract_miss  0.000000
        L3  cache copy_miss  0.000000 | cache combine_miss 0.000000 | cache combine cache 0.000000 | cache combine remote 0.000000
        L3  label extract  0.000000
    [Init Profiler Level 1]
        L1  init     9.4351 | sampler init   276.0056 | trainer init 0.0000
    [Init Profiler Level 2]
        L2  load ds        11.9966 | init queue         154.4650
        L2  presample     116.2792 | build interal ds     2.6953
        L2  build cache     0.0000
    [Init Profiler Level 3]
        L3  load dataset: mmap     9.4312 | copy         2.5654
        L3  dist queue: alloc      0.0009 | pin        154.4641 | push     0.0000
        L3  presample: init        0.3994
        L3  presample: sample     46.4386 | copy         2.7790
        L3  presample: count      65.8309 | sort         0.3544
        L3  presample: reset       0.0012 | get rank     0.0237
        L3  internal: cuda ctx     2.3509 | cuda stream     0.3183
[Sample Worker 0/2] Started with PID 79934(Tesla V100-SXM2-32GB)
[Sample Worker 0] run sample for 4 epochs with 501 steps
[Sample Worker 0] Avg Sample Total Time 14.2333 | Sampler Total Time(Profiler) 14.2172
test_result:sample_time=11.7896
test_result:get_cache_miss_index_time=0.0000
test_result:enqueue_samples_time=2.4277
test_result:epoch_time:sample_total=14.2333
[CUDA] cuda0: usage: 14.32 GB
[SAM] cuda0 data alloc        : 0.00 Bytes
[SAM] cuda0 workspace         : 4.79 GB
[SAM] cuda0 workspace reserve : 2.36 GB
[SAM] cuda0 total             : 4.79 GB
    [Step(average) Profiler Level 1 E3 S1001]
        L1  sample           0.000000 | send           0.000000
        L1  recv             0.008464 | copy           0.296360 | convert time 0.000493 | train  0.089741
        L1  feature nbytes    2.04 GB | label nbytes   62.50 KB
        L1  id nbytes      0.00 Bytes | graph nbytes 0.00 Bytes
        L1  miss nbytes     899.05 MB | remote nbytes  793.49 MB
        L1  num nodes               0 | num samples           0
    [Step(average) Profiler Level 2 E3 S1001]
        L2  shuffle     0.000000 | core sample  0.000000 | id remap        0.000000
        L2  graph copy  0.000004 | id copy      0.000000 | cache feat copy 0.287892
        L2  last layer sample time 0.000000 | size 0.000000
    [Step(average) Profiler Level 3 E3 S1001]
        L3  khop sample coo  0.000000 | khop sort coo      0.000000 | khop count edge     0.000000 | khop compact edge 0.000000
        L3  walk sample coo  0.000000 | walk topk total    0.000000 | walk topk step1     0.000000 | walk topk step2   0.000000
        L3  walk topk step3  0.000000 | walk topk step4    0.000000 | walk topk step5     0.000000
        L3  walk topk step6  0.000000 | walk topk step7    0.000000
        L3  remap unique     0.000000 | remap populate     0.000000 | remap mapnode       0.000000 | remap mapedge     0.000000
        L3  cache get_index  0.002808 | cache copy_index   0.000000 | cache extract_miss  0.000000
        L3  cache copy_miss  0.000000 | cache combine_miss 0.285047 | cache combine cache 0.001411 | cache combine remote 0.014540
        L3  label extract  0.000023
    [Step(max) Profiler Level 1 E3 S1001]
        L1  sample           0.000000 | send           0.000000
        L1  recv             0.000000 | copy           0.000000 | convert time 0.000000 | train  0.000000
        L1  feature nbytes 0.00 Bytes | label nbytes 0.00 Bytes
        L1  id nbytes      0.00 Bytes | graph nbytes   40.88 MB
        L1  miss nbytes    0.00 Bytes | remote nbytes 0.00 Bytes
        L1  num nodes               0 | num samples           0
    [Step(max) Profiler Level 2 E3 S1001]
        L2  shuffle     0.000000 | core sample  0.000000 | id remap        0.000000
        L2  graph copy  0.000000 | id copy      0.000000 | cache feat copy 0.000000
        L2  last layer sample time 0.000000 | size 0.000000
    [Step(max) Profiler Level 3 E3 S1001]
        L3  khop sample coo  0.000000 | khop sort coo      0.000000 | khop count edge     0.000000 | khop compact edge 0.000000
        L3  walk sample coo  0.000000 | walk topk total    0.000000 | walk topk step1     0.000000 | walk topk step2   0.000000
        L3  walk topk step3  0.000000 | walk topk step4    0.000000 | walk topk step5     0.000000
        L3  walk topk step6  0.000000 | walk topk step7    0.000000
        L3  remap unique     0.000000 | remap populate     0.000000 | remap mapnode       0.000000 | remap mapedge     0.000000
        L3  cache get_index  0.000000 | cache copy_index   0.000000 | cache extract_miss  0.000000
        L3  cache copy_miss  0.000000 | cache combine_miss 0.000000 | cache combine cache 0.000000 | cache combine remote 0.000000
        L3  label extract  0.000000
    [Step(min) Profiler Level 1 E3 S1001]
        L1  sample           0.000000 | send           0.000000
        L1  recv             0.000000 | copy           0.000000 | convert time 0.000000 | train  0.000000
        L1  feature nbytes 0.00 Bytes | label nbytes 0.00 Bytes
        L1  id nbytes      0.00 Bytes | graph nbytes   40.33 MB
        L1  miss nbytes    0.00 Bytes | remote nbytes 0.00 Bytes
        L1  num nodes               0 | num samples           0
    [Step(min) Profiler Level 2 E3 S1001]
        L2  shuffle     0.000000 | core sample  0.000000 | id remap        0.000000
        L2  graph copy  0.000000 | id copy      0.000000 | cache feat copy 0.000000
        L2  last layer sample time 0.000000 | size 0.000000
    [Step(min) Profiler Level 3 E3 S1001]
        L3  khop sample coo  0.000000 | khop sort coo      0.000000 | khop count edge     0.000000 | khop compact edge 0.000000
        L3  walk sample coo  0.000000 | walk topk total    0.000000 | walk topk step1     0.000000 | walk topk step2   0.000000
        L3  walk topk step3  0.000000 | walk topk step4    0.000000 | walk topk step5     0.000000
        L3  walk topk step6  0.000000 | walk topk step7    0.000000
        L3  remap unique     0.000000 | remap populate     0.000000 | remap mapnode       0.000000 | remap mapedge     0.000000
        L3  cache get_index  0.000000 | cache copy_index   0.000000 | cache extract_miss  0.000000
        L3  cache copy_miss  0.000000 | cache combine_miss 0.000000 | cache combine cache 0.000000 | cache combine remote 0.000000
        L3  label extract  0.000000
    [Init Profiler Level 1]
        L1  init     9.4351 | sampler init     0.0000 | trainer init 336.6928
    [Init Profiler Level 2]
        L2  load ds         9.4312 | init queue         154.3366
        L2  presample       0.0000 | build interal ds     2.2197
        L2  build cache   180.1235
    [Init Profiler Level 3]
        L3  load dataset: mmap     9.4312 | copy         0.0000
        L3  dist queue: alloc      0.0009 | pin        154.3357 | push     0.0000
        L3  presample: init        0.0000
        L3  presample: sample      0.0000 | copy         0.0000
        L3  presample: count       0.0000 | sort         0.0000
        L3  presample: reset       0.0000 | get rank     0.0000
        L3  internal: cuda ctx     2.2196 | cuda stream     0.0000
|===========================================================================|
|                  PyTorch CUDA memory summary, device ID 0                 |
|---------------------------------------------------------------------------|
|            CUDA OOMs: 0            |        cudaMalloc retries: 0         |
|===========================================================================|
|        Metric         | Cur Usage  | Peak Usage | Tot Alloc  | Tot Freed  |
|---------------------------------------------------------------------------|
| Allocated memory      |   65148 KB |    1418 MB |    2912 GB |    2912 GB |
|       from large pool |   56893 KB |    1417 MB |    2900 GB |    2900 GB |
|       from small pool |    8255 KB |      10 MB |      11 GB |      11 GB |
|---------------------------------------------------------------------------|
| Active memory         |   65149 KB |    1418 MB |    2912 GB |    2912 GB |
|       from large pool |   56893 KB |    1417 MB |    2900 GB |    2900 GB |
|       from small pool |    8255 KB |      10 MB |      11 GB |      11 GB |
|---------------------------------------------------------------------------|
| GPU reserved memory   |    1686 MB |    1686 MB |    1686 MB |       0 B  |
|       from large pool |    1670 MB |    1670 MB |    1670 MB |       0 B  |
|       from small pool |      16 MB |      16 MB |      16 MB |       0 B  |
|---------------------------------------------------------------------------|
| Non-releasable memory |   35203 KB |    1219 MB |    3117 GB |    3117 GB |
|       from large pool |   33218 KB |    1215 MB |    3104 GB |    3104 GB |
|       from small pool |    1984 KB |       8 MB |      12 GB |      12 GB |
|---------------------------------------------------------------------------|
| Allocations           |      39    |      56    |   91555    |   91516    |
|       from large pool |       3    |      14    |   36740    |   36737    |
|       from small pool |      36    |      45    |   54815    |   54779    |
|---------------------------------------------------------------------------|
| Active allocs         |      40    |      56    |   91555    |   91515    |
|       from large pool |       3    |      14    |   36740    |   36737    |
|       from small pool |      37    |      45    |   54815    |   54778    |
|---------------------------------------------------------------------------|
| GPU reserved segments |      17    |      17    |      17    |       0    |
|       from large pool |       9    |       9    |       9    |       0    |
|       from small pool |       8    |       8    |       8    |       0    |
|---------------------------------------------------------------------------|
| Non-releasable allocs |      15    |      28    |   35607    |   35592    |
|       from large pool |       3    |      12    |   21322    |   21319    |
|       from small pool |      12    |      18    |   14285    |   14273    |
|---------------------------------------------------------------------------|
| Oversize allocations  |       0    |       0    |       0    |       0    |
|---------------------------------------------------------------------------|
| Oversize GPU segments |       0    |       0    |       0    |       0    |
|===========================================================================|

test_result:epoch_time:copy_time=27.5149
test_result:convert_time=0.0822
test_result:train_time=36.9658
test_result:epoch_time:train_total=37.0480
test_result:cache_percentage=0.0500
test_result:cache_hit_rate=1.0000
test_result:run_time=316.6891
