[2022-12-06 15:20:38. 24775: W /samgraph/samgraph/common/cpu/mmap_cpu_device.cc:92] mmap allocating space 12.03 GB
[2022-12-06 15:20:38. 24881: W /samgraph/samgraph/common/cpu/mmap_cpu_device.cc:97] mmap allocating space 12.03 GB done
[2022-12-06 15:20:44.692528: W /samgraph/samgraph/common/cpu/mmap_cpu_device.cc:92] mmap allocating space 52.96 GB
[2022-12-06 15:20:44.692621: W /samgraph/samgraph/common/cpu/mmap_cpu_device.cc:97] mmap allocating space 52.96 GB done
[2022-12-06 15:21:14.176616: W /samgraph/samgraph/common/cpu/cpu_device.cc:39] WORKER[0] alloc host memory 12.03 GB
[2022-12-06 15:21:16.161470: E /samgraph/samgraph/common/engine.cc:272] Train set size 30.58 MB
[2022-12-06 15:21:16.162419: W /samgraph/samgraph/common/cpu/mmap_cpu_device.cc:92] mmap allocating space 293.56 GB
[2022-12-06 15:21:16.162463: W /samgraph/samgraph/common/cpu/mmap_cpu_device.cc:97] mmap allocating space 293.56 GB done
/usr/lib/python3/dist-packages/requests/__init__.py:89: RequestsDependencyWarning: urllib3 (1.26.12) or chardet (3.0.4) doesn't match a supported version!
  warnings.warn("urllib3 ({}) or chardet ({}) doesn't match a supported "
[2022-12-06 15:21:16.818144: W /samgraph/samgraph/common/dist/dist_engine.cc:662] Trainer[0] initializing...
[2022-12-06 15:21:16.888961: W /samgraph/samgraph/common/dist/dist_engine.cc:662] Trainer[1] initializing...
[2022-12-06 15:21:16.967937: W /samgraph/samgraph/common/dist/dist_engine.cc:662] Trainer[2] initializing...
[2022-12-06 15:21:17.114565: W /samgraph/samgraph/common/dist/dist_engine.cc:662] Trainer[4] initializing...
[2022-12-06 15:21:17.156822: W /samgraph/samgraph/common/dist/dist_engine.cc:662] Trainer[3] initializing...
[2022-12-06 15:21:17.205551: W /samgraph/samgraph/common/dist/dist_engine.cc:662] Trainer[5] initializing...
[2022-12-06 15:21:18.971693: W /samgraph/samgraph/common/dist/dist_engine.cc:666] Trainer[0] pin memory queue...
[2022-12-06 15:21:18.992753: W /samgraph/samgraph/common/dist/dist_engine.cc:666] Trainer[1] pin memory queue...
[2022-12-06 15:21:19. 54786: W /samgraph/samgraph/common/dist/dist_engine.cc:666] Trainer[2] pin memory queue...
[2022-12-06 15:21:19. 89177: W /samgraph/samgraph/common/dist/dist_engine.cc:666] Trainer[3] pin memory queue...
[2022-12-06 15:21:19. 90334: W /samgraph/samgraph/common/dist/dist_engine.cc:666] Trainer[4] pin memory queue...
[2022-12-06 15:21:19.101382: W /samgraph/samgraph/common/dist/dist_engine.cc:666] Trainer[5] pin memory queue...
[2022-12-06 15:23:53.878964: E /samgraph/samgraph/common/dist/dist_engine.cc[:2022-12-06 15:23:5385.] 879014Running on V100: 
E /samgraph/samgraph/common/dist/dist_engine.cc:85] Running on V100
[2022-12-06 15:23:53.879428: E /samgraph/samgraph/common/dist/dist_engine.cc:85] Running on V100
[2022-12-06 15:23:53.879526: E /samgraph/samgraph/common/dist/dist_engine.cc:85] Running on V100[
2022-12-06 15:23:53.879613: E /samgraph/samgraph/common/dist/dist_engine.cc:85] Running on V100
[2022-12-06 15:23:53.880219: W /samgraph/samgraph/common/dist/dist_engine.cc:701] Trainer[5] register host memory...
[2022-12-06 15:23:53.880266: W /samgraph/samgraph/common/dist/dist_engine.cc:701] Trainer[1] register host memory...
[2022-12-06 15:23:53.880776: W /samgraph/samgraph/common/dist/dist_engine.cc:701] Trainer[0] register host memory...
[2022-12-06 15:23:53.880914: W[ 2022-12-06 15:23:53/samgraph/samgraph/common/dist/dist_engine.cc.:880946701: ] WTrainer[3] register host memory... 
/samgraph/samgraph/common/dist/dist_engine.cc:701] Trainer[2] register host memory...
[2022-12-06 15:23:53.981915: E /samgraph/samgraph/common/dist/dist_engine.cc:85] Running on V100
[2022-12-06 15:23:53.982062: W /samgraph/samgraph/common/dist/dist_engine.cc:701] Trainer[4] register host memory...
[2022-12-06 15:23:54.200848: E /samgraph/samgraph/common/dist/dist_engine.cc:85] Running on V100
[2022-12-06 15:23:54.219840: E /samgraph/samgraph/common/dist/dist_engine.cc:85] Running on V100
[2022-12-06 15:23:54.220013: W /samgraph/samgraph/common/cpu/cpu_device.cc:39] WORKER[0] alloc host memory 30.58 MB
[2022-12-06 15:23:54.242343: W /samgraph/samgraph/common/cuda/cuda_device.cc:49] GPU[6] alloc cuda memory 423.66 MB
[2022-12-06 15:23:54.349254: W /samgraph/samgraph/common/cuda/cuda_device.cc:49] GPU[6] alloc cuda memory 12.03 GB
[2022-12-06 15:23:56.966546: W /samgraph/samgraph/common/cpu/cpu_device.cc:39] WORKER[0] alloc host memory 38.23 MB
[2022-12-06 15:23:56.990358: W /samgraph/samgraph/common/cuda/cuda_device.cc:49] GPU[6] alloc cuda memory 19.12 MB
[2022-12-06 15:23:56.990983: W /samgraph/samgraph/common/cuda/cuda_device.cc:49] GPU[6] alloc cuda memory 256.00 MB
[2022-12-06 15:23:56.991277: W /samgraph/samgraph/common/cuda/cuda_device.cc:49] GPU[6] alloc cuda memory 26.18 MB
[2022-12-06 15:23:56.992024: W /samgraph/samgraph/common/cuda/cuda_device.cc:49] GPU[6] alloc cuda memory 28.56 MB
[2022-12-06 15:23:56.992104: W /samgraph/samgraph/common/cpu/cpu_device.cc:39] WORKER[0] alloc host memory 38.23 MB
[2022-12-06 15:23:57. 15674: E /samgraph/samgraph/common/dist/pre_sampler.cc:41] Dist Presampler making shuffler...
[2022-12-06 15:23:57. 15742: W /samgraph/samgraph/common/cpu/cpu_device.cc:39] WORKER[0] alloc host memory 38.23 MB
[2022-12-06 15:23:57. 39207: W /samgraph/samgraph/common/cuda/cuda_device.cc:49] GPU[6] alloc cuda memory 38.23 MB
[2022-12-06 15:23:57. 39258: E /samgraph/samgraph/common/dist/pre_sampler.cc:44] Dist Presampler making shuffler...Done
[2022-12-06 15:23:57. 39286: W /samgraph/samgraph/common/cpu/cpu_device.cc:39] WORKER[0] alloc host memory 847.32 MB
[2022-12-06 15:23:57.414728: E /samgraph/samgraph/common/dist/pre_sampler.cc:85] Dist Presampler doing presample epoch 0
[2022-12-06 15:23:57.710310: W /samgraph/samgraph/common/cuda/cuda_device.cc:49] GPU[6] alloc cuda memory 27.34 MB
[2022-12-06 15:23:57.710657: W /samgraph/samgraph/common/cuda/cuda_device.cc:49] GPU[6] alloc cuda memory 27.34 MB
[2022-12-06 15:23:57.710944: W /samgraph/samgraph/common/cuda/cuda_device.cc:49] GPU[6] alloc cuda memory 27.34 MB
[2022-12-06 15:23:57.711234: W /samgraph/samgraph/common/cuda/cuda_device.cc:49] GPU[6] alloc cuda memory 27.34 MB
[2022-12-06 15:23:57.731553: W /samgraph/samgraph/common/cuda/cuda_device.cc:49] GPU[6] alloc cuda memory 24.41 MB
[2022-12-06 15:23:57.733731: W /samgraph/samgraph/common/cpu/cpu_device.cc:39] WORKER[0] alloc host memory 20.47 MB
[2022-12-06 15:24:54. 81267: E /samgraph/samgraph/common/dist/pre_sampler.cc:129] presample spend 23.2158 on sample, 1.39801 on copy, 32.0378 on count
[2022-12-06 15:24:54. 81367: E /samgraph/samgraph/common/dist/pre_sampler.cc:85] Dist Presampler doing presample epoch 1
[2022-12-06 15:25:50.551119: E /samgraph/samgraph/common/dist/pre_sampler.cc:129] presample spend 46.4261 on sample, 2.78564 on copy, 63.8951 on count
[2022-12-06 15:25:50.551229: E /samgraph/samgraph/common/dist/pre_sampler.cc:136] max_num_inputs = 4315639, min_num_inputs = 4239784
[2022-12-06 15:25:50.798955: E /samgraph/samgraph/common/dist/pre_sampler.cc:148] presample spend 0.247631 on sort freq.
[2022-12-06 15:25:51.193988: E /samgraph/samgraph/common/dist/dist_engine.cc:524] pre sample done, delete it
[[[[2022-12-06 15:25:512022-12-06 15:25:512022-12-06 15:25:512022-12-06 15:25:51..[[..2209322209242022-12-06 15:25:512022-12-06 15:25:51220928220936: : ..: : WW220966220968WW  : :   /samgraph/samgraph/common/dist/dist_engine.cc/samgraph/samgraph/common/dist/dist_engine.ccWW/samgraph/samgraph/common/dist/dist_engine.cc/samgraph/samgraph/common/dist/dist_engine.cc::  ::711711/samgraph/samgraph/common/dist/dist_engine.cc/samgraph/samgraph/common/dist/dist_engine.cc711711] ] ::] ] Trainer[2] building cache...Trainer[5] building cache...711711Trainer[3] building cache...Trainer[4] building cache...

] ] 

Trainer[1] building cache...Trainer[0] building cache...

[2022-12-06 15:25:51.226443: E /samgraph/3rdparty/collcachelib/coll_cache_lib/coll_cache/asymm_link_desc.cc:196] build asymm link desc with 6X Tesla V100-SXM2-32GB out of 8
[[2022-12-06 15:25:512022-12-06 15:25:51..226489226501: : EE  /samgraph/3rdparty/collcachelib/coll_cache_lib/coll_cache/asymm_link_desc.cc/samgraph/3rdparty/collcachelib/coll_cache_lib/coll_cache/asymm_link_desc.cc:[:1962022-12-06 15:25:51197] .] build asymm link desc with 6X Tesla V100-SXM2-32GB out of 8226528remote time is 8.68421
: 
E[ [[2022-12-06 15:25:51/samgraph/3rdparty/collcachelib/coll_cache_lib/coll_cache/asymm_link_desc.cc2022-12-06 15:25:512022-12-06 15:25:51.:..226589196226609[226611: ] : 2022-12-06 15:25:51: Ebuild asymm link desc with 6X Tesla V100-SXM2-32GB out of 8E[.E 
 2022-12-06 15:25:51226633 [/samgraph/3rdparty/collcachelib/coll_cache_lib/coll_cache/asymm_link_desc.cc/samgraph/3rdparty/collcachelib/coll_cache_lib/coll_cache/asymm_link_desc.cc.: /samgraph/3rdparty/collcachelib/coll_cache_lib/coll_cache/asymm_link_desc.cc2022-12-06 15:25:51::226675E:.196198:  197226734] ] E/samgraph/3rdparty/collcachelib/coll_cache_lib/coll_cache/asymm_link_desc.cc] : build asymm link desc with 6X Tesla V100-SXM2-32GB out of 8cpu time is 30 :remote time is 8.68421E

/samgraph/3rdparty/collcachelib/coll_cache_lib/coll_cache/asymm_link_desc.cc196
 :] /samgraph/3rdparty/collcachelib/coll_cache_lib/coll_cache/asymm_link_desc.cc[196[build asymm link desc with 6X Tesla V100-SXM2-32GB out of 8:2022-12-06 15:25:51] 2022-12-06 15:25:51
197.build asymm link desc with 6X Tesla V100-SXM2-32GB out of 8.] 226867
226869[remote time is 8.68421: : 2022-12-06 15:25:51[
EE.2022-12-06 15:25:51 [ 226926./samgraph/3rdparty/collcachelib/coll_cache_lib/coll_cache/asymm_link_desc.cc2022-12-06 15:25:51/samgraph/3rdparty/collcachelib/coll_cache_lib/coll_cache/asymm_link_desc.cc: 226946:.:E: 197226971198 E] : ] /samgraph/3rdparty/collcachelib/coll_cache_lib/coll_cache/asymm_link_desc.cc remote time is 8.68421Ecpu time is 30:/samgraph/3rdparty/collcachelib/coll_cache_lib/coll_cache/asymm_link_desc.cc
 
197:/samgraph/3rdparty/collcachelib/coll_cache_lib/coll_cache/asymm_link_desc.cc[] 197:2022-12-06 15:25:51remote time is 8.68421] 198.
remote time is 8.68421] 227108
cpu time is 30[: 
2022-12-06 15:25:51[E.2022-12-06 15:25:51 227157./samgraph/3rdparty/collcachelib/coll_cache_lib/coll_cache/asymm_link_desc.cc: 227172:E: 198 E] /samgraph/3rdparty/collcachelib/coll_cache_lib/coll_cache/asymm_link_desc.cc cpu time is 30:/samgraph/3rdparty/collcachelib/coll_cache_lib/coll_cache/asymm_link_desc.cc
198:] 198cpu time is 30] 
cpu time is 30
[2022-12-06 15:26:02.924222: E /samgraph/3rdparty/collcachelib/coll_cache_lib/facade.cc:115] solver created. now build & solve
[2022-12-06 15:26:02.967746: E /samgraph/3rdparty/collcachelib/coll_cache_lib/facade.cc:120] solver built. now solve
block 0 storage is 00001001
	access is	0	0	0	3	3	3	
block 1 storage is 00010010
	access is	1	1	1	4	4	4	
block 2 storage is 00100100
	access is	2	2	2	5	5	5	
block 3 storage is 00000000
	access is	6	6	6	6	6	6	
[2022-12-06 15:26:04.372371: E /samgraph/3rdparty/collcachelib/coll_cache_lib/facade.cc:124] solver solved
[2022-12-06 15:26:04.372444: E /samgraph/3rdparty/collcachelib/coll_cache_lib/facade.cc:187] 0 solved master
[2022-12-06 15:26:04.372492: E /samgraph/3rdparty/collcachelib/coll_cache_lib/facade.cc:194] 0 solved
[2022-12-06 15:26:04.372519: E /samgraph/3rdparty/collcachelib/coll_cache_lib/facade.cc:197] worker 0 thread 0 initing device 0
[2022-12-06 15:26:04.374004: E /samgraph/3rdparty/collcachelib/coll_cache_lib/cache_context.cu:1762] Building Coll Cache with ... num gpu device is 6
[2022-12-06 15:26:04.389467: E /samgraph/3rdparty/collcachelib/coll_cache_lib/facade.cc:194] 5 solved
[2022-12-06 15:26:04.389517: E /samgraph/3rdparty/collcachelib/coll_cache_lib/facade.cc:197] worker 5 thread 5 initing device 5
[2022-12-06 15:26:04.389738: E /samgraph/3rdparty/collcachelib/coll_cache_lib/facade.cc:194] 2 solved
[2022-12-06 15:26:04.389787: E /samgraph/3rdparty/collcachelib/coll_cache_lib/facade.cc:197] worker 2 thread 2 initing device 2
[2022-12-06 15:26:04.390240: E /samgraph/3rdparty/collcachelib/coll_cache_lib/facade.cc:194] 1 solved
[2022-12-06 15:26:04.390304: E /samgraph/3rdparty/collcachelib/coll_cache_lib/facade.cc:197] worker 1 thread 1 initing device 1
[2022-12-06 15:26:04.390919: E /samgraph/3rdparty/collcachelib/coll_cache_lib/cache_context.cu:1762] Building Coll Cache with ... num gpu device is 6
[2022-12-06 15:26:04.391223: E /samgraph/3rdparty/collcachelib/coll_cache_lib/cache_context.cu:1762] Building Coll Cache with ... num gpu device is 6
[2022-12-06 15:26:04.392683: E /samgraph/3rdparty/collcachelib/coll_cache_lib/cache_context.cu:1762] Building Coll Cache with ... num gpu device is 6
[2022-12-06 15:26:04.394158: E /samgraph/3rdparty/collcachelib/coll_cache_lib/facade.cc:194] 3 solved
[2022-12-06 15:26:04.394208: E /samgraph/3rdparty/collcachelib/coll_cache_lib/facade.cc:197] worker 3 thread 3 initing device 3
[2022-12-06 15:26:04.394246: E /samgraph/3rdparty/collcachelib/coll_cache_lib/facade.cc:194] 4 solved
[2022-12-06 15:26:04.394301: E /samgraph/3rdparty/collcachelib/coll_cache_lib/facade.cc:197] worker 4 thread 4 initing device 4
[2022-12-06 15:26:04.397175: E /samgraph/3rdparty/collcachelib/coll_cache_lib/cache_context.cu:1762] Building Coll Cache with ... num gpu device is 6
[2022-12-06 15:26:04.397227: E /samgraph/3rdparty/collcachelib/coll_cache_lib/cache_context.cu:1762] Building Coll Cache with ... num gpu device is 6
[2022-12-06 15:26:04.464953: W /samgraph/3rdparty/collcachelib/coll_cache_lib/cpu/cpu_device.cc:39] WORKER[0] alloc host memory 42.37 MB
[[[[[[2022-12-06 15:26:052022-12-06 15:26:052022-12-06 15:26:052022-12-06 15:26:052022-12-06 15:26:052022-12-06 15:26:05......475446475446475454475446475448475446: : : : : : EEEEEE      /samgraph/3rdparty/collcachelib/coll_cache_lib/cache_context.cu/samgraph/3rdparty/collcachelib/coll_cache_lib/cache_context.cu/samgraph/3rdparty/collcachelib/coll_cache_lib/cache_context.cu/samgraph/3rdparty/collcachelib/coll_cache_lib/cache_context.cu/samgraph/3rdparty/collcachelib/coll_cache_lib/cache_context.cu/samgraph/3rdparty/collcachelib/coll_cache_lib/cache_context.cu::::::187118711871187118711871] ] ] ] ] ] Device 4 init p2p of link 3Device 2 init p2p of link 1Device 0 init p2p of link 1Device 3 init p2p of link 4Device 5 init p2p of link 0Device 1 init p2p of link 0





[2022-12-06 15:26:05.490937: E /samgraph/3rdparty/collcachelib/coll_cache_lib/cache_context.cu:1871] Device 5 init p2p of link 3
[2022-12-06 15:26:05.495627: E /samgraph/3rdparty/collcachelib/coll_cache_lib/cache_context.cu:1871] Device 2 init p2p of link 0
[2022-12-06 15:26:05.497688: E /samgraph/3rdparty/collcachelib/coll_cache_lib/cache_context.cu:1871] Device 3 init p2p of link 5
[2022-12-06 15:26:05.498410: E /samgraph/3rdparty/collcachelib/coll_cache_lib/cache_context.cu:1871] Device 4 init p2p of link 2
[2022-12-06 15:26:05.498639: E /samgraph/3rdparty/collcachelib/coll_cache_lib/cache_context.cu:1871] Device 0 init p2p of link 5
[2022-12-06 15:26:05.498901: E /samgraph/3rdparty/collcachelib/coll_cache_lib/cache_context.cu:1871] Device 1 init p2p of link 2
[2022-12-06 15:26:05.501005: E /samgraph/3rdparty/collcachelib/coll_cache_lib/cache_context.cu:1871] Device 5 init p2p of link 4
[2022-12-06 15:26:05.510036: E /samgraph/3rdparty/collcachelib/coll_cache_lib/cache_context.cu:1871] Device 4 init p2p of link 5
[2022-12-06 15:26:05.510451: E /samgraph/3rdparty/collcachelib/coll_cache_lib/cache_context.cu:1871] Device 0 init p2p of link 2
[2022-12-06 15:26:05.512258: E /samgraph/3rdparty/collcachelib/coll_cache_lib/cache_context.cu:1871] Device 2 init p2p of link 4
[2022-12-06 15:26:05.513813: E /samgraph/3rdparty/collcachelib/coll_cache_lib/cache_context.cu:1871] Device 3 init p2p of link 1
[2022-12-06 15:26:05.516763: E /samgraph/3rdparty/collcachelib/coll_cache_lib/cache_context.cu:1871] Device 1 init p2p of link 3
[2022-12-06 15:26:05.522423: E /samgraph/3rdparty/collcachelib/coll_cache_lib/cache_context.cu:1900] Asymm Coll cache (policy: clique_part) | local 11105995 / 111059956 nodes ( 10.00 %~10.00 %) | remote 22211990 / 111059956 nodes ( 20.00 %) | cpu 77741971 / 111059956 nodes ( 70.00 %) | 5.30 GB | 1.13115 secs 
[2022-12-06 15:26:05.524736: E /samgraph/3rdparty/collcachelib/coll_cache_lib/cache_context.cu:1900] Asymm Coll cache (policy: clique_part) | local 11105995 / 111059956 nodes ( 10.00 %~10.00 %) | remote 22211990 / 111059956 nodes ( 20.00 %) | cpu 77741971 / 111059956 nodes ( 70.00 %) | 5.30 GB | 1.12752 secs 
[2022-12-06 15:26:05.525804: E /samgraph/3rdparty/collcachelib/coll_cache_lib/cache_context.cu:1900] Asymm Coll cache (policy: clique_part) | local 11105995 / 111059956 nodes ( 10.00 %~10.00 %) | remote 22211990 / 111059956 nodes ( 20.00 %) | cpu 77741971 / 111059956 nodes ( 70.00 %) | 5.30 GB | 1.13308 secs 
[2022-12-06 15:26:05.526785: E /samgraph/3rdparty/collcachelib/coll_cache_lib/cache_context.cu:1900] Asymm Coll cache (policy: clique_part) | local 11105995 / 111059956 nodes ( 10.00 %~10.00 %) | remote 22211990 / 111059956 nodes ( 20.00 %) | cpu 77741971 / 111059956 nodes ( 70.00 %) | 5.30 GB | 1.13581 secs 
[2022-12-06 15:26:05.532072: E /samgraph/3rdparty/collcachelib/coll_cache_lib/cache_context.cu:1900] Asymm Coll cache (policy: clique_part) | local 11105995 / 111059956 nodes ( 10.00 %~10.00 %) | remote 22211990 / 111059956 nodes ( 20.00 %) | cpu 77741971 / 111059956 nodes ( 70.00 %) | 5.30 GB | 1.15802 secs 
[2022-12-06 15:26:05.532722: E /samgraph/3rdparty/collcachelib/coll_cache_lib/cache_context.cu:1900] Asymm Coll cache (policy: clique_part) | local 11105995 / 111059956 nodes ( 10.00 %~10.00 %) | remote 22211990 / 111059956 nodes ( 20.00 %) | cpu 77741971 / 111059956 nodes ( 70.00 %) | 5.30 GB | 1.13545 secs 
[2022-12-06 15:26:21. 23389: W /samgraph/samgraph/common/cuda/cuda_device.cc:49] GPU[0] alloc cuda memory 22.32 MB
[2022-12-06 15:26:21. 25048: W /samgraph/samgraph/common/cuda/cuda_device.cc:49] GPU[0] alloc cuda memory 26.82 MB
[2022-12-06 15:26:21. 26640: W /samgraph/samgraph/common/cuda/cuda_device.cc:49] GPU[0] alloc cuda memory 26.82 MB
[2022-12-06 15:26:21. 45868: W /samgraph/samgraph/common/cuda/cuda_device.cc:49] GPU[0] alloc cuda memory 2.23 GB
[2022-12-06 15:26:22.637926: W /samgraph/samgraph/common/cuda/cuda_device.cc:49] GPU[0] alloc cuda memory 20.41 MB
[2022-12-06 15:26:22.639905: W /samgraph/samgraph/common/cuda/cuda_device.cc:49] GPU[0] alloc cuda memory 24.30 MB
[2022-12-06 15:26:22.641899: W /samgraph/samgraph/common/cuda/cuda_device.cc:49] GPU[0] alloc cuda memory 24.30 MB
[2022-12-06 15:26:22.667821: W /samgraph/samgraph/common/cuda/cuda_device.cc:49] GPU[0] alloc cuda memory 2.23 GB
/usr/local/lib/python3.8/dist-packages/torch/nn/parallel/scatter_gather.py:9: UserWarning: is_namedtuple is deprecated, please use the python checks instead
  warnings.warn("is_namedtuple is deprecated, please use the python checks instead")
/usr/local/lib/python3.8/dist-packages/torch/nn/parallel/scatter_gather.py:9: UserWarning: is_namedtuple is deprecated, please use the python checks instead
  warnings.warn("is_namedtuple is deprecated, please use the python checks instead")
/usr/local/lib/python3.8/dist-packages/torch/nn/parallel/scatter_gather.py:9: UserWarning: is_namedtuple is deprecated, please use the python checks instead
  warnings.warn("is_namedtuple is deprecated, please use the python checks instead")
/usr/local/lib/python3.8/dist-packages/torch/nn/parallel/scatter_gather.py:9: UserWarning: is_namedtuple is deprecated, please use the python checks instead
  warnings.warn("is_namedtuple is deprecated, please use the python checks instead")
/usr/local/lib/python3.8/dist-packages/torch/nn/parallel/scatter_gather.py:9: UserWarning: is_namedtuple is deprecated, please use the python checks instead
  warnings.warn("is_namedtuple is deprecated, please use the python checks instead")
/usr/local/lib/python3.8/dist-packages/torch/nn/parallel/scatter_gather.py:9: UserWarning: is_namedtuple is deprecated, please use the python checks instead
  warnings.warn("is_namedtuple is deprecated, please use the python checks instead")
