config:eval_tsp="2022-12-06 18:08:43"
config:arch=arch5
config:num_train_worker=6
config:num_sample_worker=2
config:sample_type=khop2
config:root_path=/nvme/samgraph/
config:dataset=papers100M-undir
config:pipeline=False
config:cache_policy=clique_part
config:cache_percentage=0.25
config:num_epoch=4
config:batch_size=8000
config:num_hidden=256
config:max_sampling_jobs=1
config:max_copying_jobs=1
config:barriered_epoch=1
config:presample_epoch=2
config:omp_thread_num=6
config:unsupervised=True
config:amp=True
config:rolling=0
config:fanout=[25, 10]
config:lr=0.003
config:dropout=0.5
config:single_gpu=False
config:max_num_step=1000
config:validate_configs=False
config:report_acc=0
config:dataset_path=/nvme/samgraph/papers100M-undir
config:torch_thread_num=8
config:train_workers=['cuda:0', 'cuda:1', 'cuda:2', 'cuda:3', 'cuda:4', 'cuda:5']
config:sample_workers=['cuda:6', 'cuda:7']
config:num_fanout=2
config:num_layer=2
config:_run_mode=RunMode.FGNN
config:_log_level=warn
config:_profile_level=3
config:_empty_feat=0
config:_arch=5
config:_sample_type=5
config:_cache_policy=14
test_result:init:input_scale_factor=1.1
coll_cache:optimal_rep_storage=0
coll_cache:optimal_part_storage=0.75
coll_cache:optimal_cpu_storage=0.25
coll_cache:optimal_local_storage=0.25
coll_cache:optimal_remote_storage=0.5
coll_cache:optimal_local_rate=0.329844
coll_cache:optimal_remote_rate=0.659689
coll_cache:optimal_cpu_rate=0.010467
z=93254.2,93254.2,115327,93254.2,115327,93254.2,
test_result:init:feat_nbytes=56862697472
test_result:init:cache_nbytes=14221360128
test_result:init:feat_nbytes=56862697472
test_result:init:cache_nbytes=14221360128
test_result:init:feat_nbytes=56862697472
test_result:init:cache_nbytes=14221360128
test_result:init:feat_nbytes=56862697472
test_result:init:cache_nbytes=14221360128
test_result:init:feat_nbytes=56862697472
test_result:init:cache_nbytes=14221360128
test_result:init:feat_nbytes=56862697472
test_result:init:cache_nbytes=14221360128
[Train  Worker 5/6] Started with PID 9592(Tesla V100-SXM2-32GB)
[Train  Worker 5] run train for 4 epochs with 1002 steps
[Train  Worker 1/6] Started with PID 9580(Tesla V100-SXM2-32GB)
[Train  Worker 1] run train for 4 epochs with 1002 steps
[Train  Worker 4/6] Started with PID 9589(Tesla V100-SXM2-32GB)
[Train  Worker 4] run train for 4 epochs with 1002 steps
[Train  Worker 2/6] Started with PID 9583(Tesla V100-SXM2-32GB)
[Train  Worker 2] run train for 4 epochs with 1002 steps
[Train  Worker 3/6] Started with PID 9586(Tesla V100-SXM2-32GB)
[Train  Worker 3] run train for 4 epochs with 1002 steps
[CUDA] cuda0: usage: 22.36 GB
[SAM] cuda0 data alloc        : 0.00 Bytes
[SAM] cuda0 workspace         : 4.59 GB
[SAM] cuda0 workspace reserve : 2.29 GB
[SAM] cuda0 total             : 4.59 GB
[Train  Worker 0/6] Started with PID 9577(Tesla V100-SXM2-32GB)
[Train  Worker 0] run train for 4 epochs with 1002 steps
Epoch 00000 | Epoch Time 13.5581 | Total Train Time(Profiler) 6.1119 | Copy Time 7.4305
[CUDA] cuda0: usage: 22.36 GB
[SAM] cuda0 data alloc        : 0.00 Bytes
[SAM] cuda0 workspace         : 4.59 GB
[SAM] cuda0 workspace reserve : 2.30 GB
[SAM] cuda0 total             : 4.59 GB
Epoch 00001 | Epoch Time 12.0893 | Total Train Time(Profiler) 4.6921 | Copy Time 7.3809
[CUDA] cuda0: usage: 22.37 GB
[SAM] cuda0 data alloc        : 0.00 Bytes
[SAM] cuda0 workspace         : 4.59 GB
[SAM] cuda0 workspace reserve : 2.29 GB
[SAM] cuda0 total             : 4.59 GB
Epoch 00002 | Epoch Time 12.0964 | Total Train Time(Profiler) 4.7018 | Copy Time 7.3786
[CUDA] cuda0: usage: 22.37 GB
[SAM] cuda0 data alloc        : 0.00 Bytes
[SAM] cuda0 workspace         : 4.59 GB
[SAM] cuda0 workspace reserve : 2.30 GB
[SAM] cuda0 total             : 4.59 GB
Epoch 00003 | Epoch Time 12.0738 | Total Train Time(Profiler) 4.6808 | Copy Time 7.3773
[Train  Worker 0] Avg Epoch Time 12.0865 | Train Total Time(Profiler) 4.6915 | Copy Time 7.3790
[Train  Worker 5] Avg Epoch Time 12.0864 | Train Total Time(Profiler) 4.7025 | Copy Time 7.3681
[Train  Worker 2] Avg Epoch Time 12.0865 | Train Total Time(Profiler) 4.0242 | Copy Time 8.0463
[Train  Worker 1] Avg Epoch Time 12.0864 | Train Total Time(Profiler) 3.9601 | Copy Time 8.1095
[Train  Worker 3] Avg Epoch Time 12.0864 | Train Total Time(Profiler) 4.0138 | Copy Time 8.0569
[Train  Worker 4] Avg Epoch Time 12.0865 | Train Total Time(Profiler) 4.0073 | Copy Time 8.0625
[Sample Worker 1/2] Started with PID 9574(Tesla V100-SXM2-32GB)
[Sample Worker 1] run sample for 4 epochs with 501 steps
[Sample Worker 1] Avg Sample Total Time 14.2309 | Sampler Total Time(Profiler) 14.2242
    [Step(average) Profiler Level 1 E3 S500]
        L1  sample           0.023488 | send           0.004843
        L1  recv             0.000000 | copy           0.000000 | convert time 0.000000 | train  0.000000
        L1  feature nbytes 0.00 Bytes | label nbytes 0.00 Bytes
        L1  id nbytes      0.00 Bytes | graph nbytes 0.00 Bytes
        L1  miss nbytes    0.00 Bytes | remote nbytes 0.00 Bytes
        L1  num nodes         4278964 | num samples     5311265
    [Step(average) Profiler Level 2 E3 S500]
        L2  shuffle     0.000635 | core sample  0.010186 | id remap        0.012443
        L2  graph copy  0.000000 | id copy      0.000000 | cache feat copy 0.000000
        L2  last layer sample time 0.000726 | size 228624.534265
    [Step(average) Profiler Level 3 E3 S500]
        L3  khop sample coo  0.007993 | khop sort coo      0.000000 | khop count edge     0.000073 | khop compact edge 0.002059
        L3  walk sample coo  0.000000 | walk topk total    0.000000 | walk topk step1     0.000000 | walk topk step2   0.000000
        L3  walk topk step3  0.000000 | walk topk step4    0.000000 | walk topk step5     0.000000
        L3  walk topk step6  0.000000 | walk topk step7    0.000000
        L3  remap unique     0.000212 | remap populate     0.010310 | remap mapnode       0.000000 | remap mapedge     0.002152
        L3  cache get_index  0.000000 | cache copy_index   0.000000 | cache extract_miss  0.000000
        L3  cache copy_miss  0.000000 | cache combine_miss 0.000000 | cache combine cache 0.000000 | cache combine remote 0.000000
        L3  label extract  0.000000
    [Init Profiler Level 1]
        L1  init     9.4955 | sampler init   275.8540 | trainer init 0.0000
    [Init Profiler Level 2]
        L2  load ds        12.2325 | init queue         154.1976
        L2  presample     116.1427 | build interal ds     2.7736
        L2  build cache     0.0000
    [Init Profiler Level 3]
        L3  load dataset: mmap     9.4918 | copy         2.7407
        L3  dist queue: alloc      0.0009 | pin        154.1967 | push     0.0000
        L3  presample: init        0.3832
        L3  presample: sample     46.4124 | copy         2.7852
        L3  presample: count      65.8541 | sort         0.2328
        L3  presample: reset       0.0012 | get rank     0.0238
        L3  internal: cuda ctx     2.4850 | cuda stream     0.2630
[Sample Worker 0/2] Started with PID 9571(Tesla V100-SXM2-32GB)
[Sample Worker 0] run sample for 4 epochs with 501 steps
[Sample Worker 0] Avg Sample Total Time 14.2272 | Sampler Total Time(Profiler) 14.1937
test_result:sample_time=11.7676
test_result:get_cache_miss_index_time=0.0000
test_result:enqueue_samples_time=2.4261
test_result:epoch_time:sample_total=14.2272
[CUDA] cuda0: usage: 22.37 GB
[SAM] cuda0 data alloc        : 0.00 Bytes
[SAM] cuda0 workspace         : 4.59 GB
[SAM] cuda0 workspace reserve : 2.30 GB
[SAM] cuda0 total             : 4.59 GB
    [Step(average) Profiler Level 1 E3 S1001]
        L1  sample           0.000000 | send           0.000000
        L1  recv             0.008382 | copy           0.046929 | convert time 0.000490 | train  0.024858
        L1  feature nbytes    2.04 GB | label nbytes   62.50 KB
        L1  id nbytes      0.00 Bytes | graph nbytes 0.00 Bytes
        L1  miss nbytes    0.00 Bytes | remote nbytes 0.00 Bytes
        L1  num nodes               0 | num samples           0
    [Step(average) Profiler Level 2 E3 S1001]
        L2  shuffle     0.000000 | core sample  0.000000 | id remap        0.000000
        L2  graph copy  0.000004 | id copy      0.000000 | cache feat copy 0.038543
        L2  last layer sample time 0.000000 | size 0.000000
    [Step(average) Profiler Level 3 E3 S1001]
        L3  khop sample coo  0.000000 | khop sort coo      0.000000 | khop count edge     0.000000 | khop compact edge 0.000000
        L3  walk sample coo  0.000000 | walk topk total    0.000000 | walk topk step1     0.000000 | walk topk step2   0.000000
        L3  walk topk step3  0.000000 | walk topk step4    0.000000 | walk topk step5     0.000000
        L3  walk topk step6  0.000000 | walk topk step7    0.000000
        L3  remap unique     0.000000 | remap populate     0.000000 | remap mapnode       0.000000 | remap mapedge     0.000000
        L3  cache get_index  0.000000 | cache copy_index   0.000000 | cache extract_miss  0.000000
        L3  cache copy_miss  0.000000 | cache combine_miss 0.000000 | cache combine cache 0.038517 | cache combine remote 0.000000
        L3  label extract  0.000018
    [Step(max) Profiler Level 1 E3 S1001]
        L1  sample           0.000000 | send           0.000000
        L1  recv             0.000000 | copy           0.000000 | convert time 0.000000 | train  0.000000
        L1  feature nbytes 0.00 Bytes | label nbytes 0.00 Bytes
        L1  id nbytes      0.00 Bytes | graph nbytes   40.91 MB
        L1  miss nbytes    0.00 Bytes | remote nbytes 0.00 Bytes
        L1  num nodes               0 | num samples           0
    [Step(max) Profiler Level 2 E3 S1001]
        L2  shuffle     0.000000 | core sample  0.000000 | id remap        0.000000
        L2  graph copy  0.000000 | id copy      0.000000 | cache feat copy 0.000000
        L2  last layer sample time 0.000000 | size 0.000000
    [Step(max) Profiler Level 3 E3 S1001]
        L3  khop sample coo  0.000000 | khop sort coo      0.000000 | khop count edge     0.000000 | khop compact edge 0.000000
        L3  walk sample coo  0.000000 | walk topk total    0.000000 | walk topk step1     0.000000 | walk topk step2   0.000000
        L3  walk topk step3  0.000000 | walk topk step4    0.000000 | walk topk step5     0.000000
        L3  walk topk step6  0.000000 | walk topk step7    0.000000
        L3  remap unique     0.000000 | remap populate     0.000000 | remap mapnode       0.000000 | remap mapedge     0.000000
        L3  cache get_index  0.000000 | cache copy_index   0.000000 | cache extract_miss  0.000000
        L3  cache copy_miss  0.000000 | cache combine_miss 0.000000 | cache combine cache 0.000000 | cache combine remote 0.000000
        L3  label extract  0.000000
    [Step(min) Profiler Level 1 E3 S1001]
        L1  sample           0.000000 | send           0.000000
        L1  recv             0.000000 | copy           0.000000 | convert time 0.000000 | train  0.000000
        L1  feature nbytes 0.00 Bytes | label nbytes 0.00 Bytes
        L1  id nbytes      0.00 Bytes | graph nbytes   40.30 MB
        L1  miss nbytes    0.00 Bytes | remote nbytes 0.00 Bytes
        L1  num nodes               0 | num samples           0
    [Step(min) Profiler Level 2 E3 S1001]
        L2  shuffle     0.000000 | core sample  0.000000 | id remap        0.000000
        L2  graph copy  0.000000 | id copy      0.000000 | cache feat copy 0.000000
        L2  last layer sample time 0.000000 | size 0.000000
    [Step(min) Profiler Level 3 E3 S1001]
        L3  khop sample coo  0.000000 | khop sort coo      0.000000 | khop count edge     0.000000 | khop compact edge 0.000000
        L3  walk sample coo  0.000000 | walk topk total    0.000000 | walk topk step1     0.000000 | walk topk step2   0.000000
        L3  walk topk step3  0.000000 | walk topk step4    0.000000 | walk topk step5     0.000000
        L3  walk topk step6  0.000000 | walk topk step7    0.000000
        L3  remap unique     0.000000 | remap populate     0.000000 | remap mapnode       0.000000 | remap mapedge     0.000000
        L3  cache get_index  0.000000 | cache copy_index   0.000000 | cache extract_miss  0.000000
        L3  cache copy_miss  0.000000 | cache combine_miss 0.000000 | cache combine cache 0.000000 | cache combine remote 0.000000
        L3  label extract  0.000000
    [Init Profiler Level 1]
        L1  init     9.4955 | sampler init     0.0000 | trainer init 303.7376
    [Init Profiler Level 2]
        L2  load ds         9.4918 | init queue         154.1178
        L2  presample       0.0000 | build interal ds     2.2647
        L2  build cache   147.3483
    [Init Profiler Level 3]
        L3  load dataset: mmap     9.4918 | copy         0.0000
        L3  dist queue: alloc      0.0009 | pin        154.1169 | push     0.0000
        L3  presample: init        0.0000
        L3  presample: sample      0.0000 | copy         0.0000
        L3  presample: count       0.0000 | sort         0.0000
        L3  presample: reset       0.0000 | get rank     0.0000
        L3  internal: cuda ctx     2.2647 | cuda stream     0.0000
|===========================================================================|
|                  PyTorch CUDA memory summary, device ID 0                 |
|---------------------------------------------------------------------------|
|            CUDA OOMs: 0            |        cudaMalloc retries: 0         |
|===========================================================================|
|        Metric         | Cur Usage  | Peak Usage | Tot Alloc  | Tot Freed  |
|---------------------------------------------------------------------------|
| Allocated memory      |   64136 KB |    1417 MB |    2912 GB |    2912 GB |
|       from large pool |   55891 KB |    1415 MB |    2900 GB |    2900 GB |
|       from small pool |    8245 KB |      10 MB |      11 GB |      11 GB |
|---------------------------------------------------------------------------|
| Active memory         |   64137 KB |    1417 MB |    2912 GB |    2912 GB |
|       from large pool |   55891 KB |    1415 MB |    2900 GB |    2900 GB |
|       from small pool |    8245 KB |      10 MB |      11 GB |      11 GB |
|---------------------------------------------------------------------------|
| GPU reserved memory   |    1682 MB |    1682 MB |    1682 MB |       0 B  |
|       from large pool |    1666 MB |    1666 MB |    1666 MB |       0 B  |
|       from small pool |      16 MB |      16 MB |      16 MB |       0 B  |
|---------------------------------------------------------------------------|
| Non-releasable memory |   40311 KB |    1214 MB |    3126 GB |    3126 GB |
|       from large pool |   34220 KB |    1209 MB |    3114 GB |    3114 GB |
|       from small pool |    6090 KB |       8 MB |      12 GB |      12 GB |
|---------------------------------------------------------------------------|
| Allocations           |      39    |      56    |   91555    |   91516    |
|       from large pool |       3    |      14    |   36740    |   36737    |
|       from small pool |      36    |      45    |   54815    |   54779    |
|---------------------------------------------------------------------------|
| Active allocs         |      40    |      56    |   91555    |   91515    |
|       from large pool |       3    |      14    |   36740    |   36737    |
|       from small pool |      37    |      45    |   54815    |   54778    |
|---------------------------------------------------------------------------|
| GPU reserved segments |      17    |      17    |      17    |       0    |
|       from large pool |       9    |       9    |       9    |       0    |
|       from small pool |       8    |       8    |       8    |       0    |
|---------------------------------------------------------------------------|
| Non-releasable allocs |      18    |      30    |   36793    |   36775    |
|       from large pool |       4    |      13    |   21638    |   21634    |
|       from small pool |      14    |      20    |   15155    |   15141    |
|---------------------------------------------------------------------------|
| Oversize allocations  |       0    |       0    |       0    |       0    |
|---------------------------------------------------------------------------|
| Oversize GPU segments |       0    |       0    |       0    |       0    |
|===========================================================================|

test_result:epoch_time:copy_time=7.3790
test_result:convert_time=0.0819
test_result:train_time=4.6097
test_result:epoch_time:train_total=4.6915
test_result:cache_percentage=0.2500
test_result:cache_hit_rate=1.0000
test_result:run_time=106.8458
