[2022-12-06 21:19:24.147284: W /samgraph/samgraph/common/cpu/mmap_cpu_device.cc:92] mmap allocating space 13.46 GB
[2022-12-06 21:19:24.147385: W /samgraph/samgraph/common/cpu/mmap_cpu_device.cc:97] mmap allocating space 13.46 GB done
[2022-12-06 21:19:31.625174: W /samgraph/samgraph/common/cpu/mmap_cpu_device.cc:92] mmap allocating space 62.57 GB
[2022-12-06 21:19:31.625286: W /samgraph/samgraph/common/cpu/mmap_cpu_device.cc:97] mmap allocating space 62.57 GB done
[2022-12-06 21:19:31.625388: W /samgraph/samgraph/common/cpu/cpu_device.cc:39] WORKER[0] alloc host memory 13.46 GB
[2022-12-06 21:19:33.672975: E /samgraph/samgraph/common/engine.cc:272] Train set size 30.58 MB
[2022-12-06 21:19:33.673882: W /samgraph/samgraph/common/cpu/mmap_cpu_device.cc:92] mmap allocating space 293.56 GB
[2022-12-06 21:19:33.673919: W /samgraph/samgraph/common/cpu/mmap_cpu_device.cc:97] mmap allocating space 293.56 GB done
/usr/lib/python3/dist-packages/requests/__init__.py:89: RequestsDependencyWarning: urllib3 (1.26.12) or chardet (3.0.4) doesn't match a supported version!
  warnings.warn("urllib3 ({}) or chardet ({}) doesn't match a supported "
[2022-12-06 21:19:34.335034: W /samgraph/samgraph/common/dist/dist_engine.cc:662] Trainer[0] initializing...
[2022-12-06 21:19:34.410612: W /samgraph/samgraph/common/dist/dist_engine.cc:662] Trainer[1] initializing...
[2022-12-06 21:19:34.483547: W /samgraph/samgraph/common/dist/dist_engine.cc:662] Trainer[2] initializing...
[2022-12-06 21:19:34.631398: W /samgraph/samgraph/common/dist/dist_engine.cc:662] Trainer[3] initializing...
[2022-12-06 21:19:34.656076: W /samgraph/samgraph/common/dist/dist_engine.cc:662] Trainer[4] initializing...
[2022-12-06 21:19:34.751413: W /samgraph/samgraph/common/dist/dist_engine.cc:662] Trainer[5] initializing...
[2022-12-06 21:19:36.450074: W /samgraph/samgraph/common/dist/dist_engine.cc:666] Trainer[0] pin memory queue...
[2022-12-06 21:19:36.481270: W /samgraph/samgraph/common/dist/dist_engine.cc:666] Trainer[1] pin memory queue...
[2022-12-06 21:19:36.513241: W /samgraph/samgraph/common/dist/dist_engine.cc:666] Trainer[2] pin memory queue...
[[2022-12-06 21:19:362022-12-06 21:19:36..524868524864: : WW  /samgraph/samgraph/common/dist/dist_engine.cc/samgraph/samgraph/common/dist/dist_engine.cc::666666] ] Trainer[4] pin memory queue...Trainer[5] pin memory queue...

[2022-12-06 21:19:36.586473: W /samgraph/samgraph/common/dist/dist_engine.cc:666] Trainer[3] pin memory queue...
[[2022-12-06 21:22:102022-12-06 21:22:10..308500308545: : EE  [/samgraph/samgraph/common/dist/dist_engine.cc/samgraph/samgraph/common/dist/dist_engine.cc2022-12-06 21:22:10::.[85853086352022-12-06 21:22:10] ] : .Running on V100Running on V100E308684

 : /samgraph/samgraph/common/dist/dist_engine.ccE[: 2022-12-06 21:22:1085/samgraph/samgraph/common/dist/dist_engine.cc.] :308762Running on V10085: 
] ERunning on V100 
/samgraph/samgraph/common/dist/dist_engine.cc:85] Running on V100
[2022-12-06 21:22:10.309589: W /samgraph/samgraph/common/dist/dist_engine.cc:701[] 2022-12-06 21:22:10Trainer[3] register host memory....
[3096102022-12-06 21:22:10: .[W3096292022-12-06 21:22:10 : .[/samgraph/samgraph/common/dist/dist_engine.ccW3096462022-12-06 21:22:10: : .701/samgraph/samgraph/common/dist/dist_engine.ccW309670] : : Trainer[4] register host memory...701/samgraph/samgraph/common/dist/dist_engine.ccW
] : Trainer[2] register host memory...701/samgraph/samgraph/common/dist/dist_engine.cc
] :Trainer[1] register host memory...701
] Trainer[0] register host memory...
[2022-12-06 21:22:10.401641: E /samgraph/samgraph/common/dist/dist_engine.cc:85] Running on V100
[2022-12-06 21:22:10.401795: W /samgraph/samgraph/common/dist/dist_engine.cc:701] Trainer[5] register host memory...
[2022-12-06 21:22:10.626816: E /samgraph/samgraph/common/dist/dist_engine.cc:85] Running on V100
[2022-12-06 21:22:10.636762: E /samgraph/samgraph/common/dist/dist_engine.cc:85] Running on V100
[2022-12-06 21:22:10.636929: W /samgraph/samgraph/common/cpu/cpu_device.cc:39] WORKER[0] alloc host memory 30.58 MB
[2022-12-06 21:22:10.659044: W /samgraph/samgraph/common/cuda/cuda_device.cc:49] GPU[6] alloc cuda memory 250.28 MB
[2022-12-06 21:22:10.726607: W /samgraph/samgraph/common/cuda/cuda_device.cc:49] GPU[6] alloc cuda memory 13.46 GB
[2022-12-06 21:22:13.392296: W /samgraph/samgraph/common/cpu/cpu_device.cc:39] WORKER[0] alloc host memory 38.23 MB
[2022-12-06 21:22:13.416547: W /samgraph/samgraph/common/cuda/cuda_device.cc:49] GPU[6] alloc cuda memory 19.12 MB
[2022-12-06 21:22:13.417196: W /samgraph/samgraph/common/cuda/cuda_device.cc:49] GPU[6] alloc cuda memory 256.00 MB
[2022-12-06 21:22:13.417520: W /samgraph/samgraph/common/cuda/cuda_device.cc:49] GPU[6] alloc cuda memory 26.18 MB
[2022-12-06 21:22:13.418255: W /samgraph/samgraph/common/cuda/cuda_device.cc:49] GPU[6] alloc cuda memory 28.56 MB
[2022-12-06 21:22:13.419275: W /samgraph/samgraph/common/cpu/cpu_device.cc:39] WORKER[0] alloc host memory 38.23 MB
[2022-12-06 21:22:13.443312: E /samgraph/samgraph/common/dist/pre_sampler.cc:41] Dist Presampler making shuffler...
[2022-12-06 21:22:13.443386: W /samgraph/samgraph/common/cpu/cpu_device.cc:39] WORKER[0] alloc host memory 38.23 MB
[2022-12-06 21:22:13.467917: W /samgraph/samgraph/common/cuda/cuda_device.cc:49] GPU[6] alloc cuda memory 38.23 MB
[2022-12-06 21:22:13.467969: E /samgraph/samgraph/common/dist/pre_sampler.cc:44] Dist Presampler making shuffler...Done
[2022-12-06 21:22:13.467998: W /samgraph/samgraph/common/cpu/cpu_device.cc:39] WORKER[0] alloc host memory 500.55 MB
[2022-12-06 21:22:13.686910: E /samgraph/samgraph/common/dist/pre_sampler.cc:85] Dist Presampler doing presample epoch 0
[2022-12-06 21:22:13.966105: W /samgraph/samgraph/common/cuda/cuda_device.cc:49] GPU[6] alloc cuda memory 27.24 MB
[2022-12-06 21:22:13.966470: W /samgraph/samgraph/common/cuda/cuda_device.cc:49] GPU[6] alloc cuda memory 27.24 MB
[2022-12-06 21:22:13.966763: W /samgraph/samgraph/common/cuda/cuda_device.cc:49] GPU[6] alloc cuda memory 27.24 MB
[2022-12-06 21:22:13.967047: W /samgraph/samgraph/common/cuda/cuda_device.cc:49] GPU[6] alloc cuda memory 27.24 MB
[2022-12-06 21:22:13.988985: W /samgraph/samgraph/common/cuda/cuda_device.cc:49] GPU[6] alloc cuda memory 25.68 MB
[2022-12-06 21:22:13.991324: W /samgraph/samgraph/common/cpu/cpu_device.cc:39] WORKER[0] alloc host memory 20.54 MB
[2022-12-06 21:23:11.749204: E /samgraph/samgraph/common/dist/pre_sampler.cc:129] presample spend 25.0129 on sample, 1.40222 on copy, 31.6335 on count
[2022-12-06 21:23:11.749309: E /samgraph/samgraph/common/dist/pre_sampler.cc:85] Dist Presampler doing presample epoch 1
[2022-12-06 21:24:10.169876: E /samgraph/samgraph/common/dist/pre_sampler.cc:129] presample spend 50.0072 on sample, 2.79489 on copy, 63.6537 on count
[2022-12-06 21:24:10.170010: E /samgraph/samgraph/common/dist/pre_sampler.cc:136] max_num_inputs = 4322412, min_num_inputs = 4275969
[2022-12-06 21:24:10.328213: E /samgraph/samgraph/common/dist/pre_sampler.cc:148] presample spend 0.158098 on sort freq.
[2022-12-06 21:24:10.559481: E /samgraph/samgraph/common/dist/dist_engine.cc:524] pre sample done, delete it
[[[[[[2022-12-06 21:24:102022-12-06 21:24:102022-12-06 21:24:102022-12-06 21:24:102022-12-06 21:24:102022-12-06 21:24:10......575463575463575464575467575466575464: : : : : : WWWWWW      /samgraph/samgraph/common/dist/dist_engine.cc/samgraph/samgraph/common/dist/dist_engine.cc/samgraph/samgraph/common/dist/dist_engine.cc/samgraph/samgraph/common/dist/dist_engine.cc/samgraph/samgraph/common/dist/dist_engine.cc/samgraph/samgraph/common/dist/dist_engine.cc::::::711711711711711711] ] ] ] ] ] Trainer[2] building cache...Trainer[3] building cache...Trainer[1] building cache...Trainer[5] building cache...Trainer[0] building cache...Trainer[4] building cache...





[2022-12-06 21:24:10.581206: E /samgraph/3rdparty/collcachelib/coll_cache_lib/coll_cache/asymm_link_desc.cc:196] build asymm link desc with 6X Tesla V100-SXM2-32GB out of 8
[2022-12-06 21:24:10.581246: E[ 2022-12-06 21:24:10/samgraph/3rdparty/collcachelib/coll_cache_lib/coll_cache/asymm_link_desc.cc.:581273196: ] Ebuild asymm link desc with 6X Tesla V100-SXM2-32GB out of 8[ 
2022-12-06 21:24:10/samgraph/3rdparty/collcachelib/coll_cache_lib/coll_cache/asymm_link_desc.cc.:581285197: ] Eremote time is 8.68421 
[[/samgraph/3rdparty/collcachelib/coll_cache_lib/coll_cache/asymm_link_desc.cc2022-12-06 21:24:10[2022-12-06 21:24:10:.2022-12-06 21:24:10.196581340.581330] : 581350: build asymm link desc with 6X Tesla V100-SXM2-32GB out of 8E: E
 E /samgraph/3rdparty/collcachelib/coll_cache_lib/coll_cache/asymm_link_desc.cc [/samgraph/3rdparty/collcachelib/coll_cache_lib/coll_cache/asymm_link_desc.cc:/samgraph/3rdparty/collcachelib/coll_cache_lib/coll_cache/asymm_link_desc.cc2022-12-06 21:24:10:[197:.1962022-12-06 21:24:10] 198581383] .remote time is 8.68421] : build asymm link desc with 6X Tesla V100-SXM2-32GB out of 8581409
cpu time is 30E
[: 
 [2022-12-06 21:24:10E/samgraph/3rdparty/collcachelib/coll_cache_lib/coll_cache/asymm_link_desc.cc2022-12-06 21:24:10[. :.2022-12-06 21:24:10581430/samgraph/3rdparty/collcachelib/coll_cache_lib/coll_cache/asymm_link_desc.cc196581455.: :] : 581475E197build asymm link desc with 6X Tesla V100-SXM2-32GB out of 8E:  ] 
 E/samgraph/3rdparty/collcachelib/coll_cache_lib/coll_cache/asymm_link_desc.ccremote time is 8.68421/samgraph/3rdparty/collcachelib/coll_cache_lib/coll_cache/asymm_link_desc.cc :
:[/samgraph/3rdparty/collcachelib/coll_cache_lib/coll_cache/asymm_link_desc.cc196] 1982022-12-06 21:24:10[:build asymm link desc with 6X Tesla V100-SXM2-32GB out of 8] .2022-12-06 21:24:10197
cpu time is 30581585.] 
: 581602remote time is 8.68421E: 
 E/samgraph/3rdparty/collcachelib/coll_cache_lib/coll_cache/asymm_link_desc.cc [:/samgraph/3rdparty/collcachelib/coll_cache_lib/coll_cache/asymm_link_desc.cc[2022-12-06 21:24:10197:2022-12-06 21:24:10.] 198.581668remote time is 8.68421] 581672: 
cpu time is 30: E
E[  2022-12-06 21:24:10/samgraph/3rdparty/collcachelib/coll_cache_lib/coll_cache/asymm_link_desc.cc/samgraph/3rdparty/collcachelib/coll_cache_lib/coll_cache/asymm_link_desc.cc.::581736197198: ] ] Eremote time is 8.68421cpu time is 30 

/samgraph/3rdparty/collcachelib/coll_cache_lib/coll_cache/asymm_link_desc.cc:198[] 2022-12-06 21:24:10cpu time is 30.
581824: E /samgraph/3rdparty/collcachelib/coll_cache_lib/coll_cache/asymm_link_desc.cc:198] cpu time is 30
[2022-12-06 21:24:38.482301: E /samgraph/3rdparty/collcachelib/coll_cache_lib/facade.cc:115] solver created. now build & solve
[2022-12-06 21:24:38.508543: E /samgraph/3rdparty/collcachelib/coll_cache_lib/facade.cc:120] solver built. now solve
[2022-12-06 21:24:38.508597: E /samgraph/3rdparty/collcachelib/coll_cache_lib/coll_cache/optimal_solver_class.cc:895] num_cached_nodes = 6560836
[2022-12-06 21:24:39.312569: E /samgraph/3rdparty/collcachelib/coll_cache_lib/facade.cc:124] solver solved
[2022-12-06 21:24:39.312678: E /samgraph/3rdparty/collcachelib/coll_cache_lib/facade.cc:187] 0 solved master
[2022-12-06 21:24:39.312724: E /samgraph/3rdparty/collcachelib/coll_cache_lib/facade.cc:194] 0 solved
[2022-12-06 21:24:39.312751: E /samgraph/3rdparty/collcachelib/coll_cache_lib/facade.cc:197] worker 0 thread 0 initing device 0
[2022-12-06 21:24:39.322929: E /samgraph/3rdparty/collcachelib/coll_cache_lib/facade.cc:194] 2 solved
[2022-12-06 21:24:39.323007: E /samgraph/3rdparty/collcachelib/coll_cache_lib/facade.cc:197] worker 2 thread 2 initing device 2
[[2022-12-06 21:24:392022-12-06 21:24:39..324525324535: : EE  /samgraph/3rdparty/collcachelib/coll_cache_lib/facade.cc/samgraph/3rdparty/collcachelib/coll_cache_lib/facade.cc::194194] ] 1 solved4 solved

[[2022-12-06 21:24:392022-12-06 21:24:39..324639324641: : EE  /samgraph/3rdparty/collcachelib/coll_cache_lib/facade.cc/samgraph/3rdparty/collcachelib/coll_cache_lib/facade.cc::197197] ] worker 1 thread 1 initing device 1worker 4 thread 4 initing device 4

[2022-12-06 21:24:39.325404: E /samgraph/3rdparty/collcachelib/coll_cache_lib/facade.cc[:2022-12-06 21:24:39194.] 3254303 solved: 
E /samgraph/3rdparty/collcachelib/coll_cache_lib/facade.cc:[1942022-12-06 21:24:39] .5 solved325494
: E /samgraph/3rdparty/collcachelib/coll_cache_lib/facade.cc[:2022-12-06 21:24:39197.] 325530worker 3 thread 3 initing device 3: 
E /samgraph/3rdparty/collcachelib/coll_cache_lib/facade.cc:197] worker 5 thread 5 initing device 5
[2022-12-06 21:24:40.535925: E /samgraph/3rdparty/collcachelib/coll_cache_lib/cache_context.cu:1740] Collaborative GPU cache (policy: rep_cache) | local 6560836 / 65608366 nodes ( 10.00 %~10.00 %) | remote 0 / 65608366 nodes ( 0.00 %) | cpu 59047530 / 65608366 nodes ( 90.00 %) | 6.26 GB | 1.20938 secs 
[2022-12-06 21:24:40.536568: E /samgraph/3rdparty/collcachelib/coll_cache_lib/cache_context.cu:1740] Collaborative GPU cache (policy: rep_cache) | local 6560836 / 65608366 nodes ( 10.00 %~10.00 %) | remote 0 / 65608366 nodes ( 0.00 %) | cpu 59047530 / 65608366 nodes ( 90.00 %) | 6.26 GB | 1.21218 secs 
[2022-12-06 21:24:40.537522: E /samgraph/3rdparty/collcachelib/coll_cache_lib/cache_context.cu:1740] Collaborative GPU cache (policy: rep_cache) | local 6560836 / 65608366 nodes ( 10.00 %~10.00 %) | remote 0 / 65608366 nodes ( 0.00 %) | cpu 59047530 / 65608366 nodes ( 90.00 %) | 6.26 GB | 1.20968 secs 
[2022-12-06 21:24:40.538101: E /samgraph/3rdparty/collcachelib/coll_cache_lib/cache_context.cu:1740] Collaborative GPU cache (policy: rep_cache) | local 6560836 / 65608366 nodes ( 10.00 %~10.00 %) | remote 0 / 65608366 nodes ( 0.00 %) | cpu 59047530 / 65608366 nodes ( 90.00 %) | 6.26 GB | 1.21164 secs 
[2022-12-06 21:24:40.538454: E /samgraph/3rdparty/collcachelib/coll_cache_lib/cache_context.cu:1740] Collaborative GPU cache (policy: rep_cache) | local 6560836 / 65608366 nodes ( 10.00 %~10.00 %) | remote 0 / 65608366 nodes ( 0.00 %) | cpu 59047530 / 65608366 nodes ( 90.00 %) | 6.26 GB | 1.21067 secs 
[2022-12-06 21:24:40.538788: E /samgraph/3rdparty/collcachelib/coll_cache_lib/cache_context.cu:1740] Collaborative GPU cache (policy: rep_cache) | local 6560836 / 65608366 nodes ( 10.00 %~10.00 %) | remote 0 / 65608366 nodes ( 0.00 %) | cpu 59047530 / 65608366 nodes ( 90.00 %) | 6.26 GB | 1.22462 secs 
[2022-12-06 21:24:56.795328: W /samgraph/samgraph/common/cuda/cuda_device.cc:49] GPU[0] alloc cuda memory 22.19 MB
[2022-12-06 21:24:56.796984: W /samgraph/samgraph/common/cuda/cuda_device.cc:49] GPU[0] alloc cuda memory 28.17 MB
[2022-12-06 21:24:56.798448: W /samgraph/samgraph/common/cuda/cuda_device.cc:49] GPU[0] alloc cuda memory 28.17 MB
[2022-12-06 21:24:56.832036: W /samgraph/samgraph/common/cuda/cuda_device.cc:49] GPU[0] alloc cuda memory 4.44 GB
[2022-12-06 21:24:58.885068: W /samgraph/samgraph/common/cuda/cuda_device.cc:49] GPU[0] alloc cuda memory 20.52 MB
[2022-12-06 21:24:58.887220: W /samgraph/samgraph/common/cuda/cuda_device.cc:49] GPU[0] alloc cuda memory 25.66 MB
[2022-12-06 21:24:58.889273: W /samgraph/samgraph/common/cuda/cuda_device.cc:49] GPU[0] alloc cuda memory 25.66 MB
[2022-12-06 21:24:58.923964: W /samgraph/samgraph/common/cuda/cuda_device.cc:49] GPU[0] alloc cuda memory 4.44 GB
/usr/local/lib/python3.8/dist-packages/torch/nn/parallel/scatter_gather.py:9: UserWarning: is_namedtuple is deprecated, please use the python checks instead
  warnings.warn("is_namedtuple is deprecated, please use the python checks instead")
/usr/local/lib/python3.8/dist-packages/torch/nn/parallel/scatter_gather.py:9: UserWarning: is_namedtuple is deprecated, please use the python checks instead
  warnings.warn("is_namedtuple is deprecated, please use the python checks instead")
/usr/local/lib/python3.8/dist-packages/torch/nn/parallel/scatter_gather.py:9: UserWarning: is_namedtuple is deprecated, please use the python checks instead
  warnings.warn("is_namedtuple is deprecated, please use the python checks instead")
/usr/local/lib/python3.8/dist-packages/torch/nn/parallel/scatter_gather.py:9: UserWarning: is_namedtuple is deprecated, please use the python checks instead
  warnings.warn("is_namedtuple is deprecated, please use the python checks instead")
/usr/local/lib/python3.8/dist-packages/torch/nn/parallel/scatter_gather.py:9: UserWarning: is_namedtuple is deprecated, please use the python checks instead
  warnings.warn("is_namedtuple is deprecated, please use the python checks instead")
/usr/local/lib/python3.8/dist-packages/torch/nn/parallel/scatter_gather.py:9: UserWarning: is_namedtuple is deprecated, please use the python checks instead
  warnings.warn("is_namedtuple is deprecated, please use the python checks instead")
