config:eval_tsp="2022-12-06 19:04:17"
config:arch=arch5
config:num_train_worker=6
config:num_sample_worker=2
config:sample_type=khop2
config:root_path=/nvme/samgraph/
config:dataset=papers100M-undir
config:pipeline=False
config:cache_policy=clique_part
config:cache_percentage=0.3
config:num_epoch=4
config:batch_size=8000
config:num_hidden=256
config:max_sampling_jobs=1
config:max_copying_jobs=1
config:barriered_epoch=1
config:presample_epoch=2
config:omp_thread_num=6
config:unsupervised=True
config:amp=True
config:rolling=0
config:fanout=[25, 10]
config:lr=0.003
config:dropout=0.5
config:single_gpu=False
config:max_num_step=1000
config:validate_configs=False
config:report_acc=0
config:dataset_path=/nvme/samgraph/papers100M-undir
config:torch_thread_num=8
config:train_workers=['cuda:0', 'cuda:1', 'cuda:2', 'cuda:3', 'cuda:4', 'cuda:5']
config:sample_workers=['cuda:6', 'cuda:7']
config:num_fanout=2
config:num_layer=2
config:_run_mode=RunMode.FGNN
config:_log_level=warn
config:_profile_level=3
config:_empty_feat=0
config:_arch=5
config:_sample_type=5
config:_cache_policy=14
test_result:init:input_scale_factor=1.1
coll_cache:optimal_rep_storage=0
coll_cache:optimal_part_storage=0.9
coll_cache:optimal_cpu_storage=0.1
coll_cache:optimal_local_storage=0.3
coll_cache:optimal_remote_storage=0.6
coll_cache:optimal_local_rate=0.332869
coll_cache:optimal_remote_rate=0.665737
coll_cache:optimal_cpu_rate=0.00139387
z=91989.4,91989.4,114265,91989.4,114265,91989.4,
test_result:init:feat_nbytes=56862697472
test_result:init:cache_nbytes=17064494592
test_result:init:feat_nbytes=56862697472
test_result:init:cache_nbytes=17064494592
test_result:init:feat_nbytes=56862697472
test_result:init:cache_nbytes=17064494592
test_result:init:feat_nbytes=56862697472
test_result:init:cache_nbytes=17064494592
test_result:init:feat_nbytes=56862697472
test_result:init:cache_nbytes=17064494592
test_result:init:feat_nbytes=56862697472
test_result:init:cache_nbytes=17064494592
[Train  Worker 4/6] Started with PID 12163(Tesla V100-SXM2-32GB)
[Train  Worker 4] run train for 4 epochs with 1002 steps
[Train  Worker 5/6] Started with PID 12166(Tesla V100-SXM2-32GB)
[Train  Worker 5] run train for 4 epochs with 1002 steps
[Train  Worker 2/6] Started with PID 12157(Tesla V100-SXM2-32GB)
[Train  Worker 2] run train for 4 epochs with 1002 steps
[Train  Worker 1/6] Started with PID 12154(Tesla V100-SXM2-32GB)
[Train  Worker 1] run train for 4 epochs with 1002 steps
[Train  Worker 3/6] Started with PID 12160(Tesla V100-SXM2-32GB)
[Train  Worker 3] run train for 4 epochs with 1002 steps
[CUDA] cuda0: usage: 27.58 GB
[SAM] cuda0 data alloc        : 0.00 Bytes
[SAM] cuda0 workspace         : 4.80 GB
[SAM] cuda0 workspace reserve : 2.37 GB
[SAM] cuda0 total             : 4.80 GB
[Train  Worker 0/6] Started with PID 12151(Tesla V100-SXM2-32GB)
[Train  Worker 0] run train for 4 epochs with 1002 steps
Epoch 00000 | Epoch Time 13.8475 | Total Train Time(Profiler) 6.0677 | Copy Time 7.7617
[CUDA] cuda0: usage: 27.59 GB
[SAM] cuda0 data alloc        : 0.00 Bytes
[SAM] cuda0 workspace         : 4.80 GB
[SAM] cuda0 workspace reserve : 2.36 GB
[SAM] cuda0 total             : 4.80 GB
Epoch 00001 | Epoch Time 12.3519 | Total Train Time(Profiler) 4.6265 | Copy Time 7.7072
[CUDA] cuda0: usage: 27.59 GB
[SAM] cuda0 data alloc        : 0.00 Bytes
[SAM] cuda0 workspace         : 4.80 GB
[SAM] cuda0 workspace reserve : 2.37 GB
[SAM] cuda0 total             : 4.80 GB
Epoch 00002 | Epoch Time 12.3297 | Total Train Time(Profiler) 4.6374 | Copy Time 7.6740
[CUDA] cuda0: usage: 27.59 GB
[SAM] cuda0 data alloc        : 0.00 Bytes
[SAM] cuda0 workspace         : 4.80 GB
[SAM] cuda0 workspace reserve : 2.37 GB
[SAM] cuda0 total             : 4.80 GB
Epoch 00003 | Epoch Time 12.3406 | Total Train Time(Profiler) 4.6079 | Copy Time 7.7132
[Train  Worker 5] Avg Epoch Time 12.3407 | Train Total Time(Profiler) 4.6215 | Copy Time 7.7033
[Train  Worker 4] Avg Epoch Time 12.3407 | Train Total Time(Profiler) 3.9603 | Copy Time 8.3619
[Train  Worker 2] Avg Epoch Time 12.3407 | Train Total Time(Profiler) 3.9580 | Copy Time 8.3660
[Train  Worker 3] Avg Epoch Time 12.3407 | Train Total Time(Profiler) 6.8197 | Copy Time 5.5048
[Train  Worker 1] Avg Epoch Time 12.3407 | Train Total Time(Profiler) 6.8279 | Copy Time 5.4971
[Train  Worker 0] Avg Epoch Time 12.3407 | Train Total Time(Profiler) 4.6239 | Copy Time 7.6981
[Sample Worker 1/2] Started with PID 12148(Tesla V100-SXM2-32GB)
[Sample Worker 1] run sample for 4 epochs with 501 steps
[Sample Worker 1] Avg Sample Total Time 14.2591 | Sampler Total Time(Profiler) 14.2527
    [Step(average) Profiler Level 1 E3 S500]
        L1  sample           0.023518 | send           0.004844
        L1  recv             0.000000 | copy           0.000000 | convert time 0.000000 | train  0.000000
        L1  feature nbytes 0.00 Bytes | label nbytes 0.00 Bytes
        L1  id nbytes      0.00 Bytes | graph nbytes 0.00 Bytes
        L1  miss nbytes    0.00 Bytes | remote nbytes 0.00 Bytes
        L1  num nodes         4279439 | num samples     5311783
    [Step(average) Profiler Level 2 E3 S500]
        L2  shuffle     0.000651 | core sample  0.010193 | id remap        0.012447
        L2  graph copy  0.000000 | id copy      0.000000 | cache feat copy 0.000000
        L2  last layer sample time 0.000728 | size 228639.070526
    [Step(average) Profiler Level 3 E3 S500]
        L3  khop sample coo  0.007997 | khop sort coo      0.000000 | khop count edge     0.000074 | khop compact edge 0.002061
        L3  walk sample coo  0.000000 | walk topk total    0.000000 | walk topk step1     0.000000 | walk topk step2   0.000000
        L3  walk topk step3  0.000000 | walk topk step4    0.000000 | walk topk step5     0.000000
        L3  walk topk step6  0.000000 | walk topk step7    0.000000
        L3  remap unique     0.000214 | remap populate     0.010314 | remap mapnode       0.000000 | remap mapedge     0.002153
        L3  cache get_index  0.000000 | cache copy_index   0.000000 | cache extract_miss  0.000000
        L3  cache copy_miss  0.000000 | cache combine_miss 0.000000 | cache combine cache 0.000000 | cache combine remote 0.000000
        L3  label extract  0.000000
    [Init Profiler Level 1]
        L1  init     9.5697 | sampler init   274.7589 | trainer init 0.0000
    [Init Profiler Level 2]
        L2  load ds        12.2990 | init queue         154.7313
        L2  presample     114.5418 | build interal ds     2.7529
        L2  build cache     0.0000
    [Init Profiler Level 3]
        L3  load dataset: mmap     9.5659 | copy         2.7331
        L3  dist queue: alloc      0.0008 | pin        154.7304 | push     0.0000
        L3  presample: init        0.3932
        L3  presample: sample     46.4364 | copy         2.7802
        L3  presample: count      64.1946 | sort         0.2616
        L3  presample: reset       0.0012 | get rank     0.0245
        L3  internal: cuda ctx     2.4169 | cuda stream     0.3094
[Sample Worker 0/2] Started with PID 12145(Tesla V100-SXM2-32GB)
[Sample Worker 0] run sample for 4 epochs with 501 steps
[Sample Worker 0] Avg Sample Total Time 14.2506 | Sampler Total Time(Profiler) 14.2095
test_result:sample_time=11.7827
test_result:get_cache_miss_index_time=0.0000
test_result:enqueue_samples_time=2.4269
test_result:epoch_time:sample_total=14.2506
[CUDA] cuda0: usage: 27.59 GB
[SAM] cuda0 data alloc        : 0.00 Bytes
[SAM] cuda0 workspace         : 4.80 GB
[SAM] cuda0 workspace reserve : 2.37 GB
[SAM] cuda0 total             : 4.80 GB
    [Step(average) Profiler Level 1 E3 S1001]
        L1  sample           0.000000 | send           0.000000
        L1  recv             0.008501 | copy           0.043044 | convert time 0.000480 | train  0.030271
        L1  feature nbytes    2.04 GB | label nbytes   62.50 KB
        L1  id nbytes      0.00 Bytes | graph nbytes 0.00 Bytes
        L1  miss nbytes       5.52 MB | remote nbytes    1.36 GB
        L1  num nodes               0 | num samples           0
    [Step(average) Profiler Level 2 E3 S1001]
        L2  shuffle     0.000000 | core sample  0.000000 | id remap        0.000000
        L2  graph copy  0.000004 | id copy      0.000000 | cache feat copy 0.034539
        L2  last layer sample time 0.000000 | size 0.000000
    [Step(average) Profiler Level 3 E3 S1001]
        L3  khop sample coo  0.000000 | khop sort coo      0.000000 | khop count edge     0.000000 | khop compact edge 0.000000
        L3  walk sample coo  0.000000 | walk topk total    0.000000 | walk topk step1     0.000000 | walk topk step2   0.000000
        L3  walk topk step3  0.000000 | walk topk step4    0.000000 | walk topk step5     0.000000
        L3  walk topk step6  0.000000 | walk topk step7    0.000000
        L3  remap unique     0.000000 | remap populate     0.000000 | remap mapnode       0.000000 | remap mapedge     0.000000
        L3  cache get_index  0.002799 | cache copy_index   0.000000 | cache extract_miss  0.000000
        L3  cache copy_miss  0.000000 | cache combine_miss 0.001719 | cache combine cache 0.002454 | cache combine remote 0.029256
        L3  label extract  0.000018
    [Step(max) Profiler Level 1 E3 S1001]
        L1  sample           0.000000 | send           0.000000
        L1  recv             0.000000 | copy           0.000000 | convert time 0.000000 | train  0.000000
        L1  feature nbytes 0.00 Bytes | label nbytes 0.00 Bytes
        L1  id nbytes      0.00 Bytes | graph nbytes   40.90 MB
        L1  miss nbytes    0.00 Bytes | remote nbytes 0.00 Bytes
        L1  num nodes               0 | num samples           0
    [Step(max) Profiler Level 2 E3 S1001]
        L2  shuffle     0.000000 | core sample  0.000000 | id remap        0.000000
        L2  graph copy  0.000000 | id copy      0.000000 | cache feat copy 0.000000
        L2  last layer sample time 0.000000 | size 0.000000
    [Step(max) Profiler Level 3 E3 S1001]
        L3  khop sample coo  0.000000 | khop sort coo      0.000000 | khop count edge     0.000000 | khop compact edge 0.000000
        L3  walk sample coo  0.000000 | walk topk total    0.000000 | walk topk step1     0.000000 | walk topk step2   0.000000
        L3  walk topk step3  0.000000 | walk topk step4    0.000000 | walk topk step5     0.000000
        L3  walk topk step6  0.000000 | walk topk step7    0.000000
        L3  remap unique     0.000000 | remap populate     0.000000 | remap mapnode       0.000000 | remap mapedge     0.000000
        L3  cache get_index  0.000000 | cache copy_index   0.000000 | cache extract_miss  0.000000
        L3  cache copy_miss  0.000000 | cache combine_miss 0.000000 | cache combine cache 0.000000 | cache combine remote 0.000000
        L3  label extract  0.000000
    [Step(min) Profiler Level 1 E3 S1001]
        L1  sample           0.000000 | send           0.000000
        L1  recv             0.000000 | copy           0.000000 | convert time 0.000000 | train  0.000000
        L1  feature nbytes 0.00 Bytes | label nbytes 0.00 Bytes
        L1  id nbytes      0.00 Bytes | graph nbytes   40.37 MB
        L1  miss nbytes    0.00 Bytes | remote nbytes 0.00 Bytes
        L1  num nodes               0 | num samples           0
    [Step(min) Profiler Level 2 E3 S1001]
        L2  shuffle     0.000000 | core sample  0.000000 | id remap        0.000000
        L2  graph copy  0.000000 | id copy      0.000000 | cache feat copy 0.000000
        L2  last layer sample time 0.000000 | size 0.000000
    [Step(min) Profiler Level 3 E3 S1001]
        L3  khop sample coo  0.000000 | khop sort coo      0.000000 | khop count edge     0.000000 | khop compact edge 0.000000
        L3  walk sample coo  0.000000 | walk topk total    0.000000 | walk topk step1     0.000000 | walk topk step2   0.000000
        L3  walk topk step3  0.000000 | walk topk step4    0.000000 | walk topk step5     0.000000
        L3  walk topk step6  0.000000 | walk topk step7    0.000000
        L3  remap unique     0.000000 | remap populate     0.000000 | remap mapnode       0.000000 | remap mapedge     0.000000
        L3  cache get_index  0.000000 | cache copy_index   0.000000 | cache extract_miss  0.000000
        L3  cache copy_miss  0.000000 | cache combine_miss 0.000000 | cache combine cache 0.000000 | cache combine remote 0.000000
        L3  label extract  0.000000
    [Init Profiler Level 1]
        L1  init     9.5697 | sampler init     0.0000 | trainer init 311.1302
    [Init Profiler Level 2]
        L2  load ds         9.5659 | init queue         154.5760
        L2  presample       0.0000 | build interal ds     2.2239
        L2  build cache   154.3160
    [Init Profiler Level 3]
        L3  load dataset: mmap     9.5659 | copy         0.0000
        L3  dist queue: alloc      0.0008 | pin        154.5751 | push     0.0000
        L3  presample: init        0.0000
        L3  presample: sample      0.0000 | copy         0.0000
        L3  presample: count       0.0000 | sort         0.0000
        L3  presample: reset       0.0000 | get rank     0.0000
        L3  internal: cuda ctx     2.2238 | cuda stream     0.0001
|===========================================================================|
|                  PyTorch CUDA memory summary, device ID 0                 |
|---------------------------------------------------------------------------|
|            CUDA OOMs: 0            |        cudaMalloc retries: 0         |
|===========================================================================|
|        Metric         | Cur Usage  | Peak Usage | Tot Alloc  | Tot Freed  |
|---------------------------------------------------------------------------|
| Allocated memory      |   64227 KB |    1423 MB |    2912 GB |    2912 GB |
|       from large pool |   55963 KB |    1421 MB |    2900 GB |    2900 GB |
|       from small pool |    8264 KB |      10 MB |      11 GB |      11 GB |
|---------------------------------------------------------------------------|
| Active memory         |   64227 KB |    1423 MB |    2912 GB |    2912 GB |
|       from large pool |   55963 KB |    1421 MB |    2900 GB |    2900 GB |
|       from small pool |    8264 KB |      10 MB |      11 GB |      11 GB |
|---------------------------------------------------------------------------|
| GPU reserved memory   |    1690 MB |    1690 MB |    1690 MB |       0 B  |
|       from large pool |    1674 MB |    1674 MB |    1674 MB |       0 B  |
|       from small pool |      16 MB |      16 MB |      16 MB |       0 B  |
|---------------------------------------------------------------------------|
| Non-releasable memory |   38172 KB |    1223 MB |    3124 GB |    3124 GB |
|       from large pool |   34149 KB |    1219 MB |    3111 GB |    3111 GB |
|       from small pool |    4023 KB |       8 MB |      12 GB |      12 GB |
|---------------------------------------------------------------------------|
| Allocations           |      39    |      56    |   91555    |   91516    |
|       from large pool |       3    |      14    |   36740    |   36737    |
|       from small pool |      36    |      45    |   54815    |   54779    |
|---------------------------------------------------------------------------|
| Active allocs         |      40    |      56    |   91555    |   91515    |
|       from large pool |       3    |      14    |   36740    |   36737    |
|       from small pool |      37    |      45    |   54815    |   54778    |
|---------------------------------------------------------------------------|
| GPU reserved segments |      17    |      17    |      17    |       0    |
|       from large pool |       9    |       9    |       9    |       0    |
|       from small pool |       8    |       8    |       8    |       0    |
|---------------------------------------------------------------------------|
| Non-releasable allocs |      17    |      29    |   37092    |   37075    |
|       from large pool |       4    |      12    |   21314    |   21310    |
|       from small pool |      13    |      20    |   15778    |   15765    |
|---------------------------------------------------------------------------|
| Oversize allocations  |       0    |       0    |       0    |       0    |
|---------------------------------------------------------------------------|
| Oversize GPU segments |       0    |       0    |       0    |       0    |
|===========================================================================|

test_result:epoch_time:copy_time=7.6981
test_result:convert_time=0.0807
test_result:train_time=4.5432
test_result:epoch_time:train_total=4.6239
test_result:cache_percentage=0.3000
test_result:cache_hit_rate=1.0000
test_result:run_time=107.9751
