config:eval_tsp="2022-12-06 14:22:50"
config:arch=arch5
config:num_train_worker=6
config:num_sample_worker=2
config:sample_type=khop2
config:root_path=/nvme/samgraph/
config:dataset=papers100M-undir
config:pipeline=False
config:cache_policy=clique_part
config:cache_percentage=0.05
config:num_epoch=4
config:batch_size=8000
config:num_hidden=256
config:max_sampling_jobs=1
config:max_copying_jobs=1
config:barriered_epoch=1
config:presample_epoch=2
config:omp_thread_num=6
config:unsupervised=True
config:amp=True
config:rolling=0
config:fanout=[25, 10]
config:lr=0.003
config:dropout=0.5
config:single_gpu=False
config:max_num_step=1000
config:validate_configs=False
config:report_acc=0
config:dataset_path=/nvme/samgraph/papers100M-undir
config:torch_thread_num=8
config:train_workers=['cuda:0', 'cuda:1', 'cuda:2', 'cuda:3', 'cuda:4', 'cuda:5']
config:sample_workers=['cuda:6', 'cuda:7']
config:num_fanout=2
config:num_layer=2
config:_run_mode=RunMode.FGNN
config:_log_level=warn
config:_profile_level=3
config:_empty_feat=0
config:_arch=5
config:_sample_type=5
config:_cache_policy=14
test_result:init:input_scale_factor=1.1
coll_cache:optimal_rep_storage=0
coll_cache:optimal_part_storage=0.15
coll_cache:optimal_cpu_storage=0.85
coll_cache:optimal_local_storage=0.05
coll_cache:optimal_remote_storage=0.1
coll_cache:optimal_local_rate=0.193148
coll_cache:optimal_remote_rate=0.386296
coll_cache:optimal_cpu_rate=0.420556
z=150405,150405,163329,150405,163329,150405,
test_result:init:feat_nbytes=56862697472
test_result:init:cache_nbytes=2848820224
test_result:init:feat_nbytes=56862697472
test_result:init:cache_nbytes=2848820224
test_result:init:feat_nbytes=56862697472
test_result:init:cache_nbytes=2848820224
test_result:init:feat_nbytes=56862697472
test_result:init:cache_nbytes=2848820224
test_result:init:feat_nbytes=56862697472
test_result:init:cache_nbytes=2848820224
test_result:init:feat_nbytes=56862697472
test_result:init:cache_nbytes=2848820224
[Train  Worker 1/6] Started with PID 1107(Tesla V100-SXM2-32GB)
[Train  Worker 1] run train for 4 epochs with 1002 steps
[Train  Worker 5/6] Started with PID 1119(Tesla V100-SXM2-32GB)
[Train  Worker 5] run train for 4 epochs with 1002 steps
[Train  Worker 4/6] Started with PID 1116(Tesla V100-SXM2-32GB)
[Train  Worker 4] run train for 4 epochs with 1002 steps
[Train  Worker 3/6] Started with PID 1113(Tesla V100-SXM2-32GB)
[Train  Worker 3] run train for 4 epochs with 1002 steps
[Train  Worker 2/6] Started with PID 1110(Tesla V100-SXM2-32GB)
[Train  Worker 2] run train for 4 epochs with 1002 steps
[CUDA] cuda0: usage: 14.32 GB
[SAM] cuda0 data alloc        : 0.00 Bytes
[SAM] cuda0 workspace         : 4.78 GB
[SAM] cuda0 workspace reserve : 2.36 GB
[SAM] cuda0 total             : 4.78 GB
[Train  Worker 0/6] Started with PID 1104(Tesla V100-SXM2-32GB)
[Train  Worker 0] run train for 4 epochs with 1002 steps
Epoch 00000 | Epoch Time 65.8312 | Total Train Time(Profiler) 38.4800 | Copy Time 27.3343
[CUDA] cuda0: usage: 14.32 GB
[SAM] cuda0 data alloc        : 0.00 Bytes
[SAM] cuda0 workspace         : 4.78 GB
[SAM] cuda0 workspace reserve : 2.36 GB
[SAM] cuda0 total             : 4.78 GB
Epoch 00001 | Epoch Time 64.3827 | Total Train Time(Profiler) 37.1106 | Copy Time 27.2563
[CUDA] cuda0: usage: 14.32 GB
[SAM] cuda0 data alloc        : 0.00 Bytes
[SAM] cuda0 workspace         : 4.78 GB
[SAM] cuda0 workspace reserve : 2.36 GB
[SAM] cuda0 total             : 4.78 GB
Epoch 00002 | Epoch Time 64.3585 | Total Train Time(Profiler) 37.0812 | Copy Time 27.2603
[CUDA] cuda0: usage: 14.32 GB
[SAM] cuda0 data alloc        : 0.00 Bytes
[SAM] cuda0 workspace         : 4.78 GB
[SAM] cuda0 workspace reserve : 2.36 GB
[SAM] cuda0 total             : 4.78 GB
Epoch 00003 | Epoch Time 64.3834 | Total Train Time(Profiler) 37.0962 | Copy Time 27.2708
[Train  Worker 1] Avg Epoch Time 64.3748 | Train Total Time(Profiler) 4.0760 | Copy Time 60.2786
[Train  Worker 5] Avg Epoch Time 64.3750 | Train Total Time(Profiler) 37.0821 | Copy Time 27.2756
[Train  Worker 4] Avg Epoch Time 64.3749 | Train Total Time(Profiler) 4.0818 | Copy Time 60.2762
[Train  Worker 2] Avg Epoch Time 64.3749 | Train Total Time(Profiler) 4.0957 | Copy Time 60.2633
[Train  Worker 3] Avg Epoch Time 64.3749 | Train Total Time(Profiler) 4.0730 | Copy Time 60.2858
[Train  Worker 0] Avg Epoch Time 64.3749 | Train Total Time(Profiler) 37.0960 | Copy Time 27.2625
[Sample Worker 1/2] Started with PID 1101(Tesla V100-SXM2-32GB)
[Sample Worker 1] run sample for 4 epochs with 501 steps
[Sample Worker 1] Avg Sample Total Time 14.2280 | Sampler Total Time(Profiler) 14.2214
    [Step(average) Profiler Level 1 E3 S500]
        L1  sample           0.023527 | send           0.004843
        L1  recv             0.000000 | copy           0.000000 | convert time 0.000000 | train  0.000000
        L1  feature nbytes 0.00 Bytes | label nbytes 0.00 Bytes
        L1  id nbytes      0.00 Bytes | graph nbytes 0.00 Bytes
        L1  miss nbytes    0.00 Bytes | remote nbytes 0.00 Bytes
        L1  num nodes         4278762 | num samples     5310931
    [Step(average) Profiler Level 2 E3 S500]
        L2  shuffle     0.000649 | core sample  0.010196 | id remap        0.012451
        L2  graph copy  0.000000 | id copy      0.000000 | cache feat copy 0.000000
        L2  last layer sample time 0.000732 | size 228608.123087
    [Step(average) Profiler Level 3 E3 S500]
        L3  khop sample coo  0.007994 | khop sort coo      0.000000 | khop count edge     0.000074 | khop compact edge 0.002065
        L3  walk sample coo  0.000000 | walk topk total    0.000000 | walk topk step1     0.000000 | walk topk step2   0.000000
        L3  walk topk step3  0.000000 | walk topk step4    0.000000 | walk topk step5     0.000000
        L3  walk topk step6  0.000000 | walk topk step7    0.000000
        L3  remap unique     0.000217 | remap populate     0.010317 | remap mapnode       0.000000 | remap mapedge     0.002153
        L3  cache get_index  0.000000 | cache copy_index   0.000000 | cache extract_miss  0.000000
        L3  cache copy_miss  0.000000 | cache combine_miss 0.000000 | cache combine cache 0.000000 | cache combine remote 0.000000
        L3  label extract  0.000000
    [Init Profiler Level 1]
        L1  init    39.3966 | sampler init   275.8738 | trainer init 0.0000
    [Init Profiler Level 2]
        L2  load ds        42.1077 | init queue         156.6614
        L2  presample     113.8138 | build interal ds     2.6836
        L2  build cache     0.0000
    [Init Profiler Level 3]
        L3  load dataset: mmap    39.3928 | copy         2.7149
        L3  dist queue: alloc      0.0009 | pin        156.6605 | push     0.0000
        L3  presample: init        0.3888
        L3  presample: sample     46.3632 | copy         2.7804
        L3  presample: count      63.5321 | sort         0.2755
        L3  presample: reset       0.0012 | get rank     0.0240
        L3  internal: cuda ctx     2.3247 | cuda stream     0.3327
[Sample Worker 0/2] Started with PID 1098(Tesla V100-SXM2-32GB)
[Sample Worker 0] run sample for 4 epochs with 501 steps
[Sample Worker 0] Avg Sample Total Time 14.2299 | Sampler Total Time(Profiler) 14.2131
test_result:sample_time=11.7869
test_result:get_cache_miss_index_time=0.0000
test_result:enqueue_samples_time=2.4261
test_result:epoch_time:sample_total=14.2299
[CUDA] cuda0: usage: 14.32 GB
[SAM] cuda0 data alloc        : 0.00 Bytes
[SAM] cuda0 workspace         : 4.78 GB
[SAM] cuda0 workspace reserve : 2.36 GB
[SAM] cuda0 total             : 4.78 GB
    [Step(average) Profiler Level 1 E3 S1001]
        L1  sample           0.000000 | send           0.000000
        L1  recv             0.008476 | copy           0.295030 | convert time 0.000489 | train  0.089857
        L1  feature nbytes    2.04 GB | label nbytes   62.50 KB
        L1  id nbytes      0.00 Bytes | graph nbytes 0.00 Bytes
        L1  miss nbytes     883.63 MB | remote nbytes  803.76 MB
        L1  num nodes               0 | num samples           0
    [Step(average) Profiler Level 2 E3 S1001]
        L2  shuffle     0.000000 | core sample  0.000000 | id remap        0.000000
        L2  graph copy  0.000004 | id copy      0.000000 | cache feat copy 0.286550
        L2  last layer sample time 0.000000 | size 0.000000
    [Step(average) Profiler Level 3 E3 S1001]
        L3  khop sample coo  0.000000 | khop sort coo      0.000000 | khop count edge     0.000000 | khop compact edge 0.000000
        L3  walk sample coo  0.000000 | walk topk total    0.000000 | walk topk step1     0.000000 | walk topk step2   0.000000
        L3  walk topk step3  0.000000 | walk topk step4    0.000000 | walk topk step5     0.000000
        L3  walk topk step6  0.000000 | walk topk step7    0.000000
        L3  remap unique     0.000000 | remap populate     0.000000 | remap mapnode       0.000000 | remap mapedge     0.000000
        L3  cache get_index  0.002807 | cache copy_index   0.000000 | cache extract_miss  0.000000
        L3  cache copy_miss  0.000000 | cache combine_miss 0.283705 | cache combine cache 0.001425 | cache combine remote 0.017034
        L3  label extract  0.000023
    [Step(max) Profiler Level 1 E3 S1001]
        L1  sample           0.000000 | send           0.000000
        L1  recv             0.000000 | copy           0.000000 | convert time 0.000000 | train  0.000000
        L1  feature nbytes 0.00 Bytes | label nbytes 0.00 Bytes
        L1  id nbytes      0.00 Bytes | graph nbytes   40.87 MB
        L1  miss nbytes    0.00 Bytes | remote nbytes 0.00 Bytes
        L1  num nodes               0 | num samples           0
    [Step(max) Profiler Level 2 E3 S1001]
        L2  shuffle     0.000000 | core sample  0.000000 | id remap        0.000000
        L2  graph copy  0.000000 | id copy      0.000000 | cache feat copy 0.000000
        L2  last layer sample time 0.000000 | size 0.000000
    [Step(max) Profiler Level 3 E3 S1001]
        L3  khop sample coo  0.000000 | khop sort coo      0.000000 | khop count edge     0.000000 | khop compact edge 0.000000
        L3  walk sample coo  0.000000 | walk topk total    0.000000 | walk topk step1     0.000000 | walk topk step2   0.000000
        L3  walk topk step3  0.000000 | walk topk step4    0.000000 | walk topk step5     0.000000
        L3  walk topk step6  0.000000 | walk topk step7    0.000000
        L3  remap unique     0.000000 | remap populate     0.000000 | remap mapnode       0.000000 | remap mapedge     0.000000
        L3  cache get_index  0.000000 | cache copy_index   0.000000 | cache extract_miss  0.000000
        L3  cache copy_miss  0.000000 | cache combine_miss 0.000000 | cache combine cache 0.000000 | cache combine remote 0.000000
        L3  label extract  0.000000
    [Step(min) Profiler Level 1 E3 S1001]
        L1  sample           0.000000 | send           0.000000
        L1  recv             0.000000 | copy           0.000000 | convert time 0.000000 | train  0.000000
        L1  feature nbytes 0.00 Bytes | label nbytes 0.00 Bytes
        L1  id nbytes      0.00 Bytes | graph nbytes   40.41 MB
        L1  miss nbytes    0.00 Bytes | remote nbytes 0.00 Bytes
        L1  num nodes               0 | num samples           0
    [Step(min) Profiler Level 2 E3 S1001]
        L2  shuffle     0.000000 | core sample  0.000000 | id remap        0.000000
        L2  graph copy  0.000000 | id copy      0.000000 | cache feat copy 0.000000
        L2  last layer sample time 0.000000 | size 0.000000
    [Step(min) Profiler Level 3 E3 S1001]
        L3  khop sample coo  0.000000 | khop sort coo      0.000000 | khop count edge     0.000000 | khop compact edge 0.000000
        L3  walk sample coo  0.000000 | walk topk total    0.000000 | walk topk step1     0.000000 | walk topk step2   0.000000
        L3  walk topk step3  0.000000 | walk topk step4    0.000000 | walk topk step5     0.000000
        L3  walk topk step6  0.000000 | walk topk step7    0.000000
        L3  remap unique     0.000000 | remap populate     0.000000 | remap mapnode       0.000000 | remap mapedge     0.000000
        L3  cache get_index  0.000000 | cache copy_index   0.000000 | cache extract_miss  0.000000
        L3  cache copy_miss  0.000000 | cache combine_miss 0.000000 | cache combine cache 0.000000 | cache combine remote 0.000000
        L3  label extract  0.000000
    [Init Profiler Level 1]
        L1  init    39.3966 | sampler init     0.0000 | trainer init 297.5676
    [Init Profiler Level 2]
        L2  load ds        39.3928 | init queue         156.5591
        L2  presample       0.0000 | build interal ds     2.1619
        L2  build cache   138.8396
    [Init Profiler Level 3]
        L3  load dataset: mmap    39.3928 | copy         0.0000
        L3  dist queue: alloc      0.0009 | pin        156.5582 | push     0.0000
        L3  presample: init        0.0000
        L3  presample: sample      0.0000 | copy         0.0000
        L3  presample: count       0.0000 | sort         0.0000
        L3  presample: reset       0.0000 | get rank     0.0000
        L3  internal: cuda ctx     2.1618 | cuda stream     0.0001
|===========================================================================|
|                  PyTorch CUDA memory summary, device ID 0                 |
|---------------------------------------------------------------------------|
|            CUDA OOMs: 0            |        cudaMalloc retries: 0         |
|===========================================================================|
|        Metric         | Cur Usage  | Peak Usage | Tot Alloc  | Tot Freed  |
|---------------------------------------------------------------------------|
| Allocated memory      |   65215 KB |    1418 MB |    2911 GB |    2911 GB |
|       from large pool |   56949 KB |    1417 MB |    2900 GB |    2900 GB |
|       from small pool |    8266 KB |      10 MB |      11 GB |      11 GB |
|---------------------------------------------------------------------------|
| Active memory         |   65215 KB |    1418 MB |    2911 GB |    2911 GB |
|       from large pool |   56949 KB |    1417 MB |    2900 GB |    2900 GB |
|       from small pool |    8266 KB |      10 MB |      11 GB |      11 GB |
|---------------------------------------------------------------------------|
| GPU reserved memory   |    1682 MB |    1682 MB |    1682 MB |       0 B  |
|       from large pool |    1666 MB |    1666 MB |    1666 MB |       0 B  |
|       from small pool |      16 MB |      16 MB |      16 MB |       0 B  |
|---------------------------------------------------------------------------|
| Non-releasable memory |   39232 KB |    1196 MB |    3124 GB |    3124 GB |
|       from large pool |   33163 KB |    1190 MB |    3112 GB |    3112 GB |
|       from small pool |    6069 KB |       8 MB |      11 GB |      11 GB |
|---------------------------------------------------------------------------|
| Allocations           |      39    |      56    |   91531    |   91492    |
|       from large pool |       3    |      14    |   36740    |   36737    |
|       from small pool |      36    |      45    |   54791    |   54755    |
|---------------------------------------------------------------------------|
| Active allocs         |      40    |      56    |   91531    |   91491    |
|       from large pool |       3    |      14    |   36740    |   36737    |
|       from small pool |      37    |      45    |   54791    |   54754    |
|---------------------------------------------------------------------------|
| GPU reserved segments |      17    |      17    |      17    |       0    |
|       from large pool |       9    |       9    |       9    |       0    |
|       from small pool |       8    |       8    |       8    |       0    |
|---------------------------------------------------------------------------|
| Non-releasable allocs |      16    |      29    |   37297    |   37281    |
|       from large pool |       3    |      13    |   21626    |   21623    |
|       from small pool |      13    |      18    |   15671    |   15658    |
|---------------------------------------------------------------------------|
| Oversize allocations  |       0    |       0    |       0    |       0    |
|---------------------------------------------------------------------------|
| Oversize GPU segments |       0    |       0    |       0    |       0    |
|===========================================================================|

test_result:epoch_time:copy_time=27.2625
test_result:convert_time=0.0809
test_result:train_time=37.0151
test_result:epoch_time:train_total=37.0960
test_result:cache_percentage=0.0500
test_result:cache_hit_rate=1.0000
test_result:run_time=315.9234
