[2022-12-06 19:41:50.971280: W /samgraph/samgraph/common/cpu/mmap_cpu_device.cc:92] mmap allocating space 13.46 GB
[2022-12-06 19:41:50.971375: W /samgraph/samgraph/common/cpu/mmap_cpu_device.cc:97] mmap allocating space 13.46 GB done
[2022-12-06 19:42:29.575863: W /samgraph/samgraph/common/cpu/mmap_cpu_device.cc:92] mmap allocating space 62.57 GB
[2022-12-06 19:42:29.575977: W /samgraph/samgraph/common/cpu/mmap_cpu_device.cc:97] mmap allocating space 62.57 GB done
[2022-12-06 19:42:29.576078: W /samgraph/samgraph/common/cpu/cpu_device.cc:39] WORKER[0] alloc host memory 13.46 GB
[2022-12-06 19:42:31.590058: E /samgraph/samgraph/common/engine.cc:272] Train set size 30.58 MB
[2022-12-06 19:42:31.590950: W /samgraph/samgraph/common/cpu/mmap_cpu_device.cc:92] mmap allocating space 293.56 GB
[2022-12-06 19:42:31.590987: W /samgraph/samgraph/common/cpu/mmap_cpu_device.cc:97] mmap allocating space 293.56 GB done
/usr/lib/python3/dist-packages/requests/__init__.py:89: RequestsDependencyWarning: urllib3 (1.26.12) or chardet (3.0.4) doesn't match a supported version!
  warnings.warn("urllib3 ({}) or chardet ({}) doesn't match a supported "
[2022-12-06 19:42:32.232805: W /samgraph/samgraph/common/dist/dist_engine.cc:662] Trainer[0] initializing...
[2022-12-06 19:42:32.319450: W /samgraph/samgraph/common/dist/dist_engine.cc:662] Trainer[1] initializing...
[2022-12-06 19:42:32.467263: W /samgraph/samgraph/common/dist/dist_engine.cc:662] Trainer[2] initializing...
[2022-12-06 19:42:32.544065: W /samgraph/samgraph/common/dist/dist_engine.cc:662] Trainer[5] initializing...
[2022-12-06 19:42:32.583179: W /samgraph/samgraph/common/dist/dist_engine.cc:662] Trainer[3] initializing...
[2022-12-06 19:42:32.639818: W /samgraph/samgraph/common/dist/dist_engine.cc:662] Trainer[4] initializing...
[2022-12-06 19:42:34.372094: W /samgraph/samgraph/common/dist/dist_engine.cc:666] Trainer[0] pin memory queue...
[2022-12-06 19:42:34.440367: W /samgraph/samgraph/common/dist/dist_engine.cc:666] Trainer[1] pin memory queue...
[2022-12-06 19:42:34.494730: W /samgraph/samgraph/common/dist/dist_engine.cc:666] Trainer[5] pin memory queue...
[2022-12-06 19:42:34.500227: W /samgraph/samgraph/common/dist/dist_engine.cc:666] Trainer[2] pin memory queue...
[2022-12-06 19:42:34.514048: W /samgraph/samgraph/common/dist/dist_engine.cc:666] Trainer[3] pin memory queue...
[2022-12-06 19:42:34.527732: W /samgraph/samgraph/common/dist/dist_engine.cc:666] Trainer[4] pin memory queue...
[2022-12-06 19:45:10.450309: E /samgraph/samgraph/common/dist/dist_engine.cc:85] Running on V100
[2022-12-06 19:45:10.450740: E /samgraph/samgraph/common/dist/dist_engine.cc:85] Running on V100
[2022-12-06 19:45:10.451438[: 2022-12-06 19:45:10E. 451464/samgraph/samgraph/common/dist/dist_engine.cc: :W85 ] /samgraph/samgraph/common/dist/dist_engine.ccRunning on V100:
701] Trainer[0] register host memory...
[2022-12-06 19:45:10.451802: W /samgraph/samgraph/common/dist/dist_engine.cc:701] Trainer[5] register host memory...
[2022-12-06 19:45:10.451884: E /samgraph/samgraph/common/dist/dist_engine.cc:85] Running on V100
[2022-12-06 19:45:10.452382: W /samgraph/samgraph/common/dist/dist_engine.cc:701] Trainer[2] register host memory...
[2022-12-06 19:45:10.452936: W /samgraph/samgraph/common/dist/dist_engine.cc:701] Trainer[1] register host memory...
[2022-12-06 19:45:10.474685: E /samgraph/samgraph/common/dist/dist_engine.cc:85] Running on V100
[2022-12-06 19:45:10.475179: W /samgraph/samgraph/common/dist/dist_engine.cc:701] Trainer[4] register host memory...
[2022-12-06 19:45:10.536927: E /samgraph/samgraph/common/dist/dist_engine.cc:85] Running on V100
[2022-12-06 19:45:10.537037: W /samgraph/samgraph/common/dist/dist_engine.cc:701] Trainer[3] register host memory...
[[2022-12-06 19:45:10.764869: 2022-12-06 19:45:10E. 764909/samgraph/samgraph/common/dist/dist_engine.cc: :E85 ] /samgraph/samgraph/common/dist/dist_engine.ccRunning on V100:
85] Running on V100
[2022-12-06 19:45:10.765113: W /samgraph/samgraph/common/cpu/cpu_device.cc:39] WORKER[0] alloc host memory 30.58 MB
[2022-12-06 19:45:10.787374: W /samgraph/samgraph/common/cuda/cuda_device.cc:49] GPU[6] alloc cuda memory 250.28 MB
[2022-12-06 19:45:10.864907: W /samgraph/samgraph/common/cuda/cuda_device.cc:49] GPU[6] alloc cuda memory 13.46 GB
[2022-12-06 19:45:13.831347: W /samgraph/samgraph/common/cpu/cpu_device.cc:39] WORKER[0] alloc host memory 38.23 MB
[2022-12-06 19:45:13.855610: W /samgraph/samgraph/common/cuda/cuda_device.cc:49] GPU[6] alloc cuda memory 19.12 MB
[2022-12-06 19:45:13.856283: W /samgraph/samgraph/common/cuda/cuda_device.cc:49] GPU[6] alloc cuda memory 256.00 MB
[2022-12-06 19:45:13.856581: W /samgraph/samgraph/common/cuda/cuda_device.cc:49] GPU[6] alloc cuda memory 26.18 MB
[2022-12-06 19:45:13.857299: W /samgraph/samgraph/common/cuda/cuda_device.cc:49] GPU[6] alloc cuda memory 28.56 MB
[2022-12-06 19:45:13.857384: W /samgraph/samgraph/common/cpu/cpu_device.cc:39] WORKER[0] alloc host memory 38.23 MB
[2022-12-06 19:45:13.880995: E /samgraph/samgraph/common/dist/pre_sampler.cc:41] Dist Presampler making shuffler...
[2022-12-06 19:45:13.881066: W /samgraph/samgraph/common/cpu/cpu_device.cc:39] WORKER[0] alloc host memory 38.23 MB
[2022-12-06 19:45:13.904961: W /samgraph/samgraph/common/cuda/cuda_device.cc:49] GPU[6] alloc cuda memory 38.23 MB
[2022-12-06 19:45:13.905016: E /samgraph/samgraph/common/dist/pre_sampler.cc:44] Dist Presampler making shuffler...Done
[2022-12-06 19:45:13.905044: W /samgraph/samgraph/common/cpu/cpu_device.cc:39] WORKER[0] alloc host memory 500.55 MB
[2022-12-06 19:45:14.124450: E /samgraph/samgraph/common/dist/pre_sampler.cc:85] Dist Presampler doing presample epoch 0
[2022-12-06 19:45:14.421780: W /samgraph/samgraph/common/cuda/cuda_device.cc:49] GPU[6] alloc cuda memory 27.18 MB
[2022-12-06 19:45:14.422144: W /samgraph/samgraph/common/cuda/cuda_device.cc:49] GPU[6] alloc cuda memory 27.18 MB
[2022-12-06 19:45:14.422440: W /samgraph/samgraph/common/cuda/cuda_device.cc:49] GPU[6] alloc cuda memory 27.18 MB
[2022-12-06 19:45:14.422731: W /samgraph/samgraph/common/cuda/cuda_device.cc:49] GPU[6] alloc cuda memory 27.18 MB
[2022-12-06 19:45:14.444710: W /samgraph/samgraph/common/cuda/cuda_device.cc:49] GPU[6] alloc cuda memory 25.62 MB
[2022-12-06 19:45:14.447026: W /samgraph/samgraph/common/cpu/cpu_device.cc:39] WORKER[0] alloc host memory 20.52 MB
[2022-12-06 19:46:12.142310: E /samgraph/samgraph/common/dist/pre_sampler.cc:129] presample spend 25.0299 on sample, 1.40331 on copy, 31.5696 on count
[2022-12-06 19:46:12.142414: E /samgraph/samgraph/common/dist/pre_sampler.cc:85] Dist Presampler doing presample epoch 1
[2022-12-06 19:47:09.955083: E /samgraph/samgraph/common/dist/pre_sampler.cc:129] presample spend 50.0401 on sample, 2.79626 on copy, 62.9645 on count
[2022-12-06 19:47:09.955236: E /samgraph/samgraph/common/dist/pre_sampler.cc:136] max_num_inputs = 4326949, min_num_inputs = 4271699
[2022-12-06 19:47:10.141960: E /samgraph/samgraph/common/dist/pre_sampler.cc:148] presample spend 0.186651 on sort freq.
[2022-12-06 19:47:10.397573: E /samgraph/samgraph/common/dist/dist_engine.cc:524] pre sample done, delete it
[[[[[[2022-12-06 19:47:102022-12-06 19:47:102022-12-06 19:47:102022-12-06 19:47:102022-12-06 19:47:102022-12-06 19:47:10......413279413280413285413285413279413282: : : : : : WWWWWW      /samgraph/samgraph/common/dist/dist_engine.cc/samgraph/samgraph/common/dist/dist_engine.cc/samgraph/samgraph/common/dist/dist_engine.cc/samgraph/samgraph/common/dist/dist_engine.cc/samgraph/samgraph/common/dist/dist_engine.cc/samgraph/samgraph/common/dist/dist_engine.cc::::::711711711711711711] ] ] ] ] ] Trainer[0] building cache...Trainer[2] building cache...Trainer[4] building cache...Trainer[3] building cache...Trainer[5] building cache...Trainer[1] building cache...





[2022-12-06 19:47:10.418757: E /samgraph/3rdparty/collcachelib/coll_cache_lib/coll_cache/asymm_link_desc.cc:196] build asymm link desc with 6X Tesla V100-SXM2-32GB out of 8
[2022-12-06 19:47:10.418820: E /samgraph/3rdparty/collcachelib/coll_cache_lib/coll_cache/asymm_link_desc.cc:197] remote time is 8.68421
[2022-12-06 19:47:10.418851: E /samgraph/3rdparty/collcachelib/coll_cache_lib/coll_cache/asymm_link_desc.cc:198] cpu time is 30
[2022-12-06 19:47:10.418888: E /samgraph/3rdparty/collcachelib/coll_cache_lib/coll_cache/asymm_link_desc.cc:196] build asymm link desc with 6X Tesla V100-SXM2-32GB out of 8
[[2022-12-06 19:47:102022-12-06 19:47:10..418947418937: : EE  /samgraph/3rdparty/collcachelib/coll_cache_lib/coll_cache/asymm_link_desc.cc/samgraph/3rdparty/collcachelib/coll_cache_lib/coll_cache/asymm_link_desc.cc[::2022-12-06 19:47:10197196.] ] 418983remote time is 8.68421build asymm link desc with 6X Tesla V100-SXM2-32GB out of 8: 

[E[2022-12-06 19:47:10 [2022-12-06 19:47:10.[/samgraph/3rdparty/collcachelib/coll_cache_lib/coll_cache/asymm_link_desc.cc2022-12-06 19:47:10.4190382022-12-06 19:47:10:.419070: .196419078: E419078] : E : build asymm link desc with 6X Tesla V100-SXM2-32GB out of 8E /samgraph/3rdparty/collcachelib/coll_cache_lib/coll_cache/asymm_link_desc.ccE
 /samgraph/3rdparty/collcachelib/coll_cache_lib/coll_cache/asymm_link_desc.cc: /samgraph/3rdparty/collcachelib/coll_cache_lib/coll_cache/asymm_link_desc.cc:196[/samgraph/3rdparty/collcachelib/coll_cache_lib/coll_cache/asymm_link_desc.cc:198] 2022-12-06 19:47:10:197] build asymm link desc with 6X Tesla V100-SXM2-32GB out of 8.196] cpu time is 30
419192] remote time is 8.68421
: build asymm link desc with 6X Tesla V100-SXM2-32GB out of 8
E[
 2022-12-06 19:47:10[/samgraph/3rdparty/collcachelib/coll_cache_lib/coll_cache/asymm_link_desc.cc.2022-12-06 19:47:10:419266[.197: 2022-12-06 19:47:10419278] E.: remote time is 8.68421 419287E
/samgraph/3rdparty/collcachelib/coll_cache_lib/coll_cache/asymm_link_desc.cc:  :E/samgraph/3rdparty/collcachelib/coll_cache_lib/coll_cache/asymm_link_desc.cc[197 :2022-12-06 19:47:10] /samgraph/3rdparty/collcachelib/coll_cache_lib/coll_cache/asymm_link_desc.cc198.remote time is 8.68421:] 419329
197cpu time is 30: ] 
E[remote time is 8.68421 2022-12-06 19:47:10
/samgraph/3rdparty/collcachelib/coll_cache_lib/coll_cache/asymm_link_desc.cc.:419368198[: ] 2022-12-06 19:47:10Ecpu time is 30. 
419389/samgraph/3rdparty/collcachelib/coll_cache_lib/coll_cache/asymm_link_desc.cc: :E198 ] /samgraph/3rdparty/collcachelib/coll_cache_lib/coll_cache/asymm_link_desc.cccpu time is 30:
198] cpu time is 30
[2022-12-06 19:47:38.974547: E /samgraph/3rdparty/collcachelib/coll_cache_lib/facade.cc:115] solver created. now build & solve
[2022-12-06 19:47:39. 13900: E /samgraph/3rdparty/collcachelib/coll_cache_lib/facade.cc:120] solver built. now solve
block 0 storage is 00001001
	access is	0	0	0	3	3	3	
block 1 storage is 00010010
	access is	1	1	1	4	4	4	
block 2 storage is 00100100
	access is	2	2	2	5	5	5	
block 3 storage is 00000000
	access is	6	6	6	6	6	6	
[2022-12-06 19:47:39.847539: E /samgraph/3rdparty/collcachelib/coll_cache_lib/facade.cc:124] solver solved
[2022-12-06 19:47:39.847624: E /samgraph/3rdparty/collcachelib/coll_cache_lib/facade.cc:187] 0 solved master
[2022-12-06 19:47:39.847671: E /samgraph/3rdparty/collcachelib/coll_cache_lib/facade.cc:194] 0 solved
[2022-12-06 19:47:39.847698: E /samgraph/3rdparty/collcachelib/coll_cache_lib/facade.cc:197] worker 0 thread 0 initing device 0
[2022-12-06 19:47:39.849092: E /samgraph/3rdparty/collcachelib/coll_cache_lib/cache_context.cu:1762] Building Coll Cache with ... num gpu device is 6
[2022-12-06 19:47:39.858015: E /samgraph/3rdparty/collcachelib/coll_cache_lib/facade.cc:194] 1 solved
[2022-12-06 19:47:39.858086: E /samgraph/3rdparty/collcachelib/coll_cache_lib/facade.cc:197] [worker 1 thread 1 initing device 1
2022-12-06 19:47:39.858085: E /samgraph/3rdparty/collcachelib/coll_cache_lib/facade.cc:194] 4 solved
[2022-12-06 19:47:39.858148: E /samgraph/3rdparty/collcachelib/coll_cache_lib/facade.cc:197] worker 4 thread 4 initing device 4
[2022-12-06 19:47:39.858263: E /samgraph/3rdparty/collcachelib/coll_cache_lib/facade.cc:194] 5 solved
[2022-12-06 19:47:39.858313: E /samgraph/3rdparty/collcachelib/coll_cache_lib/facade.cc:197] worker 5 thread 5 initing device 5
[[2022-12-06 19:47:39.2022-12-06 19:47:39858472.: 858484E:  E/samgraph/3rdparty/collcachelib/coll_cache_lib/facade.cc :/samgraph/3rdparty/collcachelib/coll_cache_lib/facade.cc194:] 1943 solved] 
2 solved
[2022-12-06 19:47:39[.2022-12-06 19:47:39858564.: 858567E:  E/samgraph/3rdparty/collcachelib/coll_cache_lib/facade.cc :/samgraph/3rdparty/collcachelib/coll_cache_lib/facade.cc197:] 197worker 3 thread 3 initing device 3] 
worker 2 thread 2 initing device 2
[2022-12-06 19:47:39.860334: E /samgraph/3rdparty/collcachelib/coll_cache_lib/cache_context.cu:1762] Building Coll Cache with ... num gpu device is 6
[2022-12-06 19:47:39.860439: E /samgraph/3rdparty/collcachelib/coll_cache_lib/cache_context.cu:1762] Building Coll Cache with ... num gpu device is 6
[2022-12-06 19:47:39.860691: E /samgraph/3rdparty/collcachelib/coll_cache_lib/cache_context.cu:1762] Building Coll Cache with ... num gpu device is 6
[2022-12-06 19:47:39.860809: E /samgraph/3rdparty/collcachelib/coll_cache_lib/cache_context.cu:1762] Building Coll Cache with ... num gpu device is 6
[2022-12-06 19:47:39.861211: E /samgraph/3rdparty/collcachelib/coll_cache_lib/cache_context.cu:1762] Building Coll Cache with ... num gpu device is 6
[2022-12-06 19:47:39.903015: W /samgraph/3rdparty/collcachelib/coll_cache_lib/cpu/cpu_device.cc:39] WORKER[0] alloc host memory 12.51 MB
[[[[[[2022-12-06 19:47:402022-12-06 19:47:402022-12-06 19:47:402022-12-06 19:47:402022-12-06 19:47:402022-12-06 19:47:40......492069492068492068492067492068492068: : : : : : EEEEEE      /samgraph/3rdparty/collcachelib/coll_cache_lib/cache_context.cu/samgraph/3rdparty/collcachelib/coll_cache_lib/cache_context.cu/samgraph/3rdparty/collcachelib/coll_cache_lib/cache_context.cu/samgraph/3rdparty/collcachelib/coll_cache_lib/cache_context.cu/samgraph/3rdparty/collcachelib/coll_cache_lib/cache_context.cu/samgraph/3rdparty/collcachelib/coll_cache_lib/cache_context.cu::::::187118711871187118711871] ] ] ] ] ] Device 0 init p2p of link 1Device 2 init p2p of link 1Device 3 init p2p of link 4Device 1 init p2p of link 0Device 4 init p2p of link 3Device 5 init p2p of link 0





[2022-12-06 19:47:40.507356: E /samgraph/3rdparty/collcachelib/coll_cache_lib/cache_context.cu:1871] Device 5 init p2p of link 3
[2022-12-06 19:47:40.507922: E /samgraph/3rdparty/collcachelib/coll_cache_lib/cache_context.cu:1871] Device 2 init p2p of link 0
[2022-12-06 19:47:40.509090: E /samgraph/3rdparty/collcachelib/coll_cache_lib/cache_context.cu:1871] Device 3 init p2p of link 5
[2022-12-06 19:47:40.[5099112022-12-06 19:47:40: .E509922 : /samgraph/3rdparty/collcachelib/coll_cache_lib/cache_context.cuE: 1871/samgraph/3rdparty/collcachelib/coll_cache_lib/cache_context.cu] :Device 1 init p2p of link 21871
] Device 4 init p2p of link 2
[2022-12-06 19:47:40.510366: E /samgraph/3rdparty/collcachelib/coll_cache_lib/cache_context.cu:1871] Device 0 init p2p of link 5
[2022-12-06 19:47:40.515365: E /samgraph/3rdparty/collcachelib/coll_cache_lib/cache_context.cu:1871] Device 5 init p2p of link 4
[2022-12-06 19:47:40.519926: E /samgraph/3rdparty/collcachelib/coll_cache_lib/cache_context.cu:1871] Device 2 init p2p of link 4
[2022-12-06 19:47:40.522390: E /samgraph/3rdparty/collcachelib/coll_cache_lib/cache_context.cu:1871] Device 4 init p2p of link 5
[2022-12-06 19:47:40.522623: E /samgraph/3rdparty/collcachelib/coll_cache_lib/cache_context.cu:1871] Device 0 init p2p of link 2
[2022-12-06 19:47:40.523616: E /samgraph/3rdparty/collcachelib/coll_cache_lib/cache_context.cu:1871] Device 3 init p2p of link 1
[2022-12-06 19:47:40.524517: E /samgraph/3rdparty/collcachelib/coll_cache_lib/cache_context.cu:1871] Device 1 init p2p of link 3
[2022-12-06 19:47:40.535742: E /samgraph/3rdparty/collcachelib/coll_cache_lib/cache_context.cu:1900] Asymm Coll cache (policy: clique_part) | local 3280418 / 65608366 nodes ( 5.00 %~5.00 %) | remote 6560836 / 65608366 nodes ( 10.00 %) | cpu 55767112 / 65608366 nodes ( 85.00 %) | 3.13 GB | 0.675004 secs 
[2022-12-06 19:47:40.536710: E /samgraph/3rdparty/collcachelib/coll_cache_lib/cache_context.cu:1900] Asymm Coll cache (policy: clique_part) | local 3280418 / 65608366 nodes ( 5.00 %~5.00 %) | remote 6560836 / 65608366 nodes ( 10.00 %) | cpu 55767112 / 65608366 nodes ( 85.00 %) | 3.13 GB | 0.675453 secs 
[2022-12-06 19:47:40.538254: E /samgraph/3rdparty/collcachelib/coll_cache_lib/cache_context.cu:1900] Asymm Coll cache (policy: clique_part) | local 3280418 / 65608366 nodes ( 5.00 %~5.00 %) | remote 6560836 / 65608366 nodes ( 10.00 %) | cpu 55767112 / 65608366 nodes ( 85.00 %) | 3.13 GB | 0.677392 secs 
[2022-12-06 19:47:40.538721: E /samgraph/3rdparty/collcachelib/coll_cache_lib/cache_context.cu:1900] Asymm Coll cache (policy: clique_part) | local 3280418 / 65608366 nodes ( 5.00 %~5.00 %) | remote 6560836 / 65608366 nodes ( 10.00 %) | cpu 55767112 / 65608366 nodes ( 85.00 %) | 3.13 GB | 0.67834 secs 
[2022-12-06 19:47:40.541387: E /samgraph/3rdparty/collcachelib/coll_cache_lib/cache_context.cu:1900] Asymm Coll cache (policy: clique_part) | local 3280418 / 65608366 nodes ( 5.00 %~5.00 %) | remote 6560836 / 65608366 nodes ( 10.00 %) | cpu 55767112 / 65608366 nodes ( 85.00 %) | 3.13 GB | 0.680905 secs 
[2022-12-06 19:47:40.541867: E /samgraph/3rdparty/collcachelib/coll_cache_lib/cache_context.cu:1900] Asymm Coll cache (policy: clique_part) | local 3280418 / 65608366 nodes ( 5.00 %~5.00 %) | remote 6560836 / 65608366 nodes ( 10.00 %) | cpu 55767112 / 65608366 nodes ( 85.00 %) | 3.13 GB | 0.692732 secs 
[2022-12-06 19:47:56.835290: W /samgraph/samgraph/common/cuda/cuda_device.cc:49] GPU[0] alloc cuda memory 22.19 MB
[2022-12-06 19:47:56.836926: W /samgraph/samgraph/common/cuda/cuda_device.cc:49] GPU[0] alloc cuda memory 28.16 MB
[2022-12-06 19:47:56.838537: W /samgraph/samgraph/common/cuda/cuda_device.cc:49] GPU[0] alloc cuda memory 28.16 MB
[2022-12-06 19:47:56.871503: W /samgraph/samgraph/common/cuda/cuda_device.cc:49] GPU[0] alloc cuda memory 4.44 GB
[2022-12-06 19:47:58.776677: W /samgraph/samgraph/common/cuda/cuda_device.cc:49] GPU[0] alloc cuda memory 20.51 MB
[2022-12-06 19:47:58.778618: W /samgraph/samgraph/common/cuda/cuda_device.cc:49] GPU[0] alloc cuda memory 25.65 MB
[2022-12-06 19:47:58.780369: W /samgraph/samgraph/common/cuda/cuda_device.cc:49] GPU[0] alloc cuda memory 25.65 MB
[2022-12-06 19:47:58.814726: W /samgraph/samgraph/common/cuda/cuda_device.cc:49] GPU[0] alloc cuda memory 4.44 GB
/usr/local/lib/python3.8/dist-packages/torch/nn/parallel/scatter_gather.py:9: UserWarning: is_namedtuple is deprecated, please use the python checks instead
  warnings.warn("is_namedtuple is deprecated, please use the python checks instead")
/usr/local/lib/python3.8/dist-packages/torch/nn/parallel/scatter_gather.py:9: UserWarning: is_namedtuple is deprecated, please use the python checks instead
  warnings.warn("is_namedtuple is deprecated, please use the python checks instead")
/usr/local/lib/python3.8/dist-packages/torch/nn/parallel/scatter_gather.py:9: UserWarning: is_namedtuple is deprecated, please use the python checks instead
  warnings.warn("is_namedtuple is deprecated, please use the python checks instead")
/usr/local/lib/python3.8/dist-packages/torch/nn/parallel/scatter_gather.py:9: UserWarning: is_namedtuple is deprecated, please use the python checks instead
  warnings.warn("is_namedtuple is deprecated, please use the python checks instead")
/usr/local/lib/python3.8/dist-packages/torch/nn/parallel/scatter_gather.py:9: UserWarning: is_namedtuple is deprecated, please use the python checks instead
  warnings.warn("is_namedtuple is deprecated, please use the python checks instead")
/usr/local/lib/python3.8/dist-packages/torch/nn/parallel/scatter_gather.py:9: UserWarning: is_namedtuple is deprecated, please use the python checks instead
  warnings.warn("is_namedtuple is deprecated, please use the python checks instead")
