[2022-12-08 19:09:14.220242: W /samgraph/samgraph/common/cpu/mmap_cpu_device.cc:92] mmap allocating space 12.87 GB
[2022-12-08 19:09:14.220346: W /samgraph/samgraph/common/cpu/mmap_cpu_device.cc:97] mmap allocating space 12.87 GB done
[2022-12-08 19:09:21.333437: W /samgraph/samgraph/common/cpu/mmap_cpu_device.cc:92] mmap allocating space 48.00 GB
[2022-12-08 19:09:21.333530: W /samgraph/samgraph/common/cpu/mmap_cpu_device.cc:97] mmap allocating space 48.00 GB done
[2022-12-08 19:09:21.333577: W /samgraph/samgraph/common/cpu/mmap_cpu_device.cc:92] mmap allocating space 1.82 GB
[2022-12-08 19:09:21.333609: W /samgraph/samgraph/common/cpu/mmap_cpu_device.cc:97] mmap allocating space 1.82 GB done
[2022-12-08 19:09:21.333667: W /samgraph/samgraph/common/cpu/cpu_device.cc:39] WORKER[0] alloc host memory 12.87 GB
[2022-12-08 19:09:22.478544: E /samgraph/samgraph/common/engine.cc:272] Train set size 3.82 MB
[2022-12-08 19:09:22.479438: W /samgraph/samgraph/common/cpu/mmap_cpu_device.cc:92] mmap allocating space 293.56 GB
[2022-12-08 19:09:22.479473: W /samgraph/samgraph/common/cpu/mmap_cpu_device.cc:97] mmap allocating space 293.56 GB done
/usr/lib/python3/dist-packages/requests/__init__.py:89: RequestsDependencyWarning: urllib3 (1.26.12) or chardet (3.0.4) doesn't match a supported version!
  warnings.warn("urllib3 ({}) or chardet ({}) doesn't match a supported "
[2022-12-08 19:09:23.165863: W /samgraph/samgraph/common/dist/dist_engine.cc:662] Trainer[0] initializing...
[2022-12-08 19:09:23.250852: W /samgraph/samgraph/common/dist/dist_engine.cc:662] Trainer[1] initializing...
[2022-12-08 19:09:23.354534: W /samgraph/samgraph/common/dist/dist_engine.cc:662] Trainer[4] initializing...
[2022-12-08 19:09:23.491609: W /samgraph/samgraph/common/dist/dist_engine.cc:662] Trainer[2] initializing...
[2022-12-08 19:09:23.546411: W /samgraph/samgraph/common/dist/dist_engine.cc:662] Trainer[3] initializing...
[2022-12-08 19:09:23.556328: W /samgraph/samgraph/common/dist/dist_engine.cc:662] Trainer[5] initializing...
[2022-12-08 19:09:25.320661: W /samgraph/samgraph/common/dist/dist_engine.cc:666] Trainer[0] pin memory queue...
[2022-12-08 19:09:25.338996: W /samgraph/samgraph/common/dist/dist_engine.cc:666] Trainer[1] pin memory queue...
[2022-12-08 19:09:25.405373: W /samgraph/samgraph/common/dist/dist_engine.cc:666] Trainer[4] pin memory queue...
[2022-12-08 19:09:25.448596: W /samgraph/samgraph/common/dist/dist_engine.cc:666] Trainer[3] pin memory queue...
[2022-12-08 19:09:25.475229: W /samgraph/samgraph/common/dist/dist_engine.cc:666] Trainer[5] pin memory queue...
[2022-12-08 19:09:25.504381: W /samgraph/samgraph/common/dist/dist_engine.cc:666] Trainer[2] pin memory queue...
[2022-12-08 19:11:59.764625: E /samgraph/samgraph/common/dist/dist_engine.cc:85] Running on V100
[2022-12-08 19:11:59.765601: E /samgraph/samgraph/common/dist/dist_engine.cc:85] Running on V100
[2022-12-08 19:11:59.765645: E [/samgraph/samgraph/common/dist/dist_engine.cc2022-12-08 19:11:59:.85765676] : Running on V100W
 /samgraph/samgraph/common/dist/dist_engine.cc:701] Trainer[0] register host memory...
[2022-12-08 19:11:59.766448: E /samgraph/samgraph/common/dist/dist_engine.cc:85] Running on V100
[2022-12-08 19:11:59.766505: E /samgraph/samgraph/common/dist/dist_engine.cc:85] Running on V100
[2022-12-08 19:11:59.766644: W [/samgraph/samgraph/common/dist/dist_engine.cc2022-12-08 19:11:59:.701766650] : Trainer[4] register host memory...W
 /samgraph/samgraph/common/dist/dist_engine.cc:701] Trainer[2] register host memory...
[2022-12-08 19:11:59.767374: W [/samgraph/samgraph/common/dist/dist_engine.cc2022-12-08 19:11:59:.701767438] : Trainer[3] register host memory...W
 /samgraph/samgraph/common/dist/dist_engine.cc:701] Trainer[5] register host memory...
[2022-12-08 19:11:59.863980: E /samgraph/samgraph/common/dist/dist_engine.cc:85] Running on V100
[2022-12-08 19:11:59.864139: W /samgraph/samgraph/common/dist/dist_engine.cc:701] Trainer[1] register host memory...
[2022-12-08 19:12:00. 64806: E /samgraph/samgraph/common/dist/dist_engine.cc:85] Running on V100
[2022-12-08 19:12:00. 82218: E /samgraph/samgraph/common/dist/dist_engine.cc:85] Running on V100
[2022-12-08 19:12:00. 86904: W /samgraph/samgraph/common/cuda/cuda_device.cc:49] GPU[6] alloc cuda memory 931.40 MB
[2022-12-08 19:12:00.299565: W /samgraph/samgraph/common/cuda/cuda_device.cc:49] GPU[6] alloc cuda memory 12.87 GB
[2022-12-08 19:12:03.113334: W /samgraph/samgraph/common/cuda/cuda_device.cc:49] GPU[6] alloc cuda memory 32.00 MB
[2022-12-08 19:12:03.117913: E /samgraph/samgraph/common/dist/pre_sampler.cc:41] Dist Presampler making shuffler...
[2022-12-08 19:12:03.121923: E /samgraph/samgraph/common/dist/pre_sampler.cc:44] Dist Presampler making shuffler...Done
[2022-12-08 19:12:03.121972: W /samgraph/samgraph/common/cpu/cpu_device.cc:39] WORKER[0] alloc host memory 1.82 GB
[2022-12-08 19:12:03.922298: E /samgraph/samgraph/common/dist/pre_sampler.cc:85] Dist Presampler doing presample epoch 0
[2022-12-08 19:12:10.223080: E /samgraph/samgraph/common/dist/pre_sampler.cc:129] presample spend 2.2062 on sample, 0.175227 on copy, 3.90364 on count
[2022-12-08 19:12:10.223178: E /samgraph/samgraph/common/dist/pre_sampler.cc:85] Dist Presampler doing presample epoch 1
[2022-12-08 19:12:16.392409: E /samgraph/samgraph/common/dist/pre_sampler.cc:129] presample spend 4.4157 on sample, 0.346359 on copy, 7.67775 on count
[2022-12-08 19:12:16.392537: E /samgraph/samgraph/common/dist/pre_sampler.cc:136] max_num_inputs = 501006, min_num_inputs = 467542
[2022-12-08 19:12:16.980568: E /samgraph/samgraph/common/dist/pre_sampler.cc:148] presample spend 0.587933 on sort freq.
[2022-12-08 19:12:17.842965: E /samgraph/samgraph/common/dist/dist_engine.cc:524] pre sample done, delete it
[[[[[[2022-12-08 19:12:172022-12-08 19:12:172022-12-08 19:12:172022-12-08 19:12:172022-12-08 19:12:172022-12-08 19:12:17......901802901802901809901806901802901811: : : : : : WWWWWW      /samgraph/samgraph/common/dist/dist_engine.cc/samgraph/samgraph/common/dist/dist_engine.cc/samgraph/samgraph/common/dist/dist_engine.cc/samgraph/samgraph/common/dist/dist_engine.cc/samgraph/samgraph/common/dist/dist_engine.cc/samgraph/samgraph/common/dist/dist_engine.cc::::::711711711711711711] ] ] ] ] ] Trainer[4] building cache...Trainer[0] building cache...Trainer[1] building cache...Trainer[5] building cache...Trainer[2] building cache...Trainer[3] building cache...





[[2022-12-08 19:12:17[2022-12-08 19:12:17[.2022-12-08 19:12:17.2022-12-08 19:12:17904135.904141.: 904145: 904149E: E:  E E/samgraph/3rdparty/collcachelib/coll_cache_lib/run_config.cc /samgraph/3rdparty/collcachelib/coll_cache_lib/run_config.cc :/samgraph/3rdparty/collcachelib/coll_cache_lib/run_config.cc:/samgraph/3rdparty/collcachelib/coll_cache_lib/run_config.cc134:134[[:] 134] 2022-12-08 19:12:172022-12-08 19:12:17134using concurrent impl MPS] using concurrent impl MPS..] 
using concurrent impl MPS
904247904246using concurrent impl MPS
: : 
EE  /samgraph/3rdparty/collcachelib/coll_cache_lib/run_config.cc/samgraph/3rdparty/collcachelib/coll_cache_lib/run_config.cc::134134] ] using concurrent impl MPSusing concurrent impl MPS

[2022-12-08 19:12:17.907369: E /samgraph/3rdparty/collcachelib/coll_cache_lib/coll_cache/asymm_link_desc.cc:172] v100x8, slow pcie
[2022-12-08 19:12:17.907425: [E2022-12-08 19:12:17 ./samgraph/3rdparty/collcachelib/coll_cache_lib/coll_cache/asymm_link_desc.cc907426:: 200E]  build asymm link desc with 6X Tesla V100-SXM2-32GB out of 8/samgraph/3rdparty/collcachelib/coll_cache_lib/coll_cache/asymm_link_desc.cc
:172] v100x8, slow pcie
[2022-12-08 19:12:17.907477: E /samgraph/3rdparty/collcachelib/coll_cache_lib/coll_cache/asymm_link_desc.cc:[201[2022-12-08 19:12:17] 2022-12-08 19:12:17.remote time is 8.68421.907484
907495: : E[E[ 2022-12-08 19:12:17 2022-12-08 19:12:17/samgraph/3rdparty/collcachelib/coll_cache_lib/coll_cache/asymm_link_desc.cc./samgraph/3rdparty/collcachelib/coll_cache_lib/coll_cache/asymm_link_desc.cc.:907537:907534172: 200: [] E] E2022-12-08 19:12:17v100x8, slow pcie build asymm link desc with 6X Tesla V100-SXM2-32GB out of 8 .
/samgraph/3rdparty/collcachelib/coll_cache_lib/coll_cache/asymm_link_desc.cc
/samgraph/3rdparty/collcachelib/coll_cache_lib/coll_cache/asymm_link_desc.cc[907579::2022-12-08 19:12:17: [202172.E[2022-12-08 19:12:17] ] 907623 2022-12-08 19:12:17.cpu time is 97.0588v100x8, slow pcie: /samgraph/3rdparty/collcachelib/coll_cache_lib/coll_cache/asymm_link_desc.cc.907659

E:907668:  172: E/samgraph/3rdparty/collcachelib/coll_cache_lib/coll_cache/asymm_link_desc.cc] E[ :v100x8, slow pcie 2022-12-08 19:12:17/samgraph/3rdparty/collcachelib/coll_cache_lib/coll_cache/asymm_link_desc.cc172
/samgraph/3rdparty/collcachelib/coll_cache_lib/coll_cache/asymm_link_desc.cc.:] :907752200v100x8, slow pcie201: ] 
[] Ebuild asymm link desc with 6X Tesla V100-SXM2-32GB out of 82022-12-08 19:12:17remote time is 8.68421 
.
/samgraph/3rdparty/collcachelib/coll_cache_lib/coll_cache/asymm_link_desc.cc[907815:2022-12-08 19:12:17[: [200.2022-12-08 19:12:17E2022-12-08 19:12:17] 907848. .build asymm link desc with 6X Tesla V100-SXM2-32GB out of 8: 907862/samgraph/3rdparty/collcachelib/coll_cache_lib/coll_cache/asymm_link_desc.cc907861
E: ::  E200[E/samgraph/3rdparty/collcachelib/coll_cache_lib/coll_cache/asymm_link_desc.cc ] 2022-12-08 19:12:17 :/samgraph/3rdparty/collcachelib/coll_cache_lib/coll_cache/asymm_link_desc.ccbuild asymm link desc with 6X Tesla V100-SXM2-32GB out of 8./samgraph/3rdparty/collcachelib/coll_cache_lib/coll_cache/asymm_link_desc.cc200:
907929:] 201: 202build asymm link desc with 6X Tesla V100-SXM2-32GB out of 8] [E] 
remote time is 8.684212022-12-08 19:12:17 cpu time is 97.0588
./samgraph/3rdparty/collcachelib/coll_cache_lib/coll_cache/asymm_link_desc.cc[
907999:[2022-12-08 19:12:17: 2012022-12-08 19:12:17.E] .908030 remote time is 8.68421908043: /samgraph/3rdparty/collcachelib/coll_cache_lib/coll_cache/asymm_link_desc.cc
: E:E[ 201 2022-12-08 19:12:17/samgraph/3rdparty/collcachelib/coll_cache_lib/coll_cache/asymm_link_desc.cc] /samgraph/3rdparty/collcachelib/coll_cache_lib/coll_cache/asymm_link_desc.cc.:remote time is 8.68421:908108201
202: ] ] E[remote time is 8.68421cpu time is 97.0588 2022-12-08 19:12:17

/samgraph/3rdparty/collcachelib/coll_cache_lib/coll_cache/asymm_link_desc.cc.:[9081662022022-12-08 19:12:17: ] .Ecpu time is 97.0588908201 
: /samgraph/3rdparty/collcachelib/coll_cache_lib/coll_cache/asymm_link_desc.ccE: 202/samgraph/3rdparty/collcachelib/coll_cache_lib/coll_cache/asymm_link_desc.cc] :cpu time is 97.0588202
] cpu time is 97.0588
[2022-12-08 19:12:39.559530: E /samgraph/3rdparty/collcachelib/coll_cache_lib/facade.cc:118] solver created. now build & solve
[2022-12-08 19:12:39.655065: W /samgraph/3rdparty/collcachelib/coll_cache_lib/cpu/cpu_device.cc:39] WORKER[0] alloc host memory 931.40 MB
[2022-12-08 19:12:39.655138: W /samgraph/3rdparty/collcachelib/coll_cache_lib/cpu/cpu_device.cc:39] WORKER[0] alloc host memory 931.40 MB
[2022-12-08 19:12:39.655965: W /samgraph/3rdparty/collcachelib/coll_cache_lib/coll_cache/optimal_solver_class.cc:68] mapping nid to rank...
[2022-12-08 19:12:40.595664: W /samgraph/3rdparty/collcachelib/coll_cache_lib/coll_cache/optimal_solver_class.cc:85] counting slots...
[2022-12-08 19:12:44.405937: W /samgraph/3rdparty/collcachelib/coll_cache_lib/coll_cache/optimal_solver_class.cc:99] Final num slot is 28
[2022-12-08 19:12:44.406034: W /samgraph/3rdparty/collcachelib/coll_cache_lib/coll_cache/optimal_solver_class.cc:103] counting blocks...
[2022-12-08 19:13:08.336850: W /samgraph/3rdparty/collcachelib/coll_cache_lib/coll_cache/optimal_solver_class.cc:112] Final num block is 1015
[2022-12-08 19:13:08.336940: W /samgraph/3rdparty/collcachelib/coll_cache_lib/coll_cache/optimal_solver_class.cc:117] counting freq and density...
[2022-12-08 19:13:13.434141: W /samgraph/3rdparty/collcachelib/coll_cache_lib/coll_cache/optimal_solver_class.cc:148] averaging freq and density...
[2022-12-08 19:13:13.434243: W /samgraph/3rdparty/collcachelib/coll_cache_lib/coll_cache/optimal_solver_class.cc:149] 1015
[2022-12-08 19:13:13.439642: E /samgraph/3rdparty/collcachelib/coll_cache_lib/facade.cc:123] solver built. now solve
[2022-12-08 19:13:13.439699: W /samgraph/3rdparty/collcachelib/coll_cache_lib/coll_cache/optimal_solver_class.cc:348] constructing optimal solver, device=6, stream=1
1015 blocks, 6 devices
[2022-12-08 19:13:13.642628: W /samgraph/3rdparty/collcachelib/coll_cache_lib/coll_cache/optimal_solver_class.cc:503] Add Var...
[2022-12-08 19:13:13.660226: W /samgraph/3rdparty/collcachelib/coll_cache_lib/coll_cache/optimal_solver_class.cc:521] Capacity...
[2022-12-08 19:13:13.661626: W /samgraph/3rdparty/collcachelib/coll_cache_lib/coll_cache/optimal_solver_class.cc:524] Connect CPU...
[2022-12-08 19:13:13.676564: W /samgraph/3rdparty/collcachelib/coll_cache_lib/coll_cache/optimal_solver_class.cc:526] Connect Access To Storage...
[2022-12-08 19:13:13.898072: W /samgraph/3rdparty/collcachelib/coll_cache_lib/coll_cache/optimal_solver_class.cc:530] Time...
[2022-12-08 19:13:33.944619: W /samgraph/3rdparty/collcachelib/coll_cache_lib/coll_cache/optimal_solver_class.cc:545] Coll Cache init block placement array
[2022-12-08 19:13:33.950475: W /samgraph/3rdparty/collcachelib/coll_cache_lib/coll_cache/optimal_solver_class.cc:621] Coll Cache init block placement array done
[2022-12-08 19:13:33.951828: W /samgraph/3rdparty/collcachelib/coll_cache_lib/coll_cache/optimal_solver_class.cc:623] Coll Cache model reset done
[2022-12-08 19:13:33.970856: E /samgraph/3rdparty/collcachelib/coll_cache_lib/facade.cc:127] solver solved
[2022-12-08 19:13:33.970925: E /samgraph/3rdparty/collcachelib/coll_cache_lib/facade.cc:195] 0 solved master
[2022-12-08 19:13:33.970978: E /samgraph/3rdparty/collcachelib/coll_cache_lib/facade.cc:202] 0 solved
[2022-12-08 19:13:33.971006: E /samgraph/3rdparty/collcachelib/coll_cache_lib/facade.cc:205] worker 0 thread 0 initing device 0
[2022-12-08 19:13:33.972539: E /samgraph/3rdparty/collcachelib/coll_cache_lib/cache_context.cu:1766] Building Coll Cache with ... num gpu device is 6
[2022-12-08 19:13:34.  7922: E /samgraph/3rdparty/collcachelib/coll_cache_lib/facade.cc:202] 2 solved
[2022-12-08 19:13:34.  7994: E /samgraph/3rdparty/collcachelib/coll_cache_lib/facade.cc:205] worker 2 thread 2 initing device 2
[[2022-12-08 19:13:342022-12-08 19:13:34..  8504  8501: : EE  /samgraph/3rdparty/collcachelib/coll_cache_lib/facade.cc/samgraph/3rdparty/collcachelib/coll_cache_lib/facade.cc::202202] ] 4 solved1 solved

[[2022-12-08 19:13:342022-12-08 19:13:34..  8589  8590: : EE  /samgraph/3rdparty/collcachelib/coll_cache_lib/facade.cc/samgraph/3rdparty/collcachelib/coll_cache_lib/facade.cc::205205] ] worker 4 thread 4 initing device 4worker 1 thread 1 initing device 1

[2022-12-08 19:13:34.  9512: E /samgraph/3rdparty/collcachelib/coll_cache_lib/cache_context.cu:1766] Building Coll Cache with ... num gpu device is 6
[2022-12-08 19:13:34. 10029: E /samgraph/3rdparty/collcachelib/coll_cache_lib/facade.cc:202] 3 solved
[2022-12-08 19:13:34. 10077: E [/samgraph/3rdparty/collcachelib/coll_cache_lib/facade.cc2022-12-08 19:13:34:.205 10071] : worker 3 thread 3 initing device 3E
 /samgraph/3rdparty/collcachelib/coll_cache_lib/facade.cc:202] 5 solved
[2022-12-08 19:13:34. 10166: E /samgraph/3rdparty/collcachelib/coll_cache_lib/facade.cc:205] worker 5 thread 5 initing device 5
[2022-12-08 19:13:34. 11272: E /samgraph/3rdparty/collcachelib/coll_cache_lib/cache_context.cu:1766] Building Coll Cache with ... num gpu device is 6
[2022-12-08 19:13:34. 11446: E /samgraph/3rdparty/collcachelib/coll_cache_lib/cache_context.cu:1766] Building Coll Cache with ... num gpu device is 6
[2022-12-08 19:13:34. 14039: E /samgraph/3rdparty/collcachelib/coll_cache_lib/cache_context.cu:1766] Building Coll Cache with ... num gpu device is 6
[2022-12-08 19:13:34. 14179: E /samgraph/3rdparty/collcachelib/coll_cache_lib/cache_context.cu:1766] Building Coll Cache with ... num gpu device is 6
[2022-12-08 19:13:34.170599: W /samgraph/3rdparty/collcachelib/coll_cache_lib/cache_context.cu:1806] using empty feat=25
[2022-12-08 19:13:34.180028: W /samgraph/3rdparty/collcachelib/coll_cache_lib/cpu/cpu_device.cc:39] WORKER[0] alloc host memory 55.76 MB
[2022-12-08 19:13:34.215692: W /samgraph/3rdparty/collcachelib/coll_cache_lib/cache_context.cu:1806] using empty feat=25
[2022-12-08 19:13:34.247599: W /samgraph/3rdparty/collcachelib/coll_cache_lib/cache_context.cu:1806] [using empty feat=252022-12-08 19:13:34
.247650: W /samgraph/3rdparty/collcachelib/coll_cache_lib/cache_context.cu:1806] using empty feat=25
[2022-12-08 19:13:34.247893: W /samgraph/3rdparty/collcachelib/coll_cache_lib/cache_context.cu:1806] using empty feat=25
[2022-12-08 19:13:34.247946: W /samgraph/3rdparty/collcachelib/coll_cache_lib/cache_context.cu:1806] using empty feat=25
[[[2022-12-08 19:13:38[[[2022-12-08 19:13:382022-12-08 19:13:38.2022-12-08 19:13:382022-12-08 19:13:382022-12-08 19:13:38.. 60851... 60851 60851:  60852 60851 60860: : E: : : EE EEE  /samgraph/3rdparty/collcachelib/coll_cache_lib/cache_context.cu   /samgraph/3rdparty/collcachelib/coll_cache_lib/cache_context.cu/samgraph/3rdparty/collcachelib/coll_cache_lib/cache_context.cu:/samgraph/3rdparty/collcachelib/coll_cache_lib/cache_context.cu/samgraph/3rdparty/collcachelib/coll_cache_lib/cache_context.cu/samgraph/3rdparty/collcachelib/coll_cache_lib/cache_context.cu::1877:::18771877] 187718771877] ] Device 0 init p2p of link 1] ] ] Device 3 init p2p of link 4Device 2 init p2p of link 1
Device 1 init p2p of link 0Device 4 init p2p of link 3Device 5 init p2p of link 0




[2022-12-08 19:13:38. 84945: E /samgraph/3rdparty/collcachelib/coll_cache_lib/cache_context.cu:1877] Device 5 init p2p of link 3
[2022-12-08 19:13:38. 88074: E /samgraph/3rdparty/collcachelib/coll_cache_lib/cache_context.cu:1877] Device 0 init p2p of link 5
[2022-12-08 19:13:38. 88105: E /samgraph/3rdparty/collcachelib/coll_cache_lib/cache_context.cu:1877] Device 2 init p2p of link 0
[2022-12-08 19:13:38. 88685: E /samgraph/3rdparty/collcachelib/coll_cache_lib/cache_context.cu:1877] Device 4 init p2p of link 2
[2022-12-08 19:13:38. 88814: E /samgraph/3rdparty/collcachelib/coll_cache_lib/cache_context.cu:1877] Device 1 init p2p of link 2
[2022-12-08 19:13:38. 89073: E /samgraph/3rdparty/collcachelib/coll_cache_lib/cache_context.cu:1877] Device 3 init p2p of link 5
[2022-12-08 19:13:38. 98264: E /samgraph/3rdparty/collcachelib/coll_cache_lib/cache_context.cu:1877] Device 5 init p2p of link 4
[2022-12-08 19:13:38.108584: E /samgraph/3rdparty/collcachelib/coll_cache_lib/cache_context.cu:1877] Device 0 init p2p of link 2
[2022-12-08 19:13:38.112895: E /samgraph/3rdparty/collcachelib/coll_cache_lib/cache_context.cu:1877] Device 4 init p2p of link 5
[2022-12-08 19:13:38.113181: E /samgraph/3rdparty/collcachelib/coll_cache_lib/cache_context.cu:1877] Device 1 init p2p of link 3
[2022-12-08 19:13:38.114302: E /samgraph/3rdparty/collcachelib/coll_cache_lib/cache_context.cu:1877] Device 3 init p2p of link 1
[2022-12-08 19:13:38.121178: E /samgraph/3rdparty/collcachelib/coll_cache_lib/cache_context.cu:1877] Device 2 init p2p of link 4
[2022-12-08 19:13:38.125011: E /samgraph/3rdparty/collcachelib/coll_cache_lib/cache_context.cu:1906] Asymm Coll cache (policy: coll_cache_asymm_link) | local 14626733 / 244160499 nodes ( 5.99 %~6.00 %) | remote 29240927 / 244160499 nodes ( 11.98 %) | cpu 200292839 / 244160499 nodes ( 82.03 %) | 20.96 GB | 4.11078 secs 
[2022-12-08 19:13:38.130350: E /samgraph/3rdparty/collcachelib/coll_cache_lib/cache_context.cu:1906] Asymm Coll cache (policy: coll_cache_asymm_link) | local 14616840 / 244160499 nodes ( 5.99 %~6.00 %) | remote 29250820 / 244160499 nodes ( 11.98 %) | cpu 200292839 / 244160499 nodes ( 82.03 %) | 20.94 GB | 4.15777 secs 
[2022-12-08 19:13:38.130788: W /samgraph/3rdparty/collcachelib/coll_cache_lib/cache_context.cu:2010] before create ctx, mem is 24.13 GB
[2022-12-08 19:13:38.133711: E /samgraph/3rdparty/collcachelib/coll_cache_lib/cache_context.cu:1906] Asymm Coll cache (policy: coll_cache_asymm_link) | local 14633206 / 244160499 nodes ( 5.99 %~6.00 %) | remote 29234454 / 244160499 nodes ( 11.97 %) | cpu 200292839 / 244160499 nodes ( 82.03 %) | 20.97 GB | 4.11963 secs 
[2022-12-08 19:13:38.158716: E /samgraph/3rdparty/collcachelib/coll_cache_lib/cache_context.cu:1906] Asymm Coll cache (policy: coll_cache_asymm_link) | local 14610376 / 244160499 nodes ( 5.98 %~6.00 %) | remote 29257284 / 244160499 nodes ( 11.98 %) | cpu 200292839 / 244160499 nodes ( 82.03 %) | 20.94 GB | 4.14723 secs 
[2022-12-08 19:13:38.158865: E /samgraph/3rdparty/collcachelib/coll_cache_lib/cache_context.cu:1906] Asymm Coll cache (policy: coll_cache_asymm_link) | local 14640444 / 244160499 nodes ( 6.00 %~6.00 %) | remote 29227216 / 244160499 nodes ( 11.97 %) | cpu 200292839 / 244160499 nodes ( 82.03 %) | 20.98 GB | 4.14929 secs 
[2022-12-08 19:13:38.158982: E /samgraph/3rdparty/collcachelib/coll_cache_lib/cache_context.cu:1906] Asymm Coll cache (policy: coll_cache_asymm_link) | local 14642645 / 244160499 nodes ( 6.00 %~6.00 %) | remote 29225015 / 244160499 nodes ( 11.97 %) | cpu 200292839 / 244160499 nodes ( 82.03 %) | 20.98 GB | 4.14767 secs 
[2022-12-08 19:13:39.782314: W /samgraph/3rdparty/collcachelib/coll_cache_lib/cache_context.cu:2016] after create ctx, mem is 24.60 GB
[2022-12-08 19:13:39.782762: W /samgraph/3rdparty/collcachelib/coll_cache_lib/cache_context.cu:2023] after create stream, mem is 24.60 GB
[2022-12-08 19:13:39.783165: W /samgraph/3rdparty/collcachelib/coll_cache_lib/cache_context.cu:2010] before create ctx, mem is 24.60 GB
[2022-12-08 19:13:41.257109: W /samgraph/3rdparty/collcachelib/coll_cache_lib/cache_context.cu:2016] after create ctx, mem is 25.06 GB
[2022-12-08 19:13:41.257568: W /samgraph/3rdparty/collcachelib/coll_cache_lib/cache_context.cu:2023] after create stream, mem is 25.06 GB
[2022-12-08 19:13:41.258039: W /samgraph/3rdparty/collcachelib/coll_cache_lib/cache_context.cu:2010] before create ctx, mem is 25.06 GB
[2022-12-08 19:13:42.781079: W /samgraph/3rdparty/collcachelib/coll_cache_lib/cache_context.cu:2016] after create ctx, mem is 25.46 GB
[2022-12-08 19:13:42.782057: W /samgraph/3rdparty/collcachelib/coll_cache_lib/cache_context.cu:2023] after create stream, mem is 25.46 GB
[2022-12-08 19:13:42.782479: W /samgraph/3rdparty/collcachelib/coll_cache_lib/cache_context.cu:2010] before create ctx, mem is 25.46 GB
[2022-12-08 19:13:44.532878: W /samgraph/3rdparty/collcachelib/coll_cache_lib/cache_context.cu:2016] after create ctx, mem is 26.10 GB
[2022-12-08 19:13:44.533015: W /samgraph/3rdparty/collcachelib/coll_cache_lib/cache_context.cu:2023] after create stream, mem is 26.10 GB
[2022-12-08 19:13:44.533364: W /samgraph/3rdparty/collcachelib/coll_cache_lib/cache_context.cu:2010] before create ctx, mem is 26.10 GB
[2022-12-08 19:13:46. 84487: W /samgraph/3rdparty/collcachelib/coll_cache_lib/cache_context.cu:2016] after create ctx, mem is 26.47 GB
[2022-12-08 19:13:46. 84612: W /samgraph/3rdparty/collcachelib/coll_cache_lib/cache_context.cu:2023] after create stream, mem is 26.47 GB
[2022-12-08 19:13:49. 61571: W /samgraph/samgraph/common/cuda/cuda_device.cc:49] GPU[0] alloc cuda memory 806.95 MB
[2022-12-08 19:13:50.573897: W /samgraph/samgraph/common/cuda/cuda_device.cc:49] GPU[0] alloc cuda memory 806.95 MB
/usr/local/lib/python3.8/dist-packages/torch/nn/parallel/scatter_gather.py:9: UserWarning: is_namedtuple is deprecated, please use the python checks instead
  warnings.warn("is_namedtuple is deprecated, please use the python checks instead")
/usr/local/lib/python3.8/dist-packages/torch/nn/parallel/scatter_gather.py:9: UserWarning: is_namedtuple is deprecated, please use the python checks instead
  warnings.warn("is_namedtuple is deprecated, please use the python checks instead")
/usr/local/lib/python3.8/dist-packages/torch/nn/parallel/scatter_gather.py:9: UserWarning: is_namedtuple is deprecated, please use the python checks instead
  warnings.warn("is_namedtuple is deprecated, please use the python checks instead")
/usr/local/lib/python3.8/dist-packages/torch/nn/parallel/scatter_gather.py:9: UserWarning: is_namedtuple is deprecated, please use the python checks instead
  warnings.warn("is_namedtuple is deprecated, please use the python checks instead")
/usr/local/lib/python3.8/dist-packages/torch/nn/parallel/scatter_gather.py:9: UserWarning: is_namedtuple is deprecated, please use the python checks instead
  warnings.warn("is_namedtuple is deprecated, please use the python checks instead")
/usr/local/lib/python3.8/dist-packages/torch/nn/parallel/scatter_gather.py:9: UserWarning: is_namedtuple is deprecated, please use the python checks instead
  warnings.warn("is_namedtuple is deprecated, please use the python checks instead")
