succeed=True
config:eval_tsp="2023-04-15 09:04:40"
config:arch=arch5
config:num_train_worker=6
config:num_sample_worker=2
config:sample_type=khop2
config:root_path=/nvme/graph-learning-copy/samgraph/
config:dataset=mag240m-homo
config:pipeline=False
config:cache_policy=coll_cache_asymm_link
config:cache_percentage=0.18
config:num_epoch=4
config:batch_size=8000
config:num_hidden=256
config:max_sampling_jobs=1
config:max_copying_jobs=1
config:barriered_epoch=1
config:presample_epoch=2
config:omp_thread_num=40
config:unsupervised=False
config:amp=True
config:rolling=0
config:fanout=[25, 10]
config:lr=0.003
config:dropout=0.5
config:single_gpu=False
config:max_num_step=100000
config:validate_configs=False
config:report_acc=0
config:dataset_path=/nvme/graph-learning-copy/samgraph/mag240m-homo
config:torch_thread_num=9
config:train_workers=['cuda:0', 'cuda:1', 'cuda:2', 'cuda:3', 'cuda:4', 'cuda:5']
config:sample_workers=['cuda:6', 'cuda:7']
config:num_fanout=2
config:num_layer=2
config:_run_mode=RunMode.FGNN
config:_log_level=warn
config:_profile_level=3
config:_empty_feat=25
config:_arch=5
config:_sample_type=5
config:_cache_policy=13
test_result:init:input_scale_factor=1.1
0 :  {link #0 : 1}, {link #1 : 2}, {link #2 : 3}, {link #3 : 4}, {link #4 : 5},
1 :  {link #0 : 2}, {link #1 : 3}, {link #2 : 4}, {link #3 : 5}, {link #4 : 0},
2 :  {link #0 : 3}, {link #1 : 4}, {link #2 : 5}, {link #3 : 0}, {link #4 : 1},
3 :  {link #0 : 4}, {link #1 : 5}, {link #2 : 0}, {link #3 : 1}, {link #4 : 2},
4 :  {link #0 : 5}, {link #1 : 0}, {link #2 : 1}, {link #3 : 2}, {link #4 : 3},
5 :  {link #0 : 0}, {link #1 : 1}, {link #2 : 2}, {link #3 : 3}, {link #4 : 4},
0 : local 98, cpu 10 {link #0 : g1 11}, {link #1 : g2 11}, {link #2 : g3 11}, {link #3 : g4 11}, {link #4 : g5 11},
1 : local 98, cpu 10 {link #0 : g2 11}, {link #1 : g3 11}, {link #2 : g4 11}, {link #3 : g5 11}, {link #4 : g0 11},
2 : local 98, cpu 10 {link #0 : g3 11}, {link #1 : g4 11}, {link #2 : g5 11}, {link #3 : g0 11}, {link #4 : g1 11},
3 : local 98, cpu 10 {link #0 : g4 11}, {link #1 : g5 11}, {link #2 : g0 11}, {link #3 : g1 11}, {link #4 : g2 11},
4 : local 98, cpu 10 {link #0 : g5 11}, {link #1 : g0 11}, {link #2 : g1 11}, {link #3 : g2 11}, {link #4 : g3 11},
5 : local 98, cpu 10 {link #0 : g0 11}, {link #1 : g1 11}, {link #2 : g2 11}, {link #3 : g3 11}, {link #4 : g4 11},
0 :  {link #0 : 1}, {link #1 : 2}, {link #2 : 3}, {link #3 : 4}, {link #4 : 5},
1 :  {link #0 : 2}, {link #1 : 3}, {link #2 : 4}, {link #3 : 5}, {link #4 : 0},
2 :  {link #0 : 3}, {link #1 : 4}, {link #2 : 5}, {link #3 : 0}, {link #4 : 1},
3 :  {link #0 : 4}, {link #1 : 5}, {link #2 : 0}, {link #3 : 1}, {link #4 : 2},
4 :  {link #0 : 5}, {link #1 : 0}, {link #2 : 1}, {link #3 : 2}, {link #4 : 3},
5 :  {link #0 : 0}, {link #1 : 1}, {link #2 : 2}, {link #3 : 3}, {link #4 : 4},
0 :  {link #0 : 1}, {link #1 : 2}, {link #2 : 3}, {link #3 : 4}, {link #4 : 5},
1 :  {link #0 : 2}, {link #1 : 3}, {link #2 : 4}, {link #3 : 5}, {link #4 : 0},
2 :  {link #0 : 3}, {link #1 : 4}, {link #2 : 5}, {link #3 : 0}, {link #4 : 1},
3 :  {link #0 : 4}, {link #1 : 5}, {link #2 : 0}, {link #3 : 1}, {link #4 : 2},
4 :  {link #0 : 5}, {link #1 : 0}, {link #2 : 1}, {link #3 : 2}, {link #4 : 3},
5 :  {link #0 : 0}, {link #1 : 1}, {link #2 : 2}, {link #3 : 3}, {link #4 : 4},
0 : local 98, cpu 10 {link #0 : g1 11}, {link #1 : g2 11}, {link #2 : g3 11}, {link #3 : g4 11}, {link #4 : g5 11},
1 : local 98, cpu 10 {link #0 : g2 11}, {link #1 : g3 11}, {link #2 : g4 11}, {link #3 : g5 11}, {link #4 : g0 11},
2 : local 98, cpu 10 {link #0 : g3 11}, {link #1 : g4 11}, {link #2 : g5 11}, {link #3 : g0 11}, {link #4 : g1 11},
3 : local 98, cpu 10 {link #0 : g4 11}, {link #1 : g5 11}, {link #2 : g0 11}, {link #3 : g1 11}, {link #4 : g2 11},
4 : local 98, cpu 10 {link #0 : g5 11}, {link #1 : g0 11}, {link #2 : g1 11}, {link #3 : g2 11}, {link #4 : g3 11},
5 : local 98, cpu 10 {link #0 : g0 11}, {link #1 : g1 11}, {link #2 : g2 11}, {link #3 : g3 11}, {link #4 : g4 11},
0 : local 98, cpu 10 {link #0 : g1 11}, {link #1 : g2 11}, {link #2 : g3 11}, {link #3 : g4 11}, {link #4 : g5 11},
1 : local 98, cpu 10 {link #0 : g2 11}, {link #1 : g3 11}, {link #2 : g4 11}, {link #3 : g5 11}, {link #4 : g0 11},
2 : local 98, cpu 10 {link #0 : g3 11}, {link #1 : g4 11}, {link #2 : g5 11}, {link #3 : g0 11}, {link #4 : g1 11},
3 : local 98, cpu 10 {link #0 : g4 11}, {link #1 : g5 11}, {link #2 : g0 11}, {link #3 : g1 11}, {link #4 : g2 11},
4 : local 98, cpu 10 {link #0 : g5 11}, {link #1 : g0 11}, {link #2 : g1 11}, {link #3 : g2 11}, {link #4 : g3 11},
5 : local 98, cpu 10 {link #0 : g0 11}, {link #1 : g1 11}, {link #2 : g2 11}, {link #3 : g3 11}, {link #4 : g4 11},
0 :  {link #0 : 1}, {link #1 : 2}, {link #2 : 3}, {link #3 : 4}, {link #4 : 5},
1 :  {link #0 : 2}, {link #1 : 3}, {link #2 : 4}, {link #3 : 5}, {link #4 : 0},
2 :  {link #0 : 3}, {link #1 : 4}, {link #2 : 5}, {link #3 : 0}, {link #4 : 1},
3 :  {link #0 : 4}, {link #1 : 5}, {link #2 : 0}, {link #3 : 1}, {link #4 : 2},
4 :  {link #0 : 5}, {link #1 : 0}, {link #2 : 1}, {link #3 : 2}, {link #4 : 3},
5 :  {link #0 : 0}, {link #1 : 1}, {link #2 : 2}, {link #3 : 3}, {link #4 : 4},
0 : local 98, cpu 10 {link #0 : g1 11}, {link #1 : g2 11}, {link #2 : g3 11}, {link #3 : g4 11}, {link #4 : g5 11},
1 : local 98, cpu 10 {link #0 : g2 11}, {link #1 : g3 11}, {link #2 : g4 11}, {link #3 : g5 11}, {link #4 : g0 11},
2 : local 98, cpu 10 {link #0 : g3 11}, {link #1 : g4 11}, {link #2 : g5 11}, {link #3 : g0 11}, {link #4 : g1 11},
3 : local 98, cpu 10 {link #0 : g4 11}, {link #1 : g5 11}, {link #2 : g0 11}, {link #3 : g1 11}, {link #4 : g2 11},
4 : local 98, cpu 10 {link #0 : g5 11}, {link #1 : g0 11}, {link #2 : g1 11}, {link #3 : g2 11}, {link #4 : g3 11},
5 : local 98, cpu 10 {link #0 : g0 11}, {link #1 : g1 11}, {link #2 : g2 11}, {link #3 : g3 11}, {link #4 : g4 11},
0 :  {link #0 : 1}, {link #1 : 2}, {link #2 : 3}, {link #3 : 4}, {link #4 : 5},
1 :  {link #0 : 2}, {link #1 : 3}, {link #2 : 4}, {link #3 : 5}, {link #4 : 0},
2 :  {link #0 : 3}, {link #1 : 4}, {link #2 : 5}, {link #3 : 0}, {link #4 : 1},
3 :  {link #0 : 4}, {link #1 : 5}, {link #2 : 0}, {link #3 : 1}, {link #4 : 2},
4 :  {link #0 : 5}, {link #1 : 0}, {link #2 : 1}, {link #3 : 2}, {link #4 : 3},
5 :  {link #0 : 0}, {link #1 : 1}, {link #2 : 2}, {link #3 : 3}, {link #4 : 4},
0 : local 98, cpu 10 {link #0 : g1 11}, {link #1 : g2 11}, {link #2 : g3 11}, {link #3 : g4 11}, {link #4 : g5 11},
1 : local 98, cpu 10 {link #0 : g2 11}, {link #1 : g3 11}, {link #2 : g4 11}, {link #3 : g5 11}, {link #4 : g0 11},
2 : local 98, cpu 10 {link #0 : g3 11}, {link #1 : g4 11}, {link #2 : g5 11}, {link #3 : g0 11}, {link #4 : g1 11},
3 : local 98, cpu 10 {link #0 : g4 11}, {link #1 : g5 11}, {link #2 : g0 11}, {link #3 : g1 11}, {link #4 : g2 11},
4 : local 98, cpu 10 {link #0 : g5 11}, {link #1 : g0 11}, {link #2 : g1 11}, {link #3 : g2 11}, {link #4 : g3 11},
5 : local 98, cpu 10 {link #0 : g0 11}, {link #1 : g1 11}, {link #2 : g2 11}, {link #3 : g3 11}, {link #4 : g4 11},
0 :  {link #0 : 1}, {link #1 : 2}, {link #2 : 3}, {link #3 : 4}, {link #4 : 5},
1 :  {link #0 : 2}, {link #1 : 3}, {link #2 : 4}, {link #3 : 5}, {link #4 : 0},
2 :  {link #0 : 3}, {link #1 : 4}, {link #2 : 5}, {link #3 : 0}, {link #4 : 1},
3 :  {link #0 : 4}, {link #1 : 5}, {link #2 : 0}, {link #3 : 1}, {link #4 : 2},
4 :  {link #0 : 5}, {link #1 : 0}, {link #2 : 1}, {link #3 : 2}, {link #4 : 3},
5 :  {link #0 : 0}, {link #1 : 1}, {link #2 : 2}, {link #3 : 3}, {link #4 : 4},
0 : local 98, cpu 10 {link #0 : g1 11}, {link #1 : g2 11}, {link #2 : g3 11}, {link #3 : g4 11}, {link #4 : g5 11},
1 : local 98, cpu 10 {link #0 : g2 11}, {link #1 : g3 11}, {link #2 : g4 11}, {link #3 : g5 11}, {link #4 : g0 11},
2 : local 98, cpu 10 {link #0 : g3 11}, {link #1 : g4 11}, {link #2 : g5 11}, {link #3 : g0 11}, {link #4 : g1 11},
3 : local 98, cpu 10 {link #0 : g4 11}, {link #1 : g5 11}, {link #2 : g0 11}, {link #3 : g1 11}, {link #4 : g2 11},
4 : local 98, cpu 10 {link #0 : g5 11}, {link #1 : g0 11}, {link #2 : g1 11}, {link #3 : g2 11}, {link #4 : g3 11},
5 : local 98, cpu 10 {link #0 : g0 11}, {link #1 : g1 11}, {link #2 : g2 11}, {link #3 : g3 11}, {link #4 : g4 11},
Set parameter WLSAccessID
Set parameter WLSSecret
Set parameter LicenseID
Set parameter TimeLimit to value 200
Set parameter MIPGap to value 0.05
Set parameter LogFile to value "cppsolver.log"
Set parameter Threads to value 40
Academic license - for non-commercial use only - registered to xiaoniu.sxn@sjtu.edu.cn
Gurobi Optimizer version 9.5.1 build v9.5.1rc2 (linux64)
Thread count: 56 physical cores, 112 logical processors, using up to 40 threads
Academic license - for non-commercial use only - registered to xiaoniu.sxn@sjtu.edu.cn
Optimize a model with 221022 rows, 43963 columns and 584544 nonzeros
Model fingerprint: 0x912009cd
Variable types: 7 continuous, 43956 integer (43956 binary)
Coefficient statistics:
  Matrix range     [2e-09, 1e+03]
  Objective range  [1e+00, 1e+00]
  Bounds range     [1e+00, 1e+00]
  RHS range        [1e+00, 2e+03]
Found heuristic solution: objective 8938.1086187
Presolve removed 178210 rows and 5 columns
Presolve time: 0.43s
Presolved: 42812 rows, 43958 columns, 207885 nonzeros
Variable types: 1 continuous, 43957 integer (43956 binary)

Deterministic concurrent LP optimizer: primal and dual simplex
Showing first log only...


Use crossover to convert LP symmetric solution to basic solution...
Concurrent spin time: 0.00s

Solved with dual simplex

Root relaxation: objective 2.203092e+02, 18954 iterations, 0.20 seconds (0.26 work units)

    Nodes    |    Current Node    |     Objective Bounds      |     Work
 Expl Unexpl |  Obj  Depth IntInf | Incumbent    BestBd   Gap | It/Node Time

     0     0  220.30923    0   56 8938.10862  220.30923  97.5%     -    0s
H    0     0                     220.3092325  220.30923  0.00%     -    1s
     0     0  220.30923    0   56  220.30923  220.30923  0.00%     -    1s

Explored 1 nodes (39274 simplex iterations) in 1.04 seconds (1.49 work units)
Thread count was 40 (of 112 available processors)

Solution count 2: 220.309 8938.11 

Optimal solution found (tolerance 5.00e-02)
Best objective 2.203092325390e+02, best bound 2.203092325390e+02, gap 0.0000%
coll_cache:optimal_local_rate=0.964936,0.960215,0.969264,0.96128,0.985762,0.974895,
coll_cache:optimal_remote_rate=0.0350643,0.0397852,0.0307361,0.03872,0.0142384,0.0251046,
coll_cache:optimal_cpu_rate=6.87037e-09,6.87037e-09,6.87037e-09,6.87037e-09,6.87037e-09,6.87037e-09,
z=220.309
test_result:init:feat_nbytes=375030526464
test_result:init:cache_nbytes=67880524800
test_result:init:feat_nbytes=375030526464
test_result:init:cache_nbytes=67880524800
test_result:init:feat_nbytes=375030526464
test_result:init:cache_nbytes=67880524800
test_result:init:feat_nbytes=375030526464
test_result:init:cache_nbytes=67880524800
test_result:init:feat_nbytes=375030526464
test_result:init:cache_nbytes=67880524800
test_result:init:feat_nbytes=375030526464
test_result:init:cache_nbytes=67880524800
0 :  {link #0 : 1}, {link #1 : 2}, {link #2 : 3}, {link #3 : 4}, {link #4 : 5},
1 :  {link #0 : 2}, {link #1 : 3}, {link #2 : 4}, {link #3 : 5}, {link #4 : 0},
2 :  {link #0 : 3}, {link #1 : 4}, {link #2 : 5}, {link #3 : 0}, {link #4 : 1},
3 :  {link #0 : 4}, {link #1 : 5}, {link #2 : 0}, {link #3 : 1}, {link #4 : 2},
4 :  {link #0 : 5}, {link #1 : 0}, {link #2 : 1}, {link #3 : 2}, {link #4 : 3},
5 :  {link #0 : 0}, {link #1 : 1}, {link #2 : 2}, {link #3 : 3}, {link #4 : 4},
0 : local 98, cpu 10 {link #0 : g1 11}, {link #1 : g2 11}, {link #2 : g3 11}, {link #3 : g4 11}, {link #4 : g5 11},
1 : local 98, cpu 10 {link #0 : g2 11}, {link #1 : g3 11}, {link #2 : g4 11}, {link #3 : g5 11}, {link #4 : g0 11},
2 : local 98, cpu 10 {link #0 : g3 11}, {link #1 : g4 11}, {link #2 : g5 11}, {link #3 : g0 11}, {link #4 : g1 11},
3 : local 98, cpu 10 {link #0 : g4 11}, {link #1 : g5 11}, {link #2 : g0 11}, {link #3 : g1 11}, {link #4 : g2 11},
4 : local 98, cpu 10 {link #0 : g5 11}, {link #1 : g0 11}, {link #2 : g1 11}, {link #3 : g2 11}, {link #4 : g3 11},
5 : local 98, cpu 10 {link #0 : g0 11}, {link #1 : g1 11}, {link #2 : g2 11}, {link #3 : g3 11}, {link #4 : g4 11},
0 :  {link #0 : 1}, {link #1 : 2}, {link #2 : 3}, {link #3 : 4}, {link #4 : 5},
1 :  {link #0 : 2}, {link #1 : 3}, {link #2 : 4}, {link #3 : 5}, {link #4 : 0},
2 :  {link #0 : 3}, {link #1 : 4}, {link #2 : 5}, {link #3 : 0}, {link #4 : 1},
3 :  {link #0 : 4}, {link #1 : 5}, {link #2 : 0}, {link #3 : 1}, {link #4 : 2},
4 :  {link #0 : 5}, {link #1 : 0}, {link #2 : 1}, {link #3 : 2}, {link #4 : 3},
5 :  {link #0 : 0}, {link #1 : 1}, {link #2 : 2}, {link #3 : 3}, {link #4 : 4},
0 : local 98, cpu 10 {link #0 : g1 11}, {link #1 : g2 11}, {link #2 : g3 11}, {link #3 : g4 11}, {link #4 : g5 11},
1 : local 98, cpu 10 {link #0 : g2 11}, {link #1 : g3 11}, {link #2 : g4 11}, {link #3 : g5 11}, {link #4 : g0 11},
2 : local 98, cpu 10 {link #0 : g3 11}, {link #1 : g4 11}, {link #2 : g5 11}, {link #3 : g0 11}, {link #4 : g1 11},
3 : local 98, cpu 10 {link #0 : g4 11}, {link #1 : g5 11}, {link #2 : g0 11}, {link #3 : g1 11}, {link #4 : g2 11},
4 : local 98, cpu 10 {link #0 : g5 11}, {link #1 : g0 11}, {link #2 : g1 11}, {link #3 : g2 11}, {link #4 : g3 11},
5 : local 98, cpu 10 {link #0 : g0 11}, {link #1 : g1 11}, {link #2 : g2 11}, {link #3 : g3 11}, {link #4 : g4 11},
0 :  {link #0 : 1}, {link #1 : 2}, {link #2 : 3}, {link #3 : 4}, {link #4 : 5},
1 :  {link #0 : 2}, {link #1 : 3}, {link #2 : 4}, {link #3 : 5}, {link #4 : 0},
2 :  {link #0 : 3}, {link #1 : 4}, {link #2 : 5}, {link #3 : 0}, {link #4 : 1},
3 :  {link #0 : 4}, {link #1 : 5}, {link #2 : 0}, {link #3 : 1}, {link #4 : 2},
4 :  {link #0 : 5}, {link #1 : 0}, {link #2 : 1}, {link #3 : 2}, {link #4 : 3},
5 :  {link #0 : 0}, {link #1 : 1}, {link #2 : 2}, {link #3 : 3}, {link #4 : 4},
0 :  {link #0 : 1}, {link #1 : 2}, {link #2 : 3}, {link #3 : 4}, {link #4 : 5},
1 :  {link #0 : 2}, {link #1 : 3}, {link #2 : 4}, {link #3 : 5}, {link #4 : 0},
2 :  {link #0 : 3}, {link #1 : 4}, {link #2 : 5}, {link #3 : 0}, {link #4 : 1},
3 :  {link #0 : 4}, {link #1 : 5}, {link #2 : 0}, {link #3 : 1}, {link #4 : 2},
4 :  {link #0 : 5}, {link #1 : 0}, {link #2 : 1}, {link #3 : 2}, {link #4 : 3},
5 :  {link #0 : 0}, {link #1 : 1}, {link #2 : 2}, {link #3 : 3}, {link #4 : 4},
0 : local 98, cpu 10 {link #0 : g1 11}, {link #1 : g2 11}, {link #2 : g3 11}, {link #3 : g4 11}, {link #4 : g5 11},
1 : local 98, cpu 10 {link #0 : g2 11}, {link #1 : g3 11}, {link #2 : g4 11}, {link #3 : g5 11}, {link #4 : g0 11},
2 : local 98, cpu 10 {link #0 : g3 11}, {link #1 : g4 11}, {link #2 : g5 11}, {link #3 : g0 11}, {link #4 : g1 11},
3 : local 98, cpu 10 {link #0 : g4 11}, {link #1 : g5 11}, {link #2 : g0 11}, {link #3 : g1 11}, {link #4 : g2 11},
4 : local 98, cpu 10 {link #0 : g5 11}, {link #1 : g0 11}, {link #2 : g1 11}, {link #3 : g2 11}, {link #4 : g3 11},
5 : local 98, cpu 10 {link #0 : g0 11}, {link #1 : g1 11}, {link #2 : g2 11}, {link #3 : g3 11}, {link #4 : g4 11},
0 : local 98, cpu 10 {link #0 : g1 11}, {link #1 : g2 11}, {link #2 : g3 11}, {link #3 : g4 11}, {link #4 : g5 11},
1 : local 98, cpu 10 {link #0 : g2 11}, {link #1 : g3 11}, {link #2 : g4 11}, {link #3 : g5 11}, {link #4 : g0 11},
2 : local 98, cpu 10 {link #0 : g3 11}, {link #1 : g4 11}, {link #2 : g5 11}, {link #3 : g0 11}, {link #4 : g1 11},
3 : local 98, cpu 10 {link #0 : g4 11}, {link #1 : g5 11}, {link #2 : g0 11}, {link #3 : g1 11}, {link #4 : g2 11},
4 : local 98, cpu 10 {link #0 : g5 11}, {link #1 : g0 11}, {link #2 : g1 11}, {link #3 : g2 11}, {link #4 : g3 11},
5 : local 98, cpu 10 {link #0 : g0 11}, {link #1 : g1 11}, {link #2 : g2 11}, {link #3 : g3 11}, {link #4 : g4 11},
0 :  {link #0 : 1}, {link #1 : 2}, {link #2 : 3}, {link #3 : 4}, {link #4 : 5},
1 :  {link #0 : 2}, {link #1 : 3}, {link #2 : 4}, {link #3 : 5}, {link #4 : 0},
2 :  {link #0 : 3}, {link #1 : 4}, {link #2 : 5}, {link #3 : 0}, {link #4 : 1},
3 :  {link #0 : 4}, {link #1 : 5}, {link #2 : 0}, {link #3 : 1}, {link #4 : 2},
4 :  {link #0 : 5}, {link #1 : 0}, {link #2 : 1}, {link #3 : 2}, {link #4 : 3},
5 :  {link #0 : 0}, {link #1 : 1}, {link #2 : 2}, {link #3 : 3}, {link #4 : 4},
0 : local 98, cpu 10 {link #0 : g1 11}, {link #1 : g2 11}, {link #2 : g3 11}, {link #3 : g4 11}, {link #4 : g5 11},
1 : local 98, cpu 10 {link #0 : g2 11}, {link #1 : g3 11}, {link #2 : g4 11}, {link #3 : g5 11}, {link #4 : g0 11},
2 : local 98, cpu 10 {link #0 : g3 11}, {link #1 : g4 11}, {link #2 : g5 11}, {link #3 : g0 11}, {link #4 : g1 11},
3 : local 98, cpu 10 {link #0 : g4 11}, {link #1 : g5 11}, {link #2 : g0 11}, {link #3 : g1 11}, {link #4 : g2 11},
4 : local 98, cpu 10 {link #0 : g5 11}, {link #1 : g0 11}, {link #2 : g1 11}, {link #3 : g2 11}, {link #4 : g3 11},
5 : local 98, cpu 10 {link #0 : g0 11}, {link #1 : g1 11}, {link #2 : g2 11}, {link #3 : g3 11}, {link #4 : g4 11},
0 :  {link #0 : 1}, {link #1 : 2}, {link #2 : 3}, {link #3 : 4}, {link #4 : 5},
1 :  {link #0 : 2}, {link #1 : 3}, {link #2 : 4}, {link #3 : 5}, {link #4 : 0},
2 :  {link #0 : 3}, {link #1 : 4}, {link #2 : 5}, {link #3 : 0}, {link #4 : 1},
3 :  {link #0 : 4}, {link #1 : 5}, {link #2 : 0}, {link #3 : 1}, {link #4 : 2},
4 :  {link #0 : 5}, {link #1 : 0}, {link #2 : 1}, {link #3 : 2}, {link #4 : 3},
5 :  {link #0 : 0}, {link #1 : 1}, {link #2 : 2}, {link #3 : 3}, {link #4 : 4},
0 : local 98, cpu 10 {link #0 : g1 11}, {link #1 : g2 11}, {link #2 : g3 11}, {link #3 : g4 11}, {link #4 : g5 11},
1 : local 98, cpu 10 {link #0 : g2 11}, {link #1 : g3 11}, {link #2 : g4 11}, {link #3 : g5 11}, {link #4 : g0 11},
2 : local 98, cpu 10 {link #0 : g3 11}, {link #1 : g4 11}, {link #2 : g5 11}, {link #3 : g0 11}, {link #4 : g1 11},
3 : local 98, cpu 10 {link #0 : g4 11}, {link #1 : g5 11}, {link #2 : g0 11}, {link #3 : g1 11}, {link #4 : g2 11},
4 : local 98, cpu 10 {link #0 : g5 11}, {link #1 : g0 11}, {link #2 : g1 11}, {link #3 : g2 11}, {link #4 : g3 11},
5 : local 98, cpu 10 {link #0 : g0 11}, {link #1 : g1 11}, {link #2 : g2 11}, {link #3 : g3 11}, {link #4 : g4 11},
test_result:init:cache_nbytes=0
test_result:init:cache_nbytes=0
test_result:init:cache_nbytes=0
test_result:init:cache_nbytes=0
test_result:init:cache_nbytes=0
test_result:init:cache_nbytes=0
[Train  Worker 4/6] Started with PID 13968(NVIDIA A100-SXM4-80GB)
[Train  Worker 4] run train for 4 epochs with 144 steps
[Train  Worker 4] Avg Epoch Time 0.4561 | Train Total Time(Profiler) 0.2904 | Copy Time 0.1637
[Train  Worker 1/6] Started with PID 13959(NVIDIA A100-SXM4-80GB)
[Train  Worker 1] run train for 4 epochs with 144 steps
[Train  Worker 1] Avg Epoch Time 0.4561 | Train Total Time(Profiler) 0.2905 | Copy Time 0.1638
[Train  Worker 0/6] Started with PID 13956(NVIDIA A100-SXM4-80GB)
[Train  Worker 0] run train for 4 epochs with 144 steps
Epoch 00000 | Epoch Time 2.3224 | Total Train Time(Profiler) 2.1108 | Copy Time 0.2084
Epoch 00001 | Epoch Time 0.4578 | Total Train Time(Profiler) 0.2922 | Copy Time 0.1639
Epoch 00002 | Epoch Time 0.4550 | Total Train Time(Profiler) 0.2910 | Copy Time 0.1622
Epoch 00003 | Epoch Time 0.4556 | Total Train Time(Profiler) 0.2920 | Copy Time 0.1618
[Train  Worker 0] Avg Epoch Time 0.4561 | Train Total Time(Profiler) 0.2917 | Copy Time 0.1627
[Train  Worker 2/6] Started with PID 13962(NVIDIA A100-SXM4-80GB)
[Train  Worker 2] run train for 4 epochs with 144 steps
[Train  Worker 2] Avg Epoch Time 0.4561 | Train Total Time(Profiler) 0.2907 | Copy Time 0.1636
[Train  Worker 3/6] Started with PID 13965(NVIDIA A100-SXM4-80GB)
[Train  Worker 3] run train for 4 epochs with 144 steps
[Train  Worker 3] Avg Epoch Time 0.4562 | Train Total Time(Profiler) 0.2916 | Copy Time 0.1628
[Train  Worker 5/6] Started with PID 13971(NVIDIA A100-SXM4-80GB)
[Train  Worker 5] run train for 4 epochs with 144 steps
[Train  Worker 5] Avg Epoch Time 0.4561 | Train Total Time(Profiler) 0.2910 | Copy Time 0.1631
[Sample Worker 1/2] Started with PID 13954(NVIDIA A100-SXM4-80GB)
[Sample Worker 1] run sample for 4 epochs with 72 steps
[Sample Worker 1] Avg Sample Total Time 0.1883 | Sampler Total Time(Profiler) 0.1877
    [Step(average) Profiler Level 1 E3 S71]
        L1  sample           0.001761 | send           0.000867
        L1  recv             0.001291 | copy           0.006806 | convert time 0.000295 | train  0.011834
        L1  feature nbytes    1.51 GB | label nbytes   62.50 KB
        L1  id nbytes      0.00 Bytes | graph nbytes   11.14 MB
        L1  miss nbytes      12.30 MB | remote nbytes   60.62 MB
        L1  num nodes         1052537 | num samples     1459986
    [Step(average) Profiler Level 2 E3 S71]
        L2  shuffle     0.000196 | core sample  0.000611 | id remap        0.000840
        L2  graph copy  0.000003 | id copy      0.000000 | cache feat copy 0.005511
        L2  last layer sample time 0.000287 | size 65744.002786
    [Step(average) Profiler Level 3 E3 S71]
        L3  khop sample coo  0.000350 | khop sort coo      0.000000 | khop count edge     0.000038 | khop compact edge 0.000186
        L3  walk sample coo  0.000000 | walk topk total    0.000000 | walk topk step1     0.000000 | walk topk step2   0.000000
        L3  walk topk step3  0.000000 | walk topk step4    0.000000 | walk topk step5     0.000000
        L3  walk topk step6  0.000000 | walk topk step7    0.000000
        L3  remap unique     0.000000 | remap populate     0.000676 | remap mapnode       0.000000 | remap mapedge     0.000165
        L3  cache get_index  0.000330 | cache copy_index   0.000000 | cache extract_miss  0.000000
        L3  cache copy_miss  0.000000 | cache combine_miss 0.002101 | cache combine cache 0.003182 | cache combine remote 0.001465
        L3  label extract  0.000175
    [Init Profiler Level 1]
        L1  init     8.3162 | sampler init     8.0635 | trainer init 0.0000
    [Init Profiler Level 2]
        L2  load ds        10.3526 | init queue           2.3145
        L2  presample       1.9775 | build interal ds     1.7332
        L2  build cache     0.0000
    [Init Profiler Level 3]
        L3  load dataset: mmap     8.3138 | copy         2.0388
        L3  dist queue: alloc      0.0014 | pin          2.3132 | push     0.0000
        L3  presample: init        0.2858
        L3  presample: sample      0.4553 | copy         0.0493
        L3  presample: count       0.3461 | sort         0.4698
        L3  presample: reset       0.0004 | get rank     0.0364
        L3  internal: cuda ctx     1.5347 | cuda stream     0.1951
[Sample Worker 0/2] Started with PID 13953(NVIDIA A100-SXM4-80GB)
[Sample Worker 0] run sample for 4 epochs with 72 steps
[Sample Worker 0] Avg Sample Total Time 0.1878 | Sampler Total Time(Profiler) 0.1871
test_result:sample_time=0.1257
test_result:get_cache_miss_index_time=0.0000
test_result:enqueue_samples_time=0.0614
test_result:epoch_time:sample_total=0.1878
[CUDA] cuda0: usage: 75.75 GB
[SAM] cuda0 data alloc        : 0.00 Bytes
[SAM] cuda0 workspace         : 3.33 GB
[SAM] cuda0 workspace reserve : 1.65 GB
[SAM] cuda0 total             : 3.33 GB
    [Step(average) Profiler Level 1 E3 S143]
        L1  sample           0.001747 | send           0.000856
        L1  recv             0.001293 | copy           0.006803 | convert time 0.000297 | train  0.011829
        L1  feature nbytes    1.51 GB | label nbytes   62.50 KB
        L1  id nbytes      0.00 Bytes | graph nbytes   11.14 MB
        L1  miss nbytes      12.31 MB | remote nbytes   60.57 MB
        L1  num nodes         1052562 | num samples     1460033
        L1  seq duration     0.000000 | refresh duration 258635603891673578032499465471040368692917689553174382624255442899804235057945098996725259703462428934340533923706672323218496852159962373383961948407597700743168.000000
    [Step(average) Profiler Level 2 E3 S143]
        L2  shuffle     0.000196 | core sample  0.000604 | id remap        0.000833
        L2  graph copy  0.000003 | id copy      0.000000 | cache feat copy 0.005507
        L2  last layer sample time 0.000284 | size 65746.162413
    [Step(average) Profiler Level 3 E3 S143]
        L3  khop sample coo  0.000347 | khop sort coo      0.000000 | khop count edge     0.000037 | khop compact edge 0.000184
        L3  walk sample coo  0.000000 | walk topk total    0.000000 | walk topk step1     0.000000 | walk topk step2   0.000000
        L3  walk topk step3  0.000000 | walk topk step4    0.000000 | walk topk step5     0.000000
        L3  walk topk step6  0.000000 | walk topk step7    0.000000
        L3  remap unique     0.000000 | remap populate     0.000669 | remap mapnode       0.000000 | remap mapedge     0.000163
        L3  cache get_index  0.000330 | cache copy_index   0.000000 | cache extract_miss  0.000000
        L3  cache copy_miss  0.000000 | cache combine_miss 0.002104 | cache combine cache 0.003183 | cache combine remote 0.001463
        L3  label extract  0.000175
    [Init Profiler Level 1]
        L1  init     8.3162 | sampler init     0.0000 | trainer init 33.6557
    [Init Profiler Level 2]
        L2  load ds         8.3138 | init queue           2.2939
        L2  presample       0.0000 | build interal ds     1.4784
        L2  build cache    29.8813
    [Init Profiler Level 3]
        L3  load dataset: mmap     8.3138 | copy         0.0000
        L3  dist queue: alloc      0.0014 | pin          2.2925 | push     0.0000
        L3  presample: init        0.0000
        L3  presample: sample      0.0000 | copy         0.0000
        L3  presample: count       0.0000 | sort         0.0000
        L3  presample: reset       0.0000 | get rank     0.0000
        L3  internal: cuda ctx     1.4784 | cuda stream     0.0000
|===========================================================================|
|                  PyTorch CUDA memory summary, device ID 0                 |
|---------------------------------------------------------------------------|
|            CUDA OOMs: 0            |        cudaMalloc retries: 0         |
|===========================================================================|
|        Metric         | Cur Usage  | Peak Usage | Tot Alloc  | Tot Freed  |
|---------------------------------------------------------------------------|
| Allocated memory      |   42540 KB |  731657 KB |  207560 MB |  207518 MB |
|       from large pool |   32893 KB |  728624 KB |  206122 MB |  206090 MB |
|       from small pool |    9647 KB |   11957 KB |    1437 MB |    1428 MB |
|---------------------------------------------------------------------------|
| Active memory         |   42540 KB |  731657 KB |  207560 MB |  207518 MB |
|       from large pool |   32893 KB |  728624 KB |  206122 MB |  206090 MB |
|       from small pool |    9647 KB |   11957 KB |    1437 MB |    1428 MB |
|---------------------------------------------------------------------------|
| GPU reserved memory   |     880 MB |     880 MB |     880 MB |       0 B  |
|       from large pool |     864 MB |     864 MB |     864 MB |       0 B  |
|       from small pool |      16 MB |      16 MB |      16 MB |       0 B  |
|---------------------------------------------------------------------------|
| Non-releasable memory |   14803 KB |  648107 KB |  149000 MB |  148986 MB |
|       from large pool |   12163 KB |  644040 KB |  147474 MB |  147462 MB |
|       from small pool |    2640 KB |    5986 KB |    1525 MB |    1523 MB |
|---------------------------------------------------------------------------|
| Allocations           |      42    |      57    |   11560    |   11518    |
|       from large pool |       7    |      18    |    4995    |    4988    |
|       from small pool |      35    |      41    |    6565    |    6530    |
|---------------------------------------------------------------------------|
| Active allocs         |      43    |      57    |   11560    |   11517    |
|       from large pool |       7    |      18    |    4995    |    4988    |
|       from small pool |      36    |      41    |    6565    |    6529    |
|---------------------------------------------------------------------------|
| GPU reserved segments |      18    |      18    |      18    |       0    |
|       from large pool |      10    |      10    |      10    |       0    |
|       from small pool |       8    |       8    |       8    |       0    |
|---------------------------------------------------------------------------|
| Non-releasable allocs |      17    |      29    |    5508    |    5491    |
|       from large pool |       4    |      13    |    3311    |    3307    |
|       from small pool |      13    |      20    |    2197    |    2184    |
|---------------------------------------------------------------------------|
| Oversize allocations  |       0    |       0    |       0    |       0    |
|---------------------------------------------------------------------------|
| Oversize GPU segments |       0    |       0    |       0    |       0    |
|===========================================================================|

test_result:epoch_time:copy_time=0.1627
test_result:convert_time=0.0069
test_result:train_time=0.2848
test_result:epoch_time:train_total=0.2917
test_result:cache_percentage=0.1800
test_result:cache_hit_rate=1.0000
test_result:run_time=4.4681

