[2022-12-05 20:18:20.421656: W /samgraph/samgraph/common/cpu/mmap_cpu_device.cc:92] mmap allocating space 12.87 GB
[2022-12-05 20:18:20.421774: W /samgraph/samgraph/common/cpu/mmap_cpu_device.cc:97] mmap allocating space 12.87 GB done
[2022-12-05 20:18:30.615007: W /samgraph/samgraph/common/cpu/mmap_cpu_device.cc:92] mmap allocating space 349.28 GB
[2022-12-05 20:18:30.615132: W /samgraph/samgraph/common/cpu/mmap_cpu_device.cc:97] mmap allocating space 349.28 GB done
[2022-12-05 20:18:30.615176: W /samgraph/samgraph/common/cpu/mmap_cpu_device.cc:92] mmap allocating space 1.82 GB
[2022-12-05 20:18:30.615210: W /samgraph/samgraph/common/cpu/mmap_cpu_device.cc:97] mmap allocating space 1.82 GB done
[2022-12-05 20:18:30.623108: W /samgraph/samgraph/common/cpu/mmap_cpu_device.cc:92] mmap allocating space 9.64 GB
[2022-12-05 20:18:30.623161: W /samgraph/samgraph/common/cpu/mmap_cpu_device.cc:97] mmap allocating space 9.64 GB done
/usr/lib/python3/dist-packages/requests/__init__.py:89: RequestsDependencyWarning: urllib3 (1.26.12) or chardet (3.0.4) doesn't match a supported version!
  warnings.warn("urllib3 ({}) or chardet ({}) doesn't match a supported "
[2022-12-05 20:18:30.691750: W /samgraph/samgraph/common/dist/dist_engine.cc:662] Trainer[1] initializing...
[2022-12-05 20:18:30.812237: W /samgraph/samgraph/common/dist/dist_engine.cc:662] Trainer[0] initializing...
[2022-12-05 20:18:30.847654: W /samgraph/samgraph/common/dist/dist_engine.cc:662] Trainer[2] initializing...
[2022-12-05 20:18:32.520636: W /samgraph/samgraph/common/dist/dist_engine.cc:666] Trainer[0] pin memory queue...
[2022-12-05 20:18:32.520779: W /samgraph/samgraph/common/dist/dist_engine.cc:666] Trainer[2] pin memory queue...
[2022-12-05 20:18:32.520851: W /samgraph/samgraph/common/dist/dist_engine.cc:666] Trainer[1] pin memory queue...
[2022-12-05 20:18:35.900381: E /samgraph/samgraph/common/dist/dist_engine.cc:85] Running on V100
[2022-12-05 20:18:35.900468: E /samgraph/samgraph/common/dist/dist_engine.cc:85] Running on V100
[2022-12-05 20:18:35.900558: W /samgraph/samgraph/common/dist/dist_engine.cc:701] Trainer[1] register host memory...
[2022-12-05 20:18:35.900655: W /samgraph/samgraph/common/dist/dist_engine.cc:701] Trainer[0] register host memory...
[2022-12-05 20:18:35.900904: E /samgraph/samgraph/common/dist/dist_engine.cc:85] Running on V100
[2022-12-05 20:18:35.901012: W /samgraph/samgraph/common/dist/dist_engine.cc:701] Trainer[2] register host memory...
[2022-12-05 20:18:36.272968: E /samgraph/samgraph/common/dist/dist_engine.cc:85] Running on V100
[2022-12-05 20:18:36.277172: W /samgraph/samgraph/common/cuda/cuda_device.cc:49] GPU[3] alloc cuda memory 931.40 MB
[2022-12-05 20:18:36.503481: W /samgraph/samgraph/common/cuda/cuda_device.cc:49] GPU[3] alloc cuda memory 12.87 GB
[2022-12-05 20:18:39.501921: W /samgraph/samgraph/common/cuda/cuda_device.cc:49] GPU[3] alloc cuda memory 128.00 MB
[2022-12-05 20:18:39.505564: E /samgraph/samgraph/common/dist/pre_sampler.cc:41] Dist Presampler making shuffler...
[2022-12-05 20:18:39.508784: E /samgraph/samgraph/common/dist/pre_sampler.cc:44] Dist Presampler making shuffler...Done
[2022-12-05 20:18:39.508831: W /samgraph/samgraph/common/cpu/cpu_device.cc:39] WORKER[0] alloc host memory 1.82 GB
[2022-12-05 20:18:40.157019: E /samgraph/samgraph/common/dist/pre_sampler.cc:85] Dist Presampler doing presample epoch 0
[2022-12-05 20:18:41.277285: E /samgraph/samgraph/common/dist/pre_sampler.cc:129] presample spend 0.665966 on sample, 0.048494 on copy, 0.404241 on count
[2022-12-05 20:18:41.277401: E /samgraph/samgraph/common/dist/pre_sampler.cc:85] Dist Presampler doing presample epoch 1
[2022-12-05 20:18:42.467359: E /samgraph/samgraph/common/dist/pre_sampler.cc:129] presample spend 1.32407 on sample, 0.0949011 on copy, 0.888181 on count
[2022-12-05 20:18:42.467483: E /samgraph/samgraph/common/dist/pre_sampler.cc:136] max_num_inputs = 1066528, min_num_inputs = 1032649
[2022-12-05 20:18:43. 29177: E /samgraph/samgraph/common/dist/pre_sampler.cc:148] presample spend 0.561568 on sort freq.
[2022-12-05 20:18:43.736317: E /samgraph/samgraph/common/dist/dist_engine.cc:524] pre sample done, delete it
[2022-12-05 20:18:43.[[8021202022-12-05 20:18:432022-12-05 20:18:43: ..W802130 802141: /samgraph/samgraph/common/dist/dist_engine.cc: W:W711  ] /samgraph/samgraph/common/dist/dist_engine.cc/samgraph/samgraph/common/dist/dist_engine.cc:Trainer[1] building cache...:711
711] ] Trainer[0] building cache...Trainer[2] building cache...

[2022-12-05 20:18:43.804016[: 2022-12-05 20:18:43E. 804027/samgraph/3rdparty/collcachelib/coll_cache_lib/coll_cache/asymm_link_desc.cc: :E196 ] /samgraph/3rdparty/collcachelib/coll_cache_lib/coll_cache/asymm_link_desc.ccbuild symm link desc with 3X Tesla V100-SXM2-16GB out of 4:
196] build symm link desc with 3X Tesla V100-SXM2-16GB out of 4
[2022-12-05 20:18:43.[8040872022-12-05 20:18:43: .E804092 : /samgraph/3rdparty/collcachelib/coll_cache_lib/coll_cache/asymm_link_desc.ccE: 197/samgraph/3rdparty/collcachelib/coll_cache_lib/coll_cache/asymm_link_desc.cc] :remote time is 8.68421197
] remote time is 8.68421
[2022-12-05 20:18:43.[8041362022-12-05 20:18:43: .E804141 : /samgraph/3rdparty/collcachelib/coll_cache_lib/coll_cache/asymm_link_desc.ccE: 198/samgraph/3rdparty/collcachelib/coll_cache_lib/coll_cache/asymm_link_desc.cc] :cpu time is 30198
] cpu time is 30
[2022-12-05 20:18:43.804220: E /samgraph/3rdparty/collcachelib/coll_cache_lib/coll_cache/asymm_link_desc.cc:196] build symm link desc with 3X Tesla V100-SXM2-16GB out of 4
[2022-12-05 20:18:43.804343: E /samgraph/3rdparty/collcachelib/coll_cache_lib/coll_cache/asymm_link_desc.cc:197] remote time is 8.68421
[2022-12-05 20:18:43.804421: E /samgraph/3rdparty/collcachelib/coll_cache_lib/coll_cache/asymm_link_desc.cc:198] cpu time is 30
[2022-12-05 20:21:06.659905: E /samgraph/samgraph/common/operation.cc:571] detect an abnormal terminated child, signal is Killed
