[2022-12-05 20:26:06.486667: W /samgraph/samgraph/common/cpu/mmap_cpu_device.cc:92] mmap allocating space 12.87 GB
[2022-12-05 20:26:06.486786: W /samgraph/samgraph/common/cpu/mmap_cpu_device.cc:97] mmap allocating space 12.87 GB done
[2022-12-05 20:26:16.609285: W /samgraph/samgraph/common/cpu/mmap_cpu_device.cc:92] mmap allocating space 349.28 GB
[2022-12-05 20:26:16.609397: W /samgraph/samgraph/common/cpu/mmap_cpu_device.cc:97] mmap allocating space 349.28 GB done
[2022-12-05 20:26:16.609440: W /samgraph/samgraph/common/cpu/mmap_cpu_device.cc:92] mmap allocating space 1.82 GB
[2022-12-05 20:26:16.609472: W /samgraph/samgraph/common/cpu/mmap_cpu_device.cc:97] mmap allocating space 1.82 GB done
[2022-12-05 20:26:16.617379: W /samgraph/samgraph/common/cpu/mmap_cpu_device.cc:92] mmap allocating space 9.64 GB
[2022-12-05 20:26:16.617428: W /samgraph/samgraph/common/cpu/mmap_cpu_device.cc:97] mmap allocating space 9.64 GB done
/usr/lib/python3/dist-packages/requests/__init__.py:89: RequestsDependencyWarning: urllib3 (1.26.12) or chardet (3.0.4) doesn't match a supported version!
  warnings.warn("urllib3 ({}) or chardet ({}) doesn't match a supported "
[[2022-12-05 20:26:16.6843172022-12-05 20:26:16: .W684316 : /samgraph/samgraph/common/dist/dist_engine.ccW: 662/samgraph/samgraph/common/dist/dist_engine.cc] :Trainer[2] initializing...662
] Trainer[0] initializing...
[2022-12-05 20:26:16.799208: W /samgraph/samgraph/common/dist/dist_engine.cc:662] Trainer[1] initializing...
[2022-12-05 20:26:18.565599: W[ [2022-12-05 20:26:18/samgraph/samgraph/common/dist/dist_engine.cc2022-12-05 20:26:18.:.565643666565657: ] : WTrainer[2] pin memory queue...W 
 /samgraph/samgraph/common/dist/dist_engine.cc/samgraph/samgraph/common/dist/dist_engine.cc::666666] ] Trainer[0] pin memory queue...Trainer[1] pin memory queue...

[[2022-12-05 20:26:212022-12-05 20:26:21.[.8395862022-12-05 20:26:21839610: .: E839640E :  /samgraph/samgraph/common/dist/dist_engine.ccE/samgraph/samgraph/common/dist/dist_engine.cc: :85/samgraph/samgraph/common/dist/dist_engine.cc85] :] Running on V10085Running on V100
] 
Running on V100
[2022-12-05 20:26:21.840061: W [/samgraph/samgraph/common/dist/dist_engine.cc2022-12-05 20:26:21:.701840074] : Trainer[0] register host memory...[W
2022-12-05 20:26:21 ./samgraph/samgraph/common/dist/dist_engine.cc840089:: 701W]  Trainer[1] register host memory.../samgraph/samgraph/common/dist/dist_engine.cc
:701] Trainer[2] register host memory...
[2022-12-05 20:26:22.239669: E /samgraph/samgraph/common/dist/dist_engine.cc:85] Running on V100
[2022-12-05 20:26:22.244044: W /samgraph/samgraph/common/cuda/cuda_device.cc:49] GPU[3] alloc cuda memory 931.40 MB
[2022-12-05 20:26:22.408938: W /samgraph/samgraph/common/cuda/cuda_device.cc:49] GPU[3] alloc cuda memory 12.87 GB
[2022-12-05 20:26:24.557232: W /samgraph/samgraph/common/cuda/cuda_device.cc:49] GPU[3] alloc cuda memory 128.00 MB
[2022-12-05 20:26:24.560873: E /samgraph/samgraph/common/dist/pre_sampler.cc:41] Dist Presampler making shuffler...
[2022-12-05 20:26:24.564075: E /samgraph/samgraph/common/dist/pre_sampler.cc:44] Dist Presampler making shuffler...Done
[2022-12-05 20:26:24.564121: W /samgraph/samgraph/common/cpu/cpu_device.cc:39] WORKER[0] alloc host memory 1.82 GB
[2022-12-05 20:26:25.210540: E /samgraph/samgraph/common/dist/pre_sampler.cc:85] Dist Presampler doing presample epoch 0
[2022-12-05 20:26:26.408762: E /samgraph/samgraph/common/dist/pre_sampler.cc:129] presample spend 0.666366 on sample, 0.048567 on copy, 0.481649 on count
[2022-12-05 20:26:26.408944: E /samgraph/samgraph/common/dist/pre_sampler.cc:85] Dist Presampler doing presample epoch 1
[2022-12-05 20:26:27.653211: E /samgraph/samgraph/common/dist/pre_sampler.cc:129] presample spend 1.33434 on sample, 0.0950207 on copy, 1.01005 on count
[2022-12-05 20:26:27.653335: E /samgraph/samgraph/common/dist/pre_sampler.cc:136] max_num_inputs = 1066676, min_num_inputs = 1039123
[2022-12-05 20:26:28.249980: E /samgraph/samgraph/common/dist/pre_sampler.cc:148] presample spend 0.596537 on sort freq.
[2022-12-05 20:26:28.982944: E /samgraph/samgraph/common/dist/dist_engine.cc:524] pre sample done, delete it
[[[2022-12-05 20:26:292022-12-05 20:26:29.2022-12-05 20:26:29. 40641. 40635:  40639: W: W W /samgraph/samgraph/common/dist/dist_engine.cc/samgraph/samgraph/common/dist/dist_engine.cc ::/samgraph/samgraph/common/dist/dist_engine.cc711711:] ] 711Trainer[0] building cache...Trainer[1] building cache...] 
Trainer[2] building cache...

[2022-12-05 20:26:29. 42314: E /samgraph/3rdparty/collcachelib/coll_cache_lib/coll_cache/asymm_link_desc.cc:196] build symm link desc with 3X Tesla V100-SXM2-16GB out of 4
[2022-12-05 20:26:29. 42366: E /samgraph/3rdparty/collcachelib/coll_cache_lib/coll_cache/asymm_link_desc.cc:197] remote time is 8.68421
[2022-12-05 20:26:29. 42394: E /samgraph/3rdparty/collcachelib/coll_cache_lib/coll_cache/asymm_link_desc.cc:198] cpu time is 30
[2022-12-05 20:26:29. 42755: E /samgraph/3rdparty/collcachelib/coll_cache_lib/coll_cache/asymm_link_desc.cc[:2022-12-05 20:26:29196.]  42796build symm link desc with 3X Tesla V100-SXM2-16GB out of 4: 
E /samgraph/3rdparty/collcachelib/coll_cache_lib/coll_cache/asymm_link_desc.cc:196] [build symm link desc with 3X Tesla V100-SXM2-16GB out of 42022-12-05 20:26:29
. 42890: E [/samgraph/3rdparty/collcachelib/coll_cache_lib/coll_cache/asymm_link_desc.cc2022-12-05 20:26:29:.197 42934] : remote time is 8.68421E
 /samgraph/3rdparty/collcachelib/coll_cache_lib/coll_cache/asymm_link_desc.cc:197[] 2022-12-05 20:26:29remote time is 8.68421.
 43000: E [/samgraph/3rdparty/collcachelib/coll_cache_lib/coll_cache/asymm_link_desc.cc2022-12-05 20:26:29:.198 43043] : cpu time is 30E
 /samgraph/3rdparty/collcachelib/coll_cache_lib/coll_cache/asymm_link_desc.cc:198] cpu time is 30
[2022-12-05 20:29:39.114360: E /samgraph/samgraph/common/operation.cc:571] detect an abnormal terminated child, signal is Killed
