config:eval_tsp="2022-12-05 18:43:45"
config:arch=arch5
config:num_train_worker=3
config:num_sample_worker=1
config:sample_type=khop2
config:root_path=/nvme/graph-learning-copy/samgraph/
config:dataset=com-friendster
config:pipeline=False
config:cache_policy=rep
config:cache_percentage=0.04
config:num_epoch=4
config:batch_size=8000
config:num_hidden=256
config:max_sampling_jobs=1
config:max_copying_jobs=1
config:barriered_epoch=1
config:presample_epoch=2
config:omp_thread_num=13
config:unsupervised=False
config:amp=True
config:rolling=0
config:fanout=[25, 10]
config:lr=0.003
config:dropout=0.5
config:single_gpu=False
config:max_num_step=100000
config:validate_configs=False
config:report_acc=0
config:dataset_path=/nvme/graph-learning-copy/samgraph/com-friendster
config:torch_thread_num=13
config:train_workers=['cuda:0', 'cuda:1', 'cuda:2']
config:sample_workers=['cuda:3']
config:num_fanout=2
config:num_layer=2
config:_run_mode=RunMode.FGNN
config:_log_level=warn
config:_profile_level=3
config:_empty_feat=0
config:_arch=5
config:_sample_type=5
config:_cache_policy=12
test_result:init:input_scale_factor=1.1
0 :  {link #0 : 1}, {link #1 : 2},
1 :  {link #0 : 2}, {link #1 : 0},
2 :  {link #0 : 0}, {link #1 : 1},
0 :  {link #0 : 1}, {link #1 : 2},
1 :  {link #0 : 2}, {link #1 : 0},
2 :  {link #0 : 0}, {link #1 : 1},
0 :  {link #0 : 1}, {link #1 : 2},
1 :  {link #0 : 2}, {link #1 : 0},
2 :  {link #0 : 0}, {link #1 : 1},
coll_cache:optimal_rep_storage=0.04
coll_cache:optimal_part_storage=0
coll_cache:optimal_cpu_storage=0.96
coll_cache:optimal_local_storage=0.04
coll_cache:optimal_remote_storage=0
coll_cache:optimal_local_rate=0.333775
coll_cache:optimal_remote_rate=0
coll_cache:optimal_cpu_rate=0.666225
z=9206.38
test_result:init:feat_nbytes=67182966784
test_result:init:cache_nbytes=2687318016
test_result:init:feat_nbytes=67182966784
test_result:init:cache_nbytes=2687318016
0 :  {link #0 : 1}, {link #1 : 2},
1 :  {link #0 : 2}, {link #1 : 0},
2 :  {link #0 : 0}, {link #1 : 1},
0 :  {link #0 : 1}, {link #1 : 2},
1 :  {link #0 : 2}, {link #1 : 0},
2 :  {link #0 : 0}, {link #1 : 1},
test_result:init:feat_nbytes=67182966784
test_result:init:cache_nbytes=2687318016
0 :  {link #0 : 1}, {link #1 : 2},
1 :  {link #0 : 2}, {link #1 : 0},
2 :  {link #0 : 0}, {link #1 : 1},
coll_cache:optimal_rep_storage=0.04
coll_cache:optimal_part_storage=0
coll_cache:optimal_cpu_storage=0.96
coll_cache:optimal_local_storage=0.04
coll_cache:optimal_remote_storage=0
coll_cache:optimal_local_rate=0.333775
coll_cache:optimal_remote_rate=0
coll_cache:optimal_cpu_rate=0.666225
z=9206.38
test_result:init:cache_nbytes=0
test_result:init:cache_nbytes=0
test_result:init:cache_nbytes=0
[Train  Worker 2/3] Started with PID 148049(Tesla V100-SXM2-16GB)
[Train  Worker 2] run train for 4 epochs with 126 steps
[Train  Worker 2] Avg Epoch Time 3.3235 | Train Total Time(Profiler) 0.4013 | Copy Time 2.9179
[Train  Worker 1/3] Started with PID 148048(Tesla V100-SXM2-16GB)
[Train  Worker 1] run train for 4 epochs with 126 steps
[Train  Worker 1] Avg Epoch Time 3.3235 | Train Total Time(Profiler) 0.3939 | Copy Time 2.9255
[Train  Worker 0/3] Started with PID 148046(Tesla V100-SXM2-16GB)
[Train  Worker 0] run train for 4 epochs with 126 steps
Epoch 00000 | Epoch Time 4.4515 | Total Train Time(Profiler) 1.4951 | Copy Time 2.9508
Epoch 00001 | Epoch Time 3.3275 | Total Train Time(Profiler) 0.3994 | Copy Time 2.9227
Epoch 00002 | Epoch Time 3.3193 | Total Train Time(Profiler) 0.3922 | Copy Time 2.9222
Epoch 00003 | Epoch Time 3.3228 | Total Train Time(Profiler) 0.3993 | Copy Time 2.9181
[Train  Worker 0] Avg Epoch Time 3.3232 | Train Total Time(Profiler) 0.3970 | Copy Time 2.9210
    [Step(average) Profiler Level 1 E3 S125]
        L1  sample           0.005299 | send           0.001200
        L1  recv             0.000000 | copy           0.000000 | convert time 0.000000 | train  0.000000
        L1  feature nbytes 0.00 Bytes | label nbytes 0.00 Bytes
        L1  id nbytes      0.00 Bytes | graph nbytes 0.00 Bytes
        L1  miss nbytes    0.00 Bytes | remote nbytes 0.00 Bytes
        L1  num nodes         1188778 | num samples     1335208
    [Step(average) Profiler Level 2 E3 S125]
        L2  shuffle     0.000302 | core sample  0.001628 | id remap        0.003270
        L2  graph copy  0.000000 | id copy      0.000000 | cache feat copy 0.000000
        L2  last layer sample time 0.000289 | size 58917.605820
    [Step(average) Profiler Level 3 E3 S125]
        L3  khop sample coo  0.001344 | khop sort coo      0.000000 | khop count edge     0.000037 | khop compact edge 0.000208
        L3  walk sample coo  0.000000 | walk topk total    0.000000 | walk topk step1     0.000000 | walk topk step2   0.000000
        L3  walk topk step3  0.000000 | walk topk step4    0.000000 | walk topk step5     0.000000
        L3  walk topk step6  0.000000 | walk topk step7    0.000000
        L3  remap unique     0.000000 | remap populate     0.002804 | remap mapnode       0.000000 | remap mapedge     0.000465
        L3  cache get_index  0.000000 | cache copy_index   0.000000 | cache extract_miss  0.000000
        L3  cache copy_miss  0.000000 | cache combine_miss 0.000000 | cache combine cache 0.000000 | cache combine remote 0.000000
        L3  label extract  0.000000
    [Init Profiler Level 1]
        L1  init     5.7853 | sampler init    11.0657 | trainer init 0.0000
    [Init Profiler Level 2]
        L2  load ds         9.1750 | init queue           2.8090
        L2  presample       3.0881 | build interal ds     1.7753
        L2  build cache     0.0000
    [Init Profiler Level 3]
        L3  load dataset: mmap     5.7812 | copy         3.3938
        L3  dist queue: alloc      0.0018 | pin          2.8073 | push     0.0000
        L3  presample: init        0.1760
        L3  presample: sample      1.3220 | copy         0.0951
        L3  presample: count       1.0736 | sort         0.1886
        L3  presample: reset       0.0007 | get rank     0.0267
        L3  internal: cuda ctx     1.5334 | cuda stream     0.2374
[Sample Worker 0/1] Started with PID 148045(Tesla V100-SXM2-16GB)
[Sample Worker 0] run sample for 4 epochs with 126 steps
[Sample Worker 0] Avg Sample Total Time 0.8201 | Sampler Total Time(Profiler) 0.8189
test_result:sample_time=0.6677
test_result:get_cache_miss_index_time=0.0000
test_result:enqueue_samples_time=0.1512
test_result:epoch_time:sample_total=0.8201
[CUDA] cuda0: usage: 9.64 GB
[SAM] cuda0 data alloc        : 0.00 Bytes
[SAM] cuda0 workspace         : 2.55 GB
[SAM] cuda0 workspace reserve : 1.27 GB
[SAM] cuda0 total             : 2.55 GB
    [Step(average) Profiler Level 1 E3 S125]
        L1  sample           0.000000 | send           0.000000
        L1  recv             0.001355 | copy           0.069558 | convert time 0.000403 | train  0.009059
        L1  feature nbytes    1.13 GB | label nbytes   62.50 KB
        L1  id nbytes      0.00 Bytes | graph nbytes 0.00 Bytes
        L1  miss nbytes     788.20 MB | remote nbytes 0.00 Bytes
        L1  num nodes               0 | num samples           0
    [Step(average) Profiler Level 2 E3 S125]
        L2  shuffle     0.000000 | core sample  0.000000 | id remap        0.000000
        L2  graph copy  0.000003 | id copy      0.000000 | cache feat copy 0.068200
        L2  last layer sample time 0.000000 | size 0.000000
    [Step(average) Profiler Level 3 E3 S125]
        L3  khop sample coo  0.000000 | khop sort coo      0.000000 | khop count edge     0.000000 | khop compact edge 0.000000
        L3  walk sample coo  0.000000 | walk topk total    0.000000 | walk topk step1     0.000000 | walk topk step2   0.000000
        L3  walk topk step3  0.000000 | walk topk step4    0.000000 | walk topk step5     0.000000
        L3  walk topk step6  0.000000 | walk topk step7    0.000000
        L3  remap unique     0.000000 | remap populate     0.000000 | remap mapnode       0.000000 | remap mapedge     0.000000
        L3  cache get_index  0.000751 | cache copy_index   0.000000 | cache extract_miss  0.000000
        L3  cache copy_miss  0.000000 | cache combine_miss 0.067267 | cache combine cache 0.001178 | cache combine remote 0.000000
        L3  label extract  0.000169
    [Init Profiler Level 1]
        L1  init     5.7853 | sampler init     0.0000 | trainer init 37.9751
    [Init Profiler Level 2]
        L2  load ds         5.7812 | init queue           2.8133
        L2  presample       0.0000 | build interal ds     1.4078
        L2  build cache    33.7506
    [Init Profiler Level 3]
        L3  load dataset: mmap     5.7812 | copy         0.0000
        L3  dist queue: alloc      0.0018 | pin          2.8115 | push     0.0000
        L3  presample: init        0.0000
        L3  presample: sample      0.0000 | copy         0.0000
        L3  presample: count       0.0000 | sort         0.0000
        L3  presample: reset       0.0000 | get rank     0.0000
        L3  internal: cuda ctx     1.4077 | cuda stream     0.0001
|===========================================================================|
|                  PyTorch CUDA memory summary, device ID 0                 |
|---------------------------------------------------------------------------|
|            CUDA OOMs: 0            |        cudaMalloc retries: 0         |
|===========================================================================|
|        Metric         | Cur Usage  | Peak Usage | Tot Alloc  | Tot Freed  |
|---------------------------------------------------------------------------|
| Allocated memory      |   18006 KB |  734517 KB |  256719 MB |  256701 MB |
|       from large pool |   13147 KB |  733090 KB |  255221 MB |  255208 MB |
|       from small pool |    4859 KB |    6567 KB |    1498 MB |    1493 MB |
|---------------------------------------------------------------------------|
| Active memory         |   18007 KB |  734517 KB |  256719 MB |  256701 MB |
|       from large pool |   13147 KB |  733090 KB |  255221 MB |  255208 MB |
|       from small pool |    4860 KB |    6567 KB |    1498 MB |    1493 MB |
|---------------------------------------------------------------------------|
| GPU reserved memory   |  749568 KB |  749568 KB |  749568 KB |       0 B  |
|       from large pool |  741376 KB |  741376 KB |  741376 KB |       0 B  |
|       from small pool |    8192 KB |    8192 KB |    8192 KB |       0 B  |
|---------------------------------------------------------------------------|
| Non-releasable memory |   20905 KB |  649901 KB |  243383 MB |  243363 MB |
|       from large pool |   19621 KB |  648234 KB |  241424 MB |  241405 MB |
|       from small pool |    1284 KB |    3737 KB |    1958 MB |    1957 MB |
|---------------------------------------------------------------------------|
| Allocations           |      38    |      51    |   18684    |   18646    |
|       from large pool |       3    |      14    |    7392    |    7389    |
|       from small pool |      35    |      39    |   11292    |   11257    |
|---------------------------------------------------------------------------|
| Active allocs         |      39    |      51    |   18684    |   18645    |
|       from large pool |       3    |      14    |    7392    |    7389    |
|       from small pool |      36    |      39    |   11292    |   11256    |
|---------------------------------------------------------------------------|
| GPU reserved segments |      10    |      10    |      10    |       0    |
|       from large pool |       6    |       6    |       6    |       0    |
|       from small pool |       4    |       4    |       4    |       0    |
|---------------------------------------------------------------------------|
| Non-releasable allocs |      15    |      21    |    8274    |    8259    |
|       from large pool |       3    |       9    |    4304    |    4301    |
|       from small pool |      12    |      18    |    3970    |    3958    |
|---------------------------------------------------------------------------|
| Oversize allocations  |       0    |       0    |       0    |       0    |
|---------------------------------------------------------------------------|
| Oversize GPU segments |       0    |       0    |       0    |       0    |
|===========================================================================|

test_result:epoch_time:copy_time=2.9210
test_result:convert_time=0.0173
test_result:train_time=0.3797
test_result:epoch_time:train_total=0.3970
test_result:cache_percentage=0.0400
test_result:cache_hit_rate=1.0000
test_result:run_time=17.7097
