[2022-12-08 19:17:34.605211: W /samgraph/samgraph/common/cpu/mmap_cpu_device.cc:92] mmap allocating space 12.87 GB
[2022-12-08 19:17:34.605315: W /samgraph/samgraph/common/cpu/mmap_cpu_device.cc:97] mmap allocating space 12.87 GB done
[2022-12-08 19:17:39.834227: W /samgraph/samgraph/common/cpu/mmap_cpu_device.cc:92] mmap allocating space 48.00 GB
[2022-12-08 19:17:39.834338: W /samgraph/samgraph/common/cpu/mmap_cpu_device.cc:97] mmap allocating space 48.00 GB done
[2022-12-08 19:17:39.834380: W /samgraph/samgraph/common/cpu/mmap_cpu_device.cc:92] mmap allocating space 1.82 GB
[2022-12-08 19:17:39.834413: W /samgraph/samgraph/common/cpu/mmap_cpu_device.cc:97] mmap allocating space 1.82 GB done
[2022-12-08 19:17:39.838589: W /samgraph/samgraph/common/cpu/mmap_cpu_device.cc:92] mmap allocating space 19.07 GB
[2022-12-08 19:17:39.838637: W /samgraph/samgraph/common/cpu/mmap_cpu_device.cc:97] mmap allocating space 19.07 GB done
/usr/lib/python3/dist-packages/requests/__init__.py:89: RequestsDependencyWarning: urllib3 (1.26.12) or chardet (3.0.4) doesn't match a supported version!
  warnings.warn("urllib3 ({}) or chardet ({}) doesn't match a supported "
[2022-12-08 19:17:39.908570: W /samgraph/samgraph/common/dist/dist_engine.cc:662] Trainer[2] initializing...
[2022-12-08 19:17:40. 29782: W /samgraph/samgraph/common/dist/dist_engine.cc:662] Trainer[0] initializing...
[2022-12-08 19:17:40. 83606: W /samgraph/samgraph/common/dist/dist_engine.cc:662] Trainer[1] initializing...
[2022-12-08 19:17:41.479366: W /samgraph/samgraph/common/dist/dist_engine.cc:666] Trainer[2] pin memory queue...
[[2022-12-08 19:17:41.2022-12-08 19:17:41536505.: 536519W:  W/samgraph/samgraph/common/dist/dist_engine.cc :/samgraph/samgraph/common/dist/dist_engine.cc666:] 666Trainer[1] pin memory queue...] 
Trainer[0] pin memory queue...
[2022-12-08 19:17:47.961683: E /samgraph/samgraph/common/dist/dist_engine.cc:85] Running on V100
[2022-12-08 19:17:47.962177: W /samgraph/samgraph/common/dist/dist_engine.cc:701] Trainer[0] register host memory...
[2022-12-08 19:17:47.969440: E /samgraph/samgraph/common/dist/dist_engine.cc:85] Running on V100
[2022-12-08 19:17:47.969786: W /samgraph/samgraph/common/dist/dist_engine.cc:701] Trainer[2] register host memory...
[2022-12-08 19:17:47.970552: E /samgraph/samgraph/common/dist/dist_engine.cc:85] Running on V100
[2022-12-08 19:17:47.970633: W /samgraph/samgraph/common/dist/dist_engine.cc:701] Trainer[1] register host memory...
[2022-12-08 19:17:48.198976: E /samgraph/samgraph/common/dist/dist_engine.cc:85] Running on V100
[2022-12-08 19:17:48.203086: W /samgraph/samgraph/common/cuda/cuda_device.cc:49] GPU[3] alloc cuda memory 931.40 MB
[2022-12-08 19:17:48.427935: W /samgraph/samgraph/common/cuda/cuda_device.cc:49] GPU[3] alloc cuda memory 12.87 GB
[2022-12-08 19:17:51.386091: W /samgraph/samgraph/common/cuda/cuda_device.cc:49] GPU[3] alloc cuda memory 64.00 MB
[2022-12-08 19:17:51.389503: E /samgraph/samgraph/common/dist/pre_sampler.cc:41] Dist Presampler making shuffler...
[2022-12-08 19:17:51.392606: E /samgraph/samgraph/common/dist/pre_sampler.cc:44] Dist Presampler making shuffler...Done
[2022-12-08 19:17:51.392651: W /samgraph/samgraph/common/cpu/cpu_device.cc:39] WORKER[0] alloc host memory 1.82 GB
[2022-12-08 19:17:52. 22142: E /samgraph/samgraph/common/dist/pre_sampler.cc:85] Dist Presampler doing presample epoch 0
[2022-12-08 19:17:53.137231: E /samgraph/samgraph/common/dist/pre_sampler.cc:129] presample spend 0.652819 on sample, 0.0532972 on copy, 0.406329 on count
[2022-12-08 19:17:53.137317: E /samgraph/samgraph/common/dist/pre_sampler.cc:85] Dist Presampler doing presample epoch 1
[2022-12-08 19:17:54.245681: E /samgraph/samgraph/common/dist/pre_sampler.cc:129] presample spend 1.30162 on sample, 0.105192 on copy, 0.811512 on count
[2022-12-08 19:17:54.245796: E /samgraph/samgraph/common/dist/pre_sampler.cc:136] max_num_inputs = 587004, min_num_inputs = 562784
[2022-12-08 19:17:54.814466: E /samgraph/samgraph/common/dist/pre_sampler.cc:148] presample spend 0.568524 on sort freq.
[2022-12-08 19:17:55.534637: E /samgraph/samgraph/common/dist/dist_engine.cc:524] pre sample done, delete it
[[[2022-12-08 19:17:552022-12-08 19:17:552022-12-08 19:17:55...591475591482591475: : : WWW   /samgraph/samgraph/common/dist/dist_engine.cc/samgraph/samgraph/common/dist/dist_engine.cc/samgraph/samgraph/common/dist/dist_engine.cc:::711711711] ] ] Trainer[2] building cache...Trainer[1] building cache...Trainer[0] building cache...


[[2022-12-08 19:17:552022-12-08 19:17:55..592394592396: : EE  /samgraph/3rdparty/collcachelib/coll_cache_lib/run_config.cc/samgraph/3rdparty/collcachelib/coll_cache_lib/run_config.cc::134134] ] using concurrent impl MPSusing concurrent impl MPS

[2022-12-08 19:17:55.592653: E /samgraph/3rdparty/collcachelib/coll_cache_lib/run_config.cc:134] using concurrent impl MPS
[2022-12-08 19:17:55.593117: E /samgraph/3rdparty/collcachelib/coll_cache_lib/coll_cache/asymm_link_desc.cc:200] build symm link desc with 3X Tesla V100-SXM2-16GB out of 4
[2022-12-08 19:17:55.593162: E[ 2022-12-08 19:17:55/samgraph/3rdparty/collcachelib/coll_cache_lib/coll_cache/asymm_link_desc.cc.:593167201: ] Eremote time is 8.68421 
/samgraph/3rdparty/collcachelib/coll_cache_lib/coll_cache/asymm_link_desc.cc:200] [2022-12-08 19:17:55build symm link desc with 3X Tesla V100-SXM2-16GB out of 4.
593205: E /samgraph/3rdparty/collcachelib/coll_cache_lib/coll_cache/asymm_link_desc.cc:[2022022-12-08 19:17:55] .cpu time is 30593226
: E /samgraph/3rdparty/collcachelib/coll_cache_lib/coll_cache/asymm_link_desc.cc:201] remote time is 8.68421
[[2022-12-08 19:17:552022-12-08 19:17:55..593257593263: : EE  /samgraph/3rdparty/collcachelib/coll_cache_lib/coll_cache/asymm_link_desc.cc/samgraph/3rdparty/collcachelib/coll_cache_lib/coll_cache/asymm_link_desc.cc::200202] ] cpu time is 30
build symm link desc with 3X Tesla V100-SXM2-16GB out of 4
[2022-12-08 19:17:55.593323: E /samgraph/3rdparty/collcachelib/coll_cache_lib/coll_cache/asymm_link_desc.cc:201] remote time is 8.68421
[2022-12-08 19:17:55.593352: E /samgraph/3rdparty/collcachelib/coll_cache_lib/coll_cache/asymm_link_desc.cc:202] cpu time is 30
[2022-12-08 19:18:10.280368: E /samgraph/3rdparty/collcachelib/coll_cache_lib/facade.cc:118] solver created. now build & solve
[2022-12-08 19:18:10.385143: E /samgraph/3rdparty/collcachelib/coll_cache_lib/facade.cc:123] solver built. now solve
block 0 storage is 00000001
	access is	0	0	0	
block 1 storage is 00000010
	access is	1	1	1	
block 2 storage is 00000100
	access is	2	2	2	
block 3 storage is 00000000
	access is	3	3	3	
[2022-12-08 19:18:11.548481: E /samgraph/3rdparty/collcachelib/coll_cache_lib/facade.cc:127] solver solved
[2022-12-08 19:18:11.548542: E /samgraph/3rdparty/collcachelib/coll_cache_lib/facade.cc:195] 0 solved master
[2022-12-08 19:18:11.548580: E /samgraph/3rdparty/collcachelib/coll_cache_lib/facade.cc:202] 0 solved
[2022-12-08 19:18:11.548608: E /samgraph/3rdparty/collcachelib/coll_cache_lib/facade.cc:205] worker 0 thread 0 initing device 0
[2022-12-08 19:18:11.549797: E /samgraph/3rdparty/collcachelib/coll_cache_lib/cache_context.cu:1766] Building Coll Cache with ... num gpu device is 3
[2022-12-08 19:18:11.592817: E /samgraph/3rdparty/collcachelib/coll_cache_lib/facade.cc:202] 1 solved
[2022-12-08 19:18:11.592877: E /samgraph/3rdparty/collcachelib/coll_cache_lib/facade.cc:205] worker 1 thread 1 initing device 1
[2022-12-08 19:18:11.593577: E /samgraph/3rdparty/collcachelib/coll_cache_lib/facade.cc:202] 2 solved
[2022-12-08 19:18:11.593658: E /samgraph/3rdparty/collcachelib/coll_cache_lib/facade.cc:205] worker 2 thread 2 initing device 2
[2022-12-08 19:18:11.594029: E /samgraph/3rdparty/collcachelib/coll_cache_lib/cache_context.cu:1766] Building Coll Cache with ... num gpu device is 3
[2022-12-08 19:18:11.600059: E /samgraph/3rdparty/collcachelib/coll_cache_lib/cache_context.cu:1766] Building Coll Cache with ... num gpu device is 3
[2022-12-08 19:18:11.766326: W /samgraph/3rdparty/collcachelib/coll_cache_lib/cache_context.cu:1806] using empty feat=25
[2022-12-08 19:18:11.787682: W /samgraph/3rdparty/collcachelib/coll_cache_lib/cache_context.cu:1806] using empty feat=25
[2022-12-08 19:18:11.806307: W /samgraph/3rdparty/collcachelib/coll_cache_lib/cpu/cpu_device.cc:39] WORKER[0] alloc host memory 27.94 MB
[2022-12-08 19:18:11.835901: W /samgraph/3rdparty/collcachelib/coll_cache_lib/cache_context.cu:1806] using empty feat=25
[[2022-12-08 19:18:122022-12-08 19:18:12.[.7872517872522022-12-08 19:18:12: : .EE787256  : /samgraph/3rdparty/collcachelib/coll_cache_lib/cache_context.cu/samgraph/3rdparty/collcachelib/coll_cache_lib/cache_context.cuE:: 18771877/samgraph/3rdparty/collcachelib/coll_cache_lib/cache_context.cu] ] :Device 1 init p2p of link 2Device 0 init p2p of link 11877

] Device 2 init p2p of link 0
[2022-12-08 19:18:12.798191: E /samgraph/3rdparty/collcachelib/coll_cache_lib/cache_context.cu:1877] Device 1 init p2p of link 0
[2022-12-08 19:18:12.798366: E /samgraph/3rdparty/collcachelib/coll_cache_lib/cache_context.cu:1877] Device 0 init p2p of link 2
[2022-12-08 19:18:12.798499: E /samgraph/3rdparty/collcachelib/coll_cache_lib/cache_context.cu:1877] Device 2 init p2p of link 1
[2022-12-08 19:18:12.807323: E /samgraph/3rdparty/collcachelib/coll_cache_lib/cache_context.cu:1906] Asymm Coll cache (policy: clique_part) | local 7324814 / 244160499 nodes ( 3.00 %~3.00 %) | remote 14649628 / 244160499 nodes ( 6.00 %) | cpu 222186057 / 244160499 nodes ( 91.00 %) | 10.51 GB | 1.21325 secs 
[2022-12-08 19:18:12.807477: E /samgraph/3rdparty/collcachelib/coll_cache_lib/cache_context.cu:1906] Asymm Coll cache (policy: clique_part) | local 7324814 / 244160499 nodes ( 3.00 %~3.00 %) | remote 14649628 / 244160499 nodes ( 6.00 %) | cpu 222186057 / 244160499 nodes ( 91.00 %) | 10.51 GB | 1.25764 secs 
[2022-12-08 19:18:12.807718: E /samgraph/3rdparty/collcachelib/coll_cache_lib/cache_context.cu:1906] Asymm Coll cache (policy: clique_part) | local 7324814 / 244160499 nodes ( 3.00 %~3.00 %) | remote 14649628 / 244160499 nodes ( 6.00 %) | cpu 222186057 / 244160499 nodes ( 91.00 %) | 10.51 GB | 1.2076 secs 
[2022-12-08 19:18:12.807823: W /samgraph/3rdparty/collcachelib/coll_cache_lib/cache_context.cu:2010] before create ctx, mem is 13.16 GB
[2022-12-08 19:18:14.100985: W /samgraph/3rdparty/collcachelib/coll_cache_lib/cache_context.cu:2016] after create ctx, mem is 13.65 GB
[2022-12-08 19:18:14.101098: W /samgraph/3rdparty/collcachelib/coll_cache_lib/cache_context.cu:2023] after create stream, mem is 13.65 GB
[2022-12-08 19:18:14.101415: W /samgraph/3rdparty/collcachelib/coll_cache_lib/cache_context.cu:2010] before create ctx, mem is 13.65 GB
[2022-12-08 19:18:15.244979: W /samgraph/3rdparty/collcachelib/coll_cache_lib/cache_context.cu:2016] after create ctx, mem is 14.14 GB
[2022-12-08 19:18:15.245094: W /samgraph/3rdparty/collcachelib/coll_cache_lib/cache_context.cu:2023] after create stream, mem is 14.14 GB
[2022-12-08 19:18:15.245401: W /samgraph/3rdparty/collcachelib/coll_cache_lib/cache_context.cu:2010] before create ctx, mem is 14.14 GB
[2022-12-08 19:18:16.426949: W /samgraph/3rdparty/collcachelib/coll_cache_lib/cache_context.cu:2016] after create ctx, mem is 14.78 GB
[2022-12-08 19:18:16.427087: W /samgraph/3rdparty/collcachelib/coll_cache_lib/cache_context.cu:2023] after create stream, mem is 14.78 GB
[2022-12-08 19:18:16.427399: W /samgraph/3rdparty/collcachelib/coll_cache_lib/cache_context.cu:2010] before create ctx, mem is 14.78 GB
[2022-12-08 19:18:17.650352: W /samgraph/3rdparty/collcachelib/coll_cache_lib/cache_context.cu:2016] after create ctx, mem is 15.15 GB
[2022-12-08 19:18:17.650596: W /samgraph/3rdparty/collcachelib/coll_cache_lib/cache_context.cu:2023] after create stream, mem is 15.15 GB
[[2022-12-08 19:18:18.2022-12-08 19:18:18[150506.: 2022-12-08 19:18:18150500E.:  150506E/samgraph/3rdparty/collcachelib/coll_cache_lib/run_config.cc:  :E/samgraph/3rdparty/collcachelib/coll_cache_lib/run_config.cc134 :] /samgraph/3rdparty/collcachelib/coll_cache_lib/run_config.cc134using concurrent impl MPS:] 
134using concurrent impl MPS] 
using concurrent impl MPS
[2022-12-08 19:18:18.151381: E /samgraph/3rdparty/collcachelib/coll_cache_lib/coll_cache/asymm_link_desc.cc:200[] 2022-12-08 19:18:18build symm link desc with 3X Tesla V100-SXM2-16GB out of 4.
151405: E[ 2022-12-08 19:18:18/samgraph/3rdparty/collcachelib/coll_cache_lib/coll_cache/asymm_link_desc.cc.:[1514272002022-12-08 19:18:18: ] .Ebuild symm link desc with 3X Tesla V100-SXM2-16GB out of 4151442 
: /samgraph/3rdparty/collcachelib/coll_cache_lib/coll_cache/asymm_link_desc.ccE: 200/samgraph/3rdparty/collcachelib/coll_cache_lib/coll_cache/asymm_link_desc.cc] [:build symm link desc with 3X Tesla V100-SXM2-16GB out of 42022-12-08 19:18:18201
.] 151479remote time is 8.68421: 
E[ 2022-12-08 19:18:18/samgraph/3rdparty/collcachelib/coll_cache_lib/coll_cache/asymm_link_desc.cc[.:2022-12-08 19:18:18151505201.: ] 151511Eremote time is 8.68421:  
E/samgraph/3rdparty/collcachelib/coll_cache_lib/coll_cache/asymm_link_desc.cc :/samgraph/3rdparty/collcachelib/coll_cache_lib/coll_cache/asymm_link_desc.cc[201:2022-12-08 19:18:18] 202.remote time is 8.68421] 151548
cpu time is 30: 
E[ 2022-12-08 19:18:18/samgraph/3rdparty/collcachelib/coll_cache_lib/coll_cache/asymm_link_desc.cc.:151578202: ] Ecpu time is 30 
/samgraph/3rdparty/collcachelib/coll_cache_lib/coll_cache/asymm_link_desc.cc:202] cpu time is 30
[[[2022-12-08 19:18:202022-12-08 19:18:20.2022-12-08 19:18:20. 21778. 21778:  21780: E: E E /samgraph/3rdparty/collcachelib/coll_cache_lib/facade.cc /samgraph/3rdparty/collcachelib/coll_cache_lib/facade.cc:/samgraph/3rdparty/collcachelib/coll_cache_lib/facade.cc:202:202] 202] 1 solved] 2 solved
0 solved

[2022-12-08 19:18:20.[[ 219252022-12-08 19:18:202022-12-08 19:18:20: ..E 21929 21930 : : /samgraph/3rdparty/collcachelib/coll_cache_lib/facade.ccEE:  205/samgraph/3rdparty/collcachelib/coll_cache_lib/facade.cc/samgraph/3rdparty/collcachelib/coll_cache_lib/facade.cc] ::worker 1 thread 1 initing device 1205205
] ] worker 2 thread 2 initing device 2worker 0 thread 0 initing device 0

[2022-12-08 19:18:21.695200: F /samgraph/samgraph/common/cuda/cuda_device.cc:47] Check failed: e == cudaSuccess || e == cudaErrorCudartUnloading [178481]CUDA: out of memory
[2022-12-08 19:18:21.695644: F /samgraph/samgraph/common/cuda/cuda_device.cc:47] Check failed: e == cudaSuccess || e == cudaErrorCudartUnloading [178479]CUDA: out of memory
[2022-12-08 19:18:21.697273: F /samgraph/samgraph/common/cuda/cuda_device.cc:47] Check failed: e == cudaSuccess || e == cudaErrorCudartUnloading [178478]CUDA: out of memory
[2022-12-08 19:18:24.773535: E /samgraph/samgraph/common/operation.cc:571] detect an abnormal terminated child, signal is Aborted
