[2022-12-08 19:21:00.577580: W /samgraph/samgraph/common/cpu/mmap_cpu_device.cc:92] mmap allocating space 12.87 GB
[2022-12-08 19:21:00.577681: W /samgraph/samgraph/common/cpu/mmap_cpu_device.cc:97] mmap allocating space 12.87 GB done
[2022-12-08 19:21:05.814829: W /samgraph/samgraph/common/cpu/mmap_cpu_device.cc:92] mmap allocating space 48.00 GB
[2022-12-08 19:21:05.815669: W /samgraph/samgraph/common/cpu/mmap_cpu_device.cc:97] mmap allocating space 48.00 GB done
[2022-12-08 19:21:05.815722: W /samgraph/samgraph/common/cpu/mmap_cpu_device.cc:92] mmap allocating space 1.82 GB
[2022-12-08 19:21:05.815755: W /samgraph/samgraph/common/cpu/mmap_cpu_device.cc:97] mmap allocating space 1.82 GB done
[2022-12-08 19:21:05.819939: W /samgraph/samgraph/common/cpu/mmap_cpu_device.cc:92] mmap allocating space 19.07 GB
[2022-12-08 19:21:05.819985: W /samgraph/samgraph/common/cpu/mmap_cpu_device.cc:97] mmap allocating space 19.07 GB done
/usr/lib/python3/dist-packages/requests/__init__.py:89: RequestsDependencyWarning: urllib3 (1.26.12) or chardet (3.0.4) doesn't match a supported version!
  warnings.warn("urllib3 ({}) or chardet ({}) doesn't match a supported "
[2022-12-08 19:21:05.915078: W /samgraph/samgraph/common/dist/dist_engine.cc:662] Trainer[0] initializing...
[2022-12-08 19:21:06. 23982: W /samgraph/samgraph/common/dist/dist_engine.cc:662] Trainer[1] initializing...
[2022-12-08 19:21:06. 33424: W /samgraph/samgraph/common/dist/dist_engine.cc:662] Trainer[2] initializing...
[2022-12-08 19:21:07.490783: W /samgraph/samgraph/common/dist/dist_engine.cc:666] Trainer[0] pin memory queue...
[2022-12-08 19:21:07.494200: W /samgraph/samgraph/common/dist/dist_engine.cc:666] Trainer[2] pin memory queue...
[2022-12-08 19:21:07.502593: W /samgraph/samgraph/common/dist/dist_engine.cc:666] Trainer[1] pin memory queue...
[2022-12-08 19:21:14. 51196: E /samgraph/samgraph/common/dist/dist_engine.cc:85] Running on V100
[2022-12-08 19:21:14. 51728: W[ 2022-12-08 19:21:14/samgraph/samgraph/common/dist/dist_engine.cc.: 51709701: ] ETrainer[1] register host memory... 
/samgraph/samgraph/common/dist/dist_engine.cc:85] Running on V100
[2022-12-08 19:21:14. 52219: W /samgraph/samgraph/common/dist/dist_engine.cc:701] Trainer[2] register host memory...
[2022-12-08 19:21:14. 55967: E /samgraph/samgraph/common/dist/dist_engine.cc:85] Running on V100
[2022-12-08 19:21:14. 56440: W /samgraph/samgraph/common/dist/dist_engine.cc:701] Trainer[0] register host memory...
[2022-12-08 19:21:14.288141: E /samgraph/samgraph/common/dist/dist_engine.cc:85] Running on V100
[2022-12-08 19:21:14.292573: W /samgraph/samgraph/common/cuda/cuda_device.cc:49] GPU[3] alloc cuda memory 931.40 MB
[2022-12-08 19:21:14.456014: W /samgraph/samgraph/common/cuda/cuda_device.cc:49] GPU[3] alloc cuda memory 12.87 GB
[2022-12-08 19:21:16.581728: W /samgraph/samgraph/common/cuda/cuda_device.cc:49] GPU[3] alloc cuda memory 64.00 MB
[2022-12-08 19:21:16.585585: E /samgraph/samgraph/common/dist/pre_sampler.cc:41] Dist Presampler making shuffler...
[2022-12-08 19:21:16.588869: E /samgraph/samgraph/common/dist/pre_sampler.cc:44] Dist Presampler making shuffler...Done
[2022-12-08 19:21:16.588914: W /samgraph/samgraph/common/cpu/cpu_device.cc:39] WORKER[0] alloc host memory 1.82 GB
[2022-12-08 19:21:17.232003: E /samgraph/samgraph/common/dist/pre_sampler.cc:85] Dist Presampler doing presample epoch 0
[2022-12-08 19:21:18.368911: E /samgraph/samgraph/common/dist/pre_sampler.cc:129] presample spend 0.664856 on sample, 0.0536771 on copy, 0.415641 on count
[2022-12-08 19:21:18.368991: E /samgraph/samgraph/common/dist/pre_sampler.cc:85] Dist Presampler doing presample epoch 1
[2022-12-08 19:21:19.653224: E /samgraph/samgraph/common/dist/pre_sampler.cc:129] presample spend 1.33529 on sample, 0.105934 on copy, 0.974448 on count
[2022-12-08 19:21:19.653384: E /samgraph/samgraph/common/dist/pre_sampler.cc:136] max_num_inputs = 585888, min_num_inputs = 563873
[2022-12-08 19:21:20.254554: E /samgraph/samgraph/common/dist/pre_sampler.cc:148] presample spend 0.601068 on sort freq.
[2022-12-08 19:21:20.999244: E /samgraph/samgraph/common/dist/dist_engine.cc:524] pre sample done, delete it
[[2022-12-08 19:21:21[.2022-12-08 19:21:212022-12-08 19:21:21 62138..:  62143 62151W: :  WW/samgraph/samgraph/common/dist/dist_engine.cc  :/samgraph/samgraph/common/dist/dist_engine.cc/samgraph/samgraph/common/dist/dist_engine.cc711::] 711711Trainer[2] building cache...] ] 
Trainer[0] building cache...Trainer[1] building cache...

[2022-12-08 19:21:21. 63060: E /samgraph/3rdparty/collcachelib/coll_cache_lib/run_config.cc:134] using concurrent impl MPS
[2022-12-08 19:21:21. 63372: E /samgraph/3rdparty/collcachelib/coll_cache_lib/coll_cache/asymm_link_desc.cc:200] build symm link desc with 3X Tesla V100-SXM2-16GB out of 4
[2022-12-08 19:21:21. 63413: E /samgraph/3rdparty/collcachelib/coll_cache_lib/coll_cache/asymm_link_desc.cc:201] remote time is 8.68421
[2022-12-08 19:21:21. 63442: E[ 2022-12-08 19:21:21/samgraph/3rdparty/collcachelib/coll_cache_lib/coll_cache/asymm_link_desc.cc.:202 63436] : cpu time is 30E
 /samgraph/3rdparty/collcachelib/coll_cache_lib/run_config.cc:134] using concurrent impl MPS
[2022-12-08 19:21:21. 64025: E /samgraph/3rdparty/collcachelib/coll_cache_lib/coll_cache/asymm_link_desc.cc:200] build symm link desc with 3X Tesla V100-SXM2-16GB out of 4
[2022-12-08 19:21:21. 64121: E /samgraph/3rdparty/collcachelib/coll_cache_lib/coll_cache/asymm_link_desc.cc:201] remote time is 8.68421
[2022-12-08 19:21:21. 64198: E /samgraph/3rdparty/collcachelib/coll_cache_lib/coll_cache/asymm_link_desc.cc:202] cpu time is 30
[2022-12-08 19:21:21. 70207: E /samgraph/3rdparty/collcachelib/coll_cache_lib/run_config.cc:134] using concurrent impl MPS
[2022-12-08 19:21:21. 70869: E /samgraph/3rdparty/collcachelib/coll_cache_lib/coll_cache/asymm_link_desc.cc:200] build symm link desc with 3X Tesla V100-SXM2-16GB out of 4
[2022-12-08 19:21:21. 70977: E /samgraph/3rdparty/collcachelib/coll_cache_lib/coll_cache/asymm_link_desc.cc:201] remote time is 8.68421
[2022-12-08 19:21:21. 71060: E /samgraph/3rdparty/collcachelib/coll_cache_lib/coll_cache/asymm_link_desc.cc:202] cpu time is 30
[2022-12-08 19:21:36.677560: E /samgraph/3rdparty/collcachelib/coll_cache_lib/facade.cc:118] solver created. now build & solve
[2022-12-08 19:21:36.780589: W /samgraph/3rdparty/collcachelib/coll_cache_lib/cpu/cpu_device.cc:39] WORKER[0] alloc host memory 931.40 MB
[2022-12-08 19:21:36.780661: W /samgraph/3rdparty/collcachelib/coll_cache_lib/cpu/cpu_device.cc:39] WORKER[0] alloc host memory 931.40 MB
[2022-12-08 19:21:36.782635: W /samgraph/3rdparty/collcachelib/coll_cache_lib/coll_cache/optimal_solver_class.cc:68] mapping nid to rank...
[2022-12-08 19:21:37.177770: W /samgraph/3rdparty/collcachelib/coll_cache_lib/coll_cache/optimal_solver_class.cc:85] counting slots...
[2022-12-08 19:21:38.378513: W /samgraph/3rdparty/collcachelib/coll_cache_lib/coll_cache/optimal_solver_class.cc:99] Final num slot is 24
[2022-12-08 19:21:38.378687: W /samgraph/3rdparty/collcachelib/coll_cache_lib/coll_cache/optimal_solver_class.cc:103] counting blocks...
[2022-12-08 19:21:58. 18306: W /samgraph/3rdparty/collcachelib/coll_cache_lib/coll_cache/optimal_solver_class.cc:112] Final num block is 1012
[2022-12-08 19:21:58. 18514: W /samgraph/3rdparty/collcachelib/coll_cache_lib/coll_cache/optimal_solver_class.cc:117] counting freq and density...
[2022-12-08 19:22:01.691547: W /samgraph/3rdparty/collcachelib/coll_cache_lib/coll_cache/optimal_solver_class.cc:148] averaging freq and density...
[2022-12-08 19:22:01.691704: W /samgraph/3rdparty/collcachelib/coll_cache_lib/coll_cache/optimal_solver_class.cc:149] 1012
[2022-12-08 19:22:01.697057: E /samgraph/3rdparty/collcachelib/coll_cache_lib/facade.cc:123] solver built. now solve
[2022-12-08 19:22:01.697106: W /samgraph/3rdparty/collcachelib/coll_cache_lib/coll_cache/optimal_solver_class.cc:348] constructing optimal solver, device=3, stream=1
1012 blocks, 3 devices
[2022-12-08 19:22:02.769551: W /samgraph/3rdparty/collcachelib/coll_cache_lib/coll_cache/optimal_solver_class.cc:503] Add Var...
[2022-12-08 19:22:02.785528: W /samgraph/3rdparty/collcachelib/coll_cache_lib/coll_cache/optimal_solver_class.cc:521] Capacity...
[2022-12-08 19:22:02.786110: W /samgraph/3rdparty/collcachelib/coll_cache_lib/coll_cache/optimal_solver_class.cc:524] Connect CPU...
[2022-12-08 19:22:02.793079: W /samgraph/3rdparty/collcachelib/coll_cache_lib/coll_cache/optimal_solver_class.cc:526] Connect Access To Storage...
[2022-12-08 19:22:02.828995: W /samgraph/3rdparty/collcachelib/coll_cache_lib/coll_cache/optimal_solver_class.cc:530] Time...
[2022-12-08 19:22:04.227579: W /samgraph/3rdparty/collcachelib/coll_cache_lib/coll_cache/optimal_solver_class.cc:545] Coll Cache init block placement array
[2022-12-08 19:22:04.230436: W /samgraph/3rdparty/collcachelib/coll_cache_lib/coll_cache/optimal_solver_class.cc:621] Coll Cache init block placement array done
[2022-12-08 19:22:04.230706: W /samgraph/3rdparty/collcachelib/coll_cache_lib/coll_cache/optimal_solver_class.cc:623] Coll Cache model reset done
[2022-12-08 19:22:04.236371: E /samgraph/3rdparty/collcachelib/coll_cache_lib/facade.cc:127] solver solved
[2022-12-08 19:22:04.236427: E /samgraph/3rdparty/collcachelib/coll_cache_lib/facade.cc:195] 0 solved master
[2022-12-08 19:22:04.236474: E /samgraph/3rdparty/collcachelib/coll_cache_lib/facade.cc:202] 0 solved
[2022-12-08 19:22:04.236502: E /samgraph/3rdparty/collcachelib/coll_cache_lib/facade.cc:205] worker 0 thread 0 initing device 0
[2022-12-08 19:22:04.237917: E /samgraph/3rdparty/collcachelib/coll_cache_lib/cache_context.cu:1766] Building Coll Cache with ... num gpu device is 3
[2022-12-08 19:22:04.289486: E /samgraph/3rdparty/collcachelib/coll_cache_lib/facade.cc:202] 1 solved
[2022-12-08 19:22:04.289605: E /samgraph/3rdparty/collcachelib/coll_cache_lib/facade.cc:205] worker 1 thread 1 initing device 1
[2022-12-08 19:22:04.293219: E /samgraph/3rdparty/collcachelib/coll_cache_lib/cache_context.cu:1766] Building Coll Cache with ... num gpu device is 3
[2022-12-08 19:22:04.306280: E /samgraph/3rdparty/collcachelib/coll_cache_lib/facade.cc:202] 2 solved
[2022-12-08 19:22:04.306409: E /samgraph/3rdparty/collcachelib/coll_cache_lib/facade.cc:205] worker 2 thread 2 initing device 2
[2022-12-08 19:22:04.314622: E /samgraph/3rdparty/collcachelib/coll_cache_lib/cache_context.cu:1766] Building Coll Cache with ... num gpu device is 3
[2022-12-08 19:22:04.373423: W /samgraph/3rdparty/collcachelib/coll_cache_lib/cache_context.cu:1806] using empty feat=25
[2022-12-08 19:22:04.382918: W /samgraph/3rdparty/collcachelib/coll_cache_lib/cpu/cpu_device.cc:39] WORKER[0] alloc host memory 27.79 MB
[2022-12-08 19:22:04.429207: W /samgraph/3rdparty/collcachelib/coll_cache_lib/cache_context.cu:1806] using empty feat=25
[2022-12-08 19:22:04.453654: W /samgraph/3rdparty/collcachelib/coll_cache_lib/cache_context.cu:1806] using empty feat=25
[[2022-12-08 19:22:052022-12-08 19:22:05..400519400521: [: EE2022-12-08 19:22:05  ./samgraph/3rdparty/collcachelib/coll_cache_lib/cache_context.cu/samgraph/3rdparty/collcachelib/coll_cache_lib/cache_context.cu400526::: 18771877E] ]  Device 2 init p2p of link 0Device 1 init p2p of link 2/samgraph/3rdparty/collcachelib/coll_cache_lib/cache_context.cu

:1877] Device 0 init p2p of link 1
[2022-12-08 19:22:05.410424: E /samgraph/3rdparty/collcachelib/coll_cache_lib/cache_context.cu:1877] Device 1 init p2p of link 0
[2022-12-08 19:22:05.410662: E /samgraph/3rdparty/collcachelib/coll_cache_lib/cache_context.cu:1877] Device 0 init p2p of link 2
[2022-12-08 19:22:05.410765: E /samgraph/3rdparty/collcachelib/coll_cache_lib/cache_context.cu:1877] Device 2 init p2p of link 1
[2022-12-08 19:22:05.417555: E /samgraph/3rdparty/collcachelib/coll_cache_lib/cache_context.cu:1906] Asymm Coll cache (policy: coll_cache_asymm_link) | local 7315608 / 244160499 nodes ( 3.00 %~3.00 %) | remote 8615161 / 244160499 nodes ( 3.53 %) | cpu 228229730 / 244160499 nodes ( 93.48 %) | 10.50 GB | 1.12429 secs 
[2022-12-08 19:22:05.417761: E /samgraph/3rdparty/collcachelib/coll_cache_lib/cache_context.cu:1906] Asymm Coll cache (policy: coll_cache_asymm_link) | local 7285092 / 244160499 nodes ( 2.98 %~3.00 %) | remote 8645677 / 244160499 nodes ( 3.54 %) | cpu 228229730 / 244160499 nodes ( 93.48 %) | 10.46 GB | 1.1798 secs 
[2022-12-08 19:22:05.418728: E /samgraph/3rdparty/collcachelib/coll_cache_lib/cache_context.cu:1906] Asymm Coll cache (policy: coll_cache_asymm_link) | local 7294405 / 244160499 nodes ( 2.99 %~3.00 %) | remote 8636364 / 244160499 nodes ( 3.54 %) | cpu 228229730 / 244160499 nodes ( 93.48 %) | 10.47 GB | 1.10401 secs 
[2022-12-08 19:22:05.418839: W /samgraph/3rdparty/collcachelib/coll_cache_lib/cache_context.cu:2010] before create ctx, mem is 13.11 GB
[2022-12-08 19:22:06.819586: W /samgraph/3rdparty/collcachelib/coll_cache_lib/cache_context.cu:2016] after create ctx, mem is 13.60 GB
[2022-12-08 19:22:06.819739: W /samgraph/3rdparty/collcachelib/coll_cache_lib/cache_context.cu:2023] after create stream, mem is 13.60 GB
[2022-12-08 19:22:06.820051: W /samgraph/3rdparty/collcachelib/coll_cache_lib/cache_context.cu:2010] before create ctx, mem is 13.60 GB
[2022-12-08 19:22:08.182647: W /samgraph/3rdparty/collcachelib/coll_cache_lib/cache_context.cu:2016] after create ctx, mem is 14.09 GB
[2022-12-08 19:22:08.182906: W /samgraph/3rdparty/collcachelib/coll_cache_lib/cache_context.cu:2023] after create stream, mem is 14.09 GB
[2022-12-08 19:22:08.183390: W /samgraph/3rdparty/collcachelib/coll_cache_lib/cache_context.cu:2010] before create ctx, mem is 14.09 GB
[2022-12-08 19:22:09.293702: W /samgraph/3rdparty/collcachelib/coll_cache_lib/cache_context.cu:2016] after create ctx, mem is 14.72 GB
[2022-12-08 19:22:09.293814: W /samgraph/3rdparty/collcachelib/coll_cache_lib/cache_context.cu:2023] after create stream, mem is 14.72 GB
[2022-12-08 19:22:09.294143: W /samgraph/3rdparty/collcachelib/coll_cache_lib/cache_context.cu:2010] before create ctx, mem is 14.72 GB
[2022-12-08 19:22:10.474181: W /samgraph/3rdparty/collcachelib/coll_cache_lib/cache_context.cu:2016] after create ctx, mem is 15.10 GB
[2022-12-08 19:22:10.474305: W /samgraph/3rdparty/collcachelib/coll_cache_lib/cache_context.cu:2023] after create stream, mem is 15.10 GB
[2022-12-08 19:22:10.826842: E /samgraph/3rdparty/collcachelib/coll_cache_lib/run_config.cc:134] using concurrent impl MPS
[2022-12-08 19:22:10.826936: E /samgraph/3rdparty/collcachelib/coll_cache_lib/run_config.cc:134] using concurrent impl MPS
[2022-12-08 19:22:10.826952: E /samgraph/3rdparty/collcachelib/coll_cache_lib/run_config.cc:134] using concurrent impl MPS
[2022-12-08 19:22:10.827674: E /samgraph/3rdparty/collcachelib/coll_cache_lib/coll_cache/asymm_link_desc.cc:200] build symm link desc with 3X Tesla V100-SXM2-16GB out of 4
[2022-12-08 19:22:10.827725: E /samgraph/3rdparty/collcachelib/coll_cache_lib/coll_cache/asymm_link_desc.cc:201] remote time is 8.68421
[2022-12-08 19:22:10.827755: E /samgraph/3rdparty/collcachelib/coll_cache_lib/coll_cache/asymm_link_desc.cc:202] cpu time is 30
[2022-12-08 19:22:10.827819: E /samgraph/3rdparty/collcachelib/coll_cache_lib/coll_cache/asymm_link_desc.cc:200] build symm link desc with 3X Tesla V100-SXM2-16GB out of 4
[2022-12-08 19:22:10.827840: E[ 2022-12-08 19:22:10/samgraph/3rdparty/collcachelib/coll_cache_lib/coll_cache/asymm_link_desc.cc.:827871200: ] Ebuild symm link desc with 3X Tesla V100-SXM2-16GB out of 4 
/samgraph/3rdparty/collcachelib/coll_cache_lib/coll_cache/asymm_link_desc.cc:201] remote time is 8.68421
[2022-12-08 19:22:10.[8279352022-12-08 19:22:10: .E827940 : /samgraph/3rdparty/collcachelib/coll_cache_lib/coll_cache/asymm_link_desc.ccE: 201/samgraph/3rdparty/collcachelib/coll_cache_lib/coll_cache/asymm_link_desc.cc] :remote time is 8.68421202
] cpu time is 30
[2022-12-08 19:22:10.828018: E /samgraph/3rdparty/collcachelib/coll_cache_lib/coll_cache/asymm_link_desc.cc:202] cpu time is 30
[[[2022-12-08 19:22:112022-12-08 19:22:112022-12-08 19:22:11...358497358505358498: : : EEE   /samgraph/3rdparty/collcachelib/coll_cache_lib/facade.cc/samgraph/3rdparty/collcachelib/coll_cache_lib/facade.cc/samgraph/3rdparty/collcachelib/coll_cache_lib/facade.cc:::202202202] ] ] 0 solved1 solved2 solved


[[[2022-12-08 19:22:112022-12-08 19:22:112022-12-08 19:22:11...358716358720358722: : : EEE   /samgraph/3rdparty/collcachelib/coll_cache_lib/facade.cc/samgraph/3rdparty/collcachelib/coll_cache_lib/facade.cc/samgraph/3rdparty/collcachelib/coll_cache_lib/facade.cc:::205205205] ] ] worker 0 thread 0 initing device 0worker 1 thread 1 initing device 1worker 2 thread 2 initing device 2


[2022-12-08 19:22:13.931760: F /samgraph/samgraph/common/cuda/cuda_device.cc:47] Check failed: e == cudaSuccess || e == cudaErrorCudartUnloading [179419]CUDA: out of memory
[2022-12-08 19:22:13.932250: F /samgraph/samgraph/common/cuda/cuda_device.cc:47] Check failed: e == cudaSuccess || e == cudaErrorCudartUnloading [179423]CUDA: out of memory
[2022-12-08 19:22:13.932757: F /samgraph/samgraph/common/cuda/cuda_device.cc:47] Check failed: e == cudaSuccess || e == cudaErrorCudartUnloading [179421]CUDA: out of memory
[2022-12-08 19:22:17.234317: E /samgraph/samgraph/common/operation.cc:571] detect an abnormal terminated child, signal is Aborted
