[2022-12-08 19:11:53. 94168: W /samgraph/samgraph/common/cpu/mmap_cpu_device.cc:92] mmap allocating space 12.87 GB
[2022-12-08 19:11:53. 94271: W /samgraph/samgraph/common/cpu/mmap_cpu_device.cc:97] mmap allocating space 12.87 GB done
[2022-12-08 19:11:58.410212: W /samgraph/samgraph/common/cpu/mmap_cpu_device.cc:92] mmap allocating space 48.00 GB
[2022-12-08 19:11:58.410326: W /samgraph/samgraph/common/cpu/mmap_cpu_device.cc:97] mmap allocating space 48.00 GB done
[2022-12-08 19:11:58.410369: W /samgraph/samgraph/common/cpu/mmap_cpu_device.cc:92] mmap allocating space 1.82 GB
[2022-12-08 19:11:58.410402: W /samgraph/samgraph/common/cpu/mmap_cpu_device.cc:97] mmap allocating space 1.82 GB done
[2022-12-08 19:11:58.414623: W /samgraph/samgraph/common/cpu/mmap_cpu_device.cc:92] mmap allocating space 19.07 GB
[2022-12-08 19:11:58.414677: W /samgraph/samgraph/common/cpu/mmap_cpu_device.cc:97] mmap allocating space 19.07 GB done
/usr/lib/python3/dist-packages/requests/__init__.py:89: RequestsDependencyWarning: urllib3 (1.26.12) or chardet (3.0.4) doesn't match a supported version!
  warnings.warn("urllib3 ({}) or chardet ({}) doesn't match a supported "
[2022-12-08 19:11:58.461092: W /samgraph/samgraph/common/dist/dist_engine.cc:662] Trainer[1] initializing...
[2022-12-08 19:11:58.597476: W /samgraph/samgraph/common/dist/dist_engine.cc:662] Trainer[0] initializing...
[2022-12-08 19:11:58.670342: W /samgraph/samgraph/common/dist/dist_engine.cc:662] Trainer[2] initializing...
[2022-12-08 19:12:00.  8673: W /samgraph/samgraph/common/dist/dist_engine.cc:666] Trainer[1] pin memory queue...
[2022-12-08 19:12:00. 99028: W /samgraph/samgraph/common/dist/dist_engine.cc:666] Trainer[2] pin memory queue...
[2022-12-08 19:12:00.101529: W /samgraph/samgraph/common/dist/dist_engine.cc:666] Trainer[0] pin memory queue...
[2022-12-08 19:12:06.424786: E /samgraph/samgraph/common/dist/dist_engine.cc:85] Running on V100
[2022-12-08 19:12:06.425219: W /samgraph/samgraph/common/dist/dist_engine.cc:701] Trainer[0] register host memory...
[2022-12-08 19:12:06.426771: E /samgraph/samgraph/common/dist/dist_engine.cc:85] Running on V100
[2022-12-08 19:12:06.427120: W /samgraph/samgraph/common/dist/dist_engine.cc:701] Trainer[1] register host memory...
[2022-12-08 19:12:06.429434: E /samgraph/samgraph/common/dist/dist_engine.cc:85] Running on V100
[2022-12-08 19:12:06.429512: W /samgraph/samgraph/common/dist/dist_engine.cc:701] Trainer[2] register host memory...
[2022-12-08 19:12:06.664248: E /samgraph/samgraph/common/dist/dist_engine.cc:85] Running on V100
[2022-12-08 19:12:06.668416: W /samgraph/samgraph/common/cuda/cuda_device.cc:49] GPU[3] alloc cuda memory 931.40 MB
[2022-12-08 19:12:06.890665: W /samgraph/samgraph/common/cuda/cuda_device.cc:49] GPU[3] alloc cuda memory 12.87 GB
[2022-12-08 19:12:09.852993: W /samgraph/samgraph/common/cuda/cuda_device.cc:49] GPU[3] alloc cuda memory 64.00 MB
[2022-12-08 19:12:09.856446: E /samgraph/samgraph/common/dist/pre_sampler.cc:41] Dist Presampler making shuffler...
[2022-12-08 19:12:09.859626: E /samgraph/samgraph/common/dist/pre_sampler.cc:44] Dist Presampler making shuffler...Done
[2022-12-08 19:12:09.859670: W /samgraph/samgraph/common/cpu/cpu_device.cc:39] WORKER[0] alloc host memory 1.82 GB
[2022-12-08 19:12:10.490394: E /samgraph/samgraph/common/dist/pre_sampler.cc:85] Dist Presampler doing presample epoch 0
[2022-12-08 19:12:11.652727: E /samgraph/samgraph/common/dist/pre_sampler.cc:129] presample spend 0.664421 on sample, 0.0533998 on copy, 0.441883 on count
[2022-12-08 19:12:11.652828: E /samgraph/samgraph/common/dist/pre_sampler.cc:85] Dist Presampler doing presample epoch 1
[2022-12-08 19:12:12.941587: E /samgraph/samgraph/common/dist/pre_sampler.cc:129] presample spend 1.32472 on sample, 0.105442 on copy, 1.01549 on count
[2022-12-08 19:12:12.941713: E /samgraph/samgraph/common/dist/pre_sampler.cc:136] max_num_inputs = 589560, min_num_inputs = 563751
[2022-12-08 19:12:13.528144: E /samgraph/samgraph/common/dist/pre_sampler.cc:148] presample spend 0.586341 on sort freq.
[2022-12-08 19:12:14.260951: E /samgraph/samgraph/common/dist/dist_engine.cc:524] pre sample done, delete it
[[[2022-12-08 19:12:142022-12-08 19:12:14.2022-12-08 19:12:14.317686317695.: 317691: W: W W /samgraph/samgraph/common/dist/dist_engine.cc /samgraph/samgraph/common/dist/dist_engine.cc:/samgraph/samgraph/common/dist/dist_engine.cc:711:711] 711] Trainer[1] building cache...] Trainer[2] building cache...
Trainer[0] building cache...

[2022-12-08 19:12:14.318866: E /samgraph/3rdparty/collcachelib/coll_cache_lib/coll_cache/asymm_link_desc.cc:200] build symm link desc with 3X Tesla V100-SXM2-16GB out of 4
[2022-12-08 19:12:14.318917: E /samgraph/3rdparty/collcachelib/coll_cache_lib/coll_cache/asymm_link_desc.cc:201] remote time is 8.68421
[2022-12-08 19:12:14.318946: E /samgraph/3rdparty/collcachelib/coll_cache_lib/coll_cache/asymm_link_desc.cc:202] cpu time is 30
[2022-12-08 19:12:14.319961: E /samgraph/3rdparty/collcachelib/coll_cache_lib/coll_cache/asymm_link_desc.cc:200[] 2022-12-08 19:12:14build symm link desc with 3X Tesla V100-SXM2-16GB out of 4.
320004: E /samgraph/3rdparty/collcachelib/coll_cache_lib/coll_cache/asymm_link_desc.cc[:2022-12-08 19:12:14200.] 320080build symm link desc with 3X Tesla V100-SXM2-16GB out of 4: 
E /samgraph/3rdparty/collcachelib/coll_cache_lib/coll_cache/asymm_link_desc.cc:201] [remote time is 8.684212022-12-08 19:12:14
.320144: E[ 2022-12-08 19:12:14/samgraph/3rdparty/collcachelib/coll_cache_lib/coll_cache/asymm_link_desc.cc.:320180201: ] Eremote time is 8.68421 
/samgraph/3rdparty/collcachelib/coll_cache_lib/coll_cache/asymm_link_desc.cc:202] [cpu time is 302022-12-08 19:12:14
.320255: E /samgraph/3rdparty/collcachelib/coll_cache_lib/coll_cache/asymm_link_desc.cc:202] cpu time is 30
[2022-12-08 19:12:44.441170: E /samgraph/3rdparty/collcachelib/coll_cache_lib/facade.cc:118] solver created. now build & solve
[2022-12-08 19:12:44.544303: E /samgraph/3rdparty/collcachelib/coll_cache_lib/facade.cc:123] solver built. now solve
[2022-12-08 19:12:44.544362: E /samgraph/3rdparty/collcachelib/coll_cache_lib/coll_cache/optimal_solver_class.cc:895] num_cached_nodes = 4883209
[2022-12-08 19:12:45.711454: E /samgraph/3rdparty/collcachelib/coll_cache_lib/facade.cc:127] solver solved
[2022-12-08 19:12:45.711554: E /samgraph/3rdparty/collcachelib/coll_cache_lib/facade.cc:195] 0 solved master
[2022-12-08 19:12:45.711595: E /samgraph/3rdparty/collcachelib/coll_cache_lib/facade.cc:202] 0 solved
[2022-12-08 19:12:45.711624: E /samgraph/3rdparty/collcachelib/coll_cache_lib/facade.cc:205] worker 0 thread 0 initing device 0
[2022-12-08 19:12:45.756344: E /samgraph/3rdparty/collcachelib/coll_cache_lib/facade.cc:202] 1 solved
[2022-12-08 19:12:45.756429: E /samgraph/3rdparty/collcachelib/coll_cache_lib/facade.cc:205] worker 1 thread 1 initing device 1
[2022-12-08 19:12:45.756576: E /samgraph/3rdparty/collcachelib/coll_cache_lib/facade.cc:202] 2 solved
[2022-12-08 19:12:45.756630: E /samgraph/3rdparty/collcachelib/coll_cache_lib/facade.cc:205] worker 2 thread 2 initing device 2
[2022-12-08 19:12:45.942424: W /samgraph/3rdparty/collcachelib/coll_cache_lib/cache_context.cu:1634] using empty feat=25
[[2022-12-08 19:12:452022-12-08 19:12:45..991871991887: : WW  /samgraph/3rdparty/collcachelib/coll_cache_lib/cache_context.cu/samgraph/3rdparty/collcachelib/coll_cache_lib/cache_context.cu::16341634] ] using empty feat=25using empty feat=25

[2022-12-08 19:12:46.636219: E /samgraph/3rdparty/collcachelib/coll_cache_lib/cache_context.cu:1744] Collaborative GPU cache (policy: rep_cache) | local 4883209 / 244160499 nodes ( 2.00 %~2.00 %) | remote 0 / 244160499 nodes ( 0.00 %) | cpu 239277290 / 244160499 nodes ( 98.00 %) | 6.99 GB | 0.922753 secs 
[2022-12-08 19:12:46.636433: E /samgraph/3rdparty/collcachelib/coll_cache_lib/cache_context.cu:1744] Collaborative GPU cache (policy: rep_cache) | local 4883209 / 244160499 nodes ( 2.00 %~2.00 %) | remote 0 / 244160499 nodes ( 0.00 %) | cpu 239277290 / 244160499 nodes ( 98.00 %) | 6.99 GB | 0.877932 secs 
[2022-12-08 19:12:46.636488: E /samgraph/3rdparty/collcachelib/coll_cache_lib/cache_context.cu:1744] Collaborative GPU cache (policy: rep_cache) | local 4883209 / 244160499 nodes ( 2.00 %~2.00 %) | remote 0 / 244160499 nodes ( 0.00 %) | cpu 239277290 / 244160499 nodes ( 98.00 %) | 6.99 GB | 0.877925 secs 
[2022-12-08 19:12:46.637845: E /samgraph/3rdparty/collcachelib/coll_cache_lib/coll_cache/asymm_link_desc.cc:200] [build symm link desc with 3X Tesla V100-SXM2-16GB out of 42022-12-08 19:12:46
.637867: E [/samgraph/3rdparty/collcachelib/coll_cache_lib/coll_cache/asymm_link_desc.cc2022-12-08 19:12:46[:.2022-12-08 19:12:46200637896.] : 637889build symm link desc with 3X Tesla V100-SXM2-16GB out of 4E: 
 E/samgraph/3rdparty/collcachelib/coll_cache_lib/coll_cache/asymm_link_desc.cc :[/samgraph/3rdparty/collcachelib/coll_cache_lib/coll_cache/asymm_link_desc.cc2012022-12-08 19:12:46:] .200remote time is 8.68421637940] 
: build symm link desc with 3X Tesla V100-SXM2-16GB out of 4E
 [/samgraph/3rdparty/collcachelib/coll_cache_lib/coll_cache/asymm_link_desc.cc2022-12-08 19:12:46:.[2016379702022-12-08 19:12:46] : .remote time is 8.68421E637980
 : /samgraph/3rdparty/collcachelib/coll_cache_lib/coll_cache/asymm_link_desc.ccE[: 2022-12-08 19:12:46202/samgraph/3rdparty/collcachelib/coll_cache_lib/coll_cache/asymm_link_desc.cc.] :638011cpu time is 30201: 
] Eremote time is 8.68421 
/samgraph/3rdparty/collcachelib/coll_cache_lib/coll_cache/asymm_link_desc.cc:202] [cpu time is 302022-12-08 19:12:46
.638055: E /samgraph/3rdparty/collcachelib/coll_cache_lib/coll_cache/asymm_link_desc.cc:202] cpu time is 30
[[[2022-12-08 19:12:482022-12-08 19:12:482022-12-08 19:12:48...640455640456640454: : : EEE   /samgraph/3rdparty/collcachelib/coll_cache_lib/facade.cc/samgraph/3rdparty/collcachelib/coll_cache_lib/facade.cc/samgraph/3rdparty/collcachelib/coll_cache_lib/facade.cc:::202202202] ] ] 1 solved0 solved2 solved


[[[2022-12-08 19:12:482022-12-08 19:12:482022-12-08 19:12:48...640607640610640609: : : EEE   /samgraph/3rdparty/collcachelib/coll_cache_lib/facade.cc/samgraph/3rdparty/collcachelib/coll_cache_lib/facade.cc/samgraph/3rdparty/collcachelib/coll_cache_lib/facade.cc:::205205205] ] ] worker 1 thread 1 initing device 1worker 2 thread 2 initing device 2worker 0 thread 0 initing device 0


[2022-12-08 19:12:51.237157: W /samgraph/samgraph/common/cuda/cuda_device.cc:49] GPU[0] alloc cuda memory 918.42 MB
[2022-12-08 19:12:52.617583: W /samgraph/samgraph/common/cuda/cuda_device.cc:49] GPU[0] alloc cuda memory 918.42 MB
/usr/local/lib/python3.8/dist-packages/torch/nn/parallel/scatter_gather.py:9: UserWarning: is_namedtuple is deprecated, please use the python checks instead
  warnings.warn("is_namedtuple is deprecated, please use the python checks instead")
/usr/local/lib/python3.8/dist-packages/torch/nn/parallel/scatter_gather.py:9: UserWarning: is_namedtuple is deprecated, please use the python checks instead
  warnings.warn("is_namedtuple is deprecated, please use the python checks instead")
/usr/local/lib/python3.8/dist-packages/torch/nn/parallel/scatter_gather.py:9: UserWarning: is_namedtuple is deprecated, please use the python checks instead
  warnings.warn("is_namedtuple is deprecated, please use the python checks instead")
