config:eval_tsp="2022-12-09 03:18:20"
config:arch=arch5
config:num_train_worker=3
config:num_sample_worker=1
config:sample_type=khop2
config:root_path=/nvme/graph-learning-copy/samgraph/
config:dataset=mag240m-homo
config:pipeline=False
config:cache_policy=clique_part
config:cache_percentage=0.02
config:num_epoch=4
config:batch_size=8000
config:num_hidden=256
config:max_sampling_jobs=1
config:max_copying_jobs=1
config:barriered_epoch=1
config:presample_epoch=2
config:omp_thread_num=13
config:unsupervised=False
config:amp=True
config:rolling=0
config:fanout=[25, 10]
config:lr=0.003
config:dropout=0.5
config:single_gpu=False
config:max_num_step=100000
config:validate_configs=False
config:report_acc=0
config:dataset_path=/nvme/graph-learning-copy/samgraph/mag240m-homo
config:torch_thread_num=13
config:train_workers=['cuda:0', 'cuda:1', 'cuda:2']
config:sample_workers=['cuda:3']
config:num_fanout=2
config:num_layer=2
config:_run_mode=RunMode.FGNN
config:_log_level=warn
config:_profile_level=3
config:_empty_feat=25
config:_arch=5
config:_sample_type=5
config:_cache_policy=14
test_result:init:input_scale_factor=1.1
0 :  {link #0 : 1}, {link #1 : 2},
1 :  {link #0 : 2}, {link #1 : 0},
2 :  {link #0 : 0}, {link #1 : 1},
0 :  {link #0 : 1}, {link #1 : 2},
1 :  {link #0 : 2}, {link #1 : 0},
2 :  {link #0 : 0}, {link #1 : 1},
0 :  {link #0 : 1}, {link #1 : 2},
1 :  {link #0 : 2}, {link #1 : 0},
2 :  {link #0 : 0}, {link #1 : 1},
coll_cache:optimal_rep_storage=0
coll_cache:optimal_part_storage=0.06
coll_cache:optimal_cpu_storage=0.94
coll_cache:optimal_local_storage=0.02
coll_cache:optimal_remote_storage=0.04
coll_cache:optimal_local_rate=0.320401
coll_cache:optimal_remote_rate=0.640803
coll_cache:optimal_cpu_rate=0.0387958
z=850.829,850.829,850.829,
test_result:init:feat_nbytes=375030526464
test_result:init:cache_nbytes=7538112000
test_result:init:feat_nbytes=375030526464
test_result:init:cache_nbytes=7538112000
test_result:init:feat_nbytes=375030526464
test_result:init:cache_nbytes=7538112000
0 :  {link #0 : 1}, {link #1 : 2},
1 :  {link #0 : 2}, {link #1 : 0},
2 :  {link #0 : 0}, {link #1 : 1},
0 :  {link #0 : 1}, {link #1 : 2},
1 :  {link #0 : 2}, {link #1 : 0},
2 :  {link #0 : 0}, {link #1 : 1},
0 :  {link #0 : 1}, {link #1 : 2},
1 :  {link #0 : 2}, {link #1 : 0},
2 :  {link #0 : 0}, {link #1 : 1},
test_result:init:cache_nbytes=0
test_result:init:cache_nbytes=0
test_result:init:cache_nbytes=0
[Train  Worker 1/3] Started with PID 186139(Tesla V100-SXM2-16GB)
[Train  Worker 1] run train for 4 epochs with 141 steps
[Train  Worker 1] Avg Epoch Time 1.8208 | Train Total Time(Profiler) 1.0310 | Copy Time 0.7852
[Train  Worker 0/3] Started with PID 186137(Tesla V100-SXM2-16GB)
[Train  Worker 0] run train for 4 epochs with 141 steps
Epoch 00000 | Epoch Time 3.2144 | Total Train Time(Profiler) 2.3881 | Copy Time 0.8213
Epoch 00001 | Epoch Time 1.8196 | Total Train Time(Profiler) 1.0309 | Copy Time 0.7847
Epoch 00002 | Epoch Time 1.8163 | Total Train Time(Profiler) 1.0269 | Copy Time 0.7853
Epoch 00003 | Epoch Time 1.8266 | Total Train Time(Profiler) 1.0376 | Copy Time 0.7846
[Train  Worker 0] Avg Epoch Time 1.8208 | Train Total Time(Profiler) 1.0318 | Copy Time 0.7848
[Train  Worker 2/3] Started with PID 186141(Tesla V100-SXM2-16GB)
[Train  Worker 2] run train for 4 epochs with 141 steps
[Train  Worker 2] Avg Epoch Time 1.8207 | Train Total Time(Profiler) 1.0319 | Copy Time 0.7845
    [Step(average) Profiler Level 1 E3 S140]
        L1  sample           0.004670 | send           0.001234
        L1  recv             0.000000 | copy           0.000000 | convert time 0.000000 | train  0.000000
        L1  feature nbytes 0.00 Bytes | label nbytes 0.00 Bytes
        L1  id nbytes      0.00 Bytes | graph nbytes 0.00 Bytes
        L1  miss nbytes    0.00 Bytes | remote nbytes 0.00 Bytes
        L1  num nodes         1052506 | num samples     1460000
    [Step(average) Profiler Level 2 E3 S140]
        L2  shuffle     0.000253 | core sample  0.001497 | id remap        0.002825
        L2  graph copy  0.000000 | id copy      0.000000 | cache feat copy 0.000000
        L2  last layer sample time 0.000290 | size 65743.021277
    [Step(average) Profiler Level 3 E3 S140]
        L3  khop sample coo  0.001216 | khop sort coo      0.000000 | khop count edge     0.000036 | khop compact edge 0.000207
        L3  walk sample coo  0.000000 | walk topk total    0.000000 | walk topk step1     0.000000 | walk topk step2   0.000000
        L3  walk topk step3  0.000000 | walk topk step4    0.000000 | walk topk step5     0.000000
        L3  walk topk step6  0.000000 | walk topk step7    0.000000
        L3  remap unique     0.000000 | remap populate     0.002374 | remap mapnode       0.000000 | remap mapedge     0.000450
        L3  cache get_index  0.000000 | cache copy_index   0.000000 | cache extract_miss  0.000000
        L3  cache copy_miss  0.000000 | cache combine_miss 0.000000 | cache combine cache 0.000000 | cache combine remote 0.000000
        L3  label extract  0.000000
    [Init Profiler Level 1]
        L1  init     5.6274 | sampler init    12.5165 | trainer init 0.0000
    [Init Profiler Level 2]
        L2  load ds         8.8550 | init queue           3.1251
        L2  presample       4.3981 | build interal ds     1.7631
        L2  build cache     0.0000
    [Init Profiler Level 3]
        L3  load dataset: mmap     5.6236 | copy         3.2314
        L3  dist queue: alloc      0.0017 | pin          3.1234 | push     0.0000
        L3  presample: init        0.6451
        L3  presample: sample      1.3202 | copy         0.0948
        L3  presample: count       0.9980 | sort         0.5418
        L3  presample: reset       0.0006 | get rank     0.0923
        L3  internal: cuda ctx     1.5211 | cuda stream     0.2377
[Sample Worker 0/1] Started with PID 186136(Tesla V100-SXM2-16GB)
[Sample Worker 0] run sample for 4 epochs with 141 steps
[Sample Worker 0] Avg Sample Total Time 0.8336 | Sampler Total Time(Profiler) 0.8324
test_result:sample_time=0.6584
test_result:get_cache_miss_index_time=0.0000
test_result:enqueue_samples_time=0.1740
test_result:epoch_time:sample_total=0.8336
[CUDA] cuda0: usage: 15.43 GB
[SAM] cuda0 data alloc        : 0.00 Bytes
[SAM] cuda0 workspace         : 3.35 GB
[SAM] cuda0 workspace reserve : 1.67 GB
[SAM] cuda0 total             : 3.35 GB
    [Step(average) Profiler Level 1 E3 S140]
        L1  sample           0.000000 | send           0.000000
        L1  recv             0.001417 | copy           0.016699 | convert time 0.000388 | train  0.021561
        L1  feature nbytes    1.51 GB | label nbytes   62.50 KB
        L1  id nbytes      0.00 Bytes | graph nbytes 0.00 Bytes
        L1  miss nbytes      83.90 MB | remote nbytes  971.87 MB
        L1  num nodes               0 | num samples           0
    [Step(average) Profiler Level 2 E3 S140]
        L2  shuffle     0.000000 | core sample  0.000000 | id remap        0.000000
        L2  graph copy  0.000003 | id copy      0.000000 | cache feat copy 0.015278
        L2  last layer sample time 0.000000 | size 0.000000
    [Step(average) Profiler Level 3 E3 S140]
        L3  khop sample coo  0.000000 | khop sort coo      0.000000 | khop count edge     0.000000 | khop compact edge 0.000000
        L3  walk sample coo  0.000000 | walk topk total    0.000000 | walk topk step1     0.000000 | walk topk step2   0.000000
        L3  walk topk step3  0.000000 | walk topk step4    0.000000 | walk topk step5     0.000000
        L3  walk topk step6  0.000000 | walk topk step7    0.000000
        L3  remap unique     0.000000 | remap populate     0.000000 | remap mapnode       0.000000 | remap mapedge     0.000000
        L3  cache get_index  0.000671 | cache copy_index   0.000000 | cache extract_miss  0.000000
        L3  cache copy_miss  0.000000 | cache combine_miss 0.007476 | cache combine cache 0.001728 | cache combine remote 0.012686
        L3  label extract  0.000182
    [Init Profiler Level 1]
        L1  init     5.6274 | sampler init     0.0000 | trainer init 40.7420
    [Init Profiler Level 2]
        L2  load ds         5.6236 | init queue           3.0943
        L2  presample       0.0000 | build interal ds     1.4906
        L2  build cache    36.1535
    [Init Profiler Level 3]
        L3  load dataset: mmap     5.6236 | copy         0.0000
        L3  dist queue: alloc      0.0017 | pin          3.0926 | push     0.0000
        L3  presample: init        0.0000
        L3  presample: sample      0.0000 | copy         0.0000
        L3  presample: count       0.0000 | sort         0.0000
        L3  presample: reset       0.0000 | get rank     0.0000
        L3  internal: cuda ctx     1.4906 | cuda stream     0.0001
|===========================================================================|
|                  PyTorch CUDA memory summary, device ID 0                 |
|---------------------------------------------------------------------------|
|            CUDA OOMs: 0            |        cudaMalloc retries: 0         |
|===========================================================================|
|        Metric         | Cur Usage  | Peak Usage | Tot Alloc  | Tot Freed  |
|---------------------------------------------------------------------------|
| Allocated memory      |   43874 KB |  734058 KB |  401025 MB |  400982 MB |
|       from large pool |   34244 KB |  731023 KB |  398215 MB |  398182 MB |
|       from small pool |    9630 KB |   11961 KB |    2809 MB |    2800 MB |
|---------------------------------------------------------------------------|
| Active memory         |   43875 KB |  734058 KB |  401025 MB |  400982 MB |
|       from large pool |   34244 KB |  731023 KB |  398215 MB |  398182 MB |
|       from small pool |    9630 KB |   11961 KB |    2809 MB |    2800 MB |
|---------------------------------------------------------------------------|
| GPU reserved memory   |     884 MB |     884 MB |     884 MB |       0 B  |
|       from large pool |     868 MB |     868 MB |     868 MB |       0 B  |
|       from small pool |      16 MB |      16 MB |      16 MB |       0 B  |
|---------------------------------------------------------------------------|
| Non-releasable memory |  107677 KB |  692870 KB |  296456 MB |  296351 MB |
|       from large pool |  105019 KB |  689522 KB |  293485 MB |  293383 MB |
|       from small pool |    2657 KB |    5989 KB |    2970 MB |    2967 MB |
|---------------------------------------------------------------------------|
| Allocations           |      42    |      57    |   22597    |   22555    |
|       from large pool |       7    |      18    |    9779    |    9772    |
|       from small pool |      35    |      41    |   12818    |   12783    |
|---------------------------------------------------------------------------|
| Active allocs         |      43    |      57    |   22597    |   22554    |
|       from large pool |       7    |      18    |    9779    |    9772    |
|       from small pool |      36    |      41    |   12818    |   12782    |
|---------------------------------------------------------------------------|
| GPU reserved segments |      18    |      18    |      18    |       0    |
|       from large pool |      10    |      10    |      10    |       0    |
|       from small pool |       8    |       8    |       8    |       0    |
|---------------------------------------------------------------------------|
| Non-releasable allocs |      17    |      31    |   10660    |   10643    |
|       from large pool |       5    |      15    |    6464    |    6459    |
|       from small pool |      12    |      21    |    4196    |    4184    |
|---------------------------------------------------------------------------|
| Oversize allocations  |       0    |       0    |       0    |       0    |
|---------------------------------------------------------------------------|
| Oversize GPU segments |       0    |       0    |       0    |       0    |
|===========================================================================|

test_result:epoch_time:copy_time=0.7848
test_result:convert_time=0.0181
test_result:train_time=1.0137
test_result:epoch_time:train_total=1.0318
test_result:cache_percentage=0.0200
test_result:cache_hit_rate=1.0000
test_result:run_time=12.0194
