[2022-12-08 19:18:32. 83248: W /samgraph/samgraph/common/cpu/mmap_cpu_device.cc:92] mmap allocating space 12.87 GB
[2022-12-08 19:18:32. 83352: W /samgraph/samgraph/common/cpu/mmap_cpu_device.cc:97] mmap allocating space 12.87 GB done
[2022-12-08 19:18:37.308968: W /samgraph/samgraph/common/cpu/mmap_cpu_device.cc:92] mmap allocating space 48.00 GB
[2022-12-08 19:18:37.309077: W /samgraph/samgraph/common/cpu/mmap_cpu_device.cc:97] mmap allocating space 48.00 GB done
[2022-12-08 19:18:37.309122: W /samgraph/samgraph/common/cpu/mmap_cpu_device.cc:92] mmap allocating space 1.82 GB
[2022-12-08 19:18:37.309155: W /samgraph/samgraph/common/cpu/mmap_cpu_device.cc:97] mmap allocating space 1.82 GB done
[2022-12-08 19:18:37.313268: W /samgraph/samgraph/common/cpu/mmap_cpu_device.cc:92] mmap allocating space 19.07 GB
[2022-12-08 19:18:37.313319: W /samgraph/samgraph/common/cpu/mmap_cpu_device.cc:97] mmap allocating space 19.07 GB done
/usr/lib/python3/dist-packages/requests/__init__.py:89: RequestsDependencyWarning: urllib3 (1.26.12) or chardet (3.0.4) doesn't match a supported version!
  warnings.warn("urllib3 ({}) or chardet ({}) doesn't match a supported "
[2022-12-08 19:18:37.455845: W /samgraph/samgraph/common/dist/dist_engine.cc:662] Trainer[1] initializing...
[2022-12-08 19:18:37.503370: W /samgraph/samgraph/common/dist/dist_engine.cc:662] Trainer[0] initializing...
[2022-12-08 19:18:37.532756: W /samgraph/samgraph/common/dist/dist_engine.cc:662] Trainer[2] initializing...
[2022-12-08 19:18:38.947532: W /samgraph/samgraph/common/dist/dist_engine.cc:666] Trainer[1] pin memory queue...
[2022-12-08 19:18:38.960207: W /samgraph/samgraph/common/dist/dist_engine.cc:666] Trainer[2] pin memory queue...
[2022-12-08 19:18:38.973655: W /samgraph/samgraph/common/dist/dist_engine.cc:666] Trainer[0] pin memory queue...
[2022-12-08 19:18:45.130152: E /samgraph/samgraph/common/dist/dist_engine.cc:85] Running on V100
[2022-12-08 19:18:45.130632: W /samgraph/samgraph/common/dist/dist_engine.cc:701] Trainer[0] register host memory...
[2022-12-08 19:18:45.135676: E /samgraph/samgraph/common/dist/dist_engine.cc:85] Running on V100
[2022-12-08 19:18:45.136054: W /samgraph/samgraph/common/dist/dist_engine.cc:701] Trainer[1] register host memory...
[2022-12-08 19:18:45.138960: E /samgraph/samgraph/common/dist/dist_engine.cc:85] Running on V100
[2022-12-08 19:18:45.139042: W /samgraph/samgraph/common/dist/dist_engine.cc:701] Trainer[2] register host memory...
[2022-12-08 19:18:45.368027: E /samgraph/samgraph/common/dist/dist_engine.cc:85] Running on V100
[2022-12-08 19:18:45.372192: W /samgraph/samgraph/common/cuda/cuda_device.cc:49] GPU[3] alloc cuda memory 931.40 MB
[2022-12-08 19:18:45.593093: W /samgraph/samgraph/common/cuda/cuda_device.cc:49] GPU[3] alloc cuda memory 12.87 GB
[2022-12-08 19:18:48.536336: W /samgraph/samgraph/common/cuda/cuda_device.cc:49] GPU[3] alloc cuda memory 64.00 MB
[2022-12-08 19:18:48.539761: E /samgraph/samgraph/common/dist/pre_sampler.cc:41] Dist Presampler making shuffler...
[2022-12-08 19:18:48.542909: E /samgraph/samgraph/common/dist/pre_sampler.cc:44] Dist Presampler making shuffler...Done
[2022-12-08 19:18:48.542954: W /samgraph/samgraph/common/cpu/cpu_device.cc:39] WORKER[0] alloc host memory 1.82 GB
[2022-12-08 19:18:49.172942: E /samgraph/samgraph/common/dist/pre_sampler.cc:85] Dist Presampler doing presample epoch 0
[2022-12-08 19:18:50.379548: E /samgraph/samgraph/common/dist/pre_sampler.cc:129] presample spend 0.661001 on sample, 0.0534591 on copy, 0.489422 on count
[2022-12-08 19:18:50.379655: E /samgraph/samgraph/common/dist/pre_sampler.cc:85] Dist Presampler doing presample epoch 1
[2022-12-08 19:18:51.677554: E /samgraph/samgraph/common/dist/pre_sampler.cc:129] presample spend 1.31842 on sample, 0.10553 on copy, 1.07505 on count
[2022-12-08 19:18:51.677752: E /samgraph/samgraph/common/dist/pre_sampler.cc:136] max_num_inputs = 591890, min_num_inputs = 562604
[2022-12-08 19:18:52.234431: E /samgraph/samgraph/common/dist/pre_sampler.cc:148] presample spend 0.556585 on sort freq.
[2022-12-08 19:18:52.950465: E /samgraph/samgraph/common/dist/dist_engine.cc:524] pre sample done, delete it
[[2022-12-08 19:18:53[.2022-12-08 19:18:532022-12-08 19:18:53 13654..:  13659 13667W: :  WW/samgraph/samgraph/common/dist/dist_engine.cc  :/samgraph/samgraph/common/dist/dist_engine.cc/samgraph/samgraph/common/dist/dist_engine.cc711::] 711711Trainer[1] building cache...] ] 
Trainer[0] building cache...Trainer[2] building cache...

[2022-12-08 19:18:53. 15741: E /samgraph/3rdparty/collcachelib/coll_cache_lib/coll_cache/asymm_link_desc.cc[:2022-12-08 19:18:53200.]  15780: build symm link desc with 3X Tesla V100-SXM2-16GB out of 4E
 /samgraph/3rdparty/collcachelib/coll_cache_lib/coll_cache/asymm_link_desc.cc:200] [build symm link desc with 3X Tesla V100-SXM2-16GB out of 42022-12-08 19:18:53
. 15878: E /samgraph/3rdparty/collcachelib/coll_cache_lib/coll_cache/asymm_link_desc.cc[:2022-12-08 19:18:53201.]  15920remote time is 8.68421: 
E /samgraph/3rdparty/collcachelib/coll_cache_lib/coll_cache/asymm_link_desc.cc:[2012022-12-08 19:18:53] .remote time is 8.68421 15979
: E /samgraph/3rdparty/collcachelib/coll_cache_lib/coll_cache/asymm_link_desc.cc[:2022-12-08 19:18:53202.]  16031cpu time is 30: 
E /samgraph/3rdparty/collcachelib/coll_cache_lib/coll_cache/asymm_link_desc.cc:202] cpu time is 30
[2022-12-08 19:18:53. 18839: E /samgraph/3rdparty/collcachelib/coll_cache_lib/coll_cache/asymm_link_desc.cc:200] build symm link desc with 3X Tesla V100-SXM2-16GB out of 4
[2022-12-08 19:18:53. 18895: E /samgraph/3rdparty/collcachelib/coll_cache_lib/coll_cache/asymm_link_desc.cc:201] remote time is 8.68421
[2022-12-08 19:18:53. 18924: E /samgraph/3rdparty/collcachelib/coll_cache_lib/coll_cache/asymm_link_desc.cc:202] cpu time is 30
[2022-12-08 19:19:23.512263: E /samgraph/3rdparty/collcachelib/coll_cache_lib/facade.cc:118] solver created. now build & solve
[2022-12-08 19:19:23.634486: E /samgraph/3rdparty/collcachelib/coll_cache_lib/facade.cc:123] solver built. now solve
[2022-12-08 19:19:23.634551: E /samgraph/3rdparty/collcachelib/coll_cache_lib/coll_cache/optimal_solver_class.cc:895] num_cached_nodes = 7324814
[2022-12-08 19:19:25.172064: E /samgraph/3rdparty/collcachelib/coll_cache_lib/facade.cc:127] solver solved
[2022-12-08 19:19:25.172300: E /samgraph/3rdparty/collcachelib/coll_cache_lib/facade.cc:195] 0 solved master
[2022-12-08 19:19:25.172356: E /samgraph/3rdparty/collcachelib/coll_cache_lib/facade.cc:202] 0 solved
[2022-12-08 19:19:25.172390: E /samgraph/3rdparty/collcachelib/coll_cache_lib/facade.cc:205] worker 0 thread 0 initing device 0
[2022-12-08 19:19:25.225679: E /samgraph/3rdparty/collcachelib/coll_cache_lib/facade.cc:202] 1 solved
[2022-12-08 19:19:25.225788: E /samgraph/3rdparty/collcachelib/coll_cache_lib/facade.cc:205] worker 1 thread 1 initing device 1
[2022-12-08 19:19:25.225851: E /samgraph/3rdparty/collcachelib/coll_cache_lib/facade.cc:202] 2 solved
[2022-12-08 19:19:25.225921: E /samgraph/3rdparty/collcachelib/coll_cache_lib/facade.cc:205] worker 2 thread 2 initing device 2
[2022-12-08 19:19:25.470693: W /samgraph/3rdparty/collcachelib/coll_cache_lib/cache_context.cu:1634] using empty feat=25
[2022-12-08 19:19:25.520482: W /samgraph/3rdparty/collcachelib/coll_cache_lib/cache_context.cu:1634] using empty feat=25
[2022-12-08 19:19:25.523453: W /samgraph/3rdparty/collcachelib/coll_cache_lib/cache_context.cu:1634] using empty feat=25
[2022-12-08 19:19:26.476067: E /samgraph/3rdparty/collcachelib/coll_cache_lib/cache_context.cu:1744] Collaborative GPU cache (policy: rep_cache) | local 7324814 / 244160499 nodes ( 3.00 %~3.00 %) | remote 0 / 244160499 nodes ( 0.00 %) | cpu 236835685 / 244160499 nodes ( 97.00 %) | 10.48 GB | 1.30162 secs 
[2022-12-08 19:19:26.476480: E /samgraph/3rdparty/collcachelib/coll_cache_lib/cache_context.cu:1744] Collaborative GPU cache (policy: rep_cache) | local 7324814 / 244160499 nodes ( 3.00 %~3.00 %) | remote 0 / 244160499 nodes ( 0.00 %) | cpu 236835685 / 244160499 nodes ( 97.00 %) | 10.48 GB | 1.24818 secs 
[2022-12-08 19:19:26.476584: E /samgraph/3rdparty/collcachelib/coll_cache_lib/cache_context.cu:1744] Collaborative GPU cache (policy: rep_cache) | local 7324814 / 244160499 nodes ( 3.00 %~3.00 %) | remote 0 / 244160499 nodes ( 0.00 %) | cpu 236835685 / 244160499 nodes ( 97.00 %) | 10.48 GB | 1.24839 secs 
[2022-12-08 19:19:26.478098: E /samgraph/3rdparty/collcachelib/coll_cache_lib/coll_cache/asymm_link_desc.cc:200] build symm link desc with 3X Tesla V100-SXM2-16GB out of 4[
2022-12-08 19:19:26.478125: E[ 2022-12-08 19:19:26/samgraph/3rdparty/collcachelib/coll_cache_lib/coll_cache/asymm_link_desc.cc:.[2004781542022-12-08 19:19:26: ] .Ebuild symm link desc with 3X Tesla V100-SXM2-16GB out of 4478154 
: /samgraph/3rdparty/collcachelib/coll_cache_lib/coll_cache/asymm_link_desc.ccE: [201/samgraph/3rdparty/collcachelib/coll_cache_lib/coll_cache/asymm_link_desc.cc2022-12-08 19:19:26] :.remote time is 8.68421200478210
] : Ebuild symm link desc with 3X Tesla V100-SXM2-16GB out of 4 [
/samgraph/3rdparty/collcachelib/coll_cache_lib/coll_cache/asymm_link_desc.cc2022-12-08 19:19:26.:478243201: ] E[remote time is 8.68421 2022-12-08 19:19:26
/samgraph/3rdparty/collcachelib/coll_cache_lib/coll_cache/asymm_link_desc.cc.:478265: 202[2022-12-08 19:19:26E] . cpu time is 30478289/samgraph/3rdparty/collcachelib/coll_cache_lib/coll_cache/asymm_link_desc.cc: 
:E201 ] /samgraph/3rdparty/collcachelib/coll_cache_lib/coll_cache/asymm_link_desc.ccremote time is 8.68421:
202] cpu time is 30
[2022-12-08 19:19:26.478348: E /samgraph/3rdparty/collcachelib/coll_cache_lib/coll_cache/asymm_link_desc.cc:202] cpu time is 30
[[[2022-12-08 19:19:282022-12-08 19:19:28.2022-12-08 19:19:28.838033.838032: 838033: E: E E /samgraph/3rdparty/collcachelib/coll_cache_lib/facade.cc /samgraph/3rdparty/collcachelib/coll_cache_lib/facade.cc:/samgraph/3rdparty/collcachelib/coll_cache_lib/facade.cc:202:] 202202] 1 solved] 2 solved
0 solved

[2022-12-08 19:19:28.[[8382322022-12-08 19:19:282022-12-08 19:19:28: ..E838237838239 : : /samgraph/3rdparty/collcachelib/coll_cache_lib/facade.ccEE: 205 /samgraph/3rdparty/collcachelib/coll_cache_lib/facade.cc] /samgraph/3rdparty/collcachelib/coll_cache_lib/facade.cc:worker 1 thread 1 initing device 1:205
205] worker 2 thread 2 initing device 2] 
worker 0 thread 0 initing device 0
[2022-12-08 19:19:30.613933: W /samgraph/samgraph/common/cuda/cuda_device.cc:49] GPU[0] alloc cuda memory 915.66 MB
[2022-12-08 19:19:32. 59078: F /samgraph/samgraph/common/cuda/cuda_device.cc:47] Check failed: e == cudaSuccess || e == cudaErrorCudartUnloading [178799]CUDA: out of memory
[2022-12-08 19:19:32. 59867: F /samgraph/samgraph/common/cuda/cuda_device.cc:47] Check failed: e == cudaSuccess || e == cudaErrorCudartUnloading [178801]CUDA: out of memory
[2022-12-08 19:19:32. 60358: F /samgraph/samgraph/common/cuda/cuda_device.cc:47] Check failed: e == cudaSuccess || e == cudaErrorCudartUnloading [178802]CUDA: out of memory
[2022-12-08 19:19:36. 61287: E /samgraph/samgraph/common/operation.cc:571] detect an abnormal terminated child, signal is Aborted
