config:eval_tsp="2022-12-05 18:27:50"
config:arch=arch5
config:num_train_worker=3
config:num_sample_worker=1
config:sample_type=khop2
config:root_path=/nvme/graph-learning-copy/samgraph/
config:dataset=papers100M-undir
config:pipeline=False
config:cache_policy=rep
config:cache_percentage=0.12
config:num_epoch=4
config:batch_size=8000
config:num_hidden=256
config:max_sampling_jobs=1
config:max_copying_jobs=1
config:barriered_epoch=1
config:presample_epoch=2
config:omp_thread_num=13
config:unsupervised=False
config:amp=True
config:rolling=0
config:fanout=[25, 10]
config:lr=0.003
config:dropout=0.5
config:single_gpu=False
config:max_num_step=100000
config:validate_configs=False
config:report_acc=0
config:dataset_path=/nvme/graph-learning-copy/samgraph/papers100M-undir
config:torch_thread_num=13
config:train_workers=['cuda:0', 'cuda:1', 'cuda:2']
config:sample_workers=['cuda:3']
config:num_fanout=2
config:num_layer=2
config:_run_mode=RunMode.FGNN
config:_log_level=warn
config:_profile_level=3
config:_empty_feat=0
config:_arch=5
config:_sample_type=5
config:_cache_policy=12
test_result:init:input_scale_factor=1.1
0 :  {link #0 : 1}, {link #1 : 2},
1 :  {link #0 : 2}, {link #1 : 0},
2 :  {link #0 : 0}, {link #1 : 1},
0 :  {link #0 : 1}, {link #1 : 2},
1 :  {link #0 : 2}, {link #1 : 0},
2 :  {link #0 : 0}, {link #1 : 1},
0 :  {link #0 : 1}, {link #1 : 2},
1 :  {link #0 : 2}, {link #1 : 0},
2 :  {link #0 : 0}, {link #1 : 1},
coll_cache:optimal_rep_storage=0.12
coll_cache:optimal_part_storage=0
coll_cache:optimal_cpu_storage=0.88
coll_cache:optimal_local_storage=0.12
coll_cache:optimal_remote_storage=0
coll_cache:optimal_local_rate=0.967457
coll_cache:optimal_remote_rate=0
coll_cache:optimal_cpu_rate=0.0325431
z=582.757
test_result:init:feat_nbytes=56862697472
test_result:init:cache_nbytes=6823523328
test_result:init:feat_nbytes=56862697472
test_result:init:cache_nbytes=6823523328
test_result:init:feat_nbytes=56862697472
test_result:init:cache_nbytes=6823523328
0 :  {link #0 : 1}, {link #1 : 2},
1 :  {link #0 : 2}, {link #1 : 0},
2 :  {link #0 : 0}, {link #1 : 1},
0 :  {link #0 : 1}, {link #1 : 2},
1 :  {link #0 : 2}, {link #1 : 0},
2 :  {link #0 : 0}, {link #1 : 1},
0 :  {link #0 : 1}, {link #1 : 2},
1 :  {link #0 : 2}, {link #1 : 0},
2 :  {link #0 : 0}, {link #1 : 1},
coll_cache:optimal_rep_storage=0.12
coll_cache:optimal_part_storage=0
coll_cache:optimal_cpu_storage=0.88
coll_cache:optimal_local_storage=0.12
coll_cache:optimal_remote_storage=0
coll_cache:optimal_local_rate=0.967457
coll_cache:optimal_remote_rate=0
coll_cache:optimal_cpu_rate=0.0325431
z=582.757
test_result:init:cache_nbytes=0
test_result:init:cache_nbytes=0
test_result:init:cache_nbytes=0
[Train  Worker 2/3] Started with PID 143154(Tesla V100-SXM2-16GB)
[Train  Worker 2] run train for 4 epochs with 153 steps
[Train  Worker 2] Avg Epoch Time 0.7157 | Train Total Time(Profiler) 0.4254 | Copy Time 0.2858
[Train  Worker 1/3] Started with PID 143153(Tesla V100-SXM2-16GB)
[Train  Worker 1] run train for 4 epochs with 153 steps
[Train  Worker 1] Avg Epoch Time 0.7157 | Train Total Time(Profiler) 0.4268 | Copy Time 0.2840
[Train  Worker 0/3] Started with PID 143151(Tesla V100-SXM2-16GB)
[Train  Worker 0] run train for 4 epochs with 153 steps
Epoch 00000 | Epoch Time 1.8334 | Total Train Time(Profiler) 1.5306 | Copy Time 0.2970
Epoch 00001 | Epoch Time 0.7146 | Total Train Time(Profiler) 0.4257 | Copy Time 0.2840
Epoch 00002 | Epoch Time 0.7060 | Total Train Time(Profiler) 0.4160 | Copy Time 0.2852
Epoch 00003 | Epoch Time 0.7267 | Total Train Time(Profiler) 0.4363 | Copy Time 0.2848
[Train  Worker 0] Avg Epoch Time 0.7158 | Train Total Time(Profiler) 0.4260 | Copy Time 0.2847
    [Step(average) Profiler Level 1 E3 S152]
        L1  sample           0.005592 | send           0.001404
        L1  recv             0.000000 | copy           0.000000 | convert time 0.000000 | train  0.000000
        L1  feature nbytes 0.00 Bytes | label nbytes 0.00 Bytes
        L1  id nbytes      0.00 Bytes | graph nbytes 0.00 Bytes
        L1  miss nbytes    0.00 Bytes | remote nbytes 0.00 Bytes
        L1  num nodes         1100994 | num samples     1712916
    [Step(average) Profiler Level 2 E3 S152]
        L2  shuffle     0.000269 | core sample  0.002043 | id remap        0.003178
        L2  graph copy  0.000000 | id copy      0.000000 | cache feat copy 0.000000
        L2  last layer sample time 0.000320 | size 72444.559913
    [Step(average) Profiler Level 3 E3 S152]
        L3  khop sample coo  0.001726 | khop sort coo      0.000000 | khop count edge     0.000038 | khop compact edge 0.000240
        L3  walk sample coo  0.000000 | walk topk total    0.000000 | walk topk step1     0.000000 | walk topk step2   0.000000
        L3  walk topk step3  0.000000 | walk topk step4    0.000000 | walk topk step5     0.000000
        L3  walk topk step6  0.000000 | walk topk step7    0.000000
        L3  remap unique     0.000000 | remap populate     0.002643 | remap mapnode       0.000000 | remap mapedge     0.000535
        L3  cache get_index  0.000000 | cache copy_index   0.000000 | cache extract_miss  0.000000
        L3  cache copy_miss  0.000000 | cache combine_miss 0.000000 | cache combine cache 0.000000 | cache combine remote 0.000000
        L3  label extract  0.000000
    [Init Profiler Level 1]
        L1  init     5.2845 | sampler init    12.1253 | trainer init 0.0000
    [Init Profiler Level 2]
        L2  load ds         8.1513 | init queue           3.7401
        L2  presample       3.7484 | build interal ds     1.7670
        L2  build cache     0.0000
    [Init Profiler Level 3]
        L3  load dataset: mmap     5.2805 | copy         2.8708
        L3  dist queue: alloc      0.0017 | pin          3.7384 | push     0.0000
        L3  presample: init        0.2950
        L3  presample: sample      1.6995 | copy         0.1068
        L3  presample: count       1.0030 | sort         0.2666
        L3  presample: reset       0.0008 | get rank     0.0384
        L3  internal: cuda ctx     1.5214 | cuda stream     0.2412
[Sample Worker 0/1] Started with PID 143150(Tesla V100-SXM2-16GB)
[Sample Worker 0] run sample for 4 epochs with 153 steps
[Sample Worker 0] Avg Sample Total Time 1.0718 | Sampler Total Time(Profiler) 1.0703
test_result:sample_time=0.8555
test_result:get_cache_miss_index_time=0.0000
test_result:enqueue_samples_time=0.2147
test_result:epoch_time:sample_total=1.0718
[CUDA] cuda0: usage: 12.32 GB
[SAM] cuda0 data alloc        : 0.00 Bytes
[SAM] cuda0 workspace         : 1.22 GB
[SAM] cuda0 workspace reserve : 619.52 MB
[SAM] cuda0 total             : 1.22 GB
    [Step(average) Profiler Level 1 E3 S152]
        L1  sample           0.000000 | send           0.000000
        L1  recv             0.001566 | copy           0.005585 | convert time 0.000401 | train  0.007954
        L1  feature nbytes  537.60 MB | label nbytes   62.50 KB
        L1  id nbytes      0.00 Bytes | graph nbytes 0.00 Bytes
        L1  miss nbytes      25.01 MB | remote nbytes 0.00 Bytes
        L1  num nodes               0 | num samples           0
    [Step(average) Profiler Level 2 E3 S152]
        L2  shuffle     0.000000 | core sample  0.000000 | id remap        0.000000
        L2  graph copy  0.000003 | id copy      0.000000 | cache feat copy 0.004017
        L2  last layer sample time 0.000000 | size 0.000000
    [Step(average) Profiler Level 3 E3 S152]
        L3  khop sample coo  0.000000 | khop sort coo      0.000000 | khop count edge     0.000000 | khop compact edge 0.000000
        L3  walk sample coo  0.000000 | walk topk total    0.000000 | walk topk step1     0.000000 | walk topk step2   0.000000
        L3  walk topk step3  0.000000 | walk topk step4    0.000000 | walk topk step5     0.000000
        L3  walk topk step6  0.000000 | walk topk step7    0.000000
        L3  remap unique     0.000000 | remap populate     0.000000 | remap mapnode       0.000000 | remap mapedge     0.000000
        L3  cache get_index  0.000705 | cache copy_index   0.000000 | cache extract_miss  0.000000
        L3  cache copy_miss  0.000000 | cache combine_miss 0.003124 | cache combine cache 0.002307 | cache combine remote 0.000000
        L3  label extract  0.000176
    [Init Profiler Level 1]
        L1  init     5.2845 | sampler init     0.0000 | trainer init 37.1954
    [Init Profiler Level 2]
        L2  load ds         5.2805 | init queue           3.6764
        L2  presample       0.0000 | build interal ds     1.5129
        L2  build cache    32.0026
    [Init Profiler Level 3]
        L3  load dataset: mmap     5.2805 | copy         0.0000
        L3  dist queue: alloc      0.0017 | pin          3.6747 | push     0.0000
        L3  presample: init        0.0000
        L3  presample: sample      0.0000 | copy         0.0000
        L3  presample: count       0.0000 | sort         0.0000
        L3  presample: reset       0.0000 | get rank     0.0000
        L3  internal: cuda ctx     1.5129 | cuda stream     0.0001
|===========================================================================|
|                  PyTorch CUDA memory summary, device ID 0                 |
|---------------------------------------------------------------------------|
|            CUDA OOMs: 0            |        cudaMalloc retries: 0         |
|===========================================================================|
|        Metric         | Cur Usage  | Peak Usage | Tot Alloc  | Tot Freed  |
|---------------------------------------------------------------------------|
| Allocated memory      |   22894 KB |  402601 KB |  284906 MB |  284884 MB |
|       from large pool |   18220 KB |  399221 KB |  282794 MB |  282776 MB |
|       from small pool |    4674 KB |    7146 KB |    2112 MB |    2108 MB |
|---------------------------------------------------------------------------|
| Active memory         |   22894 KB |  402601 KB |  284906 MB |  284884 MB |
|       from large pool |   18220 KB |  399221 KB |  282794 MB |  282776 MB |
|       from small pool |    4674 KB |    7146 KB |    2112 MB |    2108 MB |
|---------------------------------------------------------------------------|
| GPU reserved memory   |  579584 KB |  579584 KB |  579584 KB |       0 B  |
|       from large pool |  569344 KB |  569344 KB |  569344 KB |       0 B  |
|       from small pool |   10240 KB |   10240 KB |   10240 KB |       0 B  |
|---------------------------------------------------------------------------|
| Non-releasable memory |   24209 KB |  368829 KB |  342551 MB |  342527 MB |
|       from large pool |   22740 KB |  367011 KB |  340136 MB |  340114 MB |
|       from small pool |    1469 KB |    3609 KB |    2415 MB |    2413 MB |
|---------------------------------------------------------------------------|
| Allocations           |      38    |      51    |   22680    |   22642    |
|       from large pool |       3    |      14    |    8976    |    8973    |
|       from small pool |      35    |      39    |   13704    |   13669    |
|---------------------------------------------------------------------------|
| Active allocs         |      39    |      51    |   22680    |   22641    |
|       from large pool |       3    |      14    |    8976    |    8973    |
|       from small pool |      36    |      39    |   13704    |   13668    |
|---------------------------------------------------------------------------|
| GPU reserved segments |      14    |      14    |      14    |       0    |
|       from large pool |       9    |       9    |       9    |       0    |
|       from small pool |       5    |       5    |       5    |       0    |
|---------------------------------------------------------------------------|
| Non-releasable allocs |      14    |      23    |   10218    |   10204    |
|       from large pool |       4    |      12    |    5116    |    5112    |
|       from small pool |      10    |      15    |    5102    |    5092    |
|---------------------------------------------------------------------------|
| Oversize allocations  |       0    |       0    |       0    |       0    |
|---------------------------------------------------------------------------|
| Oversize GPU segments |       0    |       0    |       0    |       0    |
|===========================================================================|

test_result:epoch_time:copy_time=0.2847
test_result:convert_time=0.0211
test_result:train_time=0.4049
test_result:epoch_time:train_total=0.4260
test_result:cache_percentage=0.1200
test_result:cache_hit_rate=1.0000
test_result:run_time=8.2986
