config:eval_tsp="2022-12-08 19:11:52"
config:arch=arch5
config:num_train_worker=3
config:num_sample_worker=1
config:sample_type=khop2
config:root_path=/nvme/graph-learning-copy/samgraph/
config:dataset=mag240m-homo
config:pipeline=False
config:cache_policy=rep
config:cache_percentage=0.02
config:num_epoch=4
config:batch_size=4000
config:num_hidden=256
config:max_sampling_jobs=1
config:max_copying_jobs=1
config:barriered_epoch=1
config:presample_epoch=2
config:omp_thread_num=13
config:unsupervised=False
config:amp=True
config:rolling=0
config:fanout=[25, 10]
config:lr=0.003
config:dropout=0.5
config:single_gpu=False
config:max_num_step=100000
config:validate_configs=False
config:report_acc=0
config:dataset_path=/nvme/graph-learning-copy/samgraph/mag240m-homo
config:torch_thread_num=13
config:train_workers=['cuda:0', 'cuda:1', 'cuda:2']
config:sample_workers=['cuda:3']
config:num_fanout=2
config:num_layer=2
config:_run_mode=RunMode.FGNN
config:_log_level=warn
config:_profile_level=3
config:_empty_feat=25
config:_arch=5
config:_sample_type=5
config:_cache_policy=12
test_result:init:input_scale_factor=1.1
0 :  {link #0 : 1}, {link #1 : 2},
1 :  {link #0 : 2}, {link #1 : 0},
2 :  {link #0 : 0}, {link #1 : 1},
0 :  {link #0 : 1}, {link #1 : 2},
1 :  {link #0 : 2}, {link #1 : 0},
2 :  {link #0 : 0}, {link #1 : 1},
0 :  {link #0 : 1}, {link #1 : 2},
1 :  {link #0 : 2}, {link #1 : 0},
2 :  {link #0 : 0}, {link #1 : 1},
coll_cache:optimal_rep_storage=0.02
coll_cache:optimal_part_storage=0
coll_cache:optimal_cpu_storage=0.98
coll_cache:optimal_local_storage=0.02
coll_cache:optimal_remote_storage=0
coll_cache:optimal_local_rate=0.788568
coll_cache:optimal_remote_rate=0
coll_cache:optimal_cpu_rate=0.211432
z=937.934
test_result:init:feat_nbytes=375030526464
test_result:init:cache_nbytes=7500609024
0 :  {link #0 : 1}, {link #1 : 2},
1 :  {link #0 : 2}, {link #1 : 0},
2 :  {link #0 : 0}, {link #1 : 1},
test_result:init:feat_nbytes=375030526464
test_result:init:cache_nbytes=7500609024
0 :  {link #0 : 1}, {link #1 : 2},
1 :  {link #0 : 2}, {link #1 : 0},
2 :  {link #0 : 0}, {link #1 : 1},
test_result:init:feat_nbytes=375030526464
test_result:init:cache_nbytes=7500609024
0 :  {link #0 : 1}, {link #1 : 2},
1 :  {link #0 : 2}, {link #1 : 0},
2 :  {link #0 : 0}, {link #1 : 1},
test_result:init:cache_nbytes=0
test_result:init:cache_nbytes=0
test_result:init:cache_nbytes=0
[Train  Worker 2/3] Started with PID 177195(Tesla V100-SXM2-16GB)
[Train  Worker 2] run train for 4 epochs with 279 steps
[Train  Worker 2] Avg Epoch Time 2.8913 | Train Total Time(Profiler) 1.2182 | Copy Time 1.6645
[Train  Worker 1/3] Started with PID 177194(Tesla V100-SXM2-16GB)
[Train  Worker 1] run train for 4 epochs with 279 steps
[Train  Worker 1] Avg Epoch Time 2.8914 | Train Total Time(Profiler) 1.2089 | Copy Time 1.6739
[Train  Worker 0/3] Started with PID 177192(Tesla V100-SXM2-16GB)
[Train  Worker 0] run train for 4 epochs with 279 steps
Epoch 00000 | Epoch Time 4.2421 | Total Train Time(Profiler) 2.5684 | Copy Time 1.6642
Epoch 00001 | Epoch Time 2.8913 | Total Train Time(Profiler) 1.2162 | Copy Time 1.6653
Epoch 00002 | Epoch Time 2.9036 | Total Train Time(Profiler) 1.2206 | Copy Time 1.6727
Epoch 00003 | Epoch Time 2.8795 | Total Train Time(Profiler) 1.2193 | Copy Time 1.6497
[Train  Worker 0] Avg Epoch Time 2.8914 | Train Total Time(Profiler) 1.2187 | Copy Time 1.6626
    [Step(average) Profiler Level 1 E3 S278]
        L1  sample           0.002337 | send           0.000650
        L1  recv             0.000000 | copy           0.000000 | convert time 0.000000 | train  0.000000
        L1  feature nbytes 0.00 Bytes | label nbytes 0.00 Bytes
        L1  id nbytes      0.00 Bytes | graph nbytes 0.00 Bytes
        L1  miss nbytes    0.00 Bytes | remote nbytes 0.00 Bytes
        L1  num nodes          575493 | num samples      744353
    [Step(average) Profiler Level 2 E3 S278]
        L2  shuffle     0.000148 | core sample  0.000595 | id remap        0.001500
        L2  graph copy  0.000000 | id copy      0.000000 | cache feat copy 0.000000
        L2  last layer sample time 0.000242 | size 33452.673835
    [Step(average) Profiler Level 3 E3 S278]
        L3  khop sample coo  0.000374 | khop sort coo      0.000000 | khop count edge     0.000031 | khop compact edge 0.000154
        L3  walk sample coo  0.000000 | walk topk total    0.000000 | walk topk step1     0.000000 | walk topk step2   0.000000
        L3  walk topk step3  0.000000 | walk topk step4    0.000000 | walk topk step5     0.000000
        L3  walk topk step6  0.000000 | walk topk step7    0.000000
        L3  remap unique     0.000000 | remap populate     0.001273 | remap mapnode       0.000000 | remap mapedge     0.000227
        L3  cache get_index  0.000000 | cache copy_index   0.000000 | cache extract_miss  0.000000
        L3  cache copy_miss  0.000000 | cache combine_miss 0.000000 | cache combine cache 0.000000 | cache combine remote 0.000000
        L3  label extract  0.000000
    [Init Profiler Level 1]
        L1  init     5.7259 | sampler init    15.7085 | trainer init 0.0000
    [Init Profiler Level 2]
        L2  load ds         8.9069 | init queue           6.3128
        L2  presample       4.4639 | build interal ds     1.7479
        L2  build cache     0.0000
    [Init Profiler Level 3]
        L3  load dataset: mmap     5.7220 | copy         3.1849
        L3  dist queue: alloc      0.0018 | pin          6.3110 | push     0.0000
        L3  presample: init        0.6339
        L3  presample: sample      1.3247 | copy         0.1054
        L3  presample: count       1.0155 | sort         0.5863
        L3  presample: reset       0.0008 | get rank     0.0784
        L3  internal: cuda ctx     1.5005 | cuda stream     0.2431
[Sample Worker 0/1] Started with PID 177191(Tesla V100-SXM2-16GB)
[Sample Worker 0] run sample for 4 epochs with 279 steps
[Sample Worker 0] Avg Sample Total Time 0.8356 | Sampler Total Time(Profiler) 0.8334
test_result:sample_time=0.6520
test_result:get_cache_miss_index_time=0.0000
test_result:enqueue_samples_time=0.1814
test_result:epoch_time:sample_total=0.8356
[CUDA] cuda0: usage: 12.46 GB
[SAM] cuda0 data alloc        : 0.00 Bytes
[SAM] cuda0 workspace         : 1.81 GB
[SAM] cuda0 workspace reserve : 929.33 MB
[SAM] cuda0 total             : 1.81 GB
    [Step(average) Profiler Level 1 E3 S278]
        L1  sample           0.000000 | send           0.000000
        L1  recv             0.000873 | copy           0.017925 | convert time 0.000393 | train  0.012675
        L1  feature nbytes  843.01 MB | label nbytes   31.25 KB
        L1  id nbytes      0.00 Bytes | graph nbytes 0.00 Bytes
        L1  miss nbytes    0.00 Bytes | remote nbytes 0.00 Bytes
        L1  num nodes               0 | num samples           0
    [Step(average) Profiler Level 2 E3 S278]
        L2  shuffle     0.000000 | core sample  0.000000 | id remap        0.000000
        L2  graph copy  0.000003 | id copy      0.000000 | cache feat copy 0.017049
        L2  last layer sample time 0.000000 | size 0.000000
    [Step(average) Profiler Level 3 E3 S278]
        L3  khop sample coo  0.000000 | khop sort coo      0.000000 | khop count edge     0.000000 | khop compact edge 0.000000
        L3  walk sample coo  0.000000 | walk topk total    0.000000 | walk topk step1     0.000000 | walk topk step2   0.000000
        L3  walk topk step3  0.000000 | walk topk step4    0.000000 | walk topk step5     0.000000
        L3  walk topk step6  0.000000 | walk topk step7    0.000000
        L3  remap unique     0.000000 | remap populate     0.000000 | remap mapnode       0.000000 | remap mapedge     0.000000
        L3  cache get_index  0.000000 | cache copy_index   0.000000 | cache extract_miss  0.000000
        L3  cache copy_miss  0.000000 | cache combine_miss 0.000000 | cache combine cache 0.016917 | cache combine remote 0.000000
        L3  label extract  0.000123
    [Init Profiler Level 1]
        L1  init     5.7259 | sampler init     0.0000 | trainer init 50.0435
    [Init Profiler Level 2]
        L2  load ds         5.7220 | init queue           6.3215
        L2  presample       0.0000 | build interal ds     1.5041
        L2  build cache    42.2156
    [Init Profiler Level 3]
        L3  load dataset: mmap     5.7220 | copy         0.0000
        L3  dist queue: alloc      0.0018 | pin          6.3198 | push     0.0000
        L3  presample: init        0.0000
        L3  presample: sample      0.0000 | copy         0.0000
        L3  presample: count       0.0000 | sort         0.0000
        L3  presample: reset       0.0000 | get rank     0.0000
        L3  internal: cuda ctx     1.5041 | cuda stream     0.0001
|===========================================================================|
|                  PyTorch CUDA memory summary, device ID 0                 |
|---------------------------------------------------------------------------|
|            CUDA OOMs: 0            |        cudaMalloc retries: 0         |
|===========================================================================|
|        Metric         | Cur Usage  | Peak Usage | Tot Alloc  | Tot Freed  |
|---------------------------------------------------------------------------|
| Allocated memory      |   28579 KB |  398188 KB |  429841 MB |  429813 MB |
|       from large pool |   19684 KB |  395359 KB |  425825 MB |  425806 MB |
|       from small pool |    8895 KB |   11214 KB |    4016 MB |    4007 MB |
|---------------------------------------------------------------------------|
| Active memory         |   28580 KB |  398188 KB |  429841 MB |  429813 MB |
|       from large pool |   19684 KB |  395359 KB |  425825 MB |  425806 MB |
|       from small pool |    8896 KB |   11214 KB |    4016 MB |    4007 MB |
|---------------------------------------------------------------------------|
| GPU reserved memory   |  485376 KB |  485376 KB |  485376 KB |       0 B  |
|       from large pool |  471040 KB |  471040 KB |  471040 KB |       0 B  |
|       from small pool |   14336 KB |   14336 KB |   14336 KB |       0 B  |
|---------------------------------------------------------------------------|
| Non-releasable memory |   82012 KB |  399325 KB |  375703 MB |  375623 MB |
|       from large pool |   80668 KB |  397096 KB |  371315 MB |  371236 MB |
|       from small pool |    1344 KB |    4673 KB |    4388 MB |    4387 MB |
|---------------------------------------------------------------------------|
| Allocations           |      42    |      57    |   43935    |   43893    |
|       from large pool |       7    |      18    |   19347    |   19340    |
|       from small pool |      35    |      41    |   24588    |   24553    |
|---------------------------------------------------------------------------|
| Active allocs         |      43    |      57    |   43935    |   43892    |
|       from large pool |       7    |      18    |   19347    |   19340    |
|       from small pool |      36    |      41    |   24588    |   24552    |
|---------------------------------------------------------------------------|
| GPU reserved segments |      14    |      14    |      14    |       0    |
|       from large pool |       7    |       7    |       7    |       0    |
|       from small pool |       7    |       7    |       7    |       0    |
|---------------------------------------------------------------------------|
| Non-releasable allocs |      18    |      27    |   21067    |   21049    |
|       from large pool |       5    |      13    |   11803    |   11798    |
|       from small pool |      13    |      20    |    9264    |    9251    |
|---------------------------------------------------------------------------|
| Oversize allocations  |       0    |       0    |       0    |       0    |
|---------------------------------------------------------------------------|
| Oversize GPU segments |       0    |       0    |       0    |       0    |
|===========================================================================|

test_result:epoch_time:copy_time=1.6626
test_result:convert_time=0.0391
test_result:train_time=1.1796
test_result:epoch_time:train_total=1.2187
test_result:cache_percentage=0.0200
test_result:cache_hit_rate=1.0000
test_result:run_time=16.2665
