config:eval_tsp="2022-12-09 09:22:06"
config:arch=arch5
config:num_train_worker=3
config:num_sample_worker=1
config:sample_type=khop2
config:root_path=/nvme/graph-learning-copy/samgraph/
config:dataset=mag240m-homo
config:pipeline=False
config:cache_policy=rep
config:cache_percentage=0.01
config:num_epoch=4
config:batch_size=1000
config:num_hidden=256
config:max_sampling_jobs=1
config:max_copying_jobs=1
config:barriered_epoch=1
config:presample_epoch=2
config:omp_thread_num=13
config:unsupervised=True
config:amp=True
config:rolling=0
config:fanout=[25, 10]
config:lr=0.003
config:dropout=0.5
config:single_gpu=False
config:max_num_step=1000
config:validate_configs=False
config:report_acc=0
config:dataset_path=/nvme/graph-learning-copy/samgraph/mag240m-homo
config:torch_thread_num=13
config:train_workers=['cuda:0', 'cuda:1', 'cuda:2']
config:sample_workers=['cuda:3']
config:num_fanout=2
config:num_layer=2
config:_run_mode=RunMode.FGNN
config:_log_level=warn
config:_profile_level=3
config:_empty_feat=25
config:_arch=5
config:_sample_type=5
config:_cache_policy=12
test_result:init:input_scale_factor=1.11974
0 :  {link #0 : 1}, {link #1 : 2},
1 :  {link #0 : 2}, {link #1 : 0},
2 :  {link #0 : 0}, {link #1 : 1},
0 :  {link #0 : 1}, {link #1 : 2},
1 :  {link #0 : 2}, {link #1 : 0},
2 :  {link #0 : 0}, {link #1 : 1},
0 :  {link #0 : 1}, {link #1 : 2},
1 :  {link #0 : 2}, {link #1 : 0},
2 :  {link #0 : 0}, {link #1 : 1},
coll_cache:optimal_rep_storage=0.01
coll_cache:optimal_part_storage=0
coll_cache:optimal_cpu_storage=0.99
coll_cache:optimal_local_storage=0.01
coll_cache:optimal_remote_storage=0
coll_cache:optimal_local_rate=0.22784
coll_cache:optimal_remote_rate=0
coll_cache:optimal_cpu_rate=0.77216
z=9278.44
test_result:init:feat_nbytes=375030526464
test_result:init:cache_nbytes=3750303744
test_result:init:feat_nbytes=375030526464
test_result:init:cache_nbytes=3750303744
test_result:init:feat_nbytes=375030526464
test_result:init:cache_nbytes=3750303744
[Train  Worker 2/3] Started with PID 3442(Tesla V100-SXM2-16GB)
[Train  Worker 2] run train for 4 epochs with 1002 steps
[Train  Worker 1/3] Started with PID 3438(Tesla V100-SXM2-16GB)
[Train  Worker 1] run train for 4 epochs with 1002 steps
[CUDA] cuda0: usage: 8.75 GB
[SAM] cuda0 data alloc        : 0.00 Bytes
[SAM] cuda0 workspace         : 1.57 GB
[SAM] cuda0 workspace reserve : 802.56 MB
[SAM] cuda0 total             : 1.57 GB
[Train  Worker 0/3] Started with PID 3436(Tesla V100-SXM2-16GB)
[Train  Worker 0] run train for 4 epochs with 1002 steps
Epoch 00000 | Epoch Time 21.8514 | Total Train Time(Profiler) 5.6938 | Copy Time 16.1173
[CUDA] cuda0: usage: 8.75 GB
[SAM] cuda0 data alloc        : 0.00 Bytes
[SAM] cuda0 workspace         : 1.57 GB
[SAM] cuda0 workspace reserve : 802.56 MB
[SAM] cuda0 total             : 1.57 GB
Epoch 00001 | Epoch Time 20.9794 | Total Train Time(Profiler) 4.8450 | Copy Time 16.0934
[CUDA] cuda0: usage: 8.75 GB
[SAM] cuda0 data alloc        : 0.00 Bytes
[SAM] cuda0 workspace         : 1.57 GB
[SAM] cuda0 workspace reserve : 802.56 MB
[SAM] cuda0 total             : 1.57 GB
Epoch 00002 | Epoch Time 20.9540 | Total Train Time(Profiler) 4.8077 | Copy Time 16.1072
[CUDA] cuda0: usage: 8.75 GB
[SAM] cuda0 data alloc        : 0.00 Bytes
[SAM] cuda0 workspace         : 1.57 GB
[SAM] cuda0 workspace reserve : 802.56 MB
[SAM] cuda0 total             : 1.57 GB
Epoch 00003 | Epoch Time 21.3295 | Total Train Time(Profiler) 5.1056 | Copy Time 16.1847
[Train  Worker 0] Avg Epoch Time 21.0876 | Train Total Time(Profiler) 4.9194 | Copy Time 16.1284
[Train  Worker 1] Avg Epoch Time 21.0878 | Train Total Time(Profiler) 5.0065 | Copy Time 16.0291
[Train  Worker 2] Avg Epoch Time 21.0877 | Train Total Time(Profiler) 4.9349 | Copy Time 16.1124
    [Step(average) Profiler Level 1 E3 S1001]
        L1  sample           0.001952 | send           0.000510
        L1  recv             0.000000 | copy           0.000000 | convert time 0.000000 | train  0.000000
        L1  feature nbytes 0.00 Bytes | label nbytes 0.00 Bytes
        L1  id nbytes      0.00 Bytes | graph nbytes 0.00 Bytes
        L1  miss nbytes    0.00 Bytes | remote nbytes 0.00 Bytes
        L1  num nodes          484161 | num samples      550498
    [Step(average) Profiler Level 2 E3 S1001]
        L2  shuffle     0.000048 | core sample  0.000577 | id remap        0.001128
        L2  graph copy  0.000000 | id copy      0.000000 | cache feat copy 0.000000
        L2  last layer sample time 0.000262 | size 24932.803393
    [Step(average) Profiler Level 3 E3 S1001]
        L3  khop sample coo  0.000337 | khop sort coo      0.000000 | khop count edge     0.000032 | khop compact edge 0.000154
        L3  walk sample coo  0.000000 | walk topk total    0.000000 | walk topk step1     0.000000 | walk topk step2   0.000000
        L3  walk topk step3  0.000000 | walk topk step4    0.000000 | walk topk step5     0.000000
        L3  walk topk step6  0.000000 | walk topk step7    0.000000
        L3  remap unique     0.000186 | remap populate     0.000968 | remap mapnode       0.000000 | remap mapedge     0.000173
        L3  cache get_index  0.000000 | cache copy_index   0.000000 | cache extract_miss  0.000000
        L3  cache copy_miss  0.000000 | cache combine_miss 0.000000 | cache combine cache 0.000000 | cache combine remote 0.000000
        L3  label extract  0.000000
    [Init Profiler Level 1]
        L1  init     6.6774 | sampler init    38.8087 | trainer init 0.0000
    [Init Profiler Level 2]
        L2  load ds         9.8530 | init queue          24.4974
        L2  presample       9.3386 | build interal ds     1.7943
        L2  build cache     0.0000
    [Init Profiler Level 3]
        L3  load dataset: mmap     6.6747 | copy         3.1783
        L3  dist queue: alloc      0.0007 | pin         24.4967 | push     0.0000
        L3  presample: init        0.6318
        L3  presample: sample      3.8186 | copy         0.3182
        L3  presample: count       3.1897 | sort         0.5837
        L3  presample: reset       0.0012 | get rank     0.0698
        L3  internal: cuda ctx     1.5348 | cuda stream     0.2555
[Sample Worker 0/1] Started with PID 3434(Tesla V100-SXM2-16GB)
[Sample Worker 0] run sample for 4 epochs with 1002 steps
[Sample Worker 0] Avg Sample Total Time 2.4771 | Sampler Total Time(Profiler) 2.4670
test_result:sample_time=1.9556
test_result:get_cache_miss_index_time=0.0000
test_result:enqueue_samples_time=0.5114
test_result:epoch_time:sample_total=2.4771
[CUDA] cuda0: usage: 8.75 GB
[SAM] cuda0 data alloc        : 0.00 Bytes
[SAM] cuda0 workspace         : 1.57 GB
[SAM] cuda0 workspace reserve : 802.56 MB
[SAM] cuda0 total             : 1.57 GB
    [Step(average) Profiler Level 1 E3 S1001]
        L1  sample           0.000000 | send           0.000000
        L1  recv             0.000623 | copy           0.048174 | convert time 0.000636 | train  0.014196
        L1  feature nbytes  709.22 MB | label nbytes    7.81 KB
        L1  id nbytes      0.00 Bytes | graph nbytes 0.00 Bytes
        L1  miss nbytes    0.00 Bytes | remote nbytes 0.00 Bytes
        L1  num nodes               0 | num samples           0
    [Step(average) Profiler Level 2 E3 S1001]
        L2  shuffle     0.000000 | core sample  0.000000 | id remap        0.000000
        L2  graph copy  0.000005 | id copy      0.000000 | cache feat copy 0.047545
        L2  last layer sample time 0.000000 | size 0.000000
    [Step(average) Profiler Level 3 E3 S1001]
        L3  khop sample coo  0.000000 | khop sort coo      0.000000 | khop count edge     0.000000 | khop compact edge 0.000000
        L3  walk sample coo  0.000000 | walk topk total    0.000000 | walk topk step1     0.000000 | walk topk step2   0.000000
        L3  walk topk step3  0.000000 | walk topk step4    0.000000 | walk topk step5     0.000000
        L3  walk topk step6  0.000000 | walk topk step7    0.000000
        L3  remap unique     0.000000 | remap populate     0.000000 | remap mapnode       0.000000 | remap mapedge     0.000000
        L3  cache get_index  0.000000 | cache copy_index   0.000000 | cache extract_miss  0.000000
        L3  cache copy_miss  0.000000 | cache combine_miss 0.000000 | cache combine cache 0.046912 | cache combine remote 0.000000
        L3  label extract  0.000066
    [Step(max) Profiler Level 1 E3 S1001]
        L1  sample           0.000000 | send           0.000000
        L1  recv             0.000000 | copy           0.000000 | convert time 0.000000 | train  0.000000
        L1  feature nbytes 0.00 Bytes | label nbytes 0.00 Bytes
        L1  id nbytes      0.00 Bytes | graph nbytes    4.37 MB
        L1  miss nbytes    0.00 Bytes | remote nbytes 0.00 Bytes
        L1  num nodes               0 | num samples           0
    [Step(max) Profiler Level 2 E3 S1001]
        L2  shuffle     0.000000 | core sample  0.000000 | id remap        0.000000
        L2  graph copy  0.000000 | id copy      0.000000 | cache feat copy 0.000000
        L2  last layer sample time 0.000000 | size 0.000000
    [Step(max) Profiler Level 3 E3 S1001]
        L3  khop sample coo  0.000000 | khop sort coo      0.000000 | khop count edge     0.000000 | khop compact edge 0.000000
        L3  walk sample coo  0.000000 | walk topk total    0.000000 | walk topk step1     0.000000 | walk topk step2   0.000000
        L3  walk topk step3  0.000000 | walk topk step4    0.000000 | walk topk step5     0.000000
        L3  walk topk step6  0.000000 | walk topk step7    0.000000
        L3  remap unique     0.000000 | remap populate     0.000000 | remap mapnode       0.000000 | remap mapedge     0.000000
        L3  cache get_index  0.000000 | cache copy_index   0.000000 | cache extract_miss  0.000000
        L3  cache copy_miss  0.000000 | cache combine_miss 0.000000 | cache combine cache 0.000000 | cache combine remote 0.000000
        L3  label extract  0.000000
    [Step(min) Profiler Level 1 E3 S1001]
        L1  sample           0.000000 | send           0.000000
        L1  recv             0.000000 | copy           0.000000 | convert time 0.000000 | train  0.000000
        L1  feature nbytes 0.00 Bytes | label nbytes 0.00 Bytes
        L1  id nbytes      0.00 Bytes | graph nbytes    4.07 MB
        L1  miss nbytes    0.00 Bytes | remote nbytes 0.00 Bytes
        L1  num nodes               0 | num samples           0
    [Step(min) Profiler Level 2 E3 S1001]
        L2  shuffle     0.000000 | core sample  0.000000 | id remap        0.000000
        L2  graph copy  0.000000 | id copy      0.000000 | cache feat copy 0.000000
        L2  last layer sample time 0.000000 | size 0.000000
    [Step(min) Profiler Level 3 E3 S1001]
        L3  khop sample coo  0.000000 | khop sort coo      0.000000 | khop count edge     0.000000 | khop compact edge 0.000000
        L3  walk sample coo  0.000000 | walk topk total    0.000000 | walk topk step1     0.000000 | walk topk step2   0.000000
        L3  walk topk step3  0.000000 | walk topk step4    0.000000 | walk topk step5     0.000000
        L3  walk topk step6  0.000000 | walk topk step7    0.000000
        L3  remap unique     0.000000 | remap populate     0.000000 | remap mapnode       0.000000 | remap mapedge     0.000000
        L3  cache get_index  0.000000 | cache copy_index   0.000000 | cache extract_miss  0.000000
        L3  cache copy_miss  0.000000 | cache combine_miss 0.000000 | cache combine cache 0.000000 | cache combine remote 0.000000
        L3  label extract  0.000000
    [Init Profiler Level 1]
        L1  init     6.6774 | sampler init     0.0000 | trainer init 66.8092
    [Init Profiler Level 2]
        L2  load ds         6.6747 | init queue          24.3625
        L2  presample       0.0000 | build interal ds     1.4966
        L2  build cache    40.9452
    [Init Profiler Level 3]
        L3  load dataset: mmap     6.6747 | copy         0.0000
        L3  dist queue: alloc      0.0007 | pin         24.3619 | push     0.0000
        L3  presample: init        0.0000
        L3  presample: sample      0.0000 | copy         0.0000
        L3  presample: count       0.0000 | sort         0.0000
        L3  presample: reset       0.0000 | get rank     0.0000
        L3  internal: cuda ctx     1.4964 | cuda stream     0.0001
|===========================================================================|
|                  PyTorch CUDA memory summary, device ID 0                 |
|---------------------------------------------------------------------------|
|            CUDA OOMs: 0            |        cudaMalloc retries: 0         |
|===========================================================================|
|        Metric         | Cur Usage  | Peak Usage | Tot Alloc  | Tot Freed  |
|---------------------------------------------------------------------------|
| Allocated memory      |   22703 KB |  337339 KB |    1204 GB |    1204 GB |
|       from large pool |   13992 KB |  334562 KB |    1184 GB |    1184 GB |
|       from small pool |    8711 KB |   11034 KB |      20 GB |      20 GB |
|---------------------------------------------------------------------------|
| Active memory         |   22704 KB |  337339 KB |    1204 GB |    1204 GB |
|       from large pool |   13992 KB |  334562 KB |    1184 GB |    1184 GB |
|       from small pool |    8712 KB |   11034 KB |      20 GB |      20 GB |
|---------------------------------------------------------------------------|
| GPU reserved memory   |  417792 KB |  417792 KB |  417792 KB |       0 B  |
|       from large pool |  403456 KB |  403456 KB |  403456 KB |       0 B  |
|       from small pool |   14336 KB |   14336 KB |   14336 KB |       0 B  |
|---------------------------------------------------------------------------|
| Non-releasable memory |   42832 KB |  339556 KB |    1101 GB |    1101 GB |
|       from large pool |   41304 KB |  337450 KB |    1079 GB |    1079 GB |
|       from small pool |    1528 KB |    4856 KB |      22 GB |      22 GB |
|---------------------------------------------------------------------------|
| Allocations           |      43    |      62    |  192421    |  192378    |
|       from large pool |       7    |      16    |   68139    |   68132    |
|       from small pool |      36    |      47    |  124282    |  124246    |
|---------------------------------------------------------------------------|
| Active allocs         |      44    |      62    |  192421    |  192377    |
|       from large pool |       7    |      16    |   68139    |   68132    |
|       from small pool |      37    |      47    |  124282    |  124245    |
|---------------------------------------------------------------------------|
| GPU reserved segments |      14    |      14    |      14    |       0    |
|       from large pool |       7    |       7    |       7    |       0    |
|       from small pool |       7    |       7    |       7    |       0    |
|---------------------------------------------------------------------------|
| Non-releasable allocs |      16    |      27    |   82204    |   82188    |
|       from large pool |       4    |      12    |   42191    |   42187    |
|       from small pool |      12    |      20    |   40013    |   40001    |
|---------------------------------------------------------------------------|
| Oversize allocations  |       0    |       0    |       0    |       0    |
|---------------------------------------------------------------------------|
| Oversize GPU segments |       0    |       0    |       0    |       0    |
|===========================================================================|

test_result:epoch_time:copy_time=16.1284
test_result:convert_time=0.1937
test_result:train_time=4.7257
test_result:epoch_time:train_total=4.9194
test_result:cache_percentage=0.0100
test_result:cache_hit_rate=1.0000
test_result:run_time=95.0264
