config:eval_tsp="2022-12-09 09:39:48"
config:arch=arch5
config:num_train_worker=3
config:num_sample_worker=1
config:sample_type=khop2
config:root_path=/nvme/graph-learning-copy/samgraph/
config:dataset=mag240m-homo
config:pipeline=False
config:cache_policy=rep
config:cache_percentage=0.02
config:num_epoch=4
config:batch_size=1000
config:num_hidden=256
config:max_sampling_jobs=1
config:max_copying_jobs=1
config:barriered_epoch=1
config:presample_epoch=2
config:omp_thread_num=13
config:unsupervised=True
config:amp=True
config:rolling=0
config:fanout=[25, 10]
config:lr=0.003
config:dropout=0.5
config:single_gpu=False
config:max_num_step=1000
config:validate_configs=False
config:report_acc=0
config:dataset_path=/nvme/graph-learning-copy/samgraph/mag240m-homo
config:torch_thread_num=13
config:train_workers=['cuda:0', 'cuda:1', 'cuda:2']
config:sample_workers=['cuda:3']
config:num_fanout=2
config:num_layer=2
config:_run_mode=RunMode.FGNN
config:_log_level=warn
config:_profile_level=3
config:_empty_feat=25
config:_arch=5
config:_sample_type=5
config:_cache_policy=12
test_result:init:input_scale_factor=1.1199
0 :  {link #0 : 1}, {link #1 : 2},
1 :  {link #0 : 2}, {link #1 : 0},
2 :  {link #0 : 0}, {link #1 : 1},
0 :  {link #0 : 1}, {link #1 : 2},
1 :  {link #0 : 2}, {link #1 : 0},
2 :  {link #0 : 0}, {link #1 : 1},
0 :  {link #0 : 1}, {link #1 : 2},
1 :  {link #0 : 2}, {link #1 : 0},
2 :  {link #0 : 0}, {link #1 : 1},
coll_cache:optimal_rep_storage=0.02
coll_cache:optimal_part_storage=0
coll_cache:optimal_cpu_storage=0.98
coll_cache:optimal_local_storage=0.02
coll_cache:optimal_remote_storage=0
coll_cache:optimal_local_rate=0.329646
coll_cache:optimal_remote_rate=0
coll_cache:optimal_cpu_rate=0.670354
z=8105.04
test_result:init:feat_nbytes=375030526464
test_result:init:cache_nbytes=7500609024
test_result:init:feat_nbytes=375030526464
test_result:init:cache_nbytes=7500609024
test_result:init:feat_nbytes=375030526464
test_result:init:cache_nbytes=7500609024
[Train  Worker 2/3] Started with PID 5034(Tesla V100-SXM2-16GB)
[Train  Worker 2] run train for 4 epochs with 1002 steps
[Train  Worker 1/3] Started with PID 5031(Tesla V100-SXM2-16GB)
[Train  Worker 1] run train for 4 epochs with 1002 steps
[CUDA] cuda0: usage: 14.20 GB
[SAM] cuda0 data alloc        : 0.00 Bytes
[SAM] cuda0 workspace         : 1.59 GB
[SAM] cuda0 workspace reserve : 808.60 MB
[SAM] cuda0 total             : 1.59 GB
[Train  Worker 0/3] Started with PID 5029(Tesla V100-SXM2-16GB)
[Train  Worker 0] run train for 4 epochs with 1002 steps
Epoch 00000 | Epoch Time 20.4337 | Total Train Time(Profiler) 6.1510 | Copy Time 14.2466
[CUDA] cuda0: usage: 14.23 GB
[SAM] cuda0 data alloc        : 0.00 Bytes
[SAM] cuda0 workspace         : 1.59 GB
[SAM] cuda0 workspace reserve : 809.16 MB
[SAM] cuda0 total             : 1.59 GB
Epoch 00001 | Epoch Time 18.0734 | Total Train Time(Profiler) 3.8568 | Copy Time 14.1863
[CUDA] cuda0: usage: 14.23 GB
[SAM] cuda0 data alloc        : 0.00 Bytes
[SAM] cuda0 workspace         : 1.59 GB
[SAM] cuda0 workspace reserve : 808.92 MB
[SAM] cuda0 total             : 1.59 GB
Epoch 00002 | Epoch Time 18.1792 | Total Train Time(Profiler) 3.9566 | Copy Time 14.1916
[CUDA] cuda0: usage: 14.23 GB
[SAM] cuda0 data alloc        : 0.00 Bytes
[SAM] cuda0 workspace         : 1.59 GB
[SAM] cuda0 workspace reserve : 808.60 MB
[SAM] cuda0 total             : 1.59 GB
Epoch 00003 | Epoch Time 18.8029 | Total Train Time(Profiler) 4.5628 | Copy Time 14.2037
[Train  Worker 0] Avg Epoch Time 18.3518 | Train Total Time(Profiler) 4.1254 | Copy Time 14.1939
[Train  Worker 1] Avg Epoch Time 18.3519 | Train Total Time(Profiler) 4.1417 | Copy Time 14.1771
[Train  Worker 2] Avg Epoch Time 18.3518 | Train Total Time(Profiler) 4.1279 | Copy Time 14.1912
    [Step(average) Profiler Level 1 E3 S1001]
        L1  sample           0.001910 | send           0.000508
        L1  recv             0.000000 | copy           0.000000 | convert time 0.000000 | train  0.000000
        L1  feature nbytes 0.00 Bytes | label nbytes 0.00 Bytes
        L1  id nbytes      0.00 Bytes | graph nbytes 0.00 Bytes
        L1  miss nbytes    0.00 Bytes | remote nbytes 0.00 Bytes
        L1  num nodes          484176 | num samples      550521
    [Step(average) Profiler Level 2 E3 S1001]
        L2  shuffle     0.000045 | core sample  0.000565 | id remap        0.001112
        L2  graph copy  0.000000 | id copy      0.000000 | cache feat copy 0.000000
        L2  last layer sample time 0.000249 | size 24933.585496
    [Step(average) Profiler Level 3 E3 S1001]
        L3  khop sample coo  0.000334 | khop sort coo      0.000000 | khop count edge     0.000030 | khop compact edge 0.000152
        L3  walk sample coo  0.000000 | walk topk total    0.000000 | walk topk step1     0.000000 | walk topk step2   0.000000
        L3  walk topk step3  0.000000 | walk topk step4    0.000000 | walk topk step5     0.000000
        L3  walk topk step6  0.000000 | walk topk step7    0.000000
        L3  remap unique     0.000177 | remap populate     0.000955 | remap mapnode       0.000000 | remap mapedge     0.000169
        L3  cache get_index  0.000000 | cache copy_index   0.000000 | cache extract_miss  0.000000
        L3  cache copy_miss  0.000000 | cache combine_miss 0.000000 | cache combine cache 0.000000 | cache combine remote 0.000000
        L3  label extract  0.000000
    [Init Profiler Level 1]
        L1  init     6.8106 | sampler init    39.6795 | trainer init 0.0000
    [Init Profiler Level 2]
        L2  load ds        10.0076 | init queue          24.6115
        L2  presample      10.1142 | build interal ds     1.7540
        L2  build cache     0.0000
    [Init Profiler Level 3]
        L3  load dataset: mmap     6.8078 | copy         3.1998
        L3  dist queue: alloc      0.0007 | pin         24.6108 | push     0.0000
        L3  presample: init        0.6404
        L3  presample: sample      3.8454 | copy         0.3190
        L3  presample: count       3.8036 | sort         0.6840
        L3  presample: reset       0.0025 | get rank     0.0813
        L3  internal: cuda ctx     1.4974 | cuda stream     0.2527
[Sample Worker 0/1] Started with PID 5027(Tesla V100-SXM2-16GB)
[Sample Worker 0] run sample for 4 epochs with 1002 steps
[Sample Worker 0] Avg Sample Total Time 2.4326 | Sampler Total Time(Profiler) 2.4229
test_result:sample_time=1.9139
test_result:get_cache_miss_index_time=0.0000
test_result:enqueue_samples_time=0.5090
test_result:epoch_time:sample_total=2.4326
[CUDA] cuda0: usage: 14.23 GB
[SAM] cuda0 data alloc        : 0.00 Bytes
[SAM] cuda0 workspace         : 1.59 GB
[SAM] cuda0 workspace reserve : 808.60 MB
[SAM] cuda0 total             : 1.59 GB
    [Step(average) Profiler Level 1 E3 S1001]
        L1  sample           0.000000 | send           0.000000
        L1  recv             0.000618 | copy           0.042477 | convert time 0.000505 | train  0.011865
        L1  feature nbytes  709.24 MB | label nbytes    7.81 KB
        L1  id nbytes      0.00 Bytes | graph nbytes 0.00 Bytes
        L1  miss nbytes     481.66 MB | remote nbytes 0.00 Bytes
        L1  num nodes               0 | num samples           0
    [Step(average) Profiler Level 2 E3 S1001]
        L2  shuffle     0.000000 | core sample  0.000000 | id remap        0.000000
        L2  graph copy  0.000004 | id copy      0.000000 | cache feat copy 0.041856
        L2  last layer sample time 0.000000 | size 0.000000
    [Step(average) Profiler Level 3 E3 S1001]
        L3  khop sample coo  0.000000 | khop sort coo      0.000000 | khop count edge     0.000000 | khop compact edge 0.000000
        L3  walk sample coo  0.000000 | walk topk total    0.000000 | walk topk step1     0.000000 | walk topk step2   0.000000
        L3  walk topk step3  0.000000 | walk topk step4    0.000000 | walk topk step5     0.000000
        L3  walk topk step6  0.000000 | walk topk step7    0.000000
        L3  remap unique     0.000000 | remap populate     0.000000 | remap mapnode       0.000000 | remap mapedge     0.000000
        L3  cache get_index  0.000371 | cache copy_index   0.000000 | cache extract_miss  0.000000
        L3  cache copy_miss  0.000000 | cache combine_miss 0.041007 | cache combine cache 0.000831 | cache combine remote 0.000000
        L3  label extract  0.000036
    [Step(max) Profiler Level 1 E3 S1001]
        L1  sample           0.000000 | send           0.000000
        L1  recv             0.000000 | copy           0.000000 | convert time 0.000000 | train  0.000000
        L1  feature nbytes 0.00 Bytes | label nbytes 0.00 Bytes
        L1  id nbytes      0.00 Bytes | graph nbytes    4.34 MB
        L1  miss nbytes    0.00 Bytes | remote nbytes 0.00 Bytes
        L1  num nodes               0 | num samples           0
    [Step(max) Profiler Level 2 E3 S1001]
        L2  shuffle     0.000000 | core sample  0.000000 | id remap        0.000000
        L2  graph copy  0.000000 | id copy      0.000000 | cache feat copy 0.000000
        L2  last layer sample time 0.000000 | size 0.000000
    [Step(max) Profiler Level 3 E3 S1001]
        L3  khop sample coo  0.000000 | khop sort coo      0.000000 | khop count edge     0.000000 | khop compact edge 0.000000
        L3  walk sample coo  0.000000 | walk topk total    0.000000 | walk topk step1     0.000000 | walk topk step2   0.000000
        L3  walk topk step3  0.000000 | walk topk step4    0.000000 | walk topk step5     0.000000
        L3  walk topk step6  0.000000 | walk topk step7    0.000000
        L3  remap unique     0.000000 | remap populate     0.000000 | remap mapnode       0.000000 | remap mapedge     0.000000
        L3  cache get_index  0.000000 | cache copy_index   0.000000 | cache extract_miss  0.000000
        L3  cache copy_miss  0.000000 | cache combine_miss 0.000000 | cache combine cache 0.000000 | cache combine remote 0.000000
        L3  label extract  0.000000
    [Step(min) Profiler Level 1 E3 S1001]
        L1  sample           0.000000 | send           0.000000
        L1  recv             0.000000 | copy           0.000000 | convert time 0.000000 | train  0.000000
        L1  feature nbytes 0.00 Bytes | label nbytes 0.00 Bytes
        L1  id nbytes      0.00 Bytes | graph nbytes    4.08 MB
        L1  miss nbytes    0.00 Bytes | remote nbytes 0.00 Bytes
        L1  num nodes               0 | num samples           0
    [Step(min) Profiler Level 2 E3 S1001]
        L2  shuffle     0.000000 | core sample  0.000000 | id remap        0.000000
        L2  graph copy  0.000000 | id copy      0.000000 | cache feat copy 0.000000
        L2  last layer sample time 0.000000 | size 0.000000
    [Step(min) Profiler Level 3 E3 S1001]
        L3  khop sample coo  0.000000 | khop sort coo      0.000000 | khop count edge     0.000000 | khop compact edge 0.000000
        L3  walk sample coo  0.000000 | walk topk total    0.000000 | walk topk step1     0.000000 | walk topk step2   0.000000
        L3  walk topk step3  0.000000 | walk topk step4    0.000000 | walk topk step5     0.000000
        L3  walk topk step6  0.000000 | walk topk step7    0.000000
        L3  remap unique     0.000000 | remap populate     0.000000 | remap mapnode       0.000000 | remap mapedge     0.000000
        L3  cache get_index  0.000000 | cache copy_index   0.000000 | cache extract_miss  0.000000
        L3  cache copy_miss  0.000000 | cache combine_miss 0.000000 | cache combine cache 0.000000 | cache combine remote 0.000000
        L3  label extract  0.000000
    [Init Profiler Level 1]
        L1  init     6.8106 | sampler init     0.0000 | trainer init 79.1709
    [Init Profiler Level 2]
        L2  load ds         6.8078 | init queue          24.4868
        L2  presample       0.0000 | build interal ds     1.4773
        L2  build cache    53.2015
    [Init Profiler Level 3]
        L3  load dataset: mmap     6.8078 | copy         0.0000
        L3  dist queue: alloc      0.0007 | pin         24.4860 | push     0.0000
        L3  presample: init        0.0000
        L3  presample: sample      0.0000 | copy         0.0000
        L3  presample: count       0.0000 | sort         0.0000
        L3  presample: reset       0.0000 | get rank     0.0000
        L3  internal: cuda ctx     1.4772 | cuda stream     0.0000
|===========================================================================|
|                  PyTorch CUDA memory summary, device ID 0                 |
|---------------------------------------------------------------------------|
|            CUDA OOMs: 0            |        cudaMalloc retries: 0         |
|===========================================================================|
|        Metric         | Cur Usage  | Peak Usage | Tot Alloc  | Tot Freed  |
|---------------------------------------------------------------------------|
| Allocated memory      |   22845 KB |  336988 KB |    1204 GB |    1204 GB |
|       from large pool |   14138 KB |  334212 KB |    1184 GB |    1184 GB |
|       from small pool |    8707 KB |   11032 KB |      20 GB |      20 GB |
|---------------------------------------------------------------------------|
| Active memory         |   22846 KB |  336988 KB |    1204 GB |    1204 GB |
|       from large pool |   14138 KB |  334212 KB |    1184 GB |    1184 GB |
|       from small pool |    8708 KB |   11032 KB |      20 GB |      20 GB |
|---------------------------------------------------------------------------|
| GPU reserved memory   |  423936 KB |  423936 KB |  423936 KB |       0 B  |
|       from large pool |  409600 KB |  409600 KB |  409600 KB |       0 B  |
|       from small pool |   14336 KB |   14336 KB |   14336 KB |       0 B  |
|---------------------------------------------------------------------------|
| Non-releasable memory |   69314 KB |  332423 KB |    1092 GB |    1092 GB |
|       from large pool |   67782 KB |  329886 KB |    1070 GB |    1070 GB |
|       from small pool |    1532 KB |    4524 KB |      22 GB |      22 GB |
|---------------------------------------------------------------------------|
| Allocations           |      43    |      62    |  192421    |  192378    |
|       from large pool |       7    |      16    |   68139    |   68132    |
|       from small pool |      36    |      47    |  124282    |  124246    |
|---------------------------------------------------------------------------|
| Active allocs         |      44    |      62    |  192421    |  192377    |
|       from large pool |       7    |      16    |   68139    |   68132    |
|       from small pool |      37    |      47    |  124282    |  124245    |
|---------------------------------------------------------------------------|
| GPU reserved segments |      14    |      14    |      14    |       0    |
|       from large pool |       7    |       7    |       7    |       0    |
|       from small pool |       7    |       7    |       7    |       0    |
|---------------------------------------------------------------------------|
| Non-releasable allocs |      17    |      26    |   82191    |   82174    |
|       from large pool |       4    |      12    |   42505    |   42501    |
|       from small pool |      13    |      20    |   39686    |   39673    |
|---------------------------------------------------------------------------|
| Oversize allocations  |       0    |       0    |       0    |       0    |
|---------------------------------------------------------------------------|
| Oversize GPU segments |       0    |       0    |       0    |       0    |
|===========================================================================|

test_result:epoch_time:copy_time=14.1939
test_result:convert_time=0.1657
test_result:train_time=3.9597
test_result:epoch_time:train_total=4.1254
test_result:cache_percentage=0.0200
test_result:cache_hit_rate=1.0000
test_result:run_time=85.2373
