[2022-12-05 16:10:50.203387: W /samgraph/samgraph/common/cpu/mmap_cpu_device.cc:92] mmap allocating space 12.03 GB
[2022-12-05 16:10:50.203483: W /samgraph/samgraph/common/cpu/mmap_cpu_device.cc:97] mmap allocating space 12.03 GB done
[2022-12-05 16:10:55.329940: W /samgraph/samgraph/common/cpu/mmap_cpu_device.cc:92] mmap allocating space 52.96 GB
[2022-12-05 16:10:55.330041: W /samgraph/samgraph/common/cpu/mmap_cpu_device.cc:97] mmap allocating space 52.96 GB done
[2022-12-05 16:10:55.330127: W /samgraph/samgraph/common/cpu/cpu_device.cc:39] WORKER[0] alloc host memory 12.03 GB
[2022-12-05 16:10:56.186607: E /samgraph/samgraph/common/engine.cc:272] Train set size 7.64 MB
[2022-12-05 16:10:56.187388: W /samgraph/samgraph/common/cpu/mmap_cpu_device.cc:92] mmap allocating space 68.50 GB
[2022-12-05 16:10:56.187432: W /samgraph/samgraph/common/cpu/mmap_cpu_device.cc:97] mmap allocating space 68.50 GB done
/usr/lib/python3/dist-packages/requests/__init__.py:89: RequestsDependencyWarning: urllib3 (1.26.12) or chardet (3.0.4) doesn't match a supported version!
  warnings.warn("urllib3 ({}) or chardet ({}) doesn't match a supported "
[2022-12-05 16:10:56.331112: W /samgraph/samgraph/common/dist/dist_engine.cc:662] Trainer[0] initializing...
[2022-12-05 16:10:56.445410: W /samgraph/samgraph/common/dist/dist_engine.cc:662] Trainer[1] initializing...
[2022-12-05 16:10:56.448178: W /samgraph/samgraph/common/dist/dist_engine.cc:662] Trainer[2] initializing...
[2022-12-05 16:10:57.811897: W /samgraph/samgraph/common/dist/dist_engine.cc:666] Trainer[0] pin memory queue...
[2022-12-05 16:10:57.827042: W /samgraph/samgraph/common/dist/dist_engine.cc:666] Trainer[1] pin memory queue...
[2022-12-05 16:10:57.858192: W /samgraph/samgraph/common/dist/dist_engine.cc:666] Trainer[2] pin memory queue...
[2022-12-05 16:11:20.848798: E /samgraph/samgraph/common/dist/dist_engine.cc:85] Running on V100
[2022-12-05 16:11:20.849420: W /samgraph/samgraph/common/dist/dist_engine.cc:701] Trainer[1] register host memory...
[2022-12-05 16:11:20.851091: E /samgraph/samgraph/common/dist/dist_engine.cc:85] Running on V100
[2022-12-05 16:11:20.851452: W /samgraph/samgraph/common/dist/dist_engine.cc:701] Trainer[2] register host memory...
[2022-12-05 16:11:20.872018: E /samgraph/samgraph/common/dist/dist_engine.cc:85] Running on V100
[2022-12-05 16:11:20.872118: W /samgraph/samgraph/common/dist/dist_engine.cc:701] Trainer[0] register host memory...
[2022-12-05 16:11:21. 93544: E /samgraph/samgraph/common/dist/dist_engine.cc:85] Running on V100
[2022-12-05 16:11:21. 98824: W /samgraph/samgraph/common/cuda/cuda_device.cc:49] GPU[3] alloc cuda memory 423.66 MB
[2022-12-05 16:11:21.215044: W /samgraph/samgraph/common/cuda/cuda_device.cc:49] GPU[3] alloc cuda memory 12.03 GB
[2022-12-05 16:11:24.235657: W /samgraph/samgraph/common/cuda/cuda_device.cc:49] GPU[3] alloc cuda memory 64.00 MB
[2022-12-05 16:11:24.241111: E /samgraph/samgraph/common/dist/pre_sampler.cc:41] Dist Presampler making shuffler...
[2022-12-05 16:11:24.246294: E /samgraph/samgraph/common/dist/pre_sampler.cc:44] Dist Presampler making shuffler...Done
[2022-12-05 16:11:24.246341: W /samgraph/samgraph/common/cpu/cpu_device.cc:39] WORKER[0] alloc host memory 847.32 MB
[2022-12-05 16:11:24.544361: E /samgraph/samgraph/common/dist/pre_sampler.cc:85] Dist Presampler doing presample epoch 0
[2022-12-05 16:11:34.  2594: E /samgraph/samgraph/common/dist/pre_sampler.cc:129] presample spend 4.57041 on sample, 0.365147 on copy, 4.51153 on count
[2022-12-05 16:11:34.  2684: E /samgraph/samgraph/common/dist/pre_sampler.cc:85] Dist Presampler doing presample epoch 1
[2022-12-05 16:11:43.506291: E /samgraph/samgraph/common/dist/pre_sampler.cc:129] presample spend 9.14175 on sample, 0.727981 on copy, 9.06999 on count
[2022-12-05 16:11:43.506432: E /samgraph/samgraph/common/dist/pre_sampler.cc:136] max_num_inputs = 1173547, min_num_inputs = 1137875
[2022-12-05 16:11:43.821663: E /samgraph/samgraph/common/dist/pre_sampler.cc:148] presample spend 0.315131 on sort freq.
[2022-12-05 16:11:44.154802: E /samgraph/samgraph/common/dist/dist_engine.cc:524] pre sample done, delete it
[2022-12-05 16:11:44.180582: W /samgraph/samgraph/common/dist/dist_engine.cc:711] Trainer[0] building cache...
[[2022-12-05 16:11:442022-12-05 16:11:44..180604180604: : WW  /samgraph/samgraph/common/dist/dist_engine.cc/samgraph/samgraph/common/dist/dist_engine.cc::711711] ] Trainer[1] building cache...Trainer[2] building cache...

[2022-12-05 16:11:44.182587: E /samgraph/3rdparty/collcachelib/coll_cache_lib/coll_cache/asymm_link_desc.cc:196] build symm link desc with 3X Tesla V100-SXM2-16GB out of 4
[2022-12-05 16:11:44.182647: E /samgraph/3rdparty/collcachelib/coll_cache_lib/coll_cache/asymm_link_desc.cc:197] remote time is 8.68421
[2022-12-05 16:11:44.182676: E /samgraph/3rdparty/collcachelib/coll_cache_lib/coll_cache/asymm_link_desc.cc:198] cpu time is 30
[2022-12-05 16:11:44.182925: E /samgraph/3rdparty/collcachelib/coll_cache_lib/coll_cache/asymm_link_desc.cc:196] build symm link desc with 3X Tesla V100-SXM2-16GB out of 4
[2022-12-05 16:11:44.182987: E /samgraph/3rdparty/collcachelib/coll_cache_lib/coll_cache/asymm_link_desc.cc:197] remote time is 8.68421
[2022-12-05 16:11:44.183016: E /samgraph/3rdparty/collcachelib/coll_cache_lib/coll_cache/asymm_link_desc.cc:198] cpu time is 30
[2022-12-05 16:11:44.188332: E /samgraph/3rdparty/collcachelib/coll_cache_lib/coll_cache/asymm_link_desc.cc:196] build symm link desc with 3X Tesla V100-SXM2-16GB out of 4
[2022-12-05 16:11:44.188466: E /samgraph/3rdparty/collcachelib/coll_cache_lib/coll_cache/asymm_link_desc.cc:197] remote time is 8.68421
[2022-12-05 16:11:44.188544: E /samgraph/3rdparty/collcachelib/coll_cache_lib/coll_cache/asymm_link_desc.cc:198] cpu time is 30
[2022-12-05 16:12:00.205408: E /samgraph/3rdparty/collcachelib/coll_cache_lib/facade.cc:115] solver created. now build & solve
[2022-12-05 16:12:00.252880: E /samgraph/3rdparty/collcachelib/coll_cache_lib/facade.cc:120] solver built. now solve
block 0 storage is 00000001
	access is	0	0	0	
block 1 storage is 00000010
	access is	1	1	1	
block 2 storage is 00000100
	access is	2	2	2	
block 3 storage is 00000000
	access is	3	3	3	
[2022-12-05 16:12:00.744656: E /samgraph/3rdparty/collcachelib/coll_cache_lib/facade.cc:124] solver solved
[2022-12-05 16:12:00.744716: E /samgraph/3rdparty/collcachelib/coll_cache_lib/facade.cc:187] 0 solved master
[2022-12-05 16:12:00.744762: E /samgraph/3rdparty/collcachelib/coll_cache_lib/facade.cc:194] 0 solved
[2022-12-05 16:12:00.744791: E /samgraph/3rdparty/collcachelib/coll_cache_lib/facade.cc:197] worker 0 thread 0 initing device 0
[2022-12-05 16:12:00.746098: E /samgraph/3rdparty/collcachelib/coll_cache_lib/cache_context.cu:1762] Building Coll Cache with ... num gpu device is 3
[2022-12-05 16:12:00.764593: E /samgraph/3rdparty/collcachelib/coll_cache_lib/facade.cc:194] [1 solved2022-12-05 16:12:00
.764636: E[ 2022-12-05 16:12:00/samgraph/3rdparty/collcachelib/coll_cache_lib/facade.cc.:764670194: ] E2 solved 
/samgraph/3rdparty/collcachelib/coll_cache_lib/facade.cc:197] [worker 1 thread 1 initing device 12022-12-05 16:12:00
.764704: E /samgraph/3rdparty/collcachelib/coll_cache_lib/facade.cc:197] worker 2 thread 2 initing device 2
[2022-12-05 16:12:00.765878: E /samgraph/3rdparty/collcachelib/coll_cache_lib/cache_context.cu:1762] Building Coll Cache with ... num gpu device is 3
[2022-12-05 16:12:00.766955: E /samgraph/3rdparty/collcachelib/coll_cache_lib/cache_context.cu:1762] Building Coll Cache with ... num gpu device is 3
[2022-12-05 16:12:00.858476: W /samgraph/3rdparty/collcachelib/coll_cache_lib/cpu/cpu_device.cc:39] WORKER[0] alloc host memory 50.84 MB
[[[2022-12-05 16:12:012022-12-05 16:12:012022-12-05 16:12:01...460493460494460493: : : EEE   /samgraph/3rdparty/collcachelib/coll_cache_lib/cache_context.cu/samgraph/3rdparty/collcachelib/coll_cache_lib/cache_context.cu/samgraph/3rdparty/collcachelib/coll_cache_lib/cache_context.cu:::187118711871] ] ] Device 0 init p2p of link 1Device 1 init p2p of link 2Device 2 init p2p of link 0


[2022-12-05 16:12:01.470496: E /samgraph/3rdparty/collcachelib/coll_cache_lib/cache_context.cu:1871] Device 1 init p2p of link 0
[2022-12-05 16:12:01.470580: E /samgraph/3rdparty/collcachelib/coll_cache_lib/cache_context.cu:1871] Device 0 init p2p of link 2
[2022-12-05 16:12:01.470652: E /samgraph/3rdparty/collcachelib/coll_cache_lib/cache_context.cu:1871] Device 2 init p2p of link 1
[2022-12-05 16:12:01.480629: E /samgraph/3rdparty/collcachelib/coll_cache_lib/cache_context.cu:1900] Asymm Coll cache (policy: clique_part) | local 13327194 / 111059956 nodes ( 12.00 %~12.00 %) | remote 26654388 / 111059956 nodes ( 24.00 %) | cpu 71078374 / 111059956 nodes ( 64.00 %) | 6.36 GB | 0.714709 secs 
[2022-12-05 16:12:01.481475: E /samgraph/3rdparty/collcachelib/coll_cache_lib/cache_context.cu:1900] Asymm Coll cache (policy: clique_part) | local 13327194 / 111059956 nodes ( 12.00 %~12.00 %) | remote 26654388 / 111059956 nodes ( 24.00 %) | cpu 71078374 / 111059956 nodes ( 64.00 %) | 6.36 GB | 0.735335 secs 
[2022-12-05 16:12:01.482000: E /samgraph/3rdparty/collcachelib/coll_cache_lib/cache_context.cu:1900] Asymm Coll cache (policy: clique_part) | local 13327194 / 111059956 nodes ( 12.00 %~12.00 %) | remote 26654388 / 111059956 nodes ( 24.00 %) | cpu 71078374 / 111059956 nodes ( 64.00 %) | 6.36 GB | 0.715 secs 
[2022-12-05 16:12:07.828788: W /samgraph/samgraph/common/cuda/cuda_device.cc:49] GPU[0] alloc cuda memory 613.49 MB
[2022-12-05 16:12:08.920260: W /samgraph/samgraph/common/cuda/cuda_device.cc:49] GPU[0] alloc cuda memory 613.49 MB
/usr/local/lib/python3.8/dist-packages/torch/nn/parallel/scatter_gather.py:9: UserWarning: is_namedtuple is deprecated, please use the python checks instead
  warnings.warn("is_namedtuple is deprecated, please use the python checks instead")
/usr/local/lib/python3.8/dist-packages/torch/nn/parallel/scatter_gather.py:9: UserWarning: is_namedtuple is deprecated, please use the python checks instead
  warnings.warn("is_namedtuple is deprecated, please use the python checks instead")
/usr/local/lib/python3.8/dist-packages/torch/nn/parallel/scatter_gather.py:9: UserWarning: is_namedtuple is deprecated, please use the python checks instead
  warnings.warn("is_namedtuple is deprecated, please use the python checks instead")
