[2022-12-05 17:03:57.  3127: W /samgraph/samgraph/common/cpu/mmap_cpu_device.cc:92] mmap allocating space 13.46 GB
[2022-12-05 17:03:57.  3262: W /samgraph/samgraph/common/cpu/mmap_cpu_device.cc:97] mmap allocating space 13.46 GB done
[2022-12-05 17:04:02.690569: W /samgraph/samgraph/common/cpu/mmap_cpu_device.cc:92] mmap allocating space 62.57 GB
[2022-12-05 17:04:02.690930: W /samgraph/samgraph/common/cpu/mmap_cpu_device.cc:97] mmap allocating space 62.57 GB done
[2022-12-05 17:04:02.691203: W /samgraph/samgraph/common/cpu/cpu_device.cc:39] WORKER[0] alloc host memory 13.46 GB
[2022-12-05 17:04:03.539242: E /samgraph/samgraph/common/engine.cc:272] Train set size 7.64 MB
[2022-12-05 17:04:03.539991: W /samgraph/samgraph/common/cpu/mmap_cpu_device.cc:92] mmap allocating space 68.50 GB
[2022-12-05 17:04:03.540030: W /samgraph/samgraph/common/cpu/mmap_cpu_device.cc:97] mmap allocating space 68.50 GB done
/usr/lib/python3/dist-packages/requests/__init__.py:89: RequestsDependencyWarning: urllib3 (1.26.12) or chardet (3.0.4) doesn't match a supported version!
  warnings.warn("urllib3 ({}) or chardet ({}) doesn't match a supported "
[2022-12-05 17:04:03.733939: W /samgraph/samgraph/common/dist/dist_engine.cc:662] Trainer[0] initializing...
[2022-12-05 17:04:03.783769: W /samgraph/samgraph/common/dist/dist_engine.cc:662] Trainer[1] initializing...
[2022-12-05 17:04:03.785777: W /samgraph/samgraph/common/dist/dist_engine.cc:662] Trainer[2] initializing...
[2022-12-05 17:04:05.219381: W /samgraph/samgraph/common/dist/dist_engine.cc:666] Trainer[0] pin memory queue...
[2022-12-05 17:04:05.228508: W /samgraph/samgraph/common/dist/dist_engine.cc:666] Trainer[1] pin memory queue...
[2022-12-05 17:04:05.239911: W /samgraph/samgraph/common/dist/dist_engine.cc:666] Trainer[2] pin memory queue...
[2022-12-05 17:04:29.550518: E /samgraph/samgraph/common/dist/dist_engine.cc:85] Running on V100
[[2022-12-05 17:04:292022-12-05 17:04:29..551033551011: : WE  /samgraph/samgraph/common/dist/dist_engine.cc/samgraph/samgraph/common/dist/dist_engine.cc::70185] ] Trainer[2] register host memory...Running on V100

[2022-12-05 17:04:29.551501: W /samgraph/samgraph/common/dist/dist_engine.cc:701] Trainer[1] register host memory...
[2022-12-05 17:04:29.572259: E /samgraph/samgraph/common/dist/dist_engine.cc:85] Running on V100
[2022-12-05 17:04:29.572347: W /samgraph/samgraph/common/dist/dist_engine.cc:701] Trainer[0] register host memory...
[2022-12-05 17:04:29.787281: E /samgraph/samgraph/common/dist/dist_engine.cc:85] Running on V100
[2022-12-05 17:04:29.792087: W /samgraph/samgraph/common/cuda/cuda_device.cc:49] GPU[3] alloc cuda memory 250.28 MB
[2022-12-05 17:04:29.866235: W /samgraph/samgraph/common/cuda/cuda_device.cc:49] GPU[3] alloc cuda memory 13.46 GB
[2022-12-05 17:04:33.172629: W /samgraph/samgraph/common/cuda/cuda_device.cc:49] GPU[3] alloc cuda memory 64.00 MB
[2022-12-05 17:04:33.178082: E /samgraph/samgraph/common/dist/pre_sampler.cc:41] Dist Presampler making shuffler...
[2022-12-05 17:04:33.183068: E /samgraph/samgraph/common/dist/pre_sampler.cc:44] Dist Presampler making shuffler...Done
[2022-12-05 17:04:33.183115: W /samgraph/samgraph/common/cpu/cpu_device.cc:39] WORKER[0] alloc host memory 500.55 MB
[2022-12-05 17:04:33.356123: E /samgraph/samgraph/common/dist/pre_sampler.cc:85] Dist Presampler doing presample epoch 0
[2022-12-05 17:04:44. 78248: E /samgraph/samgraph/common/dist/pre_sampler.cc:129] presample spend 5.48241 on sample, 0.398857 on copy, 4.82908 on count
[2022-12-05 17:04:44. 78394: E /samgraph/samgraph/common/dist/pre_sampler.cc:85] Dist Presampler doing presample epoch 1
[2022-12-05 17:04:54.822558: E /samgraph/samgraph/common/dist/pre_sampler.cc:129] presample spend 10.948 on sample, 0.793932 on copy, 9.70099 on count
[2022-12-05 17:04:54.822696: E /samgraph/samgraph/common/dist/pre_sampler.cc:136] max_num_inputs = 1277481, min_num_inputs = 1248926
[2022-12-05 17:04:55.  8320: E /samgraph/samgraph/common/dist/pre_sampler.cc:148] presample spend 0.185545 on sort freq.
[2022-12-05 17:04:55.209578: E /samgraph/samgraph/common/dist/dist_engine.cc:524] pre sample done, delete it
[[[2022-12-05 17:04:552022-12-05 17:04:552022-12-05 17:04:55...225031225032225030: : : WWW   /samgraph/samgraph/common/dist/dist_engine.cc/samgraph/samgraph/common/dist/dist_engine.cc/samgraph/samgraph/common/dist/dist_engine.cc:::711711711] ] ] Trainer[2] building cache...Trainer[0] building cache...Trainer[1] building cache...


[2022-12-05 17:04:55.227372: E /samgraph/3rdparty/collcachelib/coll_cache_lib/coll_cache/asymm_link_desc.cc:196] build symm link desc with 3X Tesla V100-SXM2-16GB out of 4
[2022-12-05 17:04:55.227463: E /samgraph/3rdparty/collcachelib/coll_cache_lib/coll_cache/asymm_link_desc.cc:197] remote time is 8.68421
[2022-12-05 17:04:55.227507: E /samgraph/3rdparty/collcachelib/coll_cache_lib/coll_cache/asymm_link_desc.cc:198] cpu time is 30
[2022-12-05 17:04:55.228285: E /samgraph/3rdparty/collcachelib/coll_cache_lib/coll_cache/asymm_link_desc.cc:196] build symm link desc with 3X Tesla V100-SXM2-16GB out of 4
[2022-12-05 17:04:55.228383: E [/samgraph/3rdparty/collcachelib/coll_cache_lib/coll_cache/asymm_link_desc.cc2022-12-05 17:04:55:.197228373] : remote time is 8.68421E
 /samgraph/3rdparty/collcachelib/coll_cache_lib/coll_cache/asymm_link_desc.cc:[1962022-12-05 17:04:55] .build symm link desc with 3X Tesla V100-SXM2-16GB out of 4228462
: E /samgraph/3rdparty/collcachelib/coll_cache_lib/coll_cache/asymm_link_desc.cc:198] cpu time is 30
[2022-12-05 17:04:55.228527: E /samgraph/3rdparty/collcachelib/coll_cache_lib/coll_cache/asymm_link_desc.cc:197] remote time is 8.68421
[2022-12-05 17:04:55.228608: E /samgraph/3rdparty/collcachelib/coll_cache_lib/coll_cache/asymm_link_desc.cc:198] cpu time is 30
[2022-12-05 17:05:13.715268: E /samgraph/3rdparty/collcachelib/coll_cache_lib/facade.cc:115] solver created. now build & solve
[2022-12-05 17:05:13.742332: E /samgraph/3rdparty/collcachelib/coll_cache_lib/facade.cc:120] solver built. now solve
block 0 storage is 00000001
	access is	0	0	0	
block 1 storage is 00000010
	access is	1	1	1	
block 2 storage is 00000100
	access is	2	2	2	
block 3 storage is 00000000
	access is	3	3	3	
[2022-12-05 17:05:14. 35503: E /samgraph/3rdparty/collcachelib/coll_cache_lib/facade.cc:124] solver solved
[2022-12-05 17:05:14. 35574: E /samgraph/3rdparty/collcachelib/coll_cache_lib/facade.cc:187] 0 solved master
[2022-12-05 17:05:14. 35616: E /samgraph/3rdparty/collcachelib/coll_cache_lib/facade.cc:194] 0 solved
[2022-12-05 17:05:14. 35644: E /samgraph/3rdparty/collcachelib/coll_cache_lib/facade.cc:197] worker 0 thread 0 initing device 0
[2022-12-05 17:05:14. 36683: E /samgraph/3rdparty/collcachelib/coll_cache_lib/cache_context.cu:1762] Building Coll Cache with ... num gpu device is 3
[2022-12-05 17:05:14. 47419: E /samgraph/3rdparty/collcachelib/coll_cache_lib/facade.cc:194] 2 solved
[2022-12-05 17:05:14. 47486: E /samgraph/3rdparty/collcachelib/coll_cache_lib/facade.cc:197] worker 2 thread 2 initing device 2
[2022-12-05 17:05:14. 47672: E /samgraph/3rdparty/collcachelib/coll_cache_lib/facade.cc:194] 1 solved
[2022-12-05 17:05:14. 47724: E /samgraph/3rdparty/collcachelib/coll_cache_lib/facade.cc:197] worker 1 thread 1 initing device 1
[2022-12-05 17:05:14. 48526: E /samgraph/3rdparty/collcachelib/coll_cache_lib/cache_context.cu:1762] Building Coll Cache with ... num gpu device is 3
[2022-12-05 17:05:14. 48745: E /samgraph/3rdparty/collcachelib/coll_cache_lib/cache_context.cu:1762] Building Coll Cache with ... num gpu device is 3
[2022-12-05 17:05:14.101493: W /samgraph/3rdparty/collcachelib/coll_cache_lib/cpu/cpu_device.cc:39] WORKER[0] alloc host memory 20.02 MB
[[[2022-12-05 17:05:142022-12-05 17:05:142022-12-05 17:05:14...579260579259579260: : : EEE   /samgraph/3rdparty/collcachelib/coll_cache_lib/cache_context.cu/samgraph/3rdparty/collcachelib/coll_cache_lib/cache_context.cu/samgraph/3rdparty/collcachelib/coll_cache_lib/cache_context.cu:::187118711871] ] ] Device 0 init p2p of link 1Device 1 init p2p of link 2Device 2 init p2p of link 0


[2022-12-05 17:05:14.585566: E /samgraph/3rdparty/collcachelib/coll_cache_lib/cache_context.cu:1871] Device 1 init p2p of link 0
[2022-12-05 17:05:14.585660: E /samgraph/3rdparty/collcachelib/coll_cache_lib/cache_context.cu:1871] Device 2 init p2p of link 1
[2022-12-05 17:05:14.585707: E /samgraph/3rdparty/collcachelib/coll_cache_lib/cache_context.cu:1871] Device 0 init p2p of link 2
[2022-12-05 17:05:14.591774: E /samgraph/3rdparty/collcachelib/coll_cache_lib/cache_context.cu:1900] Asymm Coll cache (policy: clique_part) | local 5248669 / 65608366 nodes ( 8.00 %~8.00 %) | remote 10497338 / 65608366 nodes ( 16.00 %) | cpu 49862359 / 65608366 nodes ( 76.00 %) | 5.01 GB | 0.542986 secs 
[2022-12-05 17:05:14.592170: E /samgraph/3rdparty/collcachelib/coll_cache_lib/cache_context.cu:1900] Asymm Coll cache (policy: clique_part) | local 5248669 / 65608366 nodes ( 8.00 %~8.00 %) | remote 10497338 / 65608366 nodes ( 16.00 %) | cpu 49862359 / 65608366 nodes ( 76.00 %) | 5.01 GB | 0.543602 secs 
[2022-12-05 17:05:14.592555: E /samgraph/3rdparty/collcachelib/coll_cache_lib/cache_context.cu:1900] Asymm Coll cache (policy: clique_part) | local 5248669 / 65608366 nodes ( 8.00 %~8.00 %) | remote 10497338 / 65608366 nodes ( 16.00 %) | cpu 49862359 / 65608366 nodes ( 76.00 %) | 5.01 GB | 0.555833 secs 
[2022-12-05 17:05:22.919021: W /samgraph/samgraph/common/cuda/cuda_device.cc:49] GPU[0] alloc cuda memory 1.31 GB
[2022-12-05 17:05:24. 58922: W /samgraph/samgraph/common/cuda/cuda_device.cc:49] GPU[0] alloc cuda memory 1.31 GB
/usr/local/lib/python3.8/dist-packages/torch/nn/parallel/scatter_gather.py:9: UserWarning: is_namedtuple is deprecated, please use the python checks instead
  warnings.warn("is_namedtuple is deprecated, please use the python checks instead")
/usr/local/lib/python3.8/dist-packages/torch/nn/parallel/scatter_gather.py:9: UserWarning: is_namedtuple is deprecated, please use the python checks instead
  warnings.warn("is_namedtuple is deprecated, please use the python checks instead")
/usr/local/lib/python3.8/dist-packages/torch/nn/parallel/scatter_gather.py:9: UserWarning: is_namedtuple is deprecated, please use the python checks instead
  warnings.warn("is_namedtuple is deprecated, please use the python checks instead")
