config:eval_tsp="2022-12-09 10:02:46"
config:arch=arch5
config:num_train_worker=3
config:num_sample_worker=1
config:sample_type=khop2
config:root_path=/nvme/graph-learning-copy/samgraph/
config:dataset=mag240m-homo
config:pipeline=False
config:cache_policy=rep
config:cache_percentage=0.01
config:num_epoch=4
config:batch_size=2000
config:num_hidden=256
config:max_sampling_jobs=1
config:max_copying_jobs=1
config:barriered_epoch=1
config:presample_epoch=2
config:omp_thread_num=13
config:unsupervised=True
config:amp=True
config:rolling=0
config:fanout=[25, 10]
config:lr=0.003
config:dropout=0.5
config:single_gpu=False
config:max_num_step=1000
config:validate_configs=False
config:report_acc=0
config:dataset_path=/nvme/graph-learning-copy/samgraph/mag240m-homo
config:torch_thread_num=13
config:train_workers=['cuda:0', 'cuda:1', 'cuda:2']
config:sample_workers=['cuda:3']
config:num_fanout=2
config:num_layer=2
config:_run_mode=RunMode.FGNN
config:_log_level=warn
config:_profile_level=3
config:_empty_feat=25
config:_arch=5
config:_sample_type=5
config:_cache_policy=12
test_result:init:input_scale_factor=1.10264
0 :  {link #0 : 1}, {link #1 : 2},
1 :  {link #0 : 2}, {link #1 : 0},
2 :  {link #0 : 0}, {link #1 : 1},
0 :  {link #0 : 1}, {link #1 : 2},
1 :  {link #0 : 2}, {link #1 : 0},
2 :  {link #0 : 0}, {link #1 : 1},
0 :  {link #0 : 1}, {link #1 : 2},
1 :  {link #0 : 2}, {link #1 : 0},
2 :  {link #0 : 0}, {link #1 : 1},
coll_cache:optimal_rep_storage=0.01
coll_cache:optimal_part_storage=0
coll_cache:optimal_cpu_storage=0.99
coll_cache:optimal_local_storage=0.01
coll_cache:optimal_remote_storage=0
coll_cache:optimal_local_rate=0.219947
coll_cache:optimal_remote_rate=0
coll_cache:optimal_cpu_rate=0.780053
z=18454.4
test_result:init:feat_nbytes=375030526464
test_result:init:cache_nbytes=3750303744
test_result:init:feat_nbytes=375030526464
test_result:init:cache_nbytes=3750303744
test_result:init:feat_nbytes=375030526464
test_result:init:cache_nbytes=3750303744
[Train  Worker 2/3] Started with PID 7260(Tesla V100-SXM2-16GB)
[Train  Worker 2] run train for 4 epochs with 1002 steps
[Train  Worker 1/3] Started with PID 7257(Tesla V100-SXM2-16GB)
[Train  Worker 1] run train for 4 epochs with 1002 steps
[CUDA] cuda0: usage: 10.55 GB
[SAM] cuda0 data alloc        : 0.00 Bytes
[SAM] cuda0 workspace         : 3.02 GB
[SAM] cuda0 workspace reserve : 1.51 GB
[SAM] cuda0 total             : 3.02 GB
[Train  Worker 0/3] Started with PID 7255(Tesla V100-SXM2-16GB)
[Train  Worker 0] run train for 4 epochs with 1002 steps
Epoch 00000 | Epoch Time 40.2129 | Total Train Time(Profiler) 8.4507 | Copy Time 31.7170
[CUDA] cuda0: usage: 10.55 GB
[SAM] cuda0 data alloc        : 0.00 Bytes
[SAM] cuda0 workspace         : 3.02 GB
[SAM] cuda0 workspace reserve : 1.51 GB
[SAM] cuda0 total             : 3.02 GB
Epoch 00001 | Epoch Time 38.3846 | Total Train Time(Profiler) 6.6397 | Copy Time 31.7027
[CUDA] cuda0: usage: 10.55 GB
[SAM] cuda0 data alloc        : 0.00 Bytes
[SAM] cuda0 workspace         : 3.02 GB
[SAM] cuda0 workspace reserve : 1.51 GB
[SAM] cuda0 total             : 3.02 GB
Epoch 00002 | Epoch Time 38.2257 | Total Train Time(Profiler) 6.5041 | Copy Time 31.6818
[CUDA] cuda0: usage: 10.55 GB
[SAM] cuda0 data alloc        : 0.00 Bytes
[SAM] cuda0 workspace         : 3.02 GB
[SAM] cuda0 workspace reserve : 1.51 GB
[SAM] cuda0 total             : 3.02 GB
Epoch 00003 | Epoch Time 38.1884 | Total Train Time(Profiler) 6.4720 | Copy Time 31.6783
[Train  Worker 1] Avg Epoch Time 38.2661 | Train Total Time(Profiler) 6.5444 | Copy Time 31.6829
[Train  Worker 2] Avg Epoch Time 38.2661 | Train Total Time(Profiler) 6.5272 | Copy Time 31.6985
[Train  Worker 0] Avg Epoch Time 38.2663 | Train Total Time(Profiler) 6.5386 | Copy Time 31.6876
    [Step(average) Profiler Level 1 E3 S1001]
        L1  sample           0.003969 | send           0.000997
        L1  recv             0.000000 | copy           0.000000 | convert time 0.000000 | train  0.000000
        L1  feature nbytes 0.00 Bytes | label nbytes 0.00 Bytes
        L1  id nbytes      0.00 Bytes | graph nbytes 0.00 Bytes
        L1  miss nbytes    0.00 Bytes | remote nbytes 0.00 Bytes
        L1  num nodes          953789 | num samples     1098771
    [Step(average) Profiler Level 2 E3 S1001]
        L2  shuffle     0.000135 | core sample  0.001139 | id remap        0.002439
        L2  graph copy  0.000000 | id copy      0.000000 | cache feat copy 0.000000
        L2  last layer sample time 0.000366 | size 49775.999335
    [Step(average) Profiler Level 3 E3 S1001]
        L3  khop sample coo  0.000784 | khop sort coo      0.000000 | khop count edge     0.000046 | khop compact edge 0.000227
        L3  walk sample coo  0.000000 | walk topk total    0.000000 | walk topk step1     0.000000 | walk topk step2   0.000000
        L3  walk topk step3  0.000000 | walk topk step4    0.000000 | walk topk step5     0.000000
        L3  walk topk step6  0.000000 | walk topk step7    0.000000
        L3  remap unique     0.000235 | remap populate     0.002074 | remap mapnode       0.000000 | remap mapedge     0.000382
        L3  cache get_index  0.000000 | cache copy_index   0.000000 | cache extract_miss  0.000000
        L3  cache copy_miss  0.000000 | cache combine_miss 0.000000 | cache combine cache 0.000000 | cache combine remote 0.000000
        L3  label extract  0.000000
    [Init Profiler Level 1]
        L1  init     6.8265 | sampler init    60.5985 | trainer init 0.0000
    [Init Profiler Level 2]
        L2  load ds         8.5309 | init queue          34.0704
        L2  presample      22.9199 | build interal ds     1.9011
        L2  build cache     0.0000
    [Init Profiler Level 3]
        L3  load dataset: mmap     6.8238 | copy         1.7071
        L3  dist queue: alloc      0.0006 | pin         34.0698 | push     0.0000
        L3  presample: init        1.2931
        L3  presample: sample      7.4488 | copy         0.6074
        L3  presample: count      10.0222 | sort         1.2128
        L3  presample: reset       0.0034 | get rank     0.1215
        L3  internal: cuda ctx     1.5979 | cuda stream     0.2934
[Sample Worker 0/1] Started with PID 7253(Tesla V100-SXM2-16GB)
[Sample Worker 0] run sample for 4 epochs with 1002 steps
[Sample Worker 0] Avg Sample Total Time 4.9932 | Sampler Total Time(Profiler) 4.9758
test_result:sample_time=3.9765
test_result:get_cache_miss_index_time=0.0001
test_result:enqueue_samples_time=0.9992
test_result:epoch_time:sample_total=4.9932
[CUDA] cuda0: usage: 10.55 GB
[SAM] cuda0 data alloc        : 0.00 Bytes
[SAM] cuda0 workspace         : 3.02 GB
[SAM] cuda0 workspace reserve : 1.51 GB
[SAM] cuda0 total             : 3.02 GB
    [Step(average) Profiler Level 1 E3 S1001]
        L1  sample           0.000000 | send           0.000000
        L1  recv             0.001123 | copy           0.094879 | convert time 0.000549 | train  0.019022
        L1  feature nbytes    1.36 GB | label nbytes   15.62 KB
        L1  id nbytes      0.00 Bytes | graph nbytes 0.00 Bytes
        L1  miss nbytes    0.00 Bytes | remote nbytes 0.00 Bytes
        L1  num nodes               0 | num samples           0
    [Step(average) Profiler Level 2 E3 S1001]
        L2  shuffle     0.000000 | core sample  0.000000 | id remap        0.000000
        L2  graph copy  0.000004 | id copy      0.000000 | cache feat copy 0.093753
        L2  last layer sample time 0.000000 | size 0.000000
    [Step(average) Profiler Level 3 E3 S1001]
        L3  khop sample coo  0.000000 | khop sort coo      0.000000 | khop count edge     0.000000 | khop compact edge 0.000000
        L3  walk sample coo  0.000000 | walk topk total    0.000000 | walk topk step1     0.000000 | walk topk step2   0.000000
        L3  walk topk step3  0.000000 | walk topk step4    0.000000 | walk topk step5     0.000000
        L3  walk topk step6  0.000000 | walk topk step7    0.000000
        L3  remap unique     0.000000 | remap populate     0.000000 | remap mapnode       0.000000 | remap mapedge     0.000000
        L3  cache get_index  0.000000 | cache copy_index   0.000000 | cache extract_miss  0.000000
        L3  cache copy_miss  0.000000 | cache combine_miss 0.000000 | cache combine cache 0.093047 | cache combine remote 0.000000
        L3  label extract  0.000059
    [Step(max) Profiler Level 1 E3 S1001]
        L1  sample           0.000000 | send           0.000000
        L1  recv             0.000000 | copy           0.000000 | convert time 0.000000 | train  0.000000
        L1  feature nbytes 0.00 Bytes | label nbytes 0.00 Bytes
        L1  id nbytes      0.00 Bytes | graph nbytes    8.60 MB
        L1  miss nbytes    0.00 Bytes | remote nbytes 0.00 Bytes
        L1  num nodes               0 | num samples           0
    [Step(max) Profiler Level 2 E3 S1001]
        L2  shuffle     0.000000 | core sample  0.000000 | id remap        0.000000
        L2  graph copy  0.000000 | id copy      0.000000 | cache feat copy 0.000000
        L2  last layer sample time 0.000000 | size 0.000000
    [Step(max) Profiler Level 3 E3 S1001]
        L3  khop sample coo  0.000000 | khop sort coo      0.000000 | khop count edge     0.000000 | khop compact edge 0.000000
        L3  walk sample coo  0.000000 | walk topk total    0.000000 | walk topk step1     0.000000 | walk topk step2   0.000000
        L3  walk topk step3  0.000000 | walk topk step4    0.000000 | walk topk step5     0.000000
        L3  walk topk step6  0.000000 | walk topk step7    0.000000
        L3  remap unique     0.000000 | remap populate     0.000000 | remap mapnode       0.000000 | remap mapedge     0.000000
        L3  cache get_index  0.000000 | cache copy_index   0.000000 | cache extract_miss  0.000000
        L3  cache copy_miss  0.000000 | cache combine_miss 0.000000 | cache combine cache 0.000000 | cache combine remote 0.000000
        L3  label extract  0.000000
    [Step(min) Profiler Level 1 E3 S1001]
        L1  sample           0.000000 | send           0.000000
        L1  recv             0.000000 | copy           0.000000 | convert time 0.000000 | train  0.000000
        L1  feature nbytes 0.00 Bytes | label nbytes 0.00 Bytes
        L1  id nbytes      0.00 Bytes | graph nbytes    8.23 MB
        L1  miss nbytes    0.00 Bytes | remote nbytes 0.00 Bytes
        L1  num nodes               0 | num samples           0
    [Step(min) Profiler Level 2 E3 S1001]
        L2  shuffle     0.000000 | core sample  0.000000 | id remap        0.000000
        L2  graph copy  0.000000 | id copy      0.000000 | cache feat copy 0.000000
        L2  last layer sample time 0.000000 | size 0.000000
    [Step(min) Profiler Level 3 E3 S1001]
        L3  khop sample coo  0.000000 | khop sort coo      0.000000 | khop count edge     0.000000 | khop compact edge 0.000000
        L3  walk sample coo  0.000000 | walk topk total    0.000000 | walk topk step1     0.000000 | walk topk step2   0.000000
        L3  walk topk step3  0.000000 | walk topk step4    0.000000 | walk topk step5     0.000000
        L3  walk topk step6  0.000000 | walk topk step7    0.000000
        L3  remap unique     0.000000 | remap populate     0.000000 | remap mapnode       0.000000 | remap mapedge     0.000000
        L3  cache get_index  0.000000 | cache copy_index   0.000000 | cache extract_miss  0.000000
        L3  cache copy_miss  0.000000 | cache combine_miss 0.000000 | cache combine cache 0.000000 | cache combine remote 0.000000
        L3  label extract  0.000000
    [Init Profiler Level 1]
        L1  init     6.8265 | sampler init     0.0000 | trainer init 135.1902
    [Init Profiler Level 2]
        L2  load ds         6.8238 | init queue          34.0038
        L2  presample       0.0000 | build interal ds     1.5640
        L2  build cache    99.6158
    [Init Profiler Level 3]
        L3  load dataset: mmap     6.8238 | copy         0.0000
        L3  dist queue: alloc      0.0006 | pin         34.0032 | push     0.0000
        L3  presample: init        0.0000
        L3  presample: sample      0.0000 | copy         0.0000
        L3  presample: count       0.0000 | sort         0.0000
        L3  presample: reset       0.0000 | get rank     0.0000
        L3  internal: cuda ctx     1.5640 | cuda stream     0.0001
|===========================================================================|
|                  PyTorch CUDA memory summary, device ID 0                 |
|---------------------------------------------------------------------------|
|            CUDA OOMs: 0            |        cudaMalloc retries: 0         |
|===========================================================================|
|        Metric         | Cur Usage  | Peak Usage | Tot Alloc  | Tot Freed  |
|---------------------------------------------------------------------------|
| Allocated memory      |   35271 KB |  646157 KB |    2351 GB |    2351 GB |
|       from large pool |   25985 KB |  643223 KB |    2333 GB |    2333 GB |
|       from small pool |    9286 KB |   11604 KB |      17 GB |      17 GB |
|---------------------------------------------------------------------------|
| Active memory         |   35272 KB |  646157 KB |    2351 GB |    2351 GB |
|       from large pool |   25985 KB |  643223 KB |    2333 GB |    2333 GB |
|       from small pool |    9286 KB |   11604 KB |      17 GB |      17 GB |
|---------------------------------------------------------------------------|
| GPU reserved memory   |     768 MB |     768 MB |     768 MB |       0 B  |
|       from large pool |     752 MB |     752 MB |     752 MB |       0 B  |
|       from small pool |      16 MB |      16 MB |      16 MB |       0 B  |
|---------------------------------------------------------------------------|
| Non-releasable memory |   32312 KB |  634323 KB |    1896 GB |    1896 GB |
|       from large pool |   29310 KB |  632578 KB |    1876 GB |    1876 GB |
|       from small pool |    3001 KB |    5578 KB |      20 GB |      20 GB |
|---------------------------------------------------------------------------|
| Allocations           |      43    |      62    |  195093    |  195050    |
|       from large pool |       7    |      18    |   76155    |   76148    |
|       from small pool |      36    |      47    |  118938    |  118902    |
|---------------------------------------------------------------------------|
| Active allocs         |      44    |      62    |  195093    |  195049    |
|       from large pool |       7    |      18    |   76155    |   76148    |
|       from small pool |      37    |      47    |  118938    |  118901    |
|---------------------------------------------------------------------------|
| GPU reserved segments |      17    |      17    |      17    |       0    |
|       from large pool |       9    |       9    |       9    |       0    |
|       from small pool |       8    |       8    |       8    |       0    |
|---------------------------------------------------------------------------|
| Non-releasable allocs |      18    |      30    |   87857    |   87839    |
|       from large pool |       5    |      13    |   51910    |   51905    |
|       from small pool |      13    |      23    |   35947    |   35934    |
|---------------------------------------------------------------------------|
| Oversize allocations  |       0    |       0    |       0    |       0    |
|---------------------------------------------------------------------------|
| Oversize GPU segments |       0    |       0    |       0    |       0    |
|===========================================================================|

test_result:epoch_time:copy_time=31.6876
test_result:convert_time=0.1776
test_result:train_time=6.3610
test_result:epoch_time:train_total=6.5386
test_result:cache_percentage=0.0100
test_result:cache_hit_rate=1.0000
test_result:run_time=175.1632
