[2022-12-09 09:25:12.875607: W /samgraph/samgraph/common/cpu/mmap_cpu_device.cc:92] mmap allocating space 12.87 GB
[2022-12-09 09:25:12.875703: W /samgraph/samgraph/common/cpu/mmap_cpu_device.cc:97] mmap allocating space 12.87 GB done
[2022-12-09 09:25:18.148043: W /samgraph/samgraph/common/cpu/mmap_cpu_device.cc:92] mmap allocating space 48.00 GB
[2022-12-09 09:25:18.148147: W /samgraph/samgraph/common/cpu/mmap_cpu_device.cc:97] mmap allocating space 48.00 GB done
[2022-12-09 09:25:18.148189: W /samgraph/samgraph/common/cpu/mmap_cpu_device.cc:92] mmap allocating space 1.82 GB
[2022-12-09 09:25:18.148221: W /samgraph/samgraph/common/cpu/mmap_cpu_device.cc:97] mmap allocating space 1.82 GB done
[2022-12-09 09:25:18.148278: W /samgraph/samgraph/common/cpu/cpu_device.cc:39] WORKER[0] alloc host memory 12.87 GB
[2022-12-09 09:25:18.867969: E /samgraph/samgraph/common/engine.cc:272] Train set size 3.82 MB
[2022-12-09 09:25:18.868691: W /samgraph/samgraph/common/cpu/mmap_cpu_device.cc:92] mmap allocating space 68.50 GB
[2022-12-09 09:25:18.868729: W /samgraph/samgraph/common/cpu/mmap_cpu_device.cc:97] mmap allocating space 68.50 GB done
/usr/lib/python3/dist-packages/requests/__init__.py:89: RequestsDependencyWarning: urllib3 (1.26.12) or chardet (3.0.4) doesn't match a supported version!
  warnings.warn("urllib3 ({}) or chardet ({}) doesn't match a supported "
[2022-12-09 09:25:19. 68598: W /samgraph/samgraph/common/dist/dist_engine.cc:662] Trainer[2] initializing...
[2022-12-09 09:25:19. 69085: W /samgraph/samgraph/common/dist/dist_engine.cc:662] Trainer[0] initializing...
[2022-12-09 09:25:19. 69338: W /samgraph/samgraph/common/dist/dist_engine.cc:662] Trainer[1] initializing...
[2022-12-09 09:25:20.550203: W /samgraph/samgraph/common/dist/dist_engine.cc:666] Trainer[2] pin memory queue...
[2022-12-09 09:25:20.553519: W /samgraph/samgraph/common/dist/dist_engine.cc:666] Trainer[1] pin memory queue...
[2022-12-09 09:25:20.554748: W /samgraph/samgraph/common/dist/dist_engine.cc:666] Trainer[0] pin memory queue...
[2022-12-09 09:26:03.366640: E /samgraph/samgraph/common/dist/dist_engine.cc:85] Running on V100
[[2022-12-09 09:26:032022-12-09 09:26:03..367201367246: : EW  /samgraph/samgraph/common/dist/dist_engine.cc/samgraph/samgraph/common/dist/dist_engine.cc::85701] ] Running on V100Trainer[1] register host memory...

[2022-12-09 09:26:03.367627: W /samgraph/samgraph/common/dist/dist_engine.cc:701] Trainer[2] register host memory...
[2022-12-09 09:26:03.386893: E /samgraph/samgraph/common/dist/dist_engine.cc:85] Running on V100
[2022-12-09 09:26:03.386975: W /samgraph/samgraph/common/dist/dist_engine.cc:701] Trainer[0] register host memory...
[2022-12-09 09:26:03.651173: E /samgraph/samgraph/common/dist/dist_engine.cc:85] Running on V100
[2022-12-09 09:26:03.656280: W /samgraph/samgraph/common/cuda/cuda_device.cc:49] GPU[3] alloc cuda memory 931.40 MB
[2022-12-09 09:26:03.882336: W /samgraph/samgraph/common/cuda/cuda_device.cc:49] GPU[3] alloc cuda memory 12.87 GB
[2022-12-09 09:26:06.885527: W /samgraph/samgraph/common/cuda/cuda_device.cc:49] GPU[3] alloc cuda memory 32.00 MB
[2022-12-09 09:26:06.890524: E /samgraph/samgraph/common/dist/pre_sampler.cc:41] Dist Presampler making shuffler...
[2022-12-09 09:26:06.895279: E /samgraph/samgraph/common/dist/pre_sampler.cc:44] Dist Presampler making shuffler...Done
[2022-12-09 09:26:06.895326: W /samgraph/samgraph/common/cpu/cpu_device.cc:39] WORKER[0] alloc host memory 1.82 GB
[2022-12-09 09:26:08.182110: E /samgraph/samgraph/common/dist/pre_sampler.cc:85] Dist Presampler doing presample epoch 0
[2022-12-09 09:26:12.654580: E /samgraph/samgraph/common/dist/pre_sampler.cc:129] presample spend 1.97153 on sample, 0.160202 on copy, 2.32914 on count
[2022-12-09 09:26:12.654689: E /samgraph/samgraph/common/dist/pre_sampler.cc:85] Dist Presampler doing presample epoch 1
[2022-12-09 09:26:17.  9113: E /samgraph/samgraph/common/dist/pre_sampler.cc:129] presample spend 3.87392 on sample, 0.318269 on copy, 4.61174 on count
[2022-12-09 09:26:17.  9235: E /samgraph/samgraph/common/dist/pre_sampler.cc:136] max_num_inputs = 501100, min_num_inputs = 467340
[2022-12-09 09:26:18. 54017: E /samgraph/samgraph/common/dist/pre_sampler.cc:148] presample spend 1.04468 on sort freq.
[2022-12-09 09:26:19.377448: E /samgraph/samgraph/common/dist/dist_engine.cc:524] pre sample done, delete it
[[[2022-12-09 09:26:192022-12-09 09:26:192022-12-09 09:26:19...711843711843711845: : : WWW   /samgraph/samgraph/common/dist/dist_engine.cc/samgraph/samgraph/common/dist/dist_engine.cc/samgraph/samgraph/common/dist/dist_engine.cc:::711711711] ] ] Trainer[0] building cache...Trainer[2] building cache...Trainer[1] building cache...


[2022-12-09 09:26:19.[7139092022-12-09 09:26:19: .E713919 : /samgraph/3rdparty/collcachelib/coll_cache_lib/run_config.ccE: 134/samgraph/3rdparty/collcachelib/coll_cache_lib/run_config.cc] :using concurrent impl MPS134
] using concurrent impl MPS
[2022-12-09 09:26:19.714018: E /samgraph/3rdparty/collcachelib/coll_cache_lib/run_config.cc:134] using concurrent impl MPS
[2022-12-09 09:26:19.714780: E /samgraph/3rdparty/collcachelib/coll_cache_lib/coll_cache/asymm_link_desc.cc:188] assigning 16 to cpu
[2022-12-09 09:26:19.714807: E /samgraph/3rdparty/collcachelib/coll_cache_lib/coll_cache/asymm_link_desc.cc:[1882022-12-09 09:26:19] .assigning 16 to cpu714822
: E /samgraph/3rdparty/collcachelib/coll_cache_lib/coll_cache/asymm_link_desc.cc:204] build symm link desc with 3X Tesla V100-SXM2-16GB out of 4
[2022-12-09 09:26:19.714860: E[ 2022-12-09 09:26:19/samgraph/3rdparty/collcachelib/coll_cache_lib/coll_cache/asymm_link_desc.cc.:714874204: ] Ebuild symm link desc with 3X Tesla V100-SXM2-16GB out of 4 
/samgraph/3rdparty/collcachelib/coll_cache_lib/coll_cache/asymm_link_desc.cc:205] remote time is 8.68421
[2022-12-09 09:26:19.[7149112022-12-09 09:26:19: .E714917 : /samgraph/3rdparty/collcachelib/coll_cache_lib/coll_cache/asymm_link_desc.ccE: 205/samgraph/3rdparty/collcachelib/coll_cache_lib/coll_cache/asymm_link_desc.cc] :remote time is 8.68421206
] cpu time is 30
[2022-12-09 09:26:19.714960: E /samgraph/3rdparty/collcachelib/coll_cache_lib/coll_cache/asymm_link_desc.cc:206] cpu time is 30
[2022-12-09 09:26:19.715059: E /samgraph/3rdparty/collcachelib/coll_cache_lib/coll_cache/asymm_link_desc.cc:188] assigning 16 to cpu
[2022-12-09 09:26:19.715190: E /samgraph/3rdparty/collcachelib/coll_cache_lib/coll_cache/asymm_link_desc.cc:204] build symm link desc with 3X Tesla V100-SXM2-16GB out of 4
[2022-12-09 09:26:19.715282: E /samgraph/3rdparty/collcachelib/coll_cache_lib/coll_cache/asymm_link_desc.cc:205] remote time is 8.68421
[2022-12-09 09:26:19.715358: E /samgraph/3rdparty/collcachelib/coll_cache_lib/coll_cache/asymm_link_desc.cc:206] cpu time is 30
[2022-12-09 09:27:13.767667: E /samgraph/3rdparty/collcachelib/coll_cache_lib/facade.cc:118] solver created. now build & solve
[2022-12-09 09:27:13.871267: E /samgraph/3rdparty/collcachelib/coll_cache_lib/facade.cc:123] solver built. now solve
[2022-12-09 09:27:13.871321: E /samgraph/3rdparty/collcachelib/coll_cache_lib/coll_cache/optimal_solver_class.cc:895] num_cached_nodes = 2441604
[2022-12-09 09:27:15.222442: E /samgraph/3rdparty/collcachelib/coll_cache_lib/facade.cc:127] solver solved
[2022-12-09 09:27:15.222559: E /samgraph/3rdparty/collcachelib/coll_cache_lib/facade.cc:195] 0 solved master
[2022-12-09 09:27:15.222601: E /samgraph/3rdparty/collcachelib/coll_cache_lib/facade.cc:202] 0 solved
[2022-12-09 09:27:15.222629: E /samgraph/3rdparty/collcachelib/coll_cache_lib/facade.cc:205] worker 0 thread 0 initing device 0
[2022-12-09 09:27:15.266662: E /samgraph/3rdparty/collcachelib/coll_cache_lib/facade.cc:202] 1 solved
[2022-12-09 09:27:15.266724: E /samgraph/3rdparty/collcachelib/coll_cache_lib/facade.cc:205] worker 1 thread 1 initing device 1
[2022-12-09 09:27:15.267519: E /samgraph/3rdparty/collcachelib/coll_cache_lib/facade.cc:202] 2 solved
[2022-12-09 09:27:15.267588: E /samgraph/3rdparty/collcachelib/coll_cache_lib/facade.cc:205] worker 2 thread 2 initing device 2
[2022-12-09 09:27:15.457893: W /samgraph/3rdparty/collcachelib/coll_cache_lib/cache_context.cu:1634] using empty feat=25
[2022-12-09 09:27:15.480098: W /samgraph/3rdparty/collcachelib/coll_cache_lib/cache_context.cu:1634] using empty feat=25
[2022-12-09 09:27:15.502369: W /samgraph/3rdparty/collcachelib/coll_cache_lib/cache_context.cu:1634] using empty feat=25
[2022-12-09 09:27:15.839340: E /samgraph/3rdparty/collcachelib/coll_cache_lib/cache_context.cu:1744] Collaborative GPU cache (policy: rep_cache) | local 2441604 / 244160499 nodes ( 1.00 %~1.00 %) | remote 0 / 244160499 nodes ( 0.00 %) | cpu 241718895 / 244160499 nodes ( 99.00 %) | 3.49 GB | 0.570936 secs 
[2022-12-09 09:27:15.839482: E /samgraph/3rdparty/collcachelib/coll_cache_lib/cache_context.cu:1744] Collaborative GPU cache (policy: rep_cache) | local 2441604 / 244160499 nodes ( 1.00 %~1.00 %) | remote 0 / 244160499 nodes ( 0.00 %) | cpu 241718895 / 244160499 nodes ( 99.00 %) | 3.49 GB | 0.61515 secs 
[2022-12-09 09:27:15.839530: E /samgraph/3rdparty/collcachelib/coll_cache_lib/cache_context.cu:1744] Collaborative GPU cache (policy: rep_cache) | local 2441604 / 244160499 nodes ( 1.00 %~1.00 %) | remote 0 / 244160499 nodes ( 0.00 %) | cpu 241718895 / 244160499 nodes ( 99.00 %) | 3.49 GB | 0.568865 secs 
[2022-12-09 09:27:15.839684: W /samgraph/3rdparty/collcachelib/coll_cache_lib/cache_context.cu:2010] before create ctx, mem is 6.24 GB
[2022-12-09 09:27:17.266725: W /samgraph/3rdparty/collcachelib/coll_cache_lib/cache_context.cu:2016] after create ctx, mem is 6.71 GB
[2022-12-09 09:27:17.266832: W /samgraph/3rdparty/collcachelib/coll_cache_lib/cache_context.cu:2023] after create stream, mem is 6.71 GB
[2022-12-09 09:27:17.267167: W /samgraph/3rdparty/collcachelib/coll_cache_lib/cache_context.cu:2010] before create ctx, mem is 6.71 GB
[2022-12-09 09:27:18.554271: W /samgraph/3rdparty/collcachelib/coll_cache_lib/cache_context.cu:2016] after create ctx, mem is 7.18 GB
[2022-12-09 09:27:18.554386: W /samgraph/3rdparty/collcachelib/coll_cache_lib/cache_context.cu:2023] after create stream, mem is 7.18 GB
[2022-12-09 09:27:18.554700: W /samgraph/3rdparty/collcachelib/coll_cache_lib/cache_context.cu:2010] before create ctx, mem is 7.18 GB
[2022-12-09 09:27:19.827169: W /samgraph/3rdparty/collcachelib/coll_cache_lib/cache_context.cu:2016] after create ctx, mem is 7.78 GB
[2022-12-09 09:27:19.827301: W /samgraph/3rdparty/collcachelib/coll_cache_lib/cache_context.cu:2023] after create stream, mem is 7.78 GB
[2022-12-09 09:27:19.827604: W /samgraph/3rdparty/collcachelib/coll_cache_lib/cache_context.cu:2010] before create ctx, mem is 7.78 GB
[2022-12-09 09:27:21.175535: W /samgraph/3rdparty/collcachelib/coll_cache_lib/cache_context.cu:2016] after create ctx, mem is 8.19 GB
[2022-12-09 09:27:21.175675: W /samgraph/3rdparty/collcachelib/coll_cache_lib/cache_context.cu:2023] after create stream, mem is 8.19 GB
[2022-12-09 09:27:24.583477: W /samgraph/samgraph/common/cuda/cuda_device.cc:49] GPU[0] alloc cuda memory 801.79 MB
[2022-12-09 09:27:26.  6511: W /samgraph/samgraph/common/cuda/cuda_device.cc:49] GPU[0] alloc cuda memory 801.79 MB
/usr/local/lib/python3.8/dist-packages/torch/nn/parallel/scatter_gather.py:9: UserWarning: is_namedtuple is deprecated, please use the python checks instead
  warnings.warn("is_namedtuple is deprecated, please use the python checks instead")
/usr/local/lib/python3.8/dist-packages/torch/nn/parallel/scatter_gather.py:9: UserWarning: is_namedtuple is deprecated, please use the python checks instead
  warnings.warn("is_namedtuple is deprecated, please use the python checks instead")
/usr/local/lib/python3.8/dist-packages/torch/nn/parallel/scatter_gather.py:9: UserWarning: is_namedtuple is deprecated, please use the python checks instead
  warnings.warn("is_namedtuple is deprecated, please use the python checks instead")
