config:eval_tsp="2022-12-09 09:48:25"
config:arch=arch5
config:num_train_worker=3
config:num_sample_worker=1
config:sample_type=khop2
config:root_path=/nvme/graph-learning-copy/samgraph/
config:dataset=mag240m-homo
config:pipeline=False
config:cache_policy=rep
config:cache_percentage=0.03
config:num_epoch=4
config:batch_size=1000
config:num_hidden=256
config:max_sampling_jobs=1
config:max_copying_jobs=1
config:barriered_epoch=1
config:presample_epoch=2
config:omp_thread_num=13
config:unsupervised=True
config:amp=True
config:rolling=0
config:fanout=[25, 10]
config:lr=0.003
config:dropout=0.5
config:single_gpu=False
config:max_num_step=1000
config:validate_configs=False
config:report_acc=0
config:dataset_path=/nvme/graph-learning-copy/samgraph/mag240m-homo
config:torch_thread_num=13
config:train_workers=['cuda:0', 'cuda:1', 'cuda:2']
config:sample_workers=['cuda:3']
config:num_fanout=2
config:num_layer=2
config:_run_mode=RunMode.FGNN
config:_log_level=warn
config:_profile_level=3
config:_empty_feat=25
config:_arch=5
config:_sample_type=5
config:_cache_policy=12
test_result:init:input_scale_factor=1.12017
0 :  {link #0 : 1}, {link #1 : 2},
1 :  {link #0 : 2}, {link #1 : 0},
2 :  {link #0 : 0}, {link #1 : 1},
0 :  {link #0 : 1}, {link #1 : 2},
1 :  {link #0 : 2}, {link #1 : 0},
2 :  {link #0 : 0}, {link #1 : 1},
0 :  {link #0 : 1}, {link #1 : 2},
1 :  {link #0 : 2}, {link #1 : 0},
2 :  {link #0 : 0}, {link #1 : 1},
coll_cache:optimal_rep_storage=0.03
coll_cache:optimal_part_storage=0
coll_cache:optimal_cpu_storage=0.97
coll_cache:optimal_local_storage=0.03
coll_cache:optimal_remote_storage=0
coll_cache:optimal_local_rate=0.407876
coll_cache:optimal_remote_rate=0
coll_cache:optimal_cpu_rate=0.592124
z=7207.55
test_result:init:feat_nbytes=375030526464
test_result:init:cache_nbytes=11250914304
test_result:init:feat_nbytes=375030526464
test_result:init:cache_nbytes=11250914304
test_result:init:feat_nbytes=375030526464
test_result:init:cache_nbytes=11250914304
[Train  Worker 1/3] Started with PID 5994(Tesla V100-SXM2-16GB)
[Train  Worker 1] run train for 4 epochs with 1002 steps
[Train  Worker 2/3] Started with PID 5997(Tesla V100-SXM2-16GB)
[Train  Worker 2] run train for 4 epochs with 1002 steps
[CUDA] cuda0: usage: 15.71 GB
[SAM] cuda0 data alloc        : 0.00 Bytes
[SAM] cuda0 workspace         : 1.56 GB
[SAM] cuda0 workspace reserve : 801.54 MB
[SAM] cuda0 total             : 1.56 GB
[Train  Worker 0/3] Started with PID 5991(Tesla V100-SXM2-16GB)
[Train  Worker 0] run train for 4 epochs with 1002 steps
Epoch 00000 | Epoch Time 19.1903 | Total Train Time(Profiler) 6.5764 | Copy Time 12.5732
[CUDA] cuda0: usage: 15.71 GB
[SAM] cuda0 data alloc        : 0.00 Bytes
[SAM] cuda0 workspace         : 1.56 GB
[SAM] cuda0 workspace reserve : 801.54 MB
[SAM] cuda0 total             : 1.56 GB
Epoch 00001 | Epoch Time 17.4597 | Total Train Time(Profiler) 4.8646 | Copy Time 12.5549
[CUDA] cuda0: usage: 15.71 GB
[SAM] cuda0 data alloc        : 0.00 Bytes
[SAM] cuda0 workspace         : 1.56 GB
[SAM] cuda0 workspace reserve : 801.54 MB
[SAM] cuda0 total             : 1.56 GB
Epoch 00002 | Epoch Time 17.3445 | Total Train Time(Profiler) 4.7319 | Copy Time 12.5727
[CUDA] cuda0: usage: 15.71 GB
[SAM] cuda0 data alloc        : 0.00 Bytes
[SAM] cuda0 workspace         : 1.56 GB
[SAM] cuda0 workspace reserve : 801.54 MB
[SAM] cuda0 total             : 1.56 GB
Epoch 00003 | Epoch Time 16.8011 | Total Train Time(Profiler) 4.2083 | Copy Time 12.5586
[Train  Worker 1] Avg Epoch Time 17.2018 | Train Total Time(Profiler) 4.5958 | Copy Time 12.5685
[Train  Worker 0] Avg Epoch Time 17.2018 | Train Total Time(Profiler) 4.6016 | Copy Time 12.5621
[Train  Worker 2] Avg Epoch Time 17.2018 | Train Total Time(Profiler) 4.6042 | Copy Time 12.5602
    [Step(average) Profiler Level 1 E3 S1001]
        L1  sample           0.001916 | send           0.000508
        L1  recv             0.000000 | copy           0.000000 | convert time 0.000000 | train  0.000000
        L1  feature nbytes 0.00 Bytes | label nbytes 0.00 Bytes
        L1  id nbytes      0.00 Bytes | graph nbytes 0.00 Bytes
        L1  miss nbytes    0.00 Bytes | remote nbytes 0.00 Bytes
        L1  num nodes          484232 | num samples      550585
    [Step(average) Profiler Level 2 E3 S1001]
        L2  shuffle     0.000047 | core sample  0.000567 | id remap        0.001113
        L2  graph copy  0.000000 | id copy      0.000000 | cache feat copy 0.000000
        L2  last layer sample time 0.000251 | size 24934.591816
    [Step(average) Profiler Level 3 E3 S1001]
        L3  khop sample coo  0.000334 | khop sort coo      0.000000 | khop count edge     0.000030 | khop compact edge 0.000152
        L3  walk sample coo  0.000000 | walk topk total    0.000000 | walk topk step1     0.000000 | walk topk step2   0.000000
        L3  walk topk step3  0.000000 | walk topk step4    0.000000 | walk topk step5     0.000000
        L3  walk topk step6  0.000000 | walk topk step7    0.000000
        L3  remap unique     0.000178 | remap populate     0.000956 | remap mapnode       0.000000 | remap mapedge     0.000170
        L3  cache get_index  0.000000 | cache copy_index   0.000000 | cache extract_miss  0.000000
        L3  cache copy_miss  0.000000 | cache combine_miss 0.000000 | cache combine cache 0.000000 | cache combine remote 0.000000
        L3  label extract  0.000000
    [Init Profiler Level 1]
        L1  init     6.7350 | sampler init    38.2808 | trainer init 0.0000
    [Init Profiler Level 2]
        L2  load ds        10.2103 | init queue          23.0054
        L2  presample       9.9621 | build interal ds     1.8353
        L2  build cache     0.0000
    [Init Profiler Level 3]
        L3  load dataset: mmap     6.7322 | copy         3.4781
        L3  dist queue: alloc      0.0007 | pin         23.0047 | push     0.0000
        L3  presample: init        0.6581
        L3  presample: sample      3.8512 | copy         0.3190
        L3  presample: count       3.7078 | sort         0.6181
        L3  presample: reset       0.0020 | get rank     0.0820
        L3  internal: cuda ctx     1.5832 | cuda stream     0.2473
[Sample Worker 0/1] Started with PID 5989(Tesla V100-SXM2-16GB)
[Sample Worker 0] run sample for 4 epochs with 1002 steps
[Sample Worker 0] Avg Sample Total Time 2.4383 | Sampler Total Time(Profiler) 2.4285
test_result:sample_time=1.9194
test_result:get_cache_miss_index_time=0.0000
test_result:enqueue_samples_time=0.5090
test_result:epoch_time:sample_total=2.4383
[CUDA] cuda0: usage: 15.71 GB
[SAM] cuda0 data alloc        : 0.00 Bytes
[SAM] cuda0 workspace         : 1.56 GB
[SAM] cuda0 workspace reserve : 801.54 MB
[SAM] cuda0 total             : 1.56 GB
    [Step(average) Profiler Level 1 E3 S1001]
        L1  sample           0.000000 | send           0.000000
        L1  recv             0.000635 | copy           0.037616 | convert time 0.000582 | train  0.013192
        L1  feature nbytes  709.32 MB | label nbytes    7.81 KB
        L1  id nbytes      0.00 Bytes | graph nbytes 0.00 Bytes
        L1  miss nbytes    0.00 Bytes | remote nbytes 0.00 Bytes
        L1  num nodes               0 | num samples           0
    [Step(average) Profiler Level 2 E3 S1001]
        L2  shuffle     0.000000 | core sample  0.000000 | id remap        0.000000
        L2  graph copy  0.000005 | id copy      0.000000 | cache feat copy 0.036976
        L2  last layer sample time 0.000000 | size 0.000000
    [Step(average) Profiler Level 3 E3 S1001]
        L3  khop sample coo  0.000000 | khop sort coo      0.000000 | khop count edge     0.000000 | khop compact edge 0.000000
        L3  walk sample coo  0.000000 | walk topk total    0.000000 | walk topk step1     0.000000 | walk topk step2   0.000000
        L3  walk topk step3  0.000000 | walk topk step4    0.000000 | walk topk step5     0.000000
        L3  walk topk step6  0.000000 | walk topk step7    0.000000
        L3  remap unique     0.000000 | remap populate     0.000000 | remap mapnode       0.000000 | remap mapedge     0.000000
        L3  cache get_index  0.000000 | cache copy_index   0.000000 | cache extract_miss  0.000000
        L3  cache copy_miss  0.000000 | cache combine_miss 0.000000 | cache combine cache 0.036519 | cache combine remote 0.000000
        L3  label extract  0.000031
    [Step(max) Profiler Level 1 E3 S1001]
        L1  sample           0.000000 | send           0.000000
        L1  recv             0.000000 | copy           0.000000 | convert time 0.000000 | train  0.000000
        L1  feature nbytes 0.00 Bytes | label nbytes 0.00 Bytes
        L1  id nbytes      0.00 Bytes | graph nbytes    4.36 MB
        L1  miss nbytes    0.00 Bytes | remote nbytes 0.00 Bytes
        L1  num nodes               0 | num samples           0
    [Step(max) Profiler Level 2 E3 S1001]
        L2  shuffle     0.000000 | core sample  0.000000 | id remap        0.000000
        L2  graph copy  0.000000 | id copy      0.000000 | cache feat copy 0.000000
        L2  last layer sample time 0.000000 | size 0.000000
    [Step(max) Profiler Level 3 E3 S1001]
        L3  khop sample coo  0.000000 | khop sort coo      0.000000 | khop count edge     0.000000 | khop compact edge 0.000000
        L3  walk sample coo  0.000000 | walk topk total    0.000000 | walk topk step1     0.000000 | walk topk step2   0.000000
        L3  walk topk step3  0.000000 | walk topk step4    0.000000 | walk topk step5     0.000000
        L3  walk topk step6  0.000000 | walk topk step7    0.000000
        L3  remap unique     0.000000 | remap populate     0.000000 | remap mapnode       0.000000 | remap mapedge     0.000000
        L3  cache get_index  0.000000 | cache copy_index   0.000000 | cache extract_miss  0.000000
        L3  cache copy_miss  0.000000 | cache combine_miss 0.000000 | cache combine cache 0.000000 | cache combine remote 0.000000
        L3  label extract  0.000000
    [Step(min) Profiler Level 1 E3 S1001]
        L1  sample           0.000000 | send           0.000000
        L1  recv             0.000000 | copy           0.000000 | convert time 0.000000 | train  0.000000
        L1  feature nbytes 0.00 Bytes | label nbytes 0.00 Bytes
        L1  id nbytes      0.00 Bytes | graph nbytes    4.07 MB
        L1  miss nbytes    0.00 Bytes | remote nbytes 0.00 Bytes
        L1  num nodes               0 | num samples           0
    [Step(min) Profiler Level 2 E3 S1001]
        L2  shuffle     0.000000 | core sample  0.000000 | id remap        0.000000
        L2  graph copy  0.000000 | id copy      0.000000 | cache feat copy 0.000000
        L2  last layer sample time 0.000000 | size 0.000000
    [Step(min) Profiler Level 3 E3 S1001]
        L3  khop sample coo  0.000000 | khop sort coo      0.000000 | khop count edge     0.000000 | khop compact edge 0.000000
        L3  walk sample coo  0.000000 | walk topk total    0.000000 | walk topk step1     0.000000 | walk topk step2   0.000000
        L3  walk topk step3  0.000000 | walk topk step4    0.000000 | walk topk step5     0.000000
        L3  walk topk step6  0.000000 | walk topk step7    0.000000
        L3  remap unique     0.000000 | remap populate     0.000000 | remap mapnode       0.000000 | remap mapedge     0.000000
        L3  cache get_index  0.000000 | cache copy_index   0.000000 | cache extract_miss  0.000000
        L3  cache copy_miss  0.000000 | cache combine_miss 0.000000 | cache combine cache 0.000000 | cache combine remote 0.000000
        L3  label extract  0.000000
    [Init Profiler Level 1]
        L1  init     6.7350 | sampler init     0.0000 | trainer init 92.1780
    [Init Profiler Level 2]
        L2  load ds         6.7322 | init queue          22.9069
        L2  presample       0.0000 | build interal ds     1.5516
        L2  build cache    67.7150
    [Init Profiler Level 3]
        L3  load dataset: mmap     6.7322 | copy         0.0000
        L3  dist queue: alloc      0.0007 | pin         22.9062 | push     0.0000
        L3  presample: init        0.0000
        L3  presample: sample      0.0000 | copy         0.0000
        L3  presample: count       0.0000 | sort         0.0000
        L3  presample: reset       0.0000 | get rank     0.0000
        L3  internal: cuda ctx     1.5515 | cuda stream     0.0001
|===========================================================================|
|                  PyTorch CUDA memory summary, device ID 0                 |
|---------------------------------------------------------------------------|
|            CUDA OOMs: 0            |        cudaMalloc retries: 0         |
|===========================================================================|
|        Metric         | Cur Usage  | Peak Usage | Tot Alloc  | Tot Freed  |
|---------------------------------------------------------------------------|
| Allocated memory      |   21914 KB |  336943 KB |    1206 GB |    1206 GB |
|       from large pool |   13206 KB |  334168 KB |    1186 GB |    1186 GB |
|       from small pool |    8707 KB |   11034 KB |      20 GB |      20 GB |
|---------------------------------------------------------------------------|
| Active memory         |   21914 KB |  336943 KB |    1206 GB |    1206 GB |
|       from large pool |   13206 KB |  334168 KB |    1186 GB |    1186 GB |
|       from small pool |    8708 KB |   11034 KB |      20 GB |      20 GB |
|---------------------------------------------------------------------------|
| GPU reserved memory   |  397312 KB |  397312 KB |  397312 KB |       0 B  |
|       from large pool |  382976 KB |  382976 KB |  382976 KB |       0 B  |
|       from small pool |   14336 KB |   14336 KB |   14336 KB |       0 B  |
|---------------------------------------------------------------------------|
| Non-releasable memory |   98917 KB |  345717 KB |    1238 GB |    1238 GB |
|       from large pool |   97385 KB |  341644 KB |    1216 GB |    1216 GB |
|       from small pool |    1532 KB |    4523 KB |      22 GB |      22 GB |
|---------------------------------------------------------------------------|
| Allocations           |      43    |      62    |  192421    |  192378    |
|       from large pool |       7    |      16    |   68139    |   68132    |
|       from small pool |      36    |      47    |  124282    |  124246    |
|---------------------------------------------------------------------------|
| Active allocs         |      44    |      62    |  192421    |  192377    |
|       from large pool |       7    |      16    |   68139    |   68132    |
|       from small pool |      37    |      47    |  124282    |  124245    |
|---------------------------------------------------------------------------|
| GPU reserved segments |      13    |      13    |      13    |       0    |
|       from large pool |       6    |       6    |       6    |       0    |
|       from small pool |       7    |       7    |       7    |       0    |
|---------------------------------------------------------------------------|
| Non-releasable allocs |      19    |      26    |   83979    |   83960    |
|       from large pool |       7    |      11    |   43723    |   43716    |
|       from small pool |      12    |      21    |   40256    |   40244    |
|---------------------------------------------------------------------------|
| Oversize allocations  |       0    |       0    |       0    |       0    |
|---------------------------------------------------------------------------|
| Oversize GPU segments |       0    |       0    |       0    |       0    |
|===========================================================================|

test_result:epoch_time:copy_time=12.5621
test_result:convert_time=0.1950
test_result:train_time=4.4066
test_result:epoch_time:train_total=4.6016
test_result:cache_percentage=0.0300
test_result:cache_hit_rate=1.0000
test_result:run_time=80.5589
