[2023-04-15 15:23:43.732152: W /samgraph/samgraph/common/cpu/mmap_cpu_device.cc:113] mmap allocating space 12.03 GB
[2023-04-15 15:23:43.732236: W /samgraph/samgraph/common/cpu/mmap_cpu_device.cc:118] mmap allocating space 12.03 GB done
[2023-04-15 15:23:43.732251: E /samgraph/samgraph/common/common.cc:229] From MMAP reading disk 12.03 GB
[2023-04-15 15:23:47.322128: E /samgraph/samgraph/common/common.cc:243] From MMAP reading done
[2023-04-15 15:23:48.750666: W /samgraph/samgraph/common/cpu/cpu_device.cc:39] WORKER[0] alloc host memory 12.03 GB
[2023-04-15 15:23:49.228134: E /samgraph/samgraph/common/engine.cc:277] Train set size 15.29 MB
[2023-04-15 15:23:49.228489: W /samgraph/samgraph/common/cpu/mmap_cpu_device.cc:113] mmap allocating space 146.78 GB
[2023-04-15 15:23:49.228523: W /samgraph/samgraph/common/cpu/mmap_cpu_device.cc:118] mmap allocating space 146.78 GB done
/usr/lib/python3/dist-packages/requests/__init__.py:89: RequestsDependencyWarning: urllib3 (1.26.12) or chardet (3.0.4) doesn't match a supported version!
  warnings.warn("urllib3 ({}) or chardet ({}) doesn't match a supported "
[2023-04-15 15:23:53.640632: W /samgraph/samgraph/common/dist/dist_engine.cc:687] Trainer[5] initializing...
[2023-04-15 15:23:54.519444: W /samgraph/samgraph/common/dist/dist_engine.cc:687] Trainer[3] initializing...
[2023-04-15 15:23:54.575913: W /samgraph/samgraph/common/dist/dist_engine.cc:687] Trainer[4] initializing...
[2023-04-15 15:23:54.612535: W /samgraph/samgraph/common/dist/dist_engine.cc:687] Trainer[0] initializing...
[2023-04-15 15:23:54.640258: W /samgraph/samgraph/common/dist/dist_engine.cc:687] Trainer[2] initializing...
[2023-04-15 15:23:54.728214: W /samgraph/samgraph/common/dist/dist_engine.cc:687] Trainer[1] initializing...
[2023-04-15 15:23:55.445284: W /samgraph/samgraph/common/dist/dist_engine.cc:691] Trainer[5] pin memory queue...
[2023-04-15 15:23:55.988499: W /samgraph/samgraph/common/dist/dist_engine.cc:691] Trainer[3] pin memory queue...
[2023-04-15 15:23:56.  8538: W /samgraph/samgraph/common/dist/dist_engine.cc:691] Trainer[0] pin memory queue...
[2023-04-15 15:23:56. 16547: W /samgraph/samgraph/common/dist/dist_engine.cc:691] Trainer[4] pin memory queue...
[2023-04-15 15:23:56. 24995: W /samgraph/samgraph/common/dist/dist_engine.cc:691] Trainer[2] pin memory queue...
[2023-04-15 15:23:56. 31443: W /samgraph/samgraph/common/dist/dist_engine.cc:691] Trainer[1] pin memory queue...
[2023-04-15 15:24:37.463734: E /samgraph/samgraph/common/dist/dist_engine.cc:85] Running on A100
[2023-04-15 15:24:37.464915: E /samgraph/samgraph/common/dist/dist_engine.cc:85] Running on A100
[2023-04-15 15:24:37.465219: W /samgraph/samgraph/common/dist/dist_engine.cc:726] Trainer[5] register host memory...
[2023-04-15 15:24:37.465752: W /samgraph/samgraph/common/dist/dist_engine.cc:726] Trainer[2] register host memory...
[[2023-04-15 15:24:372023-04-15 15:24:37..467590467597: : EE  /samgraph/samgraph/common/dist/dist_engine.cc/samgraph/samgraph/common/dist/dist_engine.cc::8585] ] Running on A100Running on A100

[2023-04-15 15:24:37.468110: W /samgraph/samgraph/common/dist/dist_engine.cc:726] Trainer[0] register host memory...
[2023-04-15 15:24:37.468204: W /samgraph/samgraph/common/dist/dist_engine.cc:726] Trainer[1] register host memory...
[2023-04-15 15:24:37.470550: E /samgraph/samgraph/common/dist/dist_engine.cc:85] Running on A100
[2023-04-15 15:24:37.470992: W /samgraph/samgraph/common/dist/dist_engine.cc:726] Trainer[3] register host memory...
[2023-04-15 15:24:37.552645: E /samgraph/samgraph/common/dist/dist_engine.cc:85] Running on A100
[2023-04-15 15:24:37.552703: W /samgraph/samgraph/common/dist/dist_engine.cc:726] Trainer[4] register host memory...
[2023-04-15 15:24:37.663797: E /samgraph/samgraph/common/dist/dist_engine.cc:85] Running on A100
[2023-04-15 15:24:37.663940: W /samgraph/samgraph/common/cpu/cpu_device.cc:39] WORKER[0] alloc host memory 15.29 MB
[2023-04-15 15:24:37.669069: W /samgraph/samgraph/common/cuda/cuda_device.cc:49] GPU[6] alloc cuda memory 423.66 MB
[2023-04-15 15:24:37.719776: E /samgraph/samgraph/common/dist/dist_engine.cc:85] Running on A100
[2023-04-15 15:24:37.735365: W /samgraph/samgraph/common/cuda/cuda_device.cc:49] GPU[6] alloc cuda memory 12.03 GB
[2023-04-15 15:24:39.444876: W /samgraph/samgraph/common/cpu/cpu_device.cc:39] WORKER[0] alloc host memory 19.12 MB
[2023-04-15 15:24:39.450185: W /samgraph/samgraph/common/cuda/cuda_device.cc:49] GPU[6] alloc cuda memory 128.00 MB
[2023-04-15 15:24:39.450335: W /samgraph/samgraph/common/cuda/cuda_device.cc:49] GPU[6] alloc cuda memory 13.09 MB
[2023-04-15 15:24:39.450598: W /samgraph/samgraph/common/cuda/cuda_device.cc:49] GPU[6] alloc cuda memory 14.28 MB
[2023-04-15 15:24:39.451052: W /samgraph/samgraph/common/cpu/cpu_device.cc:39] WORKER[0] alloc host memory 19.12 MB
[2023-04-15 15:24:39.455435: E /samgraph/samgraph/common/dist/pre_sampler.cc:41] Dist Presampler making shuffler...
[2023-04-15 15:24:39.455472: W /samgraph/samgraph/common/cpu/cpu_device.cc:39] WORKER[0] alloc host memory 19.12 MB
[2023-04-15 15:24:39.460072: W /samgraph/samgraph/common/cuda/cuda_device.cc:49] GPU[6] alloc cuda memory 19.12 MB
[2023-04-15 15:24:39.460102: E /samgraph/samgraph/common/dist/pre_sampler.cc:44] Dist Presampler making shuffler...Done
[2023-04-15 15:24:39.460117: W /samgraph/samgraph/common/cpu/cpu_device.cc:39] WORKER[0] alloc host memory 847.32 MB
[2023-04-15 15:24:39.585065: E /samgraph/samgraph/common/dist/pre_sampler.cc:85] Dist Presampler doing presample epoch 0
[2023-04-15 15:24:39.637954: W /samgraph/samgraph/common/cuda/cuda_device.cc:49] GPU[6] alloc cuda memory 13.68 MB
[2023-04-15 15:24:39.638100: W /samgraph/samgraph/common/cuda/cuda_device.cc:49] GPU[6] alloc cuda memory 13.68 MB
[2023-04-15 15:24:39.638233: W /samgraph/samgraph/common/cuda/cuda_device.cc:49] GPU[6] alloc cuda memory 13.68 MB
[2023-04-15 15:24:39.638350: W /samgraph/samgraph/common/cuda/cuda_device.cc:49] GPU[6] alloc cuda memory 13.68 MB
[2023-04-15 15:24:39.640457: W /samgraph/samgraph/common/cuda/cuda_device.cc:49] GPU[6] alloc cuda memory 12.20 MB
[2023-04-15 15:24:39.640789: W /samgraph/samgraph/common/cpu/cpu_device.cc:39] WORKER[0] alloc host memory 10.69 MB
[2023-04-15 15:24:45.989479: E /samgraph/samgraph/common/dist/pre_sampler.cc:129] presample spend 2.81682 on sample, 0.356899 on copy, 3.22191 on count
[2023-04-15 15:24:45.989616: E /samgraph/samgraph/common/dist/pre_sampler.cc:85] Dist Presampler doing presample epoch 1
[2023-04-15 15:24:52. 87120: E /samgraph/samgraph/common/dist/pre_sampler.cc:129] presample spend 5.58892 on sample, 0.71225 on copy, 6.18465 on count
[2023-04-15 15:24:52. 87227: E /samgraph/samgraph/common/dist/pre_sampler.cc:136] max_num_inputs = 2269860, min_num_inputs = 2222053
[2023-04-15 15:24:52.276690: E /samgraph/samgraph/common/dist/pre_sampler.cc:148] presample spend 0.189393 on sort freq.
[2023-04-15 15:24:52.421156: E /samgraph/samgraph/common/dist/dist_engine.cc:549] pre sample done, delete it
[[[[[[2023-04-15 15:24:522023-04-15 15:24:522023-04-15 15:24:522023-04-15 15:24:522023-04-15 15:24:522023-04-15 15:24:52......438962438966438968438962438973438973: : : : : : WWWWWW      /samgraph/samgraph/common/dist/dist_engine.cc/samgraph/samgraph/common/dist/dist_engine.cc/samgraph/samgraph/common/dist/dist_engine.cc/samgraph/samgraph/common/dist/dist_engine.cc/samgraph/samgraph/common/dist/dist_engine.cc/samgraph/samgraph/common/dist/dist_engine.cc::::::736736736736736736] ] ] ] ] ] Trainer[5] building cache...Trainer[3] building cache...
Trainer[4] building cache...Trainer[2] building cache...Trainer[0] building cache...Trainer[1] building cache...




[[[2023-04-15 15:24:522023-04-15 15:24:522023-04-15 15:24:52...440076440076440080: : : EEE   /samgraph/3rdparty/collcachelib/coll_cache_lib/facade.cc/samgraph/3rdparty/collcachelib/coll_cache_lib/facade.cc/samgraph/3rdparty/collcachelib/coll_cache_lib/facade.cc:::298298298] ] ] before scale, dtype is 0, dim is 128before scale, dtype is 0, dim is 128before scale, dtype is 0, dim is 128


[[2023-04-15 15:24:52[2023-04-15 15:24:52.2023-04-15 15:24:52.440142.440143: 440143: E: E E /samgraph/3rdparty/collcachelib/coll_cache_lib/facade.cc /samgraph/3rdparty/collcachelib/coll_cache_lib/facade.cc:/samgraph/3rdparty/collcachelib/coll_cache_lib/facade.cc:304:304] 304] after scale, dtype is 7, new dim is 32] after scale, dtype is 7, new dim is 32
after scale, dtype is 7, new dim is 32

[2023-04-15 15:24:52.440301: E /samgraph/3rdparty/collcachelib/coll_cache_lib/facade.cc:298] before scale, dtype is 0, dim is 128
[2023-04-15 15:24:52.440331: [E2023-04-15 15:24:52 ./samgraph/3rdparty/collcachelib/coll_cache_lib/facade.cc440328:: 304E]  after scale, dtype is 7, new dim is 32/samgraph/3rdparty/collcachelib/coll_cache_lib/facade.cc
:298] before scale, dtype is 0, dim is 128
[2023-04-15 15:24:52.440363: E /samgraph/3rdparty/collcachelib/coll_cache_lib/facade.cc:304] after scale, dtype is 7, new dim is 32
[2023-04-15 15:24:52.441373: E /samgraph/3rdparty/collcachelib/coll_cache_lib/coll_cache/asymm_link_desc.cc:207] assigning 0 to cpu
[2023-04-15 15:24:52.441414: E /samgraph/3rdparty/collcachelib/coll_cache_lib/coll_cache/asymm_link_desc.cc:224] build symm link desc with 6X NVIDIA A100-SXM4-80GB out of 8
[2023-04-15 15:24:52.441441: E /samgraph/3rdparty/collcachelib/coll_cache_lib/coll_cache/asymm_link_desc.cc:225] remote time is 24.3333
[2023-04-15 15:24:52.441456: E /samgraph/3rdparty/collcachelib/coll_cache_lib/coll_cache/asymm_link_desc.cc:226] cpu time is 91.25
[2023-04-15 15:24:52.441493: E /samgraph/3rdparty/collcachelib/coll_cache_lib/facade.cc:314] registering cpu data with 16.00 GB
[2023-04-15 15:24:52.441623: E /samgraph/3rdparty/collcachelib/coll_cache_lib/coll_cache/asymm_link_desc.cc:207] assigning 0 to cpu
[2023-04-15 15:24:52.441654: E /samgraph/3rdparty/collcachelib/coll_cache_lib/coll_cache/asymm_link_desc.cc:224] build symm link desc with 6X NVIDIA A100-SXM4-80GB out of 8
[2023-04-15 15:24:52.441677: E /samgraph/3rdparty/collcachelib/coll_cache_lib/coll_cache/asymm_link_desc.cc:225] remote time is 24.3333
[2023-04-15 15:24:52.441691: E /samgraph/3rdparty/collcachelib/coll_cache_lib/coll_cache/asymm_link_desc.cc:226] cpu time is 91.25
[2023-04-15 15:24:52.441723: E /samgraph/3rdparty/collcachelib/coll_cache_lib/facade.cc:314] registering cpu data with 16.00 GB
[2023-04-15 15:24:52.441754: E /samgraph/3rdparty/collcachelib/coll_cache_lib/coll_cache/asymm_link_desc.cc:207] assigning 0 to cpu
[2023-04-15 15:24:52.441784: E /samgraph/3rdparty/collcachelib/coll_cache_lib/coll_cache/asymm_link_desc.cc:224] build symm link desc with 6X NVIDIA A100-SXM4-80GB out of 8
[2023-04-15 15:24:52.441808: E /samgraph/3rdparty/collcachelib/coll_cache_lib/coll_cache/asymm_link_desc.cc:225] remote time is 24.3333
[2023-04-15 15:24:52.441823: E /samgraph/3rdparty/collcachelib/coll_cache_lib/coll_cache/asymm_link_desc.cc:226] cpu time is 91.25
[2023-04-15 15:24:52.441853: E /samgraph/3rdparty/collcachelib/coll_cache_lib/facade.cc:314] registering cpu data with 16.00 GB
[2023-04-15 15:24:52.442015: E /samgraph/3rdparty/collcachelib/coll_cache_lib/coll_cache/asymm_link_desc.cc:207] assigning 0 to cpu
[2023-04-15 15:24:52.442049: E /samgraph/3rdparty/collcachelib/coll_cache_lib/coll_cache/asymm_link_desc.cc:224] build symm link desc with 6X NVIDIA A100-SXM4-80GB out of 8
[2023-04-15 15:24:52.442079: E /samgraph/3rdparty/collcachelib/coll_cache_lib/coll_cache/asymm_link_desc.cc:225] remote time is 24.3333
[2023-04-15 15:24:52.442094: E /samgraph/3rdparty/collcachelib/coll_cache_lib/coll_cache/asymm_link_desc.cc:226] cpu time is 91.25
[2023-04-15 15:24:52[.2023-04-15 15:24:52442126.: 442128E:  E/samgraph/3rdparty/collcachelib/coll_cache_lib/coll_cache/asymm_link_desc.cc :/samgraph/3rdparty/collcachelib/coll_cache_lib/facade.cc207:] 314assigning 0 to cpu] 
registering cpu data with 16.00 GB
[2023-04-15 15:24:52.442145: [E2023-04-15 15:24:52 ./samgraph/3rdparty/collcachelib/coll_cache_lib/facade.cc442171: :E 298/samgraph/3rdparty/collcachelib/coll_cache_lib/coll_cache/asymm_link_desc.cc:] 224] before scale, dtype is 0, dim is 128build symm link desc with 6X NVIDIA A100-SXM4-80GB out of 8

[2023-04-15 15:24:52.[4422202023-04-15 15:24:52: .E442229:  E/samgraph/3rdparty/collcachelib/coll_cache_lib/facade.cc :/samgraph/3rdparty/collcachelib/coll_cache_lib/coll_cache/asymm_link_desc.cc304:] 225after scale, dtype is 7, new dim is 32] 
remote time is 24.3333
[2023-04-15 15:24:52.442290: E /samgraph/3rdparty/collcachelib/coll_cache_lib/coll_cache/asymm_link_desc.cc:226] cpu time is 91.25
[2023-04-15 15:24:52.442321: E /samgraph/3rdparty/collcachelib/coll_cache_lib/facade.cc:314] registering cpu data with 16.00 GB
[2023-04-15 15:24:52.443274: E /samgraph/3rdparty/collcachelib/coll_cache_lib/coll_cache/asymm_link_desc.cc:207] assigning 0 to cpu
[2023-04-15 15:24:52.443310: E /samgraph/3rdparty/collcachelib/coll_cache_lib/coll_cache/asymm_link_desc.cc:224] build symm link desc with 6X NVIDIA A100-SXM4-80GB out of 8
[2023-04-15 15:24:52.443332: E /samgraph/3rdparty/collcachelib/coll_cache_lib/coll_cache/asymm_link_desc.cc:225] remote time is 24.3333
[2023-04-15 15:24:52.443346: E /samgraph/3rdparty/collcachelib/coll_cache_lib/coll_cache/asymm_link_desc.cc:226] cpu time is 91.25
[2023-04-15 15:24:52.443379: E /samgraph/3rdparty/collcachelib/coll_cache_lib/facade.cc:314] registering cpu data with 16.00 GB
[2023-04-15 15:24:54.962782: E /samgraph/3rdparty/collcachelib/coll_cache_lib/facade.cc:316] registering cpu data done.
[2023-04-15 15:24:54.963205: E /samgraph/3rdparty/collcachelib/coll_cache_lib/facade.cc:316] registering cpu data done.
[2023-04-15 15:24:54.963978: E /samgraph/3rdparty/collcachelib/coll_cache_lib/facade.cc:316] registering cpu data done.
[2023-04-15 15:24:54.968406: E /samgraph/3rdparty/collcachelib/coll_cache_lib/facade.cc:316] registering cpu data done.
[2023-04-15 15:24:54.976259: E /samgraph/3rdparty/collcachelib/coll_cache_lib/facade.cc:316] registering cpu data done.
[2023-04-15 15:24:54.976317: E /samgraph/3rdparty/collcachelib/coll_cache_lib/facade.cc:109] creating solver
[2023-04-15 15:24:54.976332: E /samgraph/3rdparty/collcachelib/coll_cache_lib/facade.cc:149] solver created. now build & solve
[2023-04-15 15:24:54.979425: E /samgraph/3rdparty/collcachelib/coll_cache_lib/facade.cc:316] registering cpu data done.
[2023-04-15 15:24:55. 57489: E /samgraph/3rdparty/collcachelib/coll_cache_lib/facade.cc:154] solver built. now solve
[2023-04-15 15:24:55. 57526: E /samgraph/3rdparty/collcachelib/coll_cache_lib/coll_cache/optimal_solver_class.cc:1474] num_cached_nodes = 57751177
[2023-04-15 15:24:55.248670: E /samgraph/3rdparty/collcachelib/coll_cache_lib/facade.cc:158] solver solved
[2023-04-15 15:24:55.248800: E /samgraph/3rdparty/collcachelib/coll_cache_lib/facade.cc:326] 0 solved master
[2023-04-15 15:24:55.248827: E /samgraph/3rdparty/collcachelib/coll_cache_lib/facade.cc:333] 0 solved
[2023-04-15 15:24:55.248842: E /samgraph/3rdparty/collcachelib/coll_cache_lib/facade.cc:336] worker 0 thread 0 initing device 0
[2023-04-15 15:24:55.250791: E /samgraph/3rdparty/collcachelib/coll_cache_lib/cache_context.cu:2320] Building Coll Cache with ... num gpu device is 6
[2023-04-15 15:24:55.250986: E /samgraph/3rdparty/collcachelib/coll_cache_lib/cuda/cache_hashtable.cuh:611] per src size local is 63526394
[2023-04-15 15:24:55[[.2023-04-15 15:24:552023-04-15 15:24:55267507..: 267528267529E: :  EE/samgraph/3rdparty/collcachelib/coll_cache_lib/facade.cc  :/samgraph/3rdparty/collcachelib/coll_cache_lib/facade.cc/samgraph/3rdparty/collcachelib/coll_cache_lib/facade.cc333::] 3333332 solved] ] 
5 solved3 solved

[2023-04-15 15:24:55.267588[[: 2023-04-15 15:24:552023-04-15 15:24:55E.. 267591267591/samgraph/3rdparty/collcachelib/coll_cache_lib/facade.cc: : :EE336  ] /samgraph/3rdparty/collcachelib/coll_cache_lib/facade.cc/samgraph/3rdparty/collcachelib/coll_cache_lib/facade.ccworker 2 thread 2 initing device 2::
336336] ] worker 5 thread 5 initing device 5worker 3 thread 3 initing device 3

[2023-04-15 15:24:55.269080: E /samgraph/3rdparty/collcachelib/coll_cache_lib/cache_context.cu:2320] Building Coll Cache with ... num gpu device is 6
[2023-04-15 15:24:55.271080: E /samgraph/3rdparty/collcachelib/coll_cache_lib/cache_context.cu:2320] Building Coll Cache with ... num gpu device is 6
[2023-04-15 15:24:55.272667: E /samgraph/3rdparty/collcachelib/coll_cache_lib/facade.cc:333] 1 solved
[2023-04-15 15:24:55.272705: E /samgraph/3rdparty/collcachelib/coll_cache_lib/facade.cc:336] worker 1 thread 1 initing device 1
[2023-04-15 15:24:55.273195: E /samgraph/3rdparty/collcachelib/coll_cache_lib/facade.cc:333] 4 solved
[2023-04-15 15:24:55.273234: E /samgraph/3rdparty/collcachelib/coll_cache_lib/facade.cc:336] worker 4 thread 4 initing device 4
[2023-04-15 15:24:55.274547: E /samgraph/3rdparty/collcachelib/coll_cache_lib/cache_context.cu:2320] Building Coll Cache with ... num gpu device is 6
[2023-04-15 15:24:55.277026: E /samgraph/3rdparty/collcachelib/coll_cache_lib/cache_context.cu:2320] Building Coll Cache with ... num gpu device is 6
[2023-04-15 15:24:55.281064: E /samgraph/3rdparty/collcachelib/coll_cache_lib/cache_context.cu:2320] Building Coll Cache with ... num gpu device is 6
[2023-04-15 15:24:55.373595: E /samgraph/3rdparty/collcachelib/coll_cache_lib/common.cc:261] making a tensor with 0 num item
[2023-04-15 15:24:55.373674: E /samgraph/3rdparty/collcachelib/coll_cache_lib/cache_context.cu:2362] num cpu nodes is 53308779
[2023-04-15 15:24:55.391028: E /samgraph/3rdparty/collcachelib/coll_cache_lib/common.cc:261] making a tensor with 0 num item
[2023-04-15 15:24:55.391083: E /samgraph/3rdparty/collcachelib/coll_cache_lib/cache_context.cu:2362] num cpu nodes is 53308779
[2023-04-15 15:24:55.391239: E /samgraph/3rdparty/collcachelib/coll_cache_lib/common.cc:261] making a tensor with 0 num item
[2023-04-15 15:24:55.391275: E /samgraph/3rdparty/collcachelib/coll_cache_lib/cache_context.cu:2362] num cpu nodes is 53308779
[2023-04-15 15:24:55.402261: E /samgraph/3rdparty/collcachelib/coll_cache_lib/common.cc:261] making a tensor with 0 num item
[2023-04-15 15:24:55.402318: E /samgraph/3rdparty/collcachelib/coll_cache_lib/cache_context.cu:2362] num cpu nodes is 53308779
[2023-04-15 15:24:55.403974: E /samgraph/3rdparty/collcachelib/coll_cache_lib/common.cc:261] making a tensor with 0 num item
[2023-04-15 15:24:55.404018: E /samgraph/3rdparty/collcachelib/coll_cache_lib/cache_context.cu:2362] num cpu nodes is 53308779
[2023-04-15 15:24:55.407776: E /samgraph/3rdparty/collcachelib/coll_cache_lib/common.cc:261] making a tensor with 0 num item
[2023-04-15 15:24:55.407811: E /samgraph/3rdparty/collcachelib/coll_cache_lib/cache_context.cu:2362] num cpu nodes is 53308779
[2023-04-15 15:24:57.853284: E /samgraph/3rdparty/collcachelib/coll_cache_lib/cuda/cache_hashtable.cu:355] create a hashtable with 57751177 possible elem, scale to 134217728
[2023-04-15 15:24:57.853351: E /samgraph/3rdparty/collcachelib/coll_cache_lib/cuda/cache_hashtable.cu:360] SimpleHashTable allocating 1024.00 MB
[2023-04-15 15:24:57.860070: E /samgraph/3rdparty/collcachelib/coll_cache_lib/cuda/cache_hashtable.cu:355] create a hashtable with 57751177 possible elem, scale to 134217728
[2023-04-15 15:24:57.860127: E /samgraph/3rdparty/collcachelib/coll_cache_lib/cuda/cache_hashtable.cu:360] SimpleHashTable allocating 1024.00 MB
[2023-04-15 15:24:57.862680: E /samgraph/3rdparty/collcachelib/coll_cache_lib/cuda/cache_hashtable.cu:355] create a hashtable with 57751177 possible elem, scale to 134217728
[2023-04-15 15:24:57.862727: E /samgraph/3rdparty/collcachelib/coll_cache_lib/cuda/cache_hashtable.cu:360] SimpleHashTable allocating 1024.00 MB
[2023-04-15 15:24:57.863350: E /samgraph/3rdparty/collcachelib/coll_cache_lib/cuda/cache_hashtable.cu:355] create a hashtable with 57751177 possible elem, scale to 134217728
[2023-04-15 15:24:57.863393: E /samgraph/3rdparty/collcachelib/coll_cache_lib/cuda/cache_hashtable.cu:360] SimpleHashTable allocating 1024.00 MB
[2023-04-15 15:24:57.873353: E /samgraph/3rdparty/collcachelib/coll_cache_lib/cuda/cache_hashtable.cu:355] create a hashtable with 57751177 possible elem, scale to 134217728
[2023-04-15 15:24:57.873398: E /samgraph/3rdparty/collcachelib/coll_cache_lib/cuda/cache_hashtable.cu:360] SimpleHashTable allocating 1024.00 MB
[2023-04-15 15:24:57.873647: E /samgraph/3rdparty/collcachelib/coll_cache_lib/cuda/cache_hashtable.cu:355] create a hashtable with 57751177 possible elem, scale to 134217728
[2023-04-15 15:24:57.873687: E /samgraph/3rdparty/collcachelib/coll_cache_lib/cuda/cache_hashtable.cu:360] SimpleHashTable allocating 1024.00 MB
[2023-04-15 15:24:57.902121[: 2023-04-15 15:24:57E. 902133/samgraph/3rdparty/collcachelib/coll_cache_lib/common.cc: :E107 ] /samgraph/3rdparty/collcachelib/coll_cache_lib/common.cctoo many mem allocated for forcescale?57862237->111060:
107] too many mem allocated for forcescale?57862237->111060
[2023-04-15 15:24:57.902177: E /samgraph/3rdparty/collcachelib/coll_cache_lib/common.cc:107] too many mem allocated for forcescale?57862237->111060
[2023-04-15 15:24:57.902195: E /samgraph/3rdparty/collcachelib/coll_cache_lib/common.cc:107] too many mem allocated for forcescale?57862237->111060
[2023-04-15 15:24:57.902212: E /samgraph/3rdparty/collcachelib/coll_cache_lib/common.cc:107] too many mem allocated for forcescale?57862237->111060
[2023-04-15 15:24:57.902232: E /samgraph/3rdparty/collcachelib/coll_cache_lib/common.cc:107] too many mem allocated for forcescale?57862237->111060
[2023-04-15 15:24:57.913136: E /samgraph/3rdparty/collcachelib/coll_cache_lib/cache_context.cu:2439] Asymm Coll cache (policy: rep_cache) | local 57751177 / 111059956 nodes ( 52.00 %~52.00 %) | remote 0 / 111059956 nodes ( 0.00 %) | cpu 53308779 / 111059956 nodes ( 48.00 %) | 27.59 GB | 2.66231 secs 
[[2023-04-15 15:24:572023-04-15 15:24:57..918189918200: : EE  /samgraph/3rdparty/collcachelib/coll_cache_lib/cache_context.cu/samgraph/3rdparty/collcachelib/coll_cache_lib/cache_context.cu::24392439] ] [Asymm Coll cache (policy: rep_cache) | local 57751177 / 111059956 nodes ( 52.00 %~52.00 %) | remote 0 / 111059956 nodes ( 0.00 %) | cpu 53308779 / 111059956 nodes ( 48.00 %) | 27.59 GB | 2.64361 secs Asymm Coll cache (policy: rep_cache) | local 57751177 / 111059956 nodes ( 52.00 %~52.00 %) | remote 0 / 111059956 nodes ( 0.00 %) | cpu 53308779 / 111059956 nodes ( 48.00 %) | 27.59 GB | 2.64707 secs 2023-04-15 15:24:57

.918249: E /samgraph/3rdparty/collcachelib/coll_cache_lib/cache_context.cu:2439] Asymm Coll cache (policy: rep_cache) | local 57751177 / 111059956 nodes ( 52.00 %~52.00 %) | remote 0 / 111059956 nodes ( 0.00 %) | cpu 53308779 / 111059956 nodes ( 48.00 %) | 27.59 GB | 2.64911 secs 
[2023-04-15 15:24:57.918351: E /samgraph/3rdparty/collcachelib/coll_cache_lib/cache_context.cu:2439] Asymm Coll cache (policy: rep_cache) | local 57751177 / 111059956 nodes ( 52.00 %~52.00 %) | remote 0 / 111059956 nodes ( 0.00 %) | cpu 53308779 / 111059956 nodes ( 48.00 %) | 27.59 GB | 2.64129 secs 
[2023-04-15 15:24:57.923420: E /samgraph/3rdparty/collcachelib/coll_cache_lib/cache_context.cu:2439] Asymm Coll cache (policy: rep_cache) | local 57751177 / 111059956 nodes ( 52.00 %~52.00 %) | remote 0 / 111059956 nodes ( 0.00 %) | cpu 53308779 / 111059956 nodes ( 48.00 %) | 27.59 GB | 2.64232 secs 
[2023-04-15 15:25:00.731395: W /samgraph/samgraph/common/cuda/cuda_device.cc:49] GPU[0] alloc cuda memory 11.69 MB
[2023-04-15 15:25:00.731930: W /samgraph/samgraph/common/cuda/cuda_device.cc:49] GPU[0] alloc cuda memory 13.39 MB
[2023-04-15 15:25:00.732509: W /samgraph/samgraph/common/cuda/cuda_device.cc:49] GPU[0] alloc cuda memory 13.39 MB
[2023-04-15 15:25:00.735394: W /samgraph/samgraph/common/cuda/cuda_device.cc:49] GPU[0] alloc cuda memory 1.17 GB
[2023-04-15 15:25:00.735763: W /samgraph/samgraph/common/cuda/cuda_device.cc:49] GPU[0] alloc cuda memory 11.69 MB
[2023-04-15 15:25:00.736050: W /samgraph/samgraph/common/cuda/cuda_device.cc:49] GPU[0] alloc cuda memory 23.37 MB
[2023-04-15 15:25:00.736368: W /samgraph/samgraph/common/cuda/cuda_device.cc:49] GPU[0] alloc cuda memory 11.69 MB
[2023-04-15 15:25:00.736665: W /samgraph/samgraph/common/cuda/cuda_device.cc:49] GPU[0] alloc cuda memory 23.37 MB
[2023-04-15 15:25:00.770104: W /samgraph/samgraph/common/cuda/cuda_device.cc:49] GPU[0] alloc cuda memory 10.71 MB
[2023-04-15 15:25:00.771078: W /samgraph/samgraph/common/cuda/cuda_device.cc:49] GPU[0] alloc cuda memory 12.21 MB
[2023-04-15 15:25:00.772084: W /samgraph/samgraph/common/cuda/cuda_device.cc:49] GPU[0] alloc cuda memory 12.21 MB
[2023-04-15 15:25:00.778979: W /samgraph/samgraph/common/cuda/cuda_device.cc:49] GPU[0] alloc cuda memory 1.17 GB
/usr/local/lib/python3.8/dist-packages/torch/nn/parallel/scatter_gather.py:9: UserWarning: is_namedtuple is deprecated, please use the python checks instead
  warnings.warn("is_namedtuple is deprecated, please use the python checks instead")
/usr/local/lib/python3.8/dist-packages/torch/nn/parallel/scatter_gather.py:9: UserWarning: is_namedtuple is deprecated, please use the python checks instead
  warnings.warn("is_namedtuple is deprecated, please use the python checks instead")
/usr/local/lib/python3.8/dist-packages/torch/nn/parallel/scatter_gather.py:9: UserWarning: is_namedtuple is deprecated, please use the python checks instead
  warnings.warn("is_namedtuple is deprecated, please use the python checks instead")
/usr/local/lib/python3.8/dist-packages/torch/nn/parallel/scatter_gather.py:9: UserWarning: is_namedtuple is deprecated, please use the python checks instead
  warnings.warn("is_namedtuple is deprecated, please use the python checks instead")
/usr/local/lib/python3.8/dist-packages/torch/nn/parallel/scatter_gather.py:9: UserWarning: is_namedtuple is deprecated, please use the python checks instead
  warnings.warn("is_namedtuple is deprecated, please use the python checks instead")
/usr/local/lib/python3.8/dist-packages/torch/nn/parallel/scatter_gather.py:9: UserWarning: is_namedtuple is deprecated, please use the python checks instead
  warnings.warn("is_namedtuple is deprecated, please use the python checks instead")
[2023-04-15 15:25:05. 42329: W /samgraph/samgraph/common/cuda/cuda_device.cc:49] GPU[0] alloc cuda memory 12.28 MB
[2023-04-15 15:25:05. 43229: W /samgraph/samgraph/common/cuda/cuda_device.cc:49] GPU[0] alloc cuda memory 12.28 MB
