succeed=True
config:eval_tsp="2023-03-30 16:30:04"
config:arch=arch6
config:num_worker=8
config:sample_type=khop2
config:root_path=/nvme/songxiaoniu/graph-learning/samgraph/
config:dataset=mag240m-homo
config:pipeline=False
config:cache_policy=rep
config:cache_percentage=0.08
config:num_epoch=4
config:batch_size=2000
config:num_hidden=256
config:max_sampling_jobs=1
config:max_copying_jobs=1
config:barriered_epoch=1
config:presample_epoch=2
config:omp_thread_num=40
config:unsupervised=True
config:amp=True
config:rolling=0
config:fanout=[25, 10]
config:lr=0.003
config:dropout=0.5
config:max_num_step=1000
config:validate_configs=False
config:report_acc=0
config:dataset_path=/nvme/songxiaoniu/graph-learning/samgraph/mag240m-homo
config:workers=['cuda:0', 'cuda:1', 'cuda:2', 'cuda:3', 'cuda:4', 'cuda:5', 'cuda:6', 'cuda:7']
config:num_fanout=2
config:num_layer=2
config:_run_mode=RunMode.SGNN
config:_log_level=warn
config:_profile_level=3
config:_empty_feat=25
config:_arch=6
config:_sample_type=5
config:_cache_policy=12
test_result:init:input_scale_factor=1.1
0 :  {link #0 : 1}, {link #1 : 2}, {link #2 : 3}, {link #3 : 4}, {link #4 : 5}, {link #5 : 6}, {link #6 : 7},
1 :  {link #0 : 2}, {link #1 : 3}, {link #2 : 4}, {link #3 : 5}, {link #4 : 6}, {link #5 : 7}, {link #6 : 0},
2 :  {link #0 : 3}, {link #1 : 4}, {link #2 : 5}, {link #3 : 6}, {link #4 : 7}, {link #5 : 0}, {link #6 : 1},
3 :  {link #0 : 4}, {link #1 : 5}, {link #2 : 6}, {link #3 : 7}, {link #4 : 0}, {link #5 : 1}, {link #6 : 2},
4 :  {link #0 : 5}, {link #1 : 6}, {link #2 : 7}, {link #3 : 0}, {link #4 : 1}, {link #5 : 2}, {link #6 : 3},
5 :  {link #0 : 6}, {link #1 : 7}, {link #2 : 0}, {link #3 : 1}, {link #4 : 2}, {link #5 : 3}, {link #6 : 4},
6 :  {link #0 : 7}, {link #1 : 0}, {link #2 : 1}, {link #3 : 2}, {link #4 : 3}, {link #5 : 4}, {link #6 : 5},
7 :  {link #0 : 0}, {link #1 : 1}, {link #2 : 2}, {link #3 : 3}, {link #4 : 4}, {link #5 : 5}, {link #6 : 6},
0 :  {link #0 : 1}, {link #1 : 2}, {link #2 : 3}, {link #3 : 4}, {link #4 : 5}, {link #5 : 6}, {link #6 : 7},
1 :  {link #0 : 2}, {link #1 : 3}, {link #2 : 4}, {link #3 : 5}, {link #4 : 6}, {link #5 : 7}, {link #6 : 0},
2 :  {link #0 : 3}, {link #1 : 4}, {link #2 : 5}, {link #3 : 6}, {link #4 : 7}, {link #5 : 0}, {link #6 : 1},
3 :  {link #0 : 4}, {link #1 : 5}, {link #2 : 6}, {link #3 : 7}, {link #4 : 0}, {link #5 : 1}, {link #6 : 2},
4 :  {link #0 : 5}, {link #1 : 6}, {link #2 : 7}, {link #3 : 0}, {link #4 : 1}, {link #5 : 2}, {link #6 : 3},
5 :  {link #0 : 6}, {link #1 : 7}, {link #2 : 0}, {link #3 : 1}, {link #4 : 2}, {link #5 : 3}, {link #6 : 4},
6 :  {link #0 : 7}, {link #1 : 0}, {link #2 : 1}, {link #3 : 2}, {link #4 : 3}, {link #5 : 4}, {link #6 : 5},
7 :  {link #0 : 0}, {link #1 : 1}, {link #2 : 2}, {link #3 : 3}, {link #4 : 4}, {link #5 : 5}, {link #6 : 6},
0 :  {link #0 : 1}, {link #1 : 2}, {link #2 : 3}, {link #3 : 4}, {link #4 : 5}, {link #5 : 6}, {link #6 : 7},
1 :  {link #0 : 2}, {link #1 : 3}, {link #2 : 4}, {link #3 : 5}, {link #4 : 6}, {link #5 : 7}, {link #6 : 0},
2 :  {link #0 : 3}, {link #1 : 4}, {link #2 : 5}, {link #3 : 6}, {link #4 : 7}, {link #5 : 0}, {link #6 : 1},
3 :  {link #0 : 4}, {link #1 : 5}, {link #2 : 6}, {link #3 : 7}, {link #4 : 0}, {link #5 : 1}, {link #6 : 2},
4 :  {link #0 : 5}, {link #1 : 6}, {link #2 : 7}, {link #3 : 0}, {link #4 : 1}, {link #5 : 2}, {link #6 : 3},
5 :  {link #0 : 6}, {link #1 : 7}, {link #2 : 0}, {link #3 : 1}, {link #4 : 2}, {link #5 : 3}, {link #6 : 4},
6 :  {link #0 : 7}, {link #1 : 0}, {link #2 : 1}, {link #3 : 2}, {link #4 : 3}, {link #5 : 4}, {link #6 : 5},
7 :  {link #0 : 0}, {link #1 : 1}, {link #2 : 2}, {link #3 : 3}, {link #4 : 4}, {link #5 : 5}, {link #6 : 6},
0 :  {link #0 : 1}, {link #1 : 2}, {link #2 : 3}, {link #3 : 4}, {link #4 : 5}, {link #5 : 6}, {link #6 : 7},
1 :  {link #0 : 2}, {link #1 : 3}, {link #2 : 4}, {link #3 : 5}, {link #4 : 6}, {link #5 : 7}, {link #6 : 0},
2 :  {link #0 : 3}, {link #1 : 4}, {link #2 : 5}, {link #3 : 6}, {link #4 : 7}, {link #5 : 0}, {link #6 : 1},
3 :  {link #0 : 4}, {link #1 : 5}, {link #2 : 6}, {link #3 : 7}, {link #4 : 0}, {link #5 : 1}, {link #6 : 2},
4 :  {link #0 : 5}, {link #1 : 6}, {link #2 : 7}, {link #3 : 0}, {link #4 : 1}, {link #5 : 2}, {link #6 : 3},
5 :  {link #0 : 6}, {link #1 : 7}, {link #2 : 0}, {link #3 : 1}, {link #4 : 2}, {link #5 : 3}, {link #6 : 4},
6 :  {link #0 : 7}, {link #1 : 0}, {link #2 : 1}, {link #3 : 2}, {link #4 : 3}, {link #5 : 4}, {link #6 : 5},
7 :  {link #0 : 0}, {link #1 : 1}, {link #2 : 2}, {link #3 : 3}, {link #4 : 4}, {link #5 : 5}, {link #6 : 6},
0 :  {link #0 : 1}, {link #1 : 2}, {link #2 : 3}, {link #3 : 4}, {link #4 : 5}, {link #5 : 6}, {link #6 : 7},
1 :  {link #0 : 2}, {link #1 : 3}, {link #2 : 4}, {link #3 : 5}, {link #4 : 6}, {link #5 : 7}, {link #6 : 0},
2 :  {link #0 : 3}, {link #1 : 4}, {link #2 : 5}, {link #3 : 6}, {link #4 : 7}, {link #5 : 0}, {link #6 : 1},
3 :  {link #0 : 4}, {link #1 : 5}, {link #2 : 6}, {link #3 : 7}, {link #4 : 0}, {link #5 : 1}, {link #6 : 2},
4 :  {link #0 : 5}, {link #1 : 6}, {link #2 : 7}, {link #3 : 0}, {link #4 : 1}, {link #5 : 2}, {link #6 : 3},
5 :  {link #0 : 6}, {link #1 : 7}, {link #2 : 0}, {link #3 : 1}, {link #4 : 2}, {link #5 : 3}, {link #6 : 4},
6 :  {link #0 : 7}, {link #1 : 0}, {link #2 : 1}, {link #3 : 2}, {link #4 : 3}, {link #5 : 4}, {link #6 : 5},
7 :  {link #0 : 0}, {link #1 : 1}, {link #2 : 2}, {link #3 : 3}, {link #4 : 4}, {link #5 : 5}, {link #6 : 6},
0 :  {link #0 : 1}, {link #1 : 2}, {link #2 : 3}, {link #3 : 4}, {link #4 : 5}, {link #5 : 6}, {link #6 : 7},
1 :  {link #0 : 2}, {link #1 : 3}, {link #2 : 4}, {link #3 : 5}, {link #4 : 6}, {link #5 : 7}, {link #6 : 0},
2 :  {link #0 : 3}, {link #1 : 4}, {link #2 : 5}, {link #3 : 6}, {link #4 : 7}, {link #5 : 0}, {link #6 : 1},
3 :  {link #0 : 4}, {link #1 : 5}, {link #2 : 6}, {link #3 : 7}, {link #4 : 0}, {link #5 : 1}, {link #6 : 2},
4 :  {link #0 : 5}, {link #1 : 6}, {link #2 : 7}, {link #3 : 0}, {link #4 : 1}, {link #5 : 2}, {link #6 : 3},
5 :  {link #0 : 6}, {link #1 : 7}, {link #2 : 0}, {link #3 : 1}, {link #4 : 2}, {link #5 : 3}, {link #6 : 4},
6 :  {link #0 : 7}, {link #1 : 0}, {link #2 : 1}, {link #3 : 2}, {link #4 : 3}, {link #5 : 4}, {link #6 : 5},
7 :  {link #0 : 0}, {link #1 : 1}, {link #2 : 2}, {link #3 : 3}, {link #4 : 4}, {link #5 : 5}, {link #6 : 6},
0 :  {link #0 : 1}, {link #1 : 2}, {link #2 : 3}, {link #3 : 4}, {link #4 : 5}, {link #5 : 6}, {link #6 : 7},
1 :  {link #0 : 2}, {link #1 : 3}, {link #2 : 4}, {link #3 : 5}, {link #4 : 6}, {link #5 : 7}, {link #6 : 0},
2 :  {link #0 : 3}, {link #1 : 4}, {link #2 : 5}, {link #3 : 6}, {link #4 : 7}, {link #5 : 0}, {link #6 : 1},
3 :  {link #0 : 4}, {link #1 : 5}, {link #2 : 6}, {link #3 : 7}, {link #4 : 0}, {link #5 : 1}, {link #6 : 2},
4 :  {link #0 : 5}, {link #1 : 6}, {link #2 : 7}, {link #3 : 0}, {link #4 : 1}, {link #5 : 2}, {link #6 : 3},
5 :  {link #0 : 6}, {link #1 : 7}, {link #2 : 0}, {link #3 : 1}, {link #4 : 2}, {link #5 : 3}, {link #6 : 4},
6 :  {link #0 : 7}, {link #1 : 0}, {link #2 : 1}, {link #3 : 2}, {link #4 : 3}, {link #5 : 4}, {link #6 : 5},
7 :  {link #0 : 0}, {link #1 : 1}, {link #2 : 2}, {link #3 : 3}, {link #4 : 4}, {link #5 : 5}, {link #6 : 6},
0 :  {link #0 : 1}, {link #1 : 2}, {link #2 : 3}, {link #3 : 4}, {link #4 : 5}, {link #5 : 6}, {link #6 : 7},
1 :  {link #0 : 2}, {link #1 : 3}, {link #2 : 4}, {link #3 : 5}, {link #4 : 6}, {link #5 : 7}, {link #6 : 0},
2 :  {link #0 : 3}, {link #1 : 4}, {link #2 : 5}, {link #3 : 6}, {link #4 : 7}, {link #5 : 0}, {link #6 : 1},
3 :  {link #0 : 4}, {link #1 : 5}, {link #2 : 6}, {link #3 : 7}, {link #4 : 0}, {link #5 : 1}, {link #6 : 2},
4 :  {link #0 : 5}, {link #1 : 6}, {link #2 : 7}, {link #3 : 0}, {link #4 : 1}, {link #5 : 2}, {link #6 : 3},
5 :  {link #0 : 6}, {link #1 : 7}, {link #2 : 0}, {link #3 : 1}, {link #4 : 2}, {link #5 : 3}, {link #6 : 4},
6 :  {link #0 : 7}, {link #1 : 0}, {link #2 : 1}, {link #3 : 2}, {link #4 : 3}, {link #5 : 4}, {link #6 : 5},
7 :  {link #0 : 0}, {link #1 : 1}, {link #2 : 2}, {link #3 : 3}, {link #4 : 4}, {link #5 : 5}, {link #6 : 6},
coll_cache:optimal_rep_storage=0.08
coll_cache:optimal_part_storage=0
coll_cache:optimal_cpu_storage=0.92
coll_cache:optimal_local_storage=0.08
coll_cache:optimal_remote_storage=0
coll_cache:optimal_local_rate=0.652705
coll_cache:optimal_remote_rate=0
coll_cache:optimal_cpu_rate=0.347295
z=11662.5
test_result:init:feat_nbytes=375030526464
test_result:init:cache_nbytes=30377472000
test_result:init:feat_nbytes=375030526464
test_result:init:cache_nbytes=30377472000
test_result:init:feat_nbytes=375030526464
test_result:init:cache_nbytes=30377472000
test_result:init:feat_nbytes=375030526464
test_result:init:cache_nbytes=30377472000
test_result:init:feat_nbytes=375030526464
test_result:init:cache_nbytes=30377472000
test_result:init:feat_nbytes=375030526464
test_result:init:cache_nbytes=30377472000
test_result:init:feat_nbytes=375030526464
test_result:init:cache_nbytes=30377472000
test_result:init:feat_nbytes=375030526464
test_result:init:cache_nbytes=30377472000
[CUDA] cuda0: usage: 48.48 GB
[SAM] cuda0 data alloc        : 77.69 MB
[SAM] cuda0 workspace         : 16.89 GB
[SAM] cuda0 workspace reserve : 1.55 GB
[SAM] cuda0 total             : 16.97 GB
    [Step(average) Profiler Level 1 E3 S999]
        L1  sample           0.001599 | send           0.000000
        L1  recv             0.000000 | copy           0.041794 | convert time 0.000337 | train  0.010240
        L1  feature nbytes    1.36 GB | label nbytes   15.62 KB
        L1  id nbytes      0.00 Bytes | graph nbytes 0.00 Bytes
        L1  miss nbytes    0.00 Bytes | remote nbytes 0.00 Bytes
        L1  num nodes          953749 | num samples     1098735
    [Step(average) Profiler Level 2 E3 S999]
        L2  shuffle     0.000039 | core sample  0.000580 | id remap        0.000729
        L2  graph copy  0.000000 | id copy      0.000000 | cache feat copy 0.041322
        L2  last layer sample time 0.000296 | size 49773.232744
    [Step(average) Profiler Level 3 E3 S999]
        L3  khop sample coo  0.000319 | khop sort coo      0.000000 | khop count edge     0.000036 | khop compact edge 0.000169
        L3  walk sample coo  0.000000 | walk topk total    0.000000 | walk topk step1     0.000000 | walk topk step2   0.000000
        L3  walk topk step3  0.000000 | walk topk step4    0.000000 | walk topk step5     0.000000
        L3  walk topk step6  0.000000 | walk topk step7    0.000000
        L3  remap unique     0.000241 | remap populate     0.000596 | remap mapnode       0.000000 | remap mapedge     0.000149
        L3  cache get_index  0.000300 | cache copy_index   0.000000 | cache extract_miss  0.000000
        L3  cache copy_miss  0.000000 | cache combine_miss 0.000000 | cache combine cache 0.041021 | cache combine remote 0.000000
        L3  label extract  0.000030
    [Init Profiler Level 1]
        L1  init     8.2281 | sampler init    11.7241 | trainer init 12.2040
    [Init Profiler Level 2]
        L2  load ds        10.9996 | init queue           0.0000
        L2  presample       7.3845 | build interal ds     1.5680
        L2  build cache    12.1991
    [Init Profiler Level 3]
        L3  load dataset: mmap     8.2271 | copy         0.0000
        L3  dist queue: alloc      0.0000 | pin          0.0000 | push     0.0000
        L3  presample: init        0.2973
        L3  presample: sample      3.1319 | copy         0.3197
        L3  presample: count       2.6983 | sort         0.5743
        L3  presample: reset       0.0012 | get rank     0.0241
        L3  internal: cuda ctx     0.0001 | cuda stream     0.0011
[Worker 1/8] Started with PID 13022(NVIDIA A100-SXM4-80GB)
worker 1 at process 13022
[Worker 1] run for 4 epochs with 125 steps
[Train  Worker 1] Avg Epoch 6.7546 | Sample 0.2020 | Copy 5.2172 | Train Total (Profiler) 1.3269
[Worker 3/8] Started with PID 13029(NVIDIA A100-SXM4-80GB)
worker 3 at process 13029
[Worker 3] run for 4 epochs with 125 steps
[Train  Worker 3] Avg Epoch 6.7546 | Sample 0.2023 | Copy 5.2195 | Train Total (Profiler) 1.3247
[Worker 7/8] Started with PID 13041(NVIDIA A100-SXM4-80GB)
worker 7 at process 13041
[Worker 7] run for 4 epochs with 125 steps
[Train  Worker 7] Avg Epoch 6.7546 | Sample 0.2007 | Copy 5.2217 | Train Total (Profiler) 1.3234
[Worker 6/8] Started with PID 13038(NVIDIA A100-SXM4-80GB)
worker 6 at process 13038
[Worker 6] run for 4 epochs with 125 steps
[Train  Worker 6] Avg Epoch 6.7546 | Sample 0.2016 | Copy 5.2186 | Train Total (Profiler) 1.3255
[Worker 5/8] Started with PID 13035(NVIDIA A100-SXM4-80GB)
worker 5 at process 13035
[Worker 5] run for 4 epochs with 125 steps
[Train  Worker 5] Avg Epoch 6.7545 | Sample 0.1984 | Copy 5.2287 | Train Total (Profiler) 1.3196
[Worker 2/8] Started with PID 13026(NVIDIA A100-SXM4-80GB)
worker 2 at process 13026
[Worker 2] run for 4 epochs with 125 steps
[Train  Worker 2] Avg Epoch 6.7546 | Sample 0.1971 | Copy 5.2321 | Train Total (Profiler) 1.3172
[Worker 4/8] Started with PID 13032(NVIDIA A100-SXM4-80GB)
worker 4 at process 13032
[Worker 4] run for 4 epochs with 125 steps
[Train  Worker 4] Avg Epoch 6.7545 | Sample 0.1994 | Copy 5.2266 | Train Total (Profiler) 1.3205
[Worker 0/8] Started with PID 13020(NVIDIA A100-SXM4-80GB)
worker 0 at process 13020
[Worker 0] run for 4 epochs with 125 steps
Epoch 00000 | Epoch Time 8.2488 | Sample 0.2287 | Copy 5.2559 | Total Train(Profiler) 2.7555
Epoch 00001 | Epoch Time 6.7580 | Sample 0.1982 | Copy 5.2309 | Total Train(Profiler) 1.3204
Epoch 00002 | Epoch Time 6.7527 | Sample 0.1968 | Copy 5.2289 | Total Train(Profiler) 1.3187
Epoch 00003 | Epoch Time 6.7529 | Sample 0.1972 | Copy 5.2298 | Total Train(Profiler) 1.3178
[Train  Worker 0] Avg Epoch 6.7545 | Sample 0.1974 | Copy 5.2299 | Train Total (Profiler) 1.3190
|===========================================================================|
|                  PyTorch CUDA memory summary, device ID 0                 |
|---------------------------------------------------------------------------|
|            CUDA OOMs: 0            |        cudaMalloc retries: 0         |
|===========================================================================|
|        Metric         | Cur Usage  | Peak Usage | Tot Alloc  | Tot Freed  |
|---------------------------------------------------------------------------|
| Allocated memory      |   35572 KB |  654891 KB |     888 GB |     888 GB |
|       from large pool |   26288 KB |  651955 KB |     882 GB |     882 GB |
|       from small pool |    9284 KB |   11605 KB |       6 GB |       6 GB |
|---------------------------------------------------------------------------|
| Active memory         |   35572 KB |  654891 KB |     888 GB |     888 GB |
|       from large pool |   26288 KB |  651955 KB |     882 GB |     882 GB |
|       from small pool |    9284 KB |   11605 KB |       6 GB |       6 GB |
|---------------------------------------------------------------------------|
| GPU reserved memory   |     776 MB |     776 MB |     776 MB |       0 B  |
|       from large pool |     760 MB |     760 MB |     760 MB |       0 B  |
|       from small pool |      16 MB |      16 MB |      16 MB |       0 B  |
|---------------------------------------------------------------------------|
| Non-releasable memory |   60683 KB |  607829 KB |  771214 MB |  771155 MB |
|       from large pool |   57680 KB |  605766 KB |  763272 MB |  763216 MB |
|       from small pool |    3003 KB |    5574 KB |    7942 MB |    7939 MB |
|---------------------------------------------------------------------------|
| Allocations           |      43    |      62    |   73042    |   72999    |
|       from large pool |       7    |      18    |   28503    |   28496    |
|       from small pool |      36    |      47    |   44539    |   44503    |
|---------------------------------------------------------------------------|
| Active allocs         |      44    |      62    |   73042    |   72998    |
|       from large pool |       7    |      18    |   28503    |   28496    |
|       from small pool |      37    |      47    |   44539    |   44502    |
|---------------------------------------------------------------------------|
| GPU reserved segments |      17    |      17    |      17    |       0    |
|       from large pool |       9    |       9    |       9    |       0    |
|       from small pool |       8    |       8    |       8    |       0    |
|---------------------------------------------------------------------------|
| Non-releasable allocs |      18    |      28    |   31777    |   31759    |
|       from large pool |       5    |      12    |   19357    |   19352    |
|       from small pool |      13    |      21    |   12420    |   12407    |
|---------------------------------------------------------------------------|
| Oversize allocations  |       0    |       0    |       0    |       0    |
|---------------------------------------------------------------------------|
| Oversize GPU segments |       0    |       0    |       0    |       0    |
|===========================================================================|

test_result:sample_time=nan
test_result:epoch_time:sample_total=0.1974
test_result:epoch_time:copy_time=5.2299
test_result:convert_time=0.0425
test_result:train_time=1.2764
test_result:epoch_time:train_total=1.3190
test_result:cache_percentage=0.0800
test_result:cache_hit_rate=1.0000
test_result:epoch_time:total=6.7545
test_result:run_time=28.5158

