succeed=True
config:eval_tsp="2023-03-30 16:28:42"
config:arch=arch6
config:num_worker=8
config:sample_type=khop2
config:root_path=/nvme/songxiaoniu/graph-learning/samgraph/
config:dataset=mag240m-homo
config:pipeline=False
config:cache_policy=coll_cache_asymm_link
config:cache_percentage=0.08
config:num_epoch=4
config:batch_size=1000
config:num_hidden=256
config:max_sampling_jobs=1
config:max_copying_jobs=1
config:barriered_epoch=1
config:presample_epoch=2
config:omp_thread_num=40
config:unsupervised=True
config:amp=True
config:rolling=0
config:fanout=[25, 10]
config:lr=0.003
config:dropout=0.5
config:max_num_step=1000
config:validate_configs=False
config:report_acc=0
config:dataset_path=/nvme/songxiaoniu/graph-learning/samgraph/mag240m-homo
config:workers=['cuda:0', 'cuda:1', 'cuda:2', 'cuda:3', 'cuda:4', 'cuda:5', 'cuda:6', 'cuda:7']
config:num_fanout=2
config:num_layer=2
config:_run_mode=RunMode.SGNN
config:_log_level=warn
config:_profile_level=3
config:_empty_feat=25
config:_arch=6
config:_sample_type=5
config:_cache_policy=13
test_result:init:input_scale_factor=1.12708
0 :  {link #0 : 1}, {link #1 : 2}, {link #2 : 3}, {link #3 : 4}, {link #4 : 5}, {link #5 : 6}, {link #6 : 7},
1 :  {link #0 : 2}, {link #1 : 3}, {link #2 : 4}, {link #3 : 5}, {link #4 : 6}, {link #5 : 7}, {link #6 : 0},
2 :  {link #0 : 3}, {link #1 : 4}, {link #2 : 5}, {link #3 : 6}, {link #4 : 7}, {link #5 : 0}, {link #6 : 1},
3 :  {link #0 : 4}, {link #1 : 5}, {link #2 : 6}, {link #3 : 7}, {link #4 : 0}, {link #5 : 1}, {link #6 : 2},
4 :  {link #0 : 5}, {link #1 : 6}, {link #2 : 7}, {link #3 : 0}, {link #4 : 1}, {link #5 : 2}, {link #6 : 3},
5 :  {link #0 : 6}, {link #1 : 7}, {link #2 : 0}, {link #3 : 1}, {link #4 : 2}, {link #5 : 3}, {link #6 : 4},
6 :  {link #0 : 7}, {link #1 : 0}, {link #2 : 1}, {link #3 : 2}, {link #4 : 3}, {link #5 : 4}, {link #6 : 5},
7 :  {link #0 : 0}, {link #1 : 1}, {link #2 : 2}, {link #3 : 3}, {link #4 : 4}, {link #5 : 5}, {link #6 : 6},
0 :  {link #0 : 1}, {link #1 : 2}, {link #2 : 3}, {link #3 : 4}, {link #4 : 5}, {link #5 : 6}, {link #6 : 7},
1 :  {link #0 : 2}, {link #1 : 3}, {link #2 : 4}, {link #3 : 5}, {link #4 : 6}, {link #5 : 7}, {link #6 : 0},
2 :  {link #0 : 3}, {link #1 : 4}, {link #2 : 5}, {link #3 : 6}, {link #4 : 7}, {link #5 : 0}, {link #6 : 1},
3 :  {link #0 : 4}, {link #1 : 5}, {link #2 : 6}, {link #3 : 7}, {link #4 : 0}, {link #5 : 1}, {link #6 : 2},
4 :  {link #0 : 5}, {link #1 : 6}, {link #2 : 7}, {link #3 : 0}, {link #4 : 1}, {link #5 : 2}, {link #6 : 3},
5 :  {link #0 : 6}, {link #1 : 7}, {link #2 : 0}, {link #3 : 1}, {link #4 : 2}, {link #5 : 3}, {link #6 : 4},
6 :  {link #0 : 7}, {link #1 : 0}, {link #2 : 1}, {link #3 : 2}, {link #4 : 3}, {link #5 : 4}, {link #6 : 5},
7 :  {link #0 : 0}, {link #1 : 1}, {link #2 : 2}, {link #3 : 3}, {link #4 : 4}, {link #5 : 5}, {link #6 : 6},
0 :  {link #0 : 1}, {link #1 : 2}, {link #2 : 3}, {link #3 : 4}, {link #4 : 5}, {link #5 : 6}, {link #6 : 7},
1 :  {link #0 : 2}, {link #1 : 3}, {link #2 : 4}, {link #3 : 5}, {link #4 : 6}, {link #5 : 7}, {link #6 : 0},
2 :  {link #0 : 3}, {link #1 : 4}, {link #2 : 5}, {link #3 : 6}, {link #4 : 7}, {link #5 : 0}, {link #6 : 1},
3 :  {link #0 : 4}, {link #1 : 5}, {link #2 : 6}, {link #3 : 7}, {link #4 : 0}, {link #5 : 1}, {link #6 : 2},
4 :  {link #0 : 5}, {link #1 : 6}, {link #2 : 7}, {link #3 : 0}, {link #4 : 1}, {link #5 : 2}, {link #6 : 3},
5 :  {link #0 : 6}, {link #1 : 7}, {link #2 : 0}, {link #3 : 1}, {link #4 : 2}, {link #5 : 3}, {link #6 : 4},
6 :  {link #0 : 7}, {link #1 : 0}, {link #2 : 1}, {link #3 : 2}, {link #4 : 3}, {link #5 : 4}, {link #6 : 5},
7 :  {link #0 : 0}, {link #1 : 1}, {link #2 : 2}, {link #3 : 3}, {link #4 : 4}, {link #5 : 5}, {link #6 : 6},
0 :  {link #0 : 1}, {link #1 : 2}, {link #2 : 3}, {link #3 : 4}, {link #4 : 5}, {link #5 : 6}, {link #6 : 7},
1 :  {link #0 : 2}, {link #1 : 3}, {link #2 : 4}, {link #3 : 5}, {link #4 : 6}, {link #5 : 7}, {link #6 : 0},
2 :  {link #0 : 3}, {link #1 : 4}, {link #2 : 5}, {link #3 : 6}, {link #4 : 7}, {link #5 : 0}, {link #6 : 1},
3 :  {link #0 : 4}, {link #1 : 5}, {link #2 : 6}, {link #3 : 7}, {link #4 : 0}, {link #5 : 1}, {link #6 : 2},
4 :  {link #0 : 5}, {link #1 : 6}, {link #2 : 7}, {link #3 : 0}, {link #4 : 1}, {link #5 : 2}, {link #6 : 3},
5 :  {link #0 : 6}, {link #1 : 7}, {link #2 : 0}, {link #3 : 1}, {link #4 : 2}, {link #5 : 3}, {link #6 : 4},
6 :  {link #0 : 7}, {link #1 : 0}, {link #2 : 1}, {link #3 : 2}, {link #4 : 3}, {link #5 : 4}, {link #6 : 5},
7 :  {link #0 : 0}, {link #1 : 1}, {link #2 : 2}, {link #3 : 3}, {link #4 : 4}, {link #5 : 5}, {link #6 : 6},
0 :  {link #0 : 1}, {link #1 : 2}, {link #2 : 3}, {link #3 : 4}, {link #4 : 5}, {link #5 : 6}, {link #6 : 7},
1 :  {link #0 : 2}, {link #1 : 3}, {link #2 : 4}, {link #3 : 5}, {link #4 : 6}, {link #5 : 7}, {link #6 : 0},
2 :  {link #0 : 3}, {link #1 : 4}, {link #2 : 5}, {link #3 : 6}, {link #4 : 7}, {link #5 : 0}, {link #6 : 1},
3 :  {link #0 : 4}, {link #1 : 5}, {link #2 : 6}, {link #3 : 7}, {link #4 : 0}, {link #5 : 1}, {link #6 : 2},
4 :  {link #0 : 5}, {link #1 : 6}, {link #2 : 7}, {link #3 : 0}, {link #4 : 1}, {link #5 : 2}, {link #6 : 3},
5 :  {link #0 : 6}, {link #1 : 7}, {link #2 : 0}, {link #3 : 1}, {link #4 : 2}, {link #5 : 3}, {link #6 : 4},
6 :  {link #0 : 7}, {link #1 : 0}, {link #2 : 1}, {link #3 : 2}, {link #4 : 3}, {link #5 : 4}, {link #6 : 5},
7 :  {link #0 : 0}, {link #1 : 1}, {link #2 : 2}, {link #3 : 3}, {link #4 : 4}, {link #5 : 5}, {link #6 : 6},
0 :  {link #0 : 1}, {link #1 : 2}, {link #2 : 3}, {link #3 : 4}, {link #4 : 5}, {link #5 : 6}, {link #6 : 7},
1 :  {link #0 : 2}, {link #1 : 3}, {link #2 : 4}, {link #3 : 5}, {link #4 : 6}, {link #5 : 7}, {link #6 : 0},
2 :  {link #0 : 3}, {link #1 : 4}, {link #2 : 5}, {link #3 : 6}, {link #4 : 7}, {link #5 : 0}, {link #6 : 1},
3 :  {link #0 : 4}, {link #1 : 5}, {link #2 : 6}, {link #3 : 7}, {link #4 : 0}, {link #5 : 1}, {link #6 : 2},
4 :  {link #0 : 5}, {link #1 : 6}, {link #2 : 7}, {link #3 : 0}, {link #4 : 1}, {link #5 : 2}, {link #6 : 3},
5 :  {link #0 : 6}, {link #1 : 7}, {link #2 : 0}, {link #3 : 1}, {link #4 : 2}, {link #5 : 3}, {link #6 : 4},
6 :  {link #0 : 7}, {link #1 : 0}, {link #2 : 1}, {link #3 : 2}, {link #4 : 3}, {link #5 : 4}, {link #6 : 5},
7 :  {link #0 : 0}, {link #1 : 1}, {link #2 : 2}, {link #3 : 3}, {link #4 : 4}, {link #5 : 5}, {link #6 : 6},
0 :  {link #0 : 1}, {link #1 : 2}, {link #2 : 3}, {link #3 : 4}, {link #4 : 5}, {link #5 : 6}, {link #6 : 7},
1 :  {link #0 : 2}, {link #1 : 3}, {link #2 : 4}, {link #3 : 5}, {link #4 : 6}, {link #5 : 7}, {link #6 : 0},
2 :  {link #0 : 3}, {link #1 : 4}, {link #2 : 5}, {link #3 : 6}, {link #4 : 7}, {link #5 : 0}, {link #6 : 1},
3 :  {link #0 : 4}, {link #1 : 5}, {link #2 : 6}, {link #3 : 7}, {link #4 : 0}, {link #5 : 1}, {link #6 : 2},
4 :  {link #0 : 5}, {link #1 : 6}, {link #2 : 7}, {link #3 : 0}, {link #4 : 1}, {link #5 : 2}, {link #6 : 3},
5 :  {link #0 : 6}, {link #1 : 7}, {link #2 : 0}, {link #3 : 1}, {link #4 : 2}, {link #5 : 3}, {link #6 : 4},
6 :  {link #0 : 7}, {link #1 : 0}, {link #2 : 1}, {link #3 : 2}, {link #4 : 3}, {link #5 : 4}, {link #6 : 5},
7 :  {link #0 : 0}, {link #1 : 1}, {link #2 : 2}, {link #3 : 3}, {link #4 : 4}, {link #5 : 5}, {link #6 : 6},
0 :  {link #0 : 1}, {link #1 : 2}, {link #2 : 3}, {link #3 : 4}, {link #4 : 5}, {link #5 : 6}, {link #6 : 7},
1 :  {link #0 : 2}, {link #1 : 3}, {link #2 : 4}, {link #3 : 5}, {link #4 : 6}, {link #5 : 7}, {link #6 : 0},
2 :  {link #0 : 3}, {link #1 : 4}, {link #2 : 5}, {link #3 : 6}, {link #4 : 7}, {link #5 : 0}, {link #6 : 1},
3 :  {link #0 : 4}, {link #1 : 5}, {link #2 : 6}, {link #3 : 7}, {link #4 : 0}, {link #5 : 1}, {link #6 : 2},
4 :  {link #0 : 5}, {link #1 : 6}, {link #2 : 7}, {link #3 : 0}, {link #4 : 1}, {link #5 : 2}, {link #6 : 3},
5 :  {link #0 : 6}, {link #1 : 7}, {link #2 : 0}, {link #3 : 1}, {link #4 : 2}, {link #5 : 3}, {link #6 : 4},
6 :  {link #0 : 7}, {link #1 : 0}, {link #2 : 1}, {link #3 : 2}, {link #4 : 3}, {link #5 : 4}, {link #6 : 5},
7 :  {link #0 : 0}, {link #1 : 1}, {link #2 : 2}, {link #3 : 3}, {link #4 : 4}, {link #5 : 5}, {link #6 : 6},
Set parameter WLSAccessID
Set parameter WLSSecret
Set parameter LicenseID
Set parameter TimeLimit to value 200
Set parameter MIPGap to value 0.05
Set parameter LogFile to value "cppsolver.log"
Set parameter Threads to value 40
Academic license - for non-commercial use only - registered to xiaoniu.sxn@sjtu.edu.cn
Gurobi Optimizer version 9.5.1 build v9.5.1rc2 (linux64)
Thread count: 56 physical cores, 112 logical processors, using up to 40 threads
Academic license - for non-commercial use only - registered to xiaoniu.sxn@sjtu.edu.cn
Optimize a model with 266848 rows, 38034 columns and 655280 nonzeros
Model fingerprint: 0x38478b7b
Variable types: 9 continuous, 38025 integer (38025 binary)
Coefficient statistics:
  Matrix range     [2e-05, 1e+03]
  Objective range  [1e+00, 1e+00]
  Bounds range     [1e+00, 1e+00]
  RHS range        [1e+00, 3e+03]
Found heuristic solution: objective 2.000000e+09
Presolve removed 229399 rows and 73 columns
Presolve time: 0.44s
Presolved: 37449 rows, 37961 columns, 182857 nonzeros
Found heuristic solution: objective 16652.168447
Variable types: 1 continuous, 37960 integer (37960 binary)

Deterministic concurrent LP optimizer: primal and dual simplex
Showing first log only...


Use crossover to convert LP symmetric solution to basic solution...
Concurrent spin time: 0.00s

Solved with dual simplex

Root relaxation: objective 4.936349e+02, 5977 iterations, 0.19 seconds (0.23 work units)

    Nodes    |    Current Node    |     Objective Bounds      |     Work
 Expl Unexpl |  Obj  Depth IntInf | Incumbent    BestBd   Gap | It/Node Time

     0     0  493.63492    0  165 16652.1684  493.63492  97.0%     -    1s
H    0     0                     496.4378714  493.63492  0.56%     -    1s

Explored 1 nodes (30582 simplex iterations) in 1.70 seconds (2.68 work units)
Thread count was 40 (of 112 available processors)

Solution count 3: 496.438 16652.2 2e+09 

Optimal solution found (tolerance 5.00e-02)
Best objective 4.964378713811e+02, best bound 4.936349168296e+02, gap 0.5646%
coll_cache:optimal_local_rate=0.477279,0.479018,0.488592,0.482204,0.480429,0.488072,0.489372,0.488709,
coll_cache:optimal_remote_rate=0.521253,0.519514,0.50994,0.516328,0.518103,0.510459,0.50916,0.509823,
coll_cache:optimal_cpu_rate=0.00146812,0.00146812,0.00146812,0.00146812,0.00146812,0.00146812,0.00146812,0.00146812,
z=496.438
test_result:init:feat_nbytes=375030526464
test_result:init:cache_nbytes=30377472000
test_result:init:feat_nbytes=375030526464
test_result:init:cache_nbytes=30377472000
test_result:init:feat_nbytes=375030526464
test_result:init:cache_nbytes=30377472000
test_result:init:feat_nbytes=375030526464
test_result:init:cache_nbytes=30377472000
test_result:init:feat_nbytes=375030526464
test_result:init:cache_nbytes=30377472000
test_result:init:feat_nbytes=375030526464
test_result:init:cache_nbytes=30377472000
test_result:init:feat_nbytes=375030526464
test_result:init:cache_nbytes=30377472000
test_result:init:feat_nbytes=375030526464
test_result:init:cache_nbytes=30377472000
[CUDA] cuda0: usage: 51.29 GB
[SAM] cuda0 data alloc        : 38.84 MB
[SAM] cuda0 workspace         : 15.38 GB
[SAM] cuda0 workspace reserve : 817.01 MB
[SAM] cuda0 total             : 15.42 GB
    [Step(average) Profiler Level 1 E3 S999]
        L1  sample           0.001190 | send           0.000000
        L1  recv             0.000000 | copy           0.004671 | convert time 0.000330 | train  0.006460
        L1  feature nbytes  709.36 MB | label nbytes    7.81 KB
        L1  id nbytes      0.00 Bytes | graph nbytes 0.00 Bytes
        L1  miss nbytes      20.90 MB | remote nbytes  354.78 MB
        L1  num nodes          484258 | num samples      550620
    [Step(average) Profiler Level 2 E3 S999]
        L2  shuffle     0.000034 | core sample  0.000531 | id remap        0.000375
        L2  graph copy  0.000000 | id copy      0.000000 | cache feat copy 0.004263
        L2  last layer sample time 0.000292 | size 24936.225742
    [Step(average) Profiler Level 3 E3 S999]
        L3  khop sample coo  0.000293 | khop sort coo      0.000000 | khop count edge     0.000034 | khop compact edge 0.000151
        L3  walk sample coo  0.000000 | walk topk total    0.000000 | walk topk step1     0.000000 | walk topk step2   0.000000
        L3  walk topk step3  0.000000 | walk topk step4    0.000000 | walk topk step5     0.000000
        L3  walk topk step6  0.000000 | walk topk step7    0.000000
        L3  remap unique     0.000239 | remap populate     0.000306 | remap mapnode       0.000000 | remap mapedge     0.000084
        L3  cache get_index  0.000216 | cache copy_index   0.000000 | cache extract_miss  0.000000
        L3  cache copy_miss  0.000000 | cache combine_miss 0.003477 | cache combine cache 0.004040 | cache combine remote 0.003563
        L3  label extract  0.000025
    [Init Profiler Level 1]
        L1  init     8.4186 | sampler init     9.0463 | trainer init 29.0555
    [Init Profiler Level 2]
        L2  load ds        11.0900 | init queue           0.0000
        L2  presample       4.7860 | build interal ds     1.5901
        L2  build cache    29.0502
    [Init Profiler Level 3]
        L3  load dataset: mmap     8.4181 | copy         0.0000
        L3  dist queue: alloc      0.0000 | pin          0.0000 | push     0.0000
        L3  presample: init        0.2870
        L3  presample: sample      2.2474 | copy         0.1739
        L3  presample: count       1.3319 | sort         0.3734
        L3  presample: reset       0.0010 | get rank     0.0337
        L3  internal: cuda ctx     0.0001 | cuda stream     0.0018
[Worker 3/8] Started with PID 12064(NVIDIA A100-SXM4-80GB)
worker 3 at process 12064
[Worker 3] run for 4 epochs with 125 steps
[Train  Worker 3] Avg Epoch 1.5902 | Sample 0.1485 | Copy 0.5869 | Train Total (Profiler) 0.8459
[Worker 4/8] Started with PID 12067(NVIDIA A100-SXM4-80GB)
worker 4 at process 12067
[Worker 4] run for 4 epochs with 125 steps
[Train  Worker 4] Avg Epoch 1.5902 | Sample 0.1506 | Copy 0.5831 | Train Total (Profiler) 0.8488
[Worker 6/8] Started with PID 12073(NVIDIA A100-SXM4-80GB)
worker 6 at process 12073
[Worker 6] run for 4 epochs with 125 steps
[Train  Worker 6] Avg Epoch 1.5902 | Sample 0.1457 | Copy 0.5910 | Train Total (Profiler) 0.8444
[Worker 1/8] Started with PID 12057(NVIDIA A100-SXM4-80GB)
worker 1 at process 12057
[Worker 1] run for 4 epochs with 125 steps
[Train  Worker 1] Avg Epoch 1.5902 | Sample 0.1499 | Copy 0.5829 | Train Total (Profiler) 0.8492
[Worker 2/8] Started with PID 12061(NVIDIA A100-SXM4-80GB)
worker 2 at process 12061
[Worker 2] run for 4 epochs with 125 steps
[Train  Worker 2] Avg Epoch 1.5902 | Sample 0.1483 | Copy 0.5768 | Train Total (Profiler) 0.8558
[Worker 7/8] Started with PID 12076(NVIDIA A100-SXM4-80GB)
worker 7 at process 12076
[Worker 7] run for 4 epochs with 125 steps
[Train  Worker 7] Avg Epoch 1.5902 | Sample 0.1461 | Copy 0.5899 | Train Total (Profiler) 0.8451
[Worker 5/8] Started with PID 12070(NVIDIA A100-SXM4-80GB)
worker 5 at process 12070
[Worker 5] run for 4 epochs with 125 steps
[Train  Worker 5] Avg Epoch 1.5902 | Sample 0.1506 | Copy 0.5785 | Train Total (Profiler) 0.8522
[Worker 0/8] Started with PID 12055(NVIDIA A100-SXM4-80GB)
worker 0 at process 12055
[Worker 0] run for 4 epochs with 125 steps
Epoch 00000 | Epoch Time 3.0971 | Sample 0.1755 | Copy 0.6201 | Total Train(Profiler) 2.2905
Epoch 00001 | Epoch Time 1.5966 | Sample 0.1510 | Copy 0.5822 | Total Train(Profiler) 0.8538
Epoch 00002 | Epoch Time 1.5884 | Sample 0.1498 | Copy 0.5827 | Total Train(Profiler) 0.8472
Epoch 00003 | Epoch Time 1.5856 | Sample 0.1499 | Copy 0.5820 | Total Train(Profiler) 0.8456
[Train  Worker 0] Avg Epoch 1.5902 | Sample 0.1502 | Copy 0.5823 | Train Total (Profiler) 0.8489
|===========================================================================|
|                  PyTorch CUDA memory summary, device ID 0                 |
|---------------------------------------------------------------------------|
|            CUDA OOMs: 0            |        cudaMalloc retries: 0         |
|===========================================================================|
|        Metric         | Cur Usage  | Peak Usage | Tot Alloc  | Tot Freed  |
|---------------------------------------------------------------------------|
| Allocated memory      |   22640 KB |  340833 KB |  461600 MB |  461578 MB |
|       from large pool |   13927 KB |  338055 KB |  453898 MB |  453884 MB |
|       from small pool |    8713 KB |   11032 KB |    7702 MB |    7693 MB |
|---------------------------------------------------------------------------|
| Active memory         |   22641 KB |  340833 KB |  461600 MB |  461578 MB |
|       from large pool |   13927 KB |  338055 KB |  453898 MB |  453884 MB |
|       from small pool |    8714 KB |   11032 KB |    7702 MB |    7693 MB |
|---------------------------------------------------------------------------|
| GPU reserved memory   |  393216 KB |  393216 KB |  393216 KB |       0 B  |
|       from large pool |  378880 KB |  378880 KB |  378880 KB |       0 B  |
|       from small pool |   14336 KB |   14336 KB |   14336 KB |       0 B  |
|---------------------------------------------------------------------------|
| Non-releasable memory |   42895 KB |  328709 KB |  455390 MB |  455348 MB |
|       from large pool |   41369 KB |  325700 KB |  446941 MB |  446901 MB |
|       from small pool |    1526 KB |    4521 KB |    8448 MB |    8447 MB |
|---------------------------------------------------------------------------|
| Allocations           |      43    |      62    |   72042    |   71999    |
|       from large pool |       7    |      16    |   25503    |   25496    |
|       from small pool |      36    |      47    |   46539    |   46503    |
|---------------------------------------------------------------------------|
| Active allocs         |      44    |      62    |   72042    |   71998    |
|       from large pool |       7    |      16    |   25503    |   25496    |
|       from small pool |      37    |      47    |   46539    |   46502    |
|---------------------------------------------------------------------------|
| GPU reserved segments |      13    |      13    |      13    |       0    |
|       from large pool |       6    |       6    |       6    |       0    |
|       from small pool |       7    |       7    |       7    |       0    |
|---------------------------------------------------------------------------|
| Non-releasable allocs |      14    |      27    |   30216    |   30202    |
|       from large pool |       4    |      11    |   14934    |   14930    |
|       from small pool |      10    |      21    |   15282    |   15272    |
|---------------------------------------------------------------------------|
| Oversize allocations  |       0    |       0    |       0    |       0    |
|---------------------------------------------------------------------------|
| Oversize GPU segments |       0    |       0    |       0    |       0    |
|===========================================================================|

test_result:sample_time=nan
test_result:epoch_time:sample_total=0.1502
test_result:epoch_time:copy_time=0.5823
test_result:convert_time=0.0423
test_result:train_time=0.8066
test_result:epoch_time:train_total=0.8489
test_result:cache_percentage=0.0800
test_result:cache_hit_rate=1.0000
test_result:epoch_time:total=1.5902
test_result:run_time=7.8717

